19:59:30.043 [main                     ] DEBUG GameApplication      - Logger initialized
19:59:30.064 [main                     ] DEBUG GameApplication      - Logging settings
Title: FriendMaker2077
Version: 0.1
Width: 640
Height: 640
Fullscreen: false
Intro: false
Menus: false
Profiling: false
Single step:false
App Mode: DEVELOPER
Menu Key: ESCAPE
Stage Style: DECORATED
Scene Factory: class ui.MenuFactory

19:59:30.450 [JavaFX Application Thread] DEBUG GameApplication      - Initializing FXGL
19:59:30.486 [JavaFX Application Thread] INFO  Engine               - FXGL-11.8 (08.03.2020 09.25) on MAC (J:13.0.2 FX:13.0.2)
19:59:30.487 [JavaFX Application Thread] INFO  Engine               - Source code and latest versions at: https://github.com/AlmasB/FXGL
19:59:30.488 [JavaFX Application Thread] INFO  Engine               -              Join the FXGL chat at: https://gitter.im/AlmasB/FXGL
19:59:30.683 [JavaFX Application Thread] DEBUG MainWindow           - Creating a JavaFX scene
19:59:30.783 [JavaFX Application Thread] DEBUG MainWindow           - Target settings size: 640.0 x 640.0
19:59:30.783 [JavaFX Application Thread] DEBUG MainWindow           - Scaled scene size:    640.0 x 640.0
19:59:30.784 [JavaFX Application Thread] DEBUG MainWindow           - Scaled ratio: (1.0, 1.0)
19:59:30.786 [JavaFX Application Thread] DEBUG MainWindow           - Set initial scene to FXGLStartupScene
19:59:30.799 [JavaFX Application Thread] DEBUG MainWindow           - Opening main window
19:59:30.916 [JavaFX Application Thread] DEBUG MainWindow           - Window border size: (0.0, 22.0)
19:59:30.917 [JavaFX Application Thread] DEBUG MainWindow           - Scaled size: 640.0 x 640.0
19:59:30.917 [JavaFX Application Thread] DEBUG MainWindow           - Scaled ratio: (1.0, 1.0)
19:59:30.918 [JavaFX Application Thread] DEBUG MainWindow           - Scene size: 640.0 x 640.0
19:59:30.918 [JavaFX Application Thread] DEBUG MainWindow           - Stage size: 640.0 x 662.0
19:59:30.929 [FXGL Background Thread 1 ] DEBUG Engine               - Initializing environment variables
19:59:31.032 [FXGL Background Thread 1 ] DEBUG WindowService        - Applying CSS: fxgl_dark.css
19:59:31.035 [FXGL Background Thread 1 ] DEBUG AssetLoaderService   - Loading from file system: /assets/ui/css/fxgl_dark.css
19:59:31.159 [FXGL Background Thread 1 ] DEBUG WindowService        - Initializing application scenes
19:59:31.523 [FXGL Background Thread 1 ] DEBUG GameWorld            - Game world initialized
19:59:31.580 [FXGL Background Thread 1 ] DEBUG PhysicsWorld         - Physics world initialized: appHeight=640, physics.ppm=50.0
19:59:31.584 [FXGL Background Thread 1 ] DEBUG GameScene            - Game scene initialized: 640x640
19:59:31.593 [FXGL Background Thread 1 ] DEBUG Input                - Registered new binding: Resume - Esc
19:59:31.617 [FXGL Background Thread 1 ] DEBUG Input                - Registered new binding: Pause - Esc
19:59:31.617 [FXGL Background Thread 1 ] DEBUG WindowService        - Application scenes initialized
19:59:31.632 [FXGL Background Thread 1 ] DEBUG SystemBundleService  - Loading FXGL system data
19:59:31.636 [FXGL Background Thread 1 ] DEBUG FileSystemAccess     - Reading from: /Users/mackenziedalton/git/FriendMaker2077-07-03/system/fxgl.bundle
19:59:31.647 [FXGL Background Thread 1 ] DEBUG SystemBundleService  - Bundle FXGL: {}
19:59:31.647 [FXGL Background Thread 1 ] INFO  Engine               - FXGL initialization took: 0.708 sec
19:59:31.650 [FXGL Background Thread 1 ] DEBUG GameApplication      - Loading localizations
19:59:31.651 [FXGL Background Thread 1 ] DEBUG AssetLoaderService   - Loading from file system: /assets/properties/languages/english.properties
19:59:31.653 [FXGL Background Thread 1 ] DEBUG AssetLoaderService   - Loading from file system: /assets/properties/languages/french.properties
19:59:31.654 [FXGL Background Thread 1 ] DEBUG AssetLoaderService   - Loading from file system: /assets/properties/languages/german.properties
19:59:31.657 [FXGL Background Thread 1 ] DEBUG AssetLoaderService   - Loading from file system: /assets/properties/languages/hungarian.properties
19:59:31.659 [FXGL Background Thread 1 ] DEBUG AssetLoaderService   - Loading from file system: /assets/properties/languages/russian.properties
19:59:31.665 [FXGL Background Thread 1 ] DEBUG GameApplication      - Registering font factories with UI factory
19:59:31.665 [FXGL Background Thread 1 ] DEBUG AssetLoaderService   - Loading from file system: /assets/ui/fonts/VarelaRound-Regular.ttf
19:59:31.706 [FXGL Background Thread 1 ] DEBUG AssetLoaderService   - Loading from file system: /assets/ui/fonts/Abel-Regular.ttf
19:59:31.710 [FXGL Background Thread 1 ] DEBUG AssetLoaderService   - Loading from file system: /assets/ui/fonts/lucida_console.ttf
19:59:31.715 [FXGL Background Thread 1 ] DEBUG AssetLoaderService   - Loading from file system: /assets/ui/fonts/Courier-Prime.ttf
19:59:31.723 [JavaFX Application Thread] DEBUG Input                - Registered new binding: Move Right - D
19:59:31.723 [JavaFX Application Thread] DEBUG Input                - Registered new binding: Move Left - A
19:59:31.724 [JavaFX Application Thread] DEBUG Input                - Registered new binding: Move Up - W
19:59:31.724 [JavaFX Application Thread] DEBUG Input                - Registered new binding: Move Down - S
19:59:31.724 [JavaFX Application Thread] DEBUG Input                - Registered new binding: Play Sound - F
19:59:31.725 [JavaFX Application Thread] DEBUG AssetLoaderService   - Loading from file system: /assets/textures/fxgl_icon.png
19:59:31.807 [JavaFX Application Thread] DEBUG AssetLoaderService   - Loading from file system: /assets/ui/cursors/fxgl_default.png
19:59:31.813 [JavaFX Application Thread] DEBUG Input                - Registered new binding: Screenshot - P
19:59:31.814 [JavaFX Application Thread] DEBUG Input                - Registered new binding: System info dump - CTRL+9
19:59:31.815 [JavaFX Application Thread] DEBUG Input                - Registered new binding: Restart - CTRL+R
19:59:31.817 [JavaFX Application Thread] DEBUG LoopRunner           - Starting loop
19:59:31.846 [JavaFX Application Thread] DEBUG FXGLStartupScene     - STARTUP
19:59:31.846 [JavaFX Application Thread] DEBUG WindowService        - Starting new game
19:59:31.849 [JavaFX Application Thread] DEBUG Input                - Clearing active input actions
19:59:31.864 [JavaFX Application Thread] DEBUG WindowService        - Removing overlay from FXGLStartupScene and adding to FXGLLoadingScene
19:59:31.864 [JavaFX Application Thread] DEBUG MainWindow           - FXGLStartupScene -> FXGLLoadingScene
19:59:31.864 [JavaFX Application Thread] DEBUG WindowService        - Clearing previous game
19:59:31.865 [JavaFX Application Thread] DEBUG GameScene            - Clearing game scene
19:59:31.865 [JavaFX Application Thread] DEBUG GameWorld            - Clearing game world
19:59:31.865 [JavaFX Application Thread] DEBUG PhysicsWorld         - Clearing physics world
19:59:31.869 [FXGL Background Thread 1 ] DEBUG GameApplication      - Initializing game
19:59:31.882 [FXGL Background Thread 1 ] DEBUG AssetLoaderService   - Loading from file system: /assets/textures/EmptyMap.png
19:59:32.357 [FXGL Background Thread 1 ] DEBUG AssetLoaderService   - Loading from file system: /assets/sounds/soundtrack.wav
19:59:32.516 [FXGL Background Thread 1 ] DEBUG AssetLoaderService   - Loading from file system: /assets/textures/CharacterSprite.png
19:59:32.520 [FXGL Background Thread 1 ] DEBUG AssetLoaderService   - Loading from cache: /assets/textures/CharacterSprite.png
19:59:32.521 [FXGL Background Thread 1 ] DEBUG AssetLoaderService   - Loading from cache: /assets/textures/CharacterSprite.png
19:59:32.521 [FXGL Background Thread 1 ] DEBUG AssetLoaderService   - Loading from cache: /assets/textures/CharacterSprite.png
19:59:32.521 [FXGL Background Thread 1 ] DEBUG AssetLoaderService   - Loading from cache: /assets/textures/CharacterSprite.png
19:59:32.522 [FXGL Background Thread 1 ] DEBUG AssetLoaderService   - Loading from cache: /assets/textures/CharacterSprite.png
19:59:32.531 [FXGL Background Thread 1 ] DEBUG AssetLoaderService   - Loading from file system: /assets/textures/bbox.png
19:59:32.546 [FXGL Background Thread 1 ] DEBUG AssetLoaderService   - Loading from file system: /assets/textures/froggysprite.png
19:59:32.549 [FXGL Background Thread 1 ] DEBUG AssetLoaderService   - Loading from cache: /assets/textures/froggysprite.png
19:59:32.550 [FXGL Background Thread 1 ] DEBUG AssetLoaderService   - Loading from cache: /assets/textures/froggysprite.png
19:59:32.551 [FXGL Background Thread 1 ] DEBUG AssetLoaderService   - Loading from cache: /assets/textures/bbox.png
19:59:32.553 [FXGL Background Thread 1 ] DEBUG AssetLoaderService   - Loading from file system: /assets/textures/lighthouse.png
19:59:32.559 [FXGL Background Thread 1 ] DEBUG AssetLoaderService   - Loading from file system: /assets/textures/bush.png
19:59:32.563 [FXGL Background Thread 1 ] DEBUG AssetLoaderService   - Loading from cache: /assets/textures/bush.png
19:59:32.566 [FXGL Background Thread 1 ] DEBUG AssetLoaderService   - Loading from file system: /assets/textures/rock.png
19:59:32.569 [FXGL Background Thread 1 ] DEBUG AssetLoaderService   - Loading from cache: /assets/textures/rock.png
19:59:32.579 [FXGL Background Thread 1 ] DEBUG AssetLoaderService   - Loading from file system: /assets/textures/greenhouse.png
19:59:32.585 [FXGL Background Thread 1 ] DEBUG AssetLoaderService   - Loading from file system: /assets/textures/tree.png
19:59:32.588 [FXGL Background Thread 1 ] DEBUG AssetLoaderService   - Loading from cache: /assets/textures/bush.png
19:59:32.590 [FXGL Background Thread 1 ] DEBUG AssetLoaderService   - Loading from cache: /assets/textures/tree.png
19:59:32.591 [FXGL Background Thread 1 ] DEBUG AssetLoaderService   - Loading from cache: /assets/textures/bush.png
19:59:32.593 [FXGL Background Thread 1 ] DEBUG AssetLoaderService   - Loading from file system: /assets/textures/appletree.png
19:59:32.595 [FXGL Background Thread 1 ] DEBUG AssetLoaderService   - Loading from cache: /assets/textures/bush.png
19:59:32.597 [FXGL Background Thread 1 ] DEBUG AssetLoaderService   - Loading from cache: /assets/textures/tree.png
19:59:32.598 [FXGL Background Thread 1 ] DEBUG AssetLoaderService   - Loading from cache: /assets/textures/bush.png
19:59:32.600 [FXGL Background Thread 1 ] DEBUG AssetLoaderService   - Loading from cache: /assets/textures/appletree.png
19:59:32.601 [FXGL Background Thread 1 ] DEBUG AssetLoaderService   - Loading from cache: /assets/textures/bush.png
19:59:32.602 [FXGL Background Thread 1 ] DEBUG AssetLoaderService   - Loading from cache: /assets/textures/appletree.png
19:59:32.603 [FXGL Background Thread 1 ] DEBUG AssetLoaderService   - Loading from cache: /assets/textures/bush.png
19:59:32.604 [FXGL Background Thread 1 ] DEBUG AssetLoaderService   - Loading from cache: /assets/textures/tree.png
19:59:32.605 [FXGL Background Thread 1 ] DEBUG AssetLoaderService   - Loading from cache: /assets/textures/bush.png
19:59:32.606 [FXGL Background Thread 1 ] DEBUG AssetLoaderService   - Loading from cache: /assets/textures/tree.png
19:59:32.609 [FXGL Background Thread 1 ] DEBUG AssetLoaderService   - Loading from cache: /assets/textures/bush.png
19:59:32.610 [FXGL Background Thread 1 ] DEBUG AssetLoaderService   - Loading from cache: /assets/textures/tree.png
19:59:32.611 [FXGL Background Thread 1 ] DEBUG AssetLoaderService   - Loading from cache: /assets/textures/bush.png
19:59:32.612 [FXGL Background Thread 1 ] DEBUG AssetLoaderService   - Loading from cache: /assets/textures/bush.png
19:59:32.613 [FXGL Background Thread 1 ] DEBUG AssetLoaderService   - Loading from cache: /assets/textures/tree.png
19:59:32.614 [FXGL Background Thread 1 ] DEBUG AssetLoaderService   - Loading from cache: /assets/textures/tree.png
19:59:32.616 [FXGL Background Thread 1 ] DEBUG AssetLoaderService   - Loading from cache: /assets/textures/tree.png
19:59:32.618 [FXGL Background Thread 1 ] DEBUG AssetLoaderService   - Loading from cache: /assets/textures/bush.png
19:59:32.619 [FXGL Background Thread 1 ] DEBUG AssetLoaderService   - Loading from cache: /assets/textures/tree.png
19:59:32.620 [FXGL Background Thread 1 ] DEBUG AssetLoaderService   - Loading from cache: /assets/textures/bush.png
19:59:32.621 [FXGL Background Thread 1 ] DEBUG AssetLoaderService   - Loading from cache: /assets/textures/appletree.png
19:59:32.622 [FXGL Background Thread 1 ] DEBUG AssetLoaderService   - Loading from cache: /assets/textures/bush.png
19:59:32.624 [FXGL Background Thread 1 ] DEBUG AssetLoaderService   - Loading from cache: /assets/textures/tree.png
19:59:32.626 [FXGL Background Thread 1 ] DEBUG AssetLoaderService   - Loading from cache: /assets/textures/bush.png
19:59:32.628 [FXGL Background Thread 1 ] DEBUG AssetLoaderService   - Loading from cache: /assets/textures/appletree.png
19:59:32.629 [FXGL Background Thread 1 ] DEBUG AssetLoaderService   - Loading from cache: /assets/textures/bush.png
19:59:32.630 [FXGL Background Thread 1 ] DEBUG AssetLoaderService   - Loading from cache: /assets/textures/appletree.png
19:59:32.631 [FXGL Background Thread 1 ] DEBUG AssetLoaderService   - Loading from file system: /assets/textures/bluehouse.png
19:59:32.634 [FXGL Background Thread 1 ] DEBUG AssetLoaderService   - Loading from cache: /assets/textures/appletree.png
19:59:32.635 [FXGL Background Thread 1 ] DEBUG AssetLoaderService   - Loading from file system: /assets/textures/redhouse.png
19:59:32.637 [FXGL Background Thread 1 ] DEBUG AssetLoaderService   - Loading from cache: /assets/textures/appletree.png
19:59:32.638 [FXGL Background Thread 1 ] DEBUG AssetLoaderService   - Loading from cache: /assets/textures/redhouse.png
19:59:32.640 [FXGL Background Thread 1 ] DEBUG AssetLoaderService   - Loading from cache: /assets/textures/appletree.png
19:59:32.642 [FXGL Background Thread 1 ] DEBUG AssetLoaderService   - Loading from cache: /assets/textures/bluehouse.png
19:59:32.643 [FXGL Background Thread 1 ] DEBUG AssetLoaderService   - Loading from cache: /assets/textures/appletree.png
19:59:32.645 [FXGL Background Thread 1 ] INFO  GameApplication      - Game initialization took: 0.776 sec
19:59:32.646 [JavaFX Application Thread] DEBUG Input                - Clearing active input actions
19:59:32.686 [JavaFX Application Thread] DEBUG WindowService        - Removing overlay from FXGLLoadingScene and adding to GameScene
19:59:32.686 [JavaFX Application Thread] DEBUG MainWindow           - FXGLLoadingScene -> GameScene
19:59:34.651 [FXGL Background Thread 2 ] DEBUG Engine               - Logging environment variables
19:59:34.651 [FXGL Background Thread 2 ] DEBUG Engine               - achievements: []
19:59:34.651 [FXGL Background Thread 2 ] DEBUG Engine               - language: ObjectProperty [value: ENGLISH]
19:59:34.651 [FXGL Background Thread 2 ] DEBUG Engine               - isCloseConfirmation: false
19:59:34.651 [FXGL Background Thread 2 ] DEBUG Engine               - isProfilingEnabled: false
19:59:34.651 [FXGL Background Thread 2 ] DEBUG Engine               - soundNotification: core/notification.wav
19:59:34.652 [FXGL Background Thread 2 ] DEBUG Engine               - devShowBBoxProperty: BooleanProperty [value: false]
19:59:34.652 [FXGL Background Thread 2 ] DEBUG Engine               - pixelsPerMeter: 50.0
19:59:34.652 [FXGL Background Thread 2 ] DEBUG Engine               - appIcon: fxgl_icon.png
19:59:34.652 [FXGL Background Thread 2 ] DEBUG Engine               - soundMenuBack: menu/back.wav
19:59:34.652 [FXGL Background Thread 2 ] DEBUG Engine               - isFullScreenAllowed: false
19:59:34.652 [FXGL Background Thread 2 ] DEBUG Engine               - isIntroEnabled: false
19:59:34.652 [FXGL Background Thread 2 ] DEBUG Engine               - fontMono: lucida_console.ttf
19:59:34.652 [FXGL Background Thread 2 ] DEBUG Engine               - soundMenuSelect: menu/select.wav
19:59:34.652 [FXGL Background Thread 2 ] DEBUG Engine               - isWindows: false
19:59:34.652 [FXGL Background Thread 2 ] DEBUG Engine               - isMobile: false
19:59:34.652 [FXGL Background Thread 2 ] DEBUG Engine               - isUserProfileEnabled: false
19:59:34.653 [FXGL Background Thread 2 ] DEBUG Engine               - height: 640
19:59:34.653 [FXGL Background Thread 2 ] DEBUG Engine               - isExperimentalNative: false
19:59:34.653 [FXGL Background Thread 2 ] DEBUG Engine               - settings: Title: FriendMaker2077
Version: 0.1
Width: 640
Height: 640
Fullscreen: false
Intro: false
Menus: false
Profiling: false
Single step:false
App Mode: DEVELOPER
Menu Key: ESCAPE
Stage Style: DECORATED
Scene Factory: class ui.MenuFactory

19:59:34.653 [FXGL Background Thread 2 ] DEBUG Engine               - isSingleStep: false
19:59:34.653 [FXGL Background Thread 2 ] DEBUG Engine               - cSSList: [fxgl_dark.css]
19:59:34.653 [FXGL Background Thread 2 ] DEBUG Engine               - fontGame: Abel-Regular.ttf
19:59:34.653 [FXGL Background Thread 2 ] DEBUG Engine               - menuKey: ESCAPE
19:59:34.653 [FXGL Background Thread 2 ] DEBUG Engine               - devShowPositionProperty: BooleanProperty [value: false]
19:59:34.653 [FXGL Background Thread 2 ] DEBUG Engine               - versionCheckDays: 7
19:59:34.653 [FXGL Background Thread 2 ] DEBUG Engine               - configClass: Optional.empty
19:59:34.653 [FXGL Background Thread 2 ] DEBUG Engine               - isFullScreenFromStart: false
19:59:34.654 [FXGL Background Thread 2 ] DEBUG Engine               - version: 0.1
19:59:34.654 [FXGL Background Thread 2 ] DEBUG Engine               - fullScreen: BooleanProperty [value: false]
19:59:34.654 [FXGL Background Thread 2 ] DEBUG Engine               - randomSeed: -1
19:59:34.654 [FXGL Background Thread 2 ] DEBUG Engine               - gameDifficultyProperty: ObjectProperty [value: MEDIUM]
19:59:34.654 [FXGL Background Thread 2 ] DEBUG Engine               - applicationMode: DEVELOPER
19:59:34.654 [FXGL Background Thread 2 ] DEBUG Engine               - isMac: true
19:59:34.654 [FXGL Background Thread 2 ] DEBUG Engine               - isMenuEnabled: false
19:59:34.654 [FXGL Background Thread 2 ] DEBUG Engine               - urlPOM: https://raw.githubusercontent.com/AlmasB/FXGL/master/pom.xml
19:59:34.654 [FXGL Background Thread 2 ] DEBUG Engine               - profileName: StringProperty [value: DEFAULT]
19:59:34.655 [FXGL Background Thread 2 ] DEBUG Engine               - devSensorColorProperty: ObjectProperty [value: 0xffff00ff]
19:59:34.655 [FXGL Background Thread 2 ] DEBUG Engine               - notificationViewClass: class com.almasb.fxgl.notification.view.XboxNotificationView
19:59:34.655 [FXGL Background Thread 2 ] DEBUG Engine               - sceneFactory: ui.MenuFactory@323dfe98
19:59:34.655 [FXGL Background Thread 2 ] DEBUG Engine               - stageStyle: DECORATED
19:59:34.655 [FXGL Background Thread 2 ] DEBUG Engine               - isManualResizeEnabled: false
19:59:34.655 [FXGL Background Thread 2 ] DEBUG Engine               - title: FriendMaker2077
19:59:34.655 [FXGL Background Thread 2 ] DEBUG Engine               - platform: MAC
19:59:34.655 [FXGL Background Thread 2 ] DEBUG Engine               - devBBoxColorProperty: ObjectProperty [value: 0xff0000ff]
19:59:34.655 [FXGL Background Thread 2 ] DEBUG Engine               - gameDifficulty: MEDIUM
19:59:34.655 [FXGL Background Thread 2 ] DEBUG Engine               - isDesktop: true
19:59:34.656 [FXGL Background Thread 2 ] DEBUG Engine               - supportedLanguages: [ENGLISH, FRENCH, GERMAN, HUNGARIAN, RUSSIAN]
19:59:34.656 [FXGL Background Thread 2 ] DEBUG Engine               - globalMusicVolumeProperty: DoubleProperty [value: 0.5]
19:59:34.656 [FXGL Background Thread 2 ] DEBUG Engine               - credits: []
19:59:34.656 [FXGL Background Thread 2 ] DEBUG Engine               - isPreserveResizeRatio: false
19:59:34.656 [FXGL Background Thread 2 ] DEBUG Engine               - fontText: Courier-Prime.ttf
19:59:34.656 [FXGL Background Thread 2 ] DEBUG Engine               - isExperimentalTiledLargeMap: false
19:59:34.656 [FXGL Background Thread 2 ] DEBUG Engine               - secondsIn24h: 60
19:59:34.657 [FXGL Background Thread 2 ] DEBUG Engine               - runtimeInfo: RuntimeInfo(platform=MAC, version=11.8, build=08.03.2020 09.25)
19:59:34.657 [FXGL Background Thread 2 ] DEBUG Engine               - urlGithub: https://github.com/AlmasB/FXGL
19:59:34.657 [FXGL Background Thread 2 ] DEBUG Engine               - isLinux: false
19:59:34.657 [FXGL Background Thread 2 ] DEBUG Engine               - soundMenuPress: menu/press.wav
19:59:34.657 [FXGL Background Thread 2 ] DEBUG Engine               - profileDir: profiles/
19:59:34.657 [FXGL Background Thread 2 ] DEBUG Engine               - globalSoundVolumeProperty: DoubleProperty [value: 0.5]
19:59:34.657 [FXGL Background Thread 2 ] DEBUG Engine               - isDeveloperMenuEnabled: false
19:59:34.657 [FXGL Background Thread 2 ] DEBUG Engine               - mainWindow: com.almasb.fxgl.app.MainWindow@36027c07
19:59:34.658 [FXGL Background Thread 2 ] DEBUG Engine               - urlLeaderboard: http://fxgl-top.herokuapp.com/
19:59:34.658 [FXGL Background Thread 2 ] DEBUG Engine               - globalSoundVolume: 0.5
19:59:34.658 [FXGL Background Thread 2 ] DEBUG Engine               - isBrowser: false
19:59:34.658 [FXGL Background Thread 2 ] DEBUG Engine               - engineServices: [class com.almasb.fxgl.app.GameApplication$GameApplicationService, class com.almasb.fxgl.app.services.WindowService, class com.almasb.fxgl.app.services.FXGLDialogService, class com.almasb.fxgl.app.services.IOTaskExecutorService, class com.almasb.fxgl.event.EventBusService, class com.almasb.fxgl.io.FileSystemService, class com.almasb.fxgl.localization.LocalizationService, class com.almasb.fxgl.app.services.AssetLoaderService, class com.almasb.fxgl.app.services.SystemBundleService, class com.almasb.fxgl.profile.SaveLoadService, class com.almasb.fxgl.ui.FXGLUIFactoryServiceProvider, class com.almasb.fxgl.ui.FXGLDialogFactoryServiceProvider, class com.almasb.fxgl.audio.AudioPlayer, class com.almasb.fxgl.notification.impl.NotificationServiceProvider, class com.almasb.fxgl.achievement.AchievementService, class com.almasb.fxgl.cutscene.CutsceneService, class com.almasb.fxgl.minigames.MiniGameService, class com.almasb.fxgl.net.NetService, class com.almasb.fxgl.app.services.UpdaterService]
19:59:34.658 [FXGL Background Thread 2 ] DEBUG Engine               - globalMusicVolume: 0.5
19:59:34.659 [FXGL Background Thread 2 ] DEBUG Engine               - width: 640
19:59:34.659 [FXGL Background Thread 2 ] DEBUG Engine               - saveFileExt: sav
19:59:34.659 [FXGL Background Thread 2 ] DEBUG Engine               - isAndroid: false
19:59:34.660 [FXGL Background Thread 2 ] DEBUG Engine               - fontUI: VarelaRound-Regular.ttf
19:59:34.660 [FXGL Background Thread 2 ] DEBUG Engine               - isIOS: false
19:59:34.660 [FXGL Background Thread 2 ] DEBUG Engine               - enabledMenuItems: []
19:59:34.660 [FXGL Background Thread 2 ] DEBUG Engine               - Logging services
19:59:34.660 [FXGL Background Thread 2 ] DEBUG Engine               - class com.almasb.fxgl.app.GameApplication$GameApplicationService
19:59:34.660 [FXGL Background Thread 2 ] DEBUG Engine               - class com.almasb.fxgl.app.services.WindowService
19:59:34.660 [FXGL Background Thread 2 ] DEBUG Engine               - class com.almasb.fxgl.app.services.FXGLDialogService
19:59:34.660 [FXGL Background Thread 2 ] DEBUG Engine               - class com.almasb.fxgl.app.services.IOTaskExecutorService
19:59:34.661 [FXGL Background Thread 2 ] DEBUG Engine               - class com.almasb.fxgl.event.EventBusService
19:59:34.661 [FXGL Background Thread 2 ] DEBUG Engine               - class com.almasb.fxgl.io.FileSystemService
19:59:34.661 [FXGL Background Thread 2 ] DEBUG Engine               - class com.almasb.fxgl.localization.LocalizationService
19:59:34.661 [FXGL Background Thread 2 ] DEBUG Engine               - class com.almasb.fxgl.app.services.AssetLoaderService
19:59:34.661 [FXGL Background Thread 2 ] DEBUG Engine               - class com.almasb.fxgl.app.services.SystemBundleService
19:59:34.661 [FXGL Background Thread 2 ] DEBUG Engine               - class com.almasb.fxgl.profile.SaveLoadService
19:59:34.661 [FXGL Background Thread 2 ] DEBUG Engine               - class com.almasb.fxgl.ui.FXGLUIFactoryServiceProvider
19:59:34.661 [FXGL Background Thread 2 ] DEBUG Engine               - class com.almasb.fxgl.ui.FXGLDialogFactoryServiceProvider
19:59:34.661 [FXGL Background Thread 2 ] DEBUG Engine               - class com.almasb.fxgl.audio.AudioPlayer
19:59:34.662 [FXGL Background Thread 2 ] DEBUG Engine               - class com.almasb.fxgl.notification.impl.NotificationServiceProvider
19:59:34.662 [FXGL Background Thread 2 ] DEBUG Engine               - class com.almasb.fxgl.achievement.AchievementService
19:59:34.662 [FXGL Background Thread 2 ] DEBUG Engine               - class com.almasb.fxgl.cutscene.CutsceneService
19:59:34.662 [FXGL Background Thread 2 ] DEBUG Engine               - class com.almasb.fxgl.minigames.MiniGameService
19:59:34.662 [FXGL Background Thread 2 ] DEBUG Engine               - class com.almasb.fxgl.net.NetService
19:59:34.662 [FXGL Background Thread 2 ] DEBUG Engine               - class com.almasb.fxgl.app.services.UpdaterService
19:59:37.123 [JavaFX Application Thread] DEBUG AssetLoaderService   - Loading from file system: /assets/sounds/bump.wav
19:59:42.857 [JavaFX Application Thread] DEBUG AssetLoaderService   - Loading from cache: /assets/sounds/bump.wav
19:59:44.457 [JavaFX Application Thread] DEBUG AssetLoaderService   - Loading from cache: /assets/sounds/bump.wav
19:59:45.774 [JavaFX Application Thread] DEBUG AssetLoaderService   - Loading from cache: /assets/sounds/bump.wav
19:59:47.257 [JavaFX Application Thread] DEBUG AssetLoaderService   - Loading from cache: /assets/sounds/bump.wav
19:59:49.390 [JavaFX Application Thread] DEBUG AssetLoaderService   - Loading from cache: /assets/sounds/bump.wav
19:59:50.673 [JavaFX Application Thread] DEBUG AssetLoaderService   - Loading from cache: /assets/sounds/bump.wav
19:59:52.207 [JavaFX Application Thread] DEBUG AssetLoaderService   - Loading from cache: /assets/sounds/bump.wav
19:59:52.241 [JavaFX Application Thread] DEBUG AssetLoaderService   - Loading from cache: /assets/sounds/bump.wav
19:59:53.373 [JavaFX Application Thread] DEBUG AssetLoaderService   - Loading from cache: /assets/sounds/bump.wav
19:59:54.541 [JavaFX Application Thread] DEBUG AssetLoaderService   - Loading from cache: /assets/sounds/bump.wav
19:59:55.990 [JavaFX Application Thread] DEBUG AssetLoaderService   - Loading from cache: /assets/sounds/bump.wav
19:59:57.423 [JavaFX Application Thread] DEBUG AssetLoaderService   - Loading from cache: /assets/sounds/bump.wav
19:59:58.341 [JavaFX Application Thread] DEBUG AssetLoaderService   - Loading from cache: /assets/sounds/bump.wav
19:59:58.974 [JavaFX Application Thread] DEBUG AssetLoaderService   - Loading from cache: /assets/sounds/bump.wav
20:00:00.357 [JavaFX Application Thread] DEBUG AssetLoaderService   - Loading from cache: /assets/sounds/bump.wav
20:00:00.923 [JavaFX Application Thread] DEBUG AssetLoaderService   - Loading from cache: /assets/sounds/bump.wav
20:00:02.708 [JavaFX Application Thread] DEBUG AssetLoaderService   - Loading from cache: /assets/sounds/bump.wav
20:00:06.324 [JavaFX Application Thread] DEBUG AssetLoaderService   - Loading from cache: /assets/sounds/bump.wav
20:00:07.123 [JavaFX Application Thread] DEBUG AssetLoaderService   - Loading from cache: /assets/sounds/bump.wav
20:00:07.857 [JavaFX Application Thread] DEBUG AssetLoaderService   - Loading from cache: /assets/sounds/bump.wav
20:00:08.874 [JavaFX Application Thread] DEBUG AssetLoaderService   - Loading from cache: /assets/sounds/bump.wav
20:00:09.690 [JavaFX Application Thread] DEBUG AssetLoaderService   - Loading from cache: /assets/sounds/bump.wav
20:00:10.941 [JavaFX Application Thread] DEBUG AssetLoaderService   - Loading from cache: /assets/sounds/bump.wav
20:00:11.507 [JavaFX Application Thread] DEBUG AssetLoaderService   - Loading from cache: /assets/sounds/bump.wav
20:00:12.557 [JavaFX Application Thread] DEBUG AssetLoaderService   - Loading from cache: /assets/sounds/bump.wav
20:00:13.124 [JavaFX Application Thread] DEBUG AssetLoaderService   - Loading from cache: /assets/sounds/bump.wav
20:00:14.175 [JavaFX Application Thread] DEBUG AssetLoaderService   - Loading from cache: /assets/sounds/bump.wav
20:00:14.791 [JavaFX Application Thread] DEBUG AssetLoaderService   - Loading from cache: /assets/sounds/bump.wav
20:00:15.758 [JavaFX Application Thread] DEBUG AssetLoaderService   - Loading from cache: /assets/sounds/bump.wav
20:00:16.424 [JavaFX Application Thread] DEBUG AssetLoaderService   - Loading from cache: /assets/sounds/bump.wav
20:00:17.324 [JavaFX Application Thread] DEBUG AssetLoaderService   - Loading from cache: /assets/sounds/bump.wav
20:00:18.191 [JavaFX Application Thread] DEBUG AssetLoaderService   - Loading from cache: /assets/sounds/bump.wav
20:00:19.158 [JavaFX Application Thread] DEBUG AssetLoaderService   - Loading from cache: /assets/sounds/bump.wav
20:00:19.707 [JavaFX Application Thread] DEBUG AssetLoaderService   - Loading from cache: /assets/sounds/bump.wav
20:00:20.708 [JavaFX Application Thread] DEBUG AssetLoaderService   - Loading from cache: /assets/sounds/bump.wav
20:00:28.075 [JavaFX Application Thread] DEBUG AssetLoaderService   - Loading from cache: /assets/sounds/bump.wav
20:20:46.955 [JavaFX Application Thread] DEBUG AssetLoaderService   - Loading from cache: /assets/sounds/bump.wav
20:20:49.903 [JavaFX Application Thread] DEBUG AssetLoaderService   - Loading from cache: /assets/sounds/bump.wav
20:20:49.936 [JavaFX Application Thread] DEBUG AssetLoaderService   - Loading from cache: /assets/sounds/bump.wav
20:20:50.453 [JavaFX Application Thread] DEBUG AssetLoaderService   - Loading from cache: /assets/sounds/bump.wav
20:20:51.587 [JavaFX Application Thread] DEBUG AssetLoaderService   - Loading from cache: /assets/sounds/bump.wav
20:20:53.711 [JavaFX Application Thread] DEBUG GameApplication      - Exiting FXGL
20:20:53.711 [JavaFX Application Thread] DEBUG LoopRunner           - Stopping loop
20:20:53.712 [JavaFX Application Thread] DEBUG SystemBundleService  - Saving FXGL system data
20:20:53.714 [JavaFX Application Thread] DEBUG FileSystemAccess     - Writing to: /Users/mackenziedalton/git/FriendMaker2077-07-03/system/fxgl.bundle
20:20:53.718 [JavaFX Application Thread] DEBUG GameApplication      - Shutting down background threads
20:20:53.718 [JavaFX Application Thread] DEBUG GameApplication      - Closing logger and exiting JavaFX
