19:59:03.223 [main                     ] DEBUG GameApplication      - Logger initialized
19:59:03.247 [main                     ] DEBUG GameApplication      - Logging settings
Title: FriendMaker2077
Version: 0.1
Width: 640
Height: 640
Fullscreen: false
Intro: false
Menus: false
Profiling: false
Single step:false
App Mode: DEVELOPER
Menu Key: ESCAPE
Stage Style: DECORATED
Scene Factory: class ui.MenuFactory

19:59:03.628 [JavaFX Application Thread] DEBUG GameApplication      - Initializing FXGL
19:59:03.665 [JavaFX Application Thread] INFO  Engine               - FXGL-11.8 (08.03.2020 09.25) on MAC (J:13.0.2 FX:13.0.2)
19:59:03.665 [JavaFX Application Thread] INFO  Engine               - Source code and latest versions at: https://github.com/AlmasB/FXGL
19:59:03.666 [JavaFX Application Thread] INFO  Engine               -              Join the FXGL chat at: https://gitter.im/AlmasB/FXGL
19:59:03.869 [JavaFX Application Thread] DEBUG MainWindow           - Creating a JavaFX scene
19:59:03.961 [JavaFX Application Thread] DEBUG MainWindow           - Target settings size: 640.0 x 640.0
19:59:03.961 [JavaFX Application Thread] DEBUG MainWindow           - Scaled scene size:    640.0 x 640.0
19:59:03.962 [JavaFX Application Thread] DEBUG MainWindow           - Scaled ratio: (1.0, 1.0)
19:59:03.965 [JavaFX Application Thread] DEBUG MainWindow           - Set initial scene to FXGLStartupScene
19:59:03.977 [JavaFX Application Thread] DEBUG MainWindow           - Opening main window
19:59:04.087 [JavaFX Application Thread] DEBUG MainWindow           - Window border size: (0.0, 22.0)
19:59:04.087 [JavaFX Application Thread] DEBUG MainWindow           - Scaled size: 640.0 x 640.0
19:59:04.088 [JavaFX Application Thread] DEBUG MainWindow           - Scaled ratio: (1.0, 1.0)
19:59:04.088 [JavaFX Application Thread] DEBUG MainWindow           - Scene size: 640.0 x 640.0
19:59:04.089 [JavaFX Application Thread] DEBUG MainWindow           - Stage size: 640.0 x 662.0
19:59:04.100 [FXGL Background Thread 1 ] DEBUG Engine               - Initializing environment variables
19:59:04.217 [FXGL Background Thread 1 ] DEBUG WindowService        - Applying CSS: fxgl_dark.css
19:59:04.219 [FXGL Background Thread 1 ] DEBUG AssetLoaderService   - Loading from file system: /assets/ui/css/fxgl_dark.css
19:59:04.343 [FXGL Background Thread 1 ] DEBUG WindowService        - Initializing application scenes
19:59:04.681 [FXGL Background Thread 1 ] DEBUG GameWorld            - Game world initialized
19:59:04.735 [FXGL Background Thread 1 ] DEBUG PhysicsWorld         - Physics world initialized: appHeight=640, physics.ppm=50.0
19:59:04.737 [FXGL Background Thread 1 ] DEBUG GameScene            - Game scene initialized: 640x640
19:59:04.746 [FXGL Background Thread 1 ] DEBUG Input                - Registered new binding: Resume - Esc
19:59:04.769 [FXGL Background Thread 1 ] DEBUG Input                - Registered new binding: Pause - Esc
19:59:04.769 [FXGL Background Thread 1 ] DEBUG WindowService        - Application scenes initialized
19:59:04.784 [FXGL Background Thread 1 ] DEBUG SystemBundleService  - Loading FXGL system data
19:59:04.790 [FXGL Background Thread 1 ] DEBUG FileSystemAccess     - Reading from: /Users/mackenziedalton/git/FriendMaker2077-07-03/system/fxgl.bundle
19:59:04.802 [FXGL Background Thread 1 ] DEBUG SystemBundleService  - Bundle FXGL: {}
19:59:04.803 [FXGL Background Thread 1 ] INFO  Engine               - FXGL initialization took: 0.695 sec
19:59:04.805 [FXGL Background Thread 1 ] DEBUG GameApplication      - Loading localizations
19:59:04.807 [FXGL Background Thread 1 ] DEBUG AssetLoaderService   - Loading from file system: /assets/properties/languages/english.properties
19:59:04.809 [FXGL Background Thread 1 ] DEBUG AssetLoaderService   - Loading from file system: /assets/properties/languages/french.properties
19:59:04.811 [FXGL Background Thread 1 ] DEBUG AssetLoaderService   - Loading from file system: /assets/properties/languages/german.properties
19:59:04.812 [FXGL Background Thread 1 ] DEBUG AssetLoaderService   - Loading from file system: /assets/properties/languages/hungarian.properties
19:59:04.814 [FXGL Background Thread 1 ] DEBUG AssetLoaderService   - Loading from file system: /assets/properties/languages/russian.properties
19:59:04.816 [FXGL Background Thread 1 ] DEBUG GameApplication      - Registering font factories with UI factory
19:59:04.816 [FXGL Background Thread 1 ] DEBUG AssetLoaderService   - Loading from file system: /assets/ui/fonts/VarelaRound-Regular.ttf
19:59:04.850 [FXGL Background Thread 1 ] DEBUG AssetLoaderService   - Loading from file system: /assets/ui/fonts/Abel-Regular.ttf
19:59:04.854 [FXGL Background Thread 1 ] DEBUG AssetLoaderService   - Loading from file system: /assets/ui/fonts/lucida_console.ttf
19:59:04.859 [FXGL Background Thread 1 ] DEBUG AssetLoaderService   - Loading from file system: /assets/ui/fonts/Courier-Prime.ttf
19:59:04.866 [JavaFX Application Thread] DEBUG Input                - Registered new binding: Move Right - D
19:59:04.867 [JavaFX Application Thread] DEBUG Input                - Registered new binding: Move Left - A
19:59:04.867 [JavaFX Application Thread] DEBUG Input                - Registered new binding: Move Up - W
19:59:04.867 [JavaFX Application Thread] DEBUG Input                - Registered new binding: Move Down - S
19:59:04.868 [JavaFX Application Thread] DEBUG Input                - Registered new binding: Play Sound - F
19:59:04.868 [JavaFX Application Thread] DEBUG AssetLoaderService   - Loading from file system: /assets/textures/fxgl_icon.png
19:59:04.948 [JavaFX Application Thread] DEBUG AssetLoaderService   - Loading from file system: /assets/ui/cursors/fxgl_default.png
19:59:04.951 [JavaFX Application Thread] DEBUG Input                - Registered new binding: Screenshot - P
19:59:04.952 [JavaFX Application Thread] DEBUG Input                - Registered new binding: System info dump - CTRL+9
19:59:04.953 [JavaFX Application Thread] DEBUG Input                - Registered new binding: Restart - CTRL+R
19:59:04.954 [JavaFX Application Thread] DEBUG LoopRunner           - Starting loop
19:59:04.979 [JavaFX Application Thread] DEBUG FXGLStartupScene     - STARTUP
19:59:04.979 [JavaFX Application Thread] DEBUG WindowService        - Starting new game
19:59:04.982 [JavaFX Application Thread] DEBUG Input                - Clearing active input actions
19:59:04.994 [JavaFX Application Thread] DEBUG WindowService        - Removing overlay from FXGLStartupScene and adding to FXGLLoadingScene
19:59:04.995 [JavaFX Application Thread] DEBUG MainWindow           - FXGLStartupScene -> FXGLLoadingScene
19:59:04.995 [JavaFX Application Thread] DEBUG WindowService        - Clearing previous game
19:59:04.995 [JavaFX Application Thread] DEBUG GameScene            - Clearing game scene
19:59:04.996 [JavaFX Application Thread] DEBUG GameWorld            - Clearing game world
19:59:04.996 [JavaFX Application Thread] DEBUG PhysicsWorld         - Clearing physics world
19:59:04.998 [FXGL Background Thread 1 ] DEBUG GameApplication      - Initializing game
19:59:05.012 [FXGL Background Thread 1 ] DEBUG AssetLoaderService   - Loading from file system: /assets/textures/EmptyMap.png
19:59:05.638 [FXGL Background Thread 1 ] DEBUG AssetLoaderService   - Loading from file system: /assets/sounds/soundtrack.wav
19:59:05.778 [FXGL Background Thread 1 ] DEBUG AssetLoaderService   - Loading from file system: /assets/textures/CharacterSprite.png
19:59:05.783 [FXGL Background Thread 1 ] DEBUG AssetLoaderService   - Loading from cache: /assets/textures/CharacterSprite.png
19:59:05.783 [FXGL Background Thread 1 ] DEBUG AssetLoaderService   - Loading from cache: /assets/textures/CharacterSprite.png
19:59:05.784 [FXGL Background Thread 1 ] DEBUG AssetLoaderService   - Loading from cache: /assets/textures/CharacterSprite.png
19:59:05.784 [FXGL Background Thread 1 ] DEBUG AssetLoaderService   - Loading from cache: /assets/textures/CharacterSprite.png
19:59:05.785 [FXGL Background Thread 1 ] DEBUG AssetLoaderService   - Loading from cache: /assets/textures/CharacterSprite.png
19:59:05.795 [FXGL Background Thread 1 ] DEBUG AssetLoaderService   - Loading from file system: /assets/textures/bbox.png
19:59:05.818 [FXGL Background Thread 1 ] DEBUG AssetLoaderService   - Loading from file system: /assets/textures/froggysprite.png
19:59:05.820 [FXGL Background Thread 1 ] DEBUG AssetLoaderService   - Loading from cache: /assets/textures/froggysprite.png
19:59:05.820 [FXGL Background Thread 1 ] DEBUG AssetLoaderService   - Loading from cache: /assets/textures/froggysprite.png
19:59:05.823 [FXGL Background Thread 1 ] DEBUG AssetLoaderService   - Loading from cache: /assets/textures/bbox.png
19:59:05.828 [FXGL Background Thread 1 ] DEBUG AssetLoaderService   - Loading from file system: /assets/textures/lighthouse.png
19:59:05.833 [FXGL Background Thread 1 ] DEBUG AssetLoaderService   - Loading from file system: /assets/textures/bush.png
19:59:05.836 [FXGL Background Thread 1 ] DEBUG AssetLoaderService   - Loading from cache: /assets/textures/bush.png
19:59:05.846 [FXGL Background Thread 1 ] DEBUG AssetLoaderService   - Loading from file system: /assets/textures/rock.png
19:59:05.855 [FXGL Background Thread 1 ] DEBUG AssetLoaderService   - Loading from cache: /assets/textures/rock.png
19:59:05.858 [FXGL Background Thread 1 ] DEBUG AssetLoaderService   - Loading from file system: /assets/textures/greenhouse.png
19:59:05.864 [FXGL Background Thread 1 ] DEBUG AssetLoaderService   - Loading from file system: /assets/textures/tree.png
19:59:05.868 [FXGL Background Thread 1 ] DEBUG AssetLoaderService   - Loading from cache: /assets/textures/bush.png
19:59:05.870 [FXGL Background Thread 1 ] DEBUG AssetLoaderService   - Loading from cache: /assets/textures/tree.png
19:59:05.871 [FXGL Background Thread 1 ] DEBUG AssetLoaderService   - Loading from cache: /assets/textures/bush.png
19:59:05.878 [FXGL Background Thread 1 ] DEBUG AssetLoaderService   - Loading from file system: /assets/textures/appletree.png
19:59:05.882 [FXGL Background Thread 1 ] DEBUG AssetLoaderService   - Loading from cache: /assets/textures/bush.png
19:59:05.885 [FXGL Background Thread 1 ] DEBUG AssetLoaderService   - Loading from cache: /assets/textures/tree.png
19:59:05.886 [FXGL Background Thread 1 ] DEBUG AssetLoaderService   - Loading from cache: /assets/textures/bush.png
19:59:05.889 [FXGL Background Thread 1 ] DEBUG AssetLoaderService   - Loading from cache: /assets/textures/appletree.png
19:59:05.891 [FXGL Background Thread 1 ] DEBUG AssetLoaderService   - Loading from cache: /assets/textures/bush.png
19:59:05.893 [FXGL Background Thread 1 ] DEBUG AssetLoaderService   - Loading from cache: /assets/textures/appletree.png
19:59:05.895 [FXGL Background Thread 1 ] DEBUG AssetLoaderService   - Loading from cache: /assets/textures/bush.png
19:59:05.896 [FXGL Background Thread 1 ] DEBUG AssetLoaderService   - Loading from cache: /assets/textures/tree.png
19:59:05.899 [FXGL Background Thread 1 ] DEBUG AssetLoaderService   - Loading from cache: /assets/textures/bush.png
19:59:05.900 [FXGL Background Thread 1 ] DEBUG AssetLoaderService   - Loading from cache: /assets/textures/tree.png
19:59:05.910 [FXGL Background Thread 1 ] DEBUG AssetLoaderService   - Loading from cache: /assets/textures/bush.png
19:59:05.915 [FXGL Background Thread 1 ] DEBUG AssetLoaderService   - Loading from cache: /assets/textures/tree.png
19:59:05.916 [FXGL Background Thread 1 ] DEBUG AssetLoaderService   - Loading from cache: /assets/textures/bush.png
19:59:05.917 [FXGL Background Thread 1 ] DEBUG AssetLoaderService   - Loading from cache: /assets/textures/bush.png
19:59:05.919 [FXGL Background Thread 1 ] DEBUG AssetLoaderService   - Loading from cache: /assets/textures/tree.png
19:59:05.920 [FXGL Background Thread 1 ] DEBUG AssetLoaderService   - Loading from cache: /assets/textures/tree.png
19:59:05.922 [FXGL Background Thread 1 ] DEBUG AssetLoaderService   - Loading from cache: /assets/textures/tree.png
19:59:05.924 [FXGL Background Thread 1 ] DEBUG AssetLoaderService   - Loading from cache: /assets/textures/bush.png
19:59:05.926 [FXGL Background Thread 1 ] DEBUG AssetLoaderService   - Loading from cache: /assets/textures/tree.png
19:59:05.929 [FXGL Background Thread 1 ] DEBUG AssetLoaderService   - Loading from cache: /assets/textures/bush.png
19:59:05.931 [FXGL Background Thread 1 ] DEBUG AssetLoaderService   - Loading from cache: /assets/textures/appletree.png
19:59:05.932 [FXGL Background Thread 1 ] DEBUG AssetLoaderService   - Loading from cache: /assets/textures/bush.png
19:59:05.933 [FXGL Background Thread 1 ] DEBUG AssetLoaderService   - Loading from cache: /assets/textures/tree.png
19:59:05.935 [FXGL Background Thread 1 ] DEBUG AssetLoaderService   - Loading from cache: /assets/textures/bush.png
19:59:05.936 [FXGL Background Thread 1 ] DEBUG AssetLoaderService   - Loading from cache: /assets/textures/appletree.png
19:59:05.937 [FXGL Background Thread 1 ] DEBUG AssetLoaderService   - Loading from cache: /assets/textures/bush.png
19:59:05.938 [FXGL Background Thread 1 ] DEBUG AssetLoaderService   - Loading from cache: /assets/textures/appletree.png
19:59:05.940 [FXGL Background Thread 1 ] DEBUG AssetLoaderService   - Loading from file system: /assets/textures/bluehouse.png
19:59:05.944 [FXGL Background Thread 1 ] DEBUG AssetLoaderService   - Loading from cache: /assets/textures/appletree.png
19:59:05.945 [FXGL Background Thread 1 ] DEBUG AssetLoaderService   - Loading from file system: /assets/textures/redhouse.png
19:59:05.947 [FXGL Background Thread 1 ] DEBUG AssetLoaderService   - Loading from cache: /assets/textures/appletree.png
19:59:05.949 [FXGL Background Thread 1 ] DEBUG AssetLoaderService   - Loading from cache: /assets/textures/redhouse.png
19:59:05.950 [FXGL Background Thread 1 ] DEBUG AssetLoaderService   - Loading from cache: /assets/textures/appletree.png
19:59:05.951 [FXGL Background Thread 1 ] DEBUG AssetLoaderService   - Loading from cache: /assets/textures/bluehouse.png
19:59:05.952 [FXGL Background Thread 1 ] DEBUG AssetLoaderService   - Loading from cache: /assets/textures/appletree.png
19:59:05.953 [FXGL Background Thread 1 ] INFO  GameApplication      - Game initialization took: 0.954 sec
19:59:05.954 [JavaFX Application Thread] DEBUG Input                - Clearing active input actions
19:59:06.001 [JavaFX Application Thread] DEBUG WindowService        - Removing overlay from FXGLLoadingScene and adding to GameScene
19:59:06.002 [JavaFX Application Thread] DEBUG MainWindow           - FXGLLoadingScene -> GameScene
19:59:07.805 [FXGL Background Thread 2 ] DEBUG Engine               - Logging environment variables
19:59:07.805 [FXGL Background Thread 2 ] DEBUG Engine               - achievements: []
19:59:07.806 [FXGL Background Thread 2 ] DEBUG Engine               - language: ObjectProperty [value: ENGLISH]
19:59:07.806 [FXGL Background Thread 2 ] DEBUG Engine               - isCloseConfirmation: false
19:59:07.806 [FXGL Background Thread 2 ] DEBUG Engine               - isProfilingEnabled: false
19:59:07.806 [FXGL Background Thread 2 ] DEBUG Engine               - soundNotification: core/notification.wav
19:59:07.806 [FXGL Background Thread 2 ] DEBUG Engine               - devShowBBoxProperty: BooleanProperty [value: false]
19:59:07.807 [FXGL Background Thread 2 ] DEBUG Engine               - pixelsPerMeter: 50.0
19:59:07.807 [FXGL Background Thread 2 ] DEBUG Engine               - appIcon: fxgl_icon.png
19:59:07.807 [FXGL Background Thread 2 ] DEBUG Engine               - soundMenuBack: menu/back.wav
19:59:07.807 [FXGL Background Thread 2 ] DEBUG Engine               - isFullScreenAllowed: false
19:59:07.808 [FXGL Background Thread 2 ] DEBUG Engine               - isIntroEnabled: false
19:59:07.808 [FXGL Background Thread 2 ] DEBUG Engine               - fontMono: lucida_console.ttf
19:59:07.808 [FXGL Background Thread 2 ] DEBUG Engine               - soundMenuSelect: menu/select.wav
19:59:07.808 [FXGL Background Thread 2 ] DEBUG Engine               - isWindows: false
19:59:07.808 [FXGL Background Thread 2 ] DEBUG Engine               - isMobile: false
19:59:07.808 [FXGL Background Thread 2 ] DEBUG Engine               - isUserProfileEnabled: false
19:59:07.809 [FXGL Background Thread 2 ] DEBUG Engine               - height: 640
19:59:07.809 [FXGL Background Thread 2 ] DEBUG Engine               - isExperimentalNative: false
19:59:07.809 [FXGL Background Thread 2 ] DEBUG Engine               - settings: Title: FriendMaker2077
Version: 0.1
Width: 640
Height: 640
Fullscreen: false
Intro: false
Menus: false
Profiling: false
Single step:false
App Mode: DEVELOPER
Menu Key: ESCAPE
Stage Style: DECORATED
Scene Factory: class ui.MenuFactory

19:59:07.809 [FXGL Background Thread 2 ] DEBUG Engine               - isSingleStep: false
19:59:07.809 [FXGL Background Thread 2 ] DEBUG Engine               - cSSList: [fxgl_dark.css]
19:59:07.809 [FXGL Background Thread 2 ] DEBUG Engine               - fontGame: Abel-Regular.ttf
19:59:07.809 [FXGL Background Thread 2 ] DEBUG Engine               - menuKey: ESCAPE
19:59:07.809 [FXGL Background Thread 2 ] DEBUG Engine               - devShowPositionProperty: BooleanProperty [value: false]
19:59:07.809 [FXGL Background Thread 2 ] DEBUG Engine               - versionCheckDays: 7
19:59:07.809 [FXGL Background Thread 2 ] DEBUG Engine               - configClass: Optional.empty
19:59:07.809 [FXGL Background Thread 2 ] DEBUG Engine               - isFullScreenFromStart: false
19:59:07.809 [FXGL Background Thread 2 ] DEBUG Engine               - version: 0.1
19:59:07.810 [FXGL Background Thread 2 ] DEBUG Engine               - fullScreen: BooleanProperty [value: false]
19:59:07.810 [FXGL Background Thread 2 ] DEBUG Engine               - randomSeed: -1
19:59:07.810 [FXGL Background Thread 2 ] DEBUG Engine               - gameDifficultyProperty: ObjectProperty [value: MEDIUM]
19:59:07.810 [FXGL Background Thread 2 ] DEBUG Engine               - applicationMode: DEVELOPER
19:59:07.810 [FXGL Background Thread 2 ] DEBUG Engine               - isMac: true
19:59:07.810 [FXGL Background Thread 2 ] DEBUG Engine               - isMenuEnabled: false
19:59:07.810 [FXGL Background Thread 2 ] DEBUG Engine               - urlPOM: https://raw.githubusercontent.com/AlmasB/FXGL/master/pom.xml
19:59:07.810 [FXGL Background Thread 2 ] DEBUG Engine               - profileName: StringProperty [value: DEFAULT]
19:59:07.811 [FXGL Background Thread 2 ] DEBUG Engine               - notificationViewClass: class com.almasb.fxgl.notification.view.XboxNotificationView
19:59:07.811 [FXGL Background Thread 2 ] DEBUG Engine               - devSensorColorProperty: ObjectProperty [value: 0xffff00ff]
19:59:07.811 [FXGL Background Thread 2 ] DEBUG Engine               - sceneFactory: ui.MenuFactory@6bc499f5
19:59:07.811 [FXGL Background Thread 2 ] DEBUG Engine               - stageStyle: DECORATED
19:59:07.812 [FXGL Background Thread 2 ] DEBUG Engine               - isManualResizeEnabled: false
19:59:07.812 [FXGL Background Thread 2 ] DEBUG Engine               - title: FriendMaker2077
19:59:07.812 [FXGL Background Thread 2 ] DEBUG Engine               - platform: MAC
19:59:07.812 [FXGL Background Thread 2 ] DEBUG Engine               - devBBoxColorProperty: ObjectProperty [value: 0xff0000ff]
19:59:07.812 [FXGL Background Thread 2 ] DEBUG Engine               - gameDifficulty: MEDIUM
19:59:07.812 [FXGL Background Thread 2 ] DEBUG Engine               - isDesktop: true
19:59:07.812 [FXGL Background Thread 2 ] DEBUG Engine               - supportedLanguages: [ENGLISH, FRENCH, GERMAN, HUNGARIAN, RUSSIAN]
19:59:07.813 [FXGL Background Thread 2 ] DEBUG Engine               - credits: []
19:59:07.813 [FXGL Background Thread 2 ] DEBUG Engine               - globalMusicVolumeProperty: DoubleProperty [value: 0.5]
19:59:07.813 [FXGL Background Thread 2 ] DEBUG Engine               - isPreserveResizeRatio: false
19:59:07.813 [FXGL Background Thread 2 ] DEBUG Engine               - fontText: Courier-Prime.ttf
19:59:07.813 [FXGL Background Thread 2 ] DEBUG Engine               - isExperimentalTiledLargeMap: false
19:59:07.813 [FXGL Background Thread 2 ] DEBUG Engine               - secondsIn24h: 60
19:59:07.813 [FXGL Background Thread 2 ] DEBUG Engine               - runtimeInfo: RuntimeInfo(platform=MAC, version=11.8, build=08.03.2020 09.25)
19:59:07.813 [FXGL Background Thread 2 ] DEBUG Engine               - isLinux: false
19:59:07.813 [FXGL Background Thread 2 ] DEBUG Engine               - soundMenuPress: menu/press.wav
19:59:07.813 [FXGL Background Thread 2 ] DEBUG Engine               - urlGithub: https://github.com/AlmasB/FXGL
19:59:07.813 [FXGL Background Thread 2 ] DEBUG Engine               - profileDir: profiles/
19:59:07.813 [FXGL Background Thread 2 ] DEBUG Engine               - isDeveloperMenuEnabled: false
19:59:07.814 [FXGL Background Thread 2 ] DEBUG Engine               - globalSoundVolumeProperty: DoubleProperty [value: 0.5]
19:59:07.814 [FXGL Background Thread 2 ] DEBUG Engine               - mainWindow: com.almasb.fxgl.app.MainWindow@6ffb1055
19:59:07.814 [FXGL Background Thread 2 ] DEBUG Engine               - isBrowser: false
19:59:07.814 [FXGL Background Thread 2 ] DEBUG Engine               - urlLeaderboard: http://fxgl-top.herokuapp.com/
19:59:07.814 [FXGL Background Thread 2 ] DEBUG Engine               - globalSoundVolume: 0.5
19:59:07.815 [FXGL Background Thread 2 ] DEBUG Engine               - engineServices: [class com.almasb.fxgl.app.GameApplication$GameApplicationService, class com.almasb.fxgl.app.services.WindowService, class com.almasb.fxgl.app.services.FXGLDialogService, class com.almasb.fxgl.app.services.IOTaskExecutorService, class com.almasb.fxgl.event.EventBusService, class com.almasb.fxgl.io.FileSystemService, class com.almasb.fxgl.localization.LocalizationService, class com.almasb.fxgl.app.services.AssetLoaderService, class com.almasb.fxgl.app.services.SystemBundleService, class com.almasb.fxgl.profile.SaveLoadService, class com.almasb.fxgl.ui.FXGLUIFactoryServiceProvider, class com.almasb.fxgl.ui.FXGLDialogFactoryServiceProvider, class com.almasb.fxgl.audio.AudioPlayer, class com.almasb.fxgl.notification.impl.NotificationServiceProvider, class com.almasb.fxgl.achievement.AchievementService, class com.almasb.fxgl.cutscene.CutsceneService, class com.almasb.fxgl.minigames.MiniGameService, class com.almasb.fxgl.net.NetService, class com.almasb.fxgl.app.services.UpdaterService]
19:59:07.815 [FXGL Background Thread 2 ] DEBUG Engine               - globalMusicVolume: 0.5
19:59:07.815 [FXGL Background Thread 2 ] DEBUG Engine               - width: 640
19:59:07.815 [FXGL Background Thread 2 ] DEBUG Engine               - saveFileExt: sav
19:59:07.816 [FXGL Background Thread 2 ] DEBUG Engine               - isAndroid: false
19:59:07.816 [FXGL Background Thread 2 ] DEBUG Engine               - fontUI: VarelaRound-Regular.ttf
19:59:07.816 [FXGL Background Thread 2 ] DEBUG Engine               - enabledMenuItems: []
19:59:07.816 [FXGL Background Thread 2 ] DEBUG Engine               - isIOS: false
19:59:07.816 [FXGL Background Thread 2 ] DEBUG Engine               - Logging services
19:59:07.816 [FXGL Background Thread 2 ] DEBUG Engine               - class com.almasb.fxgl.app.GameApplication$GameApplicationService
19:59:07.816 [FXGL Background Thread 2 ] DEBUG Engine               - class com.almasb.fxgl.app.services.WindowService
19:59:07.816 [FXGL Background Thread 2 ] DEBUG Engine               - class com.almasb.fxgl.app.services.FXGLDialogService
19:59:07.817 [FXGL Background Thread 2 ] DEBUG Engine               - class com.almasb.fxgl.app.services.IOTaskExecutorService
19:59:07.817 [FXGL Background Thread 2 ] DEBUG Engine               - class com.almasb.fxgl.event.EventBusService
19:59:07.817 [FXGL Background Thread 2 ] DEBUG Engine               - class com.almasb.fxgl.io.FileSystemService
19:59:07.817 [FXGL Background Thread 2 ] DEBUG Engine               - class com.almasb.fxgl.localization.LocalizationService
19:59:07.817 [FXGL Background Thread 2 ] DEBUG Engine               - class com.almasb.fxgl.app.services.AssetLoaderService
19:59:07.817 [FXGL Background Thread 2 ] DEBUG Engine               - class com.almasb.fxgl.app.services.SystemBundleService
19:59:07.817 [FXGL Background Thread 2 ] DEBUG Engine               - class com.almasb.fxgl.profile.SaveLoadService
19:59:07.817 [FXGL Background Thread 2 ] DEBUG Engine               - class com.almasb.fxgl.ui.FXGLUIFactoryServiceProvider
19:59:07.817 [FXGL Background Thread 2 ] DEBUG Engine               - class com.almasb.fxgl.ui.FXGLDialogFactoryServiceProvider
19:59:07.818 [FXGL Background Thread 2 ] DEBUG Engine               - class com.almasb.fxgl.audio.AudioPlayer
19:59:07.818 [FXGL Background Thread 2 ] DEBUG Engine               - class com.almasb.fxgl.notification.impl.NotificationServiceProvider
19:59:07.818 [FXGL Background Thread 2 ] DEBUG Engine               - class com.almasb.fxgl.achievement.AchievementService
19:59:07.818 [FXGL Background Thread 2 ] DEBUG Engine               - class com.almasb.fxgl.cutscene.CutsceneService
19:59:07.818 [FXGL Background Thread 2 ] DEBUG Engine               - class com.almasb.fxgl.minigames.MiniGameService
19:59:07.818 [FXGL Background Thread 2 ] DEBUG Engine               - class com.almasb.fxgl.net.NetService
19:59:07.818 [FXGL Background Thread 2 ] DEBUG Engine               - class com.almasb.fxgl.app.services.UpdaterService
19:59:19.221 [JavaFX Application Thread] DEBUG GameApplication      - Exiting FXGL
19:59:19.222 [JavaFX Application Thread] DEBUG LoopRunner           - Stopping loop
19:59:19.222 [JavaFX Application Thread] DEBUG SystemBundleService  - Saving FXGL system data
19:59:19.224 [JavaFX Application Thread] DEBUG FileSystemAccess     - Writing to: /Users/mackenziedalton/git/FriendMaker2077-07-03/system/fxgl.bundle
19:59:19.228 [JavaFX Application Thread] DEBUG GameApplication      - Shutting down background threads
19:59:19.228 [JavaFX Application Thread] DEBUG GameApplication      - Closing logger and exiting JavaFX
