12:31:50.336 [main                     ] DEBUG GameApplication      - Logger initialized
12:31:50.346 [main                     ] DEBUG GameApplication      - Logging settings
Title: Basic Game App
Version: 0.1
Width: 640
Height: 640
Fullscreen: false
Intro: false
Menus: false
Profiling: false
Single step:false
App Mode: DEVELOPER
Menu Key: ESCAPE
Stage Style: DECORATED
Scene Factory: class com.almasb.fxgl.app.scene.SceneFactory

12:31:50.636 [JavaFX Application Thread] DEBUG GameApplication      - Initializing FXGL
12:31:50.641 [JavaFX Application Thread] INFO  Engine               - FXGL-11.8 (08.03.2020 09.25) on WINDOWS (J:13 FX:13.0.2)
12:31:50.642 [JavaFX Application Thread] INFO  Engine               - Source code and latest versions at: https://github.com/AlmasB/FXGL
12:31:50.642 [JavaFX Application Thread] INFO  Engine               -              Join the FXGL chat at: https://gitter.im/AlmasB/FXGL
12:31:50.729 [JavaFX Application Thread] DEBUG MainWindow           - Creating a JavaFX scene
12:31:50.767 [JavaFX Application Thread] DEBUG MainWindow           - Target settings size: 640.0 x 640.0
12:31:50.768 [JavaFX Application Thread] DEBUG MainWindow           - Scaled scene size:    640.0 x 640.0
12:31:50.768 [JavaFX Application Thread] DEBUG MainWindow           - Scaled ratio: (1.0, 1.0)
12:31:50.769 [JavaFX Application Thread] DEBUG MainWindow           - Set initial scene to FXGLStartupScene
12:31:50.774 [JavaFX Application Thread] DEBUG MainWindow           - Opening main window
12:31:50.839 [JavaFX Application Thread] DEBUG MainWindow           - Window border size: (16.0, 39.0)
12:31:50.839 [JavaFX Application Thread] DEBUG MainWindow           - Scaled size: 640.0 x 640.0
12:31:50.840 [JavaFX Application Thread] DEBUG MainWindow           - Scaled ratio: (1.0, 1.0)
12:31:50.840 [JavaFX Application Thread] DEBUG MainWindow           - Scene size: 640.0 x 640.0
12:31:50.840 [JavaFX Application Thread] DEBUG MainWindow           - Stage size: 656.0 x 679.0
12:31:50.846 [FXGL Background Thread 1 ] DEBUG Engine               - Initializing environment variables
12:31:50.866 [FXGL Background Thread 1 ] DEBUG WindowService        - Applying CSS: fxgl_dark.css
12:31:50.866 [FXGL Background Thread 1 ] DEBUG AssetLoaderService   - Loading from file system: /assets/ui/css/fxgl_dark.css
12:31:50.896 [FXGL Background Thread 1 ] DEBUG WindowService        - Initializing application scenes
12:31:50.918 [FXGL Background Thread 1 ] DEBUG GameWorld            - Game world initialized
12:31:50.943 [FXGL Background Thread 1 ] DEBUG PhysicsWorld         - Physics world initialized: appHeight=640, physics.ppm=50.0
12:31:50.944 [FXGL Background Thread 1 ] DEBUG GameScene            - Game scene initialized: 640x640
12:31:50.949 [FXGL Background Thread 1 ] DEBUG Input                - Registered new binding: Resume - Esc
12:31:50.952 [FXGL Background Thread 1 ] DEBUG AssetLoaderService   - Loading from file system: /assets/textures/pause_menu_bg.png
12:31:50.984 [FXGL Background Thread 1 ] DEBUG Input                - Registered new binding: Pause - Esc
12:31:50.984 [FXGL Background Thread 1 ] DEBUG WindowService        - Application scenes initialized
12:31:50.991 [FXGL Background Thread 1 ] DEBUG SystemBundleService  - Loading FXGL system data
12:31:50.993 [FXGL Background Thread 1 ] DEBUG FileSystemAccess     - Reading from: C:\Users\Benjamin Piette\git\FriendMaker2077-07-03\system\fxgl.bundle
12:31:50.997 [FXGL Background Thread 1 ] DEBUG SystemBundleService  - Bundle FXGL: {}
12:31:50.997 [FXGL Background Thread 1 ] INFO  Engine               - FXGL initialization took: 0.151 sec
12:31:50.998 [FXGL Background Thread 1 ] DEBUG GameApplication      - Loading localizations
12:31:50.999 [FXGL Background Thread 1 ] DEBUG AssetLoaderService   - Loading from file system: /assets/properties/languages/english.properties
12:31:51.000 [FXGL Background Thread 1 ] DEBUG AssetLoaderService   - Loading from file system: /assets/properties/languages/french.properties
12:31:51.000 [FXGL Background Thread 1 ] DEBUG AssetLoaderService   - Loading from file system: /assets/properties/languages/german.properties
12:31:51.001 [FXGL Background Thread 1 ] DEBUG AssetLoaderService   - Loading from file system: /assets/properties/languages/hungarian.properties
12:31:51.002 [FXGL Background Thread 1 ] DEBUG AssetLoaderService   - Loading from file system: /assets/properties/languages/russian.properties
12:31:51.003 [FXGL Background Thread 1 ] DEBUG GameApplication      - Registering font factories with UI factory
12:31:51.003 [FXGL Background Thread 1 ] DEBUG AssetLoaderService   - Loading from file system: /assets/ui/fonts/VarelaRound-Regular.ttf
12:31:51.140 [FXGL Background Thread 1 ] DEBUG AssetLoaderService   - Loading from file system: /assets/ui/fonts/Abel-Regular.ttf
12:31:51.146 [FXGL Background Thread 1 ] DEBUG AssetLoaderService   - Loading from file system: /assets/ui/fonts/lucida_console.ttf
12:31:51.154 [FXGL Background Thread 1 ] DEBUG AssetLoaderService   - Loading from file system: /assets/ui/fonts/Courier-Prime.ttf
12:31:51.161 [JavaFX Application Thread] DEBUG Input                - Registered new binding: Move Right - D
12:31:51.162 [JavaFX Application Thread] DEBUG Input                - Registered new binding: Move Left - A
12:31:51.162 [JavaFX Application Thread] DEBUG Input                - Registered new binding: Move Up - W
12:31:51.162 [JavaFX Application Thread] DEBUG Input                - Registered new binding: Move Down - S
12:31:51.162 [JavaFX Application Thread] DEBUG Input                - Registered new binding: Play Sound - F
12:31:51.162 [JavaFX Application Thread] DEBUG AssetLoaderService   - Loading from file system: /assets/textures/fxgl_icon.png
12:31:51.174 [JavaFX Application Thread] DEBUG AssetLoaderService   - Loading from file system: /assets/ui/cursors/fxgl_default.png
12:31:51.176 [JavaFX Application Thread] DEBUG Input                - Registered new binding: Screenshot - P
12:31:51.176 [JavaFX Application Thread] DEBUG Input                - Registered new binding: System info dump - CTRL+9
12:31:51.176 [JavaFX Application Thread] DEBUG Input                - Registered new binding: Restart - CTRL+R
12:31:51.177 [JavaFX Application Thread] DEBUG LoopRunner           - Starting loop
12:31:51.185 [JavaFX Application Thread] DEBUG FXGLStartupScene     - STARTUP
12:31:51.185 [JavaFX Application Thread] DEBUG WindowService        - Starting new game
12:31:51.187 [JavaFX Application Thread] DEBUG Input                - Clearing active input actions
12:31:51.193 [JavaFX Application Thread] DEBUG WindowService        - Removing overlay from FXGLStartupScene and adding to FXGLLoadingScene
12:31:51.194 [JavaFX Application Thread] DEBUG MainWindow           - FXGLStartupScene -> FXGLLoadingScene
12:31:51.194 [JavaFX Application Thread] DEBUG WindowService        - Clearing previous game
12:31:51.194 [JavaFX Application Thread] DEBUG GameScene            - Clearing game scene
12:31:51.194 [JavaFX Application Thread] DEBUG GameWorld            - Clearing game world
12:31:51.194 [JavaFX Application Thread] DEBUG PhysicsWorld         - Clearing physics world
12:31:51.195 [FXGL Background Thread 1 ] DEBUG GameApplication      - Initializing game
12:31:51.196 [FXGL Background Thread 1 ] DEBUG AssetLoaderService   - Loading from file system: /assets/textures/BigMap.png
12:31:51.349 [FXGL Background Thread 1 ] DEBUG AssetLoaderService   - Loading from file system: /assets/textures/CharacterSprite.png
12:31:51.351 [FXGL Background Thread 1 ] DEBUG AssetLoaderService   - Loading from cache: /assets/textures/CharacterSprite.png
12:31:51.351 [FXGL Background Thread 1 ] DEBUG AssetLoaderService   - Loading from cache: /assets/textures/CharacterSprite.png
12:31:51.351 [FXGL Background Thread 1 ] DEBUG AssetLoaderService   - Loading from cache: /assets/textures/CharacterSprite.png
12:31:51.351 [FXGL Background Thread 1 ] DEBUG AssetLoaderService   - Loading from cache: /assets/textures/CharacterSprite.png
12:31:51.351 [FXGL Background Thread 1 ] DEBUG AssetLoaderService   - Loading from cache: /assets/textures/CharacterSprite.png
12:31:51.351 [FXGL Background Thread 1 ] DEBUG AssetLoaderService   - Loading from cache: /assets/textures/CharacterSprite.png
12:31:51.351 [FXGL Background Thread 1 ] DEBUG AssetLoaderService   - Loading from cache: /assets/textures/CharacterSprite.png
12:31:51.356 [FXGL Background Thread 1 ] DEBUG AssetLoaderService   - Loading from file system: /assets/textures/froggySprite.png
12:31:51.357 [FXGL Background Thread 1 ] DEBUG AssetLoaderService   - Loading from cache: /assets/textures/froggySprite.png
12:31:51.357 [FXGL Background Thread 1 ] DEBUG AssetLoaderService   - Loading from cache: /assets/textures/froggySprite.png
12:31:51.357 [FXGL Background Thread 1 ] DEBUG AssetLoaderService   - Loading from cache: /assets/textures/froggySprite.png
12:31:51.357 [FXGL Background Thread 1 ] DEBUG AssetLoaderService   - Loading from cache: /assets/textures/froggySprite.png
12:31:51.357 [FXGL Background Thread 1 ] DEBUG AssetLoaderService   - Loading from cache: /assets/textures/froggySprite.png
12:31:51.357 [FXGL Background Thread 1 ] DEBUG AssetLoaderService   - Loading from cache: /assets/textures/froggySprite.png
12:31:51.357 [FXGL Background Thread 1 ] DEBUG AssetLoaderService   - Loading from cache: /assets/textures/froggySprite.png
12:31:51.357 [FXGL Background Thread 1 ] DEBUG AssetLoaderService   - Loading from file system: /assets/textures/brick.png
12:31:51.359 [FXGL Background Thread 1 ] INFO  GameApplication      - Game initialization took: 0.164 sec
12:31:51.363 [JavaFX Application Thread] DEBUG Input                - Clearing active input actions
12:31:51.369 [JavaFX Application Thread] DEBUG WindowService        - Removing overlay from FXGLLoadingScene and adding to GameScene
12:31:51.369 [JavaFX Application Thread] DEBUG MainWindow           - FXGLLoadingScene -> GameScene
12:31:54.000 [FXGL Background Thread 2 ] DEBUG Engine               - Logging environment variables
12:31:54.000 [FXGL Background Thread 2 ] DEBUG Engine               - achievements: []
12:31:54.000 [FXGL Background Thread 2 ] DEBUG Engine               - language: ObjectProperty [value: ENGLISH]
12:31:54.000 [FXGL Background Thread 2 ] DEBUG Engine               - isCloseConfirmation: false
12:31:54.000 [FXGL Background Thread 2 ] DEBUG Engine               - isProfilingEnabled: false
12:31:54.000 [FXGL Background Thread 2 ] DEBUG Engine               - soundNotification: core/notification.wav
12:31:54.000 [FXGL Background Thread 2 ] DEBUG Engine               - devShowBBoxProperty: BooleanProperty [value: false]
12:31:54.000 [FXGL Background Thread 2 ] DEBUG Engine               - pixelsPerMeter: 50.0
12:31:54.000 [FXGL Background Thread 2 ] DEBUG Engine               - soundMenuBack: menu/back.wav
12:31:54.000 [FXGL Background Thread 2 ] DEBUG Engine               - appIcon: fxgl_icon.png
12:31:54.000 [FXGL Background Thread 2 ] DEBUG Engine               - isFullScreenAllowed: false
12:31:54.000 [FXGL Background Thread 2 ] DEBUG Engine               - isIntroEnabled: false
12:31:54.001 [FXGL Background Thread 2 ] DEBUG Engine               - fontMono: lucida_console.ttf
12:31:54.001 [FXGL Background Thread 2 ] DEBUG Engine               - soundMenuSelect: menu/select.wav
12:31:54.001 [FXGL Background Thread 2 ] DEBUG Engine               - isWindows: true
12:31:54.001 [FXGL Background Thread 2 ] DEBUG Engine               - isMobile: false
12:31:54.001 [FXGL Background Thread 2 ] DEBUG Engine               - isUserProfileEnabled: false
12:31:54.001 [FXGL Background Thread 2 ] DEBUG Engine               - height: 640
12:31:54.001 [FXGL Background Thread 2 ] DEBUG Engine               - isExperimentalNative: false
12:31:54.001 [FXGL Background Thread 2 ] DEBUG Engine               - settings: Title: Basic Game App
Version: 0.1
Width: 640
Height: 640
Fullscreen: false
Intro: false
Menus: false
Profiling: false
Single step:false
App Mode: DEVELOPER
Menu Key: ESCAPE
Stage Style: DECORATED
Scene Factory: class com.almasb.fxgl.app.scene.SceneFactory

12:31:54.001 [FXGL Background Thread 2 ] DEBUG Engine               - isSingleStep: false
12:31:54.001 [FXGL Background Thread 2 ] DEBUG Engine               - cSSList: [fxgl_dark.css]
12:31:54.001 [FXGL Background Thread 2 ] DEBUG Engine               - fontGame: Abel-Regular.ttf
12:31:54.001 [FXGL Background Thread 2 ] DEBUG Engine               - menuKey: ESCAPE
12:31:54.001 [FXGL Background Thread 2 ] DEBUG Engine               - devShowPositionProperty: BooleanProperty [value: false]
12:31:54.001 [FXGL Background Thread 2 ] DEBUG Engine               - versionCheckDays: 7
12:31:54.002 [FXGL Background Thread 2 ] DEBUG Engine               - configClass: Optional.empty
12:31:54.002 [FXGL Background Thread 2 ] DEBUG Engine               - isFullScreenFromStart: false
12:31:54.002 [FXGL Background Thread 2 ] DEBUG Engine               - version: 0.1
12:31:54.002 [FXGL Background Thread 2 ] DEBUG Engine               - fullScreen: BooleanProperty [value: false]
12:31:54.002 [FXGL Background Thread 2 ] DEBUG Engine               - randomSeed: -1
12:31:54.002 [FXGL Background Thread 2 ] DEBUG Engine               - gameDifficultyProperty: ObjectProperty [value: MEDIUM]
12:31:54.002 [FXGL Background Thread 2 ] DEBUG Engine               - applicationMode: DEVELOPER
12:31:54.002 [FXGL Background Thread 2 ] DEBUG Engine               - isMac: false
12:31:54.002 [FXGL Background Thread 2 ] DEBUG Engine               - isMenuEnabled: false
12:31:54.002 [FXGL Background Thread 2 ] DEBUG Engine               - urlPOM: https://raw.githubusercontent.com/AlmasB/FXGL/master/pom.xml
12:31:54.002 [FXGL Background Thread 2 ] DEBUG Engine               - profileName: StringProperty [value: DEFAULT]
12:31:54.002 [FXGL Background Thread 2 ] DEBUG Engine               - devSensorColorProperty: ObjectProperty [value: 0xffff00ff]
12:31:54.002 [FXGL Background Thread 2 ] DEBUG Engine               - notificationViewClass: class com.almasb.fxgl.notification.view.XboxNotificationView
12:31:54.003 [FXGL Background Thread 2 ] DEBUG Engine               - sceneFactory: com.almasb.fxgl.app.scene.SceneFactory@47eeabee
12:31:54.003 [FXGL Background Thread 2 ] DEBUG Engine               - stageStyle: DECORATED
12:31:54.003 [FXGL Background Thread 2 ] DEBUG Engine               - isManualResizeEnabled: false
12:31:54.003 [FXGL Background Thread 2 ] DEBUG Engine               - title: Basic Game App
12:31:54.003 [FXGL Background Thread 2 ] DEBUG Engine               - platform: WINDOWS
12:31:54.003 [FXGL Background Thread 2 ] DEBUG Engine               - devBBoxColorProperty: ObjectProperty [value: 0xff0000ff]
12:31:54.003 [FXGL Background Thread 2 ] DEBUG Engine               - gameDifficulty: MEDIUM
12:31:54.003 [FXGL Background Thread 2 ] DEBUG Engine               - isDesktop: true
12:31:54.003 [FXGL Background Thread 2 ] DEBUG Engine               - supportedLanguages: [ENGLISH, FRENCH, GERMAN, HUNGARIAN, RUSSIAN]
12:31:54.003 [FXGL Background Thread 2 ] DEBUG Engine               - credits: []
12:31:54.003 [FXGL Background Thread 2 ] DEBUG Engine               - globalMusicVolumeProperty: DoubleProperty [value: 0.5]
12:31:54.003 [FXGL Background Thread 2 ] DEBUG Engine               - isPreserveResizeRatio: false
12:31:54.003 [FXGL Background Thread 2 ] DEBUG Engine               - fontText: Courier-Prime.ttf
12:31:54.004 [FXGL Background Thread 2 ] DEBUG Engine               - isExperimentalTiledLargeMap: false
12:31:54.004 [FXGL Background Thread 2 ] DEBUG Engine               - secondsIn24h: 60
12:31:54.004 [FXGL Background Thread 2 ] DEBUG Engine               - runtimeInfo: RuntimeInfo(platform=WINDOWS, version=11.8, build=08.03.2020 09.25)
12:31:54.004 [FXGL Background Thread 2 ] DEBUG Engine               - urlGithub: https://github.com/AlmasB/FXGL
12:31:54.004 [FXGL Background Thread 2 ] DEBUG Engine               - isLinux: false
12:31:54.004 [FXGL Background Thread 2 ] DEBUG Engine               - soundMenuPress: menu/press.wav
12:31:54.004 [FXGL Background Thread 2 ] DEBUG Engine               - profileDir: profiles/
12:31:54.004 [FXGL Background Thread 2 ] DEBUG Engine               - isDeveloperMenuEnabled: false
12:31:54.004 [FXGL Background Thread 2 ] DEBUG Engine               - globalSoundVolumeProperty: DoubleProperty [value: 0.5]
12:31:54.004 [FXGL Background Thread 2 ] DEBUG Engine               - mainWindow: com.almasb.fxgl.app.MainWindow@43d127cb
12:31:54.004 [FXGL Background Thread 2 ] DEBUG Engine               - urlLeaderboard: http://fxgl-top.herokuapp.com/
12:31:54.004 [FXGL Background Thread 2 ] DEBUG Engine               - globalSoundVolume: 0.5
12:31:54.004 [FXGL Background Thread 2 ] DEBUG Engine               - isBrowser: false
12:31:54.004 [FXGL Background Thread 2 ] DEBUG Engine               - engineServices: [class com.almasb.fxgl.app.GameApplication$GameApplicationService, class com.almasb.fxgl.app.services.WindowService, class com.almasb.fxgl.app.services.FXGLDialogService, class com.almasb.fxgl.app.services.IOTaskExecutorService, class com.almasb.fxgl.event.EventBusService, class com.almasb.fxgl.io.FileSystemService, class com.almasb.fxgl.localization.LocalizationService, class com.almasb.fxgl.app.services.AssetLoaderService, class com.almasb.fxgl.app.services.SystemBundleService, class com.almasb.fxgl.profile.SaveLoadService, class com.almasb.fxgl.ui.FXGLUIFactoryServiceProvider, class com.almasb.fxgl.ui.FXGLDialogFactoryServiceProvider, class com.almasb.fxgl.audio.AudioPlayer, class com.almasb.fxgl.notification.impl.NotificationServiceProvider, class com.almasb.fxgl.achievement.AchievementService, class com.almasb.fxgl.cutscene.CutsceneService, class com.almasb.fxgl.minigames.MiniGameService, class com.almasb.fxgl.net.NetService, class com.almasb.fxgl.app.services.UpdaterService]
12:31:54.004 [FXGL Background Thread 2 ] DEBUG Engine               - globalMusicVolume: 0.5
12:31:54.004 [FXGL Background Thread 2 ] DEBUG Engine               - width: 640
12:31:54.005 [FXGL Background Thread 2 ] DEBUG Engine               - saveFileExt: sav
12:31:54.005 [FXGL Background Thread 2 ] DEBUG Engine               - isAndroid: false
12:31:54.005 [FXGL Background Thread 2 ] DEBUG Engine               - fontUI: VarelaRound-Regular.ttf
12:31:54.005 [FXGL Background Thread 2 ] DEBUG Engine               - isIOS: false
12:31:54.005 [FXGL Background Thread 2 ] DEBUG Engine               - enabledMenuItems: []
12:31:54.005 [FXGL Background Thread 2 ] DEBUG Engine               - Logging services
12:31:54.005 [FXGL Background Thread 2 ] DEBUG Engine               - class com.almasb.fxgl.app.GameApplication$GameApplicationService
12:31:54.005 [FXGL Background Thread 2 ] DEBUG Engine               - class com.almasb.fxgl.app.services.WindowService
12:31:54.005 [FXGL Background Thread 2 ] DEBUG Engine               - class com.almasb.fxgl.app.services.FXGLDialogService
12:31:54.005 [FXGL Background Thread 2 ] DEBUG Engine               - class com.almasb.fxgl.app.services.IOTaskExecutorService
12:31:54.005 [FXGL Background Thread 2 ] DEBUG Engine               - class com.almasb.fxgl.event.EventBusService
12:31:54.005 [FXGL Background Thread 2 ] DEBUG Engine               - class com.almasb.fxgl.io.FileSystemService
12:31:54.005 [FXGL Background Thread 2 ] DEBUG Engine               - class com.almasb.fxgl.localization.LocalizationService
12:31:54.006 [FXGL Background Thread 2 ] DEBUG Engine               - class com.almasb.fxgl.app.services.AssetLoaderService
12:31:54.006 [FXGL Background Thread 2 ] DEBUG Engine               - class com.almasb.fxgl.app.services.SystemBundleService
12:31:54.006 [FXGL Background Thread 2 ] DEBUG Engine               - class com.almasb.fxgl.profile.SaveLoadService
12:31:54.006 [FXGL Background Thread 2 ] DEBUG Engine               - class com.almasb.fxgl.ui.FXGLUIFactoryServiceProvider
12:31:54.006 [FXGL Background Thread 2 ] DEBUG Engine               - class com.almasb.fxgl.ui.FXGLDialogFactoryServiceProvider
12:31:54.006 [FXGL Background Thread 2 ] DEBUG Engine               - class com.almasb.fxgl.audio.AudioPlayer
12:31:54.006 [FXGL Background Thread 2 ] DEBUG Engine               - class com.almasb.fxgl.notification.impl.NotificationServiceProvider
12:31:54.006 [FXGL Background Thread 2 ] DEBUG Engine               - class com.almasb.fxgl.achievement.AchievementService
12:31:54.006 [FXGL Background Thread 2 ] DEBUG Engine               - class com.almasb.fxgl.cutscene.CutsceneService
12:31:54.006 [FXGL Background Thread 2 ] DEBUG Engine               - class com.almasb.fxgl.minigames.MiniGameService
12:31:54.006 [FXGL Background Thread 2 ] DEBUG Engine               - class com.almasb.fxgl.net.NetService
12:31:54.006 [FXGL Background Thread 2 ] DEBUG Engine               - class com.almasb.fxgl.app.services.UpdaterService
12:32:23.048 [JavaFX Application Thread] DEBUG GameApplication      - Exiting FXGL
12:32:23.049 [JavaFX Application Thread] DEBUG LoopRunner           - Stopping loop
12:32:23.049 [JavaFX Application Thread] DEBUG SystemBundleService  - Saving FXGL system data
12:32:23.050 [JavaFX Application Thread] DEBUG FileSystemAccess     - Writing to: C:\Users\Benjamin Piette\git\FriendMaker2077-07-03\system\fxgl.bundle
12:32:23.051 [JavaFX Application Thread] DEBUG GameApplication      - Shutting down background threads
12:32:23.051 [JavaFX Application Thread] DEBUG GameApplication      - Closing logger and exiting JavaFX
