20:07:34.668 [main                     ] DEBUG GameApplication      - Logger initialized
20:07:34.699 [main                     ] DEBUG GameApplication      - Logging settings
Title: FriendMaker2077
Version: 0.1
Width: 640
Height: 640
Fullscreen: false
Intro: false
Menus: false
Profiling: false
Single step:false
App Mode: DEVELOPER
Menu Key: ESCAPE
Stage Style: DECORATED
Scene Factory: class ui.MenuFactory

20:07:35.143 [JavaFX Application Thread] DEBUG GameApplication      - Initializing FXGL
20:07:35.183 [JavaFX Application Thread] INFO  Engine               - FXGL-11.8 (08.03.2020 09.25) on MAC (J:13.0.2 FX:13.0.2)
20:07:35.185 [JavaFX Application Thread] INFO  Engine               - Source code and latest versions at: https://github.com/AlmasB/FXGL
20:07:35.185 [JavaFX Application Thread] INFO  Engine               -              Join the FXGL chat at: https://gitter.im/AlmasB/FXGL
20:07:35.394 [JavaFX Application Thread] DEBUG MainWindow           - Creating a JavaFX scene
20:07:35.498 [JavaFX Application Thread] DEBUG MainWindow           - Target settings size: 640.0 x 640.0
20:07:35.499 [JavaFX Application Thread] DEBUG MainWindow           - Scaled scene size:    640.0 x 640.0
20:07:35.499 [JavaFX Application Thread] DEBUG MainWindow           - Scaled ratio: (1.0, 1.0)
20:07:35.503 [JavaFX Application Thread] DEBUG MainWindow           - Set initial scene to FXGLStartupScene
20:07:35.519 [JavaFX Application Thread] DEBUG MainWindow           - Opening main window
20:07:35.667 [JavaFX Application Thread] DEBUG MainWindow           - Window border size: (0.0, 22.0)
20:07:35.668 [JavaFX Application Thread] DEBUG MainWindow           - Scaled size: 640.0 x 640.0
20:07:35.669 [JavaFX Application Thread] DEBUG MainWindow           - Scaled ratio: (1.0, 1.0)
20:07:35.669 [JavaFX Application Thread] DEBUG MainWindow           - Scene size: 640.0 x 640.0
20:07:35.670 [JavaFX Application Thread] DEBUG MainWindow           - Stage size: 640.0 x 662.0
20:07:35.690 [FXGL Background Thread 1 ] DEBUG Engine               - Initializing environment variables
20:07:35.793 [FXGL Background Thread 1 ] DEBUG WindowService        - Applying CSS: fxgl_dark.css
20:07:35.794 [FXGL Background Thread 1 ] DEBUG AssetLoaderService   - Loading from file system: /assets/ui/css/fxgl_dark.css
20:07:35.946 [FXGL Background Thread 1 ] DEBUG WindowService        - Initializing application scenes
20:07:36.353 [FXGL Background Thread 1 ] DEBUG GameWorld            - Game world initialized
20:07:36.407 [FXGL Background Thread 1 ] DEBUG PhysicsWorld         - Physics world initialized: appHeight=640, physics.ppm=50.0
20:07:36.411 [FXGL Background Thread 1 ] DEBUG GameScene            - Game scene initialized: 640x640
20:07:36.420 [FXGL Background Thread 1 ] DEBUG Input                - Registered new binding: Resume - Esc
20:07:36.451 [FXGL Background Thread 1 ] DEBUG Input                - Registered new binding: Pause - Esc
20:07:36.451 [FXGL Background Thread 1 ] DEBUG WindowService        - Application scenes initialized
20:07:36.469 [FXGL Background Thread 1 ] DEBUG SystemBundleService  - Loading FXGL system data
20:07:36.478 [FXGL Background Thread 1 ] DEBUG FileSystemAccess     - Reading from: /Users/mackenziedalton/git/FriendMaker2077-07-03/system/fxgl.bundle
20:07:36.491 [FXGL Background Thread 1 ] DEBUG SystemBundleService  - Bundle FXGL: {}
20:07:36.491 [FXGL Background Thread 1 ] INFO  Engine               - FXGL initialization took: 0.796 sec
20:07:36.494 [FXGL Background Thread 1 ] DEBUG GameApplication      - Loading localizations
20:07:36.495 [FXGL Background Thread 1 ] DEBUG AssetLoaderService   - Loading from file system: /assets/properties/languages/english.properties
20:07:36.498 [FXGL Background Thread 1 ] DEBUG AssetLoaderService   - Loading from file system: /assets/properties/languages/french.properties
20:07:36.500 [FXGL Background Thread 1 ] DEBUG AssetLoaderService   - Loading from file system: /assets/properties/languages/german.properties
20:07:36.502 [FXGL Background Thread 1 ] DEBUG AssetLoaderService   - Loading from file system: /assets/properties/languages/hungarian.properties
20:07:36.506 [FXGL Background Thread 1 ] DEBUG AssetLoaderService   - Loading from file system: /assets/properties/languages/russian.properties
20:07:36.508 [FXGL Background Thread 1 ] DEBUG GameApplication      - Registering font factories with UI factory
20:07:36.508 [FXGL Background Thread 1 ] DEBUG AssetLoaderService   - Loading from file system: /assets/ui/fonts/VarelaRound-Regular.ttf
20:07:36.550 [FXGL Background Thread 1 ] DEBUG AssetLoaderService   - Loading from file system: /assets/ui/fonts/Abel-Regular.ttf
20:07:36.557 [FXGL Background Thread 1 ] DEBUG AssetLoaderService   - Loading from file system: /assets/ui/fonts/lucida_console.ttf
20:07:36.564 [FXGL Background Thread 1 ] DEBUG AssetLoaderService   - Loading from file system: /assets/ui/fonts/Courier-Prime.ttf
20:07:36.574 [JavaFX Application Thread] DEBUG Input                - Registered new binding: Move Right - D
20:07:36.574 [JavaFX Application Thread] DEBUG Input                - Registered new binding: Move Left - A
20:07:36.575 [JavaFX Application Thread] DEBUG Input                - Registered new binding: Move Up - W
20:07:36.575 [JavaFX Application Thread] DEBUG Input                - Registered new binding: Move Down - S
20:07:36.576 [JavaFX Application Thread] DEBUG Input                - Registered new binding: Play Sound - F
20:07:36.576 [JavaFX Application Thread] DEBUG AssetLoaderService   - Loading from file system: /assets/textures/fxgl_icon.png
20:07:36.661 [JavaFX Application Thread] DEBUG AssetLoaderService   - Loading from file system: /assets/ui/cursors/fxgl_default.png
20:07:36.664 [JavaFX Application Thread] DEBUG Input                - Registered new binding: Screenshot - P
20:07:36.665 [JavaFX Application Thread] DEBUG Input                - Registered new binding: System info dump - CTRL+9
20:07:36.665 [JavaFX Application Thread] DEBUG Input                - Registered new binding: Restart - CTRL+R
20:07:36.666 [JavaFX Application Thread] DEBUG LoopRunner           - Starting loop
20:07:36.696 [JavaFX Application Thread] DEBUG FXGLStartupScene     - STARTUP
20:07:36.696 [JavaFX Application Thread] DEBUG WindowService        - Starting new game
20:07:36.699 [JavaFX Application Thread] DEBUG Input                - Clearing active input actions
20:07:36.716 [JavaFX Application Thread] DEBUG WindowService        - Removing overlay from FXGLStartupScene and adding to FXGLLoadingScene
20:07:36.716 [JavaFX Application Thread] DEBUG MainWindow           - FXGLStartupScene -> FXGLLoadingScene
20:07:36.717 [JavaFX Application Thread] DEBUG WindowService        - Clearing previous game
20:07:36.717 [JavaFX Application Thread] DEBUG GameScene            - Clearing game scene
20:07:36.717 [JavaFX Application Thread] DEBUG GameWorld            - Clearing game world
20:07:36.717 [JavaFX Application Thread] DEBUG PhysicsWorld         - Clearing physics world
20:07:36.720 [FXGL Background Thread 1 ] DEBUG GameApplication      - Initializing game
20:07:36.738 [FXGL Background Thread 1 ] DEBUG AssetLoaderService   - Loading from file system: /assets/textures/EmptyMap.png
20:07:37.446 [FXGL Background Thread 1 ] DEBUG AssetLoaderService   - Loading from file system: /assets/sounds/soundtrack.wav
20:07:37.593 [FXGL Background Thread 1 ] DEBUG AssetLoaderService   - Loading from file system: /assets/textures/CharacterSprite.png
20:07:37.599 [FXGL Background Thread 1 ] DEBUG AssetLoaderService   - Loading from cache: /assets/textures/CharacterSprite.png
20:07:37.599 [FXGL Background Thread 1 ] DEBUG AssetLoaderService   - Loading from cache: /assets/textures/CharacterSprite.png
20:07:37.600 [FXGL Background Thread 1 ] DEBUG AssetLoaderService   - Loading from cache: /assets/textures/CharacterSprite.png
20:07:37.600 [FXGL Background Thread 1 ] DEBUG AssetLoaderService   - Loading from cache: /assets/textures/CharacterSprite.png
20:07:37.601 [FXGL Background Thread 1 ] DEBUG AssetLoaderService   - Loading from cache: /assets/textures/CharacterSprite.png
20:07:37.612 [FXGL Background Thread 1 ] DEBUG AssetLoaderService   - Loading from file system: /assets/textures/bbox.png
20:07:37.632 [FXGL Background Thread 1 ] DEBUG AssetLoaderService   - Loading from file system: /assets/textures/froggysprite.png
20:07:37.635 [FXGL Background Thread 1 ] DEBUG AssetLoaderService   - Loading from cache: /assets/textures/froggysprite.png
20:07:37.635 [FXGL Background Thread 1 ] DEBUG AssetLoaderService   - Loading from cache: /assets/textures/froggysprite.png
20:07:37.636 [FXGL Background Thread 1 ] DEBUG AssetLoaderService   - Loading from cache: /assets/textures/bbox.png
20:07:37.644 [FXGL Background Thread 1 ] DEBUG AssetLoaderService   - Loading from file system: /assets/textures/lighthouse.png
20:07:37.649 [FXGL Background Thread 1 ] DEBUG AssetLoaderService   - Loading from file system: /assets/textures/bush.png
20:07:37.652 [FXGL Background Thread 1 ] DEBUG AssetLoaderService   - Loading from cache: /assets/textures/bush.png
20:07:37.660 [FXGL Background Thread 1 ] DEBUG AssetLoaderService   - Loading from file system: /assets/textures/rock.png
20:07:37.665 [FXGL Background Thread 1 ] DEBUG AssetLoaderService   - Loading from cache: /assets/textures/rock.png
20:07:37.668 [FXGL Background Thread 1 ] DEBUG AssetLoaderService   - Loading from file system: /assets/textures/greenhouse.png
20:07:37.675 [FXGL Background Thread 1 ] DEBUG AssetLoaderService   - Loading from file system: /assets/textures/tree.png
20:07:37.682 [FXGL Background Thread 1 ] DEBUG AssetLoaderService   - Loading from cache: /assets/textures/bush.png
20:07:37.684 [FXGL Background Thread 1 ] DEBUG AssetLoaderService   - Loading from cache: /assets/textures/tree.png
20:07:37.685 [FXGL Background Thread 1 ] DEBUG AssetLoaderService   - Loading from cache: /assets/textures/bush.png
20:07:37.686 [FXGL Background Thread 1 ] DEBUG AssetLoaderService   - Loading from file system: /assets/textures/appletree.png
20:07:37.691 [FXGL Background Thread 1 ] DEBUG AssetLoaderService   - Loading from cache: /assets/textures/bush.png
20:07:37.693 [FXGL Background Thread 1 ] DEBUG AssetLoaderService   - Loading from cache: /assets/textures/tree.png
20:07:37.696 [FXGL Background Thread 1 ] DEBUG AssetLoaderService   - Loading from cache: /assets/textures/bush.png
20:07:37.698 [FXGL Background Thread 1 ] DEBUG AssetLoaderService   - Loading from cache: /assets/textures/appletree.png
20:07:37.699 [FXGL Background Thread 1 ] DEBUG AssetLoaderService   - Loading from cache: /assets/textures/bush.png
20:07:37.701 [FXGL Background Thread 1 ] DEBUG AssetLoaderService   - Loading from cache: /assets/textures/appletree.png
20:07:37.702 [FXGL Background Thread 1 ] DEBUG AssetLoaderService   - Loading from cache: /assets/textures/bush.png
20:07:37.707 [FXGL Background Thread 1 ] DEBUG AssetLoaderService   - Loading from cache: /assets/textures/tree.png
20:07:37.710 [FXGL Background Thread 1 ] DEBUG AssetLoaderService   - Loading from cache: /assets/textures/bush.png
20:07:37.711 [FXGL Background Thread 1 ] DEBUG AssetLoaderService   - Loading from cache: /assets/textures/tree.png
20:07:37.712 [FXGL Background Thread 1 ] DEBUG AssetLoaderService   - Loading from cache: /assets/textures/bush.png
20:07:37.714 [FXGL Background Thread 1 ] DEBUG AssetLoaderService   - Loading from cache: /assets/textures/tree.png
20:07:37.716 [FXGL Background Thread 1 ] DEBUG AssetLoaderService   - Loading from cache: /assets/textures/bush.png
20:07:37.717 [FXGL Background Thread 1 ] DEBUG AssetLoaderService   - Loading from cache: /assets/textures/bush.png
20:07:37.719 [FXGL Background Thread 1 ] DEBUG AssetLoaderService   - Loading from cache: /assets/textures/tree.png
20:07:37.720 [FXGL Background Thread 1 ] DEBUG AssetLoaderService   - Loading from cache: /assets/textures/tree.png
20:07:37.726 [FXGL Background Thread 1 ] DEBUG AssetLoaderService   - Loading from cache: /assets/textures/tree.png
20:07:37.728 [FXGL Background Thread 1 ] DEBUG AssetLoaderService   - Loading from cache: /assets/textures/bush.png
20:07:37.730 [FXGL Background Thread 1 ] DEBUG AssetLoaderService   - Loading from cache: /assets/textures/tree.png
20:07:37.732 [FXGL Background Thread 1 ] DEBUG AssetLoaderService   - Loading from cache: /assets/textures/bush.png
20:07:37.733 [FXGL Background Thread 1 ] DEBUG AssetLoaderService   - Loading from cache: /assets/textures/appletree.png
20:07:37.734 [FXGL Background Thread 1 ] DEBUG AssetLoaderService   - Loading from cache: /assets/textures/bush.png
20:07:37.735 [FXGL Background Thread 1 ] DEBUG AssetLoaderService   - Loading from cache: /assets/textures/tree.png
20:07:37.741 [FXGL Background Thread 1 ] DEBUG AssetLoaderService   - Loading from cache: /assets/textures/bush.png
20:07:37.743 [FXGL Background Thread 1 ] DEBUG AssetLoaderService   - Loading from cache: /assets/textures/appletree.png
20:07:37.744 [FXGL Background Thread 1 ] DEBUG AssetLoaderService   - Loading from cache: /assets/textures/bush.png
20:07:37.745 [FXGL Background Thread 1 ] DEBUG AssetLoaderService   - Loading from cache: /assets/textures/appletree.png
20:07:37.748 [FXGL Background Thread 1 ] DEBUG AssetLoaderService   - Loading from file system: /assets/textures/bluehouse.png
20:07:37.751 [FXGL Background Thread 1 ] DEBUG AssetLoaderService   - Loading from cache: /assets/textures/appletree.png
20:07:37.752 [FXGL Background Thread 1 ] DEBUG AssetLoaderService   - Loading from file system: /assets/textures/redhouse.png
20:07:37.757 [FXGL Background Thread 1 ] DEBUG AssetLoaderService   - Loading from cache: /assets/textures/appletree.png
20:07:37.759 [FXGL Background Thread 1 ] DEBUG AssetLoaderService   - Loading from cache: /assets/textures/redhouse.png
20:07:37.760 [FXGL Background Thread 1 ] DEBUG AssetLoaderService   - Loading from cache: /assets/textures/appletree.png
20:07:37.762 [FXGL Background Thread 1 ] DEBUG AssetLoaderService   - Loading from cache: /assets/textures/bluehouse.png
20:07:37.764 [FXGL Background Thread 1 ] DEBUG AssetLoaderService   - Loading from cache: /assets/textures/appletree.png
20:07:37.765 [FXGL Background Thread 1 ] DEBUG AssetLoaderService   - Loading from cache: /assets/textures/appletree.png
20:07:37.766 [FXGL Background Thread 1 ] DEBUG AssetLoaderService   - Loading from cache: /assets/textures/bush.png
20:07:37.768 [FXGL Background Thread 1 ] DEBUG AssetLoaderService   - Loading from cache: /assets/textures/rock.png
20:07:37.770 [FXGL Background Thread 1 ] INFO  GameApplication      - Game initialization took: 1.049 sec
20:07:37.771 [JavaFX Application Thread] DEBUG Input                - Clearing active input actions
20:07:37.817 [JavaFX Application Thread] DEBUG WindowService        - Removing overlay from FXGLLoadingScene and adding to GameScene
20:07:37.817 [JavaFX Application Thread] DEBUG MainWindow           - FXGLLoadingScene -> GameScene
20:07:39.496 [FXGL Background Thread 2 ] DEBUG Engine               - Logging environment variables
20:07:39.497 [FXGL Background Thread 2 ] DEBUG Engine               - achievements: []
20:07:39.497 [FXGL Background Thread 2 ] DEBUG Engine               - language: ObjectProperty [value: ENGLISH]
20:07:39.497 [FXGL Background Thread 2 ] DEBUG Engine               - isCloseConfirmation: false
20:07:39.497 [FXGL Background Thread 2 ] DEBUG Engine               - isProfilingEnabled: false
20:07:39.497 [FXGL Background Thread 2 ] DEBUG Engine               - soundNotification: core/notification.wav
20:07:39.497 [FXGL Background Thread 2 ] DEBUG Engine               - devShowBBoxProperty: BooleanProperty [value: false]
20:07:39.497 [FXGL Background Thread 2 ] DEBUG Engine               - pixelsPerMeter: 50.0
20:07:39.498 [FXGL Background Thread 2 ] DEBUG Engine               - appIcon: fxgl_icon.png
20:07:39.498 [FXGL Background Thread 2 ] DEBUG Engine               - soundMenuBack: menu/back.wav
20:07:39.498 [FXGL Background Thread 2 ] DEBUG Engine               - isFullScreenAllowed: false
20:07:39.498 [FXGL Background Thread 2 ] DEBUG Engine               - isIntroEnabled: false
20:07:39.498 [FXGL Background Thread 2 ] DEBUG Engine               - fontMono: lucida_console.ttf
20:07:39.498 [FXGL Background Thread 2 ] DEBUG Engine               - soundMenuSelect: menu/select.wav
20:07:39.498 [FXGL Background Thread 2 ] DEBUG Engine               - isWindows: false
20:07:39.498 [FXGL Background Thread 2 ] DEBUG Engine               - isMobile: false
20:07:39.498 [FXGL Background Thread 2 ] DEBUG Engine               - isUserProfileEnabled: false
20:07:39.498 [FXGL Background Thread 2 ] DEBUG Engine               - height: 640
20:07:39.499 [FXGL Background Thread 2 ] DEBUG Engine               - isExperimentalNative: false
20:07:39.499 [FXGL Background Thread 2 ] DEBUG Engine               - settings: Title: FriendMaker2077
Version: 0.1
Width: 640
Height: 640
Fullscreen: false
Intro: false
Menus: false
Profiling: false
Single step:false
App Mode: DEVELOPER
Menu Key: ESCAPE
Stage Style: DECORATED
Scene Factory: class ui.MenuFactory

20:07:39.499 [FXGL Background Thread 2 ] DEBUG Engine               - isSingleStep: false
20:07:39.499 [FXGL Background Thread 2 ] DEBUG Engine               - cSSList: [fxgl_dark.css]
20:07:39.499 [FXGL Background Thread 2 ] DEBUG Engine               - fontGame: Abel-Regular.ttf
20:07:39.499 [FXGL Background Thread 2 ] DEBUG Engine               - menuKey: ESCAPE
20:07:39.499 [FXGL Background Thread 2 ] DEBUG Engine               - devShowPositionProperty: BooleanProperty [value: false]
20:07:39.499 [FXGL Background Thread 2 ] DEBUG Engine               - versionCheckDays: 7
20:07:39.499 [FXGL Background Thread 2 ] DEBUG Engine               - configClass: Optional.empty
20:07:39.499 [FXGL Background Thread 2 ] DEBUG Engine               - isFullScreenFromStart: false
20:07:39.500 [FXGL Background Thread 2 ] DEBUG Engine               - version: 0.1
20:07:39.500 [FXGL Background Thread 2 ] DEBUG Engine               - fullScreen: BooleanProperty [value: false]
20:07:39.500 [FXGL Background Thread 2 ] DEBUG Engine               - randomSeed: -1
20:07:39.500 [FXGL Background Thread 2 ] DEBUG Engine               - gameDifficultyProperty: ObjectProperty [value: MEDIUM]
20:07:39.500 [FXGL Background Thread 2 ] DEBUG Engine               - applicationMode: DEVELOPER
20:07:39.500 [FXGL Background Thread 2 ] DEBUG Engine               - isMac: true
20:07:39.500 [FXGL Background Thread 2 ] DEBUG Engine               - isMenuEnabled: false
20:07:39.501 [FXGL Background Thread 2 ] DEBUG Engine               - urlPOM: https://raw.githubusercontent.com/AlmasB/FXGL/master/pom.xml
20:07:39.501 [FXGL Background Thread 2 ] DEBUG Engine               - profileName: StringProperty [value: DEFAULT]
20:07:39.501 [FXGL Background Thread 2 ] DEBUG Engine               - notificationViewClass: class com.almasb.fxgl.notification.view.XboxNotificationView
20:07:39.501 [FXGL Background Thread 2 ] DEBUG Engine               - devSensorColorProperty: ObjectProperty [value: 0xffff00ff]
20:07:39.501 [FXGL Background Thread 2 ] DEBUG Engine               - sceneFactory: ui.MenuFactory@6d14b1bb
20:07:39.501 [FXGL Background Thread 2 ] DEBUG Engine               - stageStyle: DECORATED
20:07:39.501 [FXGL Background Thread 2 ] DEBUG Engine               - isManualResizeEnabled: false
20:07:39.502 [FXGL Background Thread 2 ] DEBUG Engine               - title: FriendMaker2077
20:07:39.502 [FXGL Background Thread 2 ] DEBUG Engine               - platform: MAC
20:07:39.502 [FXGL Background Thread 2 ] DEBUG Engine               - devBBoxColorProperty: ObjectProperty [value: 0xff0000ff]
20:07:39.502 [FXGL Background Thread 2 ] DEBUG Engine               - gameDifficulty: MEDIUM
20:07:39.502 [FXGL Background Thread 2 ] DEBUG Engine               - isDesktop: true
20:07:39.502 [FXGL Background Thread 2 ] DEBUG Engine               - supportedLanguages: [ENGLISH, FRENCH, GERMAN, HUNGARIAN, RUSSIAN]
20:07:39.502 [FXGL Background Thread 2 ] DEBUG Engine               - credits: []
20:07:39.503 [FXGL Background Thread 2 ] DEBUG Engine               - globalMusicVolumeProperty: DoubleProperty [value: 0.5]
20:07:39.503 [FXGL Background Thread 2 ] DEBUG Engine               - isPreserveResizeRatio: false
20:07:39.503 [FXGL Background Thread 2 ] DEBUG Engine               - fontText: Courier-Prime.ttf
20:07:39.503 [FXGL Background Thread 2 ] DEBUG Engine               - isExperimentalTiledLargeMap: false
20:07:39.503 [FXGL Background Thread 2 ] DEBUG Engine               - secondsIn24h: 60
20:07:39.503 [FXGL Background Thread 2 ] DEBUG Engine               - runtimeInfo: RuntimeInfo(platform=MAC, version=11.8, build=08.03.2020 09.25)
20:07:39.503 [FXGL Background Thread 2 ] DEBUG Engine               - isLinux: false
20:07:39.504 [FXGL Background Thread 2 ] DEBUG Engine               - soundMenuPress: menu/press.wav
20:07:39.504 [FXGL Background Thread 2 ] DEBUG Engine               - urlGithub: https://github.com/AlmasB/FXGL
20:07:39.504 [FXGL Background Thread 2 ] DEBUG Engine               - profileDir: profiles/
20:07:39.504 [FXGL Background Thread 2 ] DEBUG Engine               - isDeveloperMenuEnabled: false
20:07:39.504 [FXGL Background Thread 2 ] DEBUG Engine               - globalSoundVolumeProperty: DoubleProperty [value: 0.5]
20:07:39.504 [FXGL Background Thread 2 ] DEBUG Engine               - mainWindow: com.almasb.fxgl.app.MainWindow@692b38c1
20:07:39.505 [FXGL Background Thread 2 ] DEBUG Engine               - isBrowser: false
20:07:39.505 [FXGL Background Thread 2 ] DEBUG Engine               - urlLeaderboard: http://fxgl-top.herokuapp.com/
20:07:39.506 [FXGL Background Thread 2 ] DEBUG Engine               - globalSoundVolume: 0.5
20:07:39.506 [FXGL Background Thread 2 ] DEBUG Engine               - engineServices: [class com.almasb.fxgl.app.GameApplication$GameApplicationService, class com.almasb.fxgl.app.services.WindowService, class com.almasb.fxgl.app.services.FXGLDialogService, class com.almasb.fxgl.app.services.IOTaskExecutorService, class com.almasb.fxgl.event.EventBusService, class com.almasb.fxgl.io.FileSystemService, class com.almasb.fxgl.localization.LocalizationService, class com.almasb.fxgl.app.services.AssetLoaderService, class com.almasb.fxgl.app.services.SystemBundleService, class com.almasb.fxgl.profile.SaveLoadService, class com.almasb.fxgl.ui.FXGLUIFactoryServiceProvider, class com.almasb.fxgl.ui.FXGLDialogFactoryServiceProvider, class com.almasb.fxgl.audio.AudioPlayer, class com.almasb.fxgl.notification.impl.NotificationServiceProvider, class com.almasb.fxgl.achievement.AchievementService, class com.almasb.fxgl.cutscene.CutsceneService, class com.almasb.fxgl.minigames.MiniGameService, class com.almasb.fxgl.net.NetService, class com.almasb.fxgl.app.services.UpdaterService]
20:07:39.507 [FXGL Background Thread 2 ] DEBUG Engine               - globalMusicVolume: 0.5
20:07:39.508 [FXGL Background Thread 2 ] DEBUG Engine               - width: 640
20:07:39.508 [FXGL Background Thread 2 ] DEBUG Engine               - saveFileExt: sav
20:07:39.508 [FXGL Background Thread 2 ] DEBUG Engine               - isAndroid: false
20:07:39.509 [FXGL Background Thread 2 ] DEBUG Engine               - fontUI: VarelaRound-Regular.ttf
20:07:39.509 [FXGL Background Thread 2 ] DEBUG Engine               - enabledMenuItems: []
20:07:39.509 [FXGL Background Thread 2 ] DEBUG Engine               - isIOS: false
20:07:39.510 [FXGL Background Thread 2 ] DEBUG Engine               - Logging services
20:07:39.510 [FXGL Background Thread 2 ] DEBUG Engine               - class com.almasb.fxgl.app.GameApplication$GameApplicationService
20:07:39.510 [FXGL Background Thread 2 ] DEBUG Engine               - class com.almasb.fxgl.app.services.WindowService
20:07:39.510 [FXGL Background Thread 2 ] DEBUG Engine               - class com.almasb.fxgl.app.services.FXGLDialogService
20:07:39.510 [FXGL Background Thread 2 ] DEBUG Engine               - class com.almasb.fxgl.app.services.IOTaskExecutorService
20:07:39.510 [FXGL Background Thread 2 ] DEBUG Engine               - class com.almasb.fxgl.event.EventBusService
20:07:39.510 [FXGL Background Thread 2 ] DEBUG Engine               - class com.almasb.fxgl.io.FileSystemService
20:07:39.510 [FXGL Background Thread 2 ] DEBUG Engine               - class com.almasb.fxgl.localization.LocalizationService
20:07:39.511 [FXGL Background Thread 2 ] DEBUG Engine               - class com.almasb.fxgl.app.services.AssetLoaderService
20:07:39.511 [FXGL Background Thread 2 ] DEBUG Engine               - class com.almasb.fxgl.app.services.SystemBundleService
20:07:39.511 [FXGL Background Thread 2 ] DEBUG Engine               - class com.almasb.fxgl.profile.SaveLoadService
20:07:39.511 [FXGL Background Thread 2 ] DEBUG Engine               - class com.almasb.fxgl.ui.FXGLUIFactoryServiceProvider
20:07:39.511 [FXGL Background Thread 2 ] DEBUG Engine               - class com.almasb.fxgl.ui.FXGLDialogFactoryServiceProvider
20:07:39.511 [FXGL Background Thread 2 ] DEBUG Engine               - class com.almasb.fxgl.audio.AudioPlayer
20:07:39.511 [FXGL Background Thread 2 ] DEBUG Engine               - class com.almasb.fxgl.notification.impl.NotificationServiceProvider
20:07:39.512 [FXGL Background Thread 2 ] DEBUG Engine               - class com.almasb.fxgl.achievement.AchievementService
20:07:39.512 [FXGL Background Thread 2 ] DEBUG Engine               - class com.almasb.fxgl.cutscene.CutsceneService
20:07:39.512 [FXGL Background Thread 2 ] DEBUG Engine               - class com.almasb.fxgl.minigames.MiniGameService
20:07:39.512 [FXGL Background Thread 2 ] DEBUG Engine               - class com.almasb.fxgl.net.NetService
20:07:39.512 [FXGL Background Thread 2 ] DEBUG Engine               - class com.almasb.fxgl.app.services.UpdaterService
20:07:54.805 [JavaFX Application Thread] DEBUG AssetLoaderService   - Loading from file system: /assets/sounds/bump.wav
20:07:55.739 [JavaFX Application Thread] DEBUG AssetLoaderService   - Loading from cache: /assets/sounds/bump.wav
20:07:56.772 [JavaFX Application Thread] DEBUG AssetLoaderService   - Loading from cache: /assets/sounds/bump.wav
20:07:56.805 [JavaFX Application Thread] DEBUG AssetLoaderService   - Loading from cache: /assets/sounds/bump.wav
20:07:57.872 [JavaFX Application Thread] DEBUG AssetLoaderService   - Loading from cache: /assets/sounds/bump.wav
20:08:01.688 [JavaFX Application Thread] DEBUG AssetLoaderService   - Loading from cache: /assets/sounds/bump.wav
20:08:02.655 [JavaFX Application Thread] DEBUG AssetLoaderService   - Loading from cache: /assets/sounds/bump.wav
20:13:19.005 [JavaFX Application Thread] DEBUG AssetLoaderService   - Loading from cache: /assets/sounds/bump.wav
20:13:19.472 [JavaFX Application Thread] DEBUG AssetLoaderService   - Loading from cache: /assets/sounds/bump.wav
20:13:19.504 [JavaFX Application Thread] DEBUG AssetLoaderService   - Loading from cache: /assets/sounds/bump.wav
20:13:22.555 [JavaFX Application Thread] DEBUG AssetLoaderService   - Loading from cache: /assets/sounds/bump.wav
20:13:22.589 [JavaFX Application Thread] DEBUG AssetLoaderService   - Loading from cache: /assets/sounds/bump.wav
20:13:23.639 [JavaFX Application Thread] DEBUG AssetLoaderService   - Loading from cache: /assets/sounds/bump.wav
20:13:23.705 [JavaFX Application Thread] DEBUG AssetLoaderService   - Loading from cache: /assets/sounds/bump.wav
20:13:23.721 [JavaFX Application Thread] DEBUG AssetLoaderService   - Loading from cache: /assets/sounds/bump.wav
20:13:26.674 [JavaFX Application Thread] DEBUG AssetLoaderService   - Loading from cache: /assets/sounds/bump.wav
20:13:27.872 [JavaFX Application Thread] DEBUG AssetLoaderService   - Loading from cache: /assets/sounds/bump.wav
20:13:28.089 [JavaFX Application Thread] DEBUG AssetLoaderService   - Loading from cache: /assets/sounds/bump.wav
20:13:29.656 [JavaFX Application Thread] DEBUG AssetLoaderService   - Loading from cache: /assets/sounds/bump.wav
20:13:29.989 [JavaFX Application Thread] DEBUG AssetLoaderService   - Loading from cache: /assets/sounds/bump.wav
20:13:30.055 [JavaFX Application Thread] DEBUG AssetLoaderService   - Loading from cache: /assets/sounds/bump.wav
20:13:30.089 [JavaFX Application Thread] DEBUG AssetLoaderService   - Loading from cache: /assets/sounds/bump.wav
20:13:30.423 [JavaFX Application Thread] DEBUG AssetLoaderService   - Loading from cache: /assets/sounds/bump.wav
20:13:31.706 [JavaFX Application Thread] DEBUG AssetLoaderService   - Loading from cache: /assets/sounds/bump.wav
20:13:31.922 [JavaFX Application Thread] DEBUG AssetLoaderService   - Loading from cache: /assets/sounds/bump.wav
20:13:32.105 [JavaFX Application Thread] DEBUG AssetLoaderService   - Loading from cache: /assets/sounds/bump.wav
20:13:33.006 [JavaFX Application Thread] DEBUG AssetLoaderService   - Loading from cache: /assets/sounds/bump.wav
20:13:33.305 [JavaFX Application Thread] DEBUG AssetLoaderService   - Loading from cache: /assets/sounds/bump.wav
20:13:33.340 [JavaFX Application Thread] DEBUG AssetLoaderService   - Loading from cache: /assets/sounds/bump.wav
20:13:34.422 [JavaFX Application Thread] DEBUG AssetLoaderService   - Loading from cache: /assets/sounds/bump.wav
20:13:34.723 [JavaFX Application Thread] DEBUG AssetLoaderService   - Loading from cache: /assets/sounds/bump.wav
20:13:36.022 [JavaFX Application Thread] DEBUG AssetLoaderService   - Loading from cache: /assets/sounds/bump.wav
20:13:36.056 [JavaFX Application Thread] DEBUG AssetLoaderService   - Loading from cache: /assets/sounds/bump.wav
20:13:38.651 [JavaFX Application Thread] DEBUG GameApplication      - Exiting FXGL
20:13:38.651 [JavaFX Application Thread] DEBUG LoopRunner           - Stopping loop
20:13:38.651 [JavaFX Application Thread] DEBUG SystemBundleService  - Saving FXGL system data
20:13:38.654 [JavaFX Application Thread] DEBUG FileSystemAccess     - Writing to: /Users/mackenziedalton/git/FriendMaker2077-07-03/system/fxgl.bundle
20:13:38.659 [JavaFX Application Thread] DEBUG GameApplication      - Shutting down background threads
20:13:38.660 [JavaFX Application Thread] DEBUG GameApplication      - Closing logger and exiting JavaFX
