20:01:25.750 [main                     ] DEBUG GameApplication      - Logger initialized
20:01:25.782 [main                     ] DEBUG GameApplication      - Logging settings
Title: FriendMaker2077
Version: 0.1
Width: 640
Height: 640
Fullscreen: false
Intro: false
Menus: false
Profiling: false
Single step:false
App Mode: DEVELOPER
Menu Key: ESCAPE
Stage Style: DECORATED
Scene Factory: class ui.MenuFactory

20:01:26.201 [JavaFX Application Thread] DEBUG GameApplication      - Initializing FXGL
20:01:26.235 [JavaFX Application Thread] INFO  Engine               - FXGL-11.8 (08.03.2020 09.25) on MAC (J:13.0.2 FX:13.0.2)
20:01:26.236 [JavaFX Application Thread] INFO  Engine               - Source code and latest versions at: https://github.com/AlmasB/FXGL
20:01:26.237 [JavaFX Application Thread] INFO  Engine               -              Join the FXGL chat at: https://gitter.im/AlmasB/FXGL
20:01:26.455 [JavaFX Application Thread] DEBUG MainWindow           - Creating a JavaFX scene
20:01:26.559 [JavaFX Application Thread] DEBUG MainWindow           - Target settings size: 640.0 x 640.0
20:01:26.559 [JavaFX Application Thread] DEBUG MainWindow           - Scaled scene size:    640.0 x 640.0
20:01:26.560 [JavaFX Application Thread] DEBUG MainWindow           - Scaled ratio: (1.0, 1.0)
20:01:26.563 [JavaFX Application Thread] DEBUG MainWindow           - Set initial scene to FXGLStartupScene
20:01:26.576 [JavaFX Application Thread] DEBUG MainWindow           - Opening main window
20:01:26.712 [JavaFX Application Thread] DEBUG MainWindow           - Window border size: (0.0, 22.0)
20:01:26.713 [JavaFX Application Thread] DEBUG MainWindow           - Scaled size: 640.0 x 640.0
20:01:26.714 [JavaFX Application Thread] DEBUG MainWindow           - Scaled ratio: (1.0, 1.0)
20:01:26.714 [JavaFX Application Thread] DEBUG MainWindow           - Scene size: 640.0 x 640.0
20:01:26.714 [JavaFX Application Thread] DEBUG MainWindow           - Stage size: 640.0 x 662.0
20:01:26.729 [FXGL Background Thread 1 ] DEBUG Engine               - Initializing environment variables
20:01:26.878 [FXGL Background Thread 1 ] DEBUG WindowService        - Applying CSS: fxgl_dark.css
20:01:26.879 [FXGL Background Thread 1 ] DEBUG AssetLoaderService   - Loading from file system: /assets/ui/css/fxgl_dark.css
20:01:27.045 [FXGL Background Thread 1 ] DEBUG WindowService        - Initializing application scenes
20:01:27.391 [FXGL Background Thread 1 ] DEBUG GameWorld            - Game world initialized
20:01:27.449 [FXGL Background Thread 1 ] DEBUG PhysicsWorld         - Physics world initialized: appHeight=640, physics.ppm=50.0
20:01:27.453 [FXGL Background Thread 1 ] DEBUG GameScene            - Game scene initialized: 640x640
20:01:27.463 [FXGL Background Thread 1 ] DEBUG Input                - Registered new binding: Resume - Esc
20:01:27.491 [FXGL Background Thread 1 ] DEBUG Input                - Registered new binding: Pause - Esc
20:01:27.491 [FXGL Background Thread 1 ] DEBUG WindowService        - Application scenes initialized
20:01:27.510 [FXGL Background Thread 1 ] DEBUG SystemBundleService  - Loading FXGL system data
20:01:27.517 [FXGL Background Thread 1 ] DEBUG FileSystemAccess     - Reading from: /Users/mackenziedalton/git/FriendMaker2077-07-03/system/fxgl.bundle
20:01:27.535 [FXGL Background Thread 1 ] DEBUG SystemBundleService  - Bundle FXGL: {}
20:01:27.535 [FXGL Background Thread 1 ] INFO  Engine               - FXGL initialization took: 0.794 sec
20:01:27.539 [FXGL Background Thread 1 ] DEBUG GameApplication      - Loading localizations
20:01:27.541 [FXGL Background Thread 1 ] DEBUG AssetLoaderService   - Loading from file system: /assets/properties/languages/english.properties
20:01:27.546 [FXGL Background Thread 1 ] DEBUG AssetLoaderService   - Loading from file system: /assets/properties/languages/french.properties
20:01:27.549 [FXGL Background Thread 1 ] DEBUG AssetLoaderService   - Loading from file system: /assets/properties/languages/german.properties
20:01:27.551 [FXGL Background Thread 1 ] DEBUG AssetLoaderService   - Loading from file system: /assets/properties/languages/hungarian.properties
20:01:27.553 [FXGL Background Thread 1 ] DEBUG AssetLoaderService   - Loading from file system: /assets/properties/languages/russian.properties
20:01:27.555 [FXGL Background Thread 1 ] DEBUG GameApplication      - Registering font factories with UI factory
20:01:27.556 [FXGL Background Thread 1 ] DEBUG AssetLoaderService   - Loading from file system: /assets/ui/fonts/VarelaRound-Regular.ttf
20:01:27.609 [FXGL Background Thread 1 ] DEBUG AssetLoaderService   - Loading from file system: /assets/ui/fonts/Abel-Regular.ttf
20:01:27.613 [FXGL Background Thread 1 ] DEBUG AssetLoaderService   - Loading from file system: /assets/ui/fonts/lucida_console.ttf
20:01:27.620 [FXGL Background Thread 1 ] DEBUG AssetLoaderService   - Loading from file system: /assets/ui/fonts/Courier-Prime.ttf
20:01:27.628 [JavaFX Application Thread] DEBUG Input                - Registered new binding: Move Right - D
20:01:27.629 [JavaFX Application Thread] DEBUG Input                - Registered new binding: Move Left - A
20:01:27.630 [JavaFX Application Thread] DEBUG Input                - Registered new binding: Move Up - W
20:01:27.630 [JavaFX Application Thread] DEBUG Input                - Registered new binding: Move Down - S
20:01:27.631 [JavaFX Application Thread] DEBUG Input                - Registered new binding: Play Sound - F
20:01:27.631 [JavaFX Application Thread] DEBUG AssetLoaderService   - Loading from file system: /assets/textures/fxgl_icon.png
20:01:27.725 [JavaFX Application Thread] DEBUG AssetLoaderService   - Loading from file system: /assets/ui/cursors/fxgl_default.png
20:01:27.729 [JavaFX Application Thread] DEBUG Input                - Registered new binding: Screenshot - P
20:01:27.730 [JavaFX Application Thread] DEBUG Input                - Registered new binding: System info dump - CTRL+9
20:01:27.731 [JavaFX Application Thread] DEBUG Input                - Registered new binding: Restart - CTRL+R
20:01:27.732 [JavaFX Application Thread] DEBUG LoopRunner           - Starting loop
20:01:27.768 [JavaFX Application Thread] DEBUG FXGLStartupScene     - STARTUP
20:01:27.768 [JavaFX Application Thread] DEBUG WindowService        - Starting new game
20:01:27.772 [JavaFX Application Thread] DEBUG Input                - Clearing active input actions
20:01:27.788 [JavaFX Application Thread] DEBUG WindowService        - Removing overlay from FXGLStartupScene and adding to FXGLLoadingScene
20:01:27.789 [JavaFX Application Thread] DEBUG MainWindow           - FXGLStartupScene -> FXGLLoadingScene
20:01:27.789 [JavaFX Application Thread] DEBUG WindowService        - Clearing previous game
20:01:27.789 [JavaFX Application Thread] DEBUG GameScene            - Clearing game scene
20:01:27.790 [JavaFX Application Thread] DEBUG GameWorld            - Clearing game world
20:01:27.790 [JavaFX Application Thread] DEBUG PhysicsWorld         - Clearing physics world
20:01:27.792 [FXGL Background Thread 1 ] DEBUG GameApplication      - Initializing game
20:01:27.804 [FXGL Background Thread 1 ] DEBUG AssetLoaderService   - Loading from file system: /assets/textures/EmptyMap.png
20:01:28.466 [FXGL Background Thread 1 ] DEBUG AssetLoaderService   - Loading from file system: /assets/sounds/soundtrack.wav
20:01:28.638 [FXGL Background Thread 1 ] DEBUG AssetLoaderService   - Loading from file system: /assets/textures/CharacterSprite.png
20:01:28.642 [FXGL Background Thread 1 ] DEBUG AssetLoaderService   - Loading from cache: /assets/textures/CharacterSprite.png
20:01:28.645 [FXGL Background Thread 1 ] DEBUG AssetLoaderService   - Loading from cache: /assets/textures/CharacterSprite.png
20:01:28.646 [FXGL Background Thread 1 ] DEBUG AssetLoaderService   - Loading from cache: /assets/textures/CharacterSprite.png
20:01:28.650 [FXGL Background Thread 1 ] DEBUG AssetLoaderService   - Loading from cache: /assets/textures/CharacterSprite.png
20:01:28.651 [FXGL Background Thread 1 ] DEBUG AssetLoaderService   - Loading from cache: /assets/textures/CharacterSprite.png
20:01:28.668 [FXGL Background Thread 1 ] DEBUG AssetLoaderService   - Loading from file system: /assets/textures/bbox.png
20:01:28.702 [FXGL Background Thread 1 ] DEBUG AssetLoaderService   - Loading from file system: /assets/textures/froggysprite.png
20:01:28.704 [FXGL Background Thread 1 ] DEBUG AssetLoaderService   - Loading from cache: /assets/textures/froggysprite.png
20:01:28.704 [FXGL Background Thread 1 ] DEBUG AssetLoaderService   - Loading from cache: /assets/textures/froggysprite.png
20:01:28.705 [FXGL Background Thread 1 ] DEBUG AssetLoaderService   - Loading from cache: /assets/textures/bbox.png
20:01:28.709 [FXGL Background Thread 1 ] DEBUG AssetLoaderService   - Loading from file system: /assets/textures/lighthouse.png
20:01:28.716 [FXGL Background Thread 1 ] DEBUG AssetLoaderService   - Loading from file system: /assets/textures/bush.png
20:01:28.719 [FXGL Background Thread 1 ] DEBUG AssetLoaderService   - Loading from cache: /assets/textures/bush.png
20:01:28.721 [FXGL Background Thread 1 ] DEBUG AssetLoaderService   - Loading from file system: /assets/textures/rock.png
20:01:28.724 [FXGL Background Thread 1 ] DEBUG AssetLoaderService   - Loading from cache: /assets/textures/rock.png
20:01:28.729 [FXGL Background Thread 1 ] DEBUG AssetLoaderService   - Loading from file system: /assets/textures/greenhouse.png
20:01:28.736 [FXGL Background Thread 1 ] DEBUG AssetLoaderService   - Loading from file system: /assets/textures/tree.png
20:01:28.742 [FXGL Background Thread 1 ] DEBUG AssetLoaderService   - Loading from cache: /assets/textures/bush.png
20:01:28.750 [FXGL Background Thread 1 ] DEBUG AssetLoaderService   - Loading from cache: /assets/textures/tree.png
20:01:28.751 [FXGL Background Thread 1 ] DEBUG AssetLoaderService   - Loading from cache: /assets/textures/bush.png
20:01:28.754 [FXGL Background Thread 1 ] DEBUG AssetLoaderService   - Loading from file system: /assets/textures/appletree.png
20:01:28.757 [FXGL Background Thread 1 ] DEBUG AssetLoaderService   - Loading from cache: /assets/textures/bush.png
20:01:28.758 [FXGL Background Thread 1 ] DEBUG AssetLoaderService   - Loading from cache: /assets/textures/tree.png
20:01:28.760 [FXGL Background Thread 1 ] DEBUG AssetLoaderService   - Loading from cache: /assets/textures/bush.png
20:01:28.763 [FXGL Background Thread 1 ] DEBUG AssetLoaderService   - Loading from cache: /assets/textures/appletree.png
20:01:28.766 [FXGL Background Thread 1 ] DEBUG AssetLoaderService   - Loading from cache: /assets/textures/bush.png
20:01:28.767 [FXGL Background Thread 1 ] DEBUG AssetLoaderService   - Loading from cache: /assets/textures/appletree.png
20:01:28.770 [FXGL Background Thread 1 ] DEBUG AssetLoaderService   - Loading from cache: /assets/textures/bush.png
20:01:28.771 [FXGL Background Thread 1 ] DEBUG AssetLoaderService   - Loading from cache: /assets/textures/tree.png
20:01:28.772 [FXGL Background Thread 1 ] DEBUG AssetLoaderService   - Loading from cache: /assets/textures/bush.png
20:01:28.773 [FXGL Background Thread 1 ] DEBUG AssetLoaderService   - Loading from cache: /assets/textures/tree.png
20:01:28.774 [FXGL Background Thread 1 ] DEBUG AssetLoaderService   - Loading from cache: /assets/textures/bush.png
20:01:28.776 [FXGL Background Thread 1 ] DEBUG AssetLoaderService   - Loading from cache: /assets/textures/tree.png
20:01:28.778 [FXGL Background Thread 1 ] DEBUG AssetLoaderService   - Loading from cache: /assets/textures/bush.png
20:01:28.781 [FXGL Background Thread 1 ] DEBUG AssetLoaderService   - Loading from cache: /assets/textures/bush.png
20:01:28.783 [FXGL Background Thread 1 ] DEBUG AssetLoaderService   - Loading from cache: /assets/textures/tree.png
20:01:28.787 [FXGL Background Thread 1 ] DEBUG AssetLoaderService   - Loading from cache: /assets/textures/tree.png
20:01:28.789 [FXGL Background Thread 1 ] DEBUG AssetLoaderService   - Loading from cache: /assets/textures/tree.png
20:01:28.790 [FXGL Background Thread 1 ] DEBUG AssetLoaderService   - Loading from cache: /assets/textures/bush.png
20:01:28.792 [FXGL Background Thread 1 ] DEBUG AssetLoaderService   - Loading from cache: /assets/textures/tree.png
20:01:28.795 [FXGL Background Thread 1 ] DEBUG AssetLoaderService   - Loading from cache: /assets/textures/bush.png
20:01:28.797 [FXGL Background Thread 1 ] DEBUG AssetLoaderService   - Loading from cache: /assets/textures/appletree.png
20:01:28.800 [FXGL Background Thread 1 ] DEBUG AssetLoaderService   - Loading from cache: /assets/textures/bush.png
20:01:28.801 [FXGL Background Thread 1 ] DEBUG AssetLoaderService   - Loading from cache: /assets/textures/tree.png
20:01:28.804 [FXGL Background Thread 1 ] DEBUG AssetLoaderService   - Loading from cache: /assets/textures/bush.png
20:01:28.805 [FXGL Background Thread 1 ] DEBUG AssetLoaderService   - Loading from cache: /assets/textures/appletree.png
20:01:28.806 [FXGL Background Thread 1 ] DEBUG AssetLoaderService   - Loading from cache: /assets/textures/bush.png
20:01:28.808 [FXGL Background Thread 1 ] DEBUG AssetLoaderService   - Loading from cache: /assets/textures/appletree.png
20:01:28.812 [FXGL Background Thread 1 ] DEBUG AssetLoaderService   - Loading from file system: /assets/textures/bluehouse.png
20:01:28.816 [FXGL Background Thread 1 ] DEBUG AssetLoaderService   - Loading from cache: /assets/textures/appletree.png
20:01:28.817 [FXGL Background Thread 1 ] DEBUG AssetLoaderService   - Loading from file system: /assets/textures/redhouse.png
20:01:28.821 [FXGL Background Thread 1 ] DEBUG AssetLoaderService   - Loading from cache: /assets/textures/appletree.png
20:01:28.822 [FXGL Background Thread 1 ] DEBUG AssetLoaderService   - Loading from cache: /assets/textures/redhouse.png
20:01:28.823 [FXGL Background Thread 1 ] DEBUG AssetLoaderService   - Loading from cache: /assets/textures/appletree.png
20:01:28.825 [FXGL Background Thread 1 ] DEBUG AssetLoaderService   - Loading from cache: /assets/textures/bluehouse.png
20:01:28.826 [FXGL Background Thread 1 ] DEBUG AssetLoaderService   - Loading from cache: /assets/textures/appletree.png
20:01:28.832 [FXGL Background Thread 1 ] INFO  GameApplication      - Game initialization took: 1.040 sec
20:01:28.834 [JavaFX Application Thread] DEBUG Input                - Clearing active input actions
20:01:28.881 [JavaFX Application Thread] DEBUG WindowService        - Removing overlay from FXGLLoadingScene and adding to GameScene
20:01:28.882 [JavaFX Application Thread] DEBUG MainWindow           - FXGLLoadingScene -> GameScene
20:01:30.542 [FXGL Background Thread 2 ] DEBUG Engine               - Logging environment variables
20:01:30.544 [FXGL Background Thread 2 ] DEBUG Engine               - achievements: []
20:01:30.545 [FXGL Background Thread 2 ] DEBUG Engine               - language: ObjectProperty [value: ENGLISH]
20:01:30.545 [FXGL Background Thread 2 ] DEBUG Engine               - isCloseConfirmation: false
20:01:30.546 [FXGL Background Thread 2 ] DEBUG Engine               - isProfilingEnabled: false
20:01:30.546 [FXGL Background Thread 2 ] DEBUG Engine               - soundNotification: core/notification.wav
20:01:30.546 [FXGL Background Thread 2 ] DEBUG Engine               - devShowBBoxProperty: BooleanProperty [value: false]
20:01:30.546 [FXGL Background Thread 2 ] DEBUG Engine               - pixelsPerMeter: 50.0
20:01:30.547 [FXGL Background Thread 2 ] DEBUG Engine               - appIcon: fxgl_icon.png
20:01:30.547 [FXGL Background Thread 2 ] DEBUG Engine               - soundMenuBack: menu/back.wav
20:01:30.547 [FXGL Background Thread 2 ] DEBUG Engine               - isFullScreenAllowed: false
20:01:30.548 [FXGL Background Thread 2 ] DEBUG Engine               - isIntroEnabled: false
20:01:30.549 [FXGL Background Thread 2 ] DEBUG Engine               - fontMono: lucida_console.ttf
20:01:30.549 [FXGL Background Thread 2 ] DEBUG Engine               - soundMenuSelect: menu/select.wav
20:01:30.549 [FXGL Background Thread 2 ] DEBUG Engine               - isWindows: false
20:01:30.549 [FXGL Background Thread 2 ] DEBUG Engine               - isMobile: false
20:01:30.549 [FXGL Background Thread 2 ] DEBUG Engine               - isUserProfileEnabled: false
20:01:30.550 [FXGL Background Thread 2 ] DEBUG Engine               - height: 640
20:01:30.550 [FXGL Background Thread 2 ] DEBUG Engine               - isExperimentalNative: false
20:01:30.550 [FXGL Background Thread 2 ] DEBUG Engine               - settings: Title: FriendMaker2077
Version: 0.1
Width: 640
Height: 640
Fullscreen: false
Intro: false
Menus: false
Profiling: false
Single step:false
App Mode: DEVELOPER
Menu Key: ESCAPE
Stage Style: DECORATED
Scene Factory: class ui.MenuFactory

20:01:30.550 [FXGL Background Thread 2 ] DEBUG Engine               - isSingleStep: false
20:01:30.551 [FXGL Background Thread 2 ] DEBUG Engine               - cSSList: [fxgl_dark.css]
20:01:30.551 [FXGL Background Thread 2 ] DEBUG Engine               - fontGame: Abel-Regular.ttf
20:01:30.551 [FXGL Background Thread 2 ] DEBUG Engine               - menuKey: ESCAPE
20:01:30.551 [FXGL Background Thread 2 ] DEBUG Engine               - devShowPositionProperty: BooleanProperty [value: false]
20:01:30.551 [FXGL Background Thread 2 ] DEBUG Engine               - versionCheckDays: 7
20:01:30.551 [FXGL Background Thread 2 ] DEBUG Engine               - configClass: Optional.empty
20:01:30.551 [FXGL Background Thread 2 ] DEBUG Engine               - isFullScreenFromStart: false
20:01:30.551 [FXGL Background Thread 2 ] DEBUG Engine               - version: 0.1
20:01:30.551 [FXGL Background Thread 2 ] DEBUG Engine               - fullScreen: BooleanProperty [value: false]
20:01:30.552 [FXGL Background Thread 2 ] DEBUG Engine               - randomSeed: -1
20:01:30.552 [FXGL Background Thread 2 ] DEBUG Engine               - gameDifficultyProperty: ObjectProperty [value: MEDIUM]
20:01:30.552 [FXGL Background Thread 2 ] DEBUG Engine               - applicationMode: DEVELOPER
20:01:30.553 [FXGL Background Thread 2 ] DEBUG Engine               - isMac: true
20:01:30.553 [FXGL Background Thread 2 ] DEBUG Engine               - isMenuEnabled: false
20:01:30.553 [FXGL Background Thread 2 ] DEBUG Engine               - urlPOM: https://raw.githubusercontent.com/AlmasB/FXGL/master/pom.xml
20:01:30.554 [FXGL Background Thread 2 ] DEBUG Engine               - profileName: StringProperty [value: DEFAULT]
20:01:30.554 [FXGL Background Thread 2 ] DEBUG Engine               - devSensorColorProperty: ObjectProperty [value: 0xffff00ff]
20:01:30.554 [FXGL Background Thread 2 ] DEBUG Engine               - notificationViewClass: class com.almasb.fxgl.notification.view.XboxNotificationView
20:01:30.554 [FXGL Background Thread 2 ] DEBUG Engine               - sceneFactory: ui.MenuFactory@6d14b1bb
20:01:30.555 [FXGL Background Thread 2 ] DEBUG Engine               - stageStyle: DECORATED
20:01:30.555 [FXGL Background Thread 2 ] DEBUG Engine               - isManualResizeEnabled: false
20:01:30.555 [FXGL Background Thread 2 ] DEBUG Engine               - title: FriendMaker2077
20:01:30.555 [FXGL Background Thread 2 ] DEBUG Engine               - platform: MAC
20:01:30.555 [FXGL Background Thread 2 ] DEBUG Engine               - devBBoxColorProperty: ObjectProperty [value: 0xff0000ff]
20:01:30.555 [FXGL Background Thread 2 ] DEBUG Engine               - gameDifficulty: MEDIUM
20:01:30.556 [FXGL Background Thread 2 ] DEBUG Engine               - isDesktop: true
20:01:30.556 [FXGL Background Thread 2 ] DEBUG Engine               - supportedLanguages: [ENGLISH, FRENCH, GERMAN, HUNGARIAN, RUSSIAN]
20:01:30.556 [FXGL Background Thread 2 ] DEBUG Engine               - credits: []
20:01:30.556 [FXGL Background Thread 2 ] DEBUG Engine               - globalMusicVolumeProperty: DoubleProperty [value: 0.5]
20:01:30.556 [FXGL Background Thread 2 ] DEBUG Engine               - isPreserveResizeRatio: false
20:01:30.556 [FXGL Background Thread 2 ] DEBUG Engine               - fontText: Courier-Prime.ttf
20:01:30.556 [FXGL Background Thread 2 ] DEBUG Engine               - isExperimentalTiledLargeMap: false
20:01:30.557 [FXGL Background Thread 2 ] DEBUG Engine               - secondsIn24h: 60
20:01:30.557 [FXGL Background Thread 2 ] DEBUG Engine               - runtimeInfo: RuntimeInfo(platform=MAC, version=11.8, build=08.03.2020 09.25)
20:01:30.557 [FXGL Background Thread 2 ] DEBUG Engine               - isLinux: false
20:01:30.557 [FXGL Background Thread 2 ] DEBUG Engine               - urlGithub: https://github.com/AlmasB/FXGL
20:01:30.557 [FXGL Background Thread 2 ] DEBUG Engine               - soundMenuPress: menu/press.wav
20:01:30.557 [FXGL Background Thread 2 ] DEBUG Engine               - profileDir: profiles/
20:01:30.557 [FXGL Background Thread 2 ] DEBUG Engine               - isDeveloperMenuEnabled: false
20:01:30.558 [FXGL Background Thread 2 ] DEBUG Engine               - globalSoundVolumeProperty: DoubleProperty [value: 0.5]
20:01:30.558 [FXGL Background Thread 2 ] DEBUG Engine               - mainWindow: com.almasb.fxgl.app.MainWindow@692b38c1
20:01:30.558 [FXGL Background Thread 2 ] DEBUG Engine               - isBrowser: false
20:01:30.558 [FXGL Background Thread 2 ] DEBUG Engine               - urlLeaderboard: http://fxgl-top.herokuapp.com/
20:01:30.558 [FXGL Background Thread 2 ] DEBUG Engine               - globalSoundVolume: 0.5
20:01:30.558 [FXGL Background Thread 2 ] DEBUG Engine               - engineServices: [class com.almasb.fxgl.app.GameApplication$GameApplicationService, class com.almasb.fxgl.app.services.WindowService, class com.almasb.fxgl.app.services.FXGLDialogService, class com.almasb.fxgl.app.services.IOTaskExecutorService, class com.almasb.fxgl.event.EventBusService, class com.almasb.fxgl.io.FileSystemService, class com.almasb.fxgl.localization.LocalizationService, class com.almasb.fxgl.app.services.AssetLoaderService, class com.almasb.fxgl.app.services.SystemBundleService, class com.almasb.fxgl.profile.SaveLoadService, class com.almasb.fxgl.ui.FXGLUIFactoryServiceProvider, class com.almasb.fxgl.ui.FXGLDialogFactoryServiceProvider, class com.almasb.fxgl.audio.AudioPlayer, class com.almasb.fxgl.notification.impl.NotificationServiceProvider, class com.almasb.fxgl.achievement.AchievementService, class com.almasb.fxgl.cutscene.CutsceneService, class com.almasb.fxgl.minigames.MiniGameService, class com.almasb.fxgl.net.NetService, class com.almasb.fxgl.app.services.UpdaterService]
20:01:30.558 [FXGL Background Thread 2 ] DEBUG Engine               - globalMusicVolume: 0.5
20:01:30.559 [FXGL Background Thread 2 ] DEBUG Engine               - width: 640
20:01:30.559 [FXGL Background Thread 2 ] DEBUG Engine               - saveFileExt: sav
20:01:30.559 [FXGL Background Thread 2 ] DEBUG Engine               - isAndroid: false
20:01:30.559 [FXGL Background Thread 2 ] DEBUG Engine               - fontUI: VarelaRound-Regular.ttf
20:01:30.559 [FXGL Background Thread 2 ] DEBUG Engine               - isIOS: false
20:01:30.559 [FXGL Background Thread 2 ] DEBUG Engine               - enabledMenuItems: []
20:01:30.559 [FXGL Background Thread 2 ] DEBUG Engine               - Logging services
20:01:30.560 [FXGL Background Thread 2 ] DEBUG Engine               - class com.almasb.fxgl.app.GameApplication$GameApplicationService
20:01:30.560 [FXGL Background Thread 2 ] DEBUG Engine               - class com.almasb.fxgl.app.services.WindowService
20:01:30.560 [FXGL Background Thread 2 ] DEBUG Engine               - class com.almasb.fxgl.app.services.FXGLDialogService
20:01:30.560 [FXGL Background Thread 2 ] DEBUG Engine               - class com.almasb.fxgl.app.services.IOTaskExecutorService
20:01:30.560 [FXGL Background Thread 2 ] DEBUG Engine               - class com.almasb.fxgl.event.EventBusService
20:01:30.561 [FXGL Background Thread 2 ] DEBUG Engine               - class com.almasb.fxgl.io.FileSystemService
20:01:30.561 [FXGL Background Thread 2 ] DEBUG Engine               - class com.almasb.fxgl.localization.LocalizationService
20:01:30.561 [FXGL Background Thread 2 ] DEBUG Engine               - class com.almasb.fxgl.app.services.AssetLoaderService
20:01:30.561 [FXGL Background Thread 2 ] DEBUG Engine               - class com.almasb.fxgl.app.services.SystemBundleService
20:01:30.561 [FXGL Background Thread 2 ] DEBUG Engine               - class com.almasb.fxgl.profile.SaveLoadService
20:01:30.561 [FXGL Background Thread 2 ] DEBUG Engine               - class com.almasb.fxgl.ui.FXGLUIFactoryServiceProvider
20:01:30.561 [FXGL Background Thread 2 ] DEBUG Engine               - class com.almasb.fxgl.ui.FXGLDialogFactoryServiceProvider
20:01:30.561 [FXGL Background Thread 2 ] DEBUG Engine               - class com.almasb.fxgl.audio.AudioPlayer
20:01:30.562 [FXGL Background Thread 2 ] DEBUG Engine               - class com.almasb.fxgl.notification.impl.NotificationServiceProvider
20:01:30.562 [FXGL Background Thread 2 ] DEBUG Engine               - class com.almasb.fxgl.achievement.AchievementService
20:01:30.562 [FXGL Background Thread 2 ] DEBUG Engine               - class com.almasb.fxgl.cutscene.CutsceneService
20:01:30.562 [FXGL Background Thread 2 ] DEBUG Engine               - class com.almasb.fxgl.minigames.MiniGameService
20:01:30.563 [FXGL Background Thread 2 ] DEBUG Engine               - class com.almasb.fxgl.net.NetService
20:01:30.564 [FXGL Background Thread 2 ] DEBUG Engine               - class com.almasb.fxgl.app.services.UpdaterService
20:01:44.993 [JavaFX Application Thread] DEBUG AssetLoaderService   - Loading from file system: /assets/sounds/bump.wav
20:01:46.060 [JavaFX Application Thread] DEBUG AssetLoaderService   - Loading from cache: /assets/sounds/bump.wav
20:01:50.027 [JavaFX Application Thread] DEBUG AssetLoaderService   - Loading from cache: /assets/sounds/bump.wav
20:01:53.293 [JavaFX Application Thread] DEBUG AssetLoaderService   - Loading from cache: /assets/sounds/bump.wav
20:02:05.811 [JavaFX Application Thread] DEBUG AssetLoaderService   - Loading from cache: /assets/sounds/bump.wav
20:02:07.045 [JavaFX Application Thread] DEBUG AssetLoaderService   - Loading from cache: /assets/sounds/bump.wav
20:03:20.864 [JavaFX Application Thread] DEBUG AssetLoaderService   - Loading from cache: /assets/sounds/bump.wav
20:03:29.714 [JavaFX Application Thread] DEBUG AssetLoaderService   - Loading from cache: /assets/sounds/bump.wav
20:03:29.747 [JavaFX Application Thread] DEBUG AssetLoaderService   - Loading from cache: /assets/sounds/bump.wav
20:03:30.064 [JavaFX Application Thread] DEBUG AssetLoaderService   - Loading from cache: /assets/sounds/bump.wav
20:03:30.096 [JavaFX Application Thread] DEBUG AssetLoaderService   - Loading from cache: /assets/sounds/bump.wav
20:03:30.497 [JavaFX Application Thread] DEBUG AssetLoaderService   - Loading from cache: /assets/sounds/bump.wav
20:03:30.529 [JavaFX Application Thread] DEBUG AssetLoaderService   - Loading from cache: /assets/sounds/bump.wav
20:16:42.050 [JavaFX Application Thread] DEBUG AssetLoaderService   - Loading from cache: /assets/sounds/bump.wav
20:16:42.213 [JavaFX Application Thread] DEBUG AssetLoaderService   - Loading from cache: /assets/sounds/bump.wav
20:16:47.263 [JavaFX Application Thread] DEBUG AssetLoaderService   - Loading from cache: /assets/sounds/bump.wav
20:16:51.312 [JavaFX Application Thread] DEBUG AssetLoaderService   - Loading from cache: /assets/sounds/bump.wav
20:16:59.163 [JavaFX Application Thread] DEBUG AssetLoaderService   - Loading from cache: /assets/sounds/bump.wav
20:17:01.613 [JavaFX Application Thread] DEBUG AssetLoaderService   - Loading from cache: /assets/sounds/bump.wav
20:17:04.762 [JavaFX Application Thread] DEBUG MainWindow           - Push state: CustomPauseMenu
20:17:04.765 [JavaFX Application Thread] DEBUG Input                - Clearing active input actions
20:17:04.780 [JavaFX Application Thread] DEBUG WindowService        - Removing overlay from GameScene and adding to CustomPauseMenu
20:17:04.781 [JavaFX Application Thread] DEBUG MainWindow           - GameScene -> CustomPauseMenu
20:17:06.352 [JavaFX Application Thread] DEBUG GameApplication      - Exiting FXGL
20:17:06.352 [JavaFX Application Thread] DEBUG LoopRunner           - Stopping loop
20:17:06.353 [JavaFX Application Thread] DEBUG SystemBundleService  - Saving FXGL system data
20:17:06.355 [JavaFX Application Thread] DEBUG FileSystemAccess     - Writing to: /Users/mackenziedalton/git/FriendMaker2077-07-03/system/fxgl.bundle
20:17:06.359 [JavaFX Application Thread] DEBUG GameApplication      - Shutting down background threads
20:17:06.360 [JavaFX Application Thread] DEBUG GameApplication      - Closing logger and exiting JavaFX
