20:04:49.013 [main                     ] DEBUG GameApplication      - Logger initialized
20:04:49.045 [main                     ] DEBUG GameApplication      - Logging settings
Title: FriendMaker2077
Version: 0.1
Width: 640
Height: 640
Fullscreen: false
Intro: false
Menus: false
Profiling: false
Single step:false
App Mode: DEVELOPER
Menu Key: ESCAPE
Stage Style: DECORATED
Scene Factory: class ui.MenuFactory

20:04:49.553 [JavaFX Application Thread] DEBUG GameApplication      - Initializing FXGL
20:04:49.593 [JavaFX Application Thread] INFO  Engine               - FXGL-11.8 (08.03.2020 09.25) on MAC (J:13.0.2 FX:13.0.2)
20:04:49.594 [JavaFX Application Thread] INFO  Engine               - Source code and latest versions at: https://github.com/AlmasB/FXGL
20:04:49.594 [JavaFX Application Thread] INFO  Engine               -              Join the FXGL chat at: https://gitter.im/AlmasB/FXGL
20:04:49.830 [JavaFX Application Thread] DEBUG MainWindow           - Creating a JavaFX scene
20:04:49.948 [JavaFX Application Thread] DEBUG MainWindow           - Target settings size: 640.0 x 640.0
20:04:49.949 [JavaFX Application Thread] DEBUG MainWindow           - Scaled scene size:    640.0 x 640.0
20:04:49.950 [JavaFX Application Thread] DEBUG MainWindow           - Scaled ratio: (1.0, 1.0)
20:04:49.954 [JavaFX Application Thread] DEBUG MainWindow           - Set initial scene to FXGLStartupScene
20:04:49.969 [JavaFX Application Thread] DEBUG MainWindow           - Opening main window
20:04:50.103 [JavaFX Application Thread] DEBUG MainWindow           - Window border size: (0.0, 22.0)
20:04:50.103 [JavaFX Application Thread] DEBUG MainWindow           - Scaled size: 640.0 x 640.0
20:04:50.104 [JavaFX Application Thread] DEBUG MainWindow           - Scaled ratio: (1.0, 1.0)
20:04:50.104 [JavaFX Application Thread] DEBUG MainWindow           - Scene size: 640.0 x 640.0
20:04:50.104 [JavaFX Application Thread] DEBUG MainWindow           - Stage size: 640.0 x 662.0
20:04:50.117 [FXGL Background Thread 1 ] DEBUG Engine               - Initializing environment variables
20:04:50.197 [FXGL Background Thread 1 ] DEBUG WindowService        - Applying CSS: fxgl_dark.css
20:04:50.198 [FXGL Background Thread 1 ] DEBUG AssetLoaderService   - Loading from file system: /assets/ui/css/fxgl_dark.css
20:04:50.320 [FXGL Background Thread 1 ] DEBUG WindowService        - Initializing application scenes
20:04:50.832 [FXGL Background Thread 1 ] DEBUG GameWorld            - Game world initialized
20:04:50.887 [FXGL Background Thread 1 ] DEBUG PhysicsWorld         - Physics world initialized: appHeight=640, physics.ppm=50.0
20:04:50.889 [FXGL Background Thread 1 ] DEBUG GameScene            - Game scene initialized: 640x640
20:04:50.898 [FXGL Background Thread 1 ] DEBUG Input                - Registered new binding: Resume - Esc
20:04:50.934 [FXGL Background Thread 1 ] DEBUG Input                - Registered new binding: Pause - Esc
20:04:50.936 [FXGL Background Thread 1 ] DEBUG WindowService        - Application scenes initialized
20:04:50.958 [FXGL Background Thread 1 ] DEBUG SystemBundleService  - Loading FXGL system data
20:04:50.963 [FXGL Background Thread 1 ] DEBUG FileSystemAccess     - Reading from: /Users/mackenziedalton/git/FriendMaker2077-07-03/system/fxgl.bundle
20:04:50.975 [FXGL Background Thread 1 ] DEBUG SystemBundleService  - Bundle FXGL: {}
20:04:50.976 [FXGL Background Thread 1 ] INFO  Engine               - FXGL initialization took: 0.850 sec
20:04:50.979 [FXGL Background Thread 1 ] DEBUG GameApplication      - Loading localizations
20:04:50.980 [FXGL Background Thread 1 ] DEBUG AssetLoaderService   - Loading from file system: /assets/properties/languages/english.properties
20:04:50.981 [FXGL Background Thread 1 ] DEBUG AssetLoaderService   - Loading from file system: /assets/properties/languages/french.properties
20:04:50.984 [FXGL Background Thread 1 ] DEBUG AssetLoaderService   - Loading from file system: /assets/properties/languages/german.properties
20:04:50.987 [FXGL Background Thread 1 ] DEBUG AssetLoaderService   - Loading from file system: /assets/properties/languages/hungarian.properties
20:04:50.989 [FXGL Background Thread 1 ] DEBUG AssetLoaderService   - Loading from file system: /assets/properties/languages/russian.properties
20:04:50.991 [FXGL Background Thread 1 ] DEBUG GameApplication      - Registering font factories with UI factory
20:04:50.992 [FXGL Background Thread 1 ] DEBUG AssetLoaderService   - Loading from file system: /assets/ui/fonts/VarelaRound-Regular.ttf
20:04:51.032 [FXGL Background Thread 1 ] DEBUG AssetLoaderService   - Loading from file system: /assets/ui/fonts/Abel-Regular.ttf
20:04:51.042 [FXGL Background Thread 1 ] DEBUG AssetLoaderService   - Loading from file system: /assets/ui/fonts/lucida_console.ttf
20:04:51.049 [FXGL Background Thread 1 ] DEBUG AssetLoaderService   - Loading from file system: /assets/ui/fonts/Courier-Prime.ttf
20:04:51.059 [JavaFX Application Thread] DEBUG Input                - Registered new binding: Move Right - D
20:04:51.060 [JavaFX Application Thread] DEBUG Input                - Registered new binding: Move Left - A
20:04:51.060 [JavaFX Application Thread] DEBUG Input                - Registered new binding: Move Up - W
20:04:51.061 [JavaFX Application Thread] DEBUG Input                - Registered new binding: Move Down - S
20:04:51.061 [JavaFX Application Thread] DEBUG Input                - Registered new binding: Play Sound - F
20:04:51.061 [JavaFX Application Thread] DEBUG AssetLoaderService   - Loading from file system: /assets/textures/fxgl_icon.png
20:04:51.169 [JavaFX Application Thread] DEBUG AssetLoaderService   - Loading from file system: /assets/ui/cursors/fxgl_default.png
20:04:51.172 [JavaFX Application Thread] DEBUG Input                - Registered new binding: Screenshot - P
20:04:51.173 [JavaFX Application Thread] DEBUG Input                - Registered new binding: System info dump - CTRL+9
20:04:51.174 [JavaFX Application Thread] DEBUG Input                - Registered new binding: Restart - CTRL+R
20:04:51.175 [JavaFX Application Thread] DEBUG LoopRunner           - Starting loop
20:04:51.207 [JavaFX Application Thread] DEBUG FXGLStartupScene     - STARTUP
20:04:51.208 [JavaFX Application Thread] DEBUG WindowService        - Starting new game
20:04:51.210 [JavaFX Application Thread] DEBUG Input                - Clearing active input actions
20:04:51.227 [JavaFX Application Thread] DEBUG WindowService        - Removing overlay from FXGLStartupScene and adding to FXGLLoadingScene
20:04:51.227 [JavaFX Application Thread] DEBUG MainWindow           - FXGLStartupScene -> FXGLLoadingScene
20:04:51.228 [JavaFX Application Thread] DEBUG WindowService        - Clearing previous game
20:04:51.228 [JavaFX Application Thread] DEBUG GameScene            - Clearing game scene
20:04:51.228 [JavaFX Application Thread] DEBUG GameWorld            - Clearing game world
20:04:51.228 [JavaFX Application Thread] DEBUG PhysicsWorld         - Clearing physics world
20:04:51.232 [FXGL Background Thread 1 ] DEBUG GameApplication      - Initializing game
20:04:51.252 [FXGL Background Thread 1 ] DEBUG AssetLoaderService   - Loading from file system: /assets/textures/EmptyMap.png
20:04:51.884 [FXGL Background Thread 1 ] DEBUG AssetLoaderService   - Loading from file system: /assets/sounds/soundtrack.wav
20:04:52.090 [FXGL Background Thread 1 ] DEBUG AssetLoaderService   - Loading from file system: /assets/textures/CharacterSprite.png
20:04:52.102 [FXGL Background Thread 1 ] DEBUG AssetLoaderService   - Loading from cache: /assets/textures/CharacterSprite.png
20:04:52.103 [FXGL Background Thread 1 ] DEBUG AssetLoaderService   - Loading from cache: /assets/textures/CharacterSprite.png
20:04:52.103 [FXGL Background Thread 1 ] DEBUG AssetLoaderService   - Loading from cache: /assets/textures/CharacterSprite.png
20:04:52.103 [FXGL Background Thread 1 ] DEBUG AssetLoaderService   - Loading from cache: /assets/textures/CharacterSprite.png
20:04:52.104 [FXGL Background Thread 1 ] DEBUG AssetLoaderService   - Loading from cache: /assets/textures/CharacterSprite.png
20:04:52.113 [FXGL Background Thread 1 ] DEBUG AssetLoaderService   - Loading from file system: /assets/textures/bbox.png
20:04:52.140 [FXGL Background Thread 1 ] DEBUG AssetLoaderService   - Loading from file system: /assets/textures/froggysprite.png
20:04:52.143 [FXGL Background Thread 1 ] DEBUG AssetLoaderService   - Loading from cache: /assets/textures/froggysprite.png
20:04:52.143 [FXGL Background Thread 1 ] DEBUG AssetLoaderService   - Loading from cache: /assets/textures/froggysprite.png
20:04:52.144 [FXGL Background Thread 1 ] DEBUG AssetLoaderService   - Loading from cache: /assets/textures/bbox.png
20:04:52.146 [FXGL Background Thread 1 ] DEBUG AssetLoaderService   - Loading from file system: /assets/textures/lighthouse.png
20:04:52.153 [FXGL Background Thread 1 ] DEBUG AssetLoaderService   - Loading from file system: /assets/textures/bush.png
20:04:52.157 [FXGL Background Thread 1 ] DEBUG AssetLoaderService   - Loading from cache: /assets/textures/bush.png
20:04:52.159 [FXGL Background Thread 1 ] DEBUG AssetLoaderService   - Loading from file system: /assets/textures/rock.png
20:04:52.162 [FXGL Background Thread 1 ] DEBUG AssetLoaderService   - Loading from cache: /assets/textures/rock.png
20:04:52.164 [FXGL Background Thread 1 ] DEBUG AssetLoaderService   - Loading from file system: /assets/textures/greenhouse.png
20:04:52.171 [FXGL Background Thread 1 ] DEBUG AssetLoaderService   - Loading from file system: /assets/textures/tree.png
20:04:52.177 [FXGL Background Thread 1 ] DEBUG AssetLoaderService   - Loading from cache: /assets/textures/bush.png
20:04:52.181 [FXGL Background Thread 1 ] DEBUG AssetLoaderService   - Loading from cache: /assets/textures/tree.png
20:04:52.187 [FXGL Background Thread 1 ] DEBUG AssetLoaderService   - Loading from cache: /assets/textures/bush.png
20:04:52.193 [FXGL Background Thread 1 ] DEBUG AssetLoaderService   - Loading from file system: /assets/textures/appletree.png
20:04:52.196 [FXGL Background Thread 1 ] DEBUG AssetLoaderService   - Loading from cache: /assets/textures/bush.png
20:04:52.197 [FXGL Background Thread 1 ] DEBUG AssetLoaderService   - Loading from cache: /assets/textures/tree.png
20:04:52.198 [FXGL Background Thread 1 ] DEBUG AssetLoaderService   - Loading from cache: /assets/textures/bush.png
20:04:52.203 [FXGL Background Thread 1 ] DEBUG AssetLoaderService   - Loading from cache: /assets/textures/appletree.png
20:04:52.205 [FXGL Background Thread 1 ] DEBUG AssetLoaderService   - Loading from cache: /assets/textures/bush.png
20:04:52.207 [FXGL Background Thread 1 ] DEBUG AssetLoaderService   - Loading from cache: /assets/textures/appletree.png
20:04:52.209 [FXGL Background Thread 1 ] DEBUG AssetLoaderService   - Loading from cache: /assets/textures/bush.png
20:04:52.210 [FXGL Background Thread 1 ] DEBUG AssetLoaderService   - Loading from cache: /assets/textures/tree.png
20:04:52.212 [FXGL Background Thread 1 ] DEBUG AssetLoaderService   - Loading from cache: /assets/textures/bush.png
20:04:52.214 [FXGL Background Thread 1 ] DEBUG AssetLoaderService   - Loading from cache: /assets/textures/tree.png
20:04:52.215 [FXGL Background Thread 1 ] DEBUG AssetLoaderService   - Loading from cache: /assets/textures/bush.png
20:04:52.219 [FXGL Background Thread 1 ] DEBUG AssetLoaderService   - Loading from cache: /assets/textures/tree.png
20:04:52.222 [FXGL Background Thread 1 ] DEBUG AssetLoaderService   - Loading from cache: /assets/textures/bush.png
20:04:52.223 [FXGL Background Thread 1 ] DEBUG AssetLoaderService   - Loading from cache: /assets/textures/bush.png
20:04:52.225 [FXGL Background Thread 1 ] DEBUG AssetLoaderService   - Loading from cache: /assets/textures/tree.png
20:04:52.227 [FXGL Background Thread 1 ] DEBUG AssetLoaderService   - Loading from cache: /assets/textures/tree.png
20:04:52.228 [FXGL Background Thread 1 ] DEBUG AssetLoaderService   - Loading from cache: /assets/textures/tree.png
20:04:52.229 [FXGL Background Thread 1 ] DEBUG AssetLoaderService   - Loading from cache: /assets/textures/bush.png
20:04:52.230 [FXGL Background Thread 1 ] DEBUG AssetLoaderService   - Loading from cache: /assets/textures/tree.png
20:04:52.231 [FXGL Background Thread 1 ] DEBUG AssetLoaderService   - Loading from cache: /assets/textures/bush.png
20:04:52.232 [FXGL Background Thread 1 ] DEBUG AssetLoaderService   - Loading from cache: /assets/textures/appletree.png
20:04:52.236 [FXGL Background Thread 1 ] DEBUG AssetLoaderService   - Loading from cache: /assets/textures/bush.png
20:04:52.239 [FXGL Background Thread 1 ] DEBUG AssetLoaderService   - Loading from cache: /assets/textures/tree.png
20:04:52.240 [FXGL Background Thread 1 ] DEBUG AssetLoaderService   - Loading from cache: /assets/textures/bush.png
20:04:52.242 [FXGL Background Thread 1 ] DEBUG AssetLoaderService   - Loading from cache: /assets/textures/appletree.png
20:04:52.244 [FXGL Background Thread 1 ] DEBUG AssetLoaderService   - Loading from cache: /assets/textures/bush.png
20:04:52.245 [FXGL Background Thread 1 ] DEBUG AssetLoaderService   - Loading from cache: /assets/textures/appletree.png
20:04:52.246 [FXGL Background Thread 1 ] DEBUG AssetLoaderService   - Loading from file system: /assets/textures/bluehouse.png
20:04:52.255 [FXGL Background Thread 1 ] DEBUG AssetLoaderService   - Loading from cache: /assets/textures/appletree.png
20:04:52.256 [FXGL Background Thread 1 ] DEBUG AssetLoaderService   - Loading from file system: /assets/textures/redhouse.png
20:04:52.260 [FXGL Background Thread 1 ] DEBUG AssetLoaderService   - Loading from cache: /assets/textures/appletree.png
20:04:52.262 [FXGL Background Thread 1 ] DEBUG AssetLoaderService   - Loading from cache: /assets/textures/redhouse.png
20:04:52.263 [FXGL Background Thread 1 ] DEBUG AssetLoaderService   - Loading from cache: /assets/textures/appletree.png
20:04:52.264 [FXGL Background Thread 1 ] DEBUG AssetLoaderService   - Loading from cache: /assets/textures/bluehouse.png
20:04:52.264 [FXGL Background Thread 1 ] DEBUG AssetLoaderService   - Loading from cache: /assets/textures/appletree.png
20:04:52.265 [FXGL Background Thread 1 ] DEBUG AssetLoaderService   - Loading from cache: /assets/textures/appletree.png
20:04:52.270 [FXGL Background Thread 1 ] DEBUG AssetLoaderService   - Loading from cache: /assets/textures/rock.png
20:04:52.273 [FXGL Background Thread 1 ] INFO  GameApplication      - Game initialization took: 1.041 sec
20:04:52.274 [JavaFX Application Thread] DEBUG Input                - Clearing active input actions
20:04:52.323 [JavaFX Application Thread] DEBUG WindowService        - Removing overlay from FXGLLoadingScene and adding to GameScene
20:04:52.324 [JavaFX Application Thread] DEBUG MainWindow           - FXGLLoadingScene -> GameScene
20:04:53.981 [FXGL Background Thread 2 ] DEBUG Engine               - Logging environment variables
20:04:53.982 [FXGL Background Thread 2 ] DEBUG Engine               - achievements: []
20:04:53.982 [FXGL Background Thread 2 ] DEBUG Engine               - language: ObjectProperty [value: ENGLISH]
20:04:53.983 [FXGL Background Thread 2 ] DEBUG Engine               - isCloseConfirmation: false
20:04:53.984 [FXGL Background Thread 2 ] DEBUG Engine               - isProfilingEnabled: false
20:04:53.984 [FXGL Background Thread 2 ] DEBUG Engine               - soundNotification: core/notification.wav
20:04:53.985 [FXGL Background Thread 2 ] DEBUG Engine               - devShowBBoxProperty: BooleanProperty [value: false]
20:04:53.985 [FXGL Background Thread 2 ] DEBUG Engine               - pixelsPerMeter: 50.0
20:04:53.986 [FXGL Background Thread 2 ] DEBUG Engine               - appIcon: fxgl_icon.png
20:04:53.986 [FXGL Background Thread 2 ] DEBUG Engine               - soundMenuBack: menu/back.wav
20:04:53.986 [FXGL Background Thread 2 ] DEBUG Engine               - isFullScreenAllowed: false
20:04:53.987 [FXGL Background Thread 2 ] DEBUG Engine               - isIntroEnabled: false
20:04:53.987 [FXGL Background Thread 2 ] DEBUG Engine               - fontMono: lucida_console.ttf
20:04:53.987 [FXGL Background Thread 2 ] DEBUG Engine               - soundMenuSelect: menu/select.wav
20:04:53.987 [FXGL Background Thread 2 ] DEBUG Engine               - isWindows: false
20:04:53.987 [FXGL Background Thread 2 ] DEBUG Engine               - isMobile: false
20:04:53.987 [FXGL Background Thread 2 ] DEBUG Engine               - isUserProfileEnabled: false
20:04:53.987 [FXGL Background Thread 2 ] DEBUG Engine               - height: 640
20:04:53.987 [FXGL Background Thread 2 ] DEBUG Engine               - isExperimentalNative: false
20:04:53.987 [FXGL Background Thread 2 ] DEBUG Engine               - settings: Title: FriendMaker2077
Version: 0.1
Width: 640
Height: 640
Fullscreen: false
Intro: false
Menus: false
Profiling: false
Single step:false
App Mode: DEVELOPER
Menu Key: ESCAPE
Stage Style: DECORATED
Scene Factory: class ui.MenuFactory

20:04:53.988 [FXGL Background Thread 2 ] DEBUG Engine               - isSingleStep: false
20:04:53.988 [FXGL Background Thread 2 ] DEBUG Engine               - cSSList: [fxgl_dark.css]
20:04:53.988 [FXGL Background Thread 2 ] DEBUG Engine               - fontGame: Abel-Regular.ttf
20:04:53.988 [FXGL Background Thread 2 ] DEBUG Engine               - menuKey: ESCAPE
20:04:53.988 [FXGL Background Thread 2 ] DEBUG Engine               - devShowPositionProperty: BooleanProperty [value: false]
20:04:53.988 [FXGL Background Thread 2 ] DEBUG Engine               - versionCheckDays: 7
20:04:53.988 [FXGL Background Thread 2 ] DEBUG Engine               - configClass: Optional.empty
20:04:53.988 [FXGL Background Thread 2 ] DEBUG Engine               - isFullScreenFromStart: false
20:04:53.988 [FXGL Background Thread 2 ] DEBUG Engine               - version: 0.1
20:04:53.989 [FXGL Background Thread 2 ] DEBUG Engine               - fullScreen: BooleanProperty [value: false]
20:04:53.989 [FXGL Background Thread 2 ] DEBUG Engine               - randomSeed: -1
20:04:53.989 [FXGL Background Thread 2 ] DEBUG Engine               - gameDifficultyProperty: ObjectProperty [value: MEDIUM]
20:04:53.989 [FXGL Background Thread 2 ] DEBUG Engine               - applicationMode: DEVELOPER
20:04:53.989 [FXGL Background Thread 2 ] DEBUG Engine               - isMac: true
20:04:53.989 [FXGL Background Thread 2 ] DEBUG Engine               - isMenuEnabled: false
20:04:53.989 [FXGL Background Thread 2 ] DEBUG Engine               - urlPOM: https://raw.githubusercontent.com/AlmasB/FXGL/master/pom.xml
20:04:53.990 [FXGL Background Thread 2 ] DEBUG Engine               - profileName: StringProperty [value: DEFAULT]
20:04:53.990 [FXGL Background Thread 2 ] DEBUG Engine               - devSensorColorProperty: ObjectProperty [value: 0xffff00ff]
20:04:53.990 [FXGL Background Thread 2 ] DEBUG Engine               - notificationViewClass: class com.almasb.fxgl.notification.view.XboxNotificationView
20:04:53.990 [FXGL Background Thread 2 ] DEBUG Engine               - sceneFactory: ui.MenuFactory@773ac4b1
20:04:53.991 [FXGL Background Thread 2 ] DEBUG Engine               - stageStyle: DECORATED
20:04:53.991 [FXGL Background Thread 2 ] DEBUG Engine               - isManualResizeEnabled: false
20:04:53.991 [FXGL Background Thread 2 ] DEBUG Engine               - title: FriendMaker2077
20:04:53.991 [FXGL Background Thread 2 ] DEBUG Engine               - platform: MAC
20:04:53.992 [FXGL Background Thread 2 ] DEBUG Engine               - devBBoxColorProperty: ObjectProperty [value: 0xff0000ff]
20:04:53.992 [FXGL Background Thread 2 ] DEBUG Engine               - gameDifficulty: MEDIUM
20:04:53.992 [FXGL Background Thread 2 ] DEBUG Engine               - isDesktop: true
20:04:53.992 [FXGL Background Thread 2 ] DEBUG Engine               - supportedLanguages: [ENGLISH, FRENCH, GERMAN, HUNGARIAN, RUSSIAN]
20:04:53.993 [FXGL Background Thread 2 ] DEBUG Engine               - credits: []
20:04:53.993 [FXGL Background Thread 2 ] DEBUG Engine               - globalMusicVolumeProperty: DoubleProperty [value: 0.5]
20:04:53.993 [FXGL Background Thread 2 ] DEBUG Engine               - isPreserveResizeRatio: false
20:04:53.993 [FXGL Background Thread 2 ] DEBUG Engine               - fontText: Courier-Prime.ttf
20:04:53.993 [FXGL Background Thread 2 ] DEBUG Engine               - isExperimentalTiledLargeMap: false
20:04:53.993 [FXGL Background Thread 2 ] DEBUG Engine               - secondsIn24h: 60
20:04:53.993 [FXGL Background Thread 2 ] DEBUG Engine               - runtimeInfo: RuntimeInfo(platform=MAC, version=11.8, build=08.03.2020 09.25)
20:04:53.993 [FXGL Background Thread 2 ] DEBUG Engine               - urlGithub: https://github.com/AlmasB/FXGL
20:04:53.993 [FXGL Background Thread 2 ] DEBUG Engine               - isLinux: false
20:04:53.993 [FXGL Background Thread 2 ] DEBUG Engine               - soundMenuPress: menu/press.wav
20:04:53.993 [FXGL Background Thread 2 ] DEBUG Engine               - profileDir: profiles/
20:04:53.994 [FXGL Background Thread 2 ] DEBUG Engine               - isDeveloperMenuEnabled: false
20:04:53.994 [FXGL Background Thread 2 ] DEBUG Engine               - globalSoundVolumeProperty: DoubleProperty [value: 0.5]
20:04:53.994 [FXGL Background Thread 2 ] DEBUG Engine               - mainWindow: com.almasb.fxgl.app.MainWindow@73054e8e
20:04:53.994 [FXGL Background Thread 2 ] DEBUG Engine               - urlLeaderboard: http://fxgl-top.herokuapp.com/
20:04:53.994 [FXGL Background Thread 2 ] DEBUG Engine               - isBrowser: false
20:04:53.994 [FXGL Background Thread 2 ] DEBUG Engine               - globalSoundVolume: 0.5
20:04:53.994 [FXGL Background Thread 2 ] DEBUG Engine               - engineServices: [class com.almasb.fxgl.app.GameApplication$GameApplicationService, class com.almasb.fxgl.app.services.WindowService, class com.almasb.fxgl.app.services.FXGLDialogService, class com.almasb.fxgl.app.services.IOTaskExecutorService, class com.almasb.fxgl.event.EventBusService, class com.almasb.fxgl.io.FileSystemService, class com.almasb.fxgl.localization.LocalizationService, class com.almasb.fxgl.app.services.AssetLoaderService, class com.almasb.fxgl.app.services.SystemBundleService, class com.almasb.fxgl.profile.SaveLoadService, class com.almasb.fxgl.ui.FXGLUIFactoryServiceProvider, class com.almasb.fxgl.ui.FXGLDialogFactoryServiceProvider, class com.almasb.fxgl.audio.AudioPlayer, class com.almasb.fxgl.notification.impl.NotificationServiceProvider, class com.almasb.fxgl.achievement.AchievementService, class com.almasb.fxgl.cutscene.CutsceneService, class com.almasb.fxgl.minigames.MiniGameService, class com.almasb.fxgl.net.NetService, class com.almasb.fxgl.app.services.UpdaterService]
20:04:53.994 [FXGL Background Thread 2 ] DEBUG Engine               - globalMusicVolume: 0.5
20:04:53.994 [FXGL Background Thread 2 ] DEBUG Engine               - width: 640
20:04:53.994 [FXGL Background Thread 2 ] DEBUG Engine               - saveFileExt: sav
20:04:53.994 [FXGL Background Thread 2 ] DEBUG Engine               - isAndroid: false
20:04:53.994 [FXGL Background Thread 2 ] DEBUG Engine               - fontUI: VarelaRound-Regular.ttf
20:04:53.995 [FXGL Background Thread 2 ] DEBUG Engine               - isIOS: false
20:04:53.995 [FXGL Background Thread 2 ] DEBUG Engine               - enabledMenuItems: []
20:04:53.995 [FXGL Background Thread 2 ] DEBUG Engine               - Logging services
20:04:53.995 [FXGL Background Thread 2 ] DEBUG Engine               - class com.almasb.fxgl.app.GameApplication$GameApplicationService
20:04:53.995 [FXGL Background Thread 2 ] DEBUG Engine               - class com.almasb.fxgl.app.services.WindowService
20:04:53.995 [FXGL Background Thread 2 ] DEBUG Engine               - class com.almasb.fxgl.app.services.FXGLDialogService
20:04:53.995 [FXGL Background Thread 2 ] DEBUG Engine               - class com.almasb.fxgl.app.services.IOTaskExecutorService
20:04:53.995 [FXGL Background Thread 2 ] DEBUG Engine               - class com.almasb.fxgl.event.EventBusService
20:04:53.995 [FXGL Background Thread 2 ] DEBUG Engine               - class com.almasb.fxgl.io.FileSystemService
20:04:53.995 [FXGL Background Thread 2 ] DEBUG Engine               - class com.almasb.fxgl.localization.LocalizationService
20:04:53.995 [FXGL Background Thread 2 ] DEBUG Engine               - class com.almasb.fxgl.app.services.AssetLoaderService
20:04:53.995 [FXGL Background Thread 2 ] DEBUG Engine               - class com.almasb.fxgl.app.services.SystemBundleService
20:04:53.995 [FXGL Background Thread 2 ] DEBUG Engine               - class com.almasb.fxgl.profile.SaveLoadService
20:04:53.996 [FXGL Background Thread 2 ] DEBUG Engine               - class com.almasb.fxgl.ui.FXGLUIFactoryServiceProvider
20:04:53.996 [FXGL Background Thread 2 ] DEBUG Engine               - class com.almasb.fxgl.ui.FXGLDialogFactoryServiceProvider
20:04:53.996 [FXGL Background Thread 2 ] DEBUG Engine               - class com.almasb.fxgl.audio.AudioPlayer
20:04:53.996 [FXGL Background Thread 2 ] DEBUG Engine               - class com.almasb.fxgl.notification.impl.NotificationServiceProvider
20:04:53.996 [FXGL Background Thread 2 ] DEBUG Engine               - class com.almasb.fxgl.achievement.AchievementService
20:04:53.996 [FXGL Background Thread 2 ] DEBUG Engine               - class com.almasb.fxgl.cutscene.CutsceneService
20:04:53.996 [FXGL Background Thread 2 ] DEBUG Engine               - class com.almasb.fxgl.minigames.MiniGameService
20:04:53.996 [FXGL Background Thread 2 ] DEBUG Engine               - class com.almasb.fxgl.net.NetService
20:04:53.996 [FXGL Background Thread 2 ] DEBUG Engine               - class com.almasb.fxgl.app.services.UpdaterService
20:05:08.400 [JavaFX Application Thread] DEBUG AssetLoaderService   - Loading from file system: /assets/sounds/bump.wav
20:05:10.960 [JavaFX Application Thread] DEBUG GameApplication      - Exiting FXGL
20:05:10.960 [JavaFX Application Thread] DEBUG LoopRunner           - Stopping loop
20:05:10.960 [JavaFX Application Thread] DEBUG SystemBundleService  - Saving FXGL system data
20:05:10.962 [JavaFX Application Thread] DEBUG FileSystemAccess     - Writing to: /Users/mackenziedalton/git/FriendMaker2077-07-03/system/fxgl.bundle
20:05:10.964 [JavaFX Application Thread] DEBUG GameApplication      - Shutting down background threads
20:05:10.965 [JavaFX Application Thread] DEBUG GameApplication      - Closing logger and exiting JavaFX
