20:05:46.057 [main                     ] DEBUG GameApplication      - Logger initialized
20:05:46.100 [main                     ] DEBUG GameApplication      - Logging settings
Title: FriendMaker2077
Version: 0.1
Width: 640
Height: 640
Fullscreen: false
Intro: false
Menus: false
Profiling: false
Single step:false
App Mode: DEVELOPER
Menu Key: ESCAPE
Stage Style: DECORATED
Scene Factory: class ui.MenuFactory

20:05:46.699 [JavaFX Application Thread] DEBUG GameApplication      - Initializing FXGL
20:05:46.750 [JavaFX Application Thread] INFO  Engine               - FXGL-11.8 (08.03.2020 09.25) on MAC (J:13.0.2 FX:13.0.2)
20:05:46.752 [JavaFX Application Thread] INFO  Engine               - Source code and latest versions at: https://github.com/AlmasB/FXGL
20:05:46.754 [JavaFX Application Thread] INFO  Engine               -              Join the FXGL chat at: https://gitter.im/AlmasB/FXGL
20:05:47.011 [JavaFX Application Thread] DEBUG MainWindow           - Creating a JavaFX scene
20:05:47.140 [JavaFX Application Thread] DEBUG MainWindow           - Target settings size: 640.0 x 640.0
20:05:47.140 [JavaFX Application Thread] DEBUG MainWindow           - Scaled scene size:    640.0 x 640.0
20:05:47.141 [JavaFX Application Thread] DEBUG MainWindow           - Scaled ratio: (1.0, 1.0)
20:05:47.143 [JavaFX Application Thread] DEBUG MainWindow           - Set initial scene to FXGLStartupScene
20:05:47.164 [JavaFX Application Thread] DEBUG MainWindow           - Opening main window
20:05:47.355 [JavaFX Application Thread] DEBUG MainWindow           - Window border size: (0.0, 22.0)
20:05:47.355 [JavaFX Application Thread] DEBUG MainWindow           - Scaled size: 640.0 x 640.0
20:05:47.356 [JavaFX Application Thread] DEBUG MainWindow           - Scaled ratio: (1.0, 1.0)
20:05:47.356 [JavaFX Application Thread] DEBUG MainWindow           - Scene size: 640.0 x 640.0
20:05:47.357 [JavaFX Application Thread] DEBUG MainWindow           - Stage size: 640.0 x 662.0
20:05:47.373 [FXGL Background Thread 1 ] DEBUG Engine               - Initializing environment variables
20:05:47.474 [FXGL Background Thread 1 ] DEBUG WindowService        - Applying CSS: fxgl_dark.css
20:05:47.475 [FXGL Background Thread 1 ] DEBUG AssetLoaderService   - Loading from file system: /assets/ui/css/fxgl_dark.css
20:05:47.621 [FXGL Background Thread 1 ] DEBUG WindowService        - Initializing application scenes
20:05:48.116 [FXGL Background Thread 1 ] DEBUG GameWorld            - Game world initialized
20:05:48.164 [FXGL Background Thread 1 ] DEBUG PhysicsWorld         - Physics world initialized: appHeight=640, physics.ppm=50.0
20:05:48.167 [FXGL Background Thread 1 ] DEBUG GameScene            - Game scene initialized: 640x640
20:05:48.179 [FXGL Background Thread 1 ] DEBUG Input                - Registered new binding: Resume - Esc
20:05:48.210 [FXGL Background Thread 1 ] DEBUG Input                - Registered new binding: Pause - Esc
20:05:48.210 [FXGL Background Thread 1 ] DEBUG WindowService        - Application scenes initialized
20:05:48.230 [FXGL Background Thread 1 ] DEBUG SystemBundleService  - Loading FXGL system data
20:05:48.238 [FXGL Background Thread 1 ] DEBUG FileSystemAccess     - Reading from: /Users/mackenziedalton/git/FriendMaker2077-07-03/system/fxgl.bundle
20:05:48.252 [FXGL Background Thread 1 ] DEBUG SystemBundleService  - Bundle FXGL: {}
20:05:48.253 [FXGL Background Thread 1 ] INFO  Engine               - FXGL initialization took: 0.865 sec
20:05:48.258 [FXGL Background Thread 1 ] DEBUG GameApplication      - Loading localizations
20:05:48.259 [FXGL Background Thread 1 ] DEBUG AssetLoaderService   - Loading from file system: /assets/properties/languages/english.properties
20:05:48.261 [FXGL Background Thread 1 ] DEBUG AssetLoaderService   - Loading from file system: /assets/properties/languages/french.properties
20:05:48.263 [FXGL Background Thread 1 ] DEBUG AssetLoaderService   - Loading from file system: /assets/properties/languages/german.properties
20:05:48.265 [FXGL Background Thread 1 ] DEBUG AssetLoaderService   - Loading from file system: /assets/properties/languages/hungarian.properties
20:05:48.267 [FXGL Background Thread 1 ] DEBUG AssetLoaderService   - Loading from file system: /assets/properties/languages/russian.properties
20:05:48.272 [FXGL Background Thread 1 ] DEBUG GameApplication      - Registering font factories with UI factory
20:05:48.272 [FXGL Background Thread 1 ] DEBUG AssetLoaderService   - Loading from file system: /assets/ui/fonts/VarelaRound-Regular.ttf
20:05:48.316 [FXGL Background Thread 1 ] DEBUG AssetLoaderService   - Loading from file system: /assets/ui/fonts/Abel-Regular.ttf
20:05:48.323 [FXGL Background Thread 1 ] DEBUG AssetLoaderService   - Loading from file system: /assets/ui/fonts/lucida_console.ttf
20:05:48.331 [FXGL Background Thread 1 ] DEBUG AssetLoaderService   - Loading from file system: /assets/ui/fonts/Courier-Prime.ttf
20:05:48.340 [JavaFX Application Thread] DEBUG Input                - Registered new binding: Move Right - D
20:05:48.341 [JavaFX Application Thread] DEBUG Input                - Registered new binding: Move Left - A
20:05:48.341 [JavaFX Application Thread] DEBUG Input                - Registered new binding: Move Up - W
20:05:48.342 [JavaFX Application Thread] DEBUG Input                - Registered new binding: Move Down - S
20:05:48.342 [JavaFX Application Thread] DEBUG Input                - Registered new binding: Play Sound - F
20:05:48.343 [JavaFX Application Thread] DEBUG AssetLoaderService   - Loading from file system: /assets/textures/fxgl_icon.png
20:05:48.450 [JavaFX Application Thread] DEBUG AssetLoaderService   - Loading from file system: /assets/ui/cursors/fxgl_default.png
20:05:48.457 [JavaFX Application Thread] DEBUG Input                - Registered new binding: Screenshot - P
20:05:48.458 [JavaFX Application Thread] DEBUG Input                - Registered new binding: System info dump - CTRL+9
20:05:48.459 [JavaFX Application Thread] DEBUG Input                - Registered new binding: Restart - CTRL+R
20:05:48.460 [JavaFX Application Thread] DEBUG LoopRunner           - Starting loop
20:05:48.496 [JavaFX Application Thread] DEBUG FXGLStartupScene     - STARTUP
20:05:48.496 [JavaFX Application Thread] DEBUG WindowService        - Starting new game
20:05:48.501 [JavaFX Application Thread] DEBUG Input                - Clearing active input actions
20:05:48.522 [JavaFX Application Thread] DEBUG WindowService        - Removing overlay from FXGLStartupScene and adding to FXGLLoadingScene
20:05:48.522 [JavaFX Application Thread] DEBUG MainWindow           - FXGLStartupScene -> FXGLLoadingScene
20:05:48.523 [JavaFX Application Thread] DEBUG WindowService        - Clearing previous game
20:05:48.523 [JavaFX Application Thread] DEBUG GameScene            - Clearing game scene
20:05:48.523 [JavaFX Application Thread] DEBUG GameWorld            - Clearing game world
20:05:48.523 [JavaFX Application Thread] DEBUG PhysicsWorld         - Clearing physics world
20:05:48.525 [FXGL Background Thread 1 ] DEBUG GameApplication      - Initializing game
20:05:48.543 [FXGL Background Thread 1 ] DEBUG AssetLoaderService   - Loading from file system: /assets/textures/EmptyMap.png
20:05:49.309 [FXGL Background Thread 1 ] DEBUG AssetLoaderService   - Loading from file system: /assets/sounds/soundtrack.wav
20:05:49.523 [FXGL Background Thread 1 ] DEBUG AssetLoaderService   - Loading from file system: /assets/textures/CharacterSprite.png
20:05:49.527 [FXGL Background Thread 1 ] DEBUG AssetLoaderService   - Loading from cache: /assets/textures/CharacterSprite.png
20:05:49.527 [FXGL Background Thread 1 ] DEBUG AssetLoaderService   - Loading from cache: /assets/textures/CharacterSprite.png
20:05:49.527 [FXGL Background Thread 1 ] DEBUG AssetLoaderService   - Loading from cache: /assets/textures/CharacterSprite.png
20:05:49.528 [FXGL Background Thread 1 ] DEBUG AssetLoaderService   - Loading from cache: /assets/textures/CharacterSprite.png
20:05:49.528 [FXGL Background Thread 1 ] DEBUG AssetLoaderService   - Loading from cache: /assets/textures/CharacterSprite.png
20:05:49.541 [FXGL Background Thread 1 ] DEBUG AssetLoaderService   - Loading from file system: /assets/textures/bbox.png
20:05:49.563 [FXGL Background Thread 1 ] DEBUG AssetLoaderService   - Loading from file system: /assets/textures/froggysprite.png
20:05:49.578 [FXGL Background Thread 1 ] DEBUG AssetLoaderService   - Loading from cache: /assets/textures/froggysprite.png
20:05:49.579 [FXGL Background Thread 1 ] DEBUG AssetLoaderService   - Loading from cache: /assets/textures/froggysprite.png
20:05:49.579 [FXGL Background Thread 1 ] DEBUG AssetLoaderService   - Loading from cache: /assets/textures/bbox.png
20:05:49.582 [FXGL Background Thread 1 ] DEBUG AssetLoaderService   - Loading from file system: /assets/textures/lighthouse.png
20:05:49.589 [FXGL Background Thread 1 ] DEBUG AssetLoaderService   - Loading from file system: /assets/textures/bush.png
20:05:49.592 [FXGL Background Thread 1 ] DEBUG AssetLoaderService   - Loading from cache: /assets/textures/bush.png
20:05:49.596 [FXGL Background Thread 1 ] DEBUG AssetLoaderService   - Loading from file system: /assets/textures/rock.png
20:05:49.598 [FXGL Background Thread 1 ] DEBUG AssetLoaderService   - Loading from cache: /assets/textures/rock.png
20:05:49.600 [FXGL Background Thread 1 ] DEBUG AssetLoaderService   - Loading from file system: /assets/textures/greenhouse.png
20:05:49.611 [FXGL Background Thread 1 ] DEBUG AssetLoaderService   - Loading from file system: /assets/textures/tree.png
20:05:49.615 [FXGL Background Thread 1 ] DEBUG AssetLoaderService   - Loading from cache: /assets/textures/bush.png
20:05:49.623 [FXGL Background Thread 1 ] DEBUG AssetLoaderService   - Loading from cache: /assets/textures/tree.png
20:05:49.624 [FXGL Background Thread 1 ] DEBUG AssetLoaderService   - Loading from cache: /assets/textures/bush.png
20:05:49.627 [FXGL Background Thread 1 ] DEBUG AssetLoaderService   - Loading from file system: /assets/textures/appletree.png
20:05:49.630 [FXGL Background Thread 1 ] DEBUG AssetLoaderService   - Loading from cache: /assets/textures/bush.png
20:05:49.631 [FXGL Background Thread 1 ] DEBUG AssetLoaderService   - Loading from cache: /assets/textures/tree.png
20:05:49.633 [FXGL Background Thread 1 ] DEBUG AssetLoaderService   - Loading from cache: /assets/textures/bush.png
20:05:49.637 [FXGL Background Thread 1 ] DEBUG AssetLoaderService   - Loading from cache: /assets/textures/appletree.png
20:05:49.639 [FXGL Background Thread 1 ] DEBUG AssetLoaderService   - Loading from cache: /assets/textures/bush.png
20:05:49.641 [FXGL Background Thread 1 ] DEBUG AssetLoaderService   - Loading from cache: /assets/textures/appletree.png
20:05:49.642 [FXGL Background Thread 1 ] DEBUG AssetLoaderService   - Loading from cache: /assets/textures/bush.png
20:05:49.643 [FXGL Background Thread 1 ] DEBUG AssetLoaderService   - Loading from cache: /assets/textures/tree.png
20:05:49.645 [FXGL Background Thread 1 ] DEBUG AssetLoaderService   - Loading from cache: /assets/textures/bush.png
20:05:49.646 [FXGL Background Thread 1 ] DEBUG AssetLoaderService   - Loading from cache: /assets/textures/tree.png
20:05:49.647 [FXGL Background Thread 1 ] DEBUG AssetLoaderService   - Loading from cache: /assets/textures/bush.png
20:05:49.648 [FXGL Background Thread 1 ] DEBUG AssetLoaderService   - Loading from cache: /assets/textures/tree.png
20:05:49.652 [FXGL Background Thread 1 ] DEBUG AssetLoaderService   - Loading from cache: /assets/textures/bush.png
20:05:49.655 [FXGL Background Thread 1 ] DEBUG AssetLoaderService   - Loading from cache: /assets/textures/bush.png
20:05:49.657 [FXGL Background Thread 1 ] DEBUG AssetLoaderService   - Loading from cache: /assets/textures/tree.png
20:05:49.659 [FXGL Background Thread 1 ] DEBUG AssetLoaderService   - Loading from cache: /assets/textures/tree.png
20:05:49.660 [FXGL Background Thread 1 ] DEBUG AssetLoaderService   - Loading from cache: /assets/textures/tree.png
20:05:49.662 [FXGL Background Thread 1 ] DEBUG AssetLoaderService   - Loading from cache: /assets/textures/bush.png
20:05:49.663 [FXGL Background Thread 1 ] DEBUG AssetLoaderService   - Loading from cache: /assets/textures/tree.png
20:05:49.664 [FXGL Background Thread 1 ] DEBUG AssetLoaderService   - Loading from cache: /assets/textures/bush.png
20:05:49.665 [FXGL Background Thread 1 ] DEBUG AssetLoaderService   - Loading from cache: /assets/textures/appletree.png
20:05:49.666 [FXGL Background Thread 1 ] DEBUG AssetLoaderService   - Loading from cache: /assets/textures/bush.png
20:05:49.670 [FXGL Background Thread 1 ] DEBUG AssetLoaderService   - Loading from cache: /assets/textures/tree.png
20:05:49.673 [FXGL Background Thread 1 ] DEBUG AssetLoaderService   - Loading from cache: /assets/textures/bush.png
20:05:49.674 [FXGL Background Thread 1 ] DEBUG AssetLoaderService   - Loading from cache: /assets/textures/appletree.png
20:05:49.676 [FXGL Background Thread 1 ] DEBUG AssetLoaderService   - Loading from cache: /assets/textures/bush.png
20:05:49.677 [FXGL Background Thread 1 ] DEBUG AssetLoaderService   - Loading from cache: /assets/textures/appletree.png
20:05:49.679 [FXGL Background Thread 1 ] DEBUG AssetLoaderService   - Loading from file system: /assets/textures/bluehouse.png
20:05:49.682 [FXGL Background Thread 1 ] DEBUG AssetLoaderService   - Loading from cache: /assets/textures/appletree.png
20:05:49.688 [FXGL Background Thread 1 ] DEBUG AssetLoaderService   - Loading from file system: /assets/textures/redhouse.png
20:05:49.692 [FXGL Background Thread 1 ] DEBUG AssetLoaderService   - Loading from cache: /assets/textures/appletree.png
20:05:49.695 [FXGL Background Thread 1 ] DEBUG AssetLoaderService   - Loading from cache: /assets/textures/redhouse.png
20:05:49.698 [FXGL Background Thread 1 ] DEBUG AssetLoaderService   - Loading from cache: /assets/textures/appletree.png
20:05:49.700 [FXGL Background Thread 1 ] DEBUG AssetLoaderService   - Loading from cache: /assets/textures/bluehouse.png
20:05:49.704 [FXGL Background Thread 1 ] DEBUG AssetLoaderService   - Loading from cache: /assets/textures/appletree.png
20:05:49.706 [FXGL Background Thread 1 ] DEBUG AssetLoaderService   - Loading from cache: /assets/textures/appletree.png
20:05:49.707 [FXGL Background Thread 1 ] DEBUG AssetLoaderService   - Loading from cache: /assets/textures/rock.png
20:05:49.708 [FXGL Background Thread 1 ] INFO  GameApplication      - Game initialization took: 1.183 sec
20:05:49.709 [JavaFX Application Thread] DEBUG Input                - Clearing active input actions
20:05:49.755 [JavaFX Application Thread] DEBUG WindowService        - Removing overlay from FXGLLoadingScene and adding to GameScene
20:05:49.756 [JavaFX Application Thread] DEBUG MainWindow           - FXGLLoadingScene -> GameScene
20:05:51.258 [FXGL Background Thread 2 ] DEBUG Engine               - Logging environment variables
20:05:51.258 [FXGL Background Thread 2 ] DEBUG Engine               - achievements: []
20:05:51.259 [FXGL Background Thread 2 ] DEBUG Engine               - language: ObjectProperty [value: ENGLISH]
20:05:51.259 [FXGL Background Thread 2 ] DEBUG Engine               - isCloseConfirmation: false
20:05:51.259 [FXGL Background Thread 2 ] DEBUG Engine               - isProfilingEnabled: false
20:05:51.260 [FXGL Background Thread 2 ] DEBUG Engine               - soundNotification: core/notification.wav
20:05:51.260 [FXGL Background Thread 2 ] DEBUG Engine               - devShowBBoxProperty: BooleanProperty [value: false]
20:05:51.260 [FXGL Background Thread 2 ] DEBUG Engine               - pixelsPerMeter: 50.0
20:05:51.261 [FXGL Background Thread 2 ] DEBUG Engine               - appIcon: fxgl_icon.png
20:05:51.261 [FXGL Background Thread 2 ] DEBUG Engine               - soundMenuBack: menu/back.wav
20:05:51.261 [FXGL Background Thread 2 ] DEBUG Engine               - isFullScreenAllowed: false
20:05:51.261 [FXGL Background Thread 2 ] DEBUG Engine               - isIntroEnabled: false
20:05:51.261 [FXGL Background Thread 2 ] DEBUG Engine               - fontMono: lucida_console.ttf
20:05:51.261 [FXGL Background Thread 2 ] DEBUG Engine               - soundMenuSelect: menu/select.wav
20:05:51.262 [FXGL Background Thread 2 ] DEBUG Engine               - isWindows: false
20:05:51.262 [FXGL Background Thread 2 ] DEBUG Engine               - isMobile: false
20:05:51.262 [FXGL Background Thread 2 ] DEBUG Engine               - isUserProfileEnabled: false
20:05:51.262 [FXGL Background Thread 2 ] DEBUG Engine               - height: 640
20:05:51.262 [FXGL Background Thread 2 ] DEBUG Engine               - isExperimentalNative: false
20:05:51.262 [FXGL Background Thread 2 ] DEBUG Engine               - settings: Title: FriendMaker2077
Version: 0.1
Width: 640
Height: 640
Fullscreen: false
Intro: false
Menus: false
Profiling: false
Single step:false
App Mode: DEVELOPER
Menu Key: ESCAPE
Stage Style: DECORATED
Scene Factory: class ui.MenuFactory

20:05:51.262 [FXGL Background Thread 2 ] DEBUG Engine               - isSingleStep: false
20:05:51.262 [FXGL Background Thread 2 ] DEBUG Engine               - cSSList: [fxgl_dark.css]
20:05:51.263 [FXGL Background Thread 2 ] DEBUG Engine               - fontGame: Abel-Regular.ttf
20:05:51.263 [FXGL Background Thread 2 ] DEBUG Engine               - menuKey: ESCAPE
20:05:51.263 [FXGL Background Thread 2 ] DEBUG Engine               - devShowPositionProperty: BooleanProperty [value: false]
20:05:51.263 [FXGL Background Thread 2 ] DEBUG Engine               - versionCheckDays: 7
20:05:51.263 [FXGL Background Thread 2 ] DEBUG Engine               - configClass: Optional.empty
20:05:51.263 [FXGL Background Thread 2 ] DEBUG Engine               - isFullScreenFromStart: false
20:05:51.264 [FXGL Background Thread 2 ] DEBUG Engine               - version: 0.1
20:05:51.264 [FXGL Background Thread 2 ] DEBUG Engine               - fullScreen: BooleanProperty [value: false]
20:05:51.264 [FXGL Background Thread 2 ] DEBUG Engine               - randomSeed: -1
20:05:51.264 [FXGL Background Thread 2 ] DEBUG Engine               - gameDifficultyProperty: ObjectProperty [value: MEDIUM]
20:05:51.264 [FXGL Background Thread 2 ] DEBUG Engine               - applicationMode: DEVELOPER
20:05:51.264 [FXGL Background Thread 2 ] DEBUG Engine               - isMac: true
20:05:51.265 [FXGL Background Thread 2 ] DEBUG Engine               - isMenuEnabled: false
20:05:51.265 [FXGL Background Thread 2 ] DEBUG Engine               - urlPOM: https://raw.githubusercontent.com/AlmasB/FXGL/master/pom.xml
20:05:51.265 [FXGL Background Thread 2 ] DEBUG Engine               - profileName: StringProperty [value: DEFAULT]
20:05:51.265 [FXGL Background Thread 2 ] DEBUG Engine               - notificationViewClass: class com.almasb.fxgl.notification.view.XboxNotificationView
20:05:51.266 [FXGL Background Thread 2 ] DEBUG Engine               - devSensorColorProperty: ObjectProperty [value: 0xffff00ff]
20:05:51.266 [FXGL Background Thread 2 ] DEBUG Engine               - sceneFactory: ui.MenuFactory@34f72204
20:05:51.266 [FXGL Background Thread 2 ] DEBUG Engine               - stageStyle: DECORATED
20:05:51.266 [FXGL Background Thread 2 ] DEBUG Engine               - isManualResizeEnabled: false
20:05:51.266 [FXGL Background Thread 2 ] DEBUG Engine               - title: FriendMaker2077
20:05:51.266 [FXGL Background Thread 2 ] DEBUG Engine               - platform: MAC
20:05:51.267 [FXGL Background Thread 2 ] DEBUG Engine               - devBBoxColorProperty: ObjectProperty [value: 0xff0000ff]
20:05:51.267 [FXGL Background Thread 2 ] DEBUG Engine               - gameDifficulty: MEDIUM
20:05:51.267 [FXGL Background Thread 2 ] DEBUG Engine               - isDesktop: true
20:05:51.268 [FXGL Background Thread 2 ] DEBUG Engine               - supportedLanguages: [ENGLISH, FRENCH, GERMAN, HUNGARIAN, RUSSIAN]
20:05:51.269 [FXGL Background Thread 2 ] DEBUG Engine               - credits: []
20:05:51.269 [FXGL Background Thread 2 ] DEBUG Engine               - globalMusicVolumeProperty: DoubleProperty [value: 0.5]
20:05:51.270 [FXGL Background Thread 2 ] DEBUG Engine               - isPreserveResizeRatio: false
20:05:51.270 [FXGL Background Thread 2 ] DEBUG Engine               - fontText: Courier-Prime.ttf
20:05:51.270 [FXGL Background Thread 2 ] DEBUG Engine               - isExperimentalTiledLargeMap: false
20:05:51.271 [FXGL Background Thread 2 ] DEBUG Engine               - secondsIn24h: 60
20:05:51.271 [FXGL Background Thread 2 ] DEBUG Engine               - runtimeInfo: RuntimeInfo(platform=MAC, version=11.8, build=08.03.2020 09.25)
20:05:51.272 [FXGL Background Thread 2 ] DEBUG Engine               - isLinux: false
20:05:51.272 [FXGL Background Thread 2 ] DEBUG Engine               - soundMenuPress: menu/press.wav
20:05:51.272 [FXGL Background Thread 2 ] DEBUG Engine               - urlGithub: https://github.com/AlmasB/FXGL
20:05:51.272 [FXGL Background Thread 2 ] DEBUG Engine               - profileDir: profiles/
20:05:51.272 [FXGL Background Thread 2 ] DEBUG Engine               - isDeveloperMenuEnabled: false
20:05:51.273 [FXGL Background Thread 2 ] DEBUG Engine               - globalSoundVolumeProperty: DoubleProperty [value: 0.5]
20:05:51.273 [FXGL Background Thread 2 ] DEBUG Engine               - mainWindow: com.almasb.fxgl.app.MainWindow@30c8a042
20:05:51.273 [FXGL Background Thread 2 ] DEBUG Engine               - isBrowser: false
20:05:51.273 [FXGL Background Thread 2 ] DEBUG Engine               - urlLeaderboard: http://fxgl-top.herokuapp.com/
20:05:51.273 [FXGL Background Thread 2 ] DEBUG Engine               - globalSoundVolume: 0.5
20:05:51.273 [FXGL Background Thread 2 ] DEBUG Engine               - engineServices: [class com.almasb.fxgl.app.GameApplication$GameApplicationService, class com.almasb.fxgl.app.services.WindowService, class com.almasb.fxgl.app.services.FXGLDialogService, class com.almasb.fxgl.app.services.IOTaskExecutorService, class com.almasb.fxgl.event.EventBusService, class com.almasb.fxgl.io.FileSystemService, class com.almasb.fxgl.localization.LocalizationService, class com.almasb.fxgl.app.services.AssetLoaderService, class com.almasb.fxgl.app.services.SystemBundleService, class com.almasb.fxgl.profile.SaveLoadService, class com.almasb.fxgl.ui.FXGLUIFactoryServiceProvider, class com.almasb.fxgl.ui.FXGLDialogFactoryServiceProvider, class com.almasb.fxgl.audio.AudioPlayer, class com.almasb.fxgl.notification.impl.NotificationServiceProvider, class com.almasb.fxgl.achievement.AchievementService, class com.almasb.fxgl.cutscene.CutsceneService, class com.almasb.fxgl.minigames.MiniGameService, class com.almasb.fxgl.net.NetService, class com.almasb.fxgl.app.services.UpdaterService]
20:05:51.273 [FXGL Background Thread 2 ] DEBUG Engine               - globalMusicVolume: 0.5
20:05:51.274 [FXGL Background Thread 2 ] DEBUG Engine               - width: 640
20:05:51.274 [FXGL Background Thread 2 ] DEBUG Engine               - saveFileExt: sav
20:05:51.274 [FXGL Background Thread 2 ] DEBUG Engine               - isAndroid: false
20:05:51.274 [FXGL Background Thread 2 ] DEBUG Engine               - fontUI: VarelaRound-Regular.ttf
20:05:51.274 [FXGL Background Thread 2 ] DEBUG Engine               - enabledMenuItems: []
20:05:51.274 [FXGL Background Thread 2 ] DEBUG Engine               - isIOS: false
20:05:51.274 [FXGL Background Thread 2 ] DEBUG Engine               - Logging services
20:05:51.274 [FXGL Background Thread 2 ] DEBUG Engine               - class com.almasb.fxgl.app.GameApplication$GameApplicationService
20:05:51.275 [FXGL Background Thread 2 ] DEBUG Engine               - class com.almasb.fxgl.app.services.WindowService
20:05:51.275 [FXGL Background Thread 2 ] DEBUG Engine               - class com.almasb.fxgl.app.services.FXGLDialogService
20:05:51.275 [FXGL Background Thread 2 ] DEBUG Engine               - class com.almasb.fxgl.app.services.IOTaskExecutorService
20:05:51.275 [FXGL Background Thread 2 ] DEBUG Engine               - class com.almasb.fxgl.event.EventBusService
20:05:51.275 [FXGL Background Thread 2 ] DEBUG Engine               - class com.almasb.fxgl.io.FileSystemService
20:05:51.275 [FXGL Background Thread 2 ] DEBUG Engine               - class com.almasb.fxgl.localization.LocalizationService
20:05:51.275 [FXGL Background Thread 2 ] DEBUG Engine               - class com.almasb.fxgl.app.services.AssetLoaderService
20:05:51.275 [FXGL Background Thread 2 ] DEBUG Engine               - class com.almasb.fxgl.app.services.SystemBundleService
20:05:51.275 [FXGL Background Thread 2 ] DEBUG Engine               - class com.almasb.fxgl.profile.SaveLoadService
20:05:51.276 [FXGL Background Thread 2 ] DEBUG Engine               - class com.almasb.fxgl.ui.FXGLUIFactoryServiceProvider
20:05:51.276 [FXGL Background Thread 2 ] DEBUG Engine               - class com.almasb.fxgl.ui.FXGLDialogFactoryServiceProvider
20:05:51.276 [FXGL Background Thread 2 ] DEBUG Engine               - class com.almasb.fxgl.audio.AudioPlayer
20:05:51.277 [FXGL Background Thread 2 ] DEBUG Engine               - class com.almasb.fxgl.notification.impl.NotificationServiceProvider
20:05:51.277 [FXGL Background Thread 2 ] DEBUG Engine               - class com.almasb.fxgl.achievement.AchievementService
20:05:51.277 [FXGL Background Thread 2 ] DEBUG Engine               - class com.almasb.fxgl.cutscene.CutsceneService
20:05:51.277 [FXGL Background Thread 2 ] DEBUG Engine               - class com.almasb.fxgl.minigames.MiniGameService
20:05:51.277 [FXGL Background Thread 2 ] DEBUG Engine               - class com.almasb.fxgl.net.NetService
20:05:51.277 [FXGL Background Thread 2 ] DEBUG Engine               - class com.almasb.fxgl.app.services.UpdaterService
20:06:29.069 [JavaFX Application Thread] DEBUG AssetLoaderService   - Loading from file system: /assets/sounds/bump.wav
20:06:30.899 [JavaFX Application Thread] DEBUG GameApplication      - Exiting FXGL
20:06:30.899 [JavaFX Application Thread] DEBUG LoopRunner           - Stopping loop
20:06:30.899 [JavaFX Application Thread] DEBUG SystemBundleService  - Saving FXGL system data
20:06:30.903 [JavaFX Application Thread] DEBUG FileSystemAccess     - Writing to: /Users/mackenziedalton/git/FriendMaker2077-07-03/system/fxgl.bundle
20:06:30.908 [JavaFX Application Thread] DEBUG GameApplication      - Shutting down background threads
20:06:30.908 [JavaFX Application Thread] DEBUG GameApplication      - Closing logger and exiting JavaFX
