13:27:08.319 [main                     ] DEBUG GameApplication      - Logger initialized
13:27:08.340 [main                     ] DEBUG GameApplication      - Logging settings
Title: FriendMaker2077
Version: 0.1
Width: 640
Height: 640
Fullscreen: false
Intro: false
Menus: false
Profiling: false
Single step:false
App Mode: DEVELOPER
Menu Key: ESCAPE
Stage Style: DECORATED
Scene Factory: class ui.MenuFactory

13:27:08.701 [JavaFX Application Thread] DEBUG GameApplication      - Initializing FXGL
13:27:08.735 [JavaFX Application Thread] INFO  Engine               - FXGL-11.8 (08.03.2020 09.25) on MAC (J:13.0.2 FX:13.0.2)
13:27:08.736 [JavaFX Application Thread] INFO  Engine               - Source code and latest versions at: https://github.com/AlmasB/FXGL
13:27:08.736 [JavaFX Application Thread] INFO  Engine               -              Join the FXGL chat at: https://gitter.im/AlmasB/FXGL
13:27:08.937 [JavaFX Application Thread] DEBUG MainWindow           - Creating a JavaFX scene
13:27:09.029 [JavaFX Application Thread] DEBUG MainWindow           - Target settings size: 640.0 x 640.0
13:27:09.029 [JavaFX Application Thread] DEBUG MainWindow           - Scaled scene size:    640.0 x 640.0
13:27:09.030 [JavaFX Application Thread] DEBUG MainWindow           - Scaled ratio: (1.0, 1.0)
13:27:09.033 [JavaFX Application Thread] DEBUG MainWindow           - Set initial scene to FXGLStartupScene
13:27:09.044 [JavaFX Application Thread] DEBUG MainWindow           - Opening main window
13:27:09.157 [JavaFX Application Thread] DEBUG MainWindow           - Window border size: (0.0, 22.0)
13:27:09.158 [JavaFX Application Thread] DEBUG MainWindow           - Scaled size: 640.0 x 640.0
13:27:09.158 [JavaFX Application Thread] DEBUG MainWindow           - Scaled ratio: (1.0, 1.0)
13:27:09.159 [JavaFX Application Thread] DEBUG MainWindow           - Scene size: 640.0 x 640.0
13:27:09.159 [JavaFX Application Thread] DEBUG MainWindow           - Stage size: 640.0 x 662.0
13:27:09.170 [FXGL Background Thread 1 ] DEBUG Engine               - Initializing environment variables
13:27:09.267 [FXGL Background Thread 1 ] DEBUG WindowService        - Applying CSS: fxgl_dark.css
13:27:09.268 [FXGL Background Thread 1 ] DEBUG AssetLoaderService   - Loading from file system: /assets/ui/css/fxgl_dark.css
13:27:09.436 [FXGL Background Thread 1 ] DEBUG WindowService        - Initializing application scenes
13:27:09.846 [FXGL Background Thread 1 ] DEBUG GameWorld            - Game world initialized
13:27:09.896 [FXGL Background Thread 1 ] DEBUG PhysicsWorld         - Physics world initialized: appHeight=640, physics.ppm=50.0
13:27:09.900 [FXGL Background Thread 1 ] DEBUG GameScene            - Game scene initialized: 640x640
13:27:09.909 [FXGL Background Thread 1 ] DEBUG Input                - Registered new binding: Resume - Esc
13:27:09.935 [FXGL Background Thread 1 ] DEBUG Input                - Registered new binding: Pause - Esc
13:27:09.935 [FXGL Background Thread 1 ] DEBUG WindowService        - Application scenes initialized
13:27:09.952 [FXGL Background Thread 1 ] DEBUG SystemBundleService  - Loading FXGL system data
13:27:09.957 [FXGL Background Thread 1 ] DEBUG FileSystemAccess     - Reading from: /Users/mackenziedalton/git/FINALFriendMaker2077-07-03/system/fxgl.bundle
13:27:09.969 [FXGL Background Thread 1 ] DEBUG SystemBundleService  - Bundle FXGL: {}
13:27:09.970 [FXGL Background Thread 1 ] INFO  Engine               - FXGL initialization took: 0.794 sec
13:27:09.973 [FXGL Background Thread 1 ] DEBUG GameApplication      - Loading localizations
13:27:09.975 [FXGL Background Thread 1 ] DEBUG AssetLoaderService   - Loading from file system: /assets/properties/languages/english.properties
13:27:09.977 [FXGL Background Thread 1 ] DEBUG AssetLoaderService   - Loading from file system: /assets/properties/languages/french.properties
13:27:09.980 [FXGL Background Thread 1 ] DEBUG AssetLoaderService   - Loading from file system: /assets/properties/languages/german.properties
13:27:09.982 [FXGL Background Thread 1 ] DEBUG AssetLoaderService   - Loading from file system: /assets/properties/languages/hungarian.properties
13:27:09.985 [FXGL Background Thread 1 ] DEBUG AssetLoaderService   - Loading from file system: /assets/properties/languages/russian.properties
13:27:09.988 [FXGL Background Thread 1 ] DEBUG GameApplication      - Registering font factories with UI factory
13:27:09.989 [FXGL Background Thread 1 ] DEBUG AssetLoaderService   - Loading from file system: /assets/ui/fonts/VarelaRound-Regular.ttf
13:27:10.031 [FXGL Background Thread 1 ] DEBUG AssetLoaderService   - Loading from file system: /assets/ui/fonts/Abel-Regular.ttf
13:27:10.037 [FXGL Background Thread 1 ] DEBUG AssetLoaderService   - Loading from file system: /assets/ui/fonts/lucida_console.ttf
13:27:10.045 [FXGL Background Thread 1 ] DEBUG AssetLoaderService   - Loading from file system: /assets/ui/fonts/Courier-Prime.ttf
13:27:10.054 [JavaFX Application Thread] DEBUG Input                - Registered new binding: Move Right - D
13:27:10.055 [JavaFX Application Thread] DEBUG Input                - Registered new binding: Move Left - A
13:27:10.055 [JavaFX Application Thread] DEBUG Input                - Registered new binding: Move Up - W
13:27:10.055 [JavaFX Application Thread] DEBUG Input                - Registered new binding: Move Down - S
13:27:10.056 [JavaFX Application Thread] DEBUG Input                - Registered new binding: Play Sound - F
13:27:10.056 [JavaFX Application Thread] DEBUG AssetLoaderService   - Loading from file system: /assets/textures/fxgl_icon.png
13:27:10.136 [JavaFX Application Thread] DEBUG AssetLoaderService   - Loading from file system: /assets/ui/cursors/fxgl_default.png
13:27:10.139 [JavaFX Application Thread] DEBUG Input                - Registered new binding: Screenshot - P
13:27:10.140 [JavaFX Application Thread] DEBUG Input                - Registered new binding: System info dump - CTRL+9
13:27:10.141 [JavaFX Application Thread] DEBUG Input                - Registered new binding: Restart - CTRL+R
13:27:10.142 [JavaFX Application Thread] DEBUG LoopRunner           - Starting loop
13:27:10.169 [JavaFX Application Thread] DEBUG FXGLStartupScene     - STARTUP
13:27:10.169 [JavaFX Application Thread] DEBUG WindowService        - Starting new game
13:27:10.173 [JavaFX Application Thread] DEBUG Input                - Clearing active input actions
13:27:10.187 [JavaFX Application Thread] DEBUG WindowService        - Removing overlay from FXGLStartupScene and adding to FXGLLoadingScene
13:27:10.187 [JavaFX Application Thread] DEBUG MainWindow           - FXGLStartupScene -> FXGLLoadingScene
13:27:10.187 [JavaFX Application Thread] DEBUG WindowService        - Clearing previous game
13:27:10.187 [JavaFX Application Thread] DEBUG GameScene            - Clearing game scene
13:27:10.188 [JavaFX Application Thread] DEBUG GameWorld            - Clearing game world
13:27:10.188 [JavaFX Application Thread] DEBUG PhysicsWorld         - Clearing physics world
13:27:10.189 [FXGL Background Thread 1 ] DEBUG GameApplication      - Initializing game
13:27:10.205 [FXGL Background Thread 1 ] DEBUG AssetLoaderService   - Loading from file system: /assets/textures/EmptyMap.png
13:27:10.830 [FXGL Background Thread 1 ] DEBUG AssetLoaderService   - Loading from file system: /assets/music/soundtrack.wav
13:27:11.029 [FXGL Background Thread 1 ] DEBUG AudioPlayer          - Playing music com.almasb.fxgl.audio.Music@2955f578
13:27:11.075 [FXGL Background Thread 1 ] DEBUG AssetLoaderService   - Loading from file system: /assets/textures/CharacterSprite.png
13:27:11.081 [FXGL Background Thread 1 ] DEBUG AssetLoaderService   - Loading from cache: /assets/textures/CharacterSprite.png
13:27:11.081 [FXGL Background Thread 1 ] DEBUG AssetLoaderService   - Loading from cache: /assets/textures/CharacterSprite.png
13:27:11.081 [FXGL Background Thread 1 ] DEBUG AssetLoaderService   - Loading from cache: /assets/textures/CharacterSprite.png
13:27:11.082 [FXGL Background Thread 1 ] DEBUG AssetLoaderService   - Loading from cache: /assets/textures/CharacterSprite.png
13:27:11.082 [FXGL Background Thread 1 ] DEBUG AssetLoaderService   - Loading from cache: /assets/textures/CharacterSprite.png
13:27:11.092 [FXGL Background Thread 1 ] DEBUG AssetLoaderService   - Loading from file system: /assets/textures/bbox.png
13:27:11.107 [FXGL Background Thread 1 ] DEBUG AssetLoaderService   - Loading from file system: /assets/textures/froggysprite.png
13:27:11.109 [FXGL Background Thread 1 ] DEBUG AssetLoaderService   - Loading from cache: /assets/textures/froggysprite.png
13:27:11.109 [FXGL Background Thread 1 ] DEBUG AssetLoaderService   - Loading from cache: /assets/textures/froggysprite.png
13:27:11.109 [FXGL Background Thread 1 ] DEBUG AssetLoaderService   - Loading from cache: /assets/textures/bbox.png
13:27:11.112 [FXGL Background Thread 1 ] DEBUG AssetLoaderService   - Loading from file system: /assets/textures/lighthouse.png
13:27:11.117 [FXGL Background Thread 1 ] DEBUG AssetLoaderService   - Loading from file system: /assets/textures/bush.png
13:27:11.119 [FXGL Background Thread 1 ] DEBUG AssetLoaderService   - Loading from cache: /assets/textures/bush.png
13:27:11.121 [FXGL Background Thread 1 ] DEBUG AssetLoaderService   - Loading from file system: /assets/textures/rock.png
13:27:11.124 [FXGL Background Thread 1 ] DEBUG AssetLoaderService   - Loading from cache: /assets/textures/rock.png
13:27:11.126 [FXGL Background Thread 1 ] DEBUG AssetLoaderService   - Loading from file system: /assets/textures/greenhouse.png
13:27:11.129 [FXGL Background Thread 1 ] DEBUG AssetLoaderService   - Loading from file system: /assets/textures/tree.png
13:27:11.134 [FXGL Background Thread 1 ] DEBUG AssetLoaderService   - Loading from cache: /assets/textures/bush.png
13:27:11.135 [FXGL Background Thread 1 ] DEBUG AssetLoaderService   - Loading from cache: /assets/textures/tree.png
13:27:11.136 [FXGL Background Thread 1 ] DEBUG AssetLoaderService   - Loading from cache: /assets/textures/bush.png
13:27:11.138 [FXGL Background Thread 1 ] DEBUG AssetLoaderService   - Loading from file system: /assets/textures/appletree.png
13:27:11.142 [FXGL Background Thread 1 ] DEBUG AssetLoaderService   - Loading from cache: /assets/textures/bush.png
13:27:11.143 [FXGL Background Thread 1 ] DEBUG AssetLoaderService   - Loading from cache: /assets/textures/tree.png
13:27:11.144 [FXGL Background Thread 1 ] DEBUG AssetLoaderService   - Loading from cache: /assets/textures/bush.png
13:27:11.145 [FXGL Background Thread 1 ] DEBUG AssetLoaderService   - Loading from cache: /assets/textures/appletree.png
13:27:11.146 [FXGL Background Thread 1 ] DEBUG AssetLoaderService   - Loading from cache: /assets/textures/bush.png
13:27:11.150 [FXGL Background Thread 1 ] DEBUG AssetLoaderService   - Loading from cache: /assets/textures/appletree.png
13:27:11.152 [FXGL Background Thread 1 ] DEBUG AssetLoaderService   - Loading from cache: /assets/textures/bush.png
13:27:11.153 [FXGL Background Thread 1 ] DEBUG AssetLoaderService   - Loading from cache: /assets/textures/tree.png
13:27:11.154 [FXGL Background Thread 1 ] DEBUG AssetLoaderService   - Loading from cache: /assets/textures/bush.png
13:27:11.155 [FXGL Background Thread 1 ] DEBUG AssetLoaderService   - Loading from cache: /assets/textures/tree.png
13:27:11.158 [FXGL Background Thread 1 ] DEBUG AssetLoaderService   - Loading from cache: /assets/textures/bush.png
13:27:11.159 [FXGL Background Thread 1 ] DEBUG AssetLoaderService   - Loading from cache: /assets/textures/tree.png
13:27:11.160 [FXGL Background Thread 1 ] DEBUG AssetLoaderService   - Loading from cache: /assets/textures/bush.png
13:27:11.161 [FXGL Background Thread 1 ] DEBUG AssetLoaderService   - Loading from cache: /assets/textures/bush.png
13:27:11.162 [FXGL Background Thread 1 ] DEBUG AssetLoaderService   - Loading from cache: /assets/textures/tree.png
13:27:11.164 [FXGL Background Thread 1 ] DEBUG AssetLoaderService   - Loading from cache: /assets/textures/tree.png
13:27:11.167 [FXGL Background Thread 1 ] DEBUG AssetLoaderService   - Loading from cache: /assets/textures/tree.png
13:27:11.169 [FXGL Background Thread 1 ] DEBUG AssetLoaderService   - Loading from cache: /assets/textures/bush.png
13:27:11.171 [FXGL Background Thread 1 ] DEBUG AssetLoaderService   - Loading from cache: /assets/textures/tree.png
13:27:11.174 [FXGL Background Thread 1 ] DEBUG AssetLoaderService   - Loading from cache: /assets/textures/bush.png
13:27:11.175 [FXGL Background Thread 1 ] DEBUG AssetLoaderService   - Loading from cache: /assets/textures/appletree.png
13:27:11.176 [FXGL Background Thread 1 ] DEBUG AssetLoaderService   - Loading from cache: /assets/textures/bush.png
13:27:11.177 [FXGL Background Thread 1 ] DEBUG AssetLoaderService   - Loading from cache: /assets/textures/tree.png
13:27:11.179 [FXGL Background Thread 1 ] DEBUG AssetLoaderService   - Loading from cache: /assets/textures/bush.png
13:27:11.182 [FXGL Background Thread 1 ] DEBUG AssetLoaderService   - Loading from cache: /assets/textures/appletree.png
13:27:11.185 [FXGL Background Thread 1 ] DEBUG AssetLoaderService   - Loading from cache: /assets/textures/bush.png
13:27:11.186 [FXGL Background Thread 1 ] DEBUG AssetLoaderService   - Loading from cache: /assets/textures/appletree.png
13:27:11.190 [FXGL Background Thread 1 ] DEBUG AssetLoaderService   - Loading from file system: /assets/textures/bluehouse.png
13:27:11.193 [FXGL Background Thread 1 ] DEBUG AssetLoaderService   - Loading from cache: /assets/textures/appletree.png
13:27:11.194 [FXGL Background Thread 1 ] DEBUG AssetLoaderService   - Loading from file system: /assets/textures/redhouse.png
13:27:11.196 [FXGL Background Thread 1 ] DEBUG AssetLoaderService   - Loading from cache: /assets/textures/appletree.png
13:27:11.201 [FXGL Background Thread 1 ] DEBUG AssetLoaderService   - Loading from cache: /assets/textures/redhouse.png
13:27:11.202 [FXGL Background Thread 1 ] DEBUG AssetLoaderService   - Loading from cache: /assets/textures/appletree.png
13:27:11.205 [FXGL Background Thread 1 ] DEBUG AssetLoaderService   - Loading from cache: /assets/textures/bluehouse.png
13:27:11.207 [FXGL Background Thread 1 ] DEBUG AssetLoaderService   - Loading from cache: /assets/textures/appletree.png
13:27:11.209 [FXGL Background Thread 1 ] DEBUG AssetLoaderService   - Loading from cache: /assets/textures/appletree.png
13:27:11.210 [FXGL Background Thread 1 ] DEBUG AssetLoaderService   - Loading from cache: /assets/textures/bush.png
13:27:11.212 [FXGL Background Thread 1 ] DEBUG AssetLoaderService   - Loading from cache: /assets/textures/rock.png
13:27:11.214 [FXGL Background Thread 1 ] DEBUG AssetLoaderService   - Loading from cache: /assets/textures/tree.png
13:27:11.217 [FXGL Background Thread 1 ] INFO  GameApplication      - Game initialization took: 1.027 sec
13:27:11.218 [JavaFX Application Thread] DEBUG Input                - Clearing active input actions
13:27:11.256 [JavaFX Application Thread] DEBUG WindowService        - Removing overlay from FXGLLoadingScene and adding to GameScene
13:27:11.256 [JavaFX Application Thread] DEBUG MainWindow           - FXGLLoadingScene -> GameScene
13:27:12.973 [FXGL Background Thread 2 ] DEBUG Engine               - Logging environment variables
13:27:12.973 [FXGL Background Thread 2 ] DEBUG Engine               - achievements: []
13:27:12.974 [FXGL Background Thread 2 ] DEBUG Engine               - language: ObjectProperty [value: ENGLISH]
13:27:12.974 [FXGL Background Thread 2 ] DEBUG Engine               - isCloseConfirmation: false
13:27:12.974 [FXGL Background Thread 2 ] DEBUG Engine               - isProfilingEnabled: false
13:27:12.974 [FXGL Background Thread 2 ] DEBUG Engine               - soundNotification: core/notification.wav
13:27:12.974 [FXGL Background Thread 2 ] DEBUG Engine               - devShowBBoxProperty: BooleanProperty [value: false]
13:27:12.974 [FXGL Background Thread 2 ] DEBUG Engine               - pixelsPerMeter: 50.0
13:27:12.974 [FXGL Background Thread 2 ] DEBUG Engine               - appIcon: fxgl_icon.png
13:27:12.974 [FXGL Background Thread 2 ] DEBUG Engine               - soundMenuBack: menu/back.wav
13:27:12.974 [FXGL Background Thread 2 ] DEBUG Engine               - isFullScreenAllowed: false
13:27:12.974 [FXGL Background Thread 2 ] DEBUG Engine               - isIntroEnabled: false
13:27:12.975 [FXGL Background Thread 2 ] DEBUG Engine               - fontMono: lucida_console.ttf
13:27:12.975 [FXGL Background Thread 2 ] DEBUG Engine               - soundMenuSelect: menu/select.wav
13:27:12.975 [FXGL Background Thread 2 ] DEBUG Engine               - isWindows: false
13:27:12.975 [FXGL Background Thread 2 ] DEBUG Engine               - isMobile: false
13:27:12.975 [FXGL Background Thread 2 ] DEBUG Engine               - isUserProfileEnabled: false
13:27:12.975 [FXGL Background Thread 2 ] DEBUG Engine               - height: 640
13:27:12.975 [FXGL Background Thread 2 ] DEBUG Engine               - isExperimentalNative: false
13:27:12.975 [FXGL Background Thread 2 ] DEBUG Engine               - settings: Title: FriendMaker2077
Version: 0.1
Width: 640
Height: 640
Fullscreen: false
Intro: false
Menus: false
Profiling: false
Single step:false
App Mode: DEVELOPER
Menu Key: ESCAPE
Stage Style: DECORATED
Scene Factory: class ui.MenuFactory

13:27:12.975 [FXGL Background Thread 2 ] DEBUG Engine               - isSingleStep: false
13:27:12.976 [FXGL Background Thread 2 ] DEBUG Engine               - cSSList: [fxgl_dark.css]
13:27:12.976 [FXGL Background Thread 2 ] DEBUG Engine               - fontGame: Abel-Regular.ttf
13:27:12.976 [FXGL Background Thread 2 ] DEBUG Engine               - menuKey: ESCAPE
13:27:12.976 [FXGL Background Thread 2 ] DEBUG Engine               - devShowPositionProperty: BooleanProperty [value: false]
13:27:12.976 [FXGL Background Thread 2 ] DEBUG Engine               - versionCheckDays: 7
13:27:12.976 [FXGL Background Thread 2 ] DEBUG Engine               - configClass: Optional.empty
13:27:12.976 [FXGL Background Thread 2 ] DEBUG Engine               - isFullScreenFromStart: false
13:27:12.976 [FXGL Background Thread 2 ] DEBUG Engine               - version: 0.1
13:27:12.977 [FXGL Background Thread 2 ] DEBUG Engine               - fullScreen: BooleanProperty [value: false]
13:27:12.977 [FXGL Background Thread 2 ] DEBUG Engine               - randomSeed: -1
13:27:12.977 [FXGL Background Thread 2 ] DEBUG Engine               - gameDifficultyProperty: ObjectProperty [value: MEDIUM]
13:27:12.977 [FXGL Background Thread 2 ] DEBUG Engine               - applicationMode: DEVELOPER
13:27:12.977 [FXGL Background Thread 2 ] DEBUG Engine               - isMac: true
13:27:12.977 [FXGL Background Thread 2 ] DEBUG Engine               - isMenuEnabled: false
13:27:12.977 [FXGL Background Thread 2 ] DEBUG Engine               - urlPOM: https://raw.githubusercontent.com/AlmasB/FXGL/master/pom.xml
13:27:12.977 [FXGL Background Thread 2 ] DEBUG Engine               - profileName: StringProperty [value: DEFAULT]
13:27:12.978 [FXGL Background Thread 2 ] DEBUG Engine               - devSensorColorProperty: ObjectProperty [value: 0xffff00ff]
13:27:12.978 [FXGL Background Thread 2 ] DEBUG Engine               - notificationViewClass: class com.almasb.fxgl.notification.view.XboxNotificationView
13:27:12.978 [FXGL Background Thread 2 ] DEBUG Engine               - sceneFactory: ui.MenuFactory@2fb38006
13:27:12.978 [FXGL Background Thread 2 ] DEBUG Engine               - stageStyle: DECORATED
13:27:12.978 [FXGL Background Thread 2 ] DEBUG Engine               - isManualResizeEnabled: false
13:27:12.978 [FXGL Background Thread 2 ] DEBUG Engine               - title: FriendMaker2077
13:27:12.978 [FXGL Background Thread 2 ] DEBUG Engine               - platform: MAC
13:27:12.979 [FXGL Background Thread 2 ] DEBUG Engine               - devBBoxColorProperty: ObjectProperty [value: 0xff0000ff]
13:27:12.979 [FXGL Background Thread 2 ] DEBUG Engine               - gameDifficulty: MEDIUM
13:27:12.979 [FXGL Background Thread 2 ] DEBUG Engine               - isDesktop: true
13:27:12.979 [FXGL Background Thread 2 ] DEBUG Engine               - supportedLanguages: [ENGLISH, FRENCH, GERMAN, HUNGARIAN, RUSSIAN]
13:27:12.979 [FXGL Background Thread 2 ] DEBUG Engine               - globalMusicVolumeProperty: DoubleProperty [value: 0.5]
13:27:12.979 [FXGL Background Thread 2 ] DEBUG Engine               - credits: []
13:27:12.979 [FXGL Background Thread 2 ] DEBUG Engine               - isPreserveResizeRatio: false
13:27:12.979 [FXGL Background Thread 2 ] DEBUG Engine               - fontText: Courier-Prime.ttf
13:27:12.979 [FXGL Background Thread 2 ] DEBUG Engine               - isExperimentalTiledLargeMap: false
13:27:12.980 [FXGL Background Thread 2 ] DEBUG Engine               - secondsIn24h: 60
13:27:12.980 [FXGL Background Thread 2 ] DEBUG Engine               - runtimeInfo: RuntimeInfo(platform=MAC, version=11.8, build=08.03.2020 09.25)
13:27:12.980 [FXGL Background Thread 2 ] DEBUG Engine               - urlGithub: https://github.com/AlmasB/FXGL
13:27:12.980 [FXGL Background Thread 2 ] DEBUG Engine               - isLinux: false
13:27:12.980 [FXGL Background Thread 2 ] DEBUG Engine               - soundMenuPress: menu/press.wav
13:27:12.981 [FXGL Background Thread 2 ] DEBUG Engine               - profileDir: profiles/
13:27:12.981 [FXGL Background Thread 2 ] DEBUG Engine               - globalSoundVolumeProperty: DoubleProperty [value: 0.5]
13:27:12.981 [FXGL Background Thread 2 ] DEBUG Engine               - isDeveloperMenuEnabled: false
13:27:12.981 [FXGL Background Thread 2 ] DEBUG Engine               - mainWindow: com.almasb.fxgl.app.MainWindow@2b8c0128
13:27:12.981 [FXGL Background Thread 2 ] DEBUG Engine               - urlLeaderboard: http://fxgl-top.herokuapp.com/
13:27:12.981 [FXGL Background Thread 2 ] DEBUG Engine               - globalSoundVolume: 0.5
13:27:12.982 [FXGL Background Thread 2 ] DEBUG Engine               - isBrowser: false
13:27:12.983 [FXGL Background Thread 2 ] DEBUG Engine               - engineServices: [class com.almasb.fxgl.app.GameApplication$GameApplicationService, class com.almasb.fxgl.app.services.WindowService, class com.almasb.fxgl.app.services.FXGLDialogService, class com.almasb.fxgl.app.services.IOTaskExecutorService, class com.almasb.fxgl.event.EventBusService, class com.almasb.fxgl.io.FileSystemService, class com.almasb.fxgl.localization.LocalizationService, class com.almasb.fxgl.app.services.AssetLoaderService, class com.almasb.fxgl.app.services.SystemBundleService, class com.almasb.fxgl.profile.SaveLoadService, class com.almasb.fxgl.ui.FXGLUIFactoryServiceProvider, class com.almasb.fxgl.ui.FXGLDialogFactoryServiceProvider, class com.almasb.fxgl.audio.AudioPlayer, class com.almasb.fxgl.notification.impl.NotificationServiceProvider, class com.almasb.fxgl.achievement.AchievementService, class com.almasb.fxgl.cutscene.CutsceneService, class com.almasb.fxgl.minigames.MiniGameService, class com.almasb.fxgl.net.NetService, class com.almasb.fxgl.app.services.UpdaterService]
13:27:12.983 [FXGL Background Thread 2 ] DEBUG Engine               - globalMusicVolume: 0.5
13:27:12.984 [FXGL Background Thread 2 ] DEBUG Engine               - width: 640
13:27:12.984 [FXGL Background Thread 2 ] DEBUG Engine               - saveFileExt: sav
13:27:12.984 [FXGL Background Thread 2 ] DEBUG Engine               - isAndroid: false
13:27:12.984 [FXGL Background Thread 2 ] DEBUG Engine               - fontUI: VarelaRound-Regular.ttf
13:27:12.984 [FXGL Background Thread 2 ] DEBUG Engine               - isIOS: false
13:27:12.984 [FXGL Background Thread 2 ] DEBUG Engine               - enabledMenuItems: []
13:27:12.984 [FXGL Background Thread 2 ] DEBUG Engine               - Logging services
13:27:12.985 [FXGL Background Thread 2 ] DEBUG Engine               - class com.almasb.fxgl.app.GameApplication$GameApplicationService
13:27:12.985 [FXGL Background Thread 2 ] DEBUG Engine               - class com.almasb.fxgl.app.services.WindowService
13:27:12.985 [FXGL Background Thread 2 ] DEBUG Engine               - class com.almasb.fxgl.app.services.FXGLDialogService
13:27:12.985 [FXGL Background Thread 2 ] DEBUG Engine               - class com.almasb.fxgl.app.services.IOTaskExecutorService
13:27:12.985 [FXGL Background Thread 2 ] DEBUG Engine               - class com.almasb.fxgl.event.EventBusService
13:27:12.985 [FXGL Background Thread 2 ] DEBUG Engine               - class com.almasb.fxgl.io.FileSystemService
13:27:12.985 [FXGL Background Thread 2 ] DEBUG Engine               - class com.almasb.fxgl.localization.LocalizationService
13:27:12.985 [FXGL Background Thread 2 ] DEBUG Engine               - class com.almasb.fxgl.app.services.AssetLoaderService
13:27:12.986 [FXGL Background Thread 2 ] DEBUG Engine               - class com.almasb.fxgl.app.services.SystemBundleService
13:27:12.986 [FXGL Background Thread 2 ] DEBUG Engine               - class com.almasb.fxgl.profile.SaveLoadService
13:27:12.986 [FXGL Background Thread 2 ] DEBUG Engine               - class com.almasb.fxgl.ui.FXGLUIFactoryServiceProvider
13:27:12.986 [FXGL Background Thread 2 ] DEBUG Engine               - class com.almasb.fxgl.ui.FXGLDialogFactoryServiceProvider
13:27:12.986 [FXGL Background Thread 2 ] DEBUG Engine               - class com.almasb.fxgl.audio.AudioPlayer
13:27:12.986 [FXGL Background Thread 2 ] DEBUG Engine               - class com.almasb.fxgl.notification.impl.NotificationServiceProvider
13:27:12.986 [FXGL Background Thread 2 ] DEBUG Engine               - class com.almasb.fxgl.achievement.AchievementService
13:27:12.986 [FXGL Background Thread 2 ] DEBUG Engine               - class com.almasb.fxgl.cutscene.CutsceneService
13:27:12.986 [FXGL Background Thread 2 ] DEBUG Engine               - class com.almasb.fxgl.minigames.MiniGameService
13:27:12.987 [FXGL Background Thread 2 ] DEBUG Engine               - class com.almasb.fxgl.net.NetService
13:27:12.987 [FXGL Background Thread 2 ] DEBUG Engine               - class com.almasb.fxgl.app.services.UpdaterService
13:27:13.330 [JavaFX Application Thread] DEBUG AssetLoaderService   - Loading from file system: /assets/sounds/bump.wav
13:27:13.380 [JavaFX Application Thread] DEBUG AssetLoaderService   - Loading from cache: /assets/sounds/bump.wav
13:27:13.412 [JavaFX Application Thread] DEBUG AssetLoaderService   - Loading from cache: /assets/sounds/bump.wav
13:27:13.446 [JavaFX Application Thread] DEBUG AssetLoaderService   - Loading from cache: /assets/sounds/bump.wav
13:27:13.480 [JavaFX Application Thread] DEBUG AssetLoaderService   - Loading from cache: /assets/sounds/bump.wav
13:27:13.513 [JavaFX Application Thread] DEBUG AssetLoaderService   - Loading from cache: /assets/sounds/bump.wav
13:27:13.547 [JavaFX Application Thread] DEBUG AssetLoaderService   - Loading from cache: /assets/sounds/bump.wav
13:27:13.581 [JavaFX Application Thread] DEBUG AssetLoaderService   - Loading from cache: /assets/sounds/bump.wav
13:27:13.613 [JavaFX Application Thread] DEBUG AssetLoaderService   - Loading from cache: /assets/sounds/bump.wav
13:27:13.646 [JavaFX Application Thread] DEBUG AssetLoaderService   - Loading from cache: /assets/sounds/bump.wav
13:27:17.047 [JavaFX Application Thread] DEBUG AssetLoaderService   - Loading from file system: /assets/sounds/move.wav
13:27:17.064 [JavaFX Application Thread] DEBUG Input                - Registered new binding: Next RPG Line - Enter
13:27:17.065 [JavaFX Application Thread] DEBUG MainWindow           - Push state: CutsceneScene
13:27:17.066 [JavaFX Application Thread] DEBUG Input                - Clearing active input actions
13:27:17.068 [JavaFX Application Thread] DEBUG WindowService        - Removing overlay from GameScene and adding to CutsceneScene
13:27:17.069 [JavaFX Application Thread] DEBUG MainWindow           - GameScene -> CutsceneScene
13:27:29.913 [JavaFX Application Thread] DEBUG MainWindow           - Pop state: CutsceneScene
13:27:29.914 [JavaFX Application Thread] DEBUG Input                - Clearing active input actions
13:27:29.915 [JavaFX Application Thread] DEBUG WindowService        - Removing overlay from CutsceneScene and adding to GameScene
13:27:29.915 [JavaFX Application Thread] DEBUG MainWindow           - GameScene <- CutsceneScene
13:27:32.964 [JavaFX Application Thread] DEBUG AssetLoaderService   - Loading from cache: /assets/sounds/bump.wav
13:27:33.313 [JavaFX Application Thread] DEBUG AssetLoaderService   - Loading from cache: /assets/sounds/bump.wav
13:27:33.347 [JavaFX Application Thread] DEBUG AssetLoaderService   - Loading from cache: /assets/sounds/bump.wav
13:27:35.780 [JavaFX Application Thread] DEBUG AssetLoaderService   - Loading from cache: /assets/sounds/bump.wav
13:27:42.162 [JavaFX Application Thread] DEBUG GameApplication      - Exiting FXGL
13:27:42.162 [JavaFX Application Thread] DEBUG LoopRunner           - Stopping loop
13:27:42.162 [JavaFX Application Thread] DEBUG SystemBundleService  - Saving FXGL system data
13:27:42.164 [JavaFX Application Thread] DEBUG FileSystemAccess     - Writing to: /Users/mackenziedalton/git/FINALFriendMaker2077-07-03/system/fxgl.bundle
13:27:42.166 [JavaFX Application Thread] DEBUG GameApplication      - Shutting down background threads
13:27:42.166 [JavaFX Application Thread] DEBUG GameApplication      - Closing logger and exiting JavaFX
