13:29:31.968 [main                     ] DEBUG GameApplication      - Logger initialized
13:29:32.001 [main                     ] DEBUG GameApplication      - Logging settings
Title: FriendMaker2077
Version: 0.1
Width: 640
Height: 640
Fullscreen: false
Intro: false
Menus: false
Profiling: false
Single step:false
App Mode: DEVELOPER
Menu Key: ESCAPE
Stage Style: DECORATED
Scene Factory: class ui.MenuFactory

13:29:32.464 [JavaFX Application Thread] DEBUG GameApplication      - Initializing FXGL
13:29:32.500 [JavaFX Application Thread] INFO  Engine               - FXGL-11.8 (08.03.2020 09.25) on MAC (J:13.0.2 FX:13.0.2)
13:29:32.501 [JavaFX Application Thread] INFO  Engine               - Source code and latest versions at: https://github.com/AlmasB/FXGL
13:29:32.501 [JavaFX Application Thread] INFO  Engine               -              Join the FXGL chat at: https://gitter.im/AlmasB/FXGL
13:29:32.714 [JavaFX Application Thread] DEBUG MainWindow           - Creating a JavaFX scene
13:29:32.808 [JavaFX Application Thread] DEBUG MainWindow           - Target settings size: 640.0 x 640.0
13:29:32.808 [JavaFX Application Thread] DEBUG MainWindow           - Scaled scene size:    640.0 x 640.0
13:29:32.809 [JavaFX Application Thread] DEBUG MainWindow           - Scaled ratio: (1.0, 1.0)
13:29:32.812 [JavaFX Application Thread] DEBUG MainWindow           - Set initial scene to FXGLStartupScene
13:29:32.824 [JavaFX Application Thread] DEBUG MainWindow           - Opening main window
13:29:32.943 [JavaFX Application Thread] DEBUG MainWindow           - Window border size: (0.0, 22.0)
13:29:32.943 [JavaFX Application Thread] DEBUG MainWindow           - Scaled size: 640.0 x 640.0
13:29:32.944 [JavaFX Application Thread] DEBUG MainWindow           - Scaled ratio: (1.0, 1.0)
13:29:32.945 [JavaFX Application Thread] DEBUG MainWindow           - Scene size: 640.0 x 640.0
13:29:32.945 [JavaFX Application Thread] DEBUG MainWindow           - Stage size: 640.0 x 662.0
13:29:32.959 [FXGL Background Thread 1 ] DEBUG Engine               - Initializing environment variables
13:29:33.038 [FXGL Background Thread 1 ] DEBUG WindowService        - Applying CSS: fxgl_dark.css
13:29:33.039 [FXGL Background Thread 1 ] DEBUG AssetLoaderService   - Loading from file system: /assets/ui/css/fxgl_dark.css
13:29:33.223 [FXGL Background Thread 1 ] DEBUG WindowService        - Initializing application scenes
13:29:33.551 [FXGL Background Thread 1 ] DEBUG GameWorld            - Game world initialized
13:29:33.605 [FXGL Background Thread 1 ] DEBUG PhysicsWorld         - Physics world initialized: appHeight=640, physics.ppm=50.0
13:29:33.610 [FXGL Background Thread 1 ] DEBUG GameScene            - Game scene initialized: 640x640
13:29:33.620 [FXGL Background Thread 1 ] DEBUG Input                - Registered new binding: Resume - Esc
13:29:33.646 [FXGL Background Thread 1 ] DEBUG Input                - Registered new binding: Pause - Esc
13:29:33.646 [FXGL Background Thread 1 ] DEBUG WindowService        - Application scenes initialized
13:29:33.665 [FXGL Background Thread 1 ] DEBUG SystemBundleService  - Loading FXGL system data
13:29:33.671 [FXGL Background Thread 1 ] DEBUG FileSystemAccess     - Reading from: /Users/mackenziedalton/git/FINALFriendMaker2077-07-03/system/fxgl.bundle
13:29:33.684 [FXGL Background Thread 1 ] DEBUG SystemBundleService  - Bundle FXGL: {}
13:29:33.685 [FXGL Background Thread 1 ] INFO  Engine               - FXGL initialization took: 0.719 sec
13:29:33.688 [FXGL Background Thread 1 ] DEBUG GameApplication      - Loading localizations
13:29:33.689 [FXGL Background Thread 1 ] DEBUG AssetLoaderService   - Loading from file system: /assets/properties/languages/english.properties
13:29:33.692 [FXGL Background Thread 1 ] DEBUG AssetLoaderService   - Loading from file system: /assets/properties/languages/french.properties
13:29:33.694 [FXGL Background Thread 1 ] DEBUG AssetLoaderService   - Loading from file system: /assets/properties/languages/german.properties
13:29:33.697 [FXGL Background Thread 1 ] DEBUG AssetLoaderService   - Loading from file system: /assets/properties/languages/hungarian.properties
13:29:33.699 [FXGL Background Thread 1 ] DEBUG AssetLoaderService   - Loading from file system: /assets/properties/languages/russian.properties
13:29:33.702 [FXGL Background Thread 1 ] DEBUG GameApplication      - Registering font factories with UI factory
13:29:33.702 [FXGL Background Thread 1 ] DEBUG AssetLoaderService   - Loading from file system: /assets/ui/fonts/VarelaRound-Regular.ttf
13:29:33.738 [FXGL Background Thread 1 ] DEBUG AssetLoaderService   - Loading from file system: /assets/ui/fonts/Abel-Regular.ttf
13:29:33.743 [FXGL Background Thread 1 ] DEBUG AssetLoaderService   - Loading from file system: /assets/ui/fonts/lucida_console.ttf
13:29:33.753 [FXGL Background Thread 1 ] DEBUG AssetLoaderService   - Loading from file system: /assets/ui/fonts/Courier-Prime.ttf
13:29:33.764 [JavaFX Application Thread] DEBUG Input                - Registered new binding: Move Right - D
13:29:33.764 [JavaFX Application Thread] DEBUG Input                - Registered new binding: Move Left - A
13:29:33.765 [JavaFX Application Thread] DEBUG Input                - Registered new binding: Move Up - W
13:29:33.765 [JavaFX Application Thread] DEBUG Input                - Registered new binding: Move Down - S
13:29:33.766 [JavaFX Application Thread] DEBUG Input                - Registered new binding: Play Sound - F
13:29:33.766 [JavaFX Application Thread] DEBUG AssetLoaderService   - Loading from file system: /assets/textures/fxgl_icon.png
13:29:33.843 [JavaFX Application Thread] DEBUG AssetLoaderService   - Loading from file system: /assets/ui/cursors/fxgl_default.png
13:29:33.847 [JavaFX Application Thread] DEBUG Input                - Registered new binding: Screenshot - P
13:29:33.848 [JavaFX Application Thread] DEBUG Input                - Registered new binding: System info dump - CTRL+9
13:29:33.849 [JavaFX Application Thread] DEBUG Input                - Registered new binding: Restart - CTRL+R
13:29:33.849 [JavaFX Application Thread] DEBUG LoopRunner           - Starting loop
13:29:33.881 [JavaFX Application Thread] DEBUG FXGLStartupScene     - STARTUP
13:29:33.881 [JavaFX Application Thread] DEBUG WindowService        - Starting new game
13:29:33.884 [JavaFX Application Thread] DEBUG Input                - Clearing active input actions
13:29:33.897 [JavaFX Application Thread] DEBUG WindowService        - Removing overlay from FXGLStartupScene and adding to FXGLLoadingScene
13:29:33.898 [JavaFX Application Thread] DEBUG MainWindow           - FXGLStartupScene -> FXGLLoadingScene
13:29:33.898 [JavaFX Application Thread] DEBUG WindowService        - Clearing previous game
13:29:33.898 [JavaFX Application Thread] DEBUG GameScene            - Clearing game scene
13:29:33.898 [JavaFX Application Thread] DEBUG GameWorld            - Clearing game world
13:29:33.898 [JavaFX Application Thread] DEBUG PhysicsWorld         - Clearing physics world
13:29:33.900 [FXGL Background Thread 1 ] DEBUG GameApplication      - Initializing game
13:29:33.910 [FXGL Background Thread 1 ] DEBUG AssetLoaderService   - Loading from file system: /assets/textures/EmptyMap.png
13:29:34.455 [FXGL Background Thread 1 ] DEBUG AssetLoaderService   - Loading from file system: /assets/music/soundtrack.wav
13:29:34.654 [FXGL Background Thread 1 ] DEBUG AudioPlayer          - Playing music com.almasb.fxgl.audio.Music@62449643
13:29:34.682 [FXGL Background Thread 1 ] DEBUG AssetLoaderService   - Loading from file system: /assets/textures/CharacterSprite.png
13:29:34.684 [FXGL Background Thread 1 ] DEBUG AssetLoaderService   - Loading from cache: /assets/textures/CharacterSprite.png
13:29:34.685 [FXGL Background Thread 1 ] DEBUG AssetLoaderService   - Loading from cache: /assets/textures/CharacterSprite.png
13:29:34.685 [FXGL Background Thread 1 ] DEBUG AssetLoaderService   - Loading from cache: /assets/textures/CharacterSprite.png
13:29:34.685 [FXGL Background Thread 1 ] DEBUG AssetLoaderService   - Loading from cache: /assets/textures/CharacterSprite.png
13:29:34.685 [FXGL Background Thread 1 ] DEBUG AssetLoaderService   - Loading from cache: /assets/textures/CharacterSprite.png
13:29:34.691 [FXGL Background Thread 1 ] DEBUG AssetLoaderService   - Loading from file system: /assets/textures/bbox.png
13:29:34.703 [FXGL Background Thread 1 ] DEBUG AssetLoaderService   - Loading from file system: /assets/textures/froggysprite.png
13:29:34.704 [FXGL Background Thread 1 ] DEBUG AssetLoaderService   - Loading from cache: /assets/textures/froggysprite.png
13:29:34.705 [FXGL Background Thread 1 ] DEBUG AssetLoaderService   - Loading from cache: /assets/textures/froggysprite.png
13:29:34.705 [FXGL Background Thread 1 ] DEBUG AssetLoaderService   - Loading from cache: /assets/textures/bbox.png
13:29:34.709 [FXGL Background Thread 1 ] DEBUG AssetLoaderService   - Loading from file system: /assets/textures/bush.png
13:29:34.713 [FXGL Background Thread 1 ] DEBUG AssetLoaderService   - Loading from cache: /assets/textures/bush.png
13:29:34.714 [FXGL Background Thread 1 ] DEBUG AssetLoaderService   - Loading from file system: /assets/textures/rock.png
13:29:34.717 [FXGL Background Thread 1 ] DEBUG AssetLoaderService   - Loading from cache: /assets/textures/rock.png
13:29:34.719 [FXGL Background Thread 1 ] DEBUG AssetLoaderService   - Loading from file system: /assets/textures/tree.png
13:29:34.721 [FXGL Background Thread 1 ] DEBUG AssetLoaderService   - Loading from cache: /assets/textures/bush.png
13:29:34.722 [FXGL Background Thread 1 ] DEBUG AssetLoaderService   - Loading from cache: /assets/textures/tree.png
13:29:34.724 [FXGL Background Thread 1 ] DEBUG AssetLoaderService   - Loading from cache: /assets/textures/bush.png
13:29:34.727 [FXGL Background Thread 1 ] DEBUG AssetLoaderService   - Loading from file system: /assets/textures/appletree.png
13:29:34.729 [FXGL Background Thread 1 ] DEBUG AssetLoaderService   - Loading from cache: /assets/textures/bush.png
13:29:34.730 [FXGL Background Thread 1 ] DEBUG AssetLoaderService   - Loading from cache: /assets/textures/tree.png
13:29:34.732 [FXGL Background Thread 1 ] DEBUG AssetLoaderService   - Loading from cache: /assets/textures/bush.png
13:29:34.734 [FXGL Background Thread 1 ] DEBUG AssetLoaderService   - Loading from cache: /assets/textures/appletree.png
13:29:34.736 [FXGL Background Thread 1 ] DEBUG AssetLoaderService   - Loading from cache: /assets/textures/bush.png
13:29:34.738 [FXGL Background Thread 1 ] DEBUG AssetLoaderService   - Loading from cache: /assets/textures/appletree.png
13:29:34.739 [FXGL Background Thread 1 ] DEBUG AssetLoaderService   - Loading from cache: /assets/textures/bush.png
13:29:34.742 [FXGL Background Thread 1 ] DEBUG AssetLoaderService   - Loading from cache: /assets/textures/tree.png
13:29:34.744 [FXGL Background Thread 1 ] DEBUG AssetLoaderService   - Loading from cache: /assets/textures/bush.png
13:29:34.746 [FXGL Background Thread 1 ] DEBUG AssetLoaderService   - Loading from cache: /assets/textures/tree.png
13:29:34.750 [FXGL Background Thread 1 ] DEBUG AssetLoaderService   - Loading from cache: /assets/textures/bush.png
13:29:34.751 [FXGL Background Thread 1 ] DEBUG AssetLoaderService   - Loading from cache: /assets/textures/tree.png
13:29:34.753 [FXGL Background Thread 1 ] DEBUG AssetLoaderService   - Loading from cache: /assets/textures/bush.png
13:29:34.754 [FXGL Background Thread 1 ] DEBUG AssetLoaderService   - Loading from cache: /assets/textures/bush.png
13:29:34.755 [FXGL Background Thread 1 ] DEBUG AssetLoaderService   - Loading from cache: /assets/textures/tree.png
13:29:34.756 [FXGL Background Thread 1 ] DEBUG AssetLoaderService   - Loading from cache: /assets/textures/tree.png
13:29:34.758 [FXGL Background Thread 1 ] DEBUG AssetLoaderService   - Loading from cache: /assets/textures/tree.png
13:29:34.761 [FXGL Background Thread 1 ] DEBUG AssetLoaderService   - Loading from cache: /assets/textures/bush.png
13:29:34.764 [FXGL Background Thread 1 ] DEBUG AssetLoaderService   - Loading from cache: /assets/textures/tree.png
13:29:34.766 [FXGL Background Thread 1 ] DEBUG AssetLoaderService   - Loading from cache: /assets/textures/bush.png
13:29:34.767 [FXGL Background Thread 1 ] DEBUG AssetLoaderService   - Loading from cache: /assets/textures/appletree.png
13:29:34.769 [FXGL Background Thread 1 ] DEBUG AssetLoaderService   - Loading from cache: /assets/textures/bush.png
13:29:34.770 [FXGL Background Thread 1 ] DEBUG AssetLoaderService   - Loading from cache: /assets/textures/tree.png
13:29:34.772 [FXGL Background Thread 1 ] DEBUG AssetLoaderService   - Loading from cache: /assets/textures/bush.png
13:29:34.774 [FXGL Background Thread 1 ] DEBUG AssetLoaderService   - Loading from cache: /assets/textures/appletree.png
13:29:34.777 [FXGL Background Thread 1 ] DEBUG AssetLoaderService   - Loading from cache: /assets/textures/bush.png
13:29:34.780 [FXGL Background Thread 1 ] DEBUG AssetLoaderService   - Loading from cache: /assets/textures/appletree.png
13:29:34.781 [FXGL Background Thread 1 ] DEBUG AssetLoaderService   - Loading from cache: /assets/textures/appletree.png
13:29:34.783 [FXGL Background Thread 1 ] DEBUG AssetLoaderService   - Loading from cache: /assets/textures/appletree.png
13:29:34.784 [FXGL Background Thread 1 ] DEBUG AssetLoaderService   - Loading from cache: /assets/textures/appletree.png
13:29:34.785 [FXGL Background Thread 1 ] DEBUG AssetLoaderService   - Loading from cache: /assets/textures/appletree.png
13:29:34.787 [FXGL Background Thread 1 ] DEBUG AssetLoaderService   - Loading from cache: /assets/textures/tree.png
13:29:34.789 [FXGL Background Thread 1 ] DEBUG AssetLoaderService   - Loading from cache: /assets/textures/tree.png
13:29:34.790 [FXGL Background Thread 1 ] DEBUG AssetLoaderService   - Loading from cache: /assets/textures/appletree.png
13:29:34.792 [FXGL Background Thread 1 ] DEBUG AssetLoaderService   - Loading from cache: /assets/textures/bush.png
13:29:34.794 [FXGL Background Thread 1 ] DEBUG AssetLoaderService   - Loading from cache: /assets/textures/appletree.png
13:29:34.796 [FXGL Background Thread 1 ] DEBUG AssetLoaderService   - Loading from cache: /assets/textures/bush.png
13:29:34.797 [FXGL Background Thread 1 ] DEBUG AssetLoaderService   - Loading from cache: /assets/textures/rock.png
13:29:34.799 [FXGL Background Thread 1 ] DEBUG AssetLoaderService   - Loading from cache: /assets/textures/tree.png
13:29:34.800 [FXGL Background Thread 1 ] DEBUG AssetLoaderService   - Loading from cache: /assets/textures/rock.png
13:29:34.801 [FXGL Background Thread 1 ] DEBUG AssetLoaderService   - Loading from cache: /assets/textures/appletree.png
13:29:34.803 [FXGL Background Thread 1 ] DEBUG AssetLoaderService   - Loading from cache: /assets/textures/appletree.png
13:29:34.804 [FXGL Background Thread 1 ] DEBUG AssetLoaderService   - Loading from file system: /assets/textures/lighthouse.png
13:29:34.806 [FXGL Background Thread 1 ] DEBUG AssetLoaderService   - Loading from file system: /assets/textures/greenhouse.png
13:29:34.810 [FXGL Background Thread 1 ] DEBUG AssetLoaderService   - Loading from file system: /assets/textures/bluehouse.png
13:29:34.813 [FXGL Background Thread 1 ] DEBUG AssetLoaderService   - Loading from file system: /assets/textures/redhouse.png
13:29:34.814 [FXGL Background Thread 1 ] DEBUG AssetLoaderService   - Loading from cache: /assets/textures/redhouse.png
13:29:34.816 [FXGL Background Thread 1 ] DEBUG AssetLoaderService   - Loading from cache: /assets/textures/bluehouse.png
13:29:34.818 [FXGL Background Thread 1 ] DEBUG AssetLoaderService   - Loading from cache: /assets/textures/bluehouse.png
13:29:34.819 [FXGL Background Thread 1 ] DEBUG AssetLoaderService   - Loading from cache: /assets/textures/redhouse.png
13:29:34.820 [FXGL Background Thread 1 ] DEBUG AssetLoaderService   - Loading from cache: /assets/textures/bluehouse.png
13:29:34.822 [FXGL Background Thread 1 ] DEBUG AssetLoaderService   - Loading from cache: /assets/textures/redhouse.png
13:29:34.823 [FXGL Background Thread 1 ] DEBUG AssetLoaderService   - Loading from cache: /assets/textures/lighthouse.png
13:29:34.824 [FXGL Background Thread 1 ] DEBUG AssetLoaderService   - Loading from cache: /assets/textures/greenhouse.png
13:29:34.826 [FXGL Background Thread 1 ] INFO  GameApplication      - Game initialization took: 0.925 sec
13:29:34.828 [JavaFX Application Thread] DEBUG Input                - Clearing active input actions
13:29:34.873 [JavaFX Application Thread] DEBUG WindowService        - Removing overlay from FXGLLoadingScene and adding to GameScene
13:29:34.874 [JavaFX Application Thread] DEBUG MainWindow           - FXGLLoadingScene -> GameScene
13:29:36.691 [FXGL Background Thread 2 ] DEBUG Engine               - Logging environment variables
13:29:36.691 [FXGL Background Thread 2 ] DEBUG Engine               - achievements: []
13:29:36.692 [FXGL Background Thread 2 ] DEBUG Engine               - language: ObjectProperty [value: ENGLISH]
13:29:36.692 [FXGL Background Thread 2 ] DEBUG Engine               - isCloseConfirmation: false
13:29:36.692 [FXGL Background Thread 2 ] DEBUG Engine               - isProfilingEnabled: false
13:29:36.693 [FXGL Background Thread 2 ] DEBUG Engine               - soundNotification: core/notification.wav
13:29:36.694 [FXGL Background Thread 2 ] DEBUG Engine               - devShowBBoxProperty: BooleanProperty [value: false]
13:29:36.694 [FXGL Background Thread 2 ] DEBUG Engine               - pixelsPerMeter: 50.0
13:29:36.695 [FXGL Background Thread 2 ] DEBUG Engine               - appIcon: fxgl_icon.png
13:29:36.695 [FXGL Background Thread 2 ] DEBUG Engine               - soundMenuBack: menu/back.wav
13:29:36.695 [FXGL Background Thread 2 ] DEBUG Engine               - isFullScreenAllowed: false
13:29:36.695 [FXGL Background Thread 2 ] DEBUG Engine               - isIntroEnabled: false
13:29:36.695 [FXGL Background Thread 2 ] DEBUG Engine               - fontMono: lucida_console.ttf
13:29:36.695 [FXGL Background Thread 2 ] DEBUG Engine               - soundMenuSelect: menu/select.wav
13:29:36.695 [FXGL Background Thread 2 ] DEBUG Engine               - isWindows: false
13:29:36.695 [FXGL Background Thread 2 ] DEBUG Engine               - isUserProfileEnabled: false
13:29:36.696 [FXGL Background Thread 2 ] DEBUG Engine               - isMobile: false
13:29:36.696 [FXGL Background Thread 2 ] DEBUG Engine               - height: 640
13:29:36.696 [FXGL Background Thread 2 ] DEBUG Engine               - isExperimentalNative: false
13:29:36.696 [FXGL Background Thread 2 ] DEBUG Engine               - settings: Title: FriendMaker2077
Version: 0.1
Width: 640
Height: 640
Fullscreen: false
Intro: false
Menus: false
Profiling: false
Single step:false
App Mode: DEVELOPER
Menu Key: ESCAPE
Stage Style: DECORATED
Scene Factory: class ui.MenuFactory

13:29:36.696 [FXGL Background Thread 2 ] DEBUG Engine               - isSingleStep: false
13:29:36.696 [FXGL Background Thread 2 ] DEBUG Engine               - cSSList: [fxgl_dark.css]
13:29:36.696 [FXGL Background Thread 2 ] DEBUG Engine               - fontGame: Abel-Regular.ttf
13:29:36.696 [FXGL Background Thread 2 ] DEBUG Engine               - menuKey: ESCAPE
13:29:36.697 [FXGL Background Thread 2 ] DEBUG Engine               - devShowPositionProperty: BooleanProperty [value: false]
13:29:36.697 [FXGL Background Thread 2 ] DEBUG Engine               - versionCheckDays: 7
13:29:36.697 [FXGL Background Thread 2 ] DEBUG Engine               - configClass: Optional.empty
13:29:36.697 [FXGL Background Thread 2 ] DEBUG Engine               - isFullScreenFromStart: false
13:29:36.697 [FXGL Background Thread 2 ] DEBUG Engine               - version: 0.1
13:29:36.697 [FXGL Background Thread 2 ] DEBUG Engine               - fullScreen: BooleanProperty [value: false]
13:29:36.698 [FXGL Background Thread 2 ] DEBUG Engine               - randomSeed: -1
13:29:36.698 [FXGL Background Thread 2 ] DEBUG Engine               - gameDifficultyProperty: ObjectProperty [value: MEDIUM]
13:29:36.698 [FXGL Background Thread 2 ] DEBUG Engine               - applicationMode: DEVELOPER
13:29:36.698 [FXGL Background Thread 2 ] DEBUG Engine               - isMac: true
13:29:36.698 [FXGL Background Thread 2 ] DEBUG Engine               - isMenuEnabled: false
13:29:36.698 [FXGL Background Thread 2 ] DEBUG Engine               - urlPOM: https://raw.githubusercontent.com/AlmasB/FXGL/master/pom.xml
13:29:36.698 [FXGL Background Thread 2 ] DEBUG Engine               - profileName: StringProperty [value: DEFAULT]
13:29:36.698 [FXGL Background Thread 2 ] DEBUG Engine               - notificationViewClass: class com.almasb.fxgl.notification.view.XboxNotificationView
13:29:36.699 [FXGL Background Thread 2 ] DEBUG Engine               - devSensorColorProperty: ObjectProperty [value: 0xffff00ff]
13:29:36.699 [FXGL Background Thread 2 ] DEBUG Engine               - sceneFactory: ui.MenuFactory@32d5608e
13:29:36.699 [FXGL Background Thread 2 ] DEBUG Engine               - stageStyle: DECORATED
13:29:36.700 [FXGL Background Thread 2 ] DEBUG Engine               - isManualResizeEnabled: false
13:29:36.700 [FXGL Background Thread 2 ] DEBUG Engine               - title: FriendMaker2077
13:29:36.700 [FXGL Background Thread 2 ] DEBUG Engine               - platform: MAC
13:29:36.700 [FXGL Background Thread 2 ] DEBUG Engine               - devBBoxColorProperty: ObjectProperty [value: 0xff0000ff]
13:29:36.700 [FXGL Background Thread 2 ] DEBUG Engine               - gameDifficulty: MEDIUM
13:29:36.701 [FXGL Background Thread 2 ] DEBUG Engine               - isDesktop: true
13:29:36.701 [FXGL Background Thread 2 ] DEBUG Engine               - supportedLanguages: [ENGLISH, FRENCH, GERMAN, HUNGARIAN, RUSSIAN]
13:29:36.701 [FXGL Background Thread 2 ] DEBUG Engine               - credits: []
13:29:36.701 [FXGL Background Thread 2 ] DEBUG Engine               - globalMusicVolumeProperty: DoubleProperty [value: 0.5]
13:29:36.701 [FXGL Background Thread 2 ] DEBUG Engine               - isPreserveResizeRatio: false
13:29:36.701 [FXGL Background Thread 2 ] DEBUG Engine               - fontText: Courier-Prime.ttf
13:29:36.701 [FXGL Background Thread 2 ] DEBUG Engine               - isExperimentalTiledLargeMap: false
13:29:36.702 [FXGL Background Thread 2 ] DEBUG Engine               - secondsIn24h: 60
13:29:36.702 [FXGL Background Thread 2 ] DEBUG Engine               - runtimeInfo: RuntimeInfo(platform=MAC, version=11.8, build=08.03.2020 09.25)
13:29:36.702 [FXGL Background Thread 2 ] DEBUG Engine               - soundMenuPress: menu/press.wav
13:29:36.702 [FXGL Background Thread 2 ] DEBUG Engine               - urlGithub: https://github.com/AlmasB/FXGL
13:29:36.702 [FXGL Background Thread 2 ] DEBUG Engine               - isLinux: false
13:29:36.703 [FXGL Background Thread 2 ] DEBUG Engine               - profileDir: profiles/
13:29:36.703 [FXGL Background Thread 2 ] DEBUG Engine               - isDeveloperMenuEnabled: false
13:29:36.703 [FXGL Background Thread 2 ] DEBUG Engine               - globalSoundVolumeProperty: DoubleProperty [value: 0.5]
13:29:36.703 [FXGL Background Thread 2 ] DEBUG Engine               - mainWindow: com.almasb.fxgl.app.MainWindow@36eaf20c
13:29:36.703 [FXGL Background Thread 2 ] DEBUG Engine               - urlLeaderboard: http://fxgl-top.herokuapp.com/
13:29:36.703 [FXGL Background Thread 2 ] DEBUG Engine               - globalSoundVolume: 0.5
13:29:36.703 [FXGL Background Thread 2 ] DEBUG Engine               - isBrowser: false
13:29:36.703 [FXGL Background Thread 2 ] DEBUG Engine               - engineServices: [class com.almasb.fxgl.app.GameApplication$GameApplicationService, class com.almasb.fxgl.app.services.WindowService, class com.almasb.fxgl.app.services.FXGLDialogService, class com.almasb.fxgl.app.services.IOTaskExecutorService, class com.almasb.fxgl.event.EventBusService, class com.almasb.fxgl.io.FileSystemService, class com.almasb.fxgl.localization.LocalizationService, class com.almasb.fxgl.app.services.AssetLoaderService, class com.almasb.fxgl.app.services.SystemBundleService, class com.almasb.fxgl.profile.SaveLoadService, class com.almasb.fxgl.ui.FXGLUIFactoryServiceProvider, class com.almasb.fxgl.ui.FXGLDialogFactoryServiceProvider, class com.almasb.fxgl.audio.AudioPlayer, class com.almasb.fxgl.notification.impl.NotificationServiceProvider, class com.almasb.fxgl.achievement.AchievementService, class com.almasb.fxgl.cutscene.CutsceneService, class com.almasb.fxgl.minigames.MiniGameService, class com.almasb.fxgl.net.NetService, class com.almasb.fxgl.app.services.UpdaterService]
13:29:36.703 [FXGL Background Thread 2 ] DEBUG Engine               - globalMusicVolume: 0.5
13:29:36.704 [FXGL Background Thread 2 ] DEBUG Engine               - width: 640
13:29:36.704 [FXGL Background Thread 2 ] DEBUG Engine               - saveFileExt: sav
13:29:36.704 [FXGL Background Thread 2 ] DEBUG Engine               - isAndroid: false
13:29:36.704 [FXGL Background Thread 2 ] DEBUG Engine               - fontUI: VarelaRound-Regular.ttf
13:29:36.704 [FXGL Background Thread 2 ] DEBUG Engine               - enabledMenuItems: []
13:29:36.704 [FXGL Background Thread 2 ] DEBUG Engine               - isIOS: false
13:29:36.704 [FXGL Background Thread 2 ] DEBUG Engine               - Logging services
13:29:36.704 [FXGL Background Thread 2 ] DEBUG Engine               - class com.almasb.fxgl.app.GameApplication$GameApplicationService
13:29:36.704 [FXGL Background Thread 2 ] DEBUG Engine               - class com.almasb.fxgl.app.services.WindowService
13:29:36.704 [FXGL Background Thread 2 ] DEBUG Engine               - class com.almasb.fxgl.app.services.FXGLDialogService
13:29:36.704 [FXGL Background Thread 2 ] DEBUG Engine               - class com.almasb.fxgl.app.services.IOTaskExecutorService
13:29:36.705 [FXGL Background Thread 2 ] DEBUG Engine               - class com.almasb.fxgl.event.EventBusService
13:29:36.705 [FXGL Background Thread 2 ] DEBUG Engine               - class com.almasb.fxgl.io.FileSystemService
13:29:36.705 [FXGL Background Thread 2 ] DEBUG Engine               - class com.almasb.fxgl.localization.LocalizationService
13:29:36.705 [FXGL Background Thread 2 ] DEBUG Engine               - class com.almasb.fxgl.app.services.AssetLoaderService
13:29:36.705 [FXGL Background Thread 2 ] DEBUG Engine               - class com.almasb.fxgl.app.services.SystemBundleService
13:29:36.705 [FXGL Background Thread 2 ] DEBUG Engine               - class com.almasb.fxgl.profile.SaveLoadService
13:29:36.705 [FXGL Background Thread 2 ] DEBUG Engine               - class com.almasb.fxgl.ui.FXGLUIFactoryServiceProvider
13:29:36.705 [FXGL Background Thread 2 ] DEBUG Engine               - class com.almasb.fxgl.ui.FXGLDialogFactoryServiceProvider
13:29:36.705 [FXGL Background Thread 2 ] DEBUG Engine               - class com.almasb.fxgl.audio.AudioPlayer
13:29:36.705 [FXGL Background Thread 2 ] DEBUG Engine               - class com.almasb.fxgl.notification.impl.NotificationServiceProvider
13:29:36.705 [FXGL Background Thread 2 ] DEBUG Engine               - class com.almasb.fxgl.achievement.AchievementService
13:29:36.705 [FXGL Background Thread 2 ] DEBUG Engine               - class com.almasb.fxgl.cutscene.CutsceneService
13:29:36.706 [FXGL Background Thread 2 ] DEBUG Engine               - class com.almasb.fxgl.minigames.MiniGameService
13:29:36.706 [FXGL Background Thread 2 ] DEBUG Engine               - class com.almasb.fxgl.net.NetService
13:29:36.706 [FXGL Background Thread 2 ] DEBUG Engine               - class com.almasb.fxgl.app.services.UpdaterService
13:29:49.126 [JavaFX Application Thread] DEBUG AssetLoaderService   - Loading from file system: /assets/sounds/bump.wav
13:29:50.705 [JavaFX Application Thread] DEBUG GameApplication      - Exiting FXGL
13:29:50.705 [JavaFX Application Thread] DEBUG LoopRunner           - Stopping loop
13:29:50.705 [JavaFX Application Thread] DEBUG SystemBundleService  - Saving FXGL system data
13:29:50.707 [JavaFX Application Thread] DEBUG FileSystemAccess     - Writing to: /Users/mackenziedalton/git/FINALFriendMaker2077-07-03/system/fxgl.bundle
13:29:50.709 [JavaFX Application Thread] DEBUG GameApplication      - Shutting down background threads
13:29:50.709 [JavaFX Application Thread] DEBUG GameApplication      - Closing logger and exiting JavaFX
