20:08:33.329 [main                     ] DEBUG GameApplication      - Logger initialized
20:08:33.361 [main                     ] DEBUG GameApplication      - Logging settings
Title: FriendMaker2077
Version: 0.1
Width: 640
Height: 640
Fullscreen: false
Intro: false
Menus: false
Profiling: false
Single step:false
App Mode: DEVELOPER
Menu Key: ESCAPE
Stage Style: DECORATED
Scene Factory: class ui.MenuFactory

20:08:33.882 [JavaFX Application Thread] DEBUG GameApplication      - Initializing FXGL
20:08:33.922 [JavaFX Application Thread] INFO  Engine               - FXGL-11.8 (08.03.2020 09.25) on MAC (J:13.0.2 FX:13.0.2)
20:08:33.923 [JavaFX Application Thread] INFO  Engine               - Source code and latest versions at: https://github.com/AlmasB/FXGL
20:08:33.924 [JavaFX Application Thread] INFO  Engine               -              Join the FXGL chat at: https://gitter.im/AlmasB/FXGL
20:08:34.250 [JavaFX Application Thread] DEBUG MainWindow           - Creating a JavaFX scene
20:08:34.370 [JavaFX Application Thread] DEBUG MainWindow           - Target settings size: 640.0 x 640.0
20:08:34.371 [JavaFX Application Thread] DEBUG MainWindow           - Scaled scene size:    640.0 x 640.0
20:08:34.371 [JavaFX Application Thread] DEBUG MainWindow           - Scaled ratio: (1.0, 1.0)
20:08:34.377 [JavaFX Application Thread] DEBUG MainWindow           - Set initial scene to FXGLStartupScene
20:08:34.389 [JavaFX Application Thread] DEBUG MainWindow           - Opening main window
20:08:34.562 [JavaFX Application Thread] DEBUG MainWindow           - Window border size: (0.0, 22.0)
20:08:34.562 [JavaFX Application Thread] DEBUG MainWindow           - Scaled size: 640.0 x 640.0
20:08:34.563 [JavaFX Application Thread] DEBUG MainWindow           - Scaled ratio: (1.0, 1.0)
20:08:34.563 [JavaFX Application Thread] DEBUG MainWindow           - Scene size: 640.0 x 640.0
20:08:34.564 [JavaFX Application Thread] DEBUG MainWindow           - Stage size: 640.0 x 662.0
20:08:34.584 [FXGL Background Thread 1 ] DEBUG Engine               - Initializing environment variables
20:08:34.679 [FXGL Background Thread 1 ] DEBUG WindowService        - Applying CSS: fxgl_dark.css
20:08:34.680 [FXGL Background Thread 1 ] DEBUG AssetLoaderService   - Loading from file system: /assets/ui/css/fxgl_dark.css
20:08:34.861 [FXGL Background Thread 1 ] DEBUG WindowService        - Initializing application scenes
20:08:35.576 [FXGL Background Thread 1 ] DEBUG GameWorld            - Game world initialized
20:08:35.633 [FXGL Background Thread 1 ] DEBUG PhysicsWorld         - Physics world initialized: appHeight=640, physics.ppm=50.0
20:08:35.637 [FXGL Background Thread 1 ] DEBUG GameScene            - Game scene initialized: 640x640
20:08:35.649 [FXGL Background Thread 1 ] DEBUG Input                - Registered new binding: Resume - Esc
20:08:35.680 [FXGL Background Thread 1 ] DEBUG Input                - Registered new binding: Pause - Esc
20:08:35.680 [FXGL Background Thread 1 ] DEBUG WindowService        - Application scenes initialized
20:08:35.703 [FXGL Background Thread 1 ] DEBUG SystemBundleService  - Loading FXGL system data
20:08:35.713 [FXGL Background Thread 1 ] DEBUG FileSystemAccess     - Reading from: /Users/mackenziedalton/git/FriendMaker2077-07-03/system/fxgl.bundle
20:08:35.736 [FXGL Background Thread 1 ] DEBUG SystemBundleService  - Bundle FXGL: {}
20:08:35.736 [FXGL Background Thread 1 ] INFO  Engine               - FXGL initialization took: 1.146 sec
20:08:35.744 [FXGL Background Thread 1 ] DEBUG GameApplication      - Loading localizations
20:08:35.751 [FXGL Background Thread 1 ] DEBUG AssetLoaderService   - Loading from file system: /assets/properties/languages/english.properties
20:08:35.754 [FXGL Background Thread 1 ] DEBUG AssetLoaderService   - Loading from file system: /assets/properties/languages/french.properties
20:08:35.761 [FXGL Background Thread 1 ] DEBUG AssetLoaderService   - Loading from file system: /assets/properties/languages/german.properties
20:08:35.765 [FXGL Background Thread 1 ] DEBUG AssetLoaderService   - Loading from file system: /assets/properties/languages/hungarian.properties
20:08:35.771 [FXGL Background Thread 1 ] DEBUG AssetLoaderService   - Loading from file system: /assets/properties/languages/russian.properties
20:08:35.782 [FXGL Background Thread 1 ] DEBUG GameApplication      - Registering font factories with UI factory
20:08:35.782 [FXGL Background Thread 1 ] DEBUG AssetLoaderService   - Loading from file system: /assets/ui/fonts/VarelaRound-Regular.ttf
20:08:35.917 [FXGL Background Thread 1 ] DEBUG AssetLoaderService   - Loading from file system: /assets/ui/fonts/Abel-Regular.ttf
20:08:35.927 [FXGL Background Thread 1 ] DEBUG AssetLoaderService   - Loading from file system: /assets/ui/fonts/lucida_console.ttf
20:08:36.019 [FXGL Background Thread 1 ] DEBUG AssetLoaderService   - Loading from file system: /assets/ui/fonts/Courier-Prime.ttf
20:08:36.036 [JavaFX Application Thread] DEBUG Input                - Registered new binding: Move Right - D
20:08:36.037 [JavaFX Application Thread] DEBUG Input                - Registered new binding: Move Left - A
20:08:36.037 [JavaFX Application Thread] DEBUG Input                - Registered new binding: Move Up - W
20:08:36.038 [JavaFX Application Thread] DEBUG Input                - Registered new binding: Move Down - S
20:08:36.038 [JavaFX Application Thread] DEBUG Input                - Registered new binding: Play Sound - F
20:08:36.038 [JavaFX Application Thread] DEBUG AssetLoaderService   - Loading from file system: /assets/textures/fxgl_icon.png
20:08:36.182 [JavaFX Application Thread] DEBUG AssetLoaderService   - Loading from file system: /assets/ui/cursors/fxgl_default.png
20:08:36.186 [JavaFX Application Thread] DEBUG Input                - Registered new binding: Screenshot - P
20:08:36.187 [JavaFX Application Thread] DEBUG Input                - Registered new binding: System info dump - CTRL+9
20:08:36.187 [JavaFX Application Thread] DEBUG Input                - Registered new binding: Restart - CTRL+R
20:08:36.192 [JavaFX Application Thread] DEBUG LoopRunner           - Starting loop
20:08:36.219 [JavaFX Application Thread] DEBUG FXGLStartupScene     - STARTUP
20:08:36.220 [JavaFX Application Thread] DEBUG WindowService        - Starting new game
20:08:36.233 [JavaFX Application Thread] DEBUG Input                - Clearing active input actions
20:08:36.267 [JavaFX Application Thread] DEBUG WindowService        - Removing overlay from FXGLStartupScene and adding to FXGLLoadingScene
20:08:36.268 [JavaFX Application Thread] DEBUG MainWindow           - FXGLStartupScene -> FXGLLoadingScene
20:08:36.268 [JavaFX Application Thread] DEBUG WindowService        - Clearing previous game
20:08:36.268 [JavaFX Application Thread] DEBUG GameScene            - Clearing game scene
20:08:36.268 [JavaFX Application Thread] DEBUG GameWorld            - Clearing game world
20:08:36.269 [JavaFX Application Thread] DEBUG PhysicsWorld         - Clearing physics world
20:08:36.278 [FXGL Background Thread 1 ] DEBUG GameApplication      - Initializing game
20:08:36.295 [FXGL Background Thread 1 ] DEBUG AssetLoaderService   - Loading from file system: /assets/textures/EmptyMap.png
20:08:37.736 [FXGL Background Thread 1 ] DEBUG AssetLoaderService   - Loading from file system: /assets/sounds/soundtrack.wav
20:08:38.268 [FXGL Background Thread 1 ] DEBUG AssetLoaderService   - Loading from file system: /assets/textures/CharacterSprite.png
20:08:38.280 [FXGL Background Thread 1 ] DEBUG AssetLoaderService   - Loading from cache: /assets/textures/CharacterSprite.png
20:08:38.281 [FXGL Background Thread 1 ] DEBUG AssetLoaderService   - Loading from cache: /assets/textures/CharacterSprite.png
20:08:38.281 [FXGL Background Thread 1 ] DEBUG AssetLoaderService   - Loading from cache: /assets/textures/CharacterSprite.png
20:08:38.282 [FXGL Background Thread 1 ] DEBUG AssetLoaderService   - Loading from cache: /assets/textures/CharacterSprite.png
20:08:38.282 [FXGL Background Thread 1 ] DEBUG AssetLoaderService   - Loading from cache: /assets/textures/CharacterSprite.png
20:08:38.297 [FXGL Background Thread 1 ] DEBUG AssetLoaderService   - Loading from file system: /assets/textures/bbox.png
20:08:38.453 [FXGL Background Thread 1 ] DEBUG AssetLoaderService   - Loading from file system: /assets/textures/froggysprite.png
20:08:38.474 [FXGL Background Thread 1 ] DEBUG AssetLoaderService   - Loading from cache: /assets/textures/froggysprite.png
20:08:38.474 [FXGL Background Thread 1 ] DEBUG AssetLoaderService   - Loading from cache: /assets/textures/froggysprite.png
20:08:38.480 [FXGL Background Thread 1 ] DEBUG AssetLoaderService   - Loading from cache: /assets/textures/bbox.png
20:08:38.486 [FXGL Background Thread 1 ] DEBUG AssetLoaderService   - Loading from file system: /assets/textures/lighthouse.png
20:08:38.497 [FXGL Background Thread 1 ] DEBUG AssetLoaderService   - Loading from file system: /assets/textures/bush.png
20:08:38.501 [FXGL Background Thread 1 ] DEBUG AssetLoaderService   - Loading from cache: /assets/textures/bush.png
20:08:38.503 [FXGL Background Thread 1 ] DEBUG AssetLoaderService   - Loading from file system: /assets/textures/rock.png
20:08:38.512 [FXGL Background Thread 1 ] DEBUG AssetLoaderService   - Loading from cache: /assets/textures/rock.png
20:08:38.514 [FXGL Background Thread 1 ] DEBUG AssetLoaderService   - Loading from file system: /assets/textures/greenhouse.png
20:08:38.518 [FXGL Background Thread 1 ] DEBUG AssetLoaderService   - Loading from file system: /assets/textures/tree.png
20:08:38.523 [FXGL Background Thread 1 ] DEBUG AssetLoaderService   - Loading from cache: /assets/textures/bush.png
20:08:38.529 [FXGL Background Thread 1 ] DEBUG AssetLoaderService   - Loading from cache: /assets/textures/tree.png
20:08:38.531 [FXGL Background Thread 1 ] DEBUG AssetLoaderService   - Loading from cache: /assets/textures/bush.png
20:08:38.534 [FXGL Background Thread 1 ] DEBUG AssetLoaderService   - Loading from file system: /assets/textures/appletree.png
20:08:38.538 [FXGL Background Thread 1 ] DEBUG AssetLoaderService   - Loading from cache: /assets/textures/bush.png
20:08:38.544 [FXGL Background Thread 1 ] DEBUG AssetLoaderService   - Loading from cache: /assets/textures/tree.png
20:08:38.546 [FXGL Background Thread 1 ] DEBUG AssetLoaderService   - Loading from cache: /assets/textures/bush.png
20:08:38.549 [FXGL Background Thread 1 ] DEBUG AssetLoaderService   - Loading from cache: /assets/textures/appletree.png
20:08:38.550 [FXGL Background Thread 1 ] DEBUG AssetLoaderService   - Loading from cache: /assets/textures/bush.png
20:08:38.552 [FXGL Background Thread 1 ] DEBUG AssetLoaderService   - Loading from cache: /assets/textures/appletree.png
20:08:38.553 [FXGL Background Thread 1 ] DEBUG AssetLoaderService   - Loading from cache: /assets/textures/bush.png
20:08:38.555 [FXGL Background Thread 1 ] DEBUG AssetLoaderService   - Loading from cache: /assets/textures/tree.png
20:08:38.562 [FXGL Background Thread 1 ] DEBUG AssetLoaderService   - Loading from cache: /assets/textures/bush.png
20:08:38.563 [FXGL Background Thread 1 ] DEBUG AssetLoaderService   - Loading from cache: /assets/textures/tree.png
20:08:38.567 [FXGL Background Thread 1 ] DEBUG AssetLoaderService   - Loading from cache: /assets/textures/bush.png
20:08:38.568 [FXGL Background Thread 1 ] DEBUG AssetLoaderService   - Loading from cache: /assets/textures/tree.png
20:08:38.570 [FXGL Background Thread 1 ] DEBUG AssetLoaderService   - Loading from cache: /assets/textures/bush.png
20:08:38.571 [FXGL Background Thread 1 ] DEBUG AssetLoaderService   - Loading from cache: /assets/textures/bush.png
20:08:38.577 [FXGL Background Thread 1 ] DEBUG AssetLoaderService   - Loading from cache: /assets/textures/tree.png
20:08:38.580 [FXGL Background Thread 1 ] DEBUG AssetLoaderService   - Loading from cache: /assets/textures/tree.png
20:08:38.583 [FXGL Background Thread 1 ] DEBUG AssetLoaderService   - Loading from cache: /assets/textures/tree.png
20:08:38.585 [FXGL Background Thread 1 ] DEBUG AssetLoaderService   - Loading from cache: /assets/textures/bush.png
20:08:38.586 [FXGL Background Thread 1 ] DEBUG AssetLoaderService   - Loading from cache: /assets/textures/tree.png
20:08:38.587 [FXGL Background Thread 1 ] DEBUG AssetLoaderService   - Loading from cache: /assets/textures/bush.png
20:08:38.588 [FXGL Background Thread 1 ] DEBUG AssetLoaderService   - Loading from cache: /assets/textures/appletree.png
20:08:38.589 [FXGL Background Thread 1 ] DEBUG AssetLoaderService   - Loading from cache: /assets/textures/bush.png
20:08:38.598 [FXGL Background Thread 1 ] DEBUG AssetLoaderService   - Loading from cache: /assets/textures/tree.png
20:08:38.602 [FXGL Background Thread 1 ] DEBUG AssetLoaderService   - Loading from cache: /assets/textures/bush.png
20:08:38.604 [FXGL Background Thread 1 ] DEBUG AssetLoaderService   - Loading from cache: /assets/textures/appletree.png
20:08:38.609 [FXGL Background Thread 1 ] DEBUG AssetLoaderService   - Loading from cache: /assets/textures/bush.png
20:08:38.613 [FXGL Background Thread 1 ] DEBUG AssetLoaderService   - Loading from cache: /assets/textures/appletree.png
20:08:38.615 [FXGL Background Thread 1 ] DEBUG AssetLoaderService   - Loading from file system: /assets/textures/bluehouse.png
20:08:38.630 [FXGL Background Thread 1 ] DEBUG AssetLoaderService   - Loading from cache: /assets/textures/appletree.png
20:08:38.632 [FXGL Background Thread 1 ] DEBUG AssetLoaderService   - Loading from file system: /assets/textures/redhouse.png
20:08:38.636 [FXGL Background Thread 1 ] DEBUG AssetLoaderService   - Loading from cache: /assets/textures/appletree.png
20:08:38.637 [FXGL Background Thread 1 ] DEBUG AssetLoaderService   - Loading from cache: /assets/textures/redhouse.png
20:08:38.638 [FXGL Background Thread 1 ] DEBUG AssetLoaderService   - Loading from cache: /assets/textures/appletree.png
20:08:38.643 [FXGL Background Thread 1 ] DEBUG AssetLoaderService   - Loading from cache: /assets/textures/bluehouse.png
20:08:38.645 [FXGL Background Thread 1 ] DEBUG AssetLoaderService   - Loading from cache: /assets/textures/appletree.png
20:08:38.646 [FXGL Background Thread 1 ] DEBUG AssetLoaderService   - Loading from cache: /assets/textures/appletree.png
20:08:38.648 [FXGL Background Thread 1 ] DEBUG AssetLoaderService   - Loading from cache: /assets/textures/bush.png
20:08:38.650 [FXGL Background Thread 1 ] DEBUG AssetLoaderService   - Loading from cache: /assets/textures/rock.png
20:08:38.651 [FXGL Background Thread 1 ] DEBUG AssetLoaderService   - Loading from cache: /assets/textures/tree.png
20:08:38.653 [FXGL Background Thread 1 ] INFO  GameApplication      - Game initialization took: 2.374 sec
20:08:38.654 [JavaFX Application Thread] DEBUG Input                - Clearing active input actions
20:08:38.724 [JavaFX Application Thread] DEBUG WindowService        - Removing overlay from FXGLLoadingScene and adding to GameScene
20:08:38.726 [JavaFX Application Thread] DEBUG MainWindow           - FXGLLoadingScene -> GameScene
20:08:38.742 [FXGL Background Thread 2 ] DEBUG Engine               - Logging environment variables
20:08:38.744 [FXGL Background Thread 2 ] DEBUG Engine               - achievements: []
20:08:38.744 [FXGL Background Thread 2 ] DEBUG Engine               - language: ObjectProperty [value: ENGLISH]
20:08:38.744 [FXGL Background Thread 2 ] DEBUG Engine               - isCloseConfirmation: false
20:08:38.744 [FXGL Background Thread 2 ] DEBUG Engine               - isProfilingEnabled: false
20:08:38.745 [FXGL Background Thread 2 ] DEBUG Engine               - soundNotification: core/notification.wav
20:08:38.745 [FXGL Background Thread 2 ] DEBUG Engine               - devShowBBoxProperty: BooleanProperty [value: false]
20:08:38.745 [FXGL Background Thread 2 ] DEBUG Engine               - pixelsPerMeter: 50.0
20:08:38.745 [FXGL Background Thread 2 ] DEBUG Engine               - appIcon: fxgl_icon.png
20:08:38.746 [FXGL Background Thread 2 ] DEBUG Engine               - soundMenuBack: menu/back.wav
20:08:38.746 [FXGL Background Thread 2 ] DEBUG Engine               - isFullScreenAllowed: false
20:08:38.746 [FXGL Background Thread 2 ] DEBUG Engine               - isIntroEnabled: false
20:08:38.746 [FXGL Background Thread 2 ] DEBUG Engine               - fontMono: lucida_console.ttf
20:08:38.746 [FXGL Background Thread 2 ] DEBUG Engine               - soundMenuSelect: menu/select.wav
20:08:38.747 [FXGL Background Thread 2 ] DEBUG Engine               - isWindows: false
20:08:38.747 [FXGL Background Thread 2 ] DEBUG Engine               - isMobile: false
20:08:38.747 [FXGL Background Thread 2 ] DEBUG Engine               - isUserProfileEnabled: false
20:08:38.747 [FXGL Background Thread 2 ] DEBUG Engine               - height: 640
20:08:38.747 [FXGL Background Thread 2 ] DEBUG Engine               - isExperimentalNative: false
20:08:38.748 [FXGL Background Thread 2 ] DEBUG Engine               - settings: Title: FriendMaker2077
Version: 0.1
Width: 640
Height: 640
Fullscreen: false
Intro: false
Menus: false
Profiling: false
Single step:false
App Mode: DEVELOPER
Menu Key: ESCAPE
Stage Style: DECORATED
Scene Factory: class ui.MenuFactory

20:08:38.748 [FXGL Background Thread 2 ] DEBUG Engine               - isSingleStep: false
20:08:38.748 [FXGL Background Thread 2 ] DEBUG Engine               - cSSList: [fxgl_dark.css]
20:08:38.748 [FXGL Background Thread 2 ] DEBUG Engine               - fontGame: Abel-Regular.ttf
20:08:38.748 [FXGL Background Thread 2 ] DEBUG Engine               - menuKey: ESCAPE
20:08:38.749 [FXGL Background Thread 2 ] DEBUG Engine               - devShowPositionProperty: BooleanProperty [value: false]
20:08:38.749 [FXGL Background Thread 2 ] DEBUG Engine               - versionCheckDays: 7
20:08:38.750 [FXGL Background Thread 2 ] DEBUG Engine               - configClass: Optional.empty
20:08:38.750 [FXGL Background Thread 2 ] DEBUG Engine               - isFullScreenFromStart: false
20:08:38.751 [FXGL Background Thread 2 ] DEBUG Engine               - version: 0.1
20:08:38.751 [FXGL Background Thread 2 ] DEBUG Engine               - fullScreen: BooleanProperty [value: false]
20:08:38.751 [FXGL Background Thread 2 ] DEBUG Engine               - randomSeed: -1
20:08:38.751 [FXGL Background Thread 2 ] DEBUG Engine               - gameDifficultyProperty: ObjectProperty [value: MEDIUM]
20:08:38.751 [FXGL Background Thread 2 ] DEBUG Engine               - applicationMode: DEVELOPER
20:08:38.752 [FXGL Background Thread 2 ] DEBUG Engine               - isMac: true
20:08:38.752 [FXGL Background Thread 2 ] DEBUG Engine               - isMenuEnabled: false
20:08:38.752 [FXGL Background Thread 2 ] DEBUG Engine               - urlPOM: https://raw.githubusercontent.com/AlmasB/FXGL/master/pom.xml
20:08:38.752 [FXGL Background Thread 2 ] DEBUG Engine               - profileName: StringProperty [value: DEFAULT]
20:08:38.754 [FXGL Background Thread 2 ] DEBUG Engine               - devSensorColorProperty: ObjectProperty [value: 0xffff00ff]
20:08:38.755 [FXGL Background Thread 2 ] DEBUG Engine               - notificationViewClass: class com.almasb.fxgl.notification.view.XboxNotificationView
20:08:38.755 [FXGL Background Thread 2 ] DEBUG Engine               - sceneFactory: ui.MenuFactory@78e326f3
20:08:38.755 [FXGL Background Thread 2 ] DEBUG Engine               - stageStyle: DECORATED
20:08:38.757 [FXGL Background Thread 2 ] DEBUG Engine               - isManualResizeEnabled: false
20:08:38.758 [FXGL Background Thread 2 ] DEBUG Engine               - title: FriendMaker2077
20:08:38.759 [FXGL Background Thread 2 ] DEBUG Engine               - platform: MAC
20:08:38.760 [FXGL Background Thread 2 ] DEBUG Engine               - devBBoxColorProperty: ObjectProperty [value: 0xff0000ff]
20:08:38.760 [FXGL Background Thread 2 ] DEBUG Engine               - gameDifficulty: MEDIUM
20:08:38.761 [FXGL Background Thread 2 ] DEBUG Engine               - isDesktop: true
20:08:38.761 [FXGL Background Thread 2 ] DEBUG Engine               - supportedLanguages: [ENGLISH, FRENCH, GERMAN, HUNGARIAN, RUSSIAN]
20:08:38.761 [FXGL Background Thread 2 ] DEBUG Engine               - credits: []
20:08:38.762 [FXGL Background Thread 2 ] DEBUG Engine               - globalMusicVolumeProperty: DoubleProperty [value: 0.5]
20:08:38.762 [FXGL Background Thread 2 ] DEBUG Engine               - isPreserveResizeRatio: false
20:08:38.763 [FXGL Background Thread 2 ] DEBUG Engine               - fontText: Courier-Prime.ttf
20:08:38.763 [FXGL Background Thread 2 ] DEBUG Engine               - isExperimentalTiledLargeMap: false
20:08:38.763 [FXGL Background Thread 2 ] DEBUG Engine               - secondsIn24h: 60
20:08:38.763 [FXGL Background Thread 2 ] DEBUG Engine               - runtimeInfo: RuntimeInfo(platform=MAC, version=11.8, build=08.03.2020 09.25)
20:08:38.764 [FXGL Background Thread 2 ] DEBUG Engine               - urlGithub: https://github.com/AlmasB/FXGL
20:08:38.764 [FXGL Background Thread 2 ] DEBUG Engine               - isLinux: false
20:08:38.764 [FXGL Background Thread 2 ] DEBUG Engine               - soundMenuPress: menu/press.wav
20:08:38.765 [FXGL Background Thread 2 ] DEBUG Engine               - profileDir: profiles/
20:08:38.766 [FXGL Background Thread 2 ] DEBUG Engine               - isDeveloperMenuEnabled: false
20:08:38.767 [FXGL Background Thread 2 ] DEBUG Engine               - globalSoundVolumeProperty: DoubleProperty [value: 0.5]
20:08:38.767 [FXGL Background Thread 2 ] DEBUG Engine               - mainWindow: com.almasb.fxgl.app.MainWindow@7cdcbd37
20:08:38.767 [FXGL Background Thread 2 ] DEBUG Engine               - urlLeaderboard: http://fxgl-top.herokuapp.com/
20:08:38.768 [FXGL Background Thread 2 ] DEBUG Engine               - globalSoundVolume: 0.5
20:08:38.768 [FXGL Background Thread 2 ] DEBUG Engine               - isBrowser: false
20:08:38.768 [FXGL Background Thread 2 ] DEBUG Engine               - engineServices: [class com.almasb.fxgl.app.GameApplication$GameApplicationService, class com.almasb.fxgl.app.services.WindowService, class com.almasb.fxgl.app.services.FXGLDialogService, class com.almasb.fxgl.app.services.IOTaskExecutorService, class com.almasb.fxgl.event.EventBusService, class com.almasb.fxgl.io.FileSystemService, class com.almasb.fxgl.localization.LocalizationService, class com.almasb.fxgl.app.services.AssetLoaderService, class com.almasb.fxgl.app.services.SystemBundleService, class com.almasb.fxgl.profile.SaveLoadService, class com.almasb.fxgl.ui.FXGLUIFactoryServiceProvider, class com.almasb.fxgl.ui.FXGLDialogFactoryServiceProvider, class com.almasb.fxgl.audio.AudioPlayer, class com.almasb.fxgl.notification.impl.NotificationServiceProvider, class com.almasb.fxgl.achievement.AchievementService, class com.almasb.fxgl.cutscene.CutsceneService, class com.almasb.fxgl.minigames.MiniGameService, class com.almasb.fxgl.net.NetService, class com.almasb.fxgl.app.services.UpdaterService]
20:08:38.768 [FXGL Background Thread 2 ] DEBUG Engine               - globalMusicVolume: 0.5
20:08:38.769 [FXGL Background Thread 2 ] DEBUG Engine               - width: 640
20:08:38.769 [FXGL Background Thread 2 ] DEBUG Engine               - saveFileExt: sav
20:08:38.769 [FXGL Background Thread 2 ] DEBUG Engine               - isAndroid: false
20:08:38.769 [FXGL Background Thread 2 ] DEBUG Engine               - fontUI: VarelaRound-Regular.ttf
20:08:38.770 [FXGL Background Thread 2 ] DEBUG Engine               - isIOS: false
20:08:38.770 [FXGL Background Thread 2 ] DEBUG Engine               - enabledMenuItems: []
20:08:38.770 [FXGL Background Thread 2 ] DEBUG Engine               - Logging services
20:08:38.770 [FXGL Background Thread 2 ] DEBUG Engine               - class com.almasb.fxgl.app.GameApplication$GameApplicationService
20:08:38.770 [FXGL Background Thread 2 ] DEBUG Engine               - class com.almasb.fxgl.app.services.WindowService
20:08:38.770 [FXGL Background Thread 2 ] DEBUG Engine               - class com.almasb.fxgl.app.services.FXGLDialogService
20:08:38.771 [FXGL Background Thread 2 ] DEBUG Engine               - class com.almasb.fxgl.app.services.IOTaskExecutorService
20:08:38.771 [FXGL Background Thread 2 ] DEBUG Engine               - class com.almasb.fxgl.event.EventBusService
20:08:38.771 [FXGL Background Thread 2 ] DEBUG Engine               - class com.almasb.fxgl.io.FileSystemService
20:08:38.771 [FXGL Background Thread 2 ] DEBUG Engine               - class com.almasb.fxgl.localization.LocalizationService
20:08:38.771 [FXGL Background Thread 2 ] DEBUG Engine               - class com.almasb.fxgl.app.services.AssetLoaderService
20:08:38.771 [FXGL Background Thread 2 ] DEBUG Engine               - class com.almasb.fxgl.app.services.SystemBundleService
20:08:38.772 [FXGL Background Thread 2 ] DEBUG Engine               - class com.almasb.fxgl.profile.SaveLoadService
20:08:38.772 [FXGL Background Thread 2 ] DEBUG Engine               - class com.almasb.fxgl.ui.FXGLUIFactoryServiceProvider
20:08:38.772 [FXGL Background Thread 2 ] DEBUG Engine               - class com.almasb.fxgl.ui.FXGLDialogFactoryServiceProvider
20:08:38.772 [FXGL Background Thread 2 ] DEBUG Engine               - class com.almasb.fxgl.audio.AudioPlayer
20:08:38.772 [FXGL Background Thread 2 ] DEBUG Engine               - class com.almasb.fxgl.notification.impl.NotificationServiceProvider
20:08:38.773 [FXGL Background Thread 2 ] DEBUG Engine               - class com.almasb.fxgl.achievement.AchievementService
20:08:38.773 [FXGL Background Thread 2 ] DEBUG Engine               - class com.almasb.fxgl.cutscene.CutsceneService
20:08:38.775 [FXGL Background Thread 2 ] DEBUG Engine               - class com.almasb.fxgl.minigames.MiniGameService
20:08:38.776 [FXGL Background Thread 2 ] DEBUG Engine               - class com.almasb.fxgl.net.NetService
20:08:38.776 [FXGL Background Thread 2 ] DEBUG Engine               - class com.almasb.fxgl.app.services.UpdaterService
20:08:47.476 [JavaFX Application Thread] DEBUG AssetLoaderService   - Loading from file system: /assets/sounds/bump.wav
20:08:53.573 [JavaFX Application Thread] DEBUG AssetLoaderService   - Loading from cache: /assets/sounds/bump.wav
20:08:54.679 [JavaFX Application Thread] DEBUG AssetLoaderService   - Loading from cache: /assets/sounds/bump.wav
20:08:55.224 [JavaFX Application Thread] DEBUG AssetLoaderService   - Loading from cache: /assets/sounds/bump.wav
20:09:11.840 [JavaFX Application Thread] DEBUG AssetLoaderService   - Loading from cache: /assets/sounds/bump.wav
20:09:13.357 [JavaFX Application Thread] DEBUG AssetLoaderService   - Loading from cache: /assets/sounds/bump.wav
20:09:14.308 [JavaFX Application Thread] DEBUG AssetLoaderService   - Loading from cache: /assets/sounds/bump.wav
20:09:14.341 [JavaFX Application Thread] DEBUG AssetLoaderService   - Loading from cache: /assets/sounds/bump.wav
20:09:14.808 [JavaFX Application Thread] DEBUG AssetLoaderService   - Loading from cache: /assets/sounds/bump.wav
20:09:14.841 [JavaFX Application Thread] DEBUG AssetLoaderService   - Loading from cache: /assets/sounds/bump.wav
20:09:15.374 [JavaFX Application Thread] DEBUG AssetLoaderService   - Loading from cache: /assets/sounds/bump.wav
20:09:17.475 [JavaFX Application Thread] DEBUG AssetLoaderService   - Loading from cache: /assets/sounds/bump.wav
20:09:19.391 [JavaFX Application Thread] DEBUG AssetLoaderService   - Loading from cache: /assets/sounds/bump.wav
20:09:21.607 [JavaFX Application Thread] DEBUG AssetLoaderService   - Loading from cache: /assets/sounds/bump.wav
20:09:24.558 [JavaFX Application Thread] DEBUG AssetLoaderService   - Loading from cache: /assets/sounds/bump.wav
20:10:57.127 [JavaFX Application Thread] DEBUG AssetLoaderService   - Loading from cache: /assets/sounds/bump.wav
20:10:57.160 [JavaFX Application Thread] DEBUG AssetLoaderService   - Loading from cache: /assets/sounds/bump.wav
20:11:13.723 [JavaFX Application Thread] DEBUG GameApplication      - Exiting FXGL
20:11:13.723 [JavaFX Application Thread] DEBUG LoopRunner           - Stopping loop
20:11:13.723 [JavaFX Application Thread] DEBUG SystemBundleService  - Saving FXGL system data
20:11:13.726 [JavaFX Application Thread] DEBUG FileSystemAccess     - Writing to: /Users/mackenziedalton/git/FriendMaker2077-07-03/system/fxgl.bundle
20:11:13.731 [JavaFX Application Thread] DEBUG GameApplication      - Shutting down background threads
20:11:13.732 [JavaFX Application Thread] DEBUG GameApplication      - Closing logger and exiting JavaFX
