16:05:43.707 [main                     ] DEBUG GameApplication      - Logger initialized
16:05:43.719 [main                     ] DEBUG GameApplication      - Logging settings
Title: FriendMaker2077
Version: 0.1
Width: 640
Height: 640
Fullscreen: false
Intro: false
Menus: false
Profiling: false
Single step:false
App Mode: DEVELOPER
Menu Key: ESCAPE
Stage Style: DECORATED
Scene Factory: class ui.MenuFactory

16:05:44.891 [JavaFX Application Thread] DEBUG GameApplication      - Initializing FXGL
16:05:44.896 [JavaFX Application Thread] INFO  Engine               - FXGL-11.8 (08.03.2020 09.25) on WINDOWS (J:13.0.2 FX:11.0.2)
16:05:44.896 [JavaFX Application Thread] INFO  Engine               - Source code and latest versions at: https://github.com/AlmasB/FXGL
16:05:44.896 [JavaFX Application Thread] INFO  Engine               -              Join the FXGL chat at: https://gitter.im/AlmasB/FXGL
16:05:44.957 [JavaFX Application Thread] DEBUG MainWindow           - Creating a JavaFX scene
16:05:45.299 [JavaFX Application Thread] DEBUG MainWindow           - Target settings size: 640.0 x 640.0
16:05:45.299 [JavaFX Application Thread] DEBUG MainWindow           - Scaled scene size:    640.0 x 640.0
16:05:45.299 [JavaFX Application Thread] DEBUG MainWindow           - Scaled ratio: (1.0, 1.0)
16:05:45.300 [JavaFX Application Thread] DEBUG MainWindow           - Set initial scene to FXGLStartupScene
16:05:45.303 [JavaFX Application Thread] DEBUG MainWindow           - Opening main window
16:05:45.363 [JavaFX Application Thread] DEBUG MainWindow           - Window border size: (16.0, 39.0)
16:05:45.363 [JavaFX Application Thread] DEBUG MainWindow           - Scaled size: 640.0 x 640.0
16:05:45.363 [JavaFX Application Thread] DEBUG MainWindow           - Scaled ratio: (1.0, 1.0)
16:05:45.363 [JavaFX Application Thread] DEBUG MainWindow           - Scene size: 640.0 x 640.0
16:05:45.363 [JavaFX Application Thread] DEBUG MainWindow           - Stage size: 656.0 x 679.0
16:05:45.368 [FXGL Background Thread 1 ] DEBUG Engine               - Initializing environment variables
16:05:45.385 [FXGL Background Thread 1 ] DEBUG WindowService        - Applying CSS: fxgl_dark.css
16:05:45.386 [FXGL Background Thread 1 ] DEBUG AssetLoaderService   - Loading from file system: /assets/ui/css/fxgl_dark.css
16:05:45.414 [FXGL Background Thread 1 ] DEBUG WindowService        - Initializing application scenes
16:05:45.434 [FXGL Background Thread 1 ] DEBUG GameWorld            - Game world initialized
16:05:45.456 [FXGL Background Thread 1 ] DEBUG PhysicsWorld         - Physics world initialized: appHeight=640, physics.ppm=50.0
16:05:45.458 [FXGL Background Thread 1 ] DEBUG GameScene            - Game scene initialized: 640x640
16:05:45.463 [FXGL Background Thread 1 ] DEBUG Input                - Registered new binding: Resume - Esc
16:05:45.473 [FXGL Background Thread 1 ] DEBUG Input                - Registered new binding: Pause - Esc
16:05:45.473 [FXGL Background Thread 1 ] DEBUG WindowService        - Application scenes initialized
16:05:45.479 [FXGL Background Thread 1 ] DEBUG SystemBundleService  - Loading FXGL system data
16:05:45.485 [FXGL Background Thread 1 ] DEBUG FileSystemAccess     - Reading from: C:\Users\otinn\git\FriendMaker2077-07-03\Project\system\fxgl.bundle
16:05:45.490 [FXGL Background Thread 1 ] DEBUG SystemBundleService  - Bundle FXGL: {}
16:05:45.491 [FXGL Background Thread 1 ] INFO  Engine               - FXGL initialization took: 0.121 sec
16:05:45.492 [FXGL Background Thread 1 ] DEBUG GameApplication      - Loading localizations
16:05:45.492 [FXGL Background Thread 1 ] DEBUG AssetLoaderService   - Loading from file system: /assets/properties/languages/english.properties
16:05:45.494 [FXGL Background Thread 1 ] DEBUG AssetLoaderService   - Loading from file system: /assets/properties/languages/french.properties
16:05:45.495 [FXGL Background Thread 1 ] DEBUG AssetLoaderService   - Loading from file system: /assets/properties/languages/german.properties
16:05:45.496 [FXGL Background Thread 1 ] DEBUG AssetLoaderService   - Loading from file system: /assets/properties/languages/hungarian.properties
16:05:45.498 [FXGL Background Thread 1 ] DEBUG AssetLoaderService   - Loading from file system: /assets/properties/languages/russian.properties
16:05:45.499 [FXGL Background Thread 1 ] DEBUG GameApplication      - Registering font factories with UI factory
16:05:45.499 [FXGL Background Thread 1 ] DEBUG AssetLoaderService   - Loading from file system: /assets/ui/fonts/VarelaRound-Regular.ttf
16:05:45.611 [FXGL Background Thread 1 ] DEBUG AssetLoaderService   - Loading from file system: /assets/ui/fonts/Abel-Regular.ttf
16:05:45.618 [FXGL Background Thread 1 ] DEBUG AssetLoaderService   - Loading from file system: /assets/ui/fonts/lucida_console.ttf
16:05:45.626 [FXGL Background Thread 1 ] DEBUG AssetLoaderService   - Loading from file system: /assets/ui/fonts/Courier-Prime.ttf
16:05:45.634 [JavaFX Application Thread] DEBUG Input                - Registered new binding: Move Right - D
16:05:45.634 [JavaFX Application Thread] DEBUG Input                - Registered new binding: Move Left - A
16:05:45.634 [JavaFX Application Thread] DEBUG Input                - Registered new binding: Move Up - W
16:05:45.635 [JavaFX Application Thread] DEBUG Input                - Registered new binding: Move Down - S
16:05:45.635 [JavaFX Application Thread] DEBUG Input                - Registered new binding: Play Sound - F
16:05:45.635 [JavaFX Application Thread] DEBUG AssetLoaderService   - Loading from file system: /assets/textures/fxgl_icon.png
16:05:45.665 [JavaFX Application Thread] DEBUG AssetLoaderService   - Loading from file system: /assets/ui/cursors/fxgl_default.png
16:05:45.667 [JavaFX Application Thread] DEBUG Input                - Registered new binding: Screenshot - P
16:05:45.667 [JavaFX Application Thread] DEBUG Input                - Registered new binding: System info dump - CTRL+9
16:05:45.667 [JavaFX Application Thread] DEBUG Input                - Registered new binding: Restart - CTRL+R
16:05:45.668 [JavaFX Application Thread] DEBUG LoopRunner           - Starting loop
16:05:45.686 [JavaFX Application Thread] DEBUG FXGLStartupScene     - STARTUP
16:05:45.686 [JavaFX Application Thread] DEBUG WindowService        - Starting new game
16:05:45.687 [JavaFX Application Thread] DEBUG Input                - Clearing active input actions
16:05:45.694 [JavaFX Application Thread] DEBUG WindowService        - Removing overlay from FXGLStartupScene and adding to FXGLLoadingScene
16:05:45.694 [JavaFX Application Thread] DEBUG MainWindow           - FXGLStartupScene -> FXGLLoadingScene
16:05:45.694 [JavaFX Application Thread] DEBUG WindowService        - Clearing previous game
16:05:45.695 [JavaFX Application Thread] DEBUG GameScene            - Clearing game scene
16:05:45.695 [JavaFX Application Thread] DEBUG GameWorld            - Clearing game world
16:05:45.695 [JavaFX Application Thread] DEBUG PhysicsWorld         - Clearing physics world
16:05:45.696 [FXGL Background Thread 1 ] DEBUG GameApplication      - Initializing game
16:05:45.702 [FXGL Background Thread 1 ] DEBUG AssetLoaderService   - Loading from file system: /assets/music/soundtrack.wav
16:05:45.781 [FXGL Background Thread 1 ] DEBUG AudioPlayer          - Playing music com.almasb.fxgl.audio.Music@1d2b4418
16:05:45.786 [FXGL Background Thread 1 ] DEBUG AssetLoaderService   - Loading from file system: /assets/textures/Room.png
16:05:45.802 [FXGL Background Thread 1 ] DEBUG AssetLoaderService   - Loading from cache: /assets/textures/Room.png
16:05:45.802 [FXGL Background Thread 1 ] DEBUG AssetLoaderService   - Loading from file system: /assets/textures/EmptyMap.png
16:05:45.928 [FXGL Background Thread 1 ] DEBUG AssetLoaderService   - Loading from file system: /assets/textures/player.png
16:05:45.932 [FXGL Background Thread 1 ] DEBUG AssetLoaderService   - Loading from cache: /assets/textures/player.png
16:05:45.932 [FXGL Background Thread 1 ] DEBUG AssetLoaderService   - Loading from cache: /assets/textures/player.png
16:05:45.932 [FXGL Background Thread 1 ] DEBUG AssetLoaderService   - Loading from cache: /assets/textures/player.png
16:05:45.932 [FXGL Background Thread 1 ] DEBUG AssetLoaderService   - Loading from cache: /assets/textures/player.png
16:05:45.932 [FXGL Background Thread 1 ] DEBUG AssetLoaderService   - Loading from cache: /assets/textures/player.png
16:05:45.933 [FXGL Background Thread 1 ] DEBUG AssetLoaderService   - Loading from file system: /assets/textures/bbox.png
16:05:45.937 [FXGL Background Thread 1 ] DEBUG AssetLoaderService   - Loading from file system: /assets/textures/froggysprite.png
16:05:45.938 [FXGL Background Thread 1 ] DEBUG AssetLoaderService   - Loading from cache: /assets/textures/froggysprite.png
16:05:45.938 [FXGL Background Thread 1 ] DEBUG AssetLoaderService   - Loading from cache: /assets/textures/froggysprite.png
16:05:45.939 [FXGL Background Thread 1 ] DEBUG AssetLoaderService   - Loading from cache: /assets/textures/bbox.png
16:05:45.940 [FXGL Background Thread 1 ] DEBUG AssetLoaderService   - Loading from file system: /assets/textures/bush.png
16:05:45.941 [FXGL Background Thread 1 ] DEBUG AssetLoaderService   - Loading from cache: /assets/textures/bush.png
16:05:45.941 [FXGL Background Thread 1 ] DEBUG AssetLoaderService   - Loading from file system: /assets/textures/rock.png
16:05:45.943 [FXGL Background Thread 1 ] DEBUG AssetLoaderService   - Loading from cache: /assets/textures/rock.png
16:05:45.943 [FXGL Background Thread 1 ] DEBUG AssetLoaderService   - Loading from file system: /assets/textures/tree.png
16:05:45.944 [FXGL Background Thread 1 ] DEBUG AssetLoaderService   - Loading from cache: /assets/textures/bush.png
16:05:45.945 [FXGL Background Thread 1 ] DEBUG AssetLoaderService   - Loading from cache: /assets/textures/tree.png
16:05:45.945 [FXGL Background Thread 1 ] DEBUG AssetLoaderService   - Loading from cache: /assets/textures/bush.png
16:05:45.946 [FXGL Background Thread 1 ] DEBUG AssetLoaderService   - Loading from file system: /assets/textures/appletree.png
16:05:45.947 [FXGL Background Thread 1 ] DEBUG AssetLoaderService   - Loading from cache: /assets/textures/bush.png
16:05:45.948 [FXGL Background Thread 1 ] DEBUG AssetLoaderService   - Loading from cache: /assets/textures/tree.png
16:05:45.948 [FXGL Background Thread 1 ] DEBUG AssetLoaderService   - Loading from cache: /assets/textures/bush.png
16:05:45.948 [FXGL Background Thread 1 ] DEBUG AssetLoaderService   - Loading from cache: /assets/textures/appletree.png
16:05:45.949 [FXGL Background Thread 1 ] DEBUG AssetLoaderService   - Loading from cache: /assets/textures/bush.png
16:05:45.949 [FXGL Background Thread 1 ] DEBUG AssetLoaderService   - Loading from cache: /assets/textures/appletree.png
16:05:45.950 [FXGL Background Thread 1 ] DEBUG AssetLoaderService   - Loading from cache: /assets/textures/bush.png
16:05:45.950 [FXGL Background Thread 1 ] DEBUG AssetLoaderService   - Loading from cache: /assets/textures/tree.png
16:05:45.950 [FXGL Background Thread 1 ] DEBUG AssetLoaderService   - Loading from cache: /assets/textures/bush.png
16:05:45.951 [FXGL Background Thread 1 ] DEBUG AssetLoaderService   - Loading from cache: /assets/textures/tree.png
16:05:45.952 [FXGL Background Thread 1 ] DEBUG AssetLoaderService   - Loading from cache: /assets/textures/bush.png
16:05:45.952 [FXGL Background Thread 1 ] DEBUG AssetLoaderService   - Loading from cache: /assets/textures/tree.png
16:05:45.952 [FXGL Background Thread 1 ] DEBUG AssetLoaderService   - Loading from cache: /assets/textures/bush.png
16:05:45.953 [FXGL Background Thread 1 ] DEBUG AssetLoaderService   - Loading from cache: /assets/textures/bush.png
16:05:45.953 [FXGL Background Thread 1 ] DEBUG AssetLoaderService   - Loading from cache: /assets/textures/tree.png
16:05:45.954 [FXGL Background Thread 1 ] DEBUG AssetLoaderService   - Loading from cache: /assets/textures/tree.png
16:05:45.954 [FXGL Background Thread 1 ] DEBUG AssetLoaderService   - Loading from cache: /assets/textures/tree.png
16:05:45.954 [FXGL Background Thread 1 ] DEBUG AssetLoaderService   - Loading from cache: /assets/textures/bush.png
16:05:45.955 [FXGL Background Thread 1 ] DEBUG AssetLoaderService   - Loading from cache: /assets/textures/tree.png
16:05:45.955 [FXGL Background Thread 1 ] DEBUG AssetLoaderService   - Loading from cache: /assets/textures/bush.png
16:05:45.956 [FXGL Background Thread 1 ] DEBUG AssetLoaderService   - Loading from cache: /assets/textures/appletree.png
16:05:45.956 [FXGL Background Thread 1 ] DEBUG AssetLoaderService   - Loading from cache: /assets/textures/bush.png
16:05:45.956 [FXGL Background Thread 1 ] DEBUG AssetLoaderService   - Loading from cache: /assets/textures/tree.png
16:05:45.957 [FXGL Background Thread 1 ] DEBUG AssetLoaderService   - Loading from cache: /assets/textures/bush.png
16:05:45.957 [FXGL Background Thread 1 ] DEBUG AssetLoaderService   - Loading from cache: /assets/textures/appletree.png
16:05:45.958 [FXGL Background Thread 1 ] DEBUG AssetLoaderService   - Loading from cache: /assets/textures/bush.png
16:05:45.958 [FXGL Background Thread 1 ] DEBUG AssetLoaderService   - Loading from cache: /assets/textures/appletree.png
16:05:45.958 [FXGL Background Thread 1 ] DEBUG AssetLoaderService   - Loading from cache: /assets/textures/appletree.png
16:05:45.959 [FXGL Background Thread 1 ] DEBUG AssetLoaderService   - Loading from cache: /assets/textures/appletree.png
16:05:45.959 [FXGL Background Thread 1 ] DEBUG AssetLoaderService   - Loading from cache: /assets/textures/appletree.png
16:05:45.960 [FXGL Background Thread 1 ] DEBUG AssetLoaderService   - Loading from cache: /assets/textures/appletree.png
16:05:45.960 [FXGL Background Thread 1 ] DEBUG AssetLoaderService   - Loading from cache: /assets/textures/tree.png
16:05:45.960 [FXGL Background Thread 1 ] DEBUG AssetLoaderService   - Loading from cache: /assets/textures/tree.png
16:05:45.961 [FXGL Background Thread 1 ] DEBUG AssetLoaderService   - Loading from cache: /assets/textures/appletree.png
16:05:45.961 [FXGL Background Thread 1 ] DEBUG AssetLoaderService   - Loading from cache: /assets/textures/bush.png
16:05:45.962 [FXGL Background Thread 1 ] DEBUG AssetLoaderService   - Loading from cache: /assets/textures/appletree.png
16:05:45.962 [FXGL Background Thread 1 ] DEBUG AssetLoaderService   - Loading from cache: /assets/textures/bush.png
16:05:45.962 [FXGL Background Thread 1 ] DEBUG AssetLoaderService   - Loading from cache: /assets/textures/rock.png
16:05:45.963 [FXGL Background Thread 1 ] DEBUG AssetLoaderService   - Loading from cache: /assets/textures/tree.png
16:05:45.964 [FXGL Background Thread 1 ] DEBUG AssetLoaderService   - Loading from cache: /assets/textures/rock.png
16:05:45.964 [FXGL Background Thread 1 ] DEBUG AssetLoaderService   - Loading from cache: /assets/textures/appletree.png
16:05:45.965 [FXGL Background Thread 1 ] DEBUG AssetLoaderService   - Loading from cache: /assets/textures/appletree.png
16:05:45.965 [FXGL Background Thread 1 ] DEBUG AssetLoaderService   - Loading from file system: /assets/textures/lighthouse.png
16:05:45.967 [FXGL Background Thread 1 ] DEBUG AssetLoaderService   - Loading from file system: /assets/textures/greenhouse.png
16:05:45.968 [FXGL Background Thread 1 ] DEBUG AssetLoaderService   - Loading from file system: /assets/textures/bluehouse.png
16:05:45.970 [FXGL Background Thread 1 ] DEBUG AssetLoaderService   - Loading from file system: /assets/textures/redhouse.png
16:05:45.971 [FXGL Background Thread 1 ] DEBUG AssetLoaderService   - Loading from cache: /assets/textures/redhouse.png
16:05:45.972 [FXGL Background Thread 1 ] DEBUG AssetLoaderService   - Loading from cache: /assets/textures/bluehouse.png
16:05:45.972 [FXGL Background Thread 1 ] DEBUG AssetLoaderService   - Loading from cache: /assets/textures/bluehouse.png
16:05:45.972 [FXGL Background Thread 1 ] DEBUG AssetLoaderService   - Loading from cache: /assets/textures/redhouse.png
16:05:45.973 [FXGL Background Thread 1 ] DEBUG AssetLoaderService   - Loading from cache: /assets/textures/bluehouse.png
16:05:45.973 [FXGL Background Thread 1 ] DEBUG AssetLoaderService   - Loading from cache: /assets/textures/redhouse.png
16:05:45.973 [FXGL Background Thread 1 ] DEBUG AssetLoaderService   - Loading from cache: /assets/textures/lighthouse.png
16:05:45.974 [FXGL Background Thread 1 ] DEBUG AssetLoaderService   - Loading from cache: /assets/textures/greenhouse.png
16:05:45.974 [FXGL Background Thread 1 ] INFO  GameApplication      - Game initialization took: 0.278 sec
16:05:45.980 [JavaFX Application Thread] DEBUG Input                - Clearing active input actions
16:05:46.004 [JavaFX Application Thread] DEBUG WindowService        - Removing overlay from FXGLLoadingScene and adding to GameScene
16:05:46.004 [JavaFX Application Thread] DEBUG MainWindow           - FXGLLoadingScene -> GameScene
16:05:48.142 [JavaFX Application Thread] DEBUG GameApplication      - Exiting FXGL
16:05:48.142 [JavaFX Application Thread] DEBUG LoopRunner           - Stopping loop
16:05:48.142 [JavaFX Application Thread] DEBUG SystemBundleService  - Saving FXGL system data
16:05:48.143 [JavaFX Application Thread] DEBUG FileSystemAccess     - Writing to: C:\Users\otinn\git\FriendMaker2077-07-03\Project\system\fxgl.bundle
16:05:48.144 [JavaFX Application Thread] DEBUG GameApplication      - Shutting down background threads
16:05:48.144 [JavaFX Application Thread] DEBUG GameApplication      - Closing logger and exiting JavaFX
