14:39:18.420 [main                     ] DEBUG GameApplication      - Logger initialized
14:39:18.432 [main                     ] DEBUG GameApplication      - Logging settings
Title: FriendMaker2077
Version: 0.1
Width: 640
Height: 640
Fullscreen: false
Intro: false
Menus: true
Profiling: false
Single step:false
App Mode: DEVELOPER
Menu Key: ESCAPE
Stage Style: DECORATED
Scene Factory: class ui.MenuFactory

14:39:18.586 [JavaFX Application Thread] DEBUG GameApplication      - Initializing FXGL
14:39:18.592 [JavaFX Application Thread] INFO  Engine               - FXGL-11.8 (08.03.2020 09.25) on WINDOWS (J:13.0.2 FX:11.0.2)
14:39:18.592 [JavaFX Application Thread] INFO  Engine               - Source code and latest versions at: https://github.com/AlmasB/FXGL
14:39:18.592 [JavaFX Application Thread] INFO  Engine               -              Join the FXGL chat at: https://gitter.im/AlmasB/FXGL
14:39:18.661 [JavaFX Application Thread] DEBUG MainWindow           - Creating a JavaFX scene
14:39:18.690 [JavaFX Application Thread] DEBUG MainWindow           - Target settings size: 640.0 x 640.0
14:39:18.690 [JavaFX Application Thread] DEBUG MainWindow           - Scaled scene size:    640.0 x 640.0
14:39:18.690 [JavaFX Application Thread] DEBUG MainWindow           - Scaled ratio: (1.0, 1.0)
14:39:18.691 [JavaFX Application Thread] DEBUG MainWindow           - Set initial scene to FXGLStartupScene
14:39:18.695 [JavaFX Application Thread] DEBUG MainWindow           - Opening main window
14:39:18.748 [JavaFX Application Thread] DEBUG MainWindow           - Window border size: (16.0, 39.0)
14:39:18.748 [JavaFX Application Thread] DEBUG MainWindow           - Scaled size: 640.0 x 640.0
14:39:18.748 [JavaFX Application Thread] DEBUG MainWindow           - Scaled ratio: (1.0, 1.0)
14:39:18.748 [JavaFX Application Thread] DEBUG MainWindow           - Scene size: 640.0 x 640.0
14:39:18.748 [JavaFX Application Thread] DEBUG MainWindow           - Stage size: 656.0 x 679.0
14:39:18.753 [FXGL Background Thread 1 ] DEBUG Engine               - Initializing environment variables
14:39:18.771 [FXGL Background Thread 1 ] DEBUG WindowService        - Applying CSS: fxgl_dark.css
14:39:18.771 [FXGL Background Thread 1 ] DEBUG AssetLoaderService   - Loading from file system: /assets/ui/css/fxgl_dark.css
14:39:18.802 [FXGL Background Thread 1 ] DEBUG WindowService        - Initializing application scenes
14:39:18.821 [FXGL Background Thread 1 ] DEBUG GameWorld            - Game world initialized
14:39:18.844 [FXGL Background Thread 1 ] DEBUG PhysicsWorld         - Physics world initialized: appHeight=640, physics.ppm=50.0
14:39:18.846 [FXGL Background Thread 1 ] DEBUG GameScene            - Game scene initialized: 640x640
14:39:18.864 [FXGL Background Thread 1 ] DEBUG AssetLoaderService   - Loading from file system: /assets/textures/particles/trace_horizontal.png
14:39:18.905 [FXGL Background Thread 1 ] WARN  FXGL.DefaultMenu     - FXGLDefaultMenu is not designed for resolutions < 800x600
14:39:18.905 [FXGL Background Thread 1 ] DEBUG FXGL.DefaultMenu     - createMenuBodyMainMenu()
14:39:18.915 [FXGL Background Thread 1 ] DEBUG FXGL.DefaultMenu     - createOptionsMenu()
14:39:18.918 [FXGL Background Thread 1 ] DEBUG FXGL.DefaultMenu     - createExtraMenu()
14:39:18.920 [FXGL Background Thread 1 ] DEBUG AssetLoaderService   - Loading from file system: /assets/textures/particles/smoke.png
14:39:18.964 [FXGL Background Thread 1 ] DEBUG AssetLoaderService   - Loading from cache: /assets/textures/particles/trace_horizontal.png@64.0x64.0
14:39:18.964 [FXGL Background Thread 1 ] WARN  FXGL.DefaultMenu     - FXGLDefaultMenu is not designed for resolutions < 800x600
14:39:18.964 [FXGL Background Thread 1 ] DEBUG FXGL.DefaultMenu     - createMenuBodyGameMenu()
14:39:18.965 [FXGL Background Thread 1 ] DEBUG FXGL.DefaultMenu     - createOptionsMenu()
14:39:18.967 [FXGL Background Thread 1 ] DEBUG FXGL.DefaultMenu     - createExtraMenu()
14:39:18.968 [FXGL Background Thread 1 ] DEBUG AssetLoaderService   - Loading from cache: /assets/textures/particles/smoke.png@128.0x128.0
14:39:18.979 [FXGL Background Thread 1 ] DEBUG WindowService        - Application scenes initialized
14:39:18.984 [FXGL Background Thread 1 ] DEBUG SystemBundleService  - Loading FXGL system data
14:39:18.986 [FXGL Background Thread 1 ] DEBUG FileSystemAccess     - Reading from: C:\Users\otinn\git\FriendMaker2077-07-03\Project\system\fxgl.bundle
14:39:18.990 [FXGL Background Thread 1 ] DEBUG SystemBundleService  - Bundle FXGL: {}
14:39:18.991 [FXGL Background Thread 1 ] INFO  Engine               - FXGL initialization took: 0.237 sec
14:39:18.992 [FXGL Background Thread 1 ] DEBUG GameApplication      - Loading localizations
14:39:18.993 [FXGL Background Thread 1 ] DEBUG AssetLoaderService   - Loading from file system: /assets/properties/languages/english.properties
14:39:18.994 [FXGL Background Thread 1 ] DEBUG AssetLoaderService   - Loading from file system: /assets/properties/languages/french.properties
14:39:18.995 [FXGL Background Thread 1 ] DEBUG AssetLoaderService   - Loading from file system: /assets/properties/languages/german.properties
14:39:18.996 [FXGL Background Thread 1 ] DEBUG AssetLoaderService   - Loading from file system: /assets/properties/languages/hungarian.properties
14:39:18.998 [FXGL Background Thread 1 ] DEBUG AssetLoaderService   - Loading from file system: /assets/properties/languages/russian.properties
14:39:18.999 [FXGL Background Thread 1 ] DEBUG GameApplication      - Registering font factories with UI factory
14:39:18.999 [FXGL Background Thread 1 ] DEBUG AssetLoaderService   - Loading from file system: /assets/ui/fonts/VarelaRound-Regular.ttf
14:39:19.114 [FXGL Background Thread 1 ] DEBUG AssetLoaderService   - Loading from file system: /assets/ui/fonts/Abel-Regular.ttf
14:39:19.122 [FXGL Background Thread 1 ] DEBUG AssetLoaderService   - Loading from file system: /assets/ui/fonts/lucida_console.ttf
14:39:19.132 [FXGL Background Thread 1 ] DEBUG AssetLoaderService   - Loading from file system: /assets/ui/fonts/Courier-Prime.ttf
14:39:19.145 [JavaFX Application Thread] DEBUG Input                - Registered new binding: Move Right - D
14:39:19.146 [JavaFX Application Thread] DEBUG Input                - Registered new binding: Move Left - A
14:39:19.146 [JavaFX Application Thread] DEBUG Input                - Registered new binding: Move Up - W
14:39:19.146 [JavaFX Application Thread] DEBUG Input                - Registered new binding: Move Down - S
14:39:19.146 [JavaFX Application Thread] DEBUG Input                - Registered new binding: Play Sound - F
14:39:19.146 [JavaFX Application Thread] DEBUG AssetLoaderService   - Loading from file system: /assets/textures/fxgl_icon.png
14:39:19.162 [JavaFX Application Thread] DEBUG AssetLoaderService   - Loading from file system: /assets/ui/cursors/fxgl_default.png
14:39:19.163 [JavaFX Application Thread] DEBUG Input                - Registered new binding: Screenshot - P
14:39:19.164 [JavaFX Application Thread] DEBUG Input                - Registered new binding: System info dump - CTRL+9
14:39:19.164 [JavaFX Application Thread] DEBUG Input                - Registered new binding: Restart - CTRL+R
14:39:19.164 [JavaFX Application Thread] DEBUG LoopRunner           - Starting loop
14:39:19.172 [JavaFX Application Thread] DEBUG FXGLStartupScene     - STARTUP
14:39:19.175 [JavaFX Application Thread] DEBUG Input                - Clearing active input actions
14:39:19.188 [JavaFX Application Thread] DEBUG WindowService        - Removing overlay from FXGLStartupScene and adding to FXGLDefaultMenu
14:39:19.189 [JavaFX Application Thread] DEBUG MainWindow           - FXGLStartupScene -> FXGLDefaultMenu
14:39:19.857 [JavaFX Application Thread] DEBUG Menu                 - fireNewGame()
14:39:19.857 [JavaFX Application Thread] DEBUG WindowService        - Starting new game
14:39:19.857 [JavaFX Application Thread] DEBUG Input                - Clearing active input actions
14:39:19.865 [JavaFX Application Thread] DEBUG WindowService        - Removing overlay from FXGLDefaultMenu and adding to FXGLLoadingScene
14:39:19.865 [JavaFX Application Thread] DEBUG MainWindow           - FXGLDefaultMenu -> FXGLLoadingScene
14:39:19.865 [JavaFX Application Thread] DEBUG WindowService        - Clearing previous game
14:39:19.865 [JavaFX Application Thread] DEBUG GameScene            - Clearing game scene
14:39:19.865 [JavaFX Application Thread] DEBUG GameWorld            - Clearing game world
14:39:19.865 [JavaFX Application Thread] DEBUG PhysicsWorld         - Clearing physics world
14:39:19.866 [FXGL Background Thread 1 ] DEBUG GameApplication      - Initializing game
14:39:19.872 [FXGL Background Thread 1 ] DEBUG AssetLoaderService   - Loading from file system: /assets/music/soundtrack.wav
14:39:19.946 [FXGL Background Thread 1 ] DEBUG AudioPlayer          - Playing music com.almasb.fxgl.audio.Music@122b3c43
14:39:19.948 [FXGL Background Thread 1 ] DEBUG AssetLoaderService   - Loading from file system: /assets/textures/Room.png
14:39:19.964 [FXGL Background Thread 1 ] DEBUG AssetLoaderService   - Loading from cache: /assets/textures/Room.png
14:39:19.964 [FXGL Background Thread 1 ] DEBUG AssetLoaderService   - Loading from file system: /assets/textures/EmptyMap.png
14:39:20.098 [FXGL Background Thread 1 ] DEBUG AssetLoaderService   - Loading from file system: /assets/textures/player.png
14:39:20.100 [FXGL Background Thread 1 ] DEBUG AssetLoaderService   - Loading from cache: /assets/textures/player.png
14:39:20.100 [FXGL Background Thread 1 ] DEBUG AssetLoaderService   - Loading from cache: /assets/textures/player.png
14:39:20.100 [FXGL Background Thread 1 ] DEBUG AssetLoaderService   - Loading from cache: /assets/textures/player.png
14:39:20.100 [FXGL Background Thread 1 ] DEBUG AssetLoaderService   - Loading from cache: /assets/textures/player.png
14:39:20.100 [FXGL Background Thread 1 ] DEBUG AssetLoaderService   - Loading from cache: /assets/textures/player.png
14:39:20.101 [FXGL Background Thread 1 ] DEBUG AssetLoaderService   - Loading from file system: /assets/textures/bbox.png
14:39:20.103 [FXGL Background Thread 1 ] DEBUG AssetLoaderService   - Loading from file system: /assets/textures/froggysprite.png
14:39:20.104 [FXGL Background Thread 1 ] DEBUG AssetLoaderService   - Loading from cache: /assets/textures/froggysprite.png
14:39:20.104 [FXGL Background Thread 1 ] DEBUG AssetLoaderService   - Loading from cache: /assets/textures/froggysprite.png
14:39:20.104 [FXGL Background Thread 1 ] DEBUG AssetLoaderService   - Loading from cache: /assets/textures/bbox.png
14:39:20.105 [FXGL Background Thread 1 ] DEBUG AssetLoaderService   - Loading from file system: /assets/textures/bush.png
14:39:20.106 [FXGL Background Thread 1 ] DEBUG AssetLoaderService   - Loading from cache: /assets/textures/bush.png
14:39:20.107 [FXGL Background Thread 1 ] DEBUG AssetLoaderService   - Loading from file system: /assets/textures/rock.png
14:39:20.107 [FXGL Background Thread 1 ] DEBUG AssetLoaderService   - Loading from cache: /assets/textures/rock.png
14:39:20.108 [FXGL Background Thread 1 ] DEBUG AssetLoaderService   - Loading from file system: /assets/textures/tree.png
14:39:20.109 [FXGL Background Thread 1 ] DEBUG AssetLoaderService   - Loading from cache: /assets/textures/bush.png
14:39:20.109 [FXGL Background Thread 1 ] DEBUG AssetLoaderService   - Loading from cache: /assets/textures/tree.png
14:39:20.109 [FXGL Background Thread 1 ] DEBUG AssetLoaderService   - Loading from cache: /assets/textures/bush.png
14:39:20.110 [FXGL Background Thread 1 ] DEBUG AssetLoaderService   - Loading from file system: /assets/textures/appletree.png
14:39:20.111 [FXGL Background Thread 1 ] DEBUG AssetLoaderService   - Loading from cache: /assets/textures/bush.png
14:39:20.111 [FXGL Background Thread 1 ] DEBUG AssetLoaderService   - Loading from cache: /assets/textures/tree.png
14:39:20.112 [FXGL Background Thread 1 ] DEBUG AssetLoaderService   - Loading from cache: /assets/textures/bush.png
14:39:20.112 [FXGL Background Thread 1 ] DEBUG AssetLoaderService   - Loading from cache: /assets/textures/appletree.png
14:39:20.113 [FXGL Background Thread 1 ] DEBUG AssetLoaderService   - Loading from cache: /assets/textures/bush.png
14:39:20.113 [FXGL Background Thread 1 ] DEBUG AssetLoaderService   - Loading from cache: /assets/textures/appletree.png
14:39:20.113 [FXGL Background Thread 1 ] DEBUG AssetLoaderService   - Loading from cache: /assets/textures/bush.png
14:39:20.114 [FXGL Background Thread 1 ] DEBUG AssetLoaderService   - Loading from cache: /assets/textures/tree.png
14:39:20.114 [FXGL Background Thread 1 ] DEBUG AssetLoaderService   - Loading from cache: /assets/textures/bush.png
14:39:20.114 [FXGL Background Thread 1 ] DEBUG AssetLoaderService   - Loading from cache: /assets/textures/tree.png
14:39:20.115 [FXGL Background Thread 1 ] DEBUG AssetLoaderService   - Loading from cache: /assets/textures/bush.png
14:39:20.115 [FXGL Background Thread 1 ] DEBUG AssetLoaderService   - Loading from cache: /assets/textures/tree.png
14:39:20.116 [FXGL Background Thread 1 ] DEBUG AssetLoaderService   - Loading from cache: /assets/textures/bush.png
14:39:20.116 [FXGL Background Thread 1 ] DEBUG AssetLoaderService   - Loading from cache: /assets/textures/bush.png
14:39:20.116 [FXGL Background Thread 1 ] DEBUG AssetLoaderService   - Loading from cache: /assets/textures/tree.png
14:39:20.117 [FXGL Background Thread 1 ] DEBUG AssetLoaderService   - Loading from cache: /assets/textures/tree.png
14:39:20.117 [FXGL Background Thread 1 ] DEBUG AssetLoaderService   - Loading from cache: /assets/textures/tree.png
14:39:20.117 [FXGL Background Thread 1 ] DEBUG AssetLoaderService   - Loading from cache: /assets/textures/bush.png
14:39:20.118 [FXGL Background Thread 1 ] DEBUG AssetLoaderService   - Loading from cache: /assets/textures/tree.png
14:39:20.118 [FXGL Background Thread 1 ] DEBUG AssetLoaderService   - Loading from cache: /assets/textures/bush.png
14:39:20.118 [FXGL Background Thread 1 ] DEBUG AssetLoaderService   - Loading from cache: /assets/textures/appletree.png
14:39:20.119 [FXGL Background Thread 1 ] DEBUG AssetLoaderService   - Loading from cache: /assets/textures/bush.png
14:39:20.119 [FXGL Background Thread 1 ] DEBUG AssetLoaderService   - Loading from cache: /assets/textures/tree.png
14:39:20.120 [FXGL Background Thread 1 ] DEBUG AssetLoaderService   - Loading from cache: /assets/textures/bush.png
14:39:20.120 [FXGL Background Thread 1 ] DEBUG AssetLoaderService   - Loading from cache: /assets/textures/appletree.png
14:39:20.120 [FXGL Background Thread 1 ] DEBUG AssetLoaderService   - Loading from cache: /assets/textures/bush.png
14:39:20.121 [FXGL Background Thread 1 ] DEBUG AssetLoaderService   - Loading from cache: /assets/textures/appletree.png
14:39:20.121 [FXGL Background Thread 1 ] DEBUG AssetLoaderService   - Loading from cache: /assets/textures/appletree.png
14:39:20.122 [FXGL Background Thread 1 ] DEBUG AssetLoaderService   - Loading from cache: /assets/textures/appletree.png
14:39:20.122 [FXGL Background Thread 1 ] DEBUG AssetLoaderService   - Loading from cache: /assets/textures/appletree.png
14:39:20.122 [FXGL Background Thread 1 ] DEBUG AssetLoaderService   - Loading from cache: /assets/textures/appletree.png
14:39:20.123 [FXGL Background Thread 1 ] DEBUG AssetLoaderService   - Loading from cache: /assets/textures/tree.png
14:39:20.123 [FXGL Background Thread 1 ] DEBUG AssetLoaderService   - Loading from cache: /assets/textures/tree.png
14:39:20.124 [FXGL Background Thread 1 ] DEBUG AssetLoaderService   - Loading from cache: /assets/textures/appletree.png
14:39:20.124 [FXGL Background Thread 1 ] DEBUG AssetLoaderService   - Loading from cache: /assets/textures/bush.png
14:39:20.125 [FXGL Background Thread 1 ] DEBUG AssetLoaderService   - Loading from cache: /assets/textures/appletree.png
14:39:20.125 [FXGL Background Thread 1 ] DEBUG AssetLoaderService   - Loading from cache: /assets/textures/bush.png
14:39:20.125 [FXGL Background Thread 1 ] DEBUG AssetLoaderService   - Loading from cache: /assets/textures/rock.png
14:39:20.126 [FXGL Background Thread 1 ] DEBUG AssetLoaderService   - Loading from cache: /assets/textures/tree.png
14:39:20.126 [FXGL Background Thread 1 ] DEBUG AssetLoaderService   - Loading from cache: /assets/textures/rock.png
14:39:20.127 [FXGL Background Thread 1 ] DEBUG AssetLoaderService   - Loading from cache: /assets/textures/appletree.png
14:39:20.127 [FXGL Background Thread 1 ] DEBUG AssetLoaderService   - Loading from cache: /assets/textures/appletree.png
14:39:20.127 [FXGL Background Thread 1 ] DEBUG AssetLoaderService   - Loading from file system: /assets/textures/lighthouse.png
14:39:20.128 [FXGL Background Thread 1 ] DEBUG AssetLoaderService   - Loading from file system: /assets/textures/greenhouse.png
14:39:20.129 [FXGL Background Thread 1 ] DEBUG AssetLoaderService   - Loading from file system: /assets/textures/bluehouse.png
14:39:20.130 [FXGL Background Thread 1 ] DEBUG AssetLoaderService   - Loading from file system: /assets/textures/redhouse.png
14:39:20.131 [FXGL Background Thread 1 ] DEBUG AssetLoaderService   - Loading from cache: /assets/textures/redhouse.png
14:39:20.132 [FXGL Background Thread 1 ] DEBUG AssetLoaderService   - Loading from cache: /assets/textures/bluehouse.png
14:39:20.132 [FXGL Background Thread 1 ] DEBUG AssetLoaderService   - Loading from cache: /assets/textures/bluehouse.png
14:39:20.132 [FXGL Background Thread 1 ] DEBUG AssetLoaderService   - Loading from cache: /assets/textures/redhouse.png
14:39:20.133 [FXGL Background Thread 1 ] DEBUG AssetLoaderService   - Loading from cache: /assets/textures/bluehouse.png
14:39:20.133 [FXGL Background Thread 1 ] DEBUG AssetLoaderService   - Loading from cache: /assets/textures/redhouse.png
14:39:20.134 [FXGL Background Thread 1 ] DEBUG AssetLoaderService   - Loading from cache: /assets/textures/lighthouse.png
14:39:20.134 [FXGL Background Thread 1 ] DEBUG AssetLoaderService   - Loading from cache: /assets/textures/greenhouse.png
14:39:20.135 [FXGL Background Thread 1 ] INFO  GameApplication      - Game initialization took: 0.269 sec
14:39:20.143 [JavaFX Application Thread] DEBUG Input                - Clearing active input actions
14:39:20.157 [JavaFX Application Thread] DEBUG WindowService        - Removing overlay from FXGLLoadingScene and adding to GameScene
14:39:20.157 [JavaFX Application Thread] DEBUG MainWindow           - FXGLLoadingScene -> GameScene
14:39:21.993 [FXGL Background Thread 2 ] DEBUG Engine               - Logging environment variables
14:39:21.993 [FXGL Background Thread 2 ] DEBUG Engine               - achievements: []
14:39:21.993 [FXGL Background Thread 2 ] DEBUG Engine               - language: ObjectProperty [value: ENGLISH]
14:39:21.993 [FXGL Background Thread 2 ] DEBUG Engine               - isCloseConfirmation: false
14:39:21.993 [FXGL Background Thread 2 ] DEBUG Engine               - isProfilingEnabled: false
14:39:21.993 [FXGL Background Thread 2 ] DEBUG Engine               - soundNotification: core/notification.wav
14:39:21.993 [FXGL Background Thread 2 ] DEBUG Engine               - devShowBBoxProperty: BooleanProperty [value: false]
14:39:21.993 [FXGL Background Thread 2 ] DEBUG Engine               - pixelsPerMeter: 50.0
14:39:21.993 [FXGL Background Thread 2 ] DEBUG Engine               - appIcon: fxgl_icon.png
14:39:21.993 [FXGL Background Thread 2 ] DEBUG Engine               - soundMenuBack: menu/back.wav
14:39:21.993 [FXGL Background Thread 2 ] DEBUG Engine               - isFullScreenAllowed: false
14:39:21.993 [FXGL Background Thread 2 ] DEBUG Engine               - isIntroEnabled: false
14:39:21.994 [FXGL Background Thread 2 ] DEBUG Engine               - fontMono: lucida_console.ttf
14:39:21.994 [FXGL Background Thread 2 ] DEBUG Engine               - soundMenuSelect: menu/select.wav
14:39:21.994 [FXGL Background Thread 2 ] DEBUG Engine               - isWindows: true
14:39:21.994 [FXGL Background Thread 2 ] DEBUG Engine               - isMobile: false
14:39:21.994 [FXGL Background Thread 2 ] DEBUG Engine               - isUserProfileEnabled: false
14:39:21.994 [FXGL Background Thread 2 ] DEBUG Engine               - height: 640
14:39:21.994 [FXGL Background Thread 2 ] DEBUG Engine               - isExperimentalNative: false
14:39:21.994 [FXGL Background Thread 2 ] DEBUG Engine               - settings: Title: FriendMaker2077
Version: 0.1
Width: 640
Height: 640
Fullscreen: false
Intro: false
Menus: true
Profiling: false
Single step:false
App Mode: DEVELOPER
Menu Key: ESCAPE
Stage Style: DECORATED
Scene Factory: class ui.MenuFactory

14:39:21.994 [FXGL Background Thread 2 ] DEBUG Engine               - isSingleStep: false
14:39:21.994 [FXGL Background Thread 2 ] DEBUG Engine               - cSSList: [fxgl_dark.css]
14:39:21.994 [FXGL Background Thread 2 ] DEBUG Engine               - fontGame: Abel-Regular.ttf
14:39:21.994 [FXGL Background Thread 2 ] DEBUG Engine               - menuKey: ESCAPE
14:39:21.994 [FXGL Background Thread 2 ] DEBUG Engine               - devShowPositionProperty: BooleanProperty [value: false]
14:39:21.994 [FXGL Background Thread 2 ] DEBUG Engine               - versionCheckDays: 7
14:39:21.994 [FXGL Background Thread 2 ] DEBUG Engine               - configClass: Optional.empty
14:39:21.994 [FXGL Background Thread 2 ] DEBUG Engine               - isFullScreenFromStart: false
14:39:21.994 [FXGL Background Thread 2 ] DEBUG Engine               - version: 0.1
14:39:21.994 [FXGL Background Thread 2 ] DEBUG Engine               - fullScreen: BooleanProperty [value: false]
14:39:21.994 [FXGL Background Thread 2 ] DEBUG Engine               - randomSeed: -1
14:39:21.995 [FXGL Background Thread 2 ] DEBUG Engine               - gameDifficultyProperty: ObjectProperty [value: MEDIUM]
14:39:21.995 [FXGL Background Thread 2 ] DEBUG Engine               - applicationMode: DEVELOPER
14:39:21.995 [FXGL Background Thread 2 ] DEBUG Engine               - isMac: false
14:39:21.995 [FXGL Background Thread 2 ] DEBUG Engine               - isMenuEnabled: true
14:39:21.995 [FXGL Background Thread 2 ] DEBUG Engine               - urlPOM: https://raw.githubusercontent.com/AlmasB/FXGL/master/pom.xml
14:39:21.995 [FXGL Background Thread 2 ] DEBUG Engine               - profileName: StringProperty [value: DEFAULT]
14:39:21.995 [FXGL Background Thread 2 ] DEBUG Engine               - notificationViewClass: class com.almasb.fxgl.notification.view.XboxNotificationView
14:39:21.995 [FXGL Background Thread 2 ] DEBUG Engine               - devSensorColorProperty: ObjectProperty [value: 0xffff00ff]
14:39:21.995 [FXGL Background Thread 2 ] DEBUG Engine               - sceneFactory: ui.MenuFactory@2558bd45
14:39:21.995 [FXGL Background Thread 2 ] DEBUG Engine               - stageStyle: DECORATED
14:39:21.995 [FXGL Background Thread 2 ] DEBUG Engine               - isManualResizeEnabled: false
14:39:21.995 [FXGL Background Thread 2 ] DEBUG Engine               - title: FriendMaker2077
14:39:21.995 [FXGL Background Thread 2 ] DEBUG Engine               - platform: WINDOWS
14:39:21.995 [FXGL Background Thread 2 ] DEBUG Engine               - devBBoxColorProperty: ObjectProperty [value: 0xff0000ff]
14:39:21.995 [FXGL Background Thread 2 ] DEBUG Engine               - gameDifficulty: MEDIUM
14:39:21.995 [FXGL Background Thread 2 ] DEBUG Engine               - isDesktop: true
14:39:21.995 [FXGL Background Thread 2 ] DEBUG Engine               - supportedLanguages: [ENGLISH, FRENCH, GERMAN, HUNGARIAN, RUSSIAN]
14:39:21.996 [FXGL Background Thread 2 ] DEBUG Engine               - globalMusicVolumeProperty: DoubleProperty [value: 0.5]
14:39:21.996 [FXGL Background Thread 2 ] DEBUG Engine               - credits: []
14:39:21.996 [FXGL Background Thread 2 ] DEBUG Engine               - isPreserveResizeRatio: false
14:39:21.996 [FXGL Background Thread 2 ] DEBUG Engine               - fontText: Courier-Prime.ttf
14:39:21.996 [FXGL Background Thread 2 ] DEBUG Engine               - isExperimentalTiledLargeMap: false
14:39:21.996 [FXGL Background Thread 2 ] DEBUG Engine               - secondsIn24h: 60
14:39:21.996 [FXGL Background Thread 2 ] DEBUG Engine               - runtimeInfo: RuntimeInfo(platform=WINDOWS, version=11.8, build=08.03.2020 09.25)
14:39:21.996 [FXGL Background Thread 2 ] DEBUG Engine               - urlGithub: https://github.com/AlmasB/FXGL
14:39:21.996 [FXGL Background Thread 2 ] DEBUG Engine               - isLinux: false
14:39:21.996 [FXGL Background Thread 2 ] DEBUG Engine               - soundMenuPress: menu/press.wav
14:39:21.996 [FXGL Background Thread 2 ] DEBUG Engine               - profileDir: profiles/
14:39:21.996 [FXGL Background Thread 2 ] DEBUG Engine               - globalSoundVolumeProperty: DoubleProperty [value: 0.5]
14:39:21.996 [FXGL Background Thread 2 ] DEBUG Engine               - isDeveloperMenuEnabled: false
14:39:21.996 [FXGL Background Thread 2 ] DEBUG Engine               - mainWindow: com.almasb.fxgl.app.MainWindow@21673d36
14:39:21.996 [FXGL Background Thread 2 ] DEBUG Engine               - urlLeaderboard: http://fxgl-top.herokuapp.com/
14:39:21.996 [FXGL Background Thread 2 ] DEBUG Engine               - isBrowser: false
14:39:21.996 [FXGL Background Thread 2 ] DEBUG Engine               - globalSoundVolume: 0.5
14:39:21.996 [FXGL Background Thread 2 ] DEBUG Engine               - engineServices: [class com.almasb.fxgl.app.GameApplication$GameApplicationService, class com.almasb.fxgl.app.services.WindowService, class com.almasb.fxgl.app.services.FXGLDialogService, class com.almasb.fxgl.app.services.IOTaskExecutorService, class com.almasb.fxgl.event.EventBusService, class com.almasb.fxgl.io.FileSystemService, class com.almasb.fxgl.localization.LocalizationService, class com.almasb.fxgl.app.services.AssetLoaderService, class com.almasb.fxgl.app.services.SystemBundleService, class com.almasb.fxgl.profile.SaveLoadService, class com.almasb.fxgl.ui.FXGLUIFactoryServiceProvider, class com.almasb.fxgl.ui.FXGLDialogFactoryServiceProvider, class com.almasb.fxgl.audio.AudioPlayer, class com.almasb.fxgl.notification.impl.NotificationServiceProvider, class com.almasb.fxgl.achievement.AchievementService, class com.almasb.fxgl.cutscene.CutsceneService, class com.almasb.fxgl.minigames.MiniGameService, class com.almasb.fxgl.net.NetService, class com.almasb.fxgl.app.services.UpdaterService]
14:39:21.996 [FXGL Background Thread 2 ] DEBUG Engine               - globalMusicVolume: 0.5
14:39:21.996 [FXGL Background Thread 2 ] DEBUG Engine               - width: 640
14:39:21.997 [FXGL Background Thread 2 ] DEBUG Engine               - saveFileExt: sav
14:39:21.997 [FXGL Background Thread 2 ] DEBUG Engine               - isAndroid: false
14:39:21.997 [FXGL Background Thread 2 ] DEBUG Engine               - fontUI: VarelaRound-Regular.ttf
14:39:21.997 [FXGL Background Thread 2 ] DEBUG Engine               - isIOS: false
14:39:21.997 [FXGL Background Thread 2 ] DEBUG Engine               - enabledMenuItems: [SAVE_LOAD, EXTRA, ONLINE]
14:39:21.997 [FXGL Background Thread 2 ] DEBUG Engine               - Logging services
14:39:21.997 [FXGL Background Thread 2 ] DEBUG Engine               - class com.almasb.fxgl.app.GameApplication$GameApplicationService
14:39:21.997 [FXGL Background Thread 2 ] DEBUG Engine               - class com.almasb.fxgl.app.services.WindowService
14:39:21.997 [FXGL Background Thread 2 ] DEBUG Engine               - class com.almasb.fxgl.app.services.FXGLDialogService
14:39:21.997 [FXGL Background Thread 2 ] DEBUG Engine               - class com.almasb.fxgl.app.services.IOTaskExecutorService
14:39:21.997 [FXGL Background Thread 2 ] DEBUG Engine               - class com.almasb.fxgl.event.EventBusService
14:39:21.997 [FXGL Background Thread 2 ] DEBUG Engine               - class com.almasb.fxgl.io.FileSystemService
14:39:21.997 [FXGL Background Thread 2 ] DEBUG Engine               - class com.almasb.fxgl.localization.LocalizationService
14:39:21.997 [FXGL Background Thread 2 ] DEBUG Engine               - class com.almasb.fxgl.app.services.AssetLoaderService
14:39:21.997 [FXGL Background Thread 2 ] DEBUG Engine               - class com.almasb.fxgl.app.services.SystemBundleService
14:39:21.997 [FXGL Background Thread 2 ] DEBUG Engine               - class com.almasb.fxgl.profile.SaveLoadService
14:39:21.997 [FXGL Background Thread 2 ] DEBUG Engine               - class com.almasb.fxgl.ui.FXGLUIFactoryServiceProvider
14:39:21.997 [FXGL Background Thread 2 ] DEBUG Engine               - class com.almasb.fxgl.ui.FXGLDialogFactoryServiceProvider
14:39:21.997 [FXGL Background Thread 2 ] DEBUG Engine               - class com.almasb.fxgl.audio.AudioPlayer
14:39:21.998 [FXGL Background Thread 2 ] DEBUG Engine               - class com.almasb.fxgl.notification.impl.NotificationServiceProvider
14:39:21.998 [FXGL Background Thread 2 ] DEBUG Engine               - class com.almasb.fxgl.achievement.AchievementService
14:39:21.998 [FXGL Background Thread 2 ] DEBUG Engine               - class com.almasb.fxgl.cutscene.CutsceneService
14:39:21.998 [FXGL Background Thread 2 ] DEBUG Engine               - class com.almasb.fxgl.minigames.MiniGameService
14:39:21.998 [FXGL Background Thread 2 ] DEBUG Engine               - class com.almasb.fxgl.net.NetService
14:39:21.998 [FXGL Background Thread 2 ] DEBUG Engine               - class com.almasb.fxgl.app.services.UpdaterService
14:39:24.802 [JavaFX Application Thread] DEBUG AssetLoaderService   - Loading from file system: /assets/sounds/move.wav
14:39:24.810 [JavaFX Application Thread] DEBUG Input                - Registered new binding: Next RPG Line - Enter
14:39:24.810 [JavaFX Application Thread] DEBUG MainWindow           - Push state: CutsceneScene
14:39:24.810 [JavaFX Application Thread] DEBUG Input                - Clearing active input actions
14:39:24.811 [JavaFX Application Thread] DEBUG WindowService        - Removing overlay from GameScene and adding to CutsceneScene
14:39:24.811 [JavaFX Application Thread] DEBUG MainWindow           - GameScene -> CutsceneScene
14:39:24.811 [JavaFX Application Thread] DEBUG AssetLoaderService   - Loading from file system: /assets/textures/battleMap.png
14:39:27.042 [JavaFX Application Thread] DEBUG MainWindow           - Pop state: CutsceneScene
14:39:27.042 [JavaFX Application Thread] DEBUG Input                - Clearing active input actions
14:39:27.042 [JavaFX Application Thread] DEBUG WindowService        - Removing overlay from CutsceneScene and adding to GameScene
14:39:27.042 [JavaFX Application Thread] DEBUG MainWindow           - GameScene <- CutsceneScene
14:39:42.644 [JavaFX Application Thread] DEBUG LoopRunner           - Stopping loop
14:39:51.517 [JavaFX Application Thread] FATAL GameApplication      - Uncaught Exception:

Fatal exception occurred: java.lang.StringIndexOutOfBoundsException : begin 0, end -1, length 19
E: java.base/java.lang.String.checkBoundsBeginEnd(String.java:3720)
E: java.base/java.lang.String.substring(String.java:1909)
E: com.almasb.fxgl.cutscene.Cutscene.<init>(Cutscene.kt:18)
E: application.GameApp.finishBattle(GameApp.java:480)
E: application.GameApp.onUpdate(GameApp.java:326)
E: com.almasb.fxgl.app.GameApplication$GameApplicationService.onGameUpdate(GameApplication.java:384)
E: com.almasb.fxgl.app.Engine.onGameUpdate(Engine.kt:133)
E: com.almasb.fxgl.app.GameApplication$FXGLApplication.lambda$postServicesInit$4(GameApplication.java:268)
E: com.almasb.fxgl.scene.Scene.update(Scene.kt:77)
E: com.almasb.fxgl.app.MainWindow$update$1.invoke(MainWindow.kt:208)
E: com.almasb.fxgl.app.MainWindow$update$1.invoke(MainWindow.kt:38)
E: com.almasb.fxgl.core.fsm.StateMachine.runOnActiveStates(StateMachine.kt:60)
E: com.almasb.fxgl.app.MainWindow.update(MainWindow.kt:208)
E: com.almasb.fxgl.app.services.WindowService.onUpdate(WindowService.kt:115)
E: com.almasb.fxgl.app.Engine.loop(Engine.kt:129)
E: com.almasb.fxgl.app.Engine.access$loop(Engine.kt:25)
E: com.almasb.fxgl.app.Engine$loop$1.invoke(Engine.kt:29)
E: com.almasb.fxgl.app.Engine$loop$1.invoke(Engine.kt:25)
E: com.almasb.fxgl.app.LoopRunner.frame(LoopRunner.kt:86)
E: com.almasb.fxgl.app.LoopRunner.access$frame(LoopRunner.kt:17)
E: com.almasb.fxgl.app.LoopRunner$impl$2$1.handle(LoopRunner.kt:37)
E: javafx.graphics/javafx.animation.AnimationTimer$AnimationTimerReceiver.lambda$handle$0(AnimationTimer.java:57)
E: java.base/java.security.AccessController.doPrivileged(AccessController.java:391)
E: javafx.graphics/javafx.animation.AnimationTimer$AnimationTimerReceiver.handle(AnimationTimer.java:56)
E: javafx.graphics/com.sun.scenario.animation.AbstractMasterTimer.timePulseImpl(AbstractMasterTimer.java:357)
E: javafx.graphics/com.sun.scenario.animation.AbstractMasterTimer$MainLoop.run(AbstractMasterTimer.java:267)
E: javafx.graphics/com.sun.javafx.tk.quantum.QuantumToolkit.pulse(QuantumToolkit.java:515)
E: javafx.graphics/com.sun.javafx.tk.quantum.QuantumToolkit.pulse(QuantumToolkit.java:499)
E: javafx.graphics/com.sun.javafx.tk.quantum.QuantumToolkit.pulseFromQueue(QuantumToolkit.java:492)
E: javafx.graphics/com.sun.javafx.tk.quantum.QuantumToolkit.lambda$runToolkit$11(QuantumToolkit.java:320)
E: javafx.graphics/com.sun.glass.ui.InvokeLaterDispatcher$Future.run(InvokeLaterDispatcher.java:96)
E: javafx.graphics/com.sun.glass.ui.win.WinApplication._runLoop(Native Method)
E: javafx.graphics/com.sun.glass.ui.win.WinApplication.lambda$runLoop$3(WinApplication.java:174)
E: java.base/java.lang.Thread.run(Thread.java:830)

14:39:51.517 [JavaFX Application Thread] FATAL GameApplication      - Application will now exit
14:39:51.517 [JavaFX Application Thread] DEBUG GameApplication      - Exiting FXGL
14:39:51.517 [JavaFX Application Thread] DEBUG GameApplication      - Shutting down background threads
14:39:51.517 [JavaFX Application Thread] DEBUG GameApplication      - Closing logger and exiting JavaFX
