23:36:36.217 [main                     ] DEBUG GameApplication      - Logger initialized
23:36:36.230 [main                     ] DEBUG GameApplication      - Logging settings
Title: FriendMaker2077
Version: 0.1
Width: 640
Height: 640
Fullscreen: false
Intro: false
Menus: false
Profiling: false
Single step:false
App Mode: DEVELOPER
Menu Key: ESCAPE
Stage Style: DECORATED
Scene Factory: class ui.MenuFactory

23:36:36.526 [JavaFX Application Thread] DEBUG GameApplication      - Initializing FXGL
23:36:36.531 [JavaFX Application Thread] INFO  Engine               - FXGL-11.8 (08.03.2020 09.25) on WINDOWS (J:13.0.2 FX:13.0.2)
23:36:36.531 [JavaFX Application Thread] INFO  Engine               - Source code and latest versions at: https://github.com/AlmasB/FXGL
23:36:36.531 [JavaFX Application Thread] INFO  Engine               -              Join the FXGL chat at: https://gitter.im/AlmasB/FXGL
23:36:36.605 [JavaFX Application Thread] DEBUG MainWindow           - Creating a JavaFX scene
23:36:36.637 [JavaFX Application Thread] DEBUG MainWindow           - Target settings size: 640.0 x 640.0
23:36:36.637 [JavaFX Application Thread] DEBUG MainWindow           - Scaled scene size:    640.0 x 640.0
23:36:36.637 [JavaFX Application Thread] DEBUG MainWindow           - Scaled ratio: (1.0, 1.0)
23:36:36.638 [JavaFX Application Thread] DEBUG MainWindow           - Set initial scene to FXGLStartupScene
23:36:36.642 [JavaFX Application Thread] DEBUG MainWindow           - Opening main window
23:36:36.710 [JavaFX Application Thread] DEBUG MainWindow           - Window border size: (16.0, 39.0)
23:36:36.710 [JavaFX Application Thread] DEBUG MainWindow           - Scaled size: 640.0 x 640.0
23:36:36.710 [JavaFX Application Thread] DEBUG MainWindow           - Scaled ratio: (1.0, 1.0)
23:36:36.711 [JavaFX Application Thread] DEBUG MainWindow           - Scene size: 640.0 x 640.0
23:36:36.711 [JavaFX Application Thread] DEBUG MainWindow           - Stage size: 656.0 x 679.0
23:36:36.716 [FXGL Background Thread 1 ] DEBUG Engine               - Initializing environment variables
23:36:36.738 [FXGL Background Thread 1 ] DEBUG WindowService        - Applying CSS: fxgl_dark.css
23:36:36.739 [FXGL Background Thread 1 ] DEBUG AssetLoaderService   - Loading from file system: /assets/ui/css/fxgl_dark.css
23:36:36.771 [FXGL Background Thread 1 ] DEBUG WindowService        - Initializing application scenes
23:36:36.798 [FXGL Background Thread 1 ] DEBUG GameWorld            - Game world initialized
23:36:36.822 [FXGL Background Thread 1 ] DEBUG PhysicsWorld         - Physics world initialized: appHeight=640, physics.ppm=50.0
23:36:36.824 [FXGL Background Thread 1 ] DEBUG GameScene            - Game scene initialized: 640x640
23:36:36.830 [FXGL Background Thread 1 ] DEBUG Input                - Registered new binding: Resume - Esc
23:36:36.839 [FXGL Background Thread 1 ] DEBUG Input                - Registered new binding: Pause - Esc
23:36:36.839 [FXGL Background Thread 1 ] DEBUG WindowService        - Application scenes initialized
23:36:36.847 [FXGL Background Thread 1 ] DEBUG SystemBundleService  - Loading FXGL system data
23:36:36.850 [FXGL Background Thread 1 ] DEBUG FileSystemAccess     - Reading from: C:\Users\Adam Cunard\git\FriendMaker2077-07-03\Project\system\fxgl.bundle
23:36:36.856 [FXGL Background Thread 1 ] DEBUG SystemBundleService  - Bundle FXGL: {}
23:36:36.856 [FXGL Background Thread 1 ] INFO  Engine               - FXGL initialization took: 0.138 sec
23:36:36.857 [FXGL Background Thread 1 ] DEBUG GameApplication      - Loading localizations
23:36:36.858 [FXGL Background Thread 1 ] DEBUG AssetLoaderService   - Loading from file system: /assets/properties/languages/english.properties
23:36:36.859 [FXGL Background Thread 1 ] DEBUG AssetLoaderService   - Loading from file system: /assets/properties/languages/french.properties
23:36:36.860 [FXGL Background Thread 1 ] DEBUG AssetLoaderService   - Loading from file system: /assets/properties/languages/german.properties
23:36:36.861 [FXGL Background Thread 1 ] DEBUG AssetLoaderService   - Loading from file system: /assets/properties/languages/hungarian.properties
23:36:36.862 [FXGL Background Thread 1 ] DEBUG AssetLoaderService   - Loading from file system: /assets/properties/languages/russian.properties
23:36:36.863 [FXGL Background Thread 1 ] DEBUG GameApplication      - Registering font factories with UI factory
23:36:36.863 [FXGL Background Thread 1 ] DEBUG AssetLoaderService   - Loading from file system: /assets/ui/fonts/VarelaRound-Regular.ttf
23:36:37.029 [FXGL Background Thread 1 ] DEBUG AssetLoaderService   - Loading from file system: /assets/ui/fonts/Abel-Regular.ttf
23:36:37.035 [FXGL Background Thread 1 ] DEBUG AssetLoaderService   - Loading from file system: /assets/ui/fonts/lucida_console.ttf
23:36:37.043 [FXGL Background Thread 1 ] DEBUG AssetLoaderService   - Loading from file system: /assets/ui/fonts/Courier-Prime.ttf
23:36:37.052 [JavaFX Application Thread] DEBUG Input                - Registered new binding: Move Right - D
23:36:37.052 [JavaFX Application Thread] DEBUG Input                - Registered new binding: Move Left - A
23:36:37.052 [JavaFX Application Thread] DEBUG Input                - Registered new binding: Move Up - W
23:36:37.052 [JavaFX Application Thread] DEBUG Input                - Registered new binding: Move Down - S
23:36:37.052 [JavaFX Application Thread] DEBUG Input                - Registered new binding: Play Sound - F
23:36:37.052 [JavaFX Application Thread] DEBUG AssetLoaderService   - Loading from file system: /assets/textures/fxgl_icon.png
23:36:37.078 [JavaFX Application Thread] DEBUG AssetLoaderService   - Loading from file system: /assets/ui/cursors/fxgl_default.png
23:36:37.080 [JavaFX Application Thread] DEBUG Input                - Registered new binding: Screenshot - P
23:36:37.080 [JavaFX Application Thread] DEBUG Input                - Registered new binding: System info dump - CTRL+9
23:36:37.081 [JavaFX Application Thread] DEBUG Input                - Registered new binding: Restart - CTRL+R
23:36:37.081 [JavaFX Application Thread] DEBUG LoopRunner           - Starting loop
23:36:37.092 [JavaFX Application Thread] DEBUG FXGLStartupScene     - STARTUP
23:36:37.092 [JavaFX Application Thread] DEBUG WindowService        - Starting new game
23:36:37.094 [JavaFX Application Thread] DEBUG Input                - Clearing active input actions
23:36:37.101 [JavaFX Application Thread] DEBUG WindowService        - Removing overlay from FXGLStartupScene and adding to FXGLLoadingScene
23:36:37.101 [JavaFX Application Thread] DEBUG MainWindow           - FXGLStartupScene -> FXGLLoadingScene
23:36:37.102 [JavaFX Application Thread] DEBUG WindowService        - Clearing previous game
23:36:37.102 [JavaFX Application Thread] DEBUG GameScene            - Clearing game scene
23:36:37.102 [JavaFX Application Thread] DEBUG GameWorld            - Clearing game world
23:36:37.102 [JavaFX Application Thread] DEBUG PhysicsWorld         - Clearing physics world
23:36:37.103 [FXGL Background Thread 1 ] DEBUG GameApplication      - Initializing game
23:36:37.108 [FXGL Background Thread 1 ] DEBUG AssetLoaderService   - Loading from file system: /assets/music/soundtrack.wav
23:36:37.210 [FXGL Background Thread 1 ] DEBUG AudioPlayer          - Playing music com.almasb.fxgl.audio.Music@58f12d59
23:36:37.214 [FXGL Background Thread 1 ] DEBUG AssetLoaderService   - Loading from file system: /assets/textures/Room.png
23:36:37.234 [FXGL Background Thread 1 ] DEBUG AssetLoaderService   - Loading from cache: /assets/textures/Room.png
23:36:37.235 [FXGL Background Thread 1 ] DEBUG AssetLoaderService   - Loading from file system: /assets/textures/EmptyMap.png
23:36:37.359 [FXGL Background Thread 1 ] DEBUG AssetLoaderService   - Loading from file system: /assets/textures/player.png
23:36:37.360 [FXGL Background Thread 1 ] DEBUG AssetLoaderService   - Loading from cache: /assets/textures/player.png
23:36:37.360 [FXGL Background Thread 1 ] DEBUG AssetLoaderService   - Loading from cache: /assets/textures/player.png
23:36:37.360 [FXGL Background Thread 1 ] DEBUG AssetLoaderService   - Loading from cache: /assets/textures/player.png
23:36:37.361 [FXGL Background Thread 1 ] DEBUG AssetLoaderService   - Loading from cache: /assets/textures/player.png
23:36:37.361 [FXGL Background Thread 1 ] DEBUG AssetLoaderService   - Loading from cache: /assets/textures/player.png
23:36:37.361 [FXGL Background Thread 1 ] DEBUG AssetLoaderService   - Loading from file system: /assets/textures/bbox.png
23:36:37.366 [FXGL Background Thread 1 ] DEBUG AssetLoaderService   - Loading from file system: /assets/textures/froggysprite.png
23:36:37.366 [FXGL Background Thread 1 ] DEBUG AssetLoaderService   - Loading from cache: /assets/textures/froggysprite.png
23:36:37.367 [FXGL Background Thread 1 ] DEBUG AssetLoaderService   - Loading from cache: /assets/textures/froggysprite.png
23:36:37.367 [FXGL Background Thread 1 ] DEBUG AssetLoaderService   - Loading from cache: /assets/textures/bbox.png
23:36:37.368 [FXGL Background Thread 1 ] DEBUG AssetLoaderService   - Loading from file system: /assets/textures/bush.png
23:36:37.369 [FXGL Background Thread 1 ] DEBUG AssetLoaderService   - Loading from cache: /assets/textures/bush.png
23:36:37.369 [FXGL Background Thread 1 ] DEBUG AssetLoaderService   - Loading from file system: /assets/textures/rock.png
23:36:37.370 [FXGL Background Thread 1 ] DEBUG AssetLoaderService   - Loading from cache: /assets/textures/rock.png
23:36:37.371 [FXGL Background Thread 1 ] DEBUG AssetLoaderService   - Loading from file system: /assets/textures/tree.png
23:36:37.372 [FXGL Background Thread 1 ] DEBUG AssetLoaderService   - Loading from cache: /assets/textures/bush.png
23:36:37.372 [FXGL Background Thread 1 ] DEBUG AssetLoaderService   - Loading from cache: /assets/textures/tree.png
23:36:37.372 [FXGL Background Thread 1 ] DEBUG AssetLoaderService   - Loading from cache: /assets/textures/bush.png
23:36:37.373 [FXGL Background Thread 1 ] DEBUG AssetLoaderService   - Loading from file system: /assets/textures/appletree.png
23:36:37.374 [FXGL Background Thread 1 ] DEBUG AssetLoaderService   - Loading from cache: /assets/textures/bush.png
23:36:37.375 [FXGL Background Thread 1 ] DEBUG AssetLoaderService   - Loading from cache: /assets/textures/tree.png
23:36:37.375 [FXGL Background Thread 1 ] DEBUG AssetLoaderService   - Loading from cache: /assets/textures/bush.png
23:36:37.376 [FXGL Background Thread 1 ] DEBUG AssetLoaderService   - Loading from cache: /assets/textures/appletree.png
23:36:37.376 [FXGL Background Thread 1 ] DEBUG AssetLoaderService   - Loading from cache: /assets/textures/bush.png
23:36:37.376 [FXGL Background Thread 1 ] DEBUG AssetLoaderService   - Loading from cache: /assets/textures/appletree.png
23:36:37.377 [FXGL Background Thread 1 ] DEBUG AssetLoaderService   - Loading from cache: /assets/textures/bush.png
23:36:37.377 [FXGL Background Thread 1 ] DEBUG AssetLoaderService   - Loading from cache: /assets/textures/tree.png
23:36:37.378 [FXGL Background Thread 1 ] DEBUG AssetLoaderService   - Loading from cache: /assets/textures/bush.png
23:36:37.379 [FXGL Background Thread 1 ] DEBUG AssetLoaderService   - Loading from cache: /assets/textures/tree.png
23:36:37.380 [FXGL Background Thread 1 ] DEBUG AssetLoaderService   - Loading from cache: /assets/textures/bush.png
23:36:37.380 [FXGL Background Thread 1 ] DEBUG AssetLoaderService   - Loading from cache: /assets/textures/tree.png
23:36:37.381 [FXGL Background Thread 1 ] DEBUG AssetLoaderService   - Loading from cache: /assets/textures/bush.png
23:36:37.381 [FXGL Background Thread 1 ] DEBUG AssetLoaderService   - Loading from cache: /assets/textures/bush.png
23:36:37.382 [FXGL Background Thread 1 ] DEBUG AssetLoaderService   - Loading from cache: /assets/textures/tree.png
23:36:37.382 [FXGL Background Thread 1 ] DEBUG AssetLoaderService   - Loading from cache: /assets/textures/tree.png
23:36:37.383 [FXGL Background Thread 1 ] DEBUG AssetLoaderService   - Loading from cache: /assets/textures/tree.png
23:36:37.384 [FXGL Background Thread 1 ] DEBUG AssetLoaderService   - Loading from cache: /assets/textures/bush.png
23:36:37.384 [FXGL Background Thread 1 ] DEBUG AssetLoaderService   - Loading from cache: /assets/textures/tree.png
23:36:37.385 [FXGL Background Thread 1 ] DEBUG AssetLoaderService   - Loading from cache: /assets/textures/bush.png
23:36:37.386 [FXGL Background Thread 1 ] DEBUG AssetLoaderService   - Loading from cache: /assets/textures/appletree.png
23:36:37.386 [FXGL Background Thread 1 ] DEBUG AssetLoaderService   - Loading from cache: /assets/textures/bush.png
23:36:37.387 [FXGL Background Thread 1 ] DEBUG AssetLoaderService   - Loading from cache: /assets/textures/tree.png
23:36:37.387 [FXGL Background Thread 1 ] DEBUG AssetLoaderService   - Loading from cache: /assets/textures/bush.png
23:36:37.388 [FXGL Background Thread 1 ] DEBUG AssetLoaderService   - Loading from cache: /assets/textures/appletree.png
23:36:37.388 [FXGL Background Thread 1 ] DEBUG AssetLoaderService   - Loading from cache: /assets/textures/bush.png
23:36:37.389 [FXGL Background Thread 1 ] DEBUG AssetLoaderService   - Loading from cache: /assets/textures/appletree.png
23:36:37.389 [FXGL Background Thread 1 ] DEBUG AssetLoaderService   - Loading from cache: /assets/textures/appletree.png
23:36:37.390 [FXGL Background Thread 1 ] DEBUG AssetLoaderService   - Loading from cache: /assets/textures/appletree.png
23:36:37.390 [FXGL Background Thread 1 ] DEBUG AssetLoaderService   - Loading from cache: /assets/textures/appletree.png
23:36:37.390 [FXGL Background Thread 1 ] DEBUG AssetLoaderService   - Loading from cache: /assets/textures/appletree.png
23:36:37.391 [FXGL Background Thread 1 ] DEBUG AssetLoaderService   - Loading from cache: /assets/textures/tree.png
23:36:37.391 [FXGL Background Thread 1 ] DEBUG AssetLoaderService   - Loading from cache: /assets/textures/tree.png
23:36:37.391 [FXGL Background Thread 1 ] DEBUG AssetLoaderService   - Loading from cache: /assets/textures/appletree.png
23:36:37.392 [FXGL Background Thread 1 ] DEBUG AssetLoaderService   - Loading from cache: /assets/textures/bush.png
23:36:37.392 [FXGL Background Thread 1 ] DEBUG AssetLoaderService   - Loading from cache: /assets/textures/appletree.png
23:36:37.393 [FXGL Background Thread 1 ] DEBUG AssetLoaderService   - Loading from cache: /assets/textures/bush.png
23:36:37.393 [FXGL Background Thread 1 ] DEBUG AssetLoaderService   - Loading from cache: /assets/textures/rock.png
23:36:37.394 [FXGL Background Thread 1 ] DEBUG AssetLoaderService   - Loading from cache: /assets/textures/tree.png
23:36:37.394 [FXGL Background Thread 1 ] DEBUG AssetLoaderService   - Loading from cache: /assets/textures/rock.png
23:36:37.395 [FXGL Background Thread 1 ] DEBUG AssetLoaderService   - Loading from cache: /assets/textures/appletree.png
23:36:37.396 [FXGL Background Thread 1 ] DEBUG AssetLoaderService   - Loading from cache: /assets/textures/appletree.png
23:36:37.397 [FXGL Background Thread 1 ] DEBUG AssetLoaderService   - Loading from file system: /assets/textures/lighthouse.png
23:36:37.399 [FXGL Background Thread 1 ] DEBUG AssetLoaderService   - Loading from file system: /assets/textures/greenhouse.png
23:36:37.400 [FXGL Background Thread 1 ] DEBUG AssetLoaderService   - Loading from file system: /assets/textures/bluehouse.png
23:36:37.401 [FXGL Background Thread 1 ] DEBUG AssetLoaderService   - Loading from file system: /assets/textures/redhouse.png
23:36:37.402 [FXGL Background Thread 1 ] DEBUG AssetLoaderService   - Loading from cache: /assets/textures/redhouse.png
23:36:37.402 [FXGL Background Thread 1 ] DEBUG AssetLoaderService   - Loading from cache: /assets/textures/bluehouse.png
23:36:37.403 [FXGL Background Thread 1 ] DEBUG AssetLoaderService   - Loading from cache: /assets/textures/bluehouse.png
23:36:37.403 [FXGL Background Thread 1 ] DEBUG AssetLoaderService   - Loading from cache: /assets/textures/redhouse.png
23:36:37.403 [FXGL Background Thread 1 ] DEBUG AssetLoaderService   - Loading from cache: /assets/textures/bluehouse.png
23:36:37.404 [FXGL Background Thread 1 ] DEBUG AssetLoaderService   - Loading from cache: /assets/textures/redhouse.png
23:36:37.404 [FXGL Background Thread 1 ] DEBUG AssetLoaderService   - Loading from cache: /assets/textures/lighthouse.png
23:36:37.405 [FXGL Background Thread 1 ] DEBUG AssetLoaderService   - Loading from cache: /assets/textures/greenhouse.png
23:36:37.405 [FXGL Background Thread 1 ] INFO  GameApplication      - Game initialization took: 0.302 sec
23:36:37.406 [JavaFX Application Thread] DEBUG Input                - Clearing active input actions
23:36:37.427 [JavaFX Application Thread] DEBUG WindowService        - Removing overlay from FXGLLoadingScene and adding to GameScene
23:36:37.428 [JavaFX Application Thread] DEBUG MainWindow           - FXGLLoadingScene -> GameScene
23:36:38.817 [JavaFX Application Thread] DEBUG MainWindow           - Push state: CustomPauseMenu
23:36:38.818 [JavaFX Application Thread] DEBUG Input                - Clearing active input actions
23:36:38.820 [JavaFX Application Thread] DEBUG WindowService        - Removing overlay from GameScene and adding to CustomPauseMenu
23:36:38.820 [JavaFX Application Thread] DEBUG MainWindow           - GameScene -> CustomPauseMenu
23:36:39.859 [FXGL Background Thread 2 ] DEBUG Engine               - Logging environment variables
23:36:39.859 [FXGL Background Thread 2 ] DEBUG Engine               - achievements: []
23:36:39.859 [FXGL Background Thread 2 ] DEBUG Engine               - language: ObjectProperty [value: ENGLISH]
23:36:39.859 [FXGL Background Thread 2 ] DEBUG Engine               - isCloseConfirmation: false
23:36:39.859 [FXGL Background Thread 2 ] DEBUG Engine               - isProfilingEnabled: false
23:36:39.859 [FXGL Background Thread 2 ] DEBUG Engine               - soundNotification: core/notification.wav
23:36:39.859 [FXGL Background Thread 2 ] DEBUG Engine               - devShowBBoxProperty: BooleanProperty [value: false]
23:36:39.859 [FXGL Background Thread 2 ] DEBUG Engine               - pixelsPerMeter: 50.0
23:36:39.859 [FXGL Background Thread 2 ] DEBUG Engine               - appIcon: fxgl_icon.png
23:36:39.859 [FXGL Background Thread 2 ] DEBUG Engine               - soundMenuBack: menu/back.wav
23:36:39.859 [FXGL Background Thread 2 ] DEBUG Engine               - isFullScreenAllowed: false
23:36:39.860 [FXGL Background Thread 2 ] DEBUG Engine               - isIntroEnabled: false
23:36:39.860 [FXGL Background Thread 2 ] DEBUG Engine               - fontMono: lucida_console.ttf
23:36:39.860 [FXGL Background Thread 2 ] DEBUG Engine               - soundMenuSelect: menu/select.wav
23:36:39.860 [FXGL Background Thread 2 ] DEBUG Engine               - isWindows: true
23:36:39.860 [FXGL Background Thread 2 ] DEBUG Engine               - isMobile: false
23:36:39.860 [FXGL Background Thread 2 ] DEBUG Engine               - isUserProfileEnabled: false
23:36:39.860 [FXGL Background Thread 2 ] DEBUG Engine               - height: 640
23:36:39.860 [FXGL Background Thread 2 ] DEBUG Engine               - isExperimentalNative: false
23:36:39.860 [FXGL Background Thread 2 ] DEBUG Engine               - settings: Title: FriendMaker2077
Version: 0.1
Width: 640
Height: 640
Fullscreen: false
Intro: false
Menus: false
Profiling: false
Single step:false
App Mode: DEVELOPER
Menu Key: ESCAPE
Stage Style: DECORATED
Scene Factory: class ui.MenuFactory

23:36:39.860 [FXGL Background Thread 2 ] DEBUG Engine               - isSingleStep: false
23:36:39.860 [FXGL Background Thread 2 ] DEBUG Engine               - cSSList: [fxgl_dark.css]
23:36:39.860 [FXGL Background Thread 2 ] DEBUG Engine               - fontGame: Abel-Regular.ttf
23:36:39.860 [FXGL Background Thread 2 ] DEBUG Engine               - menuKey: ESCAPE
23:36:39.860 [FXGL Background Thread 2 ] DEBUG Engine               - devShowPositionProperty: BooleanProperty [value: false]
23:36:39.860 [FXGL Background Thread 2 ] DEBUG Engine               - versionCheckDays: 7
23:36:39.861 [FXGL Background Thread 2 ] DEBUG Engine               - configClass: Optional.empty
23:36:39.861 [FXGL Background Thread 2 ] DEBUG Engine               - isFullScreenFromStart: false
23:36:39.861 [FXGL Background Thread 2 ] DEBUG Engine               - version: 0.1
23:36:39.861 [FXGL Background Thread 2 ] DEBUG Engine               - fullScreen: BooleanProperty [value: false]
23:36:39.861 [FXGL Background Thread 2 ] DEBUG Engine               - randomSeed: -1
23:36:39.861 [FXGL Background Thread 2 ] DEBUG Engine               - gameDifficultyProperty: ObjectProperty [value: MEDIUM]
23:36:39.861 [FXGL Background Thread 2 ] DEBUG Engine               - applicationMode: DEVELOPER
23:36:39.861 [FXGL Background Thread 2 ] DEBUG Engine               - isMac: false
23:36:39.861 [FXGL Background Thread 2 ] DEBUG Engine               - isMenuEnabled: false
23:36:39.861 [FXGL Background Thread 2 ] DEBUG Engine               - profileName: StringProperty [value: DEFAULT]
23:36:39.861 [FXGL Background Thread 2 ] DEBUG Engine               - urlPOM: https://raw.githubusercontent.com/AlmasB/FXGL/master/pom.xml
23:36:39.861 [FXGL Background Thread 2 ] DEBUG Engine               - notificationViewClass: class com.almasb.fxgl.notification.view.XboxNotificationView
23:36:39.862 [FXGL Background Thread 2 ] DEBUG Engine               - devSensorColorProperty: ObjectProperty [value: 0xffff00ff]
23:36:39.862 [FXGL Background Thread 2 ] DEBUG Engine               - sceneFactory: ui.MenuFactory@7d37667a
23:36:39.862 [FXGL Background Thread 2 ] DEBUG Engine               - stageStyle: DECORATED
23:36:39.862 [FXGL Background Thread 2 ] DEBUG Engine               - isManualResizeEnabled: false
23:36:39.862 [FXGL Background Thread 2 ] DEBUG Engine               - title: FriendMaker2077
23:36:39.862 [FXGL Background Thread 2 ] DEBUG Engine               - platform: WINDOWS
23:36:39.862 [FXGL Background Thread 2 ] DEBUG Engine               - devBBoxColorProperty: ObjectProperty [value: 0xff0000ff]
23:36:39.862 [FXGL Background Thread 2 ] DEBUG Engine               - gameDifficulty: MEDIUM
23:36:39.862 [FXGL Background Thread 2 ] DEBUG Engine               - isDesktop: true
23:36:39.862 [FXGL Background Thread 2 ] DEBUG Engine               - supportedLanguages: [ENGLISH, FRENCH, GERMAN, HUNGARIAN, RUSSIAN]
23:36:39.862 [FXGL Background Thread 2 ] DEBUG Engine               - globalMusicVolumeProperty: DoubleProperty [value: 0.5]
23:36:39.862 [FXGL Background Thread 2 ] DEBUG Engine               - credits: []
23:36:39.862 [FXGL Background Thread 2 ] DEBUG Engine               - isPreserveResizeRatio: false
23:36:39.862 [FXGL Background Thread 2 ] DEBUG Engine               - fontText: Courier-Prime.ttf
23:36:39.862 [FXGL Background Thread 2 ] DEBUG Engine               - isExperimentalTiledLargeMap: false
23:36:39.862 [FXGL Background Thread 2 ] DEBUG Engine               - secondsIn24h: 60
23:36:39.863 [FXGL Background Thread 2 ] DEBUG Engine               - runtimeInfo: RuntimeInfo(platform=WINDOWS, version=11.8, build=08.03.2020 09.25)
23:36:39.863 [FXGL Background Thread 2 ] DEBUG Engine               - isLinux: false
23:36:39.863 [FXGL Background Thread 2 ] DEBUG Engine               - soundMenuPress: menu/press.wav
23:36:39.863 [FXGL Background Thread 2 ] DEBUG Engine               - urlGithub: https://github.com/AlmasB/FXGL
23:36:39.863 [FXGL Background Thread 2 ] DEBUG Engine               - profileDir: profiles/
23:36:39.863 [FXGL Background Thread 2 ] DEBUG Engine               - globalSoundVolumeProperty: DoubleProperty [value: 0.5]
23:36:39.863 [FXGL Background Thread 2 ] DEBUG Engine               - isDeveloperMenuEnabled: false
23:36:39.863 [FXGL Background Thread 2 ] DEBUG Engine               - mainWindow: com.almasb.fxgl.app.MainWindow@7908ed04
23:36:39.863 [FXGL Background Thread 2 ] DEBUG Engine               - isBrowser: false
23:36:39.863 [FXGL Background Thread 2 ] DEBUG Engine               - globalSoundVolume: 0.5
23:36:39.863 [FXGL Background Thread 2 ] DEBUG Engine               - urlLeaderboard: http://fxgl-top.herokuapp.com/
23:36:39.863 [FXGL Background Thread 2 ] DEBUG Engine               - engineServices: [class com.almasb.fxgl.app.GameApplication$GameApplicationService, class com.almasb.fxgl.app.services.WindowService, class com.almasb.fxgl.app.services.FXGLDialogService, class com.almasb.fxgl.app.services.IOTaskExecutorService, class com.almasb.fxgl.event.EventBusService, class com.almasb.fxgl.io.FileSystemService, class com.almasb.fxgl.localization.LocalizationService, class com.almasb.fxgl.app.services.AssetLoaderService, class com.almasb.fxgl.app.services.SystemBundleService, class com.almasb.fxgl.profile.SaveLoadService, class com.almasb.fxgl.ui.FXGLUIFactoryServiceProvider, class com.almasb.fxgl.ui.FXGLDialogFactoryServiceProvider, class com.almasb.fxgl.audio.AudioPlayer, class com.almasb.fxgl.notification.impl.NotificationServiceProvider, class com.almasb.fxgl.achievement.AchievementService, class com.almasb.fxgl.cutscene.CutsceneService, class com.almasb.fxgl.minigames.MiniGameService, class com.almasb.fxgl.net.NetService, class com.almasb.fxgl.app.services.UpdaterService]
23:36:39.863 [FXGL Background Thread 2 ] DEBUG Engine               - globalMusicVolume: 0.5
23:36:39.863 [FXGL Background Thread 2 ] DEBUG Engine               - width: 640
23:36:39.863 [FXGL Background Thread 2 ] DEBUG Engine               - saveFileExt: sav
23:36:39.863 [FXGL Background Thread 2 ] DEBUG Engine               - isAndroid: false
23:36:39.863 [FXGL Background Thread 2 ] DEBUG Engine               - fontUI: VarelaRound-Regular.ttf
23:36:39.864 [FXGL Background Thread 2 ] DEBUG Engine               - enabledMenuItems: [SAVE_LOAD, EXTRA, ONLINE]
23:36:39.864 [FXGL Background Thread 2 ] DEBUG Engine               - isIOS: false
23:36:39.864 [FXGL Background Thread 2 ] DEBUG Engine               - Logging services
23:36:39.864 [FXGL Background Thread 2 ] DEBUG Engine               - class com.almasb.fxgl.app.GameApplication$GameApplicationService
23:36:39.864 [FXGL Background Thread 2 ] DEBUG Engine               - class com.almasb.fxgl.app.services.WindowService
23:36:39.864 [FXGL Background Thread 2 ] DEBUG Engine               - class com.almasb.fxgl.app.services.FXGLDialogService
23:36:39.864 [FXGL Background Thread 2 ] DEBUG Engine               - class com.almasb.fxgl.app.services.IOTaskExecutorService
23:36:39.864 [FXGL Background Thread 2 ] DEBUG Engine               - class com.almasb.fxgl.event.EventBusService
23:36:39.864 [FXGL Background Thread 2 ] DEBUG Engine               - class com.almasb.fxgl.io.FileSystemService
23:36:39.864 [FXGL Background Thread 2 ] DEBUG Engine               - class com.almasb.fxgl.localization.LocalizationService
23:36:39.864 [FXGL Background Thread 2 ] DEBUG Engine               - class com.almasb.fxgl.app.services.AssetLoaderService
23:36:39.864 [FXGL Background Thread 2 ] DEBUG Engine               - class com.almasb.fxgl.app.services.SystemBundleService
23:36:39.864 [FXGL Background Thread 2 ] DEBUG Engine               - class com.almasb.fxgl.profile.SaveLoadService
23:36:39.864 [FXGL Background Thread 2 ] DEBUG Engine               - class com.almasb.fxgl.ui.FXGLUIFactoryServiceProvider
23:36:39.864 [FXGL Background Thread 2 ] DEBUG Engine               - class com.almasb.fxgl.ui.FXGLDialogFactoryServiceProvider
23:36:39.864 [FXGL Background Thread 2 ] DEBUG Engine               - class com.almasb.fxgl.audio.AudioPlayer
23:36:39.864 [FXGL Background Thread 2 ] DEBUG Engine               - class com.almasb.fxgl.notification.impl.NotificationServiceProvider
23:36:39.865 [FXGL Background Thread 2 ] DEBUG Engine               - class com.almasb.fxgl.achievement.AchievementService
23:36:39.865 [FXGL Background Thread 2 ] DEBUG Engine               - class com.almasb.fxgl.cutscene.CutsceneService
23:36:39.865 [FXGL Background Thread 2 ] DEBUG Engine               - class com.almasb.fxgl.minigames.MiniGameService
23:36:39.865 [FXGL Background Thread 2 ] DEBUG Engine               - class com.almasb.fxgl.net.NetService
23:36:39.865 [FXGL Background Thread 2 ] DEBUG Engine               - class com.almasb.fxgl.app.services.UpdaterService
23:36:40.337 [JavaFX Application Thread] DEBUG MainWindow           - Pop state: CustomPauseMenu
23:36:40.337 [JavaFX Application Thread] DEBUG Input                - Clearing active input actions
23:36:40.337 [JavaFX Application Thread] DEBUG WindowService        - Removing overlay from CustomPauseMenu and adding to GameScene
23:36:40.337 [JavaFX Application Thread] DEBUG MainWindow           - GameScene <- CustomPauseMenu
23:36:46.657 [JavaFX Application Thread] DEBUG AssetLoaderService   - Loading from file system: /assets/sounds/bump.wav
23:36:46.689 [JavaFX Application Thread] DEBUG AssetLoaderService   - Loading from cache: /assets/sounds/bump.wav
23:36:46.737 [JavaFX Application Thread] DEBUG AssetLoaderService   - Loading from cache: /assets/sounds/bump.wav
23:36:46.769 [JavaFX Application Thread] DEBUG AssetLoaderService   - Loading from cache: /assets/sounds/bump.wav
23:36:49.089 [JavaFX Application Thread] DEBUG AssetLoaderService   - Loading from cache: /assets/sounds/bump.wav
23:36:54.865 [JavaFX Application Thread] DEBUG AssetLoaderService   - Loading from cache: /assets/sounds/bump.wav
23:36:54.897 [JavaFX Application Thread] DEBUG AssetLoaderService   - Loading from cache: /assets/sounds/bump.wav
23:36:54.945 [JavaFX Application Thread] DEBUG AssetLoaderService   - Loading from cache: /assets/sounds/bump.wav
23:36:54.993 [JavaFX Application Thread] DEBUG AssetLoaderService   - Loading from cache: /assets/sounds/bump.wav
23:36:55.025 [JavaFX Application Thread] DEBUG AssetLoaderService   - Loading from cache: /assets/sounds/bump.wav
23:36:55.057 [JavaFX Application Thread] DEBUG AssetLoaderService   - Loading from cache: /assets/sounds/bump.wav
23:36:55.089 [JavaFX Application Thread] DEBUG AssetLoaderService   - Loading from cache: /assets/sounds/bump.wav
23:36:55.121 [JavaFX Application Thread] DEBUG AssetLoaderService   - Loading from cache: /assets/sounds/bump.wav
23:36:55.153 [JavaFX Application Thread] DEBUG AssetLoaderService   - Loading from cache: /assets/sounds/bump.wav
23:36:55.185 [JavaFX Application Thread] DEBUG AssetLoaderService   - Loading from cache: /assets/sounds/bump.wav
23:36:56.018 [JavaFX Application Thread] DEBUG AssetLoaderService   - Loading from cache: /assets/sounds/bump.wav
23:36:56.049 [JavaFX Application Thread] DEBUG AssetLoaderService   - Loading from cache: /assets/sounds/bump.wav
23:36:56.081 [JavaFX Application Thread] DEBUG AssetLoaderService   - Loading from cache: /assets/sounds/bump.wav
23:36:56.113 [JavaFX Application Thread] DEBUG AssetLoaderService   - Loading from cache: /assets/sounds/bump.wav
23:36:56.177 [JavaFX Application Thread] DEBUG AssetLoaderService   - Loading from cache: /assets/sounds/bump.wav
23:36:56.209 [JavaFX Application Thread] DEBUG AssetLoaderService   - Loading from cache: /assets/sounds/bump.wav
23:36:56.241 [JavaFX Application Thread] DEBUG AssetLoaderService   - Loading from cache: /assets/sounds/bump.wav
23:36:56.273 [JavaFX Application Thread] DEBUG AssetLoaderService   - Loading from cache: /assets/sounds/bump.wav
23:36:57.297 [JavaFX Application Thread] DEBUG AssetLoaderService   - Loading from cache: /assets/sounds/bump.wav
23:36:57.329 [JavaFX Application Thread] DEBUG AssetLoaderService   - Loading from cache: /assets/sounds/bump.wav
23:37:00.353 [JavaFX Application Thread] DEBUG AssetLoaderService   - Loading from file system: /assets/sounds/move.wav
23:37:00.362 [JavaFX Application Thread] DEBUG Input                - Registered new binding: Next RPG Line - Enter
23:37:00.363 [JavaFX Application Thread] DEBUG MainWindow           - Push state: CutsceneScene
23:37:00.363 [JavaFX Application Thread] DEBUG Input                - Clearing active input actions
23:37:00.364 [JavaFX Application Thread] DEBUG WindowService        - Removing overlay from GameScene and adding to CutsceneScene
23:37:00.364 [JavaFX Application Thread] DEBUG MainWindow           - GameScene -> CutsceneScene
23:37:00.364 [JavaFX Application Thread] DEBUG AssetLoaderService   - Loading from file system: /assets/textures/battleMap.png
23:37:04.129 [JavaFX Application Thread] DEBUG MainWindow           - Pop state: CutsceneScene
23:37:04.129 [JavaFX Application Thread] DEBUG Input                - Clearing active input actions
23:37:04.129 [JavaFX Application Thread] DEBUG WindowService        - Removing overlay from CutsceneScene and adding to GameScene
23:37:04.130 [JavaFX Application Thread] DEBUG MainWindow           - GameScene <- CutsceneScene
23:38:01.284 [JavaFX Application Thread] DEBUG MainWindow           - Push state: CutsceneScene
23:38:01.284 [JavaFX Application Thread] DEBUG Input                - Clearing active input actions
23:38:01.285 [JavaFX Application Thread] DEBUG WindowService        - Removing overlay from GameScene and adding to CutsceneScene
23:38:01.285 [JavaFX Application Thread] DEBUG MainWindow           - GameScene -> CutsceneScene
23:38:09.041 [JavaFX Application Thread] DEBUG MainWindow           - Pop state: CutsceneScene
23:38:09.041 [JavaFX Application Thread] DEBUG Input                - Clearing active input actions
23:38:09.041 [JavaFX Application Thread] DEBUG WindowService        - Removing overlay from CutsceneScene and adding to GameScene
23:38:09.041 [JavaFX Application Thread] DEBUG MainWindow           - GameScene <- CutsceneScene
23:38:09.083 [JavaFX Application Thread] DEBUG MainWindow           - Push state: CustomPauseMenu
23:38:09.084 [JavaFX Application Thread] DEBUG Input                - Clearing active input actions
23:38:09.084 [JavaFX Application Thread] DEBUG WindowService        - Removing overlay from GameScene and adding to CustomPauseMenu
23:38:09.084 [JavaFX Application Thread] DEBUG MainWindow           - GameScene -> CustomPauseMenu
23:38:10.897 [JavaFX Application Thread] DEBUG MainWindow           - Pop state: CustomPauseMenu
23:38:10.897 [JavaFX Application Thread] DEBUG Input                - Clearing active input actions
23:38:10.897 [JavaFX Application Thread] DEBUG WindowService        - Removing overlay from CustomPauseMenu and adding to GameScene
23:38:10.897 [JavaFX Application Thread] DEBUG MainWindow           - GameScene <- CustomPauseMenu
23:38:11.091 [JavaFX Application Thread] DEBUG MainWindow           - Push state: CustomPauseMenu
23:38:11.091 [JavaFX Application Thread] DEBUG Input                - Clearing active input actions
23:38:11.092 [JavaFX Application Thread] DEBUG WindowService        - Removing overlay from GameScene and adding to CustomPauseMenu
23:38:11.092 [JavaFX Application Thread] DEBUG MainWindow           - GameScene -> CustomPauseMenu
23:38:12.513 [JavaFX Application Thread] DEBUG MainWindow           - Pop state: CustomPauseMenu
23:38:12.513 [JavaFX Application Thread] DEBUG Input                - Clearing active input actions
23:38:12.513 [JavaFX Application Thread] DEBUG WindowService        - Removing overlay from CustomPauseMenu and adding to GameScene
23:38:12.513 [JavaFX Application Thread] DEBUG MainWindow           - GameScene <- CustomPauseMenu
23:38:13.522 [JavaFX Application Thread] DEBUG MainWindow           - Push state: CustomPauseMenu
23:38:13.523 [JavaFX Application Thread] DEBUG Input                - Clearing active input actions
23:38:13.523 [JavaFX Application Thread] DEBUG WindowService        - Removing overlay from GameScene and adding to CustomPauseMenu
23:38:13.523 [JavaFX Application Thread] DEBUG MainWindow           - GameScene -> CustomPauseMenu
23:38:14.929 [JavaFX Application Thread] DEBUG MainWindow           - Pop state: CustomPauseMenu
23:38:14.929 [JavaFX Application Thread] DEBUG Input                - Clearing active input actions
23:38:14.929 [JavaFX Application Thread] DEBUG WindowService        - Removing overlay from CustomPauseMenu and adding to GameScene
23:38:14.929 [JavaFX Application Thread] DEBUG MainWindow           - GameScene <- CustomPauseMenu
23:38:16.555 [JavaFX Application Thread] DEBUG MainWindow           - Push state: CustomPauseMenu
23:38:16.555 [JavaFX Application Thread] DEBUG Input                - Clearing active input actions
23:38:16.556 [JavaFX Application Thread] DEBUG WindowService        - Removing overlay from GameScene and adding to CustomPauseMenu
23:38:16.556 [JavaFX Application Thread] DEBUG MainWindow           - GameScene -> CustomPauseMenu
23:38:17.921 [JavaFX Application Thread] DEBUG MainWindow           - Pop state: CustomPauseMenu
23:38:17.921 [JavaFX Application Thread] DEBUG Input                - Clearing active input actions
23:38:17.921 [JavaFX Application Thread] DEBUG WindowService        - Removing overlay from CustomPauseMenu and adding to GameScene
23:38:17.921 [JavaFX Application Thread] DEBUG MainWindow           - GameScene <- CustomPauseMenu
23:38:31.073 [JavaFX Application Thread] DEBUG AssetLoaderService   - Loading from cache: /assets/sounds/bump.wav
23:38:32.593 [JavaFX Application Thread] DEBUG GameWorld            - Clearing removable entities
23:38:32.598 [JavaFX Application Thread] DEBUG GameWorld            - Setting level: com.almasb.fxgl.entity.level.Level@49894a20
23:38:35.831 [JavaFX Application Thread] DEBUG MainWindow           - Push state: CustomPauseMenu
23:38:35.831 [JavaFX Application Thread] DEBUG Input                - Clearing active input actions
23:38:35.831 [JavaFX Application Thread] DEBUG WindowService        - Removing overlay from GameScene and adding to CustomPauseMenu
23:38:35.832 [JavaFX Application Thread] DEBUG MainWindow           - GameScene -> CustomPauseMenu
23:38:36.562 [JavaFX Application Thread] DEBUG LoopRunner           - Stopping loop
23:38:40.134 [JavaFX Application Thread] FATAL GameApplication      - Uncaught Exception:

Fatal exception occurred: java.lang.IndexOutOfBoundsException : Index 3 out of bounds for length 3
E: java.base/jdk.internal.util.Preconditions.outOfBounds(Preconditions.java:64)
E: java.base/jdk.internal.util.Preconditions.outOfBoundsCheckIndex(Preconditions.java:70)
E: java.base/jdk.internal.util.Preconditions.checkIndex(Preconditions.java:248)
E: java.base/java.util.Objects.checkIndex(Objects.java:373)
E: java.base/java.util.ArrayList.get(ArrayList.java:425)
E: ui.CustomPauseMenu$3.handle(CustomPauseMenu.java:131)
E: ui.CustomPauseMenu$3.handle(CustomPauseMenu.java:1)
E: com.sun.javafx.event.CompositeEventHandler.dispatchBubblingEvent(CompositeEventHandler.java:86)
E: com.sun.javafx.event.EventHandlerManager.dispatchBubblingEvent(EventHandlerManager.java:238)
E: com.sun.javafx.event.EventHandlerManager.dispatchBubblingEvent(EventHandlerManager.java:191)
E: com.sun.javafx.event.CompositeEventDispatcher.dispatchBubblingEvent(CompositeEventDispatcher.java:59)
E: com.sun.javafx.event.BasicEventDispatcher.dispatchEvent(BasicEventDispatcher.java:58)
E: com.sun.javafx.event.EventDispatchChainImpl.dispatchEvent(EventDispatchChainImpl.java:114)
E: com.sun.javafx.event.BasicEventDispatcher.dispatchEvent(BasicEventDispatcher.java:56)
E: com.sun.javafx.event.EventDispatchChainImpl.dispatchEvent(EventDispatchChainImpl.java:114)
E: com.sun.javafx.event.BasicEventDispatcher.dispatchEvent(BasicEventDispatcher.java:56)
E: com.sun.javafx.event.EventDispatchChainImpl.dispatchEvent(EventDispatchChainImpl.java:114)
E: com.sun.javafx.event.EventUtil.fireEventImpl(EventUtil.java:74)
E: com.sun.javafx.event.EventUtil.fireEvent(EventUtil.java:49)
E: javafx.event.Event.fireEvent(Event.java:198)
E: javafx.scene.Node.fireEvent(Node.java:8890)
E: javafx.scene.control.Button.fire(Button.java:203)
E: com.sun.javafx.scene.control.behavior.ButtonBehavior.mouseReleased(ButtonBehavior.java:206)
E: com.sun.javafx.scene.control.inputmap.InputMap.handle(InputMap.java:274)
E: com.sun.javafx.event.CompositeEventHandler$NormalEventHandlerRecord.handleBubblingEvent(CompositeEventHandler.java:218)
E: com.sun.javafx.event.CompositeEventHandler.dispatchBubblingEvent(CompositeEventHandler.java:80)
E: com.sun.javafx.event.EventHandlerManager.dispatchBubblingEvent(EventHandlerManager.java:238)
E: com.sun.javafx.event.EventHandlerManager.dispatchBubblingEvent(EventHandlerManager.java:191)
E: com.sun.javafx.event.CompositeEventDispatcher.dispatchBubblingEvent(CompositeEventDispatcher.java:59)
E: com.sun.javafx.event.BasicEventDispatcher.dispatchEvent(BasicEventDispatcher.java:58)
E: com.sun.javafx.event.EventDispatchChainImpl.dispatchEvent(EventDispatchChainImpl.java:114)
E: com.sun.javafx.event.BasicEventDispatcher.dispatchEvent(BasicEventDispatcher.java:56)
E: com.sun.javafx.event.EventDispatchChainImpl.dispatchEvent(EventDispatchChainImpl.java:114)
E: com.sun.javafx.event.BasicEventDispatcher.dispatchEvent(BasicEventDispatcher.java:56)
E: com.sun.javafx.event.EventDispatchChainImpl.dispatchEvent(EventDispatchChainImpl.java:114)
E: com.sun.javafx.event.EventUtil.fireEventImpl(EventUtil.java:74)
E: com.sun.javafx.event.EventUtil.fireEvent(EventUtil.java:54)
E: javafx.event.Event.fireEvent(Event.java:198)
E: javafx.scene.Scene$MouseHandler.process(Scene.java:3862)
E: javafx.scene.Scene.processMouseEvent(Scene.java:1849)
E: javafx.scene.Scene$ScenePeerListener.mouseEvent(Scene.java:2590)
E: com.sun.javafx.tk.quantum.GlassViewEventHandler$MouseEventNotification.run(GlassViewEventHandler.java:409)
E: com.sun.javafx.tk.quantum.GlassViewEventHandler$MouseEventNotification.run(GlassViewEventHandler.java:299)
E: java.base/java.security.AccessController.doPrivileged(AccessController.java:391)
E: com.sun.javafx.tk.quantum.GlassViewEventHandler.lambda$handleMouseEvent$2(GlassViewEventHandler.java:447)
E: com.sun.javafx.tk.quantum.QuantumToolkit.runWithoutRenderLock(QuantumToolkit.java:412)
E: com.sun.javafx.tk.quantum.GlassViewEventHandler.handleMouseEvent(GlassViewEventHandler.java:446)
E: com.sun.glass.ui.View.handleMouseEvent(View.java:556)
E: com.sun.glass.ui.View.notifyMouse(View.java:942)
E: com.sun.glass.ui.win.WinApplication._runLoop(Native Method)
E: com.sun.glass.ui.win.WinApplication.lambda$runLoop$3(WinApplication.java:174)
E: java.base/java.lang.Thread.run(Thread.java:830)

23:38:40.134 [JavaFX Application Thread] FATAL GameApplication      - Application will now exit
23:38:40.134 [JavaFX Application Thread] DEBUG GameApplication      - Exiting FXGL
23:38:40.134 [JavaFX Application Thread] DEBUG GameApplication      - Shutting down background threads
23:38:40.134 [JavaFX Application Thread] DEBUG GameApplication      - Closing logger and exiting JavaFX
