11:25:49.557 [main                     ] DEBUG GameApplication      - Logger initialized
11:25:49.569 [main                     ] DEBUG GameApplication      - Logging settings
Title: FriendMaker2077
Version: 0.1
Width: 640
Height: 640
Fullscreen: false
Intro: false
Menus: false
Profiling: false
Single step:false
App Mode: DEVELOPER
Menu Key: ESCAPE
Stage Style: DECORATED
Scene Factory: class ui.MenuFactory

11:25:50.948 [JavaFX Application Thread] DEBUG GameApplication      - Initializing FXGL
11:25:50.954 [JavaFX Application Thread] INFO  Engine               - FXGL-11.8 (08.03.2020 09.25) on WINDOWS (J:13.0.2 FX:11.0.2)
11:25:50.955 [JavaFX Application Thread] INFO  Engine               - Source code and latest versions at: https://github.com/AlmasB/FXGL
11:25:50.955 [JavaFX Application Thread] INFO  Engine               -              Join the FXGL chat at: https://gitter.im/AlmasB/FXGL
11:25:51.028 [JavaFX Application Thread] DEBUG MainWindow           - Creating a JavaFX scene
11:25:51.299 [JavaFX Application Thread] DEBUG MainWindow           - Target settings size: 640.0 x 640.0
11:25:51.299 [JavaFX Application Thread] DEBUG MainWindow           - Scaled scene size:    640.0 x 640.0
11:25:51.299 [JavaFX Application Thread] DEBUG MainWindow           - Scaled ratio: (1.0, 1.0)
11:25:51.300 [JavaFX Application Thread] DEBUG MainWindow           - Set initial scene to FXGLStartupScene
11:25:51.304 [JavaFX Application Thread] DEBUG MainWindow           - Opening main window
11:25:51.366 [JavaFX Application Thread] DEBUG MainWindow           - Window border size: (16.0, 39.0)
11:25:51.367 [JavaFX Application Thread] DEBUG MainWindow           - Scaled size: 640.0 x 640.0
11:25:51.367 [JavaFX Application Thread] DEBUG MainWindow           - Scaled ratio: (1.0, 1.0)
11:25:51.367 [JavaFX Application Thread] DEBUG MainWindow           - Scene size: 640.0 x 640.0
11:25:51.367 [JavaFX Application Thread] DEBUG MainWindow           - Stage size: 656.0 x 679.0
11:25:51.372 [FXGL Background Thread 1 ] DEBUG Engine               - Initializing environment variables
11:25:51.389 [FXGL Background Thread 1 ] DEBUG WindowService        - Applying CSS: fxgl_dark.css
11:25:51.390 [FXGL Background Thread 1 ] DEBUG AssetLoaderService   - Loading from file system: /assets/ui/css/fxgl_dark.css
11:25:51.418 [FXGL Background Thread 1 ] DEBUG WindowService        - Initializing application scenes
11:25:51.438 [FXGL Background Thread 1 ] DEBUG GameWorld            - Game world initialized
11:25:51.464 [FXGL Background Thread 1 ] DEBUG PhysicsWorld         - Physics world initialized: appHeight=640, physics.ppm=50.0
11:25:51.466 [FXGL Background Thread 1 ] DEBUG GameScene            - Game scene initialized: 640x640
11:25:51.472 [FXGL Background Thread 1 ] DEBUG Input                - Registered new binding: Resume - Esc
11:25:51.480 [FXGL Background Thread 1 ] DEBUG Input                - Registered new binding: Pause - Esc
11:25:51.481 [FXGL Background Thread 1 ] DEBUG WindowService        - Application scenes initialized
11:25:51.488 [FXGL Background Thread 1 ] DEBUG SystemBundleService  - Loading FXGL system data
11:25:51.491 [FXGL Background Thread 1 ] DEBUG FileSystemAccess     - Reading from: C:\Users\otinn\git\FriendMaker2077-07-03\Project\system\fxgl.bundle
11:25:51.497 [FXGL Background Thread 1 ] DEBUG SystemBundleService  - Bundle FXGL: {}
11:25:51.498 [FXGL Background Thread 1 ] INFO  Engine               - FXGL initialization took: 0.125 sec
11:25:51.499 [FXGL Background Thread 1 ] DEBUG GameApplication      - Loading localizations
11:25:51.500 [FXGL Background Thread 1 ] DEBUG AssetLoaderService   - Loading from file system: /assets/properties/languages/english.properties
11:25:51.502 [FXGL Background Thread 1 ] DEBUG AssetLoaderService   - Loading from file system: /assets/properties/languages/french.properties
11:25:51.503 [FXGL Background Thread 1 ] DEBUG AssetLoaderService   - Loading from file system: /assets/properties/languages/german.properties
11:25:51.504 [FXGL Background Thread 1 ] DEBUG AssetLoaderService   - Loading from file system: /assets/properties/languages/hungarian.properties
11:25:51.505 [FXGL Background Thread 1 ] DEBUG AssetLoaderService   - Loading from file system: /assets/properties/languages/russian.properties
11:25:51.506 [FXGL Background Thread 1 ] DEBUG GameApplication      - Registering font factories with UI factory
11:25:51.506 [FXGL Background Thread 1 ] DEBUG AssetLoaderService   - Loading from file system: /assets/ui/fonts/VarelaRound-Regular.ttf
11:25:51.619 [FXGL Background Thread 1 ] DEBUG AssetLoaderService   - Loading from file system: /assets/ui/fonts/Abel-Regular.ttf
11:25:51.626 [FXGL Background Thread 1 ] DEBUG AssetLoaderService   - Loading from file system: /assets/ui/fonts/lucida_console.ttf
11:25:51.634 [FXGL Background Thread 1 ] DEBUG AssetLoaderService   - Loading from file system: /assets/ui/fonts/Courier-Prime.ttf
11:25:51.642 [JavaFX Application Thread] DEBUG Input                - Registered new binding: Move Right - D
11:25:51.642 [JavaFX Application Thread] DEBUG Input                - Registered new binding: Move Left - A
11:25:51.642 [JavaFX Application Thread] DEBUG Input                - Registered new binding: Move Up - W
11:25:51.642 [JavaFX Application Thread] DEBUG Input                - Registered new binding: Move Down - S
11:25:51.642 [JavaFX Application Thread] DEBUG Input                - Registered new binding: Play Sound - F
11:25:51.643 [JavaFX Application Thread] DEBUG AssetLoaderService   - Loading from file system: /assets/textures/fxgl_icon.png
11:25:51.673 [JavaFX Application Thread] DEBUG AssetLoaderService   - Loading from file system: /assets/ui/cursors/fxgl_default.png
11:25:51.675 [JavaFX Application Thread] DEBUG Input                - Registered new binding: Screenshot - P
11:25:51.675 [JavaFX Application Thread] DEBUG Input                - Registered new binding: System info dump - CTRL+9
11:25:51.676 [JavaFX Application Thread] DEBUG Input                - Registered new binding: Restart - CTRL+R
11:25:51.676 [JavaFX Application Thread] DEBUG LoopRunner           - Starting loop
11:25:51.693 [JavaFX Application Thread] DEBUG FXGLStartupScene     - STARTUP
11:25:51.693 [JavaFX Application Thread] DEBUG WindowService        - Starting new game
11:25:51.695 [JavaFX Application Thread] DEBUG Input                - Clearing active input actions
11:25:51.702 [JavaFX Application Thread] DEBUG WindowService        - Removing overlay from FXGLStartupScene and adding to FXGLLoadingScene
11:25:51.703 [JavaFX Application Thread] DEBUG MainWindow           - FXGLStartupScene -> FXGLLoadingScene
11:25:51.703 [JavaFX Application Thread] DEBUG WindowService        - Clearing previous game
11:25:51.703 [JavaFX Application Thread] DEBUG GameScene            - Clearing game scene
11:25:51.703 [JavaFX Application Thread] DEBUG GameWorld            - Clearing game world
11:25:51.703 [JavaFX Application Thread] DEBUG PhysicsWorld         - Clearing physics world
11:25:51.704 [FXGL Background Thread 1 ] DEBUG GameApplication      - Initializing game
11:25:51.708 [FXGL Background Thread 1 ] DEBUG AssetLoaderService   - Loading from file system: /assets/textures/EmptyMap.png
11:25:51.883 [FXGL Background Thread 1 ] DEBUG AssetLoaderService   - Loading from file system: /assets/textures/CharacterSprite.png
11:25:51.885 [FXGL Background Thread 1 ] DEBUG AssetLoaderService   - Loading from cache: /assets/textures/CharacterSprite.png
11:25:51.885 [FXGL Background Thread 1 ] DEBUG AssetLoaderService   - Loading from cache: /assets/textures/CharacterSprite.png
11:25:51.885 [FXGL Background Thread 1 ] DEBUG AssetLoaderService   - Loading from cache: /assets/textures/CharacterSprite.png
11:25:51.885 [FXGL Background Thread 1 ] DEBUG AssetLoaderService   - Loading from cache: /assets/textures/CharacterSprite.png
11:25:51.886 [FXGL Background Thread 1 ] DEBUG AssetLoaderService   - Loading from cache: /assets/textures/CharacterSprite.png
11:25:51.886 [FXGL Background Thread 1 ] DEBUG AssetLoaderService   - Loading from cache: /assets/textures/CharacterSprite.png
11:25:51.886 [FXGL Background Thread 1 ] DEBUG AssetLoaderService   - Loading from cache: /assets/textures/CharacterSprite.png
11:25:51.888 [FXGL Background Thread 1 ] DEBUG AssetLoaderService   - Loading from file system: /assets/textures/bbox.png
11:25:51.896 [FXGL Background Thread 1 ] DEBUG AssetLoaderService   - Loading from file system: /assets/textures/blueHouse.png
11:25:51.898 [FXGL Background Thread 1 ] DEBUG AssetLoaderService   - Loading from file system: /assets/textures/brick.png
11:25:51.900 [FXGL Background Thread 1 ] INFO  GameApplication      - Game initialization took: 0.196 sec
11:25:51.915 [JavaFX Application Thread] DEBUG Input                - Clearing active input actions
11:25:51.923 [JavaFX Application Thread] DEBUG WindowService        - Removing overlay from FXGLLoadingScene and adding to GameScene
11:25:51.923 [JavaFX Application Thread] DEBUG MainWindow           - FXGLLoadingScene -> GameScene
11:25:53.814 [JavaFX Application Thread] DEBUG AssetLoaderService   - Loading from file system: /assets/sounds/sound.wav
11:25:54.499 [FXGL Background Thread 2 ] DEBUG Engine               - Logging environment variables
11:25:54.499 [FXGL Background Thread 2 ] DEBUG Engine               - achievements: []
11:25:54.499 [FXGL Background Thread 2 ] DEBUG Engine               - language: ObjectProperty [value: ENGLISH]
11:25:54.499 [FXGL Background Thread 2 ] DEBUG Engine               - isCloseConfirmation: false
11:25:54.499 [FXGL Background Thread 2 ] DEBUG Engine               - isProfilingEnabled: false
11:25:54.499 [FXGL Background Thread 2 ] DEBUG Engine               - soundNotification: core/notification.wav
11:25:54.499 [FXGL Background Thread 2 ] DEBUG Engine               - devShowBBoxProperty: BooleanProperty [value: false]
11:25:54.499 [FXGL Background Thread 2 ] DEBUG Engine               - pixelsPerMeter: 50.0
11:25:54.499 [FXGL Background Thread 2 ] DEBUG Engine               - appIcon: fxgl_icon.png
11:25:54.499 [FXGL Background Thread 2 ] DEBUG Engine               - soundMenuBack: menu/back.wav
11:25:54.500 [FXGL Background Thread 2 ] DEBUG Engine               - isFullScreenAllowed: false
11:25:54.500 [FXGL Background Thread 2 ] DEBUG Engine               - isIntroEnabled: false
11:25:54.500 [FXGL Background Thread 2 ] DEBUG Engine               - fontMono: lucida_console.ttf
11:25:54.500 [FXGL Background Thread 2 ] DEBUG Engine               - soundMenuSelect: menu/select.wav
11:25:54.500 [FXGL Background Thread 2 ] DEBUG Engine               - isWindows: true
11:25:54.500 [FXGL Background Thread 2 ] DEBUG Engine               - isUserProfileEnabled: false
11:25:54.500 [FXGL Background Thread 2 ] DEBUG Engine               - isMobile: false
11:25:54.500 [FXGL Background Thread 2 ] DEBUG Engine               - height: 640
11:25:54.500 [FXGL Background Thread 2 ] DEBUG Engine               - isExperimentalNative: false
11:25:54.500 [FXGL Background Thread 2 ] DEBUG Engine               - settings: Title: FriendMaker2077
Version: 0.1
Width: 640
Height: 640
Fullscreen: false
Intro: false
Menus: false
Profiling: false
Single step:false
App Mode: DEVELOPER
Menu Key: ESCAPE
Stage Style: DECORATED
Scene Factory: class ui.MenuFactory

11:25:54.500 [FXGL Background Thread 2 ] DEBUG Engine               - cSSList: [fxgl_dark.css]
11:25:54.500 [FXGL Background Thread 2 ] DEBUG Engine               - isSingleStep: false
11:25:54.500 [FXGL Background Thread 2 ] DEBUG Engine               - fontGame: Abel-Regular.ttf
11:25:54.500 [FXGL Background Thread 2 ] DEBUG Engine               - menuKey: ESCAPE
11:25:54.500 [FXGL Background Thread 2 ] DEBUG Engine               - devShowPositionProperty: BooleanProperty [value: false]
11:25:54.501 [FXGL Background Thread 2 ] DEBUG Engine               - versionCheckDays: 7
11:25:54.501 [FXGL Background Thread 2 ] DEBUG Engine               - configClass: Optional.empty
11:25:54.501 [FXGL Background Thread 2 ] DEBUG Engine               - isFullScreenFromStart: false
11:25:54.501 [FXGL Background Thread 2 ] DEBUG Engine               - version: 0.1
11:25:54.501 [FXGL Background Thread 2 ] DEBUG Engine               - fullScreen: BooleanProperty [value: false]
11:25:54.501 [FXGL Background Thread 2 ] DEBUG Engine               - randomSeed: -1
11:25:54.501 [FXGL Background Thread 2 ] DEBUG Engine               - gameDifficultyProperty: ObjectProperty [value: MEDIUM]
11:25:54.501 [FXGL Background Thread 2 ] DEBUG Engine               - applicationMode: DEVELOPER
11:25:54.501 [FXGL Background Thread 2 ] DEBUG Engine               - isMac: false
11:25:54.501 [FXGL Background Thread 2 ] DEBUG Engine               - isMenuEnabled: false
11:25:54.501 [FXGL Background Thread 2 ] DEBUG Engine               - urlPOM: https://raw.githubusercontent.com/AlmasB/FXGL/master/pom.xml
11:25:54.501 [FXGL Background Thread 2 ] DEBUG Engine               - profileName: StringProperty [value: DEFAULT]
11:25:54.501 [FXGL Background Thread 2 ] DEBUG Engine               - devSensorColorProperty: ObjectProperty [value: 0xffff00ff]
11:25:54.501 [FXGL Background Thread 2 ] DEBUG Engine               - notificationViewClass: class com.almasb.fxgl.notification.view.XboxNotificationView
11:25:54.502 [FXGL Background Thread 2 ] DEBUG Engine               - sceneFactory: ui.MenuFactory@4dc87756
11:25:54.502 [FXGL Background Thread 2 ] DEBUG Engine               - stageStyle: DECORATED
11:25:54.502 [FXGL Background Thread 2 ] DEBUG Engine               - isManualResizeEnabled: false
11:25:54.502 [FXGL Background Thread 2 ] DEBUG Engine               - title: FriendMaker2077
11:25:54.502 [FXGL Background Thread 2 ] DEBUG Engine               - platform: WINDOWS
11:25:54.502 [FXGL Background Thread 2 ] DEBUG Engine               - devBBoxColorProperty: ObjectProperty [value: 0xff0000ff]
11:25:54.502 [FXGL Background Thread 2 ] DEBUG Engine               - gameDifficulty: MEDIUM
11:25:54.502 [FXGL Background Thread 2 ] DEBUG Engine               - isDesktop: true
11:25:54.502 [FXGL Background Thread 2 ] DEBUG Engine               - supportedLanguages: [ENGLISH, FRENCH, GERMAN, HUNGARIAN, RUSSIAN]
11:25:54.502 [FXGL Background Thread 2 ] DEBUG Engine               - credits: []
11:25:54.502 [FXGL Background Thread 2 ] DEBUG Engine               - globalMusicVolumeProperty: DoubleProperty [value: 0.5]
11:25:54.502 [FXGL Background Thread 2 ] DEBUG Engine               - isPreserveResizeRatio: false
11:25:54.502 [FXGL Background Thread 2 ] DEBUG Engine               - fontText: Courier-Prime.ttf
11:25:54.503 [FXGL Background Thread 2 ] DEBUG Engine               - isExperimentalTiledLargeMap: false
11:25:54.503 [FXGL Background Thread 2 ] DEBUG Engine               - secondsIn24h: 60
11:25:54.503 [FXGL Background Thread 2 ] DEBUG Engine               - runtimeInfo: RuntimeInfo(platform=WINDOWS, version=11.8, build=08.03.2020 09.25)
11:25:54.503 [FXGL Background Thread 2 ] DEBUG Engine               - soundMenuPress: menu/press.wav
11:25:54.503 [FXGL Background Thread 2 ] DEBUG Engine               - isLinux: false
11:25:54.503 [FXGL Background Thread 2 ] DEBUG Engine               - urlGithub: https://github.com/AlmasB/FXGL
11:25:54.503 [FXGL Background Thread 2 ] DEBUG Engine               - profileDir: profiles/
11:25:54.503 [FXGL Background Thread 2 ] DEBUG Engine               - isDeveloperMenuEnabled: false
11:25:54.503 [FXGL Background Thread 2 ] DEBUG Engine               - globalSoundVolumeProperty: DoubleProperty [value: 0.5]
11:25:54.503 [FXGL Background Thread 2 ] DEBUG Engine               - mainWindow: com.almasb.fxgl.app.MainWindow@49f7fa37
11:25:54.503 [FXGL Background Thread 2 ] DEBUG Engine               - globalSoundVolume: 0.5
11:25:54.503 [FXGL Background Thread 2 ] DEBUG Engine               - isBrowser: false
11:25:54.503 [FXGL Background Thread 2 ] DEBUG Engine               - urlLeaderboard: http://fxgl-top.herokuapp.com/
11:25:54.503 [FXGL Background Thread 2 ] DEBUG Engine               - engineServices: [class com.almasb.fxgl.app.GameApplication$GameApplicationService, class com.almasb.fxgl.app.services.WindowService, class com.almasb.fxgl.app.services.FXGLDialogService, class com.almasb.fxgl.app.services.IOTaskExecutorService, class com.almasb.fxgl.event.EventBusService, class com.almasb.fxgl.io.FileSystemService, class com.almasb.fxgl.localization.LocalizationService, class com.almasb.fxgl.app.services.AssetLoaderService, class com.almasb.fxgl.app.services.SystemBundleService, class com.almasb.fxgl.profile.SaveLoadService, class com.almasb.fxgl.ui.FXGLUIFactoryServiceProvider, class com.almasb.fxgl.ui.FXGLDialogFactoryServiceProvider, class com.almasb.fxgl.audio.AudioPlayer, class com.almasb.fxgl.notification.impl.NotificationServiceProvider, class com.almasb.fxgl.achievement.AchievementService, class com.almasb.fxgl.cutscene.CutsceneService, class com.almasb.fxgl.minigames.MiniGameService, class com.almasb.fxgl.net.NetService, class com.almasb.fxgl.app.services.UpdaterService]
11:25:54.503 [FXGL Background Thread 2 ] DEBUG Engine               - globalMusicVolume: 0.5
11:25:54.503 [FXGL Background Thread 2 ] DEBUG Engine               - width: 640
11:25:54.504 [FXGL Background Thread 2 ] DEBUG Engine               - saveFileExt: sav
11:25:54.504 [FXGL Background Thread 2 ] DEBUG Engine               - isAndroid: false
11:25:54.504 [FXGL Background Thread 2 ] DEBUG Engine               - fontUI: VarelaRound-Regular.ttf
11:25:54.504 [FXGL Background Thread 2 ] DEBUG Engine               - enabledMenuItems: []
11:25:54.504 [FXGL Background Thread 2 ] DEBUG Engine               - isIOS: false
11:25:54.504 [FXGL Background Thread 2 ] DEBUG Engine               - Logging services
11:25:54.504 [FXGL Background Thread 2 ] DEBUG Engine               - class com.almasb.fxgl.app.GameApplication$GameApplicationService
11:25:54.504 [FXGL Background Thread 2 ] DEBUG Engine               - class com.almasb.fxgl.app.services.WindowService
11:25:54.504 [FXGL Background Thread 2 ] DEBUG Engine               - class com.almasb.fxgl.app.services.FXGLDialogService
11:25:54.504 [FXGL Background Thread 2 ] DEBUG Engine               - class com.almasb.fxgl.app.services.IOTaskExecutorService
11:25:54.504 [FXGL Background Thread 2 ] DEBUG Engine               - class com.almasb.fxgl.event.EventBusService
11:25:54.504 [FXGL Background Thread 2 ] DEBUG Engine               - class com.almasb.fxgl.io.FileSystemService
11:25:54.504 [FXGL Background Thread 2 ] DEBUG Engine               - class com.almasb.fxgl.localization.LocalizationService
11:25:54.504 [FXGL Background Thread 2 ] DEBUG Engine               - class com.almasb.fxgl.app.services.AssetLoaderService
11:25:54.504 [FXGL Background Thread 2 ] DEBUG Engine               - class com.almasb.fxgl.app.services.SystemBundleService
11:25:54.504 [FXGL Background Thread 2 ] DEBUG Engine               - class com.almasb.fxgl.profile.SaveLoadService
11:25:54.505 [FXGL Background Thread 2 ] DEBUG Engine               - class com.almasb.fxgl.ui.FXGLUIFactoryServiceProvider
11:25:54.505 [FXGL Background Thread 2 ] DEBUG Engine               - class com.almasb.fxgl.ui.FXGLDialogFactoryServiceProvider
11:25:54.505 [FXGL Background Thread 2 ] DEBUG Engine               - class com.almasb.fxgl.audio.AudioPlayer
11:25:54.505 [FXGL Background Thread 2 ] DEBUG Engine               - class com.almasb.fxgl.notification.impl.NotificationServiceProvider
11:25:54.505 [FXGL Background Thread 2 ] DEBUG Engine               - class com.almasb.fxgl.achievement.AchievementService
11:25:54.505 [FXGL Background Thread 2 ] DEBUG Engine               - class com.almasb.fxgl.cutscene.CutsceneService
11:25:54.505 [FXGL Background Thread 2 ] DEBUG Engine               - class com.almasb.fxgl.minigames.MiniGameService
11:25:54.505 [FXGL Background Thread 2 ] DEBUG Engine               - class com.almasb.fxgl.net.NetService
11:25:54.505 [FXGL Background Thread 2 ] DEBUG Engine               - class com.almasb.fxgl.app.services.UpdaterService
11:25:56.679 [JavaFX Application Thread] DEBUG AssetLoaderService   - Loading from cache: /assets/sounds/sound.wav
11:25:57.906 [JavaFX Application Thread] DEBUG AssetLoaderService   - Loading from cache: /assets/sounds/sound.wav
11:25:58.710 [JavaFX Application Thread] DEBUG AssetLoaderService   - Loading from cache: /assets/sounds/sound.wav
11:25:59.205 [JavaFX Application Thread] DEBUG AssetLoaderService   - Loading from cache: /assets/sounds/sound.wav
11:25:59.633 [JavaFX Application Thread] DEBUG AssetLoaderService   - Loading from cache: /assets/sounds/sound.wav
11:26:00.030 [JavaFX Application Thread] DEBUG AssetLoaderService   - Loading from cache: /assets/sounds/sound.wav
11:26:00.382 [JavaFX Application Thread] DEBUG AssetLoaderService   - Loading from cache: /assets/sounds/sound.wav
11:26:01.576 [JavaFX Application Thread] DEBUG GameApplication      - Exiting FXGL
11:26:01.576 [JavaFX Application Thread] DEBUG LoopRunner           - Stopping loop
11:26:01.576 [JavaFX Application Thread] DEBUG SystemBundleService  - Saving FXGL system data
11:26:01.577 [JavaFX Application Thread] DEBUG FileSystemAccess     - Writing to: C:\Users\otinn\git\FriendMaker2077-07-03\Project\system\fxgl.bundle
11:26:01.578 [JavaFX Application Thread] DEBUG GameApplication      - Shutting down background threads
11:26:01.578 [JavaFX Application Thread] DEBUG GameApplication      - Closing logger and exiting JavaFX
