13:59:30.824 [main                     ] DEBUG GameApplication      - Logger initialized
13:59:30.834 [main                     ] DEBUG GameApplication      - Logging settings
Title: FriendMaker2077
Version: 0.1
Width: 640
Height: 640
Fullscreen: false
Intro: false
Menus: false
Profiling: false
Single step:false
App Mode: DEVELOPER
Menu Key: ESCAPE
Stage Style: DECORATED
Scene Factory: class ui.MenuFactory

13:59:30.979 [JavaFX Application Thread] DEBUG GameApplication      - Initializing FXGL
13:59:30.984 [JavaFX Application Thread] INFO  Engine               - FXGL-11.8 (08.03.2020 09.25) on WINDOWS (J:13.0.2 FX:11.0.2)
13:59:30.984 [JavaFX Application Thread] INFO  Engine               - Source code and latest versions at: https://github.com/AlmasB/FXGL
13:59:30.984 [JavaFX Application Thread] INFO  Engine               -              Join the FXGL chat at: https://gitter.im/AlmasB/FXGL
13:59:31.044 [JavaFX Application Thread] DEBUG MainWindow           - Creating a JavaFX scene
13:59:31.071 [JavaFX Application Thread] DEBUG MainWindow           - Target settings size: 640.0 x 640.0
13:59:31.071 [JavaFX Application Thread] DEBUG MainWindow           - Scaled scene size:    640.0 x 640.0
13:59:31.071 [JavaFX Application Thread] DEBUG MainWindow           - Scaled ratio: (1.0, 1.0)
13:59:31.072 [JavaFX Application Thread] DEBUG MainWindow           - Set initial scene to FXGLStartupScene
13:59:31.075 [JavaFX Application Thread] DEBUG MainWindow           - Opening main window
13:59:31.123 [JavaFX Application Thread] DEBUG MainWindow           - Window border size: (16.0, 39.0)
13:59:31.123 [JavaFX Application Thread] DEBUG MainWindow           - Scaled size: 640.0 x 640.0
13:59:31.124 [JavaFX Application Thread] DEBUG MainWindow           - Scaled ratio: (1.0, 1.0)
13:59:31.124 [JavaFX Application Thread] DEBUG MainWindow           - Scene size: 640.0 x 640.0
13:59:31.124 [JavaFX Application Thread] DEBUG MainWindow           - Stage size: 656.0 x 679.0
13:59:31.128 [FXGL Background Thread 1 ] DEBUG Engine               - Initializing environment variables
13:59:31.144 [FXGL Background Thread 1 ] DEBUG WindowService        - Applying CSS: fxgl_dark.css
13:59:31.145 [FXGL Background Thread 1 ] DEBUG AssetLoaderService   - Loading from file system: /assets/ui/css/fxgl_dark.css
13:59:31.172 [FXGL Background Thread 1 ] DEBUG WindowService        - Initializing application scenes
13:59:31.191 [FXGL Background Thread 1 ] DEBUG GameWorld            - Game world initialized
13:59:31.216 [FXGL Background Thread 1 ] DEBUG PhysicsWorld         - Physics world initialized: appHeight=640, physics.ppm=50.0
13:59:31.217 [FXGL Background Thread 1 ] DEBUG GameScene            - Game scene initialized: 640x640
13:59:31.222 [FXGL Background Thread 1 ] DEBUG Input                - Registered new binding: Resume - Esc
13:59:31.230 [FXGL Background Thread 1 ] DEBUG Input                - Registered new binding: Pause - Esc
13:59:31.230 [FXGL Background Thread 1 ] DEBUG WindowService        - Application scenes initialized
13:59:31.237 [FXGL Background Thread 1 ] DEBUG SystemBundleService  - Loading FXGL system data
13:59:31.240 [FXGL Background Thread 1 ] DEBUG FileSystemAccess     - Reading from: C:\Users\otinn\git\FriendMaker2077-07-03\Project\system\fxgl.bundle
13:59:31.246 [FXGL Background Thread 1 ] DEBUG SystemBundleService  - Bundle FXGL: {}
13:59:31.246 [FXGL Background Thread 1 ] INFO  Engine               - FXGL initialization took: 0.117 sec
13:59:31.247 [FXGL Background Thread 1 ] DEBUG GameApplication      - Loading localizations
13:59:31.248 [FXGL Background Thread 1 ] DEBUG AssetLoaderService   - Loading from file system: /assets/properties/languages/english.properties
13:59:31.249 [FXGL Background Thread 1 ] DEBUG AssetLoaderService   - Loading from file system: /assets/properties/languages/french.properties
13:59:31.250 [FXGL Background Thread 1 ] DEBUG AssetLoaderService   - Loading from file system: /assets/properties/languages/german.properties
13:59:31.251 [FXGL Background Thread 1 ] DEBUG AssetLoaderService   - Loading from file system: /assets/properties/languages/hungarian.properties
13:59:31.252 [FXGL Background Thread 1 ] DEBUG AssetLoaderService   - Loading from file system: /assets/properties/languages/russian.properties
13:59:31.253 [FXGL Background Thread 1 ] DEBUG GameApplication      - Registering font factories with UI factory
13:59:31.253 [FXGL Background Thread 1 ] DEBUG AssetLoaderService   - Loading from file system: /assets/ui/fonts/VarelaRound-Regular.ttf
13:59:31.361 [FXGL Background Thread 1 ] DEBUG AssetLoaderService   - Loading from file system: /assets/ui/fonts/Abel-Regular.ttf
13:59:31.367 [FXGL Background Thread 1 ] DEBUG AssetLoaderService   - Loading from file system: /assets/ui/fonts/lucida_console.ttf
13:59:31.375 [FXGL Background Thread 1 ] DEBUG AssetLoaderService   - Loading from file system: /assets/ui/fonts/Courier-Prime.ttf
13:59:31.382 [JavaFX Application Thread] DEBUG Input                - Registered new binding: Move Right - D
13:59:31.383 [JavaFX Application Thread] DEBUG Input                - Registered new binding: Move Left - A
13:59:31.383 [JavaFX Application Thread] DEBUG Input                - Registered new binding: Move Up - W
13:59:31.383 [JavaFX Application Thread] DEBUG Input                - Registered new binding: Move Down - S
13:59:31.383 [JavaFX Application Thread] DEBUG Input                - Registered new binding: Play Sound - F
13:59:31.383 [JavaFX Application Thread] DEBUG AssetLoaderService   - Loading from file system: /assets/textures/fxgl_icon.png
13:59:31.414 [JavaFX Application Thread] DEBUG AssetLoaderService   - Loading from file system: /assets/ui/cursors/fxgl_default.png
13:59:31.416 [JavaFX Application Thread] DEBUG Input                - Registered new binding: Screenshot - P
13:59:31.416 [JavaFX Application Thread] DEBUG Input                - Registered new binding: System info dump - CTRL+9
13:59:31.416 [JavaFX Application Thread] DEBUG Input                - Registered new binding: Restart - CTRL+R
13:59:31.417 [JavaFX Application Thread] DEBUG LoopRunner           - Starting loop
13:59:31.421 [JavaFX Application Thread] DEBUG FXGLStartupScene     - STARTUP
13:59:31.422 [JavaFX Application Thread] DEBUG WindowService        - Starting new game
13:59:31.423 [JavaFX Application Thread] DEBUG Input                - Clearing active input actions
13:59:31.430 [JavaFX Application Thread] DEBUG WindowService        - Removing overlay from FXGLStartupScene and adding to FXGLLoadingScene
13:59:31.430 [JavaFX Application Thread] DEBUG MainWindow           - FXGLStartupScene -> FXGLLoadingScene
13:59:31.430 [JavaFX Application Thread] DEBUG WindowService        - Clearing previous game
13:59:31.430 [JavaFX Application Thread] DEBUG GameScene            - Clearing game scene
13:59:31.430 [JavaFX Application Thread] DEBUG GameWorld            - Clearing game world
13:59:31.430 [JavaFX Application Thread] DEBUG PhysicsWorld         - Clearing physics world
13:59:31.431 [FXGL Background Thread 1 ] DEBUG GameApplication      - Initializing game
13:59:31.435 [FXGL Background Thread 1 ] DEBUG AssetLoaderService   - Loading from file system: /assets/textures/EmptyMap.png
13:59:31.587 [FXGL Background Thread 1 ] DEBUG AssetLoaderService   - Loading from file system: /assets/music/soundtrack.wav
13:59:31.651 [FXGL Background Thread 1 ] DEBUG AudioPlayer          - Playing music com.almasb.fxgl.audio.Music@72974416
13:59:31.657 [FXGL Background Thread 1 ] DEBUG AssetLoaderService   - Loading from file system: /assets/textures/player.png
13:59:31.659 [FXGL Background Thread 1 ] DEBUG AssetLoaderService   - Loading from cache: /assets/textures/player.png
13:59:31.659 [FXGL Background Thread 1 ] DEBUG AssetLoaderService   - Loading from cache: /assets/textures/player.png
13:59:31.659 [FXGL Background Thread 1 ] DEBUG AssetLoaderService   - Loading from cache: /assets/textures/player.png
13:59:31.659 [FXGL Background Thread 1 ] DEBUG AssetLoaderService   - Loading from cache: /assets/textures/player.png
13:59:31.659 [FXGL Background Thread 1 ] DEBUG AssetLoaderService   - Loading from cache: /assets/textures/player.png
13:59:31.662 [FXGL Background Thread 1 ] DEBUG AssetLoaderService   - Loading from file system: /assets/textures/bbox.png
13:59:31.667 [FXGL Background Thread 1 ] DEBUG AssetLoaderService   - Loading from file system: /assets/textures/froggysprite.png
13:59:31.667 [FXGL Background Thread 1 ] DEBUG AssetLoaderService   - Loading from cache: /assets/textures/froggysprite.png
13:59:31.667 [FXGL Background Thread 1 ] DEBUG AssetLoaderService   - Loading from cache: /assets/textures/froggysprite.png
13:59:31.668 [FXGL Background Thread 1 ] DEBUG AssetLoaderService   - Loading from cache: /assets/textures/bbox.png
13:59:31.669 [FXGL Background Thread 1 ] DEBUG AssetLoaderService   - Loading from file system: /assets/textures/bush.png
13:59:31.669 [FXGL Background Thread 1 ] DEBUG AssetLoaderService   - Loading from cache: /assets/textures/bush.png
13:59:31.670 [FXGL Background Thread 1 ] DEBUG AssetLoaderService   - Loading from file system: /assets/textures/rock.png
13:59:31.671 [FXGL Background Thread 1 ] DEBUG AssetLoaderService   - Loading from cache: /assets/textures/rock.png
13:59:31.671 [FXGL Background Thread 1 ] DEBUG AssetLoaderService   - Loading from file system: /assets/textures/tree.png
13:59:31.673 [FXGL Background Thread 1 ] DEBUG AssetLoaderService   - Loading from cache: /assets/textures/bush.png
13:59:31.673 [FXGL Background Thread 1 ] DEBUG AssetLoaderService   - Loading from cache: /assets/textures/tree.png
13:59:31.674 [FXGL Background Thread 1 ] DEBUG AssetLoaderService   - Loading from cache: /assets/textures/bush.png
13:59:31.674 [FXGL Background Thread 1 ] DEBUG AssetLoaderService   - Loading from file system: /assets/textures/appletree.png
13:59:31.675 [FXGL Background Thread 1 ] DEBUG AssetLoaderService   - Loading from cache: /assets/textures/bush.png
13:59:31.676 [FXGL Background Thread 1 ] DEBUG AssetLoaderService   - Loading from cache: /assets/textures/tree.png
13:59:31.676 [FXGL Background Thread 1 ] DEBUG AssetLoaderService   - Loading from cache: /assets/textures/bush.png
13:59:31.677 [FXGL Background Thread 1 ] DEBUG AssetLoaderService   - Loading from cache: /assets/textures/appletree.png
13:59:31.677 [FXGL Background Thread 1 ] DEBUG AssetLoaderService   - Loading from cache: /assets/textures/bush.png
13:59:31.677 [FXGL Background Thread 1 ] DEBUG AssetLoaderService   - Loading from cache: /assets/textures/appletree.png
13:59:31.678 [FXGL Background Thread 1 ] DEBUG AssetLoaderService   - Loading from cache: /assets/textures/bush.png
13:59:31.678 [FXGL Background Thread 1 ] DEBUG AssetLoaderService   - Loading from cache: /assets/textures/tree.png
13:59:31.679 [FXGL Background Thread 1 ] DEBUG AssetLoaderService   - Loading from cache: /assets/textures/bush.png
13:59:31.679 [FXGL Background Thread 1 ] DEBUG AssetLoaderService   - Loading from cache: /assets/textures/tree.png
13:59:31.680 [FXGL Background Thread 1 ] DEBUG AssetLoaderService   - Loading from cache: /assets/textures/bush.png
13:59:31.680 [FXGL Background Thread 1 ] DEBUG AssetLoaderService   - Loading from cache: /assets/textures/tree.png
13:59:31.681 [FXGL Background Thread 1 ] DEBUG AssetLoaderService   - Loading from cache: /assets/textures/bush.png
13:59:31.681 [FXGL Background Thread 1 ] DEBUG AssetLoaderService   - Loading from cache: /assets/textures/bush.png
13:59:31.681 [FXGL Background Thread 1 ] DEBUG AssetLoaderService   - Loading from cache: /assets/textures/tree.png
13:59:31.682 [FXGL Background Thread 1 ] DEBUG AssetLoaderService   - Loading from cache: /assets/textures/tree.png
13:59:31.682 [FXGL Background Thread 1 ] DEBUG AssetLoaderService   - Loading from cache: /assets/textures/tree.png
13:59:31.683 [FXGL Background Thread 1 ] DEBUG AssetLoaderService   - Loading from cache: /assets/textures/bush.png
13:59:31.683 [FXGL Background Thread 1 ] DEBUG AssetLoaderService   - Loading from cache: /assets/textures/tree.png
13:59:31.684 [FXGL Background Thread 1 ] DEBUG AssetLoaderService   - Loading from cache: /assets/textures/bush.png
13:59:31.684 [FXGL Background Thread 1 ] DEBUG AssetLoaderService   - Loading from cache: /assets/textures/appletree.png
13:59:31.685 [FXGL Background Thread 1 ] DEBUG AssetLoaderService   - Loading from cache: /assets/textures/bush.png
13:59:31.685 [FXGL Background Thread 1 ] DEBUG AssetLoaderService   - Loading from cache: /assets/textures/tree.png
13:59:31.686 [FXGL Background Thread 1 ] DEBUG AssetLoaderService   - Loading from cache: /assets/textures/bush.png
13:59:31.687 [FXGL Background Thread 1 ] DEBUG AssetLoaderService   - Loading from cache: /assets/textures/appletree.png
13:59:31.687 [FXGL Background Thread 1 ] DEBUG AssetLoaderService   - Loading from cache: /assets/textures/bush.png
13:59:31.688 [FXGL Background Thread 1 ] DEBUG AssetLoaderService   - Loading from cache: /assets/textures/appletree.png
13:59:31.688 [FXGL Background Thread 1 ] DEBUG AssetLoaderService   - Loading from cache: /assets/textures/appletree.png
13:59:31.689 [FXGL Background Thread 1 ] DEBUG AssetLoaderService   - Loading from cache: /assets/textures/appletree.png
13:59:31.689 [FXGL Background Thread 1 ] DEBUG AssetLoaderService   - Loading from cache: /assets/textures/appletree.png
13:59:31.690 [FXGL Background Thread 1 ] DEBUG AssetLoaderService   - Loading from cache: /assets/textures/appletree.png
13:59:31.690 [FXGL Background Thread 1 ] DEBUG AssetLoaderService   - Loading from cache: /assets/textures/tree.png
13:59:31.691 [FXGL Background Thread 1 ] DEBUG AssetLoaderService   - Loading from cache: /assets/textures/tree.png
13:59:31.691 [FXGL Background Thread 1 ] DEBUG AssetLoaderService   - Loading from cache: /assets/textures/appletree.png
13:59:31.692 [FXGL Background Thread 1 ] DEBUG AssetLoaderService   - Loading from cache: /assets/textures/bush.png
13:59:31.692 [FXGL Background Thread 1 ] DEBUG AssetLoaderService   - Loading from cache: /assets/textures/appletree.png
13:59:31.693 [FXGL Background Thread 1 ] DEBUG AssetLoaderService   - Loading from cache: /assets/textures/bush.png
13:59:31.693 [FXGL Background Thread 1 ] DEBUG AssetLoaderService   - Loading from cache: /assets/textures/rock.png
13:59:31.693 [FXGL Background Thread 1 ] DEBUG AssetLoaderService   - Loading from cache: /assets/textures/tree.png
13:59:31.694 [FXGL Background Thread 1 ] DEBUG AssetLoaderService   - Loading from cache: /assets/textures/rock.png
13:59:31.694 [FXGL Background Thread 1 ] DEBUG AssetLoaderService   - Loading from cache: /assets/textures/appletree.png
13:59:31.695 [FXGL Background Thread 1 ] DEBUG AssetLoaderService   - Loading from cache: /assets/textures/appletree.png
13:59:31.695 [FXGL Background Thread 1 ] DEBUG AssetLoaderService   - Loading from file system: /assets/textures/lighthouse.png
13:59:31.696 [FXGL Background Thread 1 ] DEBUG AssetLoaderService   - Loading from file system: /assets/textures/greenhouse.png
13:59:31.697 [FXGL Background Thread 1 ] DEBUG AssetLoaderService   - Loading from file system: /assets/textures/bluehouse.png
13:59:31.698 [FXGL Background Thread 1 ] DEBUG AssetLoaderService   - Loading from file system: /assets/textures/redhouse.png
13:59:31.699 [FXGL Background Thread 1 ] DEBUG AssetLoaderService   - Loading from cache: /assets/textures/redhouse.png
13:59:31.700 [FXGL Background Thread 1 ] DEBUG AssetLoaderService   - Loading from cache: /assets/textures/bluehouse.png
13:59:31.700 [FXGL Background Thread 1 ] DEBUG AssetLoaderService   - Loading from cache: /assets/textures/bluehouse.png
13:59:31.700 [FXGL Background Thread 1 ] DEBUG AssetLoaderService   - Loading from cache: /assets/textures/redhouse.png
13:59:31.701 [FXGL Background Thread 1 ] DEBUG AssetLoaderService   - Loading from cache: /assets/textures/bluehouse.png
13:59:31.701 [FXGL Background Thread 1 ] DEBUG AssetLoaderService   - Loading from cache: /assets/textures/redhouse.png
13:59:31.701 [FXGL Background Thread 1 ] DEBUG AssetLoaderService   - Loading from cache: /assets/textures/lighthouse.png
13:59:31.702 [FXGL Background Thread 1 ] DEBUG AssetLoaderService   - Loading from cache: /assets/textures/greenhouse.png
13:59:31.702 [FXGL Background Thread 1 ] INFO  GameApplication      - Game initialization took: 0.271 sec
13:59:31.703 [JavaFX Application Thread] DEBUG Input                - Clearing active input actions
13:59:31.725 [JavaFX Application Thread] DEBUG WindowService        - Removing overlay from FXGLLoadingScene and adding to GameScene
13:59:31.725 [JavaFX Application Thread] DEBUG MainWindow           - FXGLLoadingScene -> GameScene
13:59:34.248 [FXGL Background Thread 2 ] DEBUG Engine               - Logging environment variables
13:59:34.248 [FXGL Background Thread 2 ] DEBUG Engine               - achievements: []
13:59:34.248 [FXGL Background Thread 2 ] DEBUG Engine               - language: ObjectProperty [value: ENGLISH]
13:59:34.248 [FXGL Background Thread 2 ] DEBUG Engine               - isCloseConfirmation: false
13:59:34.248 [FXGL Background Thread 2 ] DEBUG Engine               - isProfilingEnabled: false
13:59:34.248 [FXGL Background Thread 2 ] DEBUG Engine               - soundNotification: core/notification.wav
13:59:34.248 [FXGL Background Thread 2 ] DEBUG Engine               - devShowBBoxProperty: BooleanProperty [value: false]
13:59:34.248 [FXGL Background Thread 2 ] DEBUG Engine               - pixelsPerMeter: 50.0
13:59:34.248 [FXGL Background Thread 2 ] DEBUG Engine               - appIcon: fxgl_icon.png
13:59:34.248 [FXGL Background Thread 2 ] DEBUG Engine               - soundMenuBack: menu/back.wav
13:59:34.248 [FXGL Background Thread 2 ] DEBUG Engine               - isFullScreenAllowed: false
13:59:34.248 [FXGL Background Thread 2 ] DEBUG Engine               - isIntroEnabled: false
13:59:34.249 [FXGL Background Thread 2 ] DEBUG Engine               - fontMono: lucida_console.ttf
13:59:34.249 [FXGL Background Thread 2 ] DEBUG Engine               - soundMenuSelect: menu/select.wav
13:59:34.249 [FXGL Background Thread 2 ] DEBUG Engine               - isWindows: true
13:59:34.249 [FXGL Background Thread 2 ] DEBUG Engine               - isMobile: false
13:59:34.249 [FXGL Background Thread 2 ] DEBUG Engine               - isUserProfileEnabled: false
13:59:34.249 [FXGL Background Thread 2 ] DEBUG Engine               - height: 640
13:59:34.249 [FXGL Background Thread 2 ] DEBUG Engine               - isExperimentalNative: false
13:59:34.249 [FXGL Background Thread 2 ] DEBUG Engine               - settings: Title: FriendMaker2077
Version: 0.1
Width: 640
Height: 640
Fullscreen: false
Intro: false
Menus: false
Profiling: false
Single step:false
App Mode: DEVELOPER
Menu Key: ESCAPE
Stage Style: DECORATED
Scene Factory: class ui.MenuFactory

13:59:34.249 [FXGL Background Thread 2 ] DEBUG Engine               - isSingleStep: false
13:59:34.249 [FXGL Background Thread 2 ] DEBUG Engine               - cSSList: [fxgl_dark.css]
13:59:34.249 [FXGL Background Thread 2 ] DEBUG Engine               - fontGame: Abel-Regular.ttf
13:59:34.249 [FXGL Background Thread 2 ] DEBUG Engine               - menuKey: ESCAPE
13:59:34.249 [FXGL Background Thread 2 ] DEBUG Engine               - devShowPositionProperty: BooleanProperty [value: false]
13:59:34.249 [FXGL Background Thread 2 ] DEBUG Engine               - versionCheckDays: 7
13:59:34.249 [FXGL Background Thread 2 ] DEBUG Engine               - configClass: Optional.empty
13:59:34.249 [FXGL Background Thread 2 ] DEBUG Engine               - isFullScreenFromStart: false
13:59:34.249 [FXGL Background Thread 2 ] DEBUG Engine               - version: 0.1
13:59:34.250 [FXGL Background Thread 2 ] DEBUG Engine               - fullScreen: BooleanProperty [value: false]
13:59:34.250 [FXGL Background Thread 2 ] DEBUG Engine               - randomSeed: -1
13:59:34.250 [FXGL Background Thread 2 ] DEBUG Engine               - gameDifficultyProperty: ObjectProperty [value: MEDIUM]
13:59:34.250 [FXGL Background Thread 2 ] DEBUG Engine               - applicationMode: DEVELOPER
13:59:34.250 [FXGL Background Thread 2 ] DEBUG Engine               - isMac: false
13:59:34.250 [FXGL Background Thread 2 ] DEBUG Engine               - isMenuEnabled: false
13:59:34.250 [FXGL Background Thread 2 ] DEBUG Engine               - profileName: StringProperty [value: DEFAULT]
13:59:34.250 [FXGL Background Thread 2 ] DEBUG Engine               - urlPOM: https://raw.githubusercontent.com/AlmasB/FXGL/master/pom.xml
13:59:34.250 [FXGL Background Thread 2 ] DEBUG Engine               - devSensorColorProperty: ObjectProperty [value: 0xffff00ff]
13:59:34.250 [FXGL Background Thread 2 ] DEBUG Engine               - notificationViewClass: class com.almasb.fxgl.notification.view.XboxNotificationView
13:59:34.250 [FXGL Background Thread 2 ] DEBUG Engine               - sceneFactory: ui.MenuFactory@43f494eb
13:59:34.250 [FXGL Background Thread 2 ] DEBUG Engine               - stageStyle: DECORATED
13:59:34.250 [FXGL Background Thread 2 ] DEBUG Engine               - isManualResizeEnabled: false
13:59:34.250 [FXGL Background Thread 2 ] DEBUG Engine               - title: FriendMaker2077
13:59:34.250 [FXGL Background Thread 2 ] DEBUG Engine               - platform: WINDOWS
13:59:34.250 [FXGL Background Thread 2 ] DEBUG Engine               - devBBoxColorProperty: ObjectProperty [value: 0xff0000ff]
13:59:34.251 [FXGL Background Thread 2 ] DEBUG Engine               - gameDifficulty: MEDIUM
13:59:34.251 [FXGL Background Thread 2 ] DEBUG Engine               - isDesktop: true
13:59:34.251 [FXGL Background Thread 2 ] DEBUG Engine               - supportedLanguages: [ENGLISH, FRENCH, GERMAN, HUNGARIAN, RUSSIAN]
13:59:34.251 [FXGL Background Thread 2 ] DEBUG Engine               - credits: []
13:59:34.251 [FXGL Background Thread 2 ] DEBUG Engine               - globalMusicVolumeProperty: DoubleProperty [value: 0.5]
13:59:34.251 [FXGL Background Thread 2 ] DEBUG Engine               - isPreserveResizeRatio: false
13:59:34.251 [FXGL Background Thread 2 ] DEBUG Engine               - fontText: Courier-Prime.ttf
13:59:34.251 [FXGL Background Thread 2 ] DEBUG Engine               - isExperimentalTiledLargeMap: false
13:59:34.251 [FXGL Background Thread 2 ] DEBUG Engine               - secondsIn24h: 60
13:59:34.251 [FXGL Background Thread 2 ] DEBUG Engine               - runtimeInfo: RuntimeInfo(platform=WINDOWS, version=11.8, build=08.03.2020 09.25)
13:59:34.251 [FXGL Background Thread 2 ] DEBUG Engine               - isLinux: false
13:59:34.251 [FXGL Background Thread 2 ] DEBUG Engine               - soundMenuPress: menu/press.wav
13:59:34.251 [FXGL Background Thread 2 ] DEBUG Engine               - urlGithub: https://github.com/AlmasB/FXGL
13:59:34.251 [FXGL Background Thread 2 ] DEBUG Engine               - profileDir: profiles/
13:59:34.251 [FXGL Background Thread 2 ] DEBUG Engine               - isDeveloperMenuEnabled: false
13:59:34.251 [FXGL Background Thread 2 ] DEBUG Engine               - globalSoundVolumeProperty: DoubleProperty [value: 0.5]
13:59:34.251 [FXGL Background Thread 2 ] DEBUG Engine               - mainWindow: com.almasb.fxgl.app.MainWindow@47cb084d
13:59:34.251 [FXGL Background Thread 2 ] DEBUG Engine               - isBrowser: false
13:59:34.252 [FXGL Background Thread 2 ] DEBUG Engine               - urlLeaderboard: http://fxgl-top.herokuapp.com/
13:59:34.252 [FXGL Background Thread 2 ] DEBUG Engine               - globalSoundVolume: 0.5
13:59:34.252 [FXGL Background Thread 2 ] DEBUG Engine               - engineServices: [class com.almasb.fxgl.app.GameApplication$GameApplicationService, class com.almasb.fxgl.app.services.WindowService, class com.almasb.fxgl.app.services.FXGLDialogService, class com.almasb.fxgl.app.services.IOTaskExecutorService, class com.almasb.fxgl.event.EventBusService, class com.almasb.fxgl.io.FileSystemService, class com.almasb.fxgl.localization.LocalizationService, class com.almasb.fxgl.app.services.AssetLoaderService, class com.almasb.fxgl.app.services.SystemBundleService, class com.almasb.fxgl.profile.SaveLoadService, class com.almasb.fxgl.ui.FXGLUIFactoryServiceProvider, class com.almasb.fxgl.ui.FXGLDialogFactoryServiceProvider, class com.almasb.fxgl.audio.AudioPlayer, class com.almasb.fxgl.notification.impl.NotificationServiceProvider, class com.almasb.fxgl.achievement.AchievementService, class com.almasb.fxgl.cutscene.CutsceneService, class com.almasb.fxgl.minigames.MiniGameService, class com.almasb.fxgl.net.NetService, class com.almasb.fxgl.app.services.UpdaterService]
13:59:34.252 [FXGL Background Thread 2 ] DEBUG Engine               - globalMusicVolume: 0.5
13:59:34.252 [FXGL Background Thread 2 ] DEBUG Engine               - width: 640
13:59:34.252 [FXGL Background Thread 2 ] DEBUG Engine               - saveFileExt: sav
13:59:34.252 [FXGL Background Thread 2 ] DEBUG Engine               - isAndroid: false
13:59:34.252 [FXGL Background Thread 2 ] DEBUG Engine               - fontUI: VarelaRound-Regular.ttf
13:59:34.252 [FXGL Background Thread 2 ] DEBUG Engine               - isIOS: false
13:59:34.252 [FXGL Background Thread 2 ] DEBUG Engine               - enabledMenuItems: []
13:59:34.252 [FXGL Background Thread 2 ] DEBUG Engine               - Logging services
13:59:34.252 [FXGL Background Thread 2 ] DEBUG Engine               - class com.almasb.fxgl.app.GameApplication$GameApplicationService
13:59:34.252 [FXGL Background Thread 2 ] DEBUG Engine               - class com.almasb.fxgl.app.services.WindowService
13:59:34.252 [FXGL Background Thread 2 ] DEBUG Engine               - class com.almasb.fxgl.app.services.FXGLDialogService
13:59:34.252 [FXGL Background Thread 2 ] DEBUG Engine               - class com.almasb.fxgl.app.services.IOTaskExecutorService
13:59:34.252 [FXGL Background Thread 2 ] DEBUG Engine               - class com.almasb.fxgl.event.EventBusService
13:59:34.252 [FXGL Background Thread 2 ] DEBUG Engine               - class com.almasb.fxgl.io.FileSystemService
13:59:34.253 [FXGL Background Thread 2 ] DEBUG Engine               - class com.almasb.fxgl.localization.LocalizationService
13:59:34.253 [FXGL Background Thread 2 ] DEBUG Engine               - class com.almasb.fxgl.app.services.AssetLoaderService
13:59:34.253 [FXGL Background Thread 2 ] DEBUG Engine               - class com.almasb.fxgl.app.services.SystemBundleService
13:59:34.253 [FXGL Background Thread 2 ] DEBUG Engine               - class com.almasb.fxgl.profile.SaveLoadService
13:59:34.253 [FXGL Background Thread 2 ] DEBUG Engine               - class com.almasb.fxgl.ui.FXGLUIFactoryServiceProvider
13:59:34.253 [FXGL Background Thread 2 ] DEBUG Engine               - class com.almasb.fxgl.ui.FXGLDialogFactoryServiceProvider
13:59:34.253 [FXGL Background Thread 2 ] DEBUG Engine               - class com.almasb.fxgl.audio.AudioPlayer
13:59:34.253 [FXGL Background Thread 2 ] DEBUG Engine               - class com.almasb.fxgl.notification.impl.NotificationServiceProvider
13:59:34.253 [FXGL Background Thread 2 ] DEBUG Engine               - class com.almasb.fxgl.achievement.AchievementService
13:59:34.253 [FXGL Background Thread 2 ] DEBUG Engine               - class com.almasb.fxgl.cutscene.CutsceneService
13:59:34.253 [FXGL Background Thread 2 ] DEBUG Engine               - class com.almasb.fxgl.minigames.MiniGameService
13:59:34.253 [FXGL Background Thread 2 ] DEBUG Engine               - class com.almasb.fxgl.net.NetService
13:59:34.253 [FXGL Background Thread 2 ] DEBUG Engine               - class com.almasb.fxgl.app.services.UpdaterService
13:59:47.052 [JavaFX Application Thread] DEBUG AssetLoaderService   - Loading from file system: /assets/sounds/bump.wav
13:59:55.228 [JavaFX Application Thread] DEBUG AssetLoaderService   - Loading from cache: /assets/sounds/bump.wav
13:59:55.260 [JavaFX Application Thread] DEBUG AssetLoaderService   - Loading from cache: /assets/sounds/bump.wav
13:59:55.291 [JavaFX Application Thread] DEBUG AssetLoaderService   - Loading from cache: /assets/sounds/bump.wav
13:59:55.323 [JavaFX Application Thread] DEBUG AssetLoaderService   - Loading from cache: /assets/sounds/bump.wav
13:59:55.355 [JavaFX Application Thread] DEBUG AssetLoaderService   - Loading from cache: /assets/sounds/bump.wav
13:59:55.387 [JavaFX Application Thread] DEBUG AssetLoaderService   - Loading from cache: /assets/sounds/bump.wav
13:59:55.419 [JavaFX Application Thread] DEBUG AssetLoaderService   - Loading from cache: /assets/sounds/bump.wav
13:59:55.451 [JavaFX Application Thread] DEBUG AssetLoaderService   - Loading from cache: /assets/sounds/bump.wav
13:59:55.483 [JavaFX Application Thread] DEBUG AssetLoaderService   - Loading from cache: /assets/sounds/bump.wav
13:59:55.547 [JavaFX Application Thread] DEBUG AssetLoaderService   - Loading from cache: /assets/sounds/bump.wav
14:00:10.972 [JavaFX Application Thread] DEBUG AssetLoaderService   - Loading from cache: /assets/sounds/bump.wav
14:00:12.443 [JavaFX Application Thread] DEBUG AssetLoaderService   - Loading from cache: /assets/sounds/bump.wav
14:00:12.475 [JavaFX Application Thread] DEBUG AssetLoaderService   - Loading from cache: /assets/sounds/bump.wav
14:00:12.651 [JavaFX Application Thread] DEBUG AssetLoaderService   - Loading from cache: /assets/sounds/bump.wav
14:00:12.683 [JavaFX Application Thread] DEBUG AssetLoaderService   - Loading from cache: /assets/sounds/bump.wav
14:00:15.771 [JavaFX Application Thread] DEBUG AssetLoaderService   - Loading from cache: /assets/sounds/bump.wav
14:00:16.651 [JavaFX Application Thread] DEBUG AssetLoaderService   - Loading from cache: /assets/sounds/bump.wav
14:00:17.339 [JavaFX Application Thread] DEBUG AssetLoaderService   - Loading from cache: /assets/sounds/bump.wav
14:00:18.940 [JavaFX Application Thread] DEBUG AssetLoaderService   - Loading from cache: /assets/sounds/bump.wav
14:00:20.668 [JavaFX Application Thread] DEBUG AssetLoaderService   - Loading from cache: /assets/sounds/bump.wav
14:00:20.700 [JavaFX Application Thread] DEBUG AssetLoaderService   - Loading from cache: /assets/sounds/bump.wav
14:00:20.732 [JavaFX Application Thread] DEBUG AssetLoaderService   - Loading from cache: /assets/sounds/bump.wav
14:00:20.764 [JavaFX Application Thread] DEBUG AssetLoaderService   - Loading from cache: /assets/sounds/bump.wav
14:00:20.796 [JavaFX Application Thread] DEBUG AssetLoaderService   - Loading from cache: /assets/sounds/bump.wav
14:00:20.828 [JavaFX Application Thread] DEBUG AssetLoaderService   - Loading from cache: /assets/sounds/bump.wav
14:00:20.860 [JavaFX Application Thread] DEBUG AssetLoaderService   - Loading from cache: /assets/sounds/bump.wav
14:00:20.892 [JavaFX Application Thread] DEBUG AssetLoaderService   - Loading from cache: /assets/sounds/bump.wav
14:00:21.212 [JavaFX Application Thread] DEBUG AssetLoaderService   - Loading from cache: /assets/sounds/bump.wav
14:00:21.260 [JavaFX Application Thread] DEBUG AssetLoaderService   - Loading from cache: /assets/sounds/bump.wav
14:00:21.292 [JavaFX Application Thread] DEBUG AssetLoaderService   - Loading from cache: /assets/sounds/bump.wav
14:00:21.340 [JavaFX Application Thread] DEBUG AssetLoaderService   - Loading from cache: /assets/sounds/bump.wav
14:00:21.372 [JavaFX Application Thread] DEBUG AssetLoaderService   - Loading from cache: /assets/sounds/bump.wav
14:00:21.404 [JavaFX Application Thread] DEBUG AssetLoaderService   - Loading from cache: /assets/sounds/bump.wav
14:00:21.436 [JavaFX Application Thread] DEBUG AssetLoaderService   - Loading from cache: /assets/sounds/bump.wav
14:00:21.468 [JavaFX Application Thread] DEBUG AssetLoaderService   - Loading from cache: /assets/sounds/bump.wav
14:00:21.500 [JavaFX Application Thread] DEBUG AssetLoaderService   - Loading from cache: /assets/sounds/bump.wav
14:00:21.532 [JavaFX Application Thread] DEBUG AssetLoaderService   - Loading from cache: /assets/sounds/bump.wav
14:00:22.460 [JavaFX Application Thread] DEBUG AssetLoaderService   - Loading from cache: /assets/sounds/bump.wav
14:00:22.971 [JavaFX Application Thread] DEBUG AssetLoaderService   - Loading from cache: /assets/sounds/bump.wav
14:00:24.795 [JavaFX Application Thread] DEBUG AssetLoaderService   - Loading from cache: /assets/sounds/bump.wav
14:00:25.452 [JavaFX Application Thread] DEBUG AssetLoaderService   - Loading from cache: /assets/sounds/bump.wav
14:00:26.556 [JavaFX Application Thread] DEBUG AssetLoaderService   - Loading from cache: /assets/sounds/bump.wav
14:00:28.988 [JavaFX Application Thread] DEBUG AssetLoaderService   - Loading from cache: /assets/sounds/bump.wav
14:00:29.020 [JavaFX Application Thread] DEBUG AssetLoaderService   - Loading from cache: /assets/sounds/bump.wav
14:00:29.052 [JavaFX Application Thread] DEBUG AssetLoaderService   - Loading from cache: /assets/sounds/bump.wav
14:00:29.084 [JavaFX Application Thread] DEBUG AssetLoaderService   - Loading from cache: /assets/sounds/bump.wav
14:00:29.116 [JavaFX Application Thread] DEBUG AssetLoaderService   - Loading from cache: /assets/sounds/bump.wav
14:00:29.180 [JavaFX Application Thread] DEBUG AssetLoaderService   - Loading from cache: /assets/sounds/bump.wav
14:00:29.212 [JavaFX Application Thread] DEBUG AssetLoaderService   - Loading from cache: /assets/sounds/bump.wav
14:00:29.244 [JavaFX Application Thread] DEBUG AssetLoaderService   - Loading from cache: /assets/sounds/bump.wav
14:00:29.276 [JavaFX Application Thread] DEBUG AssetLoaderService   - Loading from cache: /assets/sounds/bump.wav
14:00:30.348 [JavaFX Application Thread] DEBUG AssetLoaderService   - Loading from cache: /assets/sounds/bump.wav
14:00:32.092 [JavaFX Application Thread] DEBUG AssetLoaderService   - Loading from cache: /assets/sounds/bump.wav
14:00:32.364 [JavaFX Application Thread] DEBUG AssetLoaderService   - Loading from cache: /assets/sounds/bump.wav
14:00:33.692 [JavaFX Application Thread] DEBUG AssetLoaderService   - Loading from cache: /assets/sounds/bump.wav
14:00:34.348 [JavaFX Application Thread] DEBUG AssetLoaderService   - Loading from cache: /assets/sounds/bump.wav
14:00:34.892 [JavaFX Application Thread] DEBUG AssetLoaderService   - Loading from cache: /assets/sounds/bump.wav
14:00:36.396 [JavaFX Application Thread] DEBUG AssetLoaderService   - Loading from cache: /assets/sounds/bump.wav
14:00:37.340 [JavaFX Application Thread] DEBUG AssetLoaderService   - Loading from cache: /assets/sounds/bump.wav
14:00:38.172 [JavaFX Application Thread] DEBUG AssetLoaderService   - Loading from cache: /assets/sounds/bump.wav
14:00:38.204 [JavaFX Application Thread] DEBUG AssetLoaderService   - Loading from cache: /assets/sounds/bump.wav
14:00:38.236 [JavaFX Application Thread] DEBUG AssetLoaderService   - Loading from cache: /assets/sounds/bump.wav
14:00:38.268 [JavaFX Application Thread] DEBUG AssetLoaderService   - Loading from cache: /assets/sounds/bump.wav
14:00:38.300 [JavaFX Application Thread] DEBUG AssetLoaderService   - Loading from cache: /assets/sounds/bump.wav
14:00:38.332 [JavaFX Application Thread] DEBUG AssetLoaderService   - Loading from cache: /assets/sounds/bump.wav
14:00:38.364 [JavaFX Application Thread] DEBUG AssetLoaderService   - Loading from cache: /assets/sounds/bump.wav
14:00:38.396 [JavaFX Application Thread] DEBUG AssetLoaderService   - Loading from cache: /assets/sounds/bump.wav
14:00:38.444 [JavaFX Application Thread] DEBUG AssetLoaderService   - Loading from cache: /assets/sounds/bump.wav
14:00:38.476 [JavaFX Application Thread] DEBUG AssetLoaderService   - Loading from cache: /assets/sounds/bump.wav
14:00:38.524 [JavaFX Application Thread] DEBUG AssetLoaderService   - Loading from cache: /assets/sounds/bump.wav
14:00:38.556 [JavaFX Application Thread] DEBUG AssetLoaderService   - Loading from cache: /assets/sounds/bump.wav
14:00:38.588 [JavaFX Application Thread] DEBUG AssetLoaderService   - Loading from cache: /assets/sounds/bump.wav
14:00:38.620 [JavaFX Application Thread] DEBUG AssetLoaderService   - Loading from cache: /assets/sounds/bump.wav
14:00:38.652 [JavaFX Application Thread] DEBUG AssetLoaderService   - Loading from cache: /assets/sounds/bump.wav
14:00:38.684 [JavaFX Application Thread] DEBUG AssetLoaderService   - Loading from cache: /assets/sounds/bump.wav
14:00:38.716 [JavaFX Application Thread] DEBUG AssetLoaderService   - Loading from cache: /assets/sounds/bump.wav
14:00:38.748 [JavaFX Application Thread] DEBUG AssetLoaderService   - Loading from cache: /assets/sounds/bump.wav
14:00:38.796 [JavaFX Application Thread] DEBUG AssetLoaderService   - Loading from cache: /assets/sounds/bump.wav
14:00:38.828 [JavaFX Application Thread] DEBUG AssetLoaderService   - Loading from cache: /assets/sounds/bump.wav
14:00:38.860 [JavaFX Application Thread] DEBUG AssetLoaderService   - Loading from cache: /assets/sounds/bump.wav
14:00:38.908 [JavaFX Application Thread] DEBUG AssetLoaderService   - Loading from cache: /assets/sounds/bump.wav
14:00:38.940 [JavaFX Application Thread] DEBUG AssetLoaderService   - Loading from cache: /assets/sounds/bump.wav
14:00:38.972 [JavaFX Application Thread] DEBUG AssetLoaderService   - Loading from cache: /assets/sounds/bump.wav
14:00:39.004 [JavaFX Application Thread] DEBUG AssetLoaderService   - Loading from cache: /assets/sounds/bump.wav
14:00:39.036 [JavaFX Application Thread] DEBUG AssetLoaderService   - Loading from cache: /assets/sounds/bump.wav
14:00:39.068 [JavaFX Application Thread] DEBUG AssetLoaderService   - Loading from cache: /assets/sounds/bump.wav
14:00:39.100 [JavaFX Application Thread] DEBUG AssetLoaderService   - Loading from cache: /assets/sounds/bump.wav
14:00:39.148 [JavaFX Application Thread] DEBUG AssetLoaderService   - Loading from cache: /assets/sounds/bump.wav
14:00:39.180 [JavaFX Application Thread] DEBUG AssetLoaderService   - Loading from cache: /assets/sounds/bump.wav
14:00:39.212 [JavaFX Application Thread] DEBUG AssetLoaderService   - Loading from cache: /assets/sounds/bump.wav
14:00:39.244 [JavaFX Application Thread] DEBUG AssetLoaderService   - Loading from cache: /assets/sounds/bump.wav
14:00:39.292 [JavaFX Application Thread] DEBUG AssetLoaderService   - Loading from cache: /assets/sounds/bump.wav
14:00:39.324 [JavaFX Application Thread] DEBUG AssetLoaderService   - Loading from cache: /assets/sounds/bump.wav
14:00:39.356 [JavaFX Application Thread] DEBUG AssetLoaderService   - Loading from cache: /assets/sounds/bump.wav
14:00:39.388 [JavaFX Application Thread] DEBUG AssetLoaderService   - Loading from cache: /assets/sounds/bump.wav
14:00:39.420 [JavaFX Application Thread] DEBUG AssetLoaderService   - Loading from cache: /assets/sounds/bump.wav
14:00:39.452 [JavaFX Application Thread] DEBUG AssetLoaderService   - Loading from cache: /assets/sounds/bump.wav
14:00:39.499 [JavaFX Application Thread] DEBUG AssetLoaderService   - Loading from cache: /assets/sounds/bump.wav
14:00:39.531 [JavaFX Application Thread] DEBUG AssetLoaderService   - Loading from cache: /assets/sounds/bump.wav
14:00:39.563 [JavaFX Application Thread] DEBUG AssetLoaderService   - Loading from cache: /assets/sounds/bump.wav
14:00:39.595 [JavaFX Application Thread] DEBUG AssetLoaderService   - Loading from cache: /assets/sounds/bump.wav
14:00:39.627 [JavaFX Application Thread] DEBUG AssetLoaderService   - Loading from cache: /assets/sounds/bump.wav
14:00:39.675 [JavaFX Application Thread] DEBUG AssetLoaderService   - Loading from cache: /assets/sounds/bump.wav
14:00:39.707 [JavaFX Application Thread] DEBUG AssetLoaderService   - Loading from cache: /assets/sounds/bump.wav
14:00:39.739 [JavaFX Application Thread] DEBUG AssetLoaderService   - Loading from cache: /assets/sounds/bump.wav
14:00:39.771 [JavaFX Application Thread] DEBUG AssetLoaderService   - Loading from cache: /assets/sounds/bump.wav
14:00:39.803 [JavaFX Application Thread] DEBUG AssetLoaderService   - Loading from cache: /assets/sounds/bump.wav
14:00:39.851 [JavaFX Application Thread] DEBUG AssetLoaderService   - Loading from cache: /assets/sounds/bump.wav
14:00:39.883 [JavaFX Application Thread] DEBUG AssetLoaderService   - Loading from cache: /assets/sounds/bump.wav
14:00:39.915 [JavaFX Application Thread] DEBUG AssetLoaderService   - Loading from cache: /assets/sounds/bump.wav
14:00:39.947 [JavaFX Application Thread] DEBUG AssetLoaderService   - Loading from cache: /assets/sounds/bump.wav
14:00:39.979 [JavaFX Application Thread] DEBUG AssetLoaderService   - Loading from cache: /assets/sounds/bump.wav
14:00:40.011 [JavaFX Application Thread] DEBUG AssetLoaderService   - Loading from cache: /assets/sounds/bump.wav
14:00:40.059 [JavaFX Application Thread] DEBUG AssetLoaderService   - Loading from cache: /assets/sounds/bump.wav
14:00:40.091 [JavaFX Application Thread] DEBUG AssetLoaderService   - Loading from cache: /assets/sounds/bump.wav
14:00:40.123 [JavaFX Application Thread] DEBUG AssetLoaderService   - Loading from cache: /assets/sounds/bump.wav
14:00:40.155 [JavaFX Application Thread] DEBUG AssetLoaderService   - Loading from cache: /assets/sounds/bump.wav
14:00:40.203 [JavaFX Application Thread] DEBUG AssetLoaderService   - Loading from cache: /assets/sounds/bump.wav
14:00:40.235 [JavaFX Application Thread] DEBUG AssetLoaderService   - Loading from cache: /assets/sounds/bump.wav
14:00:40.267 [JavaFX Application Thread] DEBUG AssetLoaderService   - Loading from cache: /assets/sounds/bump.wav
14:00:40.299 [JavaFX Application Thread] DEBUG AssetLoaderService   - Loading from cache: /assets/sounds/bump.wav
14:00:40.331 [JavaFX Application Thread] DEBUG AssetLoaderService   - Loading from cache: /assets/sounds/bump.wav
14:00:40.363 [JavaFX Application Thread] DEBUG AssetLoaderService   - Loading from cache: /assets/sounds/bump.wav
14:00:40.395 [JavaFX Application Thread] DEBUG AssetLoaderService   - Loading from cache: /assets/sounds/bump.wav
14:00:40.427 [JavaFX Application Thread] DEBUG AssetLoaderService   - Loading from cache: /assets/sounds/bump.wav
14:00:40.475 [JavaFX Application Thread] DEBUG AssetLoaderService   - Loading from cache: /assets/sounds/bump.wav
14:00:40.507 [JavaFX Application Thread] DEBUG AssetLoaderService   - Loading from cache: /assets/sounds/bump.wav
14:00:40.555 [JavaFX Application Thread] DEBUG AssetLoaderService   - Loading from cache: /assets/sounds/bump.wav
14:00:40.587 [JavaFX Application Thread] DEBUG AssetLoaderService   - Loading from cache: /assets/sounds/bump.wav
14:00:40.619 [JavaFX Application Thread] DEBUG AssetLoaderService   - Loading from cache: /assets/sounds/bump.wav
14:00:40.651 [JavaFX Application Thread] DEBUG AssetLoaderService   - Loading from cache: /assets/sounds/bump.wav
14:00:40.683 [JavaFX Application Thread] DEBUG AssetLoaderService   - Loading from cache: /assets/sounds/bump.wav
14:00:40.715 [JavaFX Application Thread] DEBUG AssetLoaderService   - Loading from cache: /assets/sounds/bump.wav
14:00:40.747 [JavaFX Application Thread] DEBUG AssetLoaderService   - Loading from cache: /assets/sounds/bump.wav
14:00:44.971 [JavaFX Application Thread] DEBUG AssetLoaderService   - Loading from cache: /assets/sounds/bump.wav
14:00:45.835 [JavaFX Application Thread] DEBUG AssetLoaderService   - Loading from cache: /assets/sounds/bump.wav
14:00:46.444 [JavaFX Application Thread] DEBUG AssetLoaderService   - Loading from cache: /assets/sounds/bump.wav
14:00:47.244 [JavaFX Application Thread] DEBUG AssetLoaderService   - Loading from cache: /assets/sounds/bump.wav
14:00:47.915 [JavaFX Application Thread] DEBUG AssetLoaderService   - Loading from cache: /assets/sounds/bump.wav
14:00:48.411 [JavaFX Application Thread] DEBUG AssetLoaderService   - Loading from cache: /assets/sounds/bump.wav
14:00:55.323 [JavaFX Application Thread] DEBUG AssetLoaderService   - Loading from cache: /assets/sounds/bump.wav
14:00:55.371 [JavaFX Application Thread] DEBUG AssetLoaderService   - Loading from cache: /assets/sounds/bump.wav
14:00:55.403 [JavaFX Application Thread] DEBUG AssetLoaderService   - Loading from cache: /assets/sounds/bump.wav
14:00:55.436 [JavaFX Application Thread] DEBUG AssetLoaderService   - Loading from cache: /assets/sounds/bump.wav
14:01:02.556 [JavaFX Application Thread] DEBUG AssetLoaderService   - Loading from file system: /assets/sounds/move.wav
14:01:02.561 [JavaFX Application Thread] DEBUG Input                - Registered new binding: Next RPG Line - Enter
14:01:02.561 [JavaFX Application Thread] DEBUG MainWindow           - Push state: CutsceneScene
14:01:02.561 [JavaFX Application Thread] DEBUG Input                - Clearing active input actions
14:01:02.562 [JavaFX Application Thread] DEBUG WindowService        - Removing overlay from GameScene and adding to CutsceneScene
14:01:02.562 [JavaFX Application Thread] DEBUG MainWindow           - GameScene -> CutsceneScene
14:01:02.562 [JavaFX Application Thread] DEBUG GameWorld            - Clearing removable entities
14:01:02.569 [JavaFX Application Thread] DEBUG GameWorld            - Setting level: com.almasb.fxgl.entity.level.Level@7319143e
14:01:07.035 [JavaFX Application Thread] DEBUG MainWindow           - Pop state: CutsceneScene
14:01:07.035 [JavaFX Application Thread] DEBUG Input                - Clearing active input actions
14:01:07.035 [JavaFX Application Thread] DEBUG WindowService        - Removing overlay from CutsceneScene and adding to GameScene
14:01:07.035 [JavaFX Application Thread] DEBUG MainWindow           - GameScene <- CutsceneScene
14:01:07.051 [JavaFX Application Thread] DEBUG GameWorld            - Clearing removable entities
14:01:07.051 [JavaFX Application Thread] DEBUG GameWorld            - Setting level: com.almasb.fxgl.entity.level.Level@3e62da67
14:01:07.053 [JavaFX Application Thread] DEBUG GameWorld            - Clearing removable entities
14:01:07.053 [JavaFX Application Thread] DEBUG GameWorld            - Setting level: com.almasb.fxgl.entity.level.Level@6961cdd0
14:01:07.067 [JavaFX Application Thread] DEBUG GameWorld            - Clearing removable entities
14:01:07.067 [JavaFX Application Thread] DEBUG GameWorld            - Setting level: com.almasb.fxgl.entity.level.Level@19a57231
14:01:07.083 [JavaFX Application Thread] DEBUG GameWorld            - Clearing removable entities
14:01:07.083 [JavaFX Application Thread] DEBUG GameWorld            - Setting level: com.almasb.fxgl.entity.level.Level@5ae4448d
14:01:07.099 [JavaFX Application Thread] DEBUG GameWorld            - Clearing removable entities
14:01:07.099 [JavaFX Application Thread] DEBUG GameWorld            - Setting level: com.almasb.fxgl.entity.level.Level@727d0c54
14:01:07.115 [JavaFX Application Thread] DEBUG GameWorld            - Clearing removable entities
14:01:07.115 [JavaFX Application Thread] DEBUG GameWorld            - Setting level: com.almasb.fxgl.entity.level.Level@15955086
14:01:07.132 [JavaFX Application Thread] DEBUG GameWorld            - Clearing removable entities
14:01:07.132 [JavaFX Application Thread] DEBUG GameWorld            - Setting level: com.almasb.fxgl.entity.level.Level@27939cff
14:01:07.148 [JavaFX Application Thread] DEBUG GameWorld            - Clearing removable entities
14:01:07.148 [JavaFX Application Thread] DEBUG GameWorld            - Setting level: com.almasb.fxgl.entity.level.Level@5fab74ac
14:01:07.164 [JavaFX Application Thread] DEBUG GameWorld            - Clearing removable entities
14:01:07.164 [JavaFX Application Thread] DEBUG GameWorld            - Setting level: com.almasb.fxgl.entity.level.Level@45aedca1
14:01:07.180 [JavaFX Application Thread] DEBUG GameWorld            - Clearing removable entities
14:01:07.180 [JavaFX Application Thread] DEBUG GameWorld            - Setting level: com.almasb.fxgl.entity.level.Level@7a00b5f2
14:01:07.196 [JavaFX Application Thread] DEBUG GameWorld            - Clearing removable entities
14:01:07.196 [JavaFX Application Thread] DEBUG GameWorld            - Setting level: com.almasb.fxgl.entity.level.Level@41cfaa29
14:01:07.212 [JavaFX Application Thread] DEBUG GameWorld            - Clearing removable entities
14:01:07.212 [JavaFX Application Thread] DEBUG GameWorld            - Setting level: com.almasb.fxgl.entity.level.Level@4545a8a8
14:01:07.228 [JavaFX Application Thread] DEBUG GameWorld            - Clearing removable entities
14:01:07.228 [JavaFX Application Thread] DEBUG GameWorld            - Setting level: com.almasb.fxgl.entity.level.Level@76bd3f75
14:01:07.244 [JavaFX Application Thread] DEBUG GameWorld            - Clearing removable entities
14:01:07.244 [JavaFX Application Thread] DEBUG GameWorld            - Setting level: com.almasb.fxgl.entity.level.Level@96dab75
14:01:07.260 [JavaFX Application Thread] DEBUG GameWorld            - Clearing removable entities
14:01:07.260 [JavaFX Application Thread] DEBUG GameWorld            - Setting level: com.almasb.fxgl.entity.level.Level@354fc693
14:01:07.276 [JavaFX Application Thread] DEBUG GameWorld            - Clearing removable entities
14:01:07.276 [JavaFX Application Thread] DEBUG GameWorld            - Setting level: com.almasb.fxgl.entity.level.Level@5d27287a
14:01:07.292 [JavaFX Application Thread] DEBUG GameWorld            - Clearing removable entities
14:01:07.292 [JavaFX Application Thread] DEBUG GameWorld            - Setting level: com.almasb.fxgl.entity.level.Level@427ef23c
14:01:07.308 [JavaFX Application Thread] DEBUG GameWorld            - Clearing removable entities
14:01:07.308 [JavaFX Application Thread] DEBUG GameWorld            - Setting level: com.almasb.fxgl.entity.level.Level@26accf05
14:01:07.324 [JavaFX Application Thread] DEBUG GameWorld            - Clearing removable entities
14:01:07.324 [JavaFX Application Thread] DEBUG GameWorld            - Setting level: com.almasb.fxgl.entity.level.Level@6d9cfe1d
14:01:07.340 [JavaFX Application Thread] DEBUG GameWorld            - Clearing removable entities
14:01:07.340 [JavaFX Application Thread] DEBUG GameWorld            - Setting level: com.almasb.fxgl.entity.level.Level@99c7f2c
14:01:07.356 [JavaFX Application Thread] DEBUG GameWorld            - Clearing removable entities
14:01:07.356 [JavaFX Application Thread] DEBUG GameWorld            - Setting level: com.almasb.fxgl.entity.level.Level@3cc69331
14:01:07.372 [JavaFX Application Thread] DEBUG GameWorld            - Clearing removable entities
14:01:07.372 [JavaFX Application Thread] DEBUG GameWorld            - Setting level: com.almasb.fxgl.entity.level.Level@7cd2a74b
14:01:07.388 [JavaFX Application Thread] DEBUG GameWorld            - Clearing removable entities
14:01:07.388 [JavaFX Application Thread] DEBUG GameWorld            - Setting level: com.almasb.fxgl.entity.level.Level@76b4c2da
14:01:07.404 [JavaFX Application Thread] DEBUG GameWorld            - Clearing removable entities
14:01:07.404 [JavaFX Application Thread] DEBUG GameWorld            - Setting level: com.almasb.fxgl.entity.level.Level@1cbba63f
14:01:07.420 [JavaFX Application Thread] DEBUG GameWorld            - Clearing removable entities
14:01:07.420 [JavaFX Application Thread] DEBUG GameWorld            - Setting level: com.almasb.fxgl.entity.level.Level@14ecf182
14:01:07.436 [JavaFX Application Thread] DEBUG GameWorld            - Clearing removable entities
14:01:07.436 [JavaFX Application Thread] DEBUG GameWorld            - Setting level: com.almasb.fxgl.entity.level.Level@7d6df4ab
14:01:07.452 [JavaFX Application Thread] DEBUG GameWorld            - Clearing removable entities
14:01:07.452 [JavaFX Application Thread] DEBUG GameWorld            - Setting level: com.almasb.fxgl.entity.level.Level@2d9f5bce
14:01:07.468 [JavaFX Application Thread] DEBUG GameWorld            - Clearing removable entities
14:01:07.468 [JavaFX Application Thread] DEBUG GameWorld            - Setting level: com.almasb.fxgl.entity.level.Level@6c549a1c
14:01:07.483 [JavaFX Application Thread] DEBUG GameWorld            - Clearing removable entities
14:01:07.483 [JavaFX Application Thread] DEBUG GameWorld            - Setting level: com.almasb.fxgl.entity.level.Level@1fc706f5
14:01:07.499 [JavaFX Application Thread] DEBUG GameWorld            - Clearing removable entities
14:01:07.499 [JavaFX Application Thread] DEBUG GameWorld            - Setting level: com.almasb.fxgl.entity.level.Level@d9d610a
14:01:07.515 [JavaFX Application Thread] DEBUG GameWorld            - Clearing removable entities
14:01:07.515 [JavaFX Application Thread] DEBUG GameWorld            - Setting level: com.almasb.fxgl.entity.level.Level@5a8b1a5c
14:01:07.531 [JavaFX Application Thread] DEBUG GameWorld            - Clearing removable entities
14:01:07.531 [JavaFX Application Thread] DEBUG GameWorld            - Setting level: com.almasb.fxgl.entity.level.Level@1247ff6b
14:01:07.547 [JavaFX Application Thread] DEBUG GameWorld            - Clearing removable entities
14:01:07.547 [JavaFX Application Thread] DEBUG GameWorld            - Setting level: com.almasb.fxgl.entity.level.Level@3590b378
14:01:07.563 [JavaFX Application Thread] DEBUG GameWorld            - Clearing removable entities
14:01:07.563 [JavaFX Application Thread] DEBUG GameWorld            - Setting level: com.almasb.fxgl.entity.level.Level@536301f1
14:01:07.579 [JavaFX Application Thread] DEBUG GameWorld            - Clearing removable entities
14:01:07.579 [JavaFX Application Thread] DEBUG GameWorld            - Setting level: com.almasb.fxgl.entity.level.Level@51b8b83b
14:01:07.595 [JavaFX Application Thread] DEBUG GameWorld            - Clearing removable entities
14:01:07.595 [JavaFX Application Thread] DEBUG GameWorld            - Setting level: com.almasb.fxgl.entity.level.Level@7ca9a9c0
14:01:07.611 [JavaFX Application Thread] DEBUG GameWorld            - Clearing removable entities
14:01:07.611 [JavaFX Application Thread] DEBUG GameWorld            - Setting level: com.almasb.fxgl.entity.level.Level@4c92ce5e
14:01:07.627 [JavaFX Application Thread] DEBUG GameWorld            - Clearing removable entities
14:01:07.627 [JavaFX Application Thread] DEBUG GameWorld            - Setting level: com.almasb.fxgl.entity.level.Level@73532b4
14:01:07.643 [JavaFX Application Thread] DEBUG GameWorld            - Clearing removable entities
14:01:07.643 [JavaFX Application Thread] DEBUG GameWorld            - Setting level: com.almasb.fxgl.entity.level.Level@13d82b09
14:01:07.659 [JavaFX Application Thread] DEBUG GameWorld            - Clearing removable entities
14:01:07.659 [JavaFX Application Thread] DEBUG GameWorld            - Setting level: com.almasb.fxgl.entity.level.Level@228e771b
14:01:07.675 [JavaFX Application Thread] DEBUG GameWorld            - Clearing removable entities
14:01:07.675 [JavaFX Application Thread] DEBUG GameWorld            - Setting level: com.almasb.fxgl.entity.level.Level@7834ad2a
14:01:07.691 [JavaFX Application Thread] DEBUG GameWorld            - Clearing removable entities
14:01:07.691 [JavaFX Application Thread] DEBUG GameWorld            - Setting level: com.almasb.fxgl.entity.level.Level@563a900a
14:01:07.707 [JavaFX Application Thread] DEBUG GameWorld            - Clearing removable entities
14:01:07.707 [JavaFX Application Thread] DEBUG GameWorld            - Setting level: com.almasb.fxgl.entity.level.Level@4e869a7
14:01:07.723 [JavaFX Application Thread] DEBUG GameWorld            - Clearing removable entities
14:01:07.723 [JavaFX Application Thread] DEBUG GameWorld            - Setting level: com.almasb.fxgl.entity.level.Level@558fe08e
14:01:07.739 [JavaFX Application Thread] DEBUG GameWorld            - Clearing removable entities
14:01:07.739 [JavaFX Application Thread] DEBUG GameWorld            - Setting level: com.almasb.fxgl.entity.level.Level@80f5ae8
14:01:07.755 [JavaFX Application Thread] DEBUG GameWorld            - Clearing removable entities
14:01:07.755 [JavaFX Application Thread] DEBUG GameWorld            - Setting level: com.almasb.fxgl.entity.level.Level@ab72123
14:01:07.771 [JavaFX Application Thread] DEBUG GameWorld            - Clearing removable entities
14:01:07.771 [JavaFX Application Thread] DEBUG GameWorld            - Setting level: com.almasb.fxgl.entity.level.Level@4dd5d483
14:01:07.787 [JavaFX Application Thread] DEBUG GameWorld            - Clearing removable entities
14:01:07.787 [JavaFX Application Thread] DEBUG GameWorld            - Setting level: com.almasb.fxgl.entity.level.Level@67f4d627
14:01:07.803 [JavaFX Application Thread] DEBUG GameWorld            - Clearing removable entities
14:01:07.803 [JavaFX Application Thread] DEBUG GameWorld            - Setting level: com.almasb.fxgl.entity.level.Level@155e182b
14:01:07.819 [JavaFX Application Thread] DEBUG GameWorld            - Clearing removable entities
14:01:07.819 [JavaFX Application Thread] DEBUG GameWorld            - Setting level: com.almasb.fxgl.entity.level.Level@26539d9a
14:01:07.835 [JavaFX Application Thread] DEBUG GameWorld            - Clearing removable entities
14:01:07.835 [JavaFX Application Thread] DEBUG GameWorld            - Setting level: com.almasb.fxgl.entity.level.Level@4541341f
14:01:07.851 [JavaFX Application Thread] DEBUG GameWorld            - Clearing removable entities
14:01:07.851 [JavaFX Application Thread] DEBUG GameWorld            - Setting level: com.almasb.fxgl.entity.level.Level@4c5877e
14:01:07.868 [JavaFX Application Thread] DEBUG GameWorld            - Clearing removable entities
14:01:07.868 [JavaFX Application Thread] DEBUG GameWorld            - Setting level: com.almasb.fxgl.entity.level.Level@61bf588d
14:01:07.883 [JavaFX Application Thread] DEBUG GameWorld            - Clearing removable entities
14:01:07.883 [JavaFX Application Thread] DEBUG GameWorld            - Setting level: com.almasb.fxgl.entity.level.Level@5b3ab66d
14:01:07.899 [JavaFX Application Thread] DEBUG GameWorld            - Clearing removable entities
14:01:07.899 [JavaFX Application Thread] DEBUG GameWorld            - Setting level: com.almasb.fxgl.entity.level.Level@171780d9
14:01:07.915 [JavaFX Application Thread] DEBUG GameWorld            - Clearing removable entities
14:01:07.915 [JavaFX Application Thread] DEBUG GameWorld            - Setting level: com.almasb.fxgl.entity.level.Level@3fc10b32
14:01:07.931 [JavaFX Application Thread] DEBUG GameWorld            - Clearing removable entities
14:01:07.931 [JavaFX Application Thread] DEBUG GameWorld            - Setting level: com.almasb.fxgl.entity.level.Level@24a14777
14:01:07.947 [JavaFX Application Thread] DEBUG GameWorld            - Clearing removable entities
14:01:07.947 [JavaFX Application Thread] DEBUG GameWorld            - Setting level: com.almasb.fxgl.entity.level.Level@2a261450
14:01:07.963 [JavaFX Application Thread] DEBUG GameWorld            - Clearing removable entities
14:01:07.964 [JavaFX Application Thread] DEBUG GameWorld            - Setting level: com.almasb.fxgl.entity.level.Level@19c4885
14:01:07.979 [JavaFX Application Thread] DEBUG GameWorld            - Clearing removable entities
14:01:07.979 [JavaFX Application Thread] DEBUG GameWorld            - Setting level: com.almasb.fxgl.entity.level.Level@36335b1f
14:01:07.995 [JavaFX Application Thread] DEBUG GameWorld            - Clearing removable entities
14:01:07.995 [JavaFX Application Thread] DEBUG GameWorld            - Setting level: com.almasb.fxgl.entity.level.Level@18872851
14:01:08.012 [JavaFX Application Thread] DEBUG GameWorld            - Clearing removable entities
14:01:08.012 [JavaFX Application Thread] DEBUG GameWorld            - Setting level: com.almasb.fxgl.entity.level.Level@2192b85
14:01:08.028 [JavaFX Application Thread] DEBUG GameWorld            - Clearing removable entities
14:01:08.028 [JavaFX Application Thread] DEBUG GameWorld            - Setting level: com.almasb.fxgl.entity.level.Level@61a28323
14:01:08.044 [JavaFX Application Thread] DEBUG GameWorld            - Clearing removable entities
14:01:08.044 [JavaFX Application Thread] DEBUG GameWorld            - Setting level: com.almasb.fxgl.entity.level.Level@4d65d7ab
14:01:08.060 [JavaFX Application Thread] DEBUG GameWorld            - Clearing removable entities
14:01:08.060 [JavaFX Application Thread] DEBUG GameWorld            - Setting level: com.almasb.fxgl.entity.level.Level@6c01abf6
14:01:08.076 [JavaFX Application Thread] DEBUG GameWorld            - Clearing removable entities
14:01:08.076 [JavaFX Application Thread] DEBUG GameWorld            - Setting level: com.almasb.fxgl.entity.level.Level@270fe0f0
14:01:08.092 [JavaFX Application Thread] DEBUG GameWorld            - Clearing removable entities
14:01:08.092 [JavaFX Application Thread] DEBUG GameWorld            - Setting level: com.almasb.fxgl.entity.level.Level@5241c4a9
14:01:08.108 [JavaFX Application Thread] DEBUG GameWorld            - Clearing removable entities
14:01:08.108 [JavaFX Application Thread] DEBUG GameWorld            - Setting level: com.almasb.fxgl.entity.level.Level@317a89c5
14:01:08.124 [JavaFX Application Thread] DEBUG GameWorld            - Clearing removable entities
14:01:08.124 [JavaFX Application Thread] DEBUG GameWorld            - Setting level: com.almasb.fxgl.entity.level.Level@5045ca07
14:01:08.140 [JavaFX Application Thread] DEBUG GameWorld            - Clearing removable entities
14:01:08.140 [JavaFX Application Thread] DEBUG GameWorld            - Setting level: com.almasb.fxgl.entity.level.Level@815a89f
14:01:08.156 [JavaFX Application Thread] DEBUG GameWorld            - Clearing removable entities
14:01:08.156 [JavaFX Application Thread] DEBUG GameWorld            - Setting level: com.almasb.fxgl.entity.level.Level@54ad41b8
14:01:08.172 [JavaFX Application Thread] DEBUG GameWorld            - Clearing removable entities
14:01:08.172 [JavaFX Application Thread] DEBUG GameWorld            - Setting level: com.almasb.fxgl.entity.level.Level@317cce49
14:01:08.188 [JavaFX Application Thread] DEBUG GameWorld            - Clearing removable entities
14:01:08.188 [JavaFX Application Thread] DEBUG GameWorld            - Setting level: com.almasb.fxgl.entity.level.Level@4f172f93
14:01:08.204 [JavaFX Application Thread] DEBUG GameWorld            - Clearing removable entities
14:01:08.204 [JavaFX Application Thread] DEBUG GameWorld            - Setting level: com.almasb.fxgl.entity.level.Level@6ae327be
14:01:08.220 [JavaFX Application Thread] DEBUG GameWorld            - Clearing removable entities
14:01:08.220 [JavaFX Application Thread] DEBUG GameWorld            - Setting level: com.almasb.fxgl.entity.level.Level@54fd1bdb
14:01:08.236 [JavaFX Application Thread] DEBUG GameWorld            - Clearing removable entities
14:01:08.236 [JavaFX Application Thread] DEBUG GameWorld            - Setting level: com.almasb.fxgl.entity.level.Level@324998b
14:01:08.252 [JavaFX Application Thread] DEBUG GameWorld            - Clearing removable entities
14:01:08.252 [JavaFX Application Thread] DEBUG GameWorld            - Setting level: com.almasb.fxgl.entity.level.Level@75b955cb
14:01:08.268 [JavaFX Application Thread] DEBUG GameWorld            - Clearing removable entities
14:01:08.268 [JavaFX Application Thread] DEBUG GameWorld            - Setting level: com.almasb.fxgl.entity.level.Level@6945215
14:01:08.284 [JavaFX Application Thread] DEBUG GameWorld            - Clearing removable entities
14:01:08.284 [JavaFX Application Thread] DEBUG GameWorld            - Setting level: com.almasb.fxgl.entity.level.Level@3a0ba2df
14:01:08.300 [JavaFX Application Thread] DEBUG GameWorld            - Clearing removable entities
14:01:08.300 [JavaFX Application Thread] DEBUG GameWorld            - Setting level: com.almasb.fxgl.entity.level.Level@1d448cd4
14:01:08.316 [JavaFX Application Thread] DEBUG GameWorld            - Clearing removable entities
14:01:08.316 [JavaFX Application Thread] DEBUG GameWorld            - Setting level: com.almasb.fxgl.entity.level.Level@22ec85ba
14:01:08.332 [JavaFX Application Thread] DEBUG GameWorld            - Clearing removable entities
14:01:08.332 [JavaFX Application Thread] DEBUG GameWorld            - Setting level: com.almasb.fxgl.entity.level.Level@6cc7f08
14:01:08.348 [JavaFX Application Thread] DEBUG GameWorld            - Clearing removable entities
14:01:08.348 [JavaFX Application Thread] DEBUG GameWorld            - Setting level: com.almasb.fxgl.entity.level.Level@61b63854
14:01:08.364 [JavaFX Application Thread] DEBUG GameWorld            - Clearing removable entities
14:01:08.364 [JavaFX Application Thread] DEBUG GameWorld            - Setting level: com.almasb.fxgl.entity.level.Level@582d3a9a
14:01:08.380 [JavaFX Application Thread] DEBUG GameWorld            - Clearing removable entities
14:01:08.380 [JavaFX Application Thread] DEBUG GameWorld            - Setting level: com.almasb.fxgl.entity.level.Level@1eaab570
14:01:08.396 [JavaFX Application Thread] DEBUG GameWorld            - Clearing removable entities
14:01:08.396 [JavaFX Application Thread] DEBUG GameWorld            - Setting level: com.almasb.fxgl.entity.level.Level@7bfbad92
14:01:08.412 [JavaFX Application Thread] DEBUG GameWorld            - Clearing removable entities
14:01:08.412 [JavaFX Application Thread] DEBUG GameWorld            - Setting level: com.almasb.fxgl.entity.level.Level@2b5f5e21
14:01:08.428 [JavaFX Application Thread] DEBUG GameWorld            - Clearing removable entities
14:01:08.428 [JavaFX Application Thread] DEBUG GameWorld            - Setting level: com.almasb.fxgl.entity.level.Level@1a17483a
14:01:08.444 [JavaFX Application Thread] DEBUG GameWorld            - Clearing removable entities
14:01:08.444 [JavaFX Application Thread] DEBUG GameWorld            - Setting level: com.almasb.fxgl.entity.level.Level@51dd6f3d
14:01:08.460 [JavaFX Application Thread] DEBUG GameWorld            - Clearing removable entities
14:01:08.460 [JavaFX Application Thread] DEBUG GameWorld            - Setting level: com.almasb.fxgl.entity.level.Level@776ccfa9
14:01:08.476 [JavaFX Application Thread] DEBUG GameWorld            - Clearing removable entities
14:01:08.476 [JavaFX Application Thread] DEBUG GameWorld            - Setting level: com.almasb.fxgl.entity.level.Level@26133933
14:01:08.492 [JavaFX Application Thread] DEBUG GameWorld            - Clearing removable entities
14:01:08.492 [JavaFX Application Thread] DEBUG GameWorld            - Setting level: com.almasb.fxgl.entity.level.Level@665e353
14:01:08.508 [JavaFX Application Thread] DEBUG GameWorld            - Clearing removable entities
14:01:08.508 [JavaFX Application Thread] DEBUG GameWorld            - Setting level: com.almasb.fxgl.entity.level.Level@3c7bd025
14:01:08.524 [JavaFX Application Thread] DEBUG GameWorld            - Clearing removable entities
14:01:08.524 [JavaFX Application Thread] DEBUG GameWorld            - Setting level: com.almasb.fxgl.entity.level.Level@2d7b4184
14:01:08.540 [JavaFX Application Thread] DEBUG GameWorld            - Clearing removable entities
14:01:08.540 [JavaFX Application Thread] DEBUG GameWorld            - Setting level: com.almasb.fxgl.entity.level.Level@129e3fb9
14:01:08.556 [JavaFX Application Thread] DEBUG GameWorld            - Clearing removable entities
14:01:08.556 [JavaFX Application Thread] DEBUG GameWorld            - Setting level: com.almasb.fxgl.entity.level.Level@3b4839c2
14:01:08.572 [JavaFX Application Thread] DEBUG GameWorld            - Clearing removable entities
14:01:08.572 [JavaFX Application Thread] DEBUG GameWorld            - Setting level: com.almasb.fxgl.entity.level.Level@59502c76
14:01:08.588 [JavaFX Application Thread] DEBUG GameWorld            - Clearing removable entities
14:01:08.588 [JavaFX Application Thread] DEBUG GameWorld            - Setting level: com.almasb.fxgl.entity.level.Level@2ed031b9
14:01:08.604 [JavaFX Application Thread] DEBUG GameWorld            - Clearing removable entities
14:01:08.604 [JavaFX Application Thread] DEBUG GameWorld            - Setting level: com.almasb.fxgl.entity.level.Level@4d50b02d
14:01:08.620 [JavaFX Application Thread] DEBUG GameWorld            - Clearing removable entities
14:01:08.620 [JavaFX Application Thread] DEBUG GameWorld            - Setting level: com.almasb.fxgl.entity.level.Level@372c166c
14:01:08.686 [JavaFX Application Thread] DEBUG GameApplication      - Exiting FXGL
14:01:08.686 [JavaFX Application Thread] DEBUG LoopRunner           - Stopping loop
14:01:08.686 [JavaFX Application Thread] DEBUG SystemBundleService  - Saving FXGL system data
14:01:08.687 [JavaFX Application Thread] DEBUG FileSystemAccess     - Writing to: C:\Users\otinn\git\FriendMaker2077-07-03\Project\system\fxgl.bundle
14:01:08.688 [JavaFX Application Thread] DEBUG GameApplication      - Shutting down background threads
14:01:08.688 [JavaFX Application Thread] DEBUG GameApplication      - Closing logger and exiting JavaFX
