12:30:46.091 [JavaFX Application Thread] DEBUG GameApplication      - Logger initialized
12:30:46.099 [JavaFX Application Thread] DEBUG GameApplication      - Logging settings
Title: Basic Game App
Version: 0.1
Width: 640
Height: 640
Fullscreen: false
Intro: false
Menus: false
Profiling: false
Single step:false
App Mode: DEVELOPER
Menu Key: ESCAPE
Stage Style: DECORATED
Scene Factory: class com.almasb.fxgl.scene.SceneFactory
Dialog Factory: class com.almasb.fxgl.ui.FXGLDialogFactory
UI Factory: class com.almasb.fxgl.ui.FXGLUIFactory
Notification Service: class com.almasb.fxgl.gameplay.notification.XboxNotificationView
Exception Handler: class com.almasb.fxgl.app.FXGLExceptionHandler
12:30:46.099 [JavaFX Application Thread] DEBUG GameApplication      - Starting FXGL
12:30:46.106 [JavaFX Application Thread] INFO  FXGL                 - FXGL-0.5.4 on DESKTOP
12:30:46.106 [JavaFX Application Thread] INFO  FXGL                 - Source code and latest versions at: https://github.com/AlmasB/FXGL
12:30:46.107 [JavaFX Application Thread] INFO  FXGL                 -              Join the FXGL chat at: https://gitter.im/AlmasB/FXGL
12:30:46.107 [JavaFX Application Thread] DEBUG FXGL                 - FXGL started
12:30:46.107 [JavaFX Application Thread] DEBUG FXGL                 - Initializing FXGL
12:30:46.138 [JavaFX Application Thread] DEBUG AssetLoader          - Loading from disk: /assets/ui/cursors/fxgl_default.png
12:30:46.167 [JavaFX Application Thread] DEBUG AssetLoader          - Loading from disk: /assets/ui/fonts/VarelaRound-Regular.ttf
12:30:46.294 [JavaFX Application Thread] DEBUG MainWindow           - Creating a JavaFX scene
12:30:46.317 [JavaFX Application Thread] DEBUG MainWindow           - Target settings size: 640.0 x 640.0
12:30:46.317 [JavaFX Application Thread] DEBUG MainWindow           - Scaled scene size:    640.0 x 640.0
12:30:46.317 [JavaFX Application Thread] DEBUG MainWindow           - Scaled ratio: (1.0, 1.0)
12:30:46.319 [JavaFX Application Thread] DEBUG AssetLoader          - Loading from disk: /assets/ui/css/fxgl_dark.css
12:30:46.321 [JavaFX Application Thread] DEBUG AssetLoader          - Loading from disk: /assets/textures/fxgl_icon.png
12:30:46.334 [JavaFX Application Thread] DEBUG MainWindow           - Opening main window
12:30:46.420 [JavaFX Application Thread] DEBUG MainWindow           - Window border size: (16.0, 39.0)
12:30:46.420 [JavaFX Application Thread] DEBUG MainWindow           - Scaled size: 640.0 x 640.0
12:30:46.420 [JavaFX Application Thread] DEBUG MainWindow           - Scaled ratio: (1.0, 1.0)
12:30:46.420 [JavaFX Application Thread] DEBUG MainWindow           - Scene size: 640.0 x 640.0
12:30:46.420 [JavaFX Application Thread] DEBUG MainWindow           - Stage size: 656.0 x 679.0
12:30:46.437 [ForkJoinPool.commonPool-worker-19] DEBUG FS                   - Loaded DesktopFSService
12:30:46.437 [ForkJoinPool.commonPool-worker-19] DEBUG FXGL                 - Loading FXGL system data
12:30:46.441 [ForkJoinPool.commonPool-worker-19] DEBUG DesktopFSService     - Reading from: system\fxgl.bundle
12:30:46.448 [ForkJoinPool.commonPool-worker-19] DEBUG Bundle               - Logging bundle: FXGL
12:30:46.449 [ForkJoinPool.commonPool-worker-19] DEBUG Bundle               - FXGL.offline.timer.version.check=2020-03-04T20:18:36.122706300
12:30:46.449 [ForkJoinPool.commonPool-worker-19] DEBUG FXGL                 - Initializing state machine and application states
12:30:46.450 [ForkJoinPool.commonPool-worker-19] DEBUG AssetLoader          - Loading from disk: /assets/ui/cursors/fxgl_default.png
12:30:46.454 [ForkJoinPool.commonPool-worker-19] DEBUG AssetLoader          - Loading from disk: /assets/ui/cursors/fxgl_default.png
12:30:46.459 [ForkJoinPool.commonPool-worker-19] DEBUG AssetLoader          - Loading from cache: /assets/ui/fonts/VarelaRound-Regular.ttf
12:30:46.461 [ForkJoinPool.commonPool-worker-19] DEBUG AssetLoader          - Loading from disk: /assets/ui/cursors/fxgl_default.png
12:30:46.463 [ForkJoinPool.commonPool-worker-19] DEBUG GameScene            - Game scene initialized: 640x640
12:30:46.466 [ForkJoinPool.commonPool-worker-19] DEBUG GameWorld            - Game world initialized
12:30:46.488 [ForkJoinPool.commonPool-worker-19] DEBUG PhysicsWorld         - Physics world initialized: appHeight=640, physics.ppm=50.0
12:30:46.499 [ForkJoinPool.commonPool-worker-19] DEBUG Input                - Registered new binding: Pause - Esc
12:30:46.524 [JavaFX Application Thread] DEBUG FXGL                 - Running preInit()
12:30:46.525 [JavaFX Application Thread] DEBUG Input                - Registered new binding: Screenshot - P
12:30:46.525 [JavaFX Application Thread] DEBUG Input                - Registered new binding: Dev Options - CTRL+0
12:30:46.525 [JavaFX Application Thread] DEBUG Input                - Registered new binding: System info dump - CTRL+9
12:30:46.525 [JavaFX Application Thread] DEBUG Input                - Registered new binding: Restart - CTRL+R
12:30:46.525 [JavaFX Application Thread] DEBUG Input                - Registered new binding: Move Right - D
12:30:46.526 [JavaFX Application Thread] DEBUG Input                - Registered new binding: Move Left - A
12:30:46.526 [JavaFX Application Thread] DEBUG Input                - Registered new binding: Move Up - W
12:30:46.526 [JavaFX Application Thread] DEBUG Input                - Registered new binding: Move Down - S
12:30:46.526 [JavaFX Application Thread] DEBUG Input                - Registered new binding: Play Sound - F
12:30:46.526 [JavaFX Application Thread] INFO  FXGL                 - FXGL initialization took: 0.419 sec
12:30:46.526 [JavaFX Application Thread] DEBUG LoopRunner           - Starting loop
12:30:46.529 [JavaFX Application Thread] DEBUG StartupState         - STARTUP
12:30:46.529 [JavaFX Application Thread] DEBUG GameApplication      - Starting new game
12:30:46.529 [JavaFX Application Thread] DEBUG Input                - Clearing active input actions
12:30:46.530 [JavaFX Application Thread] DEBUG AssetLoader          - Loading from disk: /assets/ui/css/fxgl_dark.css
12:30:46.534 [JavaFX Application Thread] DEBUG AppStateMachine      - StartupState -> LoadingState
12:30:46.537 [FXGL Background Thread 1 ] DEBUG InitAppTask          - Clearing previous game
12:30:46.537 [FXGL Background Thread 1 ] DEBUG GameWorld            - Clearing game world
12:30:46.537 [FXGL Background Thread 1 ] DEBUG PhysicsWorld         - Clearing physics world
12:30:46.537 [FXGL Background Thread 1 ] DEBUG GameScene            - Clearing game scene
12:30:46.538 [FXGL Background Thread 1 ] DEBUG InitAppTask          - Initializing Game
12:30:46.551 [FXGL Background Thread 1 ] DEBUG AssetLoader          - Loading from disk: /assets/tmx/level1.tmx
12:30:46.566 [FXGL Background Thread 1 ] WARN  TMXParser            - TiledMap generated from 1.3.3. Supported version: 1.1.2. Some features may not be parsed fully.
12:30:46.575 [FXGL Background Thread 1 ] DEBUG GameWorld            - Clearing removable entities
12:30:46.575 [FXGL Background Thread 1 ] DEBUG GameWorld            - Setting level from map
12:30:46.585 [FXGL Background Thread 1 ] DEBUG AssetLoader          - Loading from disk: /assets/textures/SPRITESHEET.png
12:30:46.594 [FXGL Background Thread 1 ] DEBUG AssetLoader          - Loading from cache: /assets/textures/SPRITESHEET.png
12:30:46.594 [FXGL Background Thread 1 ] DEBUG AssetLoader          - Loading from cache: /assets/textures/SPRITESHEET.png
12:30:46.594 [FXGL Background Thread 1 ] DEBUG AssetLoader          - Loading from cache: /assets/textures/SPRITESHEET.png
12:30:46.594 [FXGL Background Thread 1 ] DEBUG AssetLoader          - Loading from cache: /assets/textures/SPRITESHEET.png
12:30:46.594 [FXGL Background Thread 1 ] DEBUG AssetLoader          - Loading from cache: /assets/textures/SPRITESHEET.png
12:30:46.594 [FXGL Background Thread 1 ] DEBUG AssetLoader          - Loading from cache: /assets/textures/SPRITESHEET.png
12:30:46.594 [FXGL Background Thread 1 ] DEBUG AssetLoader          - Loading from cache: /assets/textures/SPRITESHEET.png
12:30:46.595 [FXGL Background Thread 1 ] DEBUG AssetLoader          - Loading from cache: /assets/textures/SPRITESHEET.png
12:30:46.595 [FXGL Background Thread 1 ] DEBUG AssetLoader          - Loading from cache: /assets/textures/SPRITESHEET.png
12:30:46.595 [FXGL Background Thread 1 ] DEBUG AssetLoader          - Loading from cache: /assets/textures/SPRITESHEET.png
12:30:46.595 [FXGL Background Thread 1 ] DEBUG AssetLoader          - Loading from cache: /assets/textures/SPRITESHEET.png
12:30:46.595 [FXGL Background Thread 1 ] DEBUG AssetLoader          - Loading from cache: /assets/textures/SPRITESHEET.png
12:30:46.595 [FXGL Background Thread 1 ] DEBUG AssetLoader          - Loading from cache: /assets/textures/SPRITESHEET.png
12:30:46.595 [FXGL Background Thread 1 ] DEBUG AssetLoader          - Loading from cache: /assets/textures/SPRITESHEET.png
12:30:46.595 [FXGL Background Thread 1 ] DEBUG AssetLoader          - Loading from cache: /assets/textures/SPRITESHEET.png
12:30:46.595 [FXGL Background Thread 1 ] DEBUG AssetLoader          - Loading from cache: /assets/textures/SPRITESHEET.png
12:30:46.596 [FXGL Background Thread 1 ] DEBUG AssetLoader          - Loading from cache: /assets/textures/SPRITESHEET.png
12:30:46.596 [FXGL Background Thread 1 ] DEBUG AssetLoader          - Loading from cache: /assets/textures/SPRITESHEET.png
12:30:46.596 [FXGL Background Thread 1 ] DEBUG AssetLoader          - Loading from cache: /assets/textures/SPRITESHEET.png
12:30:46.596 [FXGL Background Thread 1 ] DEBUG AssetLoader          - Loading from cache: /assets/textures/SPRITESHEET.png
12:30:46.596 [FXGL Background Thread 1 ] DEBUG AssetLoader          - Loading from cache: /assets/textures/SPRITESHEET.png
12:30:46.596 [FXGL Background Thread 1 ] DEBUG AssetLoader          - Loading from cache: /assets/textures/SPRITESHEET.png
12:30:46.596 [FXGL Background Thread 1 ] DEBUG AssetLoader          - Loading from cache: /assets/textures/SPRITESHEET.png
12:30:46.596 [FXGL Background Thread 1 ] DEBUG AssetLoader          - Loading from cache: /assets/textures/SPRITESHEET.png
12:30:46.596 [FXGL Background Thread 1 ] DEBUG AssetLoader          - Loading from cache: /assets/textures/SPRITESHEET.png
12:30:46.596 [FXGL Background Thread 1 ] DEBUG AssetLoader          - Loading from cache: /assets/textures/SPRITESHEET.png
12:30:46.597 [FXGL Background Thread 1 ] DEBUG AssetLoader          - Loading from cache: /assets/textures/SPRITESHEET.png
12:30:46.597 [FXGL Background Thread 1 ] DEBUG AssetLoader          - Loading from cache: /assets/textures/SPRITESHEET.png
12:30:46.597 [FXGL Background Thread 1 ] DEBUG AssetLoader          - Loading from cache: /assets/textures/SPRITESHEET.png
12:30:46.597 [FXGL Background Thread 1 ] DEBUG AssetLoader          - Loading from cache: /assets/textures/SPRITESHEET.png
12:30:46.597 [FXGL Background Thread 1 ] DEBUG AssetLoader          - Loading from cache: /assets/textures/SPRITESHEET.png
12:30:46.597 [FXGL Background Thread 1 ] DEBUG AssetLoader          - Loading from cache: /assets/textures/SPRITESHEET.png
12:30:46.597 [FXGL Background Thread 1 ] DEBUG AssetLoader          - Loading from cache: /assets/textures/SPRITESHEET.png
12:30:46.597 [FXGL Background Thread 1 ] DEBUG AssetLoader          - Loading from cache: /assets/textures/SPRITESHEET.png
12:30:46.597 [FXGL Background Thread 1 ] DEBUG AssetLoader          - Loading from cache: /assets/textures/SPRITESHEET.png
12:30:46.597 [FXGL Background Thread 1 ] DEBUG AssetLoader          - Loading from cache: /assets/textures/SPRITESHEET.png
12:30:46.598 [FXGL Background Thread 1 ] DEBUG AssetLoader          - Loading from cache: /assets/textures/SPRITESHEET.png
12:30:46.598 [FXGL Background Thread 1 ] DEBUG AssetLoader          - Loading from cache: /assets/textures/SPRITESHEET.png
12:30:46.598 [FXGL Background Thread 1 ] DEBUG AssetLoader          - Loading from cache: /assets/textures/SPRITESHEET.png
12:30:46.598 [FXGL Background Thread 1 ] DEBUG AssetLoader          - Loading from cache: /assets/textures/SPRITESHEET.png
12:30:46.598 [FXGL Background Thread 1 ] DEBUG AssetLoader          - Loading from cache: /assets/textures/SPRITESHEET.png
12:30:46.598 [FXGL Background Thread 1 ] DEBUG AssetLoader          - Loading from cache: /assets/textures/SPRITESHEET.png
12:30:46.598 [FXGL Background Thread 1 ] DEBUG AssetLoader          - Loading from cache: /assets/textures/SPRITESHEET.png
12:30:46.598 [FXGL Background Thread 1 ] DEBUG AssetLoader          - Loading from cache: /assets/textures/SPRITESHEET.png
12:30:46.598 [FXGL Background Thread 1 ] DEBUG AssetLoader          - Loading from cache: /assets/textures/SPRITESHEET.png
12:30:46.598 [FXGL Background Thread 1 ] DEBUG AssetLoader          - Loading from cache: /assets/textures/SPRITESHEET.png
12:30:46.599 [FXGL Background Thread 1 ] DEBUG AssetLoader          - Loading from cache: /assets/textures/SPRITESHEET.png
12:30:46.599 [FXGL Background Thread 1 ] DEBUG AssetLoader          - Loading from cache: /assets/textures/SPRITESHEET.png
12:30:46.599 [FXGL Background Thread 1 ] DEBUG AssetLoader          - Loading from cache: /assets/textures/SPRITESHEET.png
12:30:46.599 [FXGL Background Thread 1 ] DEBUG AssetLoader          - Loading from cache: /assets/textures/SPRITESHEET.png
12:30:46.599 [FXGL Background Thread 1 ] DEBUG AssetLoader          - Loading from cache: /assets/textures/SPRITESHEET.png
12:30:46.599 [FXGL Background Thread 1 ] DEBUG AssetLoader          - Loading from cache: /assets/textures/SPRITESHEET.png
12:30:46.599 [FXGL Background Thread 1 ] DEBUG AssetLoader          - Loading from cache: /assets/textures/SPRITESHEET.png
12:30:46.599 [FXGL Background Thread 1 ] DEBUG AssetLoader          - Loading from cache: /assets/textures/SPRITESHEET.png
12:30:46.599 [FXGL Background Thread 1 ] DEBUG AssetLoader          - Loading from cache: /assets/textures/SPRITESHEET.png
12:30:46.599 [FXGL Background Thread 1 ] DEBUG AssetLoader          - Loading from cache: /assets/textures/SPRITESHEET.png
12:30:46.600 [FXGL Background Thread 1 ] DEBUG AssetLoader          - Loading from cache: /assets/textures/SPRITESHEET.png
12:30:46.600 [FXGL Background Thread 1 ] DEBUG AssetLoader          - Loading from cache: /assets/textures/SPRITESHEET.png
12:30:46.600 [FXGL Background Thread 1 ] DEBUG AssetLoader          - Loading from cache: /assets/textures/SPRITESHEET.png
12:30:46.600 [FXGL Background Thread 1 ] DEBUG AssetLoader          - Loading from cache: /assets/textures/SPRITESHEET.png
12:30:46.600 [FXGL Background Thread 1 ] DEBUG AssetLoader          - Loading from cache: /assets/textures/SPRITESHEET.png
12:30:46.600 [FXGL Background Thread 1 ] DEBUG AssetLoader          - Loading from cache: /assets/textures/SPRITESHEET.png
12:30:46.600 [FXGL Background Thread 1 ] DEBUG AssetLoader          - Loading from cache: /assets/textures/SPRITESHEET.png
12:30:46.600 [FXGL Background Thread 1 ] DEBUG AssetLoader          - Loading from cache: /assets/textures/SPRITESHEET.png
12:30:46.600 [FXGL Background Thread 1 ] DEBUG AssetLoader          - Loading from cache: /assets/textures/SPRITESHEET.png
12:30:46.601 [FXGL Background Thread 1 ] DEBUG AssetLoader          - Loading from cache: /assets/textures/SPRITESHEET.png
12:30:46.601 [FXGL Background Thread 1 ] DEBUG AssetLoader          - Loading from cache: /assets/textures/SPRITESHEET.png
12:30:46.601 [FXGL Background Thread 1 ] DEBUG AssetLoader          - Loading from cache: /assets/textures/SPRITESHEET.png
12:30:46.601 [FXGL Background Thread 1 ] DEBUG AssetLoader          - Loading from cache: /assets/textures/SPRITESHEET.png
12:30:46.601 [FXGL Background Thread 1 ] DEBUG AssetLoader          - Loading from cache: /assets/textures/SPRITESHEET.png
12:30:46.601 [FXGL Background Thread 1 ] DEBUG AssetLoader          - Loading from cache: /assets/textures/SPRITESHEET.png
12:30:46.601 [FXGL Background Thread 1 ] DEBUG AssetLoader          - Loading from cache: /assets/textures/SPRITESHEET.png
12:30:46.601 [FXGL Background Thread 1 ] DEBUG AssetLoader          - Loading from cache: /assets/textures/SPRITESHEET.png
12:30:46.601 [FXGL Background Thread 1 ] DEBUG AssetLoader          - Loading from cache: /assets/textures/SPRITESHEET.png
12:30:46.601 [FXGL Background Thread 1 ] DEBUG AssetLoader          - Loading from cache: /assets/textures/SPRITESHEET.png
12:30:46.601 [FXGL Background Thread 1 ] DEBUG AssetLoader          - Loading from cache: /assets/textures/SPRITESHEET.png
12:30:46.601 [FXGL Background Thread 1 ] DEBUG AssetLoader          - Loading from cache: /assets/textures/SPRITESHEET.png
12:30:46.602 [FXGL Background Thread 1 ] DEBUG AssetLoader          - Loading from cache: /assets/textures/SPRITESHEET.png
12:30:46.602 [FXGL Background Thread 1 ] DEBUG AssetLoader          - Loading from cache: /assets/textures/SPRITESHEET.png
12:30:46.602 [FXGL Background Thread 1 ] DEBUG AssetLoader          - Loading from cache: /assets/textures/SPRITESHEET.png
12:30:46.602 [FXGL Background Thread 1 ] DEBUG AssetLoader          - Loading from cache: /assets/textures/SPRITESHEET.png
12:30:46.602 [FXGL Background Thread 1 ] DEBUG AssetLoader          - Loading from cache: /assets/textures/SPRITESHEET.png
12:30:46.602 [FXGL Background Thread 1 ] DEBUG AssetLoader          - Loading from cache: /assets/textures/SPRITESHEET.png
12:30:46.602 [FXGL Background Thread 1 ] DEBUG AssetLoader          - Loading from cache: /assets/textures/SPRITESHEET.png
12:30:46.602 [FXGL Background Thread 1 ] DEBUG AssetLoader          - Loading from cache: /assets/textures/SPRITESHEET.png
12:30:46.602 [FXGL Background Thread 1 ] DEBUG AssetLoader          - Loading from cache: /assets/textures/SPRITESHEET.png
12:30:46.602 [FXGL Background Thread 1 ] DEBUG AssetLoader          - Loading from cache: /assets/textures/SPRITESHEET.png
12:30:46.602 [FXGL Background Thread 1 ] DEBUG AssetLoader          - Loading from cache: /assets/textures/SPRITESHEET.png
12:30:46.603 [FXGL Background Thread 1 ] DEBUG AssetLoader          - Loading from cache: /assets/textures/SPRITESHEET.png
12:30:46.603 [FXGL Background Thread 1 ] DEBUG AssetLoader          - Loading from cache: /assets/textures/SPRITESHEET.png
12:30:46.603 [FXGL Background Thread 1 ] DEBUG AssetLoader          - Loading from cache: /assets/textures/SPRITESHEET.png
12:30:46.603 [FXGL Background Thread 1 ] DEBUG AssetLoader          - Loading from cache: /assets/textures/SPRITESHEET.png
12:30:46.603 [FXGL Background Thread 1 ] DEBUG AssetLoader          - Loading from cache: /assets/textures/SPRITESHEET.png
12:30:46.603 [FXGL Background Thread 1 ] DEBUG AssetLoader          - Loading from cache: /assets/textures/SPRITESHEET.png
12:30:46.603 [FXGL Background Thread 1 ] DEBUG AssetLoader          - Loading from cache: /assets/textures/SPRITESHEET.png
12:30:46.603 [FXGL Background Thread 1 ] DEBUG AssetLoader          - Loading from cache: /assets/textures/SPRITESHEET.png
12:30:46.603 [FXGL Background Thread 1 ] DEBUG AssetLoader          - Loading from cache: /assets/textures/SPRITESHEET.png
12:30:46.603 [FXGL Background Thread 1 ] DEBUG AssetLoader          - Loading from cache: /assets/textures/SPRITESHEET.png
12:30:46.604 [FXGL Background Thread 1 ] DEBUG AssetLoader          - Loading from cache: /assets/textures/SPRITESHEET.png
12:30:46.604 [FXGL Background Thread 1 ] DEBUG AssetLoader          - Loading from cache: /assets/textures/SPRITESHEET.png
12:30:46.604 [FXGL Background Thread 1 ] DEBUG AssetLoader          - Loading from cache: /assets/textures/SPRITESHEET.png
12:30:46.604 [FXGL Background Thread 1 ] DEBUG AssetLoader          - Loading from cache: /assets/textures/SPRITESHEET.png
12:30:46.604 [FXGL Background Thread 1 ] DEBUG AssetLoader          - Loading from cache: /assets/textures/SPRITESHEET.png
12:30:46.604 [FXGL Background Thread 1 ] DEBUG AssetLoader          - Loading from cache: /assets/textures/SPRITESHEET.png
12:30:46.604 [FXGL Background Thread 1 ] DEBUG AssetLoader          - Loading from cache: /assets/textures/SPRITESHEET.png
12:30:46.604 [FXGL Background Thread 1 ] DEBUG AssetLoader          - Loading from cache: /assets/textures/SPRITESHEET.png
12:30:46.604 [FXGL Background Thread 1 ] DEBUG AssetLoader          - Loading from cache: /assets/textures/SPRITESHEET.png
12:30:46.604 [FXGL Background Thread 1 ] DEBUG AssetLoader          - Loading from cache: /assets/textures/SPRITESHEET.png
12:30:46.604 [FXGL Background Thread 1 ] DEBUG AssetLoader          - Loading from cache: /assets/textures/SPRITESHEET.png
12:30:46.605 [FXGL Background Thread 1 ] DEBUG AssetLoader          - Loading from cache: /assets/textures/SPRITESHEET.png
12:30:46.605 [FXGL Background Thread 1 ] DEBUG AssetLoader          - Loading from cache: /assets/textures/SPRITESHEET.png
12:30:46.605 [FXGL Background Thread 1 ] DEBUG AssetLoader          - Loading from cache: /assets/textures/SPRITESHEET.png
12:30:46.605 [FXGL Background Thread 1 ] DEBUG AssetLoader          - Loading from cache: /assets/textures/SPRITESHEET.png
12:30:46.605 [FXGL Background Thread 1 ] DEBUG AssetLoader          - Loading from cache: /assets/textures/SPRITESHEET.png
12:30:46.605 [FXGL Background Thread 1 ] DEBUG AssetLoader          - Loading from cache: /assets/textures/SPRITESHEET.png
12:30:46.605 [FXGL Background Thread 1 ] DEBUG AssetLoader          - Loading from cache: /assets/textures/SPRITESHEET.png
12:30:46.605 [FXGL Background Thread 1 ] DEBUG AssetLoader          - Loading from cache: /assets/textures/SPRITESHEET.png
12:30:46.605 [FXGL Background Thread 1 ] DEBUG AssetLoader          - Loading from cache: /assets/textures/SPRITESHEET.png
12:30:46.605 [FXGL Background Thread 1 ] DEBUG AssetLoader          - Loading from cache: /assets/textures/SPRITESHEET.png
12:30:46.605 [FXGL Background Thread 1 ] DEBUG AssetLoader          - Loading from cache: /assets/textures/SPRITESHEET.png
12:30:46.606 [FXGL Background Thread 1 ] DEBUG AssetLoader          - Loading from cache: /assets/textures/SPRITESHEET.png
12:30:46.606 [FXGL Background Thread 1 ] DEBUG AssetLoader          - Loading from cache: /assets/textures/SPRITESHEET.png
12:30:46.606 [FXGL Background Thread 1 ] DEBUG AssetLoader          - Loading from cache: /assets/textures/SPRITESHEET.png
12:30:46.606 [FXGL Background Thread 1 ] DEBUG AssetLoader          - Loading from cache: /assets/textures/SPRITESHEET.png
12:30:46.606 [FXGL Background Thread 1 ] DEBUG AssetLoader          - Loading from cache: /assets/textures/SPRITESHEET.png
12:30:46.606 [FXGL Background Thread 1 ] DEBUG AssetLoader          - Loading from cache: /assets/textures/SPRITESHEET.png
12:30:46.606 [FXGL Background Thread 1 ] DEBUG AssetLoader          - Loading from cache: /assets/textures/SPRITESHEET.png
12:30:46.606 [FXGL Background Thread 1 ] DEBUG AssetLoader          - Loading from cache: /assets/textures/SPRITESHEET.png
12:30:46.606 [FXGL Background Thread 1 ] DEBUG AssetLoader          - Loading from cache: /assets/textures/SPRITESHEET.png
12:30:46.606 [FXGL Background Thread 1 ] DEBUG AssetLoader          - Loading from cache: /assets/textures/SPRITESHEET.png
12:30:46.606 [FXGL Background Thread 1 ] DEBUG AssetLoader          - Loading from cache: /assets/textures/SPRITESHEET.png
12:30:46.606 [FXGL Background Thread 1 ] DEBUG AssetLoader          - Loading from cache: /assets/textures/SPRITESHEET.png
12:30:46.607 [FXGL Background Thread 1 ] DEBUG AssetLoader          - Loading from cache: /assets/textures/SPRITESHEET.png
12:30:46.607 [FXGL Background Thread 1 ] DEBUG AssetLoader          - Loading from cache: /assets/textures/SPRITESHEET.png
12:30:46.607 [FXGL Background Thread 1 ] DEBUG AssetLoader          - Loading from cache: /assets/textures/SPRITESHEET.png
12:30:46.607 [FXGL Background Thread 1 ] DEBUG AssetLoader          - Loading from cache: /assets/textures/SPRITESHEET.png
12:30:46.607 [FXGL Background Thread 1 ] DEBUG AssetLoader          - Loading from cache: /assets/textures/SPRITESHEET.png
12:30:46.607 [FXGL Background Thread 1 ] DEBUG AssetLoader          - Loading from cache: /assets/textures/SPRITESHEET.png
12:30:46.607 [FXGL Background Thread 1 ] DEBUG AssetLoader          - Loading from cache: /assets/textures/SPRITESHEET.png
12:30:46.607 [FXGL Background Thread 1 ] DEBUG AssetLoader          - Loading from cache: /assets/textures/SPRITESHEET.png
12:30:46.607 [FXGL Background Thread 1 ] DEBUG AssetLoader          - Loading from cache: /assets/textures/SPRITESHEET.png
12:30:46.607 [FXGL Background Thread 1 ] DEBUG AssetLoader          - Loading from cache: /assets/textures/SPRITESHEET.png
12:30:46.607 [FXGL Background Thread 1 ] DEBUG AssetLoader          - Loading from cache: /assets/textures/SPRITESHEET.png
12:30:46.607 [FXGL Background Thread 1 ] DEBUG AssetLoader          - Loading from cache: /assets/textures/SPRITESHEET.png
12:30:46.607 [FXGL Background Thread 1 ] DEBUG AssetLoader          - Loading from cache: /assets/textures/SPRITESHEET.png
12:30:46.608 [FXGL Background Thread 1 ] DEBUG AssetLoader          - Loading from cache: /assets/textures/SPRITESHEET.png
12:30:46.608 [FXGL Background Thread 1 ] DEBUG AssetLoader          - Loading from cache: /assets/textures/SPRITESHEET.png
12:30:46.608 [FXGL Background Thread 1 ] DEBUG AssetLoader          - Loading from cache: /assets/textures/SPRITESHEET.png
12:30:46.608 [FXGL Background Thread 1 ] DEBUG AssetLoader          - Loading from cache: /assets/textures/SPRITESHEET.png
12:30:46.608 [FXGL Background Thread 1 ] DEBUG AssetLoader          - Loading from cache: /assets/textures/SPRITESHEET.png
12:30:46.608 [FXGL Background Thread 1 ] DEBUG AssetLoader          - Loading from cache: /assets/textures/SPRITESHEET.png
12:30:46.608 [FXGL Background Thread 1 ] DEBUG AssetLoader          - Loading from cache: /assets/textures/SPRITESHEET.png
12:30:46.608 [FXGL Background Thread 1 ] DEBUG AssetLoader          - Loading from cache: /assets/textures/SPRITESHEET.png
12:30:46.608 [FXGL Background Thread 1 ] DEBUG AssetLoader          - Loading from cache: /assets/textures/SPRITESHEET.png
12:30:46.608 [FXGL Background Thread 1 ] DEBUG AssetLoader          - Loading from cache: /assets/textures/SPRITESHEET.png
12:30:46.608 [FXGL Background Thread 1 ] DEBUG AssetLoader          - Loading from cache: /assets/textures/SPRITESHEET.png
12:30:46.608 [FXGL Background Thread 1 ] DEBUG AssetLoader          - Loading from cache: /assets/textures/SPRITESHEET.png
12:30:46.609 [FXGL Background Thread 1 ] DEBUG AssetLoader          - Loading from cache: /assets/textures/SPRITESHEET.png
12:30:46.609 [FXGL Background Thread 1 ] DEBUG AssetLoader          - Loading from cache: /assets/textures/SPRITESHEET.png
12:30:46.609 [FXGL Background Thread 1 ] DEBUG AssetLoader          - Loading from cache: /assets/textures/SPRITESHEET.png
12:30:46.609 [FXGL Background Thread 1 ] DEBUG AssetLoader          - Loading from cache: /assets/textures/SPRITESHEET.png
12:30:46.609 [FXGL Background Thread 1 ] DEBUG AssetLoader          - Loading from cache: /assets/textures/SPRITESHEET.png
12:30:46.609 [FXGL Background Thread 1 ] DEBUG AssetLoader          - Loading from cache: /assets/textures/SPRITESHEET.png
12:30:46.609 [FXGL Background Thread 1 ] DEBUG AssetLoader          - Loading from cache: /assets/textures/SPRITESHEET.png
12:30:46.609 [FXGL Background Thread 1 ] DEBUG AssetLoader          - Loading from cache: /assets/textures/SPRITESHEET.png
12:30:46.609 [FXGL Background Thread 1 ] DEBUG AssetLoader          - Loading from cache: /assets/textures/SPRITESHEET.png
12:30:46.609 [FXGL Background Thread 1 ] DEBUG AssetLoader          - Loading from cache: /assets/textures/SPRITESHEET.png
12:30:46.609 [FXGL Background Thread 1 ] DEBUG AssetLoader          - Loading from cache: /assets/textures/SPRITESHEET.png
12:30:46.609 [FXGL Background Thread 1 ] DEBUG AssetLoader          - Loading from cache: /assets/textures/SPRITESHEET.png
12:30:46.610 [FXGL Background Thread 1 ] DEBUG AssetLoader          - Loading from cache: /assets/textures/SPRITESHEET.png
12:30:46.610 [FXGL Background Thread 1 ] DEBUG AssetLoader          - Loading from cache: /assets/textures/SPRITESHEET.png
12:30:46.610 [FXGL Background Thread 1 ] DEBUG AssetLoader          - Loading from cache: /assets/textures/SPRITESHEET.png
12:30:46.610 [FXGL Background Thread 1 ] DEBUG AssetLoader          - Loading from cache: /assets/textures/SPRITESHEET.png
12:30:46.610 [FXGL Background Thread 1 ] DEBUG AssetLoader          - Loading from cache: /assets/textures/SPRITESHEET.png
12:30:46.610 [FXGL Background Thread 1 ] DEBUG AssetLoader          - Loading from cache: /assets/textures/SPRITESHEET.png
12:30:46.610 [FXGL Background Thread 1 ] DEBUG AssetLoader          - Loading from cache: /assets/textures/SPRITESHEET.png
12:30:46.610 [FXGL Background Thread 1 ] DEBUG AssetLoader          - Loading from cache: /assets/textures/SPRITESHEET.png
12:30:46.610 [FXGL Background Thread 1 ] DEBUG AssetLoader          - Loading from cache: /assets/textures/SPRITESHEET.png
12:30:46.610 [FXGL Background Thread 1 ] DEBUG AssetLoader          - Loading from cache: /assets/textures/SPRITESHEET.png
12:30:46.610 [FXGL Background Thread 1 ] DEBUG AssetLoader          - Loading from cache: /assets/textures/SPRITESHEET.png
12:30:46.610 [FXGL Background Thread 1 ] DEBUG AssetLoader          - Loading from cache: /assets/textures/SPRITESHEET.png
12:30:46.610 [FXGL Background Thread 1 ] DEBUG AssetLoader          - Loading from cache: /assets/textures/SPRITESHEET.png
12:30:46.611 [FXGL Background Thread 1 ] DEBUG AssetLoader          - Loading from cache: /assets/textures/SPRITESHEET.png
12:30:46.611 [FXGL Background Thread 1 ] DEBUG AssetLoader          - Loading from cache: /assets/textures/SPRITESHEET.png
12:30:46.611 [FXGL Background Thread 1 ] DEBUG AssetLoader          - Loading from cache: /assets/textures/SPRITESHEET.png
12:30:46.611 [FXGL Background Thread 1 ] DEBUG AssetLoader          - Loading from cache: /assets/textures/SPRITESHEET.png
12:30:46.611 [FXGL Background Thread 1 ] DEBUG AssetLoader          - Loading from cache: /assets/textures/SPRITESHEET.png
12:30:46.611 [FXGL Background Thread 1 ] DEBUG AssetLoader          - Loading from cache: /assets/textures/SPRITESHEET.png
12:30:46.611 [FXGL Background Thread 1 ] DEBUG AssetLoader          - Loading from cache: /assets/textures/SPRITESHEET.png
12:30:46.611 [FXGL Background Thread 1 ] DEBUG AssetLoader          - Loading from cache: /assets/textures/SPRITESHEET.png
12:30:46.611 [FXGL Background Thread 1 ] DEBUG AssetLoader          - Loading from cache: /assets/textures/SPRITESHEET.png
12:30:46.611 [FXGL Background Thread 1 ] DEBUG AssetLoader          - Loading from cache: /assets/textures/SPRITESHEET.png
12:30:46.612 [FXGL Background Thread 1 ] DEBUG AssetLoader          - Loading from cache: /assets/textures/SPRITESHEET.png
12:30:46.612 [FXGL Background Thread 1 ] DEBUG AssetLoader          - Loading from cache: /assets/textures/SPRITESHEET.png
12:30:46.612 [FXGL Background Thread 1 ] DEBUG AssetLoader          - Loading from cache: /assets/textures/SPRITESHEET.png
12:30:46.612 [FXGL Background Thread 1 ] DEBUG AssetLoader          - Loading from cache: /assets/textures/SPRITESHEET.png
12:30:46.612 [FXGL Background Thread 1 ] DEBUG AssetLoader          - Loading from cache: /assets/textures/SPRITESHEET.png
12:30:46.612 [FXGL Background Thread 1 ] DEBUG AssetLoader          - Loading from cache: /assets/textures/SPRITESHEET.png
12:30:46.612 [FXGL Background Thread 1 ] DEBUG AssetLoader          - Loading from cache: /assets/textures/SPRITESHEET.png
12:30:46.612 [FXGL Background Thread 1 ] DEBUG AssetLoader          - Loading from cache: /assets/textures/SPRITESHEET.png
12:30:46.612 [FXGL Background Thread 1 ] DEBUG AssetLoader          - Loading from cache: /assets/textures/SPRITESHEET.png
12:30:46.612 [FXGL Background Thread 1 ] DEBUG AssetLoader          - Loading from cache: /assets/textures/SPRITESHEET.png
12:30:46.612 [FXGL Background Thread 1 ] DEBUG AssetLoader          - Loading from cache: /assets/textures/SPRITESHEET.png
12:30:46.613 [FXGL Background Thread 1 ] DEBUG AssetLoader          - Loading from cache: /assets/textures/SPRITESHEET.png
12:30:46.613 [FXGL Background Thread 1 ] DEBUG AssetLoader          - Loading from cache: /assets/textures/SPRITESHEET.png
12:30:46.613 [FXGL Background Thread 1 ] DEBUG AssetLoader          - Loading from cache: /assets/textures/SPRITESHEET.png
12:30:46.613 [FXGL Background Thread 1 ] DEBUG AssetLoader          - Loading from cache: /assets/textures/SPRITESHEET.png
12:30:46.613 [FXGL Background Thread 1 ] DEBUG AssetLoader          - Loading from cache: /assets/textures/SPRITESHEET.png
12:30:46.613 [FXGL Background Thread 1 ] DEBUG AssetLoader          - Loading from cache: /assets/textures/SPRITESHEET.png
12:30:46.613 [FXGL Background Thread 1 ] DEBUG AssetLoader          - Loading from cache: /assets/textures/SPRITESHEET.png
12:30:46.613 [FXGL Background Thread 1 ] DEBUG AssetLoader          - Loading from cache: /assets/textures/SPRITESHEET.png
12:30:46.613 [FXGL Background Thread 1 ] DEBUG AssetLoader          - Loading from cache: /assets/textures/SPRITESHEET.png
12:30:46.613 [FXGL Background Thread 1 ] DEBUG AssetLoader          - Loading from cache: /assets/textures/SPRITESHEET.png
12:30:46.614 [FXGL Background Thread 1 ] DEBUG AssetLoader          - Loading from cache: /assets/textures/SPRITESHEET.png
12:30:46.614 [FXGL Background Thread 1 ] DEBUG AssetLoader          - Loading from cache: /assets/textures/SPRITESHEET.png
12:30:46.614 [FXGL Background Thread 1 ] DEBUG AssetLoader          - Loading from cache: /assets/textures/SPRITESHEET.png
12:30:46.614 [FXGL Background Thread 1 ] DEBUG AssetLoader          - Loading from cache: /assets/textures/SPRITESHEET.png
12:30:46.614 [FXGL Background Thread 1 ] DEBUG AssetLoader          - Loading from cache: /assets/textures/SPRITESHEET.png
12:30:46.614 [FXGL Background Thread 1 ] DEBUG AssetLoader          - Loading from cache: /assets/textures/SPRITESHEET.png
12:30:46.614 [FXGL Background Thread 1 ] DEBUG AssetLoader          - Loading from cache: /assets/textures/SPRITESHEET.png
12:30:46.614 [FXGL Background Thread 1 ] DEBUG AssetLoader          - Loading from cache: /assets/textures/SPRITESHEET.png
12:30:46.614 [FXGL Background Thread 1 ] DEBUG AssetLoader          - Loading from cache: /assets/textures/SPRITESHEET.png
12:30:46.614 [FXGL Background Thread 1 ] DEBUG AssetLoader          - Loading from cache: /assets/textures/SPRITESHEET.png
12:30:46.614 [FXGL Background Thread 1 ] DEBUG AssetLoader          - Loading from cache: /assets/textures/SPRITESHEET.png
12:30:46.615 [FXGL Background Thread 1 ] DEBUG AssetLoader          - Loading from cache: /assets/textures/SPRITESHEET.png
12:30:46.615 [FXGL Background Thread 1 ] DEBUG AssetLoader          - Loading from cache: /assets/textures/SPRITESHEET.png
12:30:46.615 [FXGL Background Thread 1 ] DEBUG AssetLoader          - Loading from cache: /assets/textures/SPRITESHEET.png
12:30:46.615 [FXGL Background Thread 1 ] DEBUG AssetLoader          - Loading from cache: /assets/textures/SPRITESHEET.png
12:30:46.615 [FXGL Background Thread 1 ] DEBUG AssetLoader          - Loading from cache: /assets/textures/SPRITESHEET.png
12:30:46.615 [FXGL Background Thread 1 ] DEBUG AssetLoader          - Loading from cache: /assets/textures/SPRITESHEET.png
12:30:46.615 [FXGL Background Thread 1 ] DEBUG AssetLoader          - Loading from cache: /assets/textures/SPRITESHEET.png
12:30:46.615 [FXGL Background Thread 1 ] DEBUG AssetLoader          - Loading from cache: /assets/textures/SPRITESHEET.png
12:30:46.615 [FXGL Background Thread 1 ] DEBUG AssetLoader          - Loading from cache: /assets/textures/SPRITESHEET.png
12:30:46.615 [FXGL Background Thread 1 ] DEBUG AssetLoader          - Loading from cache: /assets/textures/SPRITESHEET.png
12:30:46.615 [FXGL Background Thread 1 ] DEBUG AssetLoader          - Loading from cache: /assets/textures/SPRITESHEET.png
12:30:46.615 [FXGL Background Thread 1 ] DEBUG AssetLoader          - Loading from cache: /assets/textures/SPRITESHEET.png
12:30:46.615 [FXGL Background Thread 1 ] DEBUG AssetLoader          - Loading from cache: /assets/textures/SPRITESHEET.png
12:30:46.615 [FXGL Background Thread 1 ] DEBUG AssetLoader          - Loading from cache: /assets/textures/SPRITESHEET.png
12:30:46.615 [FXGL Background Thread 1 ] DEBUG AssetLoader          - Loading from cache: /assets/textures/SPRITESHEET.png
12:30:46.616 [FXGL Background Thread 1 ] DEBUG AssetLoader          - Loading from cache: /assets/textures/SPRITESHEET.png
12:30:46.616 [FXGL Background Thread 1 ] DEBUG AssetLoader          - Loading from cache: /assets/textures/SPRITESHEET.png
12:30:46.616 [FXGL Background Thread 1 ] DEBUG AssetLoader          - Loading from cache: /assets/textures/SPRITESHEET.png
12:30:46.616 [FXGL Background Thread 1 ] DEBUG AssetLoader          - Loading from cache: /assets/textures/SPRITESHEET.png
12:30:46.616 [FXGL Background Thread 1 ] DEBUG AssetLoader          - Loading from cache: /assets/textures/SPRITESHEET.png
12:30:46.616 [FXGL Background Thread 1 ] DEBUG AssetLoader          - Loading from cache: /assets/textures/SPRITESHEET.png
12:30:46.616 [FXGL Background Thread 1 ] DEBUG AssetLoader          - Loading from cache: /assets/textures/SPRITESHEET.png
12:30:46.616 [FXGL Background Thread 1 ] DEBUG AssetLoader          - Loading from cache: /assets/textures/SPRITESHEET.png
12:30:46.616 [FXGL Background Thread 1 ] DEBUG AssetLoader          - Loading from cache: /assets/textures/SPRITESHEET.png
12:30:46.616 [FXGL Background Thread 1 ] DEBUG AssetLoader          - Loading from cache: /assets/textures/SPRITESHEET.png
12:30:46.616 [FXGL Background Thread 1 ] DEBUG AssetLoader          - Loading from cache: /assets/textures/SPRITESHEET.png
12:30:46.616 [FXGL Background Thread 1 ] DEBUG AssetLoader          - Loading from cache: /assets/textures/SPRITESHEET.png
12:30:46.616 [FXGL Background Thread 1 ] DEBUG AssetLoader          - Loading from cache: /assets/textures/SPRITESHEET.png
12:30:46.616 [FXGL Background Thread 1 ] DEBUG AssetLoader          - Loading from cache: /assets/textures/SPRITESHEET.png
12:30:46.616 [FXGL Background Thread 1 ] DEBUG AssetLoader          - Loading from cache: /assets/textures/SPRITESHEET.png
12:30:46.617 [FXGL Background Thread 1 ] DEBUG AssetLoader          - Loading from cache: /assets/textures/SPRITESHEET.png
12:30:46.617 [FXGL Background Thread 1 ] DEBUG AssetLoader          - Loading from cache: /assets/textures/SPRITESHEET.png
12:30:46.617 [FXGL Background Thread 1 ] DEBUG AssetLoader          - Loading from cache: /assets/textures/SPRITESHEET.png
12:30:46.617 [FXGL Background Thread 1 ] DEBUG AssetLoader          - Loading from cache: /assets/textures/SPRITESHEET.png
12:30:46.617 [FXGL Background Thread 1 ] DEBUG AssetLoader          - Loading from cache: /assets/textures/SPRITESHEET.png
12:30:46.617 [FXGL Background Thread 1 ] DEBUG AssetLoader          - Loading from cache: /assets/textures/SPRITESHEET.png
12:30:46.617 [FXGL Background Thread 1 ] DEBUG AssetLoader          - Loading from cache: /assets/textures/SPRITESHEET.png
12:30:46.617 [FXGL Background Thread 1 ] DEBUG AssetLoader          - Loading from cache: /assets/textures/SPRITESHEET.png
12:30:46.617 [FXGL Background Thread 1 ] DEBUG AssetLoader          - Loading from cache: /assets/textures/SPRITESHEET.png
12:30:46.617 [FXGL Background Thread 1 ] DEBUG AssetLoader          - Loading from cache: /assets/textures/SPRITESHEET.png
12:30:46.617 [FXGL Background Thread 1 ] DEBUG AssetLoader          - Loading from cache: /assets/textures/SPRITESHEET.png
12:30:46.617 [FXGL Background Thread 1 ] DEBUG AssetLoader          - Loading from cache: /assets/textures/SPRITESHEET.png
12:30:46.618 [FXGL Background Thread 1 ] DEBUG AssetLoader          - Loading from cache: /assets/textures/SPRITESHEET.png
12:30:46.618 [FXGL Background Thread 1 ] DEBUG AssetLoader          - Loading from cache: /assets/textures/SPRITESHEET.png
12:30:46.618 [FXGL Background Thread 1 ] DEBUG AssetLoader          - Loading from cache: /assets/textures/SPRITESHEET.png
12:30:46.618 [FXGL Background Thread 1 ] DEBUG AssetLoader          - Loading from cache: /assets/textures/SPRITESHEET.png
12:30:46.618 [FXGL Background Thread 1 ] DEBUG AssetLoader          - Loading from cache: /assets/textures/SPRITESHEET.png
12:30:46.618 [FXGL Background Thread 1 ] DEBUG AssetLoader          - Loading from cache: /assets/textures/SPRITESHEET.png
12:30:46.618 [FXGL Background Thread 1 ] DEBUG AssetLoader          - Loading from cache: /assets/textures/SPRITESHEET.png
12:30:46.618 [FXGL Background Thread 1 ] DEBUG AssetLoader          - Loading from cache: /assets/textures/SPRITESHEET.png
12:30:46.618 [FXGL Background Thread 1 ] DEBUG AssetLoader          - Loading from cache: /assets/textures/SPRITESHEET.png
12:30:46.618 [FXGL Background Thread 1 ] DEBUG AssetLoader          - Loading from cache: /assets/textures/SPRITESHEET.png
12:30:46.618 [FXGL Background Thread 1 ] DEBUG AssetLoader          - Loading from cache: /assets/textures/SPRITESHEET.png
12:30:46.618 [FXGL Background Thread 1 ] DEBUG AssetLoader          - Loading from cache: /assets/textures/SPRITESHEET.png
12:30:46.618 [FXGL Background Thread 1 ] DEBUG AssetLoader          - Loading from cache: /assets/textures/SPRITESHEET.png
12:30:46.618 [FXGL Background Thread 1 ] DEBUG AssetLoader          - Loading from cache: /assets/textures/SPRITESHEET.png
12:30:46.618 [FXGL Background Thread 1 ] DEBUG AssetLoader          - Loading from cache: /assets/textures/SPRITESHEET.png
12:30:46.619 [FXGL Background Thread 1 ] DEBUG AssetLoader          - Loading from cache: /assets/textures/SPRITESHEET.png
12:30:46.619 [FXGL Background Thread 1 ] DEBUG AssetLoader          - Loading from cache: /assets/textures/SPRITESHEET.png
12:30:46.619 [FXGL Background Thread 1 ] DEBUG AssetLoader          - Loading from cache: /assets/textures/SPRITESHEET.png
12:30:46.619 [FXGL Background Thread 1 ] DEBUG AssetLoader          - Loading from cache: /assets/textures/SPRITESHEET.png
12:30:46.619 [FXGL Background Thread 1 ] DEBUG AssetLoader          - Loading from cache: /assets/textures/SPRITESHEET.png
12:30:46.619 [FXGL Background Thread 1 ] DEBUG AssetLoader          - Loading from cache: /assets/textures/SPRITESHEET.png
12:30:46.619 [FXGL Background Thread 1 ] DEBUG AssetLoader          - Loading from cache: /assets/textures/SPRITESHEET.png
12:30:46.619 [FXGL Background Thread 1 ] DEBUG AssetLoader          - Loading from cache: /assets/textures/SPRITESHEET.png
12:30:46.619 [FXGL Background Thread 1 ] DEBUG AssetLoader          - Loading from cache: /assets/textures/SPRITESHEET.png
12:30:46.619 [FXGL Background Thread 1 ] DEBUG AssetLoader          - Loading from cache: /assets/textures/SPRITESHEET.png
12:30:46.619 [FXGL Background Thread 1 ] DEBUG AssetLoader          - Loading from cache: /assets/textures/SPRITESHEET.png
12:30:46.619 [FXGL Background Thread 1 ] DEBUG AssetLoader          - Loading from cache: /assets/textures/SPRITESHEET.png
12:30:46.619 [FXGL Background Thread 1 ] DEBUG AssetLoader          - Loading from cache: /assets/textures/SPRITESHEET.png
12:30:46.619 [FXGL Background Thread 1 ] DEBUG AssetLoader          - Loading from cache: /assets/textures/SPRITESHEET.png
12:30:46.620 [FXGL Background Thread 1 ] DEBUG AssetLoader          - Loading from cache: /assets/textures/SPRITESHEET.png
12:30:46.620 [FXGL Background Thread 1 ] DEBUG AssetLoader          - Loading from cache: /assets/textures/SPRITESHEET.png
12:30:46.620 [FXGL Background Thread 1 ] DEBUG AssetLoader          - Loading from cache: /assets/textures/SPRITESHEET.png
12:30:46.620 [FXGL Background Thread 1 ] DEBUG AssetLoader          - Loading from cache: /assets/textures/SPRITESHEET.png
12:30:46.620 [FXGL Background Thread 1 ] DEBUG AssetLoader          - Loading from cache: /assets/textures/SPRITESHEET.png
12:30:46.620 [FXGL Background Thread 1 ] DEBUG AssetLoader          - Loading from cache: /assets/textures/SPRITESHEET.png
12:30:46.620 [FXGL Background Thread 1 ] DEBUG AssetLoader          - Loading from cache: /assets/textures/SPRITESHEET.png
12:30:46.620 [FXGL Background Thread 1 ] DEBUG AssetLoader          - Loading from cache: /assets/textures/SPRITESHEET.png
12:30:46.620 [FXGL Background Thread 1 ] DEBUG AssetLoader          - Loading from cache: /assets/textures/SPRITESHEET.png
12:30:46.620 [FXGL Background Thread 1 ] DEBUG AssetLoader          - Loading from cache: /assets/textures/SPRITESHEET.png
12:30:46.620 [FXGL Background Thread 1 ] DEBUG AssetLoader          - Loading from cache: /assets/textures/SPRITESHEET.png
12:30:46.620 [FXGL Background Thread 1 ] DEBUG AssetLoader          - Loading from cache: /assets/textures/SPRITESHEET.png
12:30:46.620 [FXGL Background Thread 1 ] DEBUG AssetLoader          - Loading from cache: /assets/textures/SPRITESHEET.png
12:30:46.620 [FXGL Background Thread 1 ] DEBUG AssetLoader          - Loading from cache: /assets/textures/SPRITESHEET.png
12:30:46.620 [FXGL Background Thread 1 ] DEBUG AssetLoader          - Loading from cache: /assets/textures/SPRITESHEET.png
12:30:46.620 [FXGL Background Thread 1 ] DEBUG AssetLoader          - Loading from cache: /assets/textures/SPRITESHEET.png
12:30:46.620 [FXGL Background Thread 1 ] DEBUG AssetLoader          - Loading from cache: /assets/textures/SPRITESHEET.png
12:30:46.621 [FXGL Background Thread 1 ] DEBUG AssetLoader          - Loading from cache: /assets/textures/SPRITESHEET.png
12:30:46.621 [FXGL Background Thread 1 ] DEBUG AssetLoader          - Loading from cache: /assets/textures/SPRITESHEET.png
12:30:46.621 [FXGL Background Thread 1 ] DEBUG AssetLoader          - Loading from cache: /assets/textures/SPRITESHEET.png
12:30:46.621 [FXGL Background Thread 1 ] DEBUG AssetLoader          - Loading from cache: /assets/textures/SPRITESHEET.png
12:30:46.621 [FXGL Background Thread 1 ] DEBUG AssetLoader          - Loading from cache: /assets/textures/SPRITESHEET.png
12:30:46.621 [FXGL Background Thread 1 ] DEBUG AssetLoader          - Loading from cache: /assets/textures/SPRITESHEET.png
12:30:46.621 [FXGL Background Thread 1 ] DEBUG AssetLoader          - Loading from cache: /assets/textures/SPRITESHEET.png
12:30:46.621 [FXGL Background Thread 1 ] DEBUG AssetLoader          - Loading from cache: /assets/textures/SPRITESHEET.png
12:30:46.621 [FXGL Background Thread 1 ] DEBUG AssetLoader          - Loading from cache: /assets/textures/SPRITESHEET.png
12:30:46.621 [FXGL Background Thread 1 ] DEBUG AssetLoader          - Loading from cache: /assets/textures/SPRITESHEET.png
12:30:46.621 [FXGL Background Thread 1 ] DEBUG AssetLoader          - Loading from cache: /assets/textures/SPRITESHEET.png
12:30:46.621 [FXGL Background Thread 1 ] DEBUG AssetLoader          - Loading from cache: /assets/textures/SPRITESHEET.png
12:30:46.621 [FXGL Background Thread 1 ] DEBUG AssetLoader          - Loading from cache: /assets/textures/SPRITESHEET.png
12:30:46.621 [FXGL Background Thread 1 ] DEBUG AssetLoader          - Loading from cache: /assets/textures/SPRITESHEET.png
12:30:46.621 [FXGL Background Thread 1 ] DEBUG AssetLoader          - Loading from cache: /assets/textures/SPRITESHEET.png
12:30:46.622 [FXGL Background Thread 1 ] DEBUG AssetLoader          - Loading from cache: /assets/textures/SPRITESHEET.png
12:30:46.622 [FXGL Background Thread 1 ] DEBUG AssetLoader          - Loading from cache: /assets/textures/SPRITESHEET.png
12:30:46.622 [FXGL Background Thread 1 ] DEBUG AssetLoader          - Loading from cache: /assets/textures/SPRITESHEET.png
12:30:46.622 [FXGL Background Thread 1 ] DEBUG AssetLoader          - Loading from cache: /assets/textures/SPRITESHEET.png
12:30:46.622 [FXGL Background Thread 1 ] DEBUG AssetLoader          - Loading from cache: /assets/textures/SPRITESHEET.png
12:30:46.622 [FXGL Background Thread 1 ] DEBUG AssetLoader          - Loading from cache: /assets/textures/SPRITESHEET.png
12:30:46.622 [FXGL Background Thread 1 ] DEBUG AssetLoader          - Loading from cache: /assets/textures/SPRITESHEET.png
12:30:46.622 [FXGL Background Thread 1 ] DEBUG AssetLoader          - Loading from cache: /assets/textures/SPRITESHEET.png
12:30:46.622 [FXGL Background Thread 1 ] DEBUG AssetLoader          - Loading from cache: /assets/textures/SPRITESHEET.png
12:30:46.622 [FXGL Background Thread 1 ] DEBUG AssetLoader          - Loading from cache: /assets/textures/SPRITESHEET.png
12:30:46.622 [FXGL Background Thread 1 ] DEBUG AssetLoader          - Loading from cache: /assets/textures/SPRITESHEET.png
12:30:46.622 [FXGL Background Thread 1 ] DEBUG AssetLoader          - Loading from cache: /assets/textures/SPRITESHEET.png
12:30:46.622 [FXGL Background Thread 1 ] DEBUG AssetLoader          - Loading from cache: /assets/textures/SPRITESHEET.png
12:30:46.622 [FXGL Background Thread 1 ] DEBUG AssetLoader          - Loading from cache: /assets/textures/SPRITESHEET.png
12:30:46.622 [FXGL Background Thread 1 ] DEBUG AssetLoader          - Loading from cache: /assets/textures/SPRITESHEET.png
12:30:46.622 [FXGL Background Thread 1 ] DEBUG AssetLoader          - Loading from cache: /assets/textures/SPRITESHEET.png
12:30:46.623 [FXGL Background Thread 1 ] DEBUG AssetLoader          - Loading from cache: /assets/textures/SPRITESHEET.png
12:30:46.623 [FXGL Background Thread 1 ] DEBUG AssetLoader          - Loading from cache: /assets/textures/SPRITESHEET.png
12:30:46.623 [FXGL Background Thread 1 ] DEBUG AssetLoader          - Loading from cache: /assets/textures/SPRITESHEET.png
12:30:46.623 [FXGL Background Thread 1 ] DEBUG AssetLoader          - Loading from cache: /assets/textures/SPRITESHEET.png
12:30:46.623 [FXGL Background Thread 1 ] DEBUG AssetLoader          - Loading from cache: /assets/textures/SPRITESHEET.png
12:30:46.623 [FXGL Background Thread 1 ] DEBUG AssetLoader          - Loading from cache: /assets/textures/SPRITESHEET.png
12:30:46.623 [FXGL Background Thread 1 ] DEBUG AssetLoader          - Loading from cache: /assets/textures/SPRITESHEET.png
12:30:46.623 [FXGL Background Thread 1 ] DEBUG AssetLoader          - Loading from cache: /assets/textures/SPRITESHEET.png
12:30:46.623 [FXGL Background Thread 1 ] DEBUG AssetLoader          - Loading from cache: /assets/textures/SPRITESHEET.png
12:30:46.623 [FXGL Background Thread 1 ] DEBUG AssetLoader          - Loading from cache: /assets/textures/SPRITESHEET.png
12:30:46.623 [FXGL Background Thread 1 ] DEBUG AssetLoader          - Loading from cache: /assets/textures/SPRITESHEET.png
12:30:46.623 [FXGL Background Thread 1 ] DEBUG AssetLoader          - Loading from cache: /assets/textures/SPRITESHEET.png
12:30:46.623 [FXGL Background Thread 1 ] DEBUG AssetLoader          - Loading from cache: /assets/textures/SPRITESHEET.png
12:30:46.623 [FXGL Background Thread 1 ] DEBUG AssetLoader          - Loading from cache: /assets/textures/SPRITESHEET.png
12:30:46.623 [FXGL Background Thread 1 ] DEBUG AssetLoader          - Loading from cache: /assets/textures/SPRITESHEET.png
12:30:46.623 [FXGL Background Thread 1 ] DEBUG AssetLoader          - Loading from cache: /assets/textures/SPRITESHEET.png
12:30:46.624 [FXGL Background Thread 1 ] DEBUG AssetLoader          - Loading from cache: /assets/textures/SPRITESHEET.png
12:30:46.624 [FXGL Background Thread 1 ] DEBUG AssetLoader          - Loading from cache: /assets/textures/SPRITESHEET.png
12:30:46.624 [FXGL Background Thread 1 ] DEBUG AssetLoader          - Loading from cache: /assets/textures/SPRITESHEET.png
12:30:46.624 [FXGL Background Thread 1 ] DEBUG AssetLoader          - Loading from cache: /assets/textures/SPRITESHEET.png
12:30:46.624 [FXGL Background Thread 1 ] DEBUG AssetLoader          - Loading from cache: /assets/textures/SPRITESHEET.png
12:30:46.624 [FXGL Background Thread 1 ] DEBUG AssetLoader          - Loading from cache: /assets/textures/SPRITESHEET.png
12:30:46.624 [FXGL Background Thread 1 ] DEBUG AssetLoader          - Loading from cache: /assets/textures/SPRITESHEET.png
12:30:46.624 [FXGL Background Thread 1 ] DEBUG AssetLoader          - Loading from cache: /assets/textures/SPRITESHEET.png
12:30:46.624 [FXGL Background Thread 1 ] DEBUG AssetLoader          - Loading from cache: /assets/textures/SPRITESHEET.png
12:30:46.624 [FXGL Background Thread 1 ] DEBUG AssetLoader          - Loading from cache: /assets/textures/SPRITESHEET.png
12:30:46.624 [FXGL Background Thread 1 ] DEBUG AssetLoader          - Loading from cache: /assets/textures/SPRITESHEET.png
12:30:46.624 [FXGL Background Thread 1 ] DEBUG AssetLoader          - Loading from cache: /assets/textures/SPRITESHEET.png
12:30:46.624 [FXGL Background Thread 1 ] DEBUG AssetLoader          - Loading from cache: /assets/textures/SPRITESHEET.png
12:30:46.624 [FXGL Background Thread 1 ] DEBUG AssetLoader          - Loading from cache: /assets/textures/SPRITESHEET.png
12:30:46.624 [FXGL Background Thread 1 ] DEBUG AssetLoader          - Loading from cache: /assets/textures/SPRITESHEET.png
12:30:46.625 [FXGL Background Thread 1 ] DEBUG AssetLoader          - Loading from cache: /assets/textures/SPRITESHEET.png
12:30:46.625 [FXGL Background Thread 1 ] DEBUG AssetLoader          - Loading from cache: /assets/textures/SPRITESHEET.png
12:30:46.625 [FXGL Background Thread 1 ] DEBUG AssetLoader          - Loading from cache: /assets/textures/SPRITESHEET.png
12:30:46.625 [FXGL Background Thread 1 ] DEBUG AssetLoader          - Loading from cache: /assets/textures/SPRITESHEET.png
12:30:46.625 [FXGL Background Thread 1 ] DEBUG AssetLoader          - Loading from cache: /assets/textures/SPRITESHEET.png
12:30:46.625 [FXGL Background Thread 1 ] DEBUG AssetLoader          - Loading from cache: /assets/textures/SPRITESHEET.png
12:30:46.625 [FXGL Background Thread 1 ] DEBUG AssetLoader          - Loading from cache: /assets/textures/SPRITESHEET.png
12:30:46.625 [FXGL Background Thread 1 ] DEBUG AssetLoader          - Loading from cache: /assets/textures/SPRITESHEET.png
12:30:46.625 [FXGL Background Thread 1 ] DEBUG AssetLoader          - Loading from cache: /assets/textures/SPRITESHEET.png
12:30:46.625 [FXGL Background Thread 1 ] DEBUG AssetLoader          - Loading from cache: /assets/textures/SPRITESHEET.png
12:30:46.625 [FXGL Background Thread 1 ] DEBUG AssetLoader          - Loading from cache: /assets/textures/SPRITESHEET.png
12:30:46.625 [FXGL Background Thread 1 ] DEBUG AssetLoader          - Loading from cache: /assets/textures/SPRITESHEET.png
12:30:46.625 [FXGL Background Thread 1 ] DEBUG AssetLoader          - Loading from cache: /assets/textures/SPRITESHEET.png
12:30:46.625 [FXGL Background Thread 1 ] DEBUG AssetLoader          - Loading from cache: /assets/textures/SPRITESHEET.png
12:30:46.625 [FXGL Background Thread 1 ] DEBUG AssetLoader          - Loading from cache: /assets/textures/SPRITESHEET.png
12:30:46.626 [FXGL Background Thread 1 ] DEBUG AssetLoader          - Loading from cache: /assets/textures/SPRITESHEET.png
12:30:46.626 [FXGL Background Thread 1 ] DEBUG AssetLoader          - Loading from cache: /assets/textures/SPRITESHEET.png
12:30:46.626 [FXGL Background Thread 1 ] DEBUG AssetLoader          - Loading from cache: /assets/textures/SPRITESHEET.png
12:30:46.626 [FXGL Background Thread 1 ] DEBUG AssetLoader          - Loading from cache: /assets/textures/SPRITESHEET.png
12:30:46.626 [FXGL Background Thread 1 ] DEBUG AssetLoader          - Loading from cache: /assets/textures/SPRITESHEET.png
12:30:46.626 [FXGL Background Thread 1 ] DEBUG AssetLoader          - Loading from cache: /assets/textures/SPRITESHEET.png
12:30:46.626 [FXGL Background Thread 1 ] DEBUG AssetLoader          - Loading from cache: /assets/textures/SPRITESHEET.png
12:30:46.626 [FXGL Background Thread 1 ] DEBUG AssetLoader          - Loading from cache: /assets/textures/SPRITESHEET.png
12:30:46.626 [FXGL Background Thread 1 ] DEBUG AssetLoader          - Loading from cache: /assets/textures/SPRITESHEET.png
12:30:46.626 [FXGL Background Thread 1 ] DEBUG AssetLoader          - Loading from cache: /assets/textures/SPRITESHEET.png
12:30:46.627 [FXGL Background Thread 1 ] DEBUG GameScene            - Creating render group for layer: BACKGROUND(1000)
12:30:46.649 [FXGL Background Thread 1 ] DEBUG GameScene            - Creating render group for layer: DEFAULT(100000)
12:30:46.651 [FXGL Background Thread 1 ] DEBUG AssetLoader          - Loading from disk: /assets/textures/CharacterSprite.png
12:30:46.652 [FXGL Background Thread 1 ] DEBUG AssetLoader          - Loading from cache: /assets/textures/CharacterSprite.png
12:30:46.653 [FXGL Background Thread 1 ] DEBUG AssetLoader          - Loading from cache: /assets/textures/CharacterSprite.png
12:30:46.653 [FXGL Background Thread 1 ] DEBUG AssetLoader          - Loading from cache: /assets/textures/CharacterSprite.png
12:30:46.653 [FXGL Background Thread 1 ] DEBUG AssetLoader          - Loading from cache: /assets/textures/CharacterSprite.png
12:30:46.653 [FXGL Background Thread 1 ] DEBUG AssetLoader          - Loading from cache: /assets/textures/CharacterSprite.png
12:30:46.653 [FXGL Background Thread 1 ] DEBUG AssetLoader          - Loading from cache: /assets/textures/CharacterSprite.png
12:30:46.653 [FXGL Background Thread 1 ] DEBUG AssetLoader          - Loading from cache: /assets/textures/CharacterSprite.png
12:30:46.655 [FXGL Background Thread 1 ] DEBUG InitAppTask          - Initializing Physics
12:30:46.655 [FXGL Background Thread 1 ] DEBUG InitAppTask          - Initializing UI
12:30:46.655 [FXGL Background Thread 1 ] DEBUG AssetLoader          - Loading from disk: /assets/textures/brick.png
12:30:46.656 [FXGL Background Thread 1 ] DEBUG InitAppTask          - Initialization Complete
12:30:46.656 [FXGL Background Thread 1 ] INFO  InitAppTask          - Game initialization took: 0.119 sec
12:30:46.657 [JavaFX Application Thread] DEBUG Input                - Clearing active input actions
12:30:46.657 [JavaFX Application Thread] DEBUG AssetLoader          - Loading from disk: /assets/ui/css/fxgl_dark.css
12:30:46.664 [JavaFX Application Thread] DEBUG AppStateMachine      - LoadingState -> PlayState
12:30:52.472 [JavaFX Application Thread] DEBUG FXGL                 - Exiting FXGL
12:30:52.473 [JavaFX Application Thread] DEBUG FXGL                 - Shutting down background threads
12:30:52.473 [JavaFX Application Thread] DEBUG FXGL                 - Saving FXGL system data
12:30:52.474 [JavaFX Application Thread] DEBUG DesktopFSService     - Writing to: system\fxgl.bundle
12:30:52.476 [JavaFX Application Thread] DEBUG FXGL                 - Closing logger and exiting JavaFX
