18:28:36.150 [main                     ] DEBUG GameApplication      - Logger initialized
18:28:36.166 [main                     ] DEBUG GameApplication      - Logging settings
Title: FriendMaker2077
Version: 0.1
Width: 640
Height: 640
Fullscreen: false
Intro: false
Menus: false
Profiling: false
Single step:false
App Mode: DEVELOPER
Menu Key: ESCAPE
Stage Style: DECORATED
Scene Factory: class ui.MenuFactory

18:28:36.450 [JavaFX Application Thread] DEBUG GameApplication      - Initializing FXGL
18:28:36.455 [JavaFX Application Thread] INFO  Engine               - FXGL-11.8 (08.03.2020 09.25) on WINDOWS (J:13.0.2 FX:13.0.2)
18:28:36.456 [JavaFX Application Thread] INFO  Engine               - Source code and latest versions at: https://github.com/AlmasB/FXGL
18:28:36.456 [JavaFX Application Thread] INFO  Engine               -              Join the FXGL chat at: https://gitter.im/AlmasB/FXGL
18:28:36.524 [JavaFX Application Thread] DEBUG MainWindow           - Creating a JavaFX scene
18:28:36.553 [JavaFX Application Thread] DEBUG MainWindow           - Target settings size: 640.0 x 640.0
18:28:36.553 [JavaFX Application Thread] DEBUG MainWindow           - Scaled scene size:    640.0 x 640.0
18:28:36.554 [JavaFX Application Thread] DEBUG MainWindow           - Scaled ratio: (1.0, 1.0)
18:28:36.554 [JavaFX Application Thread] DEBUG MainWindow           - Set initial scene to FXGLStartupScene
18:28:36.558 [JavaFX Application Thread] DEBUG MainWindow           - Opening main window
18:28:36.629 [JavaFX Application Thread] DEBUG MainWindow           - Window border size: (16.0, 39.0)
18:28:36.629 [JavaFX Application Thread] DEBUG MainWindow           - Scaled size: 640.0 x 640.0
18:28:36.629 [JavaFX Application Thread] DEBUG MainWindow           - Scaled ratio: (1.0, 1.0)
18:28:36.629 [JavaFX Application Thread] DEBUG MainWindow           - Scene size: 640.0 x 640.0
18:28:36.629 [JavaFX Application Thread] DEBUG MainWindow           - Stage size: 656.0 x 679.0
18:28:36.634 [FXGL Background Thread 1 ] DEBUG Engine               - Initializing environment variables
18:28:36.653 [FXGL Background Thread 1 ] DEBUG WindowService        - Applying CSS: fxgl_dark.css
18:28:36.653 [FXGL Background Thread 1 ] DEBUG AssetLoaderService   - Loading from file system: /assets/ui/css/fxgl_dark.css
18:28:36.683 [FXGL Background Thread 1 ] DEBUG WindowService        - Initializing application scenes
18:28:36.703 [FXGL Background Thread 1 ] DEBUG GameWorld            - Game world initialized
18:28:36.725 [FXGL Background Thread 1 ] DEBUG PhysicsWorld         - Physics world initialized: appHeight=640, physics.ppm=50.0
18:28:36.727 [FXGL Background Thread 1 ] DEBUG GameScene            - Game scene initialized: 640x640
18:28:36.731 [FXGL Background Thread 1 ] DEBUG Input                - Registered new binding: Resume - Esc
18:28:36.740 [FXGL Background Thread 1 ] DEBUG Input                - Registered new binding: Pause - Esc
18:28:36.740 [FXGL Background Thread 1 ] DEBUG WindowService        - Application scenes initialized
18:28:36.747 [FXGL Background Thread 1 ] DEBUG SystemBundleService  - Loading FXGL system data
18:28:36.750 [FXGL Background Thread 1 ] DEBUG FileSystemAccess     - Reading from: C:\Users\Adam Cunard\git\FriendMaker2077-07-03\Project\system\fxgl.bundle
18:28:36.755 [FXGL Background Thread 1 ] DEBUG SystemBundleService  - Bundle FXGL: {}
18:28:36.755 [FXGL Background Thread 1 ] INFO  Engine               - FXGL initialization took: 0.120 sec
18:28:36.757 [FXGL Background Thread 1 ] DEBUG GameApplication      - Loading localizations
18:28:36.757 [FXGL Background Thread 1 ] DEBUG AssetLoaderService   - Loading from file system: /assets/properties/languages/english.properties
18:28:36.758 [FXGL Background Thread 1 ] DEBUG AssetLoaderService   - Loading from file system: /assets/properties/languages/french.properties
18:28:36.759 [FXGL Background Thread 1 ] DEBUG AssetLoaderService   - Loading from file system: /assets/properties/languages/german.properties
18:28:36.760 [FXGL Background Thread 1 ] DEBUG AssetLoaderService   - Loading from file system: /assets/properties/languages/hungarian.properties
18:28:36.761 [FXGL Background Thread 1 ] DEBUG AssetLoaderService   - Loading from file system: /assets/properties/languages/russian.properties
18:28:36.761 [FXGL Background Thread 1 ] DEBUG GameApplication      - Registering font factories with UI factory
18:28:36.762 [FXGL Background Thread 1 ] DEBUG AssetLoaderService   - Loading from file system: /assets/ui/fonts/VarelaRound-Regular.ttf
18:28:36.953 [FXGL Background Thread 1 ] DEBUG AssetLoaderService   - Loading from file system: /assets/ui/fonts/Abel-Regular.ttf
18:28:36.960 [FXGL Background Thread 1 ] DEBUG AssetLoaderService   - Loading from file system: /assets/ui/fonts/lucida_console.ttf
18:28:36.968 [FXGL Background Thread 1 ] DEBUG AssetLoaderService   - Loading from file system: /assets/ui/fonts/Courier-Prime.ttf
18:28:36.976 [JavaFX Application Thread] DEBUG Input                - Registered new binding: Move Right - D
18:28:36.976 [JavaFX Application Thread] DEBUG LoopRunner           - Stopping loop
18:28:39.756 [FXGL Background Thread 2 ] DEBUG Engine               - Logging environment variables
18:28:39.756 [FXGL Background Thread 2 ] DEBUG Engine               - achievements: []
18:28:39.756 [FXGL Background Thread 2 ] DEBUG Engine               - language: ObjectProperty [value: ENGLISH]
18:28:39.756 [FXGL Background Thread 2 ] DEBUG Engine               - isCloseConfirmation: false
18:28:39.756 [FXGL Background Thread 2 ] DEBUG Engine               - isProfilingEnabled: false
18:28:39.756 [FXGL Background Thread 2 ] DEBUG Engine               - soundNotification: core/notification.wav
18:28:39.757 [FXGL Background Thread 2 ] DEBUG Engine               - devShowBBoxProperty: BooleanProperty [value: false]
18:28:39.757 [FXGL Background Thread 2 ] DEBUG Engine               - pixelsPerMeter: 50.0
18:28:39.757 [FXGL Background Thread 2 ] DEBUG Engine               - appIcon: fxgl_icon.png
18:28:39.757 [FXGL Background Thread 2 ] DEBUG Engine               - soundMenuBack: menu/back.wav
18:28:39.757 [FXGL Background Thread 2 ] DEBUG Engine               - isFullScreenAllowed: false
18:28:39.757 [FXGL Background Thread 2 ] DEBUG Engine               - isIntroEnabled: false
18:28:39.757 [FXGL Background Thread 2 ] DEBUG Engine               - fontMono: lucida_console.ttf
18:28:39.757 [FXGL Background Thread 2 ] DEBUG Engine               - soundMenuSelect: menu/select.wav
18:28:39.757 [FXGL Background Thread 2 ] DEBUG Engine               - isWindows: true
18:28:39.758 [FXGL Background Thread 2 ] DEBUG Engine               - isMobile: false
18:28:39.758 [FXGL Background Thread 2 ] DEBUG Engine               - isUserProfileEnabled: false
18:28:39.758 [FXGL Background Thread 2 ] DEBUG Engine               - height: 640
18:28:39.758 [FXGL Background Thread 2 ] DEBUG Engine               - isExperimentalNative: false
18:28:39.758 [FXGL Background Thread 2 ] DEBUG Engine               - settings: Title: FriendMaker2077
Version: 0.1
Width: 640
Height: 640
Fullscreen: false
Intro: false
Menus: false
Profiling: false
Single step:false
App Mode: DEVELOPER
Menu Key: ESCAPE
Stage Style: DECORATED
Scene Factory: class ui.MenuFactory

18:28:39.758 [FXGL Background Thread 2 ] DEBUG Engine               - isSingleStep: false
18:28:39.758 [FXGL Background Thread 2 ] DEBUG Engine               - cSSList: [fxgl_dark.css]
18:28:39.758 [FXGL Background Thread 2 ] DEBUG Engine               - fontGame: Abel-Regular.ttf
18:28:39.758 [FXGL Background Thread 2 ] DEBUG Engine               - menuKey: ESCAPE
18:28:39.758 [FXGL Background Thread 2 ] DEBUG Engine               - devShowPositionProperty: BooleanProperty [value: false]
18:28:39.758 [FXGL Background Thread 2 ] DEBUG Engine               - versionCheckDays: 7
18:28:39.758 [FXGL Background Thread 2 ] DEBUG Engine               - configClass: Optional.empty
18:28:39.759 [FXGL Background Thread 2 ] DEBUG Engine               - isFullScreenFromStart: false
18:28:39.759 [FXGL Background Thread 2 ] DEBUG Engine               - version: 0.1
18:28:39.759 [FXGL Background Thread 2 ] DEBUG Engine               - fullScreen: BooleanProperty [value: false]
18:28:39.759 [FXGL Background Thread 2 ] DEBUG Engine               - randomSeed: -1
18:28:39.759 [FXGL Background Thread 2 ] DEBUG Engine               - gameDifficultyProperty: ObjectProperty [value: MEDIUM]
18:28:39.759 [FXGL Background Thread 2 ] DEBUG Engine               - applicationMode: DEVELOPER
18:28:39.759 [FXGL Background Thread 2 ] DEBUG Engine               - isMac: false
18:28:39.759 [FXGL Background Thread 2 ] DEBUG Engine               - isMenuEnabled: false
18:28:39.759 [FXGL Background Thread 2 ] DEBUG Engine               - urlPOM: https://raw.githubusercontent.com/AlmasB/FXGL/master/pom.xml
18:28:39.759 [FXGL Background Thread 2 ] DEBUG Engine               - profileName: StringProperty [value: DEFAULT]
18:28:39.759 [FXGL Background Thread 2 ] DEBUG Engine               - notificationViewClass: class com.almasb.fxgl.notification.view.XboxNotificationView
18:28:39.759 [FXGL Background Thread 2 ] DEBUG Engine               - devSensorColorProperty: ObjectProperty [value: 0xffff00ff]
18:28:39.760 [FXGL Background Thread 2 ] DEBUG Engine               - sceneFactory: ui.MenuFactory@4e0b3def
18:28:39.760 [FXGL Background Thread 2 ] DEBUG Engine               - stageStyle: DECORATED
18:28:39.760 [FXGL Background Thread 2 ] DEBUG Engine               - isManualResizeEnabled: false
18:28:39.760 [FXGL Background Thread 2 ] DEBUG Engine               - title: FriendMaker2077
18:28:39.760 [FXGL Background Thread 2 ] DEBUG Engine               - platform: WINDOWS
18:28:39.760 [FXGL Background Thread 2 ] DEBUG Engine               - devBBoxColorProperty: ObjectProperty [value: 0xff0000ff]
18:28:39.760 [FXGL Background Thread 2 ] DEBUG Engine               - gameDifficulty: MEDIUM
18:28:39.760 [FXGL Background Thread 2 ] DEBUG Engine               - isDesktop: true
18:28:39.760 [FXGL Background Thread 2 ] DEBUG Engine               - supportedLanguages: [ENGLISH, FRENCH, GERMAN, HUNGARIAN, RUSSIAN]
18:28:39.760 [FXGL Background Thread 2 ] DEBUG Engine               - credits: []
18:28:39.760 [FXGL Background Thread 2 ] DEBUG Engine               - globalMusicVolumeProperty: DoubleProperty [value: 0.5]
18:28:39.760 [FXGL Background Thread 2 ] DEBUG Engine               - isPreserveResizeRatio: false
18:28:39.760 [FXGL Background Thread 2 ] DEBUG Engine               - fontText: Courier-Prime.ttf
18:28:39.761 [FXGL Background Thread 2 ] DEBUG Engine               - isExperimentalTiledLargeMap: false
18:28:39.761 [FXGL Background Thread 2 ] DEBUG Engine               - secondsIn24h: 60
18:28:39.761 [FXGL Background Thread 2 ] DEBUG Engine               - runtimeInfo: RuntimeInfo(platform=WINDOWS, version=11.8, build=08.03.2020 09.25)
18:28:39.761 [FXGL Background Thread 2 ] DEBUG Engine               - isLinux: false
18:28:39.761 [FXGL Background Thread 2 ] DEBUG Engine               - soundMenuPress: menu/press.wav
18:28:39.761 [FXGL Background Thread 2 ] DEBUG Engine               - urlGithub: https://github.com/AlmasB/FXGL
18:28:39.761 [FXGL Background Thread 2 ] DEBUG Engine               - profileDir: profiles/
18:28:39.761 [FXGL Background Thread 2 ] DEBUG Engine               - isDeveloperMenuEnabled: false
18:28:39.761 [FXGL Background Thread 2 ] DEBUG Engine               - globalSoundVolumeProperty: DoubleProperty [value: 0.5]
18:28:39.761 [FXGL Background Thread 2 ] DEBUG Engine               - mainWindow: com.almasb.fxgl.app.MainWindow@4a34a0f6
18:28:39.761 [FXGL Background Thread 2 ] DEBUG Engine               - isBrowser: false
18:28:39.761 [FXGL Background Thread 2 ] DEBUG Engine               - urlLeaderboard: http://fxgl-top.herokuapp.com/
18:28:39.762 [FXGL Background Thread 2 ] DEBUG Engine               - globalSoundVolume: 0.5
18:28:39.762 [FXGL Background Thread 2 ] DEBUG Engine               - engineServices: [class com.almasb.fxgl.app.GameApplication$GameApplicationService, class com.almasb.fxgl.app.services.WindowService, class com.almasb.fxgl.app.services.FXGLDialogService, class com.almasb.fxgl.app.services.IOTaskExecutorService, class com.almasb.fxgl.event.EventBusService, class com.almasb.fxgl.io.FileSystemService, class com.almasb.fxgl.localization.LocalizationService, class com.almasb.fxgl.app.services.AssetLoaderService, class com.almasb.fxgl.app.services.SystemBundleService, class com.almasb.fxgl.profile.SaveLoadService, class com.almasb.fxgl.ui.FXGLUIFactoryServiceProvider, class com.almasb.fxgl.ui.FXGLDialogFactoryServiceProvider, class com.almasb.fxgl.audio.AudioPlayer, class com.almasb.fxgl.notification.impl.NotificationServiceProvider, class com.almasb.fxgl.achievement.AchievementService, class com.almasb.fxgl.cutscene.CutsceneService, class com.almasb.fxgl.minigames.MiniGameService, class com.almasb.fxgl.net.NetService, class com.almasb.fxgl.app.services.UpdaterService]
18:28:39.762 [FXGL Background Thread 2 ] DEBUG Engine               - globalMusicVolume: 0.5
18:28:39.762 [FXGL Background Thread 2 ] DEBUG Engine               - width: 640
18:28:39.762 [FXGL Background Thread 2 ] DEBUG Engine               - saveFileExt: sav
18:28:39.762 [FXGL Background Thread 2 ] DEBUG Engine               - isAndroid: false
18:28:39.762 [FXGL Background Thread 2 ] DEBUG Engine               - fontUI: VarelaRound-Regular.ttf
18:28:39.762 [FXGL Background Thread 2 ] DEBUG Engine               - enabledMenuItems: []
18:28:39.762 [FXGL Background Thread 2 ] DEBUG Engine               - isIOS: false
18:28:39.762 [FXGL Background Thread 2 ] DEBUG Engine               - Logging services
18:28:39.762 [FXGL Background Thread 2 ] DEBUG Engine               - class com.almasb.fxgl.app.GameApplication$GameApplicationService
18:28:39.763 [FXGL Background Thread 2 ] DEBUG Engine               - class com.almasb.fxgl.app.services.WindowService
18:28:39.763 [FXGL Background Thread 2 ] DEBUG Engine               - class com.almasb.fxgl.app.services.FXGLDialogService
18:28:39.763 [FXGL Background Thread 2 ] DEBUG Engine               - class com.almasb.fxgl.app.services.IOTaskExecutorService
18:28:39.763 [FXGL Background Thread 2 ] DEBUG Engine               - class com.almasb.fxgl.event.EventBusService
18:28:39.763 [FXGL Background Thread 2 ] DEBUG Engine               - class com.almasb.fxgl.io.FileSystemService
18:28:39.763 [FXGL Background Thread 2 ] DEBUG Engine               - class com.almasb.fxgl.localization.LocalizationService
18:28:39.763 [FXGL Background Thread 2 ] DEBUG Engine               - class com.almasb.fxgl.app.services.AssetLoaderService
18:28:39.763 [FXGL Background Thread 2 ] DEBUG Engine               - class com.almasb.fxgl.app.services.SystemBundleService
18:28:39.763 [FXGL Background Thread 2 ] DEBUG Engine               - class com.almasb.fxgl.profile.SaveLoadService
18:28:39.763 [FXGL Background Thread 2 ] DEBUG Engine               - class com.almasb.fxgl.ui.FXGLUIFactoryServiceProvider
18:28:39.763 [FXGL Background Thread 2 ] DEBUG Engine               - class com.almasb.fxgl.ui.FXGLDialogFactoryServiceProvider
18:28:39.763 [FXGL Background Thread 2 ] DEBUG Engine               - class com.almasb.fxgl.audio.AudioPlayer
18:28:39.763 [FXGL Background Thread 2 ] DEBUG Engine               - class com.almasb.fxgl.notification.impl.NotificationServiceProvider
18:28:39.763 [FXGL Background Thread 2 ] DEBUG Engine               - class com.almasb.fxgl.achievement.AchievementService
18:28:39.763 [FXGL Background Thread 2 ] DEBUG Engine               - class com.almasb.fxgl.cutscene.CutsceneService
18:28:39.764 [FXGL Background Thread 2 ] DEBUG Engine               - class com.almasb.fxgl.minigames.MiniGameService
18:28:39.764 [FXGL Background Thread 2 ] DEBUG Engine               - class com.almasb.fxgl.net.NetService
18:28:39.764 [FXGL Background Thread 2 ] DEBUG Engine               - class com.almasb.fxgl.app.services.UpdaterService
18:28:41.921 [JavaFX Application Thread] FATAL GameApplication      - Uncaught Exception:

Fatal exception occurred: java.lang.IllegalArgumentException : Action already exists: Move Right
E: com.almasb.fxgl.input.Input.addBinding(Input.kt:306)
E: com.almasb.fxgl.input.Input.addAction(Input.kt:302)
E: com.almasb.fxgl.input.Input.addAction$default(Input.kt:299)
E: com.almasb.fxgl.input.Input.addAction(Input.kt)
E: application.GameApp.initInput(GameApp.java:85)
E: com.almasb.fxgl.app.GameApplication$GameApplicationService.onMainLoopStarting(GameApplication.java:378)
E: com.almasb.fxgl.app.Engine.startLoop(Engine.kt:145)
E: com.almasb.fxgl.app.GameApplication$FXGLApplication.lambda$start$2(GameApplication.java:254)
E: com.almasb.fxgl.core.concurrent.IOTask.succeed(IOTask.java:123)
E: com.almasb.fxgl.core.concurrent.IOTask$1.succeeded(IOTask.java:112)
E: javafx.concurrent.Task.setState(Task.java:726)
E: javafx.concurrent.Task$TaskCallable.lambda$call$1(Task.java:1436)
E: com.sun.javafx.application.PlatformImpl.lambda$runLater$10(PlatformImpl.java:428)
E: java.base/java.security.AccessController.doPrivileged(AccessController.java:391)
E: com.sun.javafx.application.PlatformImpl.lambda$runLater$11(PlatformImpl.java:427)
E: com.sun.glass.ui.InvokeLaterDispatcher$Future.run(InvokeLaterDispatcher.java:96)
E: com.sun.glass.ui.win.WinApplication._runLoop(Native Method)
E: com.sun.glass.ui.win.WinApplication.lambda$runLoop$3(WinApplication.java:174)
E: java.base/java.lang.Thread.run(Thread.java:830)

18:28:41.921 [JavaFX Application Thread] FATAL GameApplication      - Application will now exit
18:28:41.922 [JavaFX Application Thread] DEBUG GameApplication      - Exiting FXGL
18:28:41.922 [JavaFX Application Thread] DEBUG GameApplication      - Shutting down background threads
18:28:41.922 [JavaFX Application Thread] DEBUG GameApplication      - Closing logger and exiting JavaFX
