12:20:48.861 [main                     ] DEBUG GameApplication      - Logger initialized
12:20:48.874 [main                     ] DEBUG GameApplication      - Logging settings
Title: FriendMaker2077
Version: 0.1
Width: 640
Height: 640
Fullscreen: false
Intro: false
Menus: false
Profiling: false
Single step:false
App Mode: DEVELOPER
Menu Key: ESCAPE
Stage Style: DECORATED
Scene Factory: class ui.MenuFactory

12:20:49.018 [JavaFX Application Thread] DEBUG GameApplication      - Initializing FXGL
12:20:49.023 [JavaFX Application Thread] INFO  Engine               - FXGL-11.8 (08.03.2020 09.25) on WINDOWS (J:13.0.2 FX:11.0.2)
12:20:49.023 [JavaFX Application Thread] INFO  Engine               - Source code and latest versions at: https://github.com/AlmasB/FXGL
12:20:49.023 [JavaFX Application Thread] INFO  Engine               -              Join the FXGL chat at: https://gitter.im/AlmasB/FXGL
12:20:49.083 [JavaFX Application Thread] DEBUG MainWindow           - Creating a JavaFX scene
12:20:49.111 [JavaFX Application Thread] DEBUG MainWindow           - Target settings size: 640.0 x 640.0
12:20:49.111 [JavaFX Application Thread] DEBUG MainWindow           - Scaled scene size:    640.0 x 640.0
12:20:49.111 [JavaFX Application Thread] DEBUG MainWindow           - Scaled ratio: (1.0, 1.0)
12:20:49.112 [JavaFX Application Thread] DEBUG MainWindow           - Set initial scene to FXGLStartupScene
12:20:49.115 [JavaFX Application Thread] DEBUG MainWindow           - Opening main window
12:20:49.164 [JavaFX Application Thread] DEBUG MainWindow           - Window border size: (16.0, 39.0)
12:20:49.164 [JavaFX Application Thread] DEBUG MainWindow           - Scaled size: 640.0 x 640.0
12:20:49.165 [JavaFX Application Thread] DEBUG MainWindow           - Scaled ratio: (1.0, 1.0)
12:20:49.165 [JavaFX Application Thread] DEBUG MainWindow           - Scene size: 640.0 x 640.0
12:20:49.165 [JavaFX Application Thread] DEBUG MainWindow           - Stage size: 656.0 x 679.0
12:20:49.169 [FXGL Background Thread 1 ] DEBUG Engine               - Initializing environment variables
12:20:49.186 [FXGL Background Thread 1 ] DEBUG WindowService        - Applying CSS: fxgl_dark.css
12:20:49.186 [FXGL Background Thread 1 ] DEBUG AssetLoaderService   - Loading from file system: /assets/ui/css/fxgl_dark.css
12:20:49.215 [FXGL Background Thread 1 ] DEBUG WindowService        - Initializing application scenes
12:20:49.233 [FXGL Background Thread 1 ] DEBUG GameWorld            - Game world initialized
12:20:49.255 [FXGL Background Thread 1 ] DEBUG PhysicsWorld         - Physics world initialized: appHeight=640, physics.ppm=50.0
12:20:49.256 [FXGL Background Thread 1 ] DEBUG GameScene            - Game scene initialized: 640x640
12:20:49.261 [FXGL Background Thread 1 ] DEBUG Input                - Registered new binding: Resume - Esc
12:20:49.271 [FXGL Background Thread 1 ] DEBUG Input                - Registered new binding: Pause - Esc
12:20:49.271 [FXGL Background Thread 1 ] DEBUG WindowService        - Application scenes initialized
12:20:49.278 [FXGL Background Thread 1 ] DEBUG SystemBundleService  - Loading FXGL system data
12:20:49.280 [FXGL Background Thread 1 ] DEBUG FileSystemAccess     - Reading from: C:\Users\otinn\git\FriendMaker2077-07-03\Project\system\fxgl.bundle
12:20:49.285 [FXGL Background Thread 1 ] DEBUG SystemBundleService  - Bundle FXGL: {}
12:20:49.286 [FXGL Background Thread 1 ] INFO  Engine               - FXGL initialization took: 0.115 sec
12:20:49.287 [FXGL Background Thread 1 ] DEBUG GameApplication      - Loading localizations
12:20:49.287 [FXGL Background Thread 1 ] DEBUG AssetLoaderService   - Loading from file system: /assets/properties/languages/english.properties
12:20:49.288 [FXGL Background Thread 1 ] DEBUG AssetLoaderService   - Loading from file system: /assets/properties/languages/french.properties
12:20:49.289 [FXGL Background Thread 1 ] DEBUG AssetLoaderService   - Loading from file system: /assets/properties/languages/german.properties
12:20:49.290 [FXGL Background Thread 1 ] DEBUG AssetLoaderService   - Loading from file system: /assets/properties/languages/hungarian.properties
12:20:49.291 [FXGL Background Thread 1 ] DEBUG AssetLoaderService   - Loading from file system: /assets/properties/languages/russian.properties
12:20:49.292 [FXGL Background Thread 1 ] DEBUG GameApplication      - Registering font factories with UI factory
12:20:49.292 [FXGL Background Thread 1 ] DEBUG AssetLoaderService   - Loading from file system: /assets/ui/fonts/VarelaRound-Regular.ttf
12:20:49.401 [FXGL Background Thread 1 ] DEBUG AssetLoaderService   - Loading from file system: /assets/ui/fonts/Abel-Regular.ttf
12:20:49.407 [FXGL Background Thread 1 ] DEBUG AssetLoaderService   - Loading from file system: /assets/ui/fonts/lucida_console.ttf
12:20:49.414 [FXGL Background Thread 1 ] DEBUG AssetLoaderService   - Loading from file system: /assets/ui/fonts/Courier-Prime.ttf
12:20:49.422 [JavaFX Application Thread] DEBUG Input                - Registered new binding: Move Right - D
12:20:49.422 [JavaFX Application Thread] DEBUG Input                - Registered new binding: Move Left - A
12:20:49.423 [JavaFX Application Thread] DEBUG Input                - Registered new binding: Move Up - W
12:20:49.423 [JavaFX Application Thread] DEBUG Input                - Registered new binding: Move Down - S
12:20:49.423 [JavaFX Application Thread] DEBUG Input                - Registered new binding: Play Sound - F
12:20:49.423 [JavaFX Application Thread] DEBUG AssetLoaderService   - Loading from file system: /assets/textures/fxgl_icon.png
12:20:49.453 [JavaFX Application Thread] DEBUG AssetLoaderService   - Loading from file system: /assets/ui/cursors/fxgl_default.png
12:20:49.454 [JavaFX Application Thread] DEBUG Input                - Registered new binding: Screenshot - P
12:20:49.455 [JavaFX Application Thread] DEBUG Input                - Registered new binding: System info dump - CTRL+9
12:20:49.455 [JavaFX Application Thread] DEBUG Input                - Registered new binding: Restart - CTRL+R
12:20:49.456 [JavaFX Application Thread] DEBUG LoopRunner           - Starting loop
12:20:49.460 [JavaFX Application Thread] DEBUG FXGLStartupScene     - STARTUP
12:20:49.460 [JavaFX Application Thread] DEBUG WindowService        - Starting new game
12:20:49.461 [JavaFX Application Thread] DEBUG Input                - Clearing active input actions
12:20:49.469 [JavaFX Application Thread] DEBUG WindowService        - Removing overlay from FXGLStartupScene and adding to FXGLLoadingScene
12:20:49.470 [JavaFX Application Thread] DEBUG MainWindow           - FXGLStartupScene -> FXGLLoadingScene
12:20:49.470 [JavaFX Application Thread] DEBUG WindowService        - Clearing previous game
12:20:49.470 [JavaFX Application Thread] DEBUG GameScene            - Clearing game scene
12:20:49.470 [JavaFX Application Thread] DEBUG GameWorld            - Clearing game world
12:20:49.470 [JavaFX Application Thread] DEBUG PhysicsWorld         - Clearing physics world
12:20:49.471 [FXGL Background Thread 1 ] DEBUG GameApplication      - Initializing game
12:20:49.474 [FXGL Background Thread 1 ] DEBUG AssetLoaderService   - Loading from file system: /assets/textures/EmptyMap.png
12:20:49.631 [FXGL Background Thread 1 ] DEBUG AssetLoaderService   - Loading from file system: /assets/textures/CharacterSprite.png
12:20:49.632 [FXGL Background Thread 1 ] DEBUG AssetLoaderService   - Loading from cache: /assets/textures/CharacterSprite.png
12:20:49.632 [FXGL Background Thread 1 ] DEBUG AssetLoaderService   - Loading from cache: /assets/textures/CharacterSprite.png
12:20:49.632 [FXGL Background Thread 1 ] DEBUG AssetLoaderService   - Loading from cache: /assets/textures/CharacterSprite.png
12:20:49.632 [FXGL Background Thread 1 ] DEBUG AssetLoaderService   - Loading from cache: /assets/textures/CharacterSprite.png
12:20:49.632 [FXGL Background Thread 1 ] DEBUG AssetLoaderService   - Loading from cache: /assets/textures/CharacterSprite.png
12:20:49.635 [FXGL Background Thread 1 ] DEBUG AssetLoaderService   - Loading from file system: /assets/textures/bbox.png
12:20:49.639 [FXGL Background Thread 1 ] DEBUG AssetLoaderService   - Loading from file system: /assets/textures/froggysprite.png
12:20:49.640 [FXGL Background Thread 1 ] DEBUG AssetLoaderService   - Loading from cache: /assets/textures/froggysprite.png
12:20:49.640 [FXGL Background Thread 1 ] DEBUG AssetLoaderService   - Loading from cache: /assets/textures/froggysprite.png
12:20:49.640 [FXGL Background Thread 1 ] DEBUG AssetLoaderService   - Loading from cache: /assets/textures/bbox.png
12:20:49.641 [FXGL Background Thread 1 ] DEBUG AssetLoaderService   - Loading from file system: /assets/textures/lighthouse.png
12:20:49.642 [FXGL Background Thread 1 ] DEBUG AssetLoaderService   - Loading from file system: /assets/textures/bush.png
12:20:49.643 [FXGL Background Thread 1 ] DEBUG AssetLoaderService   - Loading from cache: /assets/textures/bush.png
12:20:49.643 [FXGL Background Thread 1 ] DEBUG AssetLoaderService   - Loading from file system: /assets/textures/rock.png
12:20:49.644 [FXGL Background Thread 1 ] DEBUG AssetLoaderService   - Loading from cache: /assets/textures/rock.png
12:20:49.644 [FXGL Background Thread 1 ] DEBUG AssetLoaderService   - Loading from file system: /assets/textures/greenhouse.png
12:20:49.645 [FXGL Background Thread 1 ] DEBUG AssetLoaderService   - Loading from file system: /assets/textures/tree.png
12:20:49.646 [FXGL Background Thread 1 ] DEBUG AssetLoaderService   - Loading from cache: /assets/textures/bush.png
12:20:49.647 [FXGL Background Thread 1 ] DEBUG AssetLoaderService   - Loading from cache: /assets/textures/tree.png
12:20:49.647 [FXGL Background Thread 1 ] DEBUG AssetLoaderService   - Loading from cache: /assets/textures/bush.png
12:20:49.648 [FXGL Background Thread 1 ] DEBUG AssetLoaderService   - Loading from file system: /assets/textures/appletree.png
12:20:49.649 [FXGL Background Thread 1 ] DEBUG AssetLoaderService   - Loading from cache: /assets/textures/bush.png
12:20:49.649 [FXGL Background Thread 1 ] DEBUG AssetLoaderService   - Loading from cache: /assets/textures/tree.png
12:20:49.650 [FXGL Background Thread 1 ] DEBUG AssetLoaderService   - Loading from cache: /assets/textures/bush.png
12:20:49.650 [FXGL Background Thread 1 ] DEBUG AssetLoaderService   - Loading from cache: /assets/textures/appletree.png
12:20:49.650 [FXGL Background Thread 1 ] DEBUG AssetLoaderService   - Loading from cache: /assets/textures/bush.png
12:20:49.651 [FXGL Background Thread 1 ] DEBUG AssetLoaderService   - Loading from cache: /assets/textures/appletree.png
12:20:49.651 [FXGL Background Thread 1 ] DEBUG AssetLoaderService   - Loading from cache: /assets/textures/bush.png
12:20:49.652 [FXGL Background Thread 1 ] DEBUG AssetLoaderService   - Loading from cache: /assets/textures/tree.png
12:20:49.652 [FXGL Background Thread 1 ] DEBUG AssetLoaderService   - Loading from cache: /assets/textures/bush.png
12:20:49.653 [FXGL Background Thread 1 ] DEBUG AssetLoaderService   - Loading from cache: /assets/textures/tree.png
12:20:49.653 [FXGL Background Thread 1 ] DEBUG AssetLoaderService   - Loading from cache: /assets/textures/bush.png
12:20:49.653 [FXGL Background Thread 1 ] DEBUG AssetLoaderService   - Loading from cache: /assets/textures/tree.png
12:20:49.654 [FXGL Background Thread 1 ] DEBUG AssetLoaderService   - Loading from cache: /assets/textures/bush.png
12:20:49.654 [FXGL Background Thread 1 ] DEBUG AssetLoaderService   - Loading from cache: /assets/textures/bush.png
12:20:49.655 [FXGL Background Thread 1 ] DEBUG AssetLoaderService   - Loading from cache: /assets/textures/tree.png
12:20:49.655 [FXGL Background Thread 1 ] DEBUG AssetLoaderService   - Loading from cache: /assets/textures/tree.png
12:20:49.655 [FXGL Background Thread 1 ] DEBUG AssetLoaderService   - Loading from cache: /assets/textures/tree.png
12:20:49.656 [FXGL Background Thread 1 ] DEBUG AssetLoaderService   - Loading from cache: /assets/textures/bush.png
12:20:49.656 [FXGL Background Thread 1 ] DEBUG AssetLoaderService   - Loading from cache: /assets/textures/tree.png
12:20:49.657 [FXGL Background Thread 1 ] DEBUG AssetLoaderService   - Loading from cache: /assets/textures/bush.png
12:20:49.657 [FXGL Background Thread 1 ] DEBUG AssetLoaderService   - Loading from cache: /assets/textures/appletree.png
12:20:49.658 [FXGL Background Thread 1 ] DEBUG AssetLoaderService   - Loading from cache: /assets/textures/bush.png
12:20:49.658 [FXGL Background Thread 1 ] DEBUG AssetLoaderService   - Loading from cache: /assets/textures/tree.png
12:20:49.659 [FXGL Background Thread 1 ] DEBUG AssetLoaderService   - Loading from cache: /assets/textures/bush.png
12:20:49.659 [FXGL Background Thread 1 ] DEBUG AssetLoaderService   - Loading from cache: /assets/textures/appletree.png
12:20:49.660 [FXGL Background Thread 1 ] DEBUG AssetLoaderService   - Loading from cache: /assets/textures/bush.png
12:20:49.660 [FXGL Background Thread 1 ] DEBUG AssetLoaderService   - Loading from cache: /assets/textures/appletree.png
12:20:49.660 [FXGL Background Thread 1 ] DEBUG AssetLoaderService   - Loading from file system: /assets/textures/bluehouse.png
12:20:49.661 [FXGL Background Thread 1 ] DEBUG AssetLoaderService   - Loading from cache: /assets/textures/appletree.png
12:20:49.662 [FXGL Background Thread 1 ] DEBUG AssetLoaderService   - Loading from file system: /assets/textures/redhouse.png
12:20:49.663 [FXGL Background Thread 1 ] DEBUG AssetLoaderService   - Loading from cache: /assets/textures/appletree.png
12:20:49.663 [FXGL Background Thread 1 ] DEBUG AssetLoaderService   - Loading from cache: /assets/textures/redhouse.png
12:20:49.663 [FXGL Background Thread 1 ] DEBUG AssetLoaderService   - Loading from cache: /assets/textures/appletree.png
12:20:49.664 [FXGL Background Thread 1 ] DEBUG AssetLoaderService   - Loading from cache: /assets/textures/bluehouse.png
12:20:49.664 [FXGL Background Thread 1 ] DEBUG AssetLoaderService   - Loading from cache: /assets/textures/appletree.png
12:20:49.665 [FXGL Background Thread 1 ] DEBUG AssetLoaderService   - Loading from cache: /assets/textures/appletree.png
12:20:49.665 [FXGL Background Thread 1 ] DEBUG AssetLoaderService   - Loading from cache: /assets/textures/bush.png
12:20:49.666 [FXGL Background Thread 1 ] DEBUG AssetLoaderService   - Loading from cache: /assets/textures/rock.png
12:20:49.666 [FXGL Background Thread 1 ] DEBUG AssetLoaderService   - Loading from cache: /assets/textures/tree.png
12:20:49.667 [FXGL Background Thread 1 ] INFO  GameApplication      - Game initialization took: 0.196 sec
12:20:49.674 [JavaFX Application Thread] DEBUG Input                - Clearing active input actions
12:20:49.693 [JavaFX Application Thread] DEBUG WindowService        - Removing overlay from FXGLLoadingScene and adding to GameScene
12:20:49.693 [JavaFX Application Thread] DEBUG MainWindow           - FXGLLoadingScene -> GameScene
12:20:52.287 [FXGL Background Thread 2 ] DEBUG Engine               - Logging environment variables
12:20:52.287 [FXGL Background Thread 2 ] DEBUG Engine               - achievements: []
12:20:52.287 [FXGL Background Thread 2 ] DEBUG Engine               - language: ObjectProperty [value: ENGLISH]
12:20:52.287 [FXGL Background Thread 2 ] DEBUG Engine               - isCloseConfirmation: false
12:20:52.287 [FXGL Background Thread 2 ] DEBUG Engine               - isProfilingEnabled: false
12:20:52.287 [FXGL Background Thread 2 ] DEBUG Engine               - soundNotification: core/notification.wav
12:20:52.287 [FXGL Background Thread 2 ] DEBUG Engine               - devShowBBoxProperty: BooleanProperty [value: false]
12:20:52.287 [FXGL Background Thread 2 ] DEBUG Engine               - pixelsPerMeter: 50.0
12:20:52.287 [FXGL Background Thread 2 ] DEBUG Engine               - appIcon: fxgl_icon.png
12:20:52.287 [FXGL Background Thread 2 ] DEBUG Engine               - soundMenuBack: menu/back.wav
12:20:52.287 [FXGL Background Thread 2 ] DEBUG Engine               - isFullScreenAllowed: false
12:20:52.287 [FXGL Background Thread 2 ] DEBUG Engine               - isIntroEnabled: false
12:20:52.287 [FXGL Background Thread 2 ] DEBUG Engine               - fontMono: lucida_console.ttf
12:20:52.287 [FXGL Background Thread 2 ] DEBUG Engine               - soundMenuSelect: menu/select.wav
12:20:52.287 [FXGL Background Thread 2 ] DEBUG Engine               - isWindows: true
12:20:52.288 [FXGL Background Thread 2 ] DEBUG Engine               - isMobile: false
12:20:52.288 [FXGL Background Thread 2 ] DEBUG Engine               - isUserProfileEnabled: false
12:20:52.288 [FXGL Background Thread 2 ] DEBUG Engine               - height: 640
12:20:52.288 [FXGL Background Thread 2 ] DEBUG Engine               - isExperimentalNative: false
12:20:52.288 [FXGL Background Thread 2 ] DEBUG Engine               - settings: Title: FriendMaker2077
Version: 0.1
Width: 640
Height: 640
Fullscreen: false
Intro: false
Menus: false
Profiling: false
Single step:false
App Mode: DEVELOPER
Menu Key: ESCAPE
Stage Style: DECORATED
Scene Factory: class ui.MenuFactory

12:20:52.288 [FXGL Background Thread 2 ] DEBUG Engine               - isSingleStep: false
12:20:52.288 [FXGL Background Thread 2 ] DEBUG Engine               - cSSList: [fxgl_dark.css]
12:20:52.288 [FXGL Background Thread 2 ] DEBUG Engine               - fontGame: Abel-Regular.ttf
12:20:52.288 [FXGL Background Thread 2 ] DEBUG Engine               - menuKey: ESCAPE
12:20:52.288 [FXGL Background Thread 2 ] DEBUG Engine               - devShowPositionProperty: BooleanProperty [value: false]
12:20:52.288 [FXGL Background Thread 2 ] DEBUG Engine               - versionCheckDays: 7
12:20:52.288 [FXGL Background Thread 2 ] DEBUG Engine               - configClass: Optional.empty
12:20:52.288 [FXGL Background Thread 2 ] DEBUG Engine               - isFullScreenFromStart: false
12:20:52.288 [FXGL Background Thread 2 ] DEBUG Engine               - version: 0.1
12:20:52.288 [FXGL Background Thread 2 ] DEBUG Engine               - fullScreen: BooleanProperty [value: false]
12:20:52.288 [FXGL Background Thread 2 ] DEBUG Engine               - randomSeed: -1
12:20:52.288 [FXGL Background Thread 2 ] DEBUG Engine               - gameDifficultyProperty: ObjectProperty [value: MEDIUM]
12:20:52.289 [FXGL Background Thread 2 ] DEBUG Engine               - applicationMode: DEVELOPER
12:20:52.289 [FXGL Background Thread 2 ] DEBUG Engine               - isMac: false
12:20:52.289 [FXGL Background Thread 2 ] DEBUG Engine               - isMenuEnabled: false
12:20:52.289 [FXGL Background Thread 2 ] DEBUG Engine               - urlPOM: https://raw.githubusercontent.com/AlmasB/FXGL/master/pom.xml
12:20:52.289 [FXGL Background Thread 2 ] DEBUG Engine               - profileName: StringProperty [value: DEFAULT]
12:20:52.289 [FXGL Background Thread 2 ] DEBUG Engine               - notificationViewClass: class com.almasb.fxgl.notification.view.XboxNotificationView
12:20:52.289 [FXGL Background Thread 2 ] DEBUG Engine               - devSensorColorProperty: ObjectProperty [value: 0xffff00ff]
12:20:52.289 [FXGL Background Thread 2 ] DEBUG Engine               - sceneFactory: ui.MenuFactory@241a990a
12:20:52.289 [FXGL Background Thread 2 ] DEBUG Engine               - stageStyle: DECORATED
12:20:52.289 [FXGL Background Thread 2 ] DEBUG Engine               - isManualResizeEnabled: false
12:20:52.289 [FXGL Background Thread 2 ] DEBUG Engine               - title: FriendMaker2077
12:20:52.289 [FXGL Background Thread 2 ] DEBUG Engine               - platform: WINDOWS
12:20:52.289 [FXGL Background Thread 2 ] DEBUG Engine               - devBBoxColorProperty: ObjectProperty [value: 0xff0000ff]
12:20:52.289 [FXGL Background Thread 2 ] DEBUG Engine               - gameDifficulty: MEDIUM
12:20:52.290 [FXGL Background Thread 2 ] DEBUG Engine               - isDesktop: true
12:20:52.290 [FXGL Background Thread 2 ] DEBUG Engine               - supportedLanguages: [ENGLISH, FRENCH, GERMAN, HUNGARIAN, RUSSIAN]
12:20:52.290 [FXGL Background Thread 2 ] DEBUG Engine               - globalMusicVolumeProperty: DoubleProperty [value: 0.5]
12:20:52.290 [FXGL Background Thread 2 ] DEBUG Engine               - credits: []
12:20:52.290 [FXGL Background Thread 2 ] DEBUG Engine               - isPreserveResizeRatio: false
12:20:52.290 [FXGL Background Thread 2 ] DEBUG Engine               - fontText: Courier-Prime.ttf
12:20:52.290 [FXGL Background Thread 2 ] DEBUG Engine               - isExperimentalTiledLargeMap: false
12:20:52.290 [FXGL Background Thread 2 ] DEBUG Engine               - secondsIn24h: 60
12:20:52.290 [FXGL Background Thread 2 ] DEBUG Engine               - runtimeInfo: RuntimeInfo(platform=WINDOWS, version=11.8, build=08.03.2020 09.25)
12:20:52.290 [FXGL Background Thread 2 ] DEBUG Engine               - isLinux: false
12:20:52.290 [FXGL Background Thread 2 ] DEBUG Engine               - soundMenuPress: menu/press.wav
12:20:52.290 [FXGL Background Thread 2 ] DEBUG Engine               - urlGithub: https://github.com/AlmasB/FXGL
12:20:52.290 [FXGL Background Thread 2 ] DEBUG Engine               - profileDir: profiles/
12:20:52.290 [FXGL Background Thread 2 ] DEBUG Engine               - globalSoundVolumeProperty: DoubleProperty [value: 0.5]
12:20:52.290 [FXGL Background Thread 2 ] DEBUG Engine               - isDeveloperMenuEnabled: false
12:20:52.290 [FXGL Background Thread 2 ] DEBUG Engine               - mainWindow: com.almasb.fxgl.app.MainWindow@20250951
12:20:52.290 [FXGL Background Thread 2 ] DEBUG Engine               - isBrowser: false
12:20:52.290 [FXGL Background Thread 2 ] DEBUG Engine               - urlLeaderboard: http://fxgl-top.herokuapp.com/
12:20:52.291 [FXGL Background Thread 2 ] DEBUG Engine               - globalSoundVolume: 0.5
12:20:52.291 [FXGL Background Thread 2 ] DEBUG Engine               - engineServices: [class com.almasb.fxgl.app.GameApplication$GameApplicationService, class com.almasb.fxgl.app.services.WindowService, class com.almasb.fxgl.app.services.FXGLDialogService, class com.almasb.fxgl.app.services.IOTaskExecutorService, class com.almasb.fxgl.event.EventBusService, class com.almasb.fxgl.io.FileSystemService, class com.almasb.fxgl.localization.LocalizationService, class com.almasb.fxgl.app.services.AssetLoaderService, class com.almasb.fxgl.app.services.SystemBundleService, class com.almasb.fxgl.profile.SaveLoadService, class com.almasb.fxgl.ui.FXGLUIFactoryServiceProvider, class com.almasb.fxgl.ui.FXGLDialogFactoryServiceProvider, class com.almasb.fxgl.audio.AudioPlayer, class com.almasb.fxgl.notification.impl.NotificationServiceProvider, class com.almasb.fxgl.achievement.AchievementService, class com.almasb.fxgl.cutscene.CutsceneService, class com.almasb.fxgl.minigames.MiniGameService, class com.almasb.fxgl.net.NetService, class com.almasb.fxgl.app.services.UpdaterService]
12:20:52.291 [FXGL Background Thread 2 ] DEBUG Engine               - globalMusicVolume: 0.5
12:20:52.291 [FXGL Background Thread 2 ] DEBUG Engine               - width: 640
12:20:52.291 [FXGL Background Thread 2 ] DEBUG Engine               - saveFileExt: sav
12:20:52.291 [FXGL Background Thread 2 ] DEBUG Engine               - isAndroid: false
12:20:52.291 [FXGL Background Thread 2 ] DEBUG Engine               - fontUI: VarelaRound-Regular.ttf
12:20:52.291 [FXGL Background Thread 2 ] DEBUG Engine               - enabledMenuItems: []
12:20:52.291 [FXGL Background Thread 2 ] DEBUG Engine               - isIOS: false
12:20:52.291 [FXGL Background Thread 2 ] DEBUG Engine               - Logging services
12:20:52.291 [FXGL Background Thread 2 ] DEBUG Engine               - class com.almasb.fxgl.app.GameApplication$GameApplicationService
12:20:52.291 [FXGL Background Thread 2 ] DEBUG Engine               - class com.almasb.fxgl.app.services.WindowService
12:20:52.291 [FXGL Background Thread 2 ] DEBUG Engine               - class com.almasb.fxgl.app.services.FXGLDialogService
12:20:52.291 [FXGL Background Thread 2 ] DEBUG Engine               - class com.almasb.fxgl.app.services.IOTaskExecutorService
12:20:52.291 [FXGL Background Thread 2 ] DEBUG Engine               - class com.almasb.fxgl.event.EventBusService
12:20:52.291 [FXGL Background Thread 2 ] DEBUG Engine               - class com.almasb.fxgl.io.FileSystemService
12:20:52.291 [FXGL Background Thread 2 ] DEBUG Engine               - class com.almasb.fxgl.localization.LocalizationService
12:20:52.292 [FXGL Background Thread 2 ] DEBUG Engine               - class com.almasb.fxgl.app.services.AssetLoaderService
12:20:52.292 [FXGL Background Thread 2 ] DEBUG Engine               - class com.almasb.fxgl.app.services.SystemBundleService
12:20:52.292 [FXGL Background Thread 2 ] DEBUG Engine               - class com.almasb.fxgl.profile.SaveLoadService
12:20:52.292 [FXGL Background Thread 2 ] DEBUG Engine               - class com.almasb.fxgl.ui.FXGLUIFactoryServiceProvider
12:20:52.292 [FXGL Background Thread 2 ] DEBUG Engine               - class com.almasb.fxgl.ui.FXGLDialogFactoryServiceProvider
12:20:52.292 [FXGL Background Thread 2 ] DEBUG Engine               - class com.almasb.fxgl.audio.AudioPlayer
12:20:52.292 [FXGL Background Thread 2 ] DEBUG Engine               - class com.almasb.fxgl.notification.impl.NotificationServiceProvider
12:20:52.292 [FXGL Background Thread 2 ] DEBUG Engine               - class com.almasb.fxgl.achievement.AchievementService
12:20:52.292 [FXGL Background Thread 2 ] DEBUG Engine               - class com.almasb.fxgl.cutscene.CutsceneService
12:20:52.292 [FXGL Background Thread 2 ] DEBUG Engine               - class com.almasb.fxgl.minigames.MiniGameService
12:20:52.292 [FXGL Background Thread 2 ] DEBUG Engine               - class com.almasb.fxgl.net.NetService
12:20:52.292 [FXGL Background Thread 2 ] DEBUG Engine               - class com.almasb.fxgl.app.services.UpdaterService
12:20:56.770 [JavaFX Application Thread] DEBUG AssetLoaderService   - Loading from file system: /assets/sounds/bump.wav
12:21:15.698 [JavaFX Application Thread] DEBUG AssetLoaderService   - Loading from cache: /assets/sounds/bump.wav
12:21:15.762 [JavaFX Application Thread] DEBUG AssetLoaderService   - Loading from cache: /assets/sounds/bump.wav
12:21:15.794 [JavaFX Application Thread] DEBUG AssetLoaderService   - Loading from cache: /assets/sounds/bump.wav
12:21:15.826 [JavaFX Application Thread] DEBUG AssetLoaderService   - Loading from cache: /assets/sounds/bump.wav
12:21:15.858 [JavaFX Application Thread] DEBUG AssetLoaderService   - Loading from cache: /assets/sounds/bump.wav
12:21:15.890 [JavaFX Application Thread] DEBUG AssetLoaderService   - Loading from cache: /assets/sounds/bump.wav
12:21:15.922 [JavaFX Application Thread] DEBUG AssetLoaderService   - Loading from cache: /assets/sounds/bump.wav
12:21:15.954 [JavaFX Application Thread] DEBUG AssetLoaderService   - Loading from cache: /assets/sounds/bump.wav
12:21:15.986 [JavaFX Application Thread] DEBUG AssetLoaderService   - Loading from cache: /assets/sounds/bump.wav
12:21:16.018 [JavaFX Application Thread] DEBUG AssetLoaderService   - Loading from cache: /assets/sounds/bump.wav
12:21:16.066 [JavaFX Application Thread] DEBUG AssetLoaderService   - Loading from cache: /assets/sounds/bump.wav
12:21:16.098 [JavaFX Application Thread] DEBUG AssetLoaderService   - Loading from cache: /assets/sounds/bump.wav
12:21:16.146 [JavaFX Application Thread] DEBUG AssetLoaderService   - Loading from cache: /assets/sounds/bump.wav
12:21:16.178 [JavaFX Application Thread] DEBUG AssetLoaderService   - Loading from cache: /assets/sounds/bump.wav
12:21:16.210 [JavaFX Application Thread] DEBUG AssetLoaderService   - Loading from cache: /assets/sounds/bump.wav
12:21:16.242 [JavaFX Application Thread] DEBUG AssetLoaderService   - Loading from cache: /assets/sounds/bump.wav
12:21:16.274 [JavaFX Application Thread] DEBUG AssetLoaderService   - Loading from cache: /assets/sounds/bump.wav
12:21:16.306 [JavaFX Application Thread] DEBUG AssetLoaderService   - Loading from cache: /assets/sounds/bump.wav
12:21:16.338 [JavaFX Application Thread] DEBUG AssetLoaderService   - Loading from cache: /assets/sounds/bump.wav
12:21:16.370 [JavaFX Application Thread] DEBUG AssetLoaderService   - Loading from cache: /assets/sounds/bump.wav
12:21:16.418 [JavaFX Application Thread] DEBUG AssetLoaderService   - Loading from cache: /assets/sounds/bump.wav
12:21:16.450 [JavaFX Application Thread] DEBUG AssetLoaderService   - Loading from cache: /assets/sounds/bump.wav
12:21:16.482 [JavaFX Application Thread] DEBUG AssetLoaderService   - Loading from cache: /assets/sounds/bump.wav
12:21:16.530 [JavaFX Application Thread] DEBUG AssetLoaderService   - Loading from cache: /assets/sounds/bump.wav
12:21:16.562 [JavaFX Application Thread] DEBUG AssetLoaderService   - Loading from cache: /assets/sounds/bump.wav
12:21:16.594 [JavaFX Application Thread] DEBUG AssetLoaderService   - Loading from cache: /assets/sounds/bump.wav
12:21:16.626 [JavaFX Application Thread] DEBUG AssetLoaderService   - Loading from cache: /assets/sounds/bump.wav
12:21:16.658 [JavaFX Application Thread] DEBUG AssetLoaderService   - Loading from cache: /assets/sounds/bump.wav
12:21:16.690 [JavaFX Application Thread] DEBUG AssetLoaderService   - Loading from cache: /assets/sounds/bump.wav
12:21:16.722 [JavaFX Application Thread] DEBUG AssetLoaderService   - Loading from cache: /assets/sounds/bump.wav
12:21:16.770 [JavaFX Application Thread] DEBUG AssetLoaderService   - Loading from cache: /assets/sounds/bump.wav
12:21:16.802 [JavaFX Application Thread] DEBUG AssetLoaderService   - Loading from cache: /assets/sounds/bump.wav
12:21:16.834 [JavaFX Application Thread] DEBUG AssetLoaderService   - Loading from cache: /assets/sounds/bump.wav
12:21:16.866 [JavaFX Application Thread] DEBUG AssetLoaderService   - Loading from cache: /assets/sounds/bump.wav
12:21:16.898 [JavaFX Application Thread] DEBUG AssetLoaderService   - Loading from cache: /assets/sounds/bump.wav
12:21:16.946 [JavaFX Application Thread] DEBUG AssetLoaderService   - Loading from cache: /assets/sounds/bump.wav
12:21:16.978 [JavaFX Application Thread] DEBUG AssetLoaderService   - Loading from cache: /assets/sounds/bump.wav
12:21:17.010 [JavaFX Application Thread] DEBUG AssetLoaderService   - Loading from cache: /assets/sounds/bump.wav
12:21:17.042 [JavaFX Application Thread] DEBUG AssetLoaderService   - Loading from cache: /assets/sounds/bump.wav
12:21:17.074 [JavaFX Application Thread] DEBUG AssetLoaderService   - Loading from cache: /assets/sounds/bump.wav
12:21:17.122 [JavaFX Application Thread] DEBUG AssetLoaderService   - Loading from cache: /assets/sounds/bump.wav
12:21:17.154 [JavaFX Application Thread] DEBUG AssetLoaderService   - Loading from cache: /assets/sounds/bump.wav
12:21:17.186 [JavaFX Application Thread] DEBUG AssetLoaderService   - Loading from cache: /assets/sounds/bump.wav
12:21:17.218 [JavaFX Application Thread] DEBUG AssetLoaderService   - Loading from cache: /assets/sounds/bump.wav
12:21:17.250 [JavaFX Application Thread] DEBUG AssetLoaderService   - Loading from cache: /assets/sounds/bump.wav
12:21:17.282 [JavaFX Application Thread] DEBUG AssetLoaderService   - Loading from cache: /assets/sounds/bump.wav
12:21:17.330 [JavaFX Application Thread] DEBUG AssetLoaderService   - Loading from cache: /assets/sounds/bump.wav
12:21:17.362 [JavaFX Application Thread] DEBUG AssetLoaderService   - Loading from cache: /assets/sounds/bump.wav
12:21:17.394 [JavaFX Application Thread] DEBUG AssetLoaderService   - Loading from cache: /assets/sounds/bump.wav
12:21:17.426 [JavaFX Application Thread] DEBUG AssetLoaderService   - Loading from cache: /assets/sounds/bump.wav
12:21:17.474 [JavaFX Application Thread] DEBUG AssetLoaderService   - Loading from cache: /assets/sounds/bump.wav
12:21:17.506 [JavaFX Application Thread] DEBUG AssetLoaderService   - Loading from cache: /assets/sounds/bump.wav
12:21:17.538 [JavaFX Application Thread] DEBUG AssetLoaderService   - Loading from cache: /assets/sounds/bump.wav
12:21:17.570 [JavaFX Application Thread] DEBUG AssetLoaderService   - Loading from cache: /assets/sounds/bump.wav
12:21:17.602 [JavaFX Application Thread] DEBUG AssetLoaderService   - Loading from cache: /assets/sounds/bump.wav
12:21:17.634 [JavaFX Application Thread] DEBUG AssetLoaderService   - Loading from cache: /assets/sounds/bump.wav
12:21:17.666 [JavaFX Application Thread] DEBUG AssetLoaderService   - Loading from cache: /assets/sounds/bump.wav
12:21:17.714 [JavaFX Application Thread] DEBUG AssetLoaderService   - Loading from cache: /assets/sounds/bump.wav
12:21:17.746 [JavaFX Application Thread] DEBUG AssetLoaderService   - Loading from cache: /assets/sounds/bump.wav
12:21:17.778 [JavaFX Application Thread] DEBUG AssetLoaderService   - Loading from cache: /assets/sounds/bump.wav
12:21:17.826 [JavaFX Application Thread] DEBUG AssetLoaderService   - Loading from cache: /assets/sounds/bump.wav
12:21:17.858 [JavaFX Application Thread] DEBUG AssetLoaderService   - Loading from cache: /assets/sounds/bump.wav
12:21:17.890 [JavaFX Application Thread] DEBUG AssetLoaderService   - Loading from cache: /assets/sounds/bump.wav
12:21:17.922 [JavaFX Application Thread] DEBUG AssetLoaderService   - Loading from cache: /assets/sounds/bump.wav
12:21:17.954 [JavaFX Application Thread] DEBUG AssetLoaderService   - Loading from cache: /assets/sounds/bump.wav
12:21:17.986 [JavaFX Application Thread] DEBUG AssetLoaderService   - Loading from cache: /assets/sounds/bump.wav
12:21:18.018 [JavaFX Application Thread] DEBUG AssetLoaderService   - Loading from cache: /assets/sounds/bump.wav
12:21:18.050 [JavaFX Application Thread] DEBUG AssetLoaderService   - Loading from cache: /assets/sounds/bump.wav
12:21:18.098 [JavaFX Application Thread] DEBUG AssetLoaderService   - Loading from cache: /assets/sounds/bump.wav
12:21:18.130 [JavaFX Application Thread] DEBUG AssetLoaderService   - Loading from cache: /assets/sounds/bump.wav
12:21:18.178 [JavaFX Application Thread] DEBUG AssetLoaderService   - Loading from cache: /assets/sounds/bump.wav
12:21:18.210 [JavaFX Application Thread] DEBUG AssetLoaderService   - Loading from cache: /assets/sounds/bump.wav
12:21:18.242 [JavaFX Application Thread] DEBUG AssetLoaderService   - Loading from cache: /assets/sounds/bump.wav
12:21:18.274 [JavaFX Application Thread] DEBUG AssetLoaderService   - Loading from cache: /assets/sounds/bump.wav
12:21:18.306 [JavaFX Application Thread] DEBUG AssetLoaderService   - Loading from cache: /assets/sounds/bump.wav
12:21:18.338 [JavaFX Application Thread] DEBUG AssetLoaderService   - Loading from cache: /assets/sounds/bump.wav
12:21:18.370 [JavaFX Application Thread] DEBUG AssetLoaderService   - Loading from cache: /assets/sounds/bump.wav
12:21:18.402 [JavaFX Application Thread] DEBUG AssetLoaderService   - Loading from cache: /assets/sounds/bump.wav
12:21:18.434 [JavaFX Application Thread] DEBUG AssetLoaderService   - Loading from cache: /assets/sounds/bump.wav
12:21:18.482 [JavaFX Application Thread] DEBUG AssetLoaderService   - Loading from cache: /assets/sounds/bump.wav
12:21:18.530 [JavaFX Application Thread] DEBUG AssetLoaderService   - Loading from cache: /assets/sounds/bump.wav
12:21:18.562 [JavaFX Application Thread] DEBUG AssetLoaderService   - Loading from cache: /assets/sounds/bump.wav
12:21:18.594 [JavaFX Application Thread] DEBUG AssetLoaderService   - Loading from cache: /assets/sounds/bump.wav
12:21:18.626 [JavaFX Application Thread] DEBUG AssetLoaderService   - Loading from cache: /assets/sounds/bump.wav
12:21:18.658 [JavaFX Application Thread] DEBUG AssetLoaderService   - Loading from cache: /assets/sounds/bump.wav
12:21:18.690 [JavaFX Application Thread] DEBUG AssetLoaderService   - Loading from cache: /assets/sounds/bump.wav
12:21:18.722 [JavaFX Application Thread] DEBUG AssetLoaderService   - Loading from cache: /assets/sounds/bump.wav
12:21:18.754 [JavaFX Application Thread] DEBUG AssetLoaderService   - Loading from cache: /assets/sounds/bump.wav
12:21:18.786 [JavaFX Application Thread] DEBUG AssetLoaderService   - Loading from cache: /assets/sounds/bump.wav
12:21:18.818 [JavaFX Application Thread] DEBUG AssetLoaderService   - Loading from cache: /assets/sounds/bump.wav
12:21:18.882 [JavaFX Application Thread] DEBUG AssetLoaderService   - Loading from cache: /assets/sounds/bump.wav
12:21:18.914 [JavaFX Application Thread] DEBUG AssetLoaderService   - Loading from cache: /assets/sounds/bump.wav
12:21:18.946 [JavaFX Application Thread] DEBUG AssetLoaderService   - Loading from cache: /assets/sounds/bump.wav
12:21:18.978 [JavaFX Application Thread] DEBUG AssetLoaderService   - Loading from cache: /assets/sounds/bump.wav
12:21:19.010 [JavaFX Application Thread] DEBUG AssetLoaderService   - Loading from cache: /assets/sounds/bump.wav
12:21:19.043 [JavaFX Application Thread] DEBUG AssetLoaderService   - Loading from cache: /assets/sounds/bump.wav
12:21:19.074 [JavaFX Application Thread] DEBUG AssetLoaderService   - Loading from cache: /assets/sounds/bump.wav
12:21:19.106 [JavaFX Application Thread] DEBUG AssetLoaderService   - Loading from cache: /assets/sounds/bump.wav
12:21:19.138 [JavaFX Application Thread] DEBUG AssetLoaderService   - Loading from cache: /assets/sounds/bump.wav
12:21:19.170 [JavaFX Application Thread] DEBUG AssetLoaderService   - Loading from cache: /assets/sounds/bump.wav
12:21:19.218 [JavaFX Application Thread] DEBUG AssetLoaderService   - Loading from cache: /assets/sounds/bump.wav
12:21:19.266 [JavaFX Application Thread] DEBUG AssetLoaderService   - Loading from cache: /assets/sounds/bump.wav
12:21:19.298 [JavaFX Application Thread] DEBUG AssetLoaderService   - Loading from cache: /assets/sounds/bump.wav
12:21:19.330 [JavaFX Application Thread] DEBUG AssetLoaderService   - Loading from cache: /assets/sounds/bump.wav
12:21:19.362 [JavaFX Application Thread] DEBUG AssetLoaderService   - Loading from cache: /assets/sounds/bump.wav
12:21:19.394 [JavaFX Application Thread] DEBUG AssetLoaderService   - Loading from cache: /assets/sounds/bump.wav
12:21:19.426 [JavaFX Application Thread] DEBUG AssetLoaderService   - Loading from cache: /assets/sounds/bump.wav
12:21:19.458 [JavaFX Application Thread] DEBUG AssetLoaderService   - Loading from cache: /assets/sounds/bump.wav
12:21:19.490 [JavaFX Application Thread] DEBUG AssetLoaderService   - Loading from cache: /assets/sounds/bump.wav
12:21:19.522 [JavaFX Application Thread] DEBUG AssetLoaderService   - Loading from cache: /assets/sounds/bump.wav
12:21:19.570 [JavaFX Application Thread] DEBUG AssetLoaderService   - Loading from cache: /assets/sounds/bump.wav
12:21:19.602 [JavaFX Application Thread] DEBUG AssetLoaderService   - Loading from cache: /assets/sounds/bump.wav
12:21:19.650 [JavaFX Application Thread] DEBUG AssetLoaderService   - Loading from cache: /assets/sounds/bump.wav
12:21:19.682 [JavaFX Application Thread] DEBUG AssetLoaderService   - Loading from cache: /assets/sounds/bump.wav
12:21:19.714 [JavaFX Application Thread] DEBUG AssetLoaderService   - Loading from cache: /assets/sounds/bump.wav
12:21:19.746 [JavaFX Application Thread] DEBUG AssetLoaderService   - Loading from cache: /assets/sounds/bump.wav
12:21:19.778 [JavaFX Application Thread] DEBUG AssetLoaderService   - Loading from cache: /assets/sounds/bump.wav
12:21:19.810 [JavaFX Application Thread] DEBUG AssetLoaderService   - Loading from cache: /assets/sounds/bump.wav
12:21:19.842 [JavaFX Application Thread] DEBUG AssetLoaderService   - Loading from cache: /assets/sounds/bump.wav
12:21:19.874 [JavaFX Application Thread] DEBUG AssetLoaderService   - Loading from cache: /assets/sounds/bump.wav
12:21:19.922 [JavaFX Application Thread] DEBUG AssetLoaderService   - Loading from cache: /assets/sounds/bump.wav
12:21:19.954 [JavaFX Application Thread] DEBUG AssetLoaderService   - Loading from cache: /assets/sounds/bump.wav
12:21:19.986 [JavaFX Application Thread] DEBUG AssetLoaderService   - Loading from cache: /assets/sounds/bump.wav
12:21:20.018 [JavaFX Application Thread] DEBUG AssetLoaderService   - Loading from cache: /assets/sounds/bump.wav
12:21:20.066 [JavaFX Application Thread] DEBUG AssetLoaderService   - Loading from cache: /assets/sounds/bump.wav
12:21:20.098 [JavaFX Application Thread] DEBUG AssetLoaderService   - Loading from cache: /assets/sounds/bump.wav
12:21:20.130 [JavaFX Application Thread] DEBUG AssetLoaderService   - Loading from cache: /assets/sounds/bump.wav
12:21:20.162 [JavaFX Application Thread] DEBUG AssetLoaderService   - Loading from cache: /assets/sounds/bump.wav
12:21:20.194 [JavaFX Application Thread] DEBUG AssetLoaderService   - Loading from cache: /assets/sounds/bump.wav
12:21:20.226 [JavaFX Application Thread] DEBUG AssetLoaderService   - Loading from cache: /assets/sounds/bump.wav
12:21:20.274 [JavaFX Application Thread] DEBUG AssetLoaderService   - Loading from cache: /assets/sounds/bump.wav
12:21:20.306 [JavaFX Application Thread] DEBUG AssetLoaderService   - Loading from cache: /assets/sounds/bump.wav
12:21:20.338 [JavaFX Application Thread] DEBUG AssetLoaderService   - Loading from cache: /assets/sounds/bump.wav
12:21:20.370 [JavaFX Application Thread] DEBUG AssetLoaderService   - Loading from cache: /assets/sounds/bump.wav
12:21:20.402 [JavaFX Application Thread] DEBUG AssetLoaderService   - Loading from cache: /assets/sounds/bump.wav
12:21:20.450 [JavaFX Application Thread] DEBUG AssetLoaderService   - Loading from cache: /assets/sounds/bump.wav
12:21:20.482 [JavaFX Application Thread] DEBUG AssetLoaderService   - Loading from cache: /assets/sounds/bump.wav
12:21:20.514 [JavaFX Application Thread] DEBUG AssetLoaderService   - Loading from cache: /assets/sounds/bump.wav
12:21:20.546 [JavaFX Application Thread] DEBUG AssetLoaderService   - Loading from cache: /assets/sounds/bump.wav
12:21:20.578 [JavaFX Application Thread] DEBUG AssetLoaderService   - Loading from cache: /assets/sounds/bump.wav
12:21:20.626 [JavaFX Application Thread] DEBUG AssetLoaderService   - Loading from cache: /assets/sounds/bump.wav
12:21:20.658 [JavaFX Application Thread] DEBUG AssetLoaderService   - Loading from cache: /assets/sounds/bump.wav
12:21:21.090 [JavaFX Application Thread] DEBUG AssetLoaderService   - Loading from cache: /assets/sounds/bump.wav
12:21:21.122 [JavaFX Application Thread] DEBUG AssetLoaderService   - Loading from cache: /assets/sounds/bump.wav
12:21:21.154 [JavaFX Application Thread] DEBUG AssetLoaderService   - Loading from cache: /assets/sounds/bump.wav
12:21:21.186 [JavaFX Application Thread] DEBUG AssetLoaderService   - Loading from cache: /assets/sounds/bump.wav
12:21:21.234 [JavaFX Application Thread] DEBUG AssetLoaderService   - Loading from cache: /assets/sounds/bump.wav
12:21:21.266 [JavaFX Application Thread] DEBUG AssetLoaderService   - Loading from cache: /assets/sounds/bump.wav
12:21:21.298 [JavaFX Application Thread] DEBUG AssetLoaderService   - Loading from cache: /assets/sounds/bump.wav
12:21:21.330 [JavaFX Application Thread] DEBUG AssetLoaderService   - Loading from cache: /assets/sounds/bump.wav
12:21:21.378 [JavaFX Application Thread] DEBUG AssetLoaderService   - Loading from cache: /assets/sounds/bump.wav
12:21:21.906 [JavaFX Application Thread] DEBUG AssetLoaderService   - Loading from cache: /assets/sounds/bump.wav
12:21:21.938 [JavaFX Application Thread] DEBUG AssetLoaderService   - Loading from cache: /assets/sounds/bump.wav
12:21:21.970 [JavaFX Application Thread] DEBUG AssetLoaderService   - Loading from cache: /assets/sounds/bump.wav
12:21:22.018 [JavaFX Application Thread] DEBUG AssetLoaderService   - Loading from cache: /assets/sounds/bump.wav
12:21:29.888 [JavaFX Application Thread] DEBUG GameApplication      - Exiting FXGL
12:21:29.888 [JavaFX Application Thread] DEBUG LoopRunner           - Stopping loop
12:21:29.888 [JavaFX Application Thread] DEBUG SystemBundleService  - Saving FXGL system data
12:21:29.889 [JavaFX Application Thread] DEBUG FileSystemAccess     - Writing to: C:\Users\otinn\git\FriendMaker2077-07-03\Project\system\fxgl.bundle
12:21:29.890 [JavaFX Application Thread] DEBUG GameApplication      - Shutting down background threads
12:21:29.891 [JavaFX Application Thread] DEBUG GameApplication      - Closing logger and exiting JavaFX
