13:52:13.353 [main                     ] DEBUG GameApplication      - Logger initialized
13:52:13.363 [main                     ] DEBUG GameApplication      - Logging settings
Title: FriendMaker2077
Version: 0.1
Width: 640
Height: 640
Fullscreen: false
Intro: false
Menus: false
Profiling: false
Single step:false
App Mode: DEVELOPER
Menu Key: ESCAPE
Stage Style: DECORATED
Scene Factory: class ui.MenuFactory

13:52:13.506 [JavaFX Application Thread] DEBUG GameApplication      - Initializing FXGL
13:52:13.511 [JavaFX Application Thread] INFO  Engine               - FXGL-11.8 (08.03.2020 09.25) on WINDOWS (J:13.0.2 FX:11.0.2)
13:52:13.512 [JavaFX Application Thread] INFO  Engine               - Source code and latest versions at: https://github.com/AlmasB/FXGL
13:52:13.512 [JavaFX Application Thread] INFO  Engine               -              Join the FXGL chat at: https://gitter.im/AlmasB/FXGL
13:52:13.572 [JavaFX Application Thread] DEBUG MainWindow           - Creating a JavaFX scene
13:52:13.600 [JavaFX Application Thread] DEBUG MainWindow           - Target settings size: 640.0 x 640.0
13:52:13.600 [JavaFX Application Thread] DEBUG MainWindow           - Scaled scene size:    640.0 x 640.0
13:52:13.600 [JavaFX Application Thread] DEBUG MainWindow           - Scaled ratio: (1.0, 1.0)
13:52:13.601 [JavaFX Application Thread] DEBUG MainWindow           - Set initial scene to FXGLStartupScene
13:52:13.604 [JavaFX Application Thread] DEBUG MainWindow           - Opening main window
13:52:13.652 [JavaFX Application Thread] DEBUG MainWindow           - Window border size: (16.0, 39.0)
13:52:13.652 [JavaFX Application Thread] DEBUG MainWindow           - Scaled size: 640.0 x 640.0
13:52:13.652 [JavaFX Application Thread] DEBUG MainWindow           - Scaled ratio: (1.0, 1.0)
13:52:13.652 [JavaFX Application Thread] DEBUG MainWindow           - Scene size: 640.0 x 640.0
13:52:13.652 [JavaFX Application Thread] DEBUG MainWindow           - Stage size: 656.0 x 679.0
13:52:13.657 [FXGL Background Thread 1 ] DEBUG Engine               - Initializing environment variables
13:52:13.674 [FXGL Background Thread 1 ] DEBUG WindowService        - Applying CSS: fxgl_dark.css
13:52:13.674 [FXGL Background Thread 1 ] DEBUG AssetLoaderService   - Loading from file system: /assets/ui/css/fxgl_dark.css
13:52:13.702 [FXGL Background Thread 1 ] DEBUG WindowService        - Initializing application scenes
13:52:13.720 [FXGL Background Thread 1 ] DEBUG GameWorld            - Game world initialized
13:52:13.743 [FXGL Background Thread 1 ] DEBUG PhysicsWorld         - Physics world initialized: appHeight=640, physics.ppm=50.0
13:52:13.744 [FXGL Background Thread 1 ] DEBUG GameScene            - Game scene initialized: 640x640
13:52:13.749 [FXGL Background Thread 1 ] DEBUG Input                - Registered new binding: Resume - Esc
13:52:13.756 [FXGL Background Thread 1 ] DEBUG Input                - Registered new binding: Pause - Esc
13:52:13.757 [FXGL Background Thread 1 ] DEBUG WindowService        - Application scenes initialized
13:52:13.764 [FXGL Background Thread 1 ] DEBUG SystemBundleService  - Loading FXGL system data
13:52:13.767 [FXGL Background Thread 1 ] DEBUG FileSystemAccess     - Reading from: C:\Users\otinn\git\FriendMaker2077-07-03\Project\system\fxgl.bundle
13:52:13.772 [FXGL Background Thread 1 ] DEBUG SystemBundleService  - Bundle FXGL: {}
13:52:13.772 [FXGL Background Thread 1 ] INFO  Engine               - FXGL initialization took: 0.113 sec
13:52:13.773 [FXGL Background Thread 1 ] DEBUG GameApplication      - Loading localizations
13:52:13.774 [FXGL Background Thread 1 ] DEBUG AssetLoaderService   - Loading from file system: /assets/properties/languages/english.properties
13:52:13.775 [FXGL Background Thread 1 ] DEBUG AssetLoaderService   - Loading from file system: /assets/properties/languages/french.properties
13:52:13.776 [FXGL Background Thread 1 ] DEBUG AssetLoaderService   - Loading from file system: /assets/properties/languages/german.properties
13:52:13.777 [FXGL Background Thread 1 ] DEBUG AssetLoaderService   - Loading from file system: /assets/properties/languages/hungarian.properties
13:52:13.778 [FXGL Background Thread 1 ] DEBUG AssetLoaderService   - Loading from file system: /assets/properties/languages/russian.properties
13:52:13.779 [FXGL Background Thread 1 ] DEBUG GameApplication      - Registering font factories with UI factory
13:52:13.779 [FXGL Background Thread 1 ] DEBUG AssetLoaderService   - Loading from file system: /assets/ui/fonts/VarelaRound-Regular.ttf
13:52:13.891 [FXGL Background Thread 1 ] DEBUG AssetLoaderService   - Loading from file system: /assets/ui/fonts/Abel-Regular.ttf
13:52:13.897 [FXGL Background Thread 1 ] DEBUG AssetLoaderService   - Loading from file system: /assets/ui/fonts/lucida_console.ttf
13:52:13.904 [FXGL Background Thread 1 ] DEBUG AssetLoaderService   - Loading from file system: /assets/ui/fonts/Courier-Prime.ttf
13:52:13.912 [JavaFX Application Thread] DEBUG Input                - Registered new binding: Move Right - D
13:52:13.912 [JavaFX Application Thread] DEBUG Input                - Registered new binding: Move Left - A
13:52:13.912 [JavaFX Application Thread] DEBUG Input                - Registered new binding: Move Up - W
13:52:13.912 [JavaFX Application Thread] DEBUG Input                - Registered new binding: Move Down - S
13:52:13.912 [JavaFX Application Thread] DEBUG Input                - Registered new binding: Play Sound - F
13:52:13.912 [JavaFX Application Thread] DEBUG AssetLoaderService   - Loading from file system: /assets/textures/fxgl_icon.png
13:52:13.941 [JavaFX Application Thread] DEBUG AssetLoaderService   - Loading from file system: /assets/ui/cursors/fxgl_default.png
13:52:13.943 [JavaFX Application Thread] DEBUG Input                - Registered new binding: Screenshot - P
13:52:13.943 [JavaFX Application Thread] DEBUG Input                - Registered new binding: System info dump - CTRL+9
13:52:13.943 [JavaFX Application Thread] DEBUG Input                - Registered new binding: Restart - CTRL+R
13:52:13.943 [JavaFX Application Thread] DEBUG LoopRunner           - Starting loop
13:52:13.950 [JavaFX Application Thread] DEBUG FXGLStartupScene     - STARTUP
13:52:13.950 [JavaFX Application Thread] DEBUG WindowService        - Starting new game
13:52:13.952 [JavaFX Application Thread] DEBUG Input                - Clearing active input actions
13:52:13.959 [JavaFX Application Thread] DEBUG WindowService        - Removing overlay from FXGLStartupScene and adding to FXGLLoadingScene
13:52:13.960 [JavaFX Application Thread] DEBUG MainWindow           - FXGLStartupScene -> FXGLLoadingScene
13:52:13.960 [JavaFX Application Thread] DEBUG WindowService        - Clearing previous game
13:52:13.960 [JavaFX Application Thread] DEBUG GameScene            - Clearing game scene
13:52:13.960 [JavaFX Application Thread] DEBUG GameWorld            - Clearing game world
13:52:13.960 [JavaFX Application Thread] DEBUG PhysicsWorld         - Clearing physics world
13:52:13.961 [FXGL Background Thread 1 ] DEBUG GameApplication      - Initializing game
13:52:13.964 [FXGL Background Thread 1 ] DEBUG AssetLoaderService   - Loading from file system: /assets/textures/EmptyMap.png
13:52:14.113 [FXGL Background Thread 1 ] DEBUG AssetLoaderService   - Loading from file system: /assets/music/soundtrack.wav
13:52:14.177 [FXGL Background Thread 1 ] DEBUG AudioPlayer          - Playing music com.almasb.fxgl.audio.Music@3e6f0d2d
13:52:14.184 [FXGL Background Thread 1 ] DEBUG AssetLoaderService   - Loading from file system: /assets/textures/player.png
13:52:14.186 [FXGL Background Thread 1 ] DEBUG AssetLoaderService   - Loading from cache: /assets/textures/player.png
13:52:14.186 [FXGL Background Thread 1 ] DEBUG AssetLoaderService   - Loading from cache: /assets/textures/player.png
13:52:14.186 [FXGL Background Thread 1 ] DEBUG AssetLoaderService   - Loading from cache: /assets/textures/player.png
13:52:14.186 [FXGL Background Thread 1 ] DEBUG AssetLoaderService   - Loading from cache: /assets/textures/player.png
13:52:14.186 [FXGL Background Thread 1 ] DEBUG AssetLoaderService   - Loading from cache: /assets/textures/player.png
13:52:14.188 [FXGL Background Thread 1 ] DEBUG AssetLoaderService   - Loading from file system: /assets/textures/bbox.png
13:52:14.193 [FXGL Background Thread 1 ] DEBUG AssetLoaderService   - Loading from file system: /assets/textures/froggysprite.png
13:52:14.194 [FXGL Background Thread 1 ] DEBUG AssetLoaderService   - Loading from cache: /assets/textures/froggysprite.png
13:52:14.194 [FXGL Background Thread 1 ] DEBUG AssetLoaderService   - Loading from cache: /assets/textures/froggysprite.png
13:52:14.194 [FXGL Background Thread 1 ] DEBUG AssetLoaderService   - Loading from cache: /assets/textures/bbox.png
13:52:14.195 [FXGL Background Thread 1 ] DEBUG AssetLoaderService   - Loading from file system: /assets/textures/bush.png
13:52:14.196 [FXGL Background Thread 1 ] DEBUG AssetLoaderService   - Loading from cache: /assets/textures/bush.png
13:52:14.197 [FXGL Background Thread 1 ] DEBUG AssetLoaderService   - Loading from file system: /assets/textures/rock.png
13:52:14.198 [FXGL Background Thread 1 ] DEBUG AssetLoaderService   - Loading from cache: /assets/textures/rock.png
13:52:14.198 [FXGL Background Thread 1 ] DEBUG AssetLoaderService   - Loading from file system: /assets/textures/tree.png
13:52:14.199 [FXGL Background Thread 1 ] DEBUG AssetLoaderService   - Loading from cache: /assets/textures/bush.png
13:52:14.199 [FXGL Background Thread 1 ] DEBUG AssetLoaderService   - Loading from cache: /assets/textures/tree.png
13:52:14.200 [FXGL Background Thread 1 ] DEBUG AssetLoaderService   - Loading from cache: /assets/textures/bush.png
13:52:14.200 [FXGL Background Thread 1 ] DEBUG AssetLoaderService   - Loading from file system: /assets/textures/appletree.png
13:52:14.201 [FXGL Background Thread 1 ] DEBUG AssetLoaderService   - Loading from cache: /assets/textures/bush.png
13:52:14.202 [FXGL Background Thread 1 ] DEBUG AssetLoaderService   - Loading from cache: /assets/textures/tree.png
13:52:14.202 [FXGL Background Thread 1 ] DEBUG AssetLoaderService   - Loading from cache: /assets/textures/bush.png
13:52:14.203 [FXGL Background Thread 1 ] DEBUG AssetLoaderService   - Loading from cache: /assets/textures/appletree.png
13:52:14.203 [FXGL Background Thread 1 ] DEBUG AssetLoaderService   - Loading from cache: /assets/textures/bush.png
13:52:14.204 [FXGL Background Thread 1 ] DEBUG AssetLoaderService   - Loading from cache: /assets/textures/appletree.png
13:52:14.204 [FXGL Background Thread 1 ] DEBUG AssetLoaderService   - Loading from cache: /assets/textures/bush.png
13:52:14.204 [FXGL Background Thread 1 ] DEBUG AssetLoaderService   - Loading from cache: /assets/textures/tree.png
13:52:14.205 [FXGL Background Thread 1 ] DEBUG AssetLoaderService   - Loading from cache: /assets/textures/bush.png
13:52:14.206 [FXGL Background Thread 1 ] DEBUG AssetLoaderService   - Loading from cache: /assets/textures/tree.png
13:52:14.206 [FXGL Background Thread 1 ] DEBUG AssetLoaderService   - Loading from cache: /assets/textures/bush.png
13:52:14.206 [FXGL Background Thread 1 ] DEBUG AssetLoaderService   - Loading from cache: /assets/textures/tree.png
13:52:14.207 [FXGL Background Thread 1 ] DEBUG AssetLoaderService   - Loading from cache: /assets/textures/bush.png
13:52:14.207 [FXGL Background Thread 1 ] DEBUG AssetLoaderService   - Loading from cache: /assets/textures/bush.png
13:52:14.208 [FXGL Background Thread 1 ] DEBUG AssetLoaderService   - Loading from cache: /assets/textures/tree.png
13:52:14.208 [FXGL Background Thread 1 ] DEBUG AssetLoaderService   - Loading from cache: /assets/textures/tree.png
13:52:14.209 [FXGL Background Thread 1 ] DEBUG AssetLoaderService   - Loading from cache: /assets/textures/tree.png
13:52:14.209 [FXGL Background Thread 1 ] DEBUG AssetLoaderService   - Loading from cache: /assets/textures/bush.png
13:52:14.210 [FXGL Background Thread 1 ] DEBUG AssetLoaderService   - Loading from cache: /assets/textures/tree.png
13:52:14.210 [FXGL Background Thread 1 ] DEBUG AssetLoaderService   - Loading from cache: /assets/textures/bush.png
13:52:14.210 [FXGL Background Thread 1 ] DEBUG AssetLoaderService   - Loading from cache: /assets/textures/appletree.png
13:52:14.211 [FXGL Background Thread 1 ] DEBUG AssetLoaderService   - Loading from cache: /assets/textures/bush.png
13:52:14.211 [FXGL Background Thread 1 ] DEBUG AssetLoaderService   - Loading from cache: /assets/textures/tree.png
13:52:14.212 [FXGL Background Thread 1 ] DEBUG AssetLoaderService   - Loading from cache: /assets/textures/bush.png
13:52:14.212 [FXGL Background Thread 1 ] DEBUG AssetLoaderService   - Loading from cache: /assets/textures/appletree.png
13:52:14.213 [FXGL Background Thread 1 ] DEBUG AssetLoaderService   - Loading from cache: /assets/textures/bush.png
13:52:14.213 [FXGL Background Thread 1 ] DEBUG AssetLoaderService   - Loading from cache: /assets/textures/appletree.png
13:52:14.214 [FXGL Background Thread 1 ] DEBUG AssetLoaderService   - Loading from cache: /assets/textures/appletree.png
13:52:14.214 [FXGL Background Thread 1 ] DEBUG AssetLoaderService   - Loading from cache: /assets/textures/appletree.png
13:52:14.214 [FXGL Background Thread 1 ] DEBUG AssetLoaderService   - Loading from cache: /assets/textures/appletree.png
13:52:14.215 [FXGL Background Thread 1 ] DEBUG AssetLoaderService   - Loading from cache: /assets/textures/appletree.png
13:52:14.215 [FXGL Background Thread 1 ] DEBUG AssetLoaderService   - Loading from cache: /assets/textures/tree.png
13:52:14.215 [FXGL Background Thread 1 ] DEBUG AssetLoaderService   - Loading from cache: /assets/textures/tree.png
13:52:14.216 [FXGL Background Thread 1 ] DEBUG AssetLoaderService   - Loading from cache: /assets/textures/appletree.png
13:52:14.216 [FXGL Background Thread 1 ] DEBUG AssetLoaderService   - Loading from cache: /assets/textures/bush.png
13:52:14.217 [FXGL Background Thread 1 ] DEBUG AssetLoaderService   - Loading from cache: /assets/textures/appletree.png
13:52:14.217 [FXGL Background Thread 1 ] DEBUG AssetLoaderService   - Loading from cache: /assets/textures/bush.png
13:52:14.217 [FXGL Background Thread 1 ] DEBUG AssetLoaderService   - Loading from cache: /assets/textures/rock.png
13:52:14.218 [FXGL Background Thread 1 ] DEBUG AssetLoaderService   - Loading from cache: /assets/textures/tree.png
13:52:14.218 [FXGL Background Thread 1 ] DEBUG AssetLoaderService   - Loading from cache: /assets/textures/rock.png
13:52:14.219 [FXGL Background Thread 1 ] DEBUG AssetLoaderService   - Loading from cache: /assets/textures/appletree.png
13:52:14.219 [FXGL Background Thread 1 ] DEBUG AssetLoaderService   - Loading from cache: /assets/textures/appletree.png
13:52:14.219 [FXGL Background Thread 1 ] DEBUG AssetLoaderService   - Loading from file system: /assets/textures/lighthouse.png
13:52:14.221 [FXGL Background Thread 1 ] DEBUG AssetLoaderService   - Loading from file system: /assets/textures/greenhouse.png
13:52:14.222 [FXGL Background Thread 1 ] DEBUG AssetLoaderService   - Loading from file system: /assets/textures/bluehouse.png
13:52:14.222 [FXGL Background Thread 1 ] DEBUG AssetLoaderService   - Loading from file system: /assets/textures/redhouse.png
13:52:14.223 [FXGL Background Thread 1 ] DEBUG AssetLoaderService   - Loading from cache: /assets/textures/redhouse.png
13:52:14.224 [FXGL Background Thread 1 ] DEBUG AssetLoaderService   - Loading from cache: /assets/textures/bluehouse.png
13:52:14.224 [FXGL Background Thread 1 ] DEBUG AssetLoaderService   - Loading from cache: /assets/textures/bluehouse.png
13:52:14.224 [FXGL Background Thread 1 ] DEBUG AssetLoaderService   - Loading from cache: /assets/textures/redhouse.png
13:52:14.225 [FXGL Background Thread 1 ] DEBUG AssetLoaderService   - Loading from cache: /assets/textures/bluehouse.png
13:52:14.225 [FXGL Background Thread 1 ] DEBUG AssetLoaderService   - Loading from cache: /assets/textures/redhouse.png
13:52:14.225 [FXGL Background Thread 1 ] DEBUG AssetLoaderService   - Loading from cache: /assets/textures/lighthouse.png
13:52:14.226 [FXGL Background Thread 1 ] DEBUG AssetLoaderService   - Loading from cache: /assets/textures/greenhouse.png
13:52:14.226 [FXGL Background Thread 1 ] INFO  GameApplication      - Game initialization took: 0.266 sec
13:52:14.227 [JavaFX Application Thread] DEBUG Input                - Clearing active input actions
13:52:14.252 [JavaFX Application Thread] DEBUG WindowService        - Removing overlay from FXGLLoadingScene and adding to GameScene
13:52:14.252 [JavaFX Application Thread] DEBUG MainWindow           - FXGLLoadingScene -> GameScene
13:52:16.773 [FXGL Background Thread 2 ] DEBUG Engine               - Logging environment variables
13:52:16.773 [FXGL Background Thread 2 ] DEBUG Engine               - achievements: []
13:52:16.773 [FXGL Background Thread 2 ] DEBUG Engine               - language: ObjectProperty [value: ENGLISH]
13:52:16.773 [FXGL Background Thread 2 ] DEBUG Engine               - isCloseConfirmation: false
13:52:16.773 [FXGL Background Thread 2 ] DEBUG Engine               - isProfilingEnabled: false
13:52:16.773 [FXGL Background Thread 2 ] DEBUG Engine               - soundNotification: core/notification.wav
13:52:16.773 [FXGL Background Thread 2 ] DEBUG Engine               - devShowBBoxProperty: BooleanProperty [value: false]
13:52:16.773 [FXGL Background Thread 2 ] DEBUG Engine               - pixelsPerMeter: 50.0
13:52:16.773 [FXGL Background Thread 2 ] DEBUG Engine               - appIcon: fxgl_icon.png
13:52:16.773 [FXGL Background Thread 2 ] DEBUG Engine               - soundMenuBack: menu/back.wav
13:52:16.773 [FXGL Background Thread 2 ] DEBUG Engine               - isFullScreenAllowed: false
13:52:16.773 [FXGL Background Thread 2 ] DEBUG Engine               - isIntroEnabled: false
13:52:16.773 [FXGL Background Thread 2 ] DEBUG Engine               - fontMono: lucida_console.ttf
13:52:16.773 [FXGL Background Thread 2 ] DEBUG Engine               - soundMenuSelect: menu/select.wav
13:52:16.774 [FXGL Background Thread 2 ] DEBUG Engine               - isWindows: true
13:52:16.774 [FXGL Background Thread 2 ] DEBUG Engine               - isMobile: false
13:52:16.774 [FXGL Background Thread 2 ] DEBUG Engine               - isUserProfileEnabled: false
13:52:16.774 [FXGL Background Thread 2 ] DEBUG Engine               - height: 640
13:52:16.774 [FXGL Background Thread 2 ] DEBUG Engine               - isExperimentalNative: false
13:52:16.774 [FXGL Background Thread 2 ] DEBUG Engine               - settings: Title: FriendMaker2077
Version: 0.1
Width: 640
Height: 640
Fullscreen: false
Intro: false
Menus: false
Profiling: false
Single step:false
App Mode: DEVELOPER
Menu Key: ESCAPE
Stage Style: DECORATED
Scene Factory: class ui.MenuFactory

13:52:16.774 [FXGL Background Thread 2 ] DEBUG Engine               - isSingleStep: false
13:52:16.774 [FXGL Background Thread 2 ] DEBUG Engine               - cSSList: [fxgl_dark.css]
13:52:16.774 [FXGL Background Thread 2 ] DEBUG Engine               - fontGame: Abel-Regular.ttf
13:52:16.774 [FXGL Background Thread 2 ] DEBUG Engine               - menuKey: ESCAPE
13:52:16.774 [FXGL Background Thread 2 ] DEBUG Engine               - devShowPositionProperty: BooleanProperty [value: false]
13:52:16.774 [FXGL Background Thread 2 ] DEBUG Engine               - versionCheckDays: 7
13:52:16.774 [FXGL Background Thread 2 ] DEBUG Engine               - configClass: Optional.empty
13:52:16.774 [FXGL Background Thread 2 ] DEBUG Engine               - isFullScreenFromStart: false
13:52:16.774 [FXGL Background Thread 2 ] DEBUG Engine               - version: 0.1
13:52:16.775 [FXGL Background Thread 2 ] DEBUG Engine               - fullScreen: BooleanProperty [value: false]
13:52:16.775 [FXGL Background Thread 2 ] DEBUG Engine               - randomSeed: -1
13:52:16.775 [FXGL Background Thread 2 ] DEBUG Engine               - gameDifficultyProperty: ObjectProperty [value: MEDIUM]
13:52:16.775 [FXGL Background Thread 2 ] DEBUG Engine               - applicationMode: DEVELOPER
13:52:16.775 [FXGL Background Thread 2 ] DEBUG Engine               - isMac: false
13:52:16.775 [FXGL Background Thread 2 ] DEBUG Engine               - isMenuEnabled: false
13:52:16.775 [FXGL Background Thread 2 ] DEBUG Engine               - urlPOM: https://raw.githubusercontent.com/AlmasB/FXGL/master/pom.xml
13:52:16.775 [FXGL Background Thread 2 ] DEBUG Engine               - profileName: StringProperty [value: DEFAULT]
13:52:16.775 [FXGL Background Thread 2 ] DEBUG Engine               - devSensorColorProperty: ObjectProperty [value: 0xffff00ff]
13:52:16.775 [FXGL Background Thread 2 ] DEBUG Engine               - notificationViewClass: class com.almasb.fxgl.notification.view.XboxNotificationView
13:52:16.775 [FXGL Background Thread 2 ] DEBUG Engine               - sceneFactory: ui.MenuFactory@1e64d982
13:52:16.775 [FXGL Background Thread 2 ] DEBUG Engine               - stageStyle: DECORATED
13:52:16.775 [FXGL Background Thread 2 ] DEBUG Engine               - isManualResizeEnabled: false
13:52:16.775 [FXGL Background Thread 2 ] DEBUG Engine               - title: FriendMaker2077
13:52:16.775 [FXGL Background Thread 2 ] DEBUG Engine               - platform: WINDOWS
13:52:16.775 [FXGL Background Thread 2 ] DEBUG Engine               - devBBoxColorProperty: ObjectProperty [value: 0xff0000ff]
13:52:16.776 [FXGL Background Thread 2 ] DEBUG Engine               - gameDifficulty: MEDIUM
13:52:16.776 [FXGL Background Thread 2 ] DEBUG Engine               - isDesktop: true
13:52:16.776 [FXGL Background Thread 2 ] DEBUG Engine               - supportedLanguages: [ENGLISH, FRENCH, GERMAN, HUNGARIAN, RUSSIAN]
13:52:16.776 [FXGL Background Thread 2 ] DEBUG Engine               - globalMusicVolumeProperty: DoubleProperty [value: 0.5]
13:52:16.776 [FXGL Background Thread 2 ] DEBUG Engine               - credits: []
13:52:16.776 [FXGL Background Thread 2 ] DEBUG Engine               - isPreserveResizeRatio: false
13:52:16.776 [FXGL Background Thread 2 ] DEBUG Engine               - fontText: Courier-Prime.ttf
13:52:16.776 [FXGL Background Thread 2 ] DEBUG Engine               - isExperimentalTiledLargeMap: false
13:52:16.776 [FXGL Background Thread 2 ] DEBUG Engine               - secondsIn24h: 60
13:52:16.776 [FXGL Background Thread 2 ] DEBUG Engine               - runtimeInfo: RuntimeInfo(platform=WINDOWS, version=11.8, build=08.03.2020 09.25)
13:52:16.776 [FXGL Background Thread 2 ] DEBUG Engine               - isLinux: false
13:52:16.776 [FXGL Background Thread 2 ] DEBUG Engine               - urlGithub: https://github.com/AlmasB/FXGL
13:52:16.776 [FXGL Background Thread 2 ] DEBUG Engine               - soundMenuPress: menu/press.wav
13:52:16.776 [FXGL Background Thread 2 ] DEBUG Engine               - profileDir: profiles/
13:52:16.776 [FXGL Background Thread 2 ] DEBUG Engine               - isDeveloperMenuEnabled: false
13:52:16.776 [FXGL Background Thread 2 ] DEBUG Engine               - globalSoundVolumeProperty: DoubleProperty [value: 0.5]
13:52:16.776 [FXGL Background Thread 2 ] DEBUG Engine               - mainWindow: com.almasb.fxgl.app.MainWindow@1a5b5e96
13:52:16.776 [FXGL Background Thread 2 ] DEBUG Engine               - isBrowser: false
13:52:16.777 [FXGL Background Thread 2 ] DEBUG Engine               - urlLeaderboard: http://fxgl-top.herokuapp.com/
13:52:16.777 [FXGL Background Thread 2 ] DEBUG Engine               - globalSoundVolume: 0.5
13:52:16.777 [FXGL Background Thread 2 ] DEBUG Engine               - engineServices: [class com.almasb.fxgl.app.GameApplication$GameApplicationService, class com.almasb.fxgl.app.services.WindowService, class com.almasb.fxgl.app.services.FXGLDialogService, class com.almasb.fxgl.app.services.IOTaskExecutorService, class com.almasb.fxgl.event.EventBusService, class com.almasb.fxgl.io.FileSystemService, class com.almasb.fxgl.localization.LocalizationService, class com.almasb.fxgl.app.services.AssetLoaderService, class com.almasb.fxgl.app.services.SystemBundleService, class com.almasb.fxgl.profile.SaveLoadService, class com.almasb.fxgl.ui.FXGLUIFactoryServiceProvider, class com.almasb.fxgl.ui.FXGLDialogFactoryServiceProvider, class com.almasb.fxgl.audio.AudioPlayer, class com.almasb.fxgl.notification.impl.NotificationServiceProvider, class com.almasb.fxgl.achievement.AchievementService, class com.almasb.fxgl.cutscene.CutsceneService, class com.almasb.fxgl.minigames.MiniGameService, class com.almasb.fxgl.net.NetService, class com.almasb.fxgl.app.services.UpdaterService]
13:52:16.777 [FXGL Background Thread 2 ] DEBUG Engine               - globalMusicVolume: 0.5
13:52:16.777 [FXGL Background Thread 2 ] DEBUG Engine               - width: 640
13:52:16.777 [FXGL Background Thread 2 ] DEBUG Engine               - saveFileExt: sav
13:52:16.777 [FXGL Background Thread 2 ] DEBUG Engine               - isAndroid: false
13:52:16.777 [FXGL Background Thread 2 ] DEBUG Engine               - fontUI: VarelaRound-Regular.ttf
13:52:16.777 [FXGL Background Thread 2 ] DEBUG Engine               - isIOS: false
13:52:16.777 [FXGL Background Thread 2 ] DEBUG Engine               - enabledMenuItems: []
13:52:16.777 [FXGL Background Thread 2 ] DEBUG Engine               - Logging services
13:52:16.777 [FXGL Background Thread 2 ] DEBUG Engine               - class com.almasb.fxgl.app.GameApplication$GameApplicationService
13:52:16.777 [FXGL Background Thread 2 ] DEBUG Engine               - class com.almasb.fxgl.app.services.WindowService
13:52:16.777 [FXGL Background Thread 2 ] DEBUG Engine               - class com.almasb.fxgl.app.services.FXGLDialogService
13:52:16.777 [FXGL Background Thread 2 ] DEBUG Engine               - class com.almasb.fxgl.app.services.IOTaskExecutorService
13:52:16.777 [FXGL Background Thread 2 ] DEBUG Engine               - class com.almasb.fxgl.event.EventBusService
13:52:16.778 [FXGL Background Thread 2 ] DEBUG Engine               - class com.almasb.fxgl.io.FileSystemService
13:52:16.778 [FXGL Background Thread 2 ] DEBUG Engine               - class com.almasb.fxgl.localization.LocalizationService
13:52:16.778 [FXGL Background Thread 2 ] DEBUG Engine               - class com.almasb.fxgl.app.services.AssetLoaderService
13:52:16.778 [FXGL Background Thread 2 ] DEBUG Engine               - class com.almasb.fxgl.app.services.SystemBundleService
13:52:16.778 [FXGL Background Thread 2 ] DEBUG Engine               - class com.almasb.fxgl.profile.SaveLoadService
13:52:16.778 [FXGL Background Thread 2 ] DEBUG Engine               - class com.almasb.fxgl.ui.FXGLUIFactoryServiceProvider
13:52:16.778 [FXGL Background Thread 2 ] DEBUG Engine               - class com.almasb.fxgl.ui.FXGLDialogFactoryServiceProvider
13:52:16.778 [FXGL Background Thread 2 ] DEBUG Engine               - class com.almasb.fxgl.audio.AudioPlayer
13:52:16.778 [FXGL Background Thread 2 ] DEBUG Engine               - class com.almasb.fxgl.notification.impl.NotificationServiceProvider
13:52:16.778 [FXGL Background Thread 2 ] DEBUG Engine               - class com.almasb.fxgl.achievement.AchievementService
13:52:16.778 [FXGL Background Thread 2 ] DEBUG Engine               - class com.almasb.fxgl.cutscene.CutsceneService
13:52:16.778 [FXGL Background Thread 2 ] DEBUG Engine               - class com.almasb.fxgl.minigames.MiniGameService
13:52:16.778 [FXGL Background Thread 2 ] DEBUG Engine               - class com.almasb.fxgl.net.NetService
13:52:16.778 [FXGL Background Thread 2 ] DEBUG Engine               - class com.almasb.fxgl.app.services.UpdaterService
13:52:18.988 [JavaFX Application Thread] DEBUG AssetLoaderService   - Loading from file system: /assets/sounds/move.wav
13:52:19.000 [JavaFX Application Thread] DEBUG Input                - Registered new binding: Next RPG Line - Enter
13:52:19.001 [JavaFX Application Thread] DEBUG MainWindow           - Push state: CutsceneScene
13:52:19.001 [JavaFX Application Thread] DEBUG Input                - Clearing active input actions
13:52:19.001 [JavaFX Application Thread] DEBUG WindowService        - Removing overlay from GameScene and adding to CutsceneScene
13:52:19.001 [JavaFX Application Thread] DEBUG MainWindow           - GameScene -> CutsceneScene
13:52:19.002 [JavaFX Application Thread] DEBUG GameWorld            - Clearing removable entities
13:52:19.010 [JavaFX Application Thread] DEBUG GameWorld            - Setting level: com.almasb.fxgl.entity.level.Level@36a03e6
13:52:22.684 [JavaFX Application Thread] DEBUG MainWindow           - Pop state: CutsceneScene
13:52:22.684 [JavaFX Application Thread] DEBUG Input                - Clearing active input actions
13:52:22.684 [JavaFX Application Thread] DEBUG WindowService        - Removing overlay from CutsceneScene and adding to GameScene
13:52:22.684 [JavaFX Application Thread] DEBUG MainWindow           - GameScene <- CutsceneScene
13:52:22.700 [JavaFX Application Thread] DEBUG GameWorld            - Clearing removable entities
13:52:22.700 [JavaFX Application Thread] DEBUG GameWorld            - Setting level: com.almasb.fxgl.entity.level.Level@1b4d3583
13:52:22.716 [JavaFX Application Thread] DEBUG GameWorld            - Clearing removable entities
13:52:22.716 [JavaFX Application Thread] DEBUG GameWorld            - Setting level: com.almasb.fxgl.entity.level.Level@576897a
13:52:22.716 [JavaFX Application Thread] DEBUG GameWorld            - Clearing removable entities
13:52:22.716 [JavaFX Application Thread] DEBUG GameWorld            - Setting level: com.almasb.fxgl.entity.level.Level@56f77ac1
13:52:22.732 [JavaFX Application Thread] DEBUG GameWorld            - Clearing removable entities
13:52:22.732 [JavaFX Application Thread] DEBUG GameWorld            - Setting level: com.almasb.fxgl.entity.level.Level@41cd3b09
13:52:22.748 [JavaFX Application Thread] DEBUG GameWorld            - Clearing removable entities
13:52:22.748 [JavaFX Application Thread] DEBUG GameWorld            - Setting level: com.almasb.fxgl.entity.level.Level@335eff9e
13:52:22.764 [JavaFX Application Thread] DEBUG GameWorld            - Clearing removable entities
13:52:22.764 [JavaFX Application Thread] DEBUG GameWorld            - Setting level: com.almasb.fxgl.entity.level.Level@2d29dd6
13:52:22.780 [JavaFX Application Thread] DEBUG GameWorld            - Clearing removable entities
13:52:22.780 [JavaFX Application Thread] DEBUG GameWorld            - Setting level: com.almasb.fxgl.entity.level.Level@6f1ede3f
13:52:22.796 [JavaFX Application Thread] DEBUG GameWorld            - Clearing removable entities
13:52:22.796 [JavaFX Application Thread] DEBUG GameWorld            - Setting level: com.almasb.fxgl.entity.level.Level@4723b5a6
13:52:22.812 [JavaFX Application Thread] DEBUG GameWorld            - Clearing removable entities
13:52:22.812 [JavaFX Application Thread] DEBUG GameWorld            - Setting level: com.almasb.fxgl.entity.level.Level@34510d3
13:52:22.828 [JavaFX Application Thread] DEBUG GameWorld            - Clearing removable entities
13:52:22.828 [JavaFX Application Thread] DEBUG GameWorld            - Setting level: com.almasb.fxgl.entity.level.Level@156f1140
13:52:22.844 [JavaFX Application Thread] DEBUG GameWorld            - Clearing removable entities
13:52:22.844 [JavaFX Application Thread] DEBUG GameWorld            - Setting level: com.almasb.fxgl.entity.level.Level@c19caf4
13:52:22.860 [JavaFX Application Thread] DEBUG GameWorld            - Clearing removable entities
13:52:22.860 [JavaFX Application Thread] DEBUG GameWorld            - Setting level: com.almasb.fxgl.entity.level.Level@56cdc054
13:52:22.876 [JavaFX Application Thread] DEBUG GameWorld            - Clearing removable entities
13:52:22.876 [JavaFX Application Thread] DEBUG GameWorld            - Setting level: com.almasb.fxgl.entity.level.Level@7da581d6
13:52:22.892 [JavaFX Application Thread] DEBUG GameWorld            - Clearing removable entities
13:52:22.892 [JavaFX Application Thread] DEBUG GameWorld            - Setting level: com.almasb.fxgl.entity.level.Level@10ad6a33
13:52:22.908 [JavaFX Application Thread] DEBUG GameWorld            - Clearing removable entities
13:52:22.908 [JavaFX Application Thread] DEBUG GameWorld            - Setting level: com.almasb.fxgl.entity.level.Level@52214cb8
13:52:22.924 [JavaFX Application Thread] DEBUG GameWorld            - Clearing removable entities
13:52:22.924 [JavaFX Application Thread] DEBUG GameWorld            - Setting level: com.almasb.fxgl.entity.level.Level@6ad6f9c8
13:52:22.940 [JavaFX Application Thread] DEBUG GameWorld            - Clearing removable entities
13:52:22.940 [JavaFX Application Thread] DEBUG GameWorld            - Setting level: com.almasb.fxgl.entity.level.Level@3bac7e75
13:52:22.956 [JavaFX Application Thread] DEBUG GameWorld            - Clearing removable entities
13:52:22.956 [JavaFX Application Thread] DEBUG GameWorld            - Setting level: com.almasb.fxgl.entity.level.Level@402b77c1
13:52:22.972 [JavaFX Application Thread] DEBUG GameWorld            - Clearing removable entities
13:52:22.972 [JavaFX Application Thread] DEBUG GameWorld            - Setting level: com.almasb.fxgl.entity.level.Level@18b7b7f0
13:52:22.988 [JavaFX Application Thread] DEBUG GameWorld            - Clearing removable entities
13:52:22.988 [JavaFX Application Thread] DEBUG GameWorld            - Setting level: com.almasb.fxgl.entity.level.Level@45f20597
13:52:23.004 [JavaFX Application Thread] DEBUG GameWorld            - Clearing removable entities
13:52:23.004 [JavaFX Application Thread] DEBUG GameWorld            - Setting level: com.almasb.fxgl.entity.level.Level@1df5948a
13:52:23.020 [JavaFX Application Thread] DEBUG GameWorld            - Clearing removable entities
13:52:23.020 [JavaFX Application Thread] DEBUG GameWorld            - Setting level: com.almasb.fxgl.entity.level.Level@67b6d8a
13:52:23.036 [JavaFX Application Thread] DEBUG GameWorld            - Clearing removable entities
13:52:23.036 [JavaFX Application Thread] DEBUG GameWorld            - Setting level: com.almasb.fxgl.entity.level.Level@23564282
13:52:23.052 [JavaFX Application Thread] DEBUG GameWorld            - Clearing removable entities
13:52:23.052 [JavaFX Application Thread] DEBUG GameWorld            - Setting level: com.almasb.fxgl.entity.level.Level@76dd35c2
13:52:23.068 [JavaFX Application Thread] DEBUG GameWorld            - Clearing removable entities
13:52:23.068 [JavaFX Application Thread] DEBUG GameWorld            - Setting level: com.almasb.fxgl.entity.level.Level@47bdbe57
13:52:23.084 [JavaFX Application Thread] DEBUG GameWorld            - Clearing removable entities
13:52:23.084 [JavaFX Application Thread] DEBUG GameWorld            - Setting level: com.almasb.fxgl.entity.level.Level@1af78c17
13:52:23.100 [JavaFX Application Thread] DEBUG GameWorld            - Clearing removable entities
13:52:23.100 [JavaFX Application Thread] DEBUG GameWorld            - Setting level: com.almasb.fxgl.entity.level.Level@ba48f99
13:52:23.116 [JavaFX Application Thread] DEBUG GameWorld            - Clearing removable entities
13:52:23.116 [JavaFX Application Thread] DEBUG GameWorld            - Setting level: com.almasb.fxgl.entity.level.Level@14c8c80a
13:52:23.132 [JavaFX Application Thread] DEBUG GameWorld            - Clearing removable entities
13:52:23.132 [JavaFX Application Thread] DEBUG GameWorld            - Setting level: com.almasb.fxgl.entity.level.Level@3ead93c2
13:52:23.148 [JavaFX Application Thread] DEBUG GameWorld            - Clearing removable entities
13:52:23.148 [JavaFX Application Thread] DEBUG GameWorld            - Setting level: com.almasb.fxgl.entity.level.Level@181c2734
13:52:23.164 [JavaFX Application Thread] DEBUG GameWorld            - Clearing removable entities
13:52:23.164 [JavaFX Application Thread] DEBUG GameWorld            - Setting level: com.almasb.fxgl.entity.level.Level@376babe9
13:52:23.180 [JavaFX Application Thread] DEBUG GameWorld            - Clearing removable entities
13:52:23.180 [JavaFX Application Thread] DEBUG GameWorld            - Setting level: com.almasb.fxgl.entity.level.Level@6531bd96
13:52:23.196 [JavaFX Application Thread] DEBUG GameWorld            - Clearing removable entities
13:52:23.196 [JavaFX Application Thread] DEBUG GameWorld            - Setting level: com.almasb.fxgl.entity.level.Level@37d01171
13:52:23.212 [JavaFX Application Thread] DEBUG LoopRunner           - Stopping loop
13:52:26.367 [JavaFX Application Thread] FATAL GameApplication      - Uncaught Exception:

Fatal exception occurred: java.lang.IllegalArgumentException : Component PlayerAnimationComponent not found!
E: com.almasb.fxgl.entity.Entity.getComponent(Entity.java:322)
E: application.GameApp$2.onAction(GameApp.java:121)
E: com.almasb.fxgl.input.UserAction.action$fxgl_input(UserAction.kt:38)
E: com.almasb.fxgl.input.Input.update(Input.kt:164)
E: com.almasb.fxgl.scene.Scene.update(Scene.kt:73)
E: com.almasb.fxgl.app.MainWindow$update$1.invoke(MainWindow.kt:208)
E: com.almasb.fxgl.app.MainWindow$update$1.invoke(MainWindow.kt:38)
E: com.almasb.fxgl.core.fsm.StateMachine.runOnActiveStates(StateMachine.kt:60)
E: com.almasb.fxgl.app.MainWindow.update(MainWindow.kt:208)
E: com.almasb.fxgl.app.services.WindowService.onUpdate(WindowService.kt:115)
E: com.almasb.fxgl.app.Engine.loop(Engine.kt:129)
E: com.almasb.fxgl.app.Engine.access$loop(Engine.kt:25)
E: com.almasb.fxgl.app.Engine$loop$1.invoke(Engine.kt:29)
E: com.almasb.fxgl.app.Engine$loop$1.invoke(Engine.kt:25)
E: com.almasb.fxgl.app.LoopRunner.frame(LoopRunner.kt:86)
E: com.almasb.fxgl.app.LoopRunner.access$frame(LoopRunner.kt:17)
E: com.almasb.fxgl.app.LoopRunner$impl$2$1.handle(LoopRunner.kt:37)
E: javafx.graphics/javafx.animation.AnimationTimer$AnimationTimerReceiver.lambda$handle$0(AnimationTimer.java:57)
E: java.base/java.security.AccessController.doPrivileged(AccessController.java:391)
E: javafx.graphics/javafx.animation.AnimationTimer$AnimationTimerReceiver.handle(AnimationTimer.java:56)
E: javafx.graphics/com.sun.scenario.animation.AbstractMasterTimer.timePulseImpl(AbstractMasterTimer.java:357)
E: javafx.graphics/com.sun.scenario.animation.AbstractMasterTimer$MainLoop.run(AbstractMasterTimer.java:267)
E: javafx.graphics/com.sun.javafx.tk.quantum.QuantumToolkit.pulse(QuantumToolkit.java:515)
E: javafx.graphics/com.sun.javafx.tk.quantum.QuantumToolkit.pulse(QuantumToolkit.java:499)
E: javafx.graphics/com.sun.javafx.tk.quantum.QuantumToolkit.pulseFromQueue(QuantumToolkit.java:492)
E: javafx.graphics/com.sun.javafx.tk.quantum.QuantumToolkit.lambda$runToolkit$11(QuantumToolkit.java:320)
E: javafx.graphics/com.sun.glass.ui.InvokeLaterDispatcher$Future.run(InvokeLaterDispatcher.java:96)
E: javafx.graphics/com.sun.glass.ui.win.WinApplication._runLoop(Native Method)
E: javafx.graphics/com.sun.glass.ui.win.WinApplication.lambda$runLoop$3(WinApplication.java:174)
E: java.base/java.lang.Thread.run(Thread.java:830)

13:52:26.367 [JavaFX Application Thread] FATAL GameApplication      - Application will now exit
13:52:26.367 [JavaFX Application Thread] DEBUG GameApplication      - Exiting FXGL
13:52:26.367 [JavaFX Application Thread] DEBUG GameApplication      - Shutting down background threads
13:52:26.367 [JavaFX Application Thread] DEBUG GameApplication      - Closing logger and exiting JavaFX
