22:08:20.788 [main                     ] DEBUG GameApplication      - Logger initialized
22:08:20.798 [main                     ] DEBUG GameApplication      - Logging settings
Title: FriendMaker2077
Version: 0.1
Width: 640
Height: 640
Fullscreen: false
Intro: false
Menus: false
Profiling: false
Single step:false
App Mode: DEVELOPER
Menu Key: ESCAPE
Stage Style: DECORATED
Scene Factory: class ui.MenuFactory

22:08:21.077 [JavaFX Application Thread] DEBUG GameApplication      - Initializing FXGL
22:08:21.084 [JavaFX Application Thread] INFO  Engine               - FXGL-11.8 (08.03.2020 09.25) on WINDOWS (J:13.0.2 FX:13.0.2)
22:08:21.084 [JavaFX Application Thread] INFO  Engine               - Source code and latest versions at: https://github.com/AlmasB/FXGL
22:08:21.085 [JavaFX Application Thread] INFO  Engine               -              Join the FXGL chat at: https://gitter.im/AlmasB/FXGL
22:08:21.159 [JavaFX Application Thread] DEBUG MainWindow           - Creating a JavaFX scene
22:08:21.191 [JavaFX Application Thread] DEBUG MainWindow           - Target settings size: 640.0 x 640.0
22:08:21.192 [JavaFX Application Thread] DEBUG MainWindow           - Scaled scene size:    640.0 x 640.0
22:08:21.192 [JavaFX Application Thread] DEBUG MainWindow           - Scaled ratio: (1.0, 1.0)
22:08:21.192 [JavaFX Application Thread] DEBUG MainWindow           - Set initial scene to FXGLStartupScene
22:08:21.196 [JavaFX Application Thread] DEBUG MainWindow           - Opening main window
22:08:21.276 [JavaFX Application Thread] DEBUG MainWindow           - Window border size: (16.0, 39.0)
22:08:21.276 [JavaFX Application Thread] DEBUG MainWindow           - Scaled size: 640.0 x 640.0
22:08:21.276 [JavaFX Application Thread] DEBUG MainWindow           - Scaled ratio: (1.0, 1.0)
22:08:21.276 [JavaFX Application Thread] DEBUG MainWindow           - Scene size: 640.0 x 640.0
22:08:21.276 [JavaFX Application Thread] DEBUG MainWindow           - Stage size: 656.0 x 679.0
22:08:21.281 [FXGL Background Thread 1 ] DEBUG Engine               - Initializing environment variables
22:08:21.298 [FXGL Background Thread 1 ] DEBUG WindowService        - Applying CSS: fxgl_dark.css
22:08:21.299 [FXGL Background Thread 1 ] DEBUG AssetLoaderService   - Loading from file system: /assets/ui/css/fxgl_dark.css
22:08:21.327 [FXGL Background Thread 1 ] DEBUG WindowService        - Initializing application scenes
22:08:21.351 [FXGL Background Thread 1 ] DEBUG GameWorld            - Game world initialized
22:08:21.372 [FXGL Background Thread 1 ] DEBUG PhysicsWorld         - Physics world initialized: appHeight=640, physics.ppm=50.0
22:08:21.374 [FXGL Background Thread 1 ] DEBUG GameScene            - Game scene initialized: 640x640
22:08:21.378 [FXGL Background Thread 1 ] DEBUG Input                - Registered new binding: Resume - Esc
22:08:21.389 [FXGL Background Thread 1 ] DEBUG Input                - Registered new binding: Pause - Esc
22:08:21.389 [FXGL Background Thread 1 ] DEBUG WindowService        - Application scenes initialized
22:08:21.395 [FXGL Background Thread 1 ] DEBUG SystemBundleService  - Loading FXGL system data
22:08:21.399 [FXGL Background Thread 1 ] DEBUG FileSystemAccess     - Reading from: C:\Users\Adam Cunard\git\FriendMaker2077-07-03\Project\system\fxgl.bundle
22:08:21.403 [FXGL Background Thread 1 ] DEBUG SystemBundleService  - Bundle FXGL: {}
22:08:21.404 [FXGL Background Thread 1 ] INFO  Engine               - FXGL initialization took: 0.120 sec
22:08:21.405 [FXGL Background Thread 1 ] DEBUG GameApplication      - Loading localizations
22:08:21.405 [FXGL Background Thread 1 ] DEBUG AssetLoaderService   - Loading from file system: /assets/properties/languages/english.properties
22:08:21.406 [FXGL Background Thread 1 ] DEBUG AssetLoaderService   - Loading from file system: /assets/properties/languages/french.properties
22:08:21.407 [FXGL Background Thread 1 ] DEBUG AssetLoaderService   - Loading from file system: /assets/properties/languages/german.properties
22:08:21.408 [FXGL Background Thread 1 ] DEBUG AssetLoaderService   - Loading from file system: /assets/properties/languages/hungarian.properties
22:08:21.409 [FXGL Background Thread 1 ] DEBUG AssetLoaderService   - Loading from file system: /assets/properties/languages/russian.properties
22:08:21.409 [FXGL Background Thread 1 ] DEBUG GameApplication      - Registering font factories with UI factory
22:08:21.409 [FXGL Background Thread 1 ] DEBUG AssetLoaderService   - Loading from file system: /assets/ui/fonts/VarelaRound-Regular.ttf
22:08:21.568 [FXGL Background Thread 1 ] DEBUG AssetLoaderService   - Loading from file system: /assets/ui/fonts/Abel-Regular.ttf
22:08:21.575 [FXGL Background Thread 1 ] DEBUG AssetLoaderService   - Loading from file system: /assets/ui/fonts/lucida_console.ttf
22:08:21.584 [FXGL Background Thread 1 ] DEBUG AssetLoaderService   - Loading from file system: /assets/ui/fonts/Courier-Prime.ttf
22:08:21.592 [JavaFX Application Thread] DEBUG Input                - Registered new binding: Move Right - D
22:08:21.592 [JavaFX Application Thread] DEBUG Input                - Registered new binding: Move Left - A
22:08:21.592 [JavaFX Application Thread] DEBUG Input                - Registered new binding: Move Up - W
22:08:21.592 [JavaFX Application Thread] DEBUG Input                - Registered new binding: Move Down - S
22:08:21.592 [JavaFX Application Thread] DEBUG Input                - Registered new binding: Play Sound - F
22:08:21.592 [JavaFX Application Thread] DEBUG AssetLoaderService   - Loading from file system: /assets/textures/fxgl_icon.png
22:08:21.618 [JavaFX Application Thread] DEBUG AssetLoaderService   - Loading from file system: /assets/ui/cursors/fxgl_default.png
22:08:21.620 [JavaFX Application Thread] DEBUG Input                - Registered new binding: Screenshot - P
22:08:21.620 [JavaFX Application Thread] DEBUG Input                - Registered new binding: System info dump - CTRL+9
22:08:21.620 [JavaFX Application Thread] DEBUG Input                - Registered new binding: Restart - CTRL+R
22:08:21.621 [JavaFX Application Thread] DEBUG LoopRunner           - Starting loop
22:08:21.629 [JavaFX Application Thread] DEBUG FXGLStartupScene     - STARTUP
22:08:21.629 [JavaFX Application Thread] DEBUG WindowService        - Starting new game
22:08:21.630 [JavaFX Application Thread] DEBUG Input                - Clearing active input actions
22:08:21.638 [JavaFX Application Thread] DEBUG WindowService        - Removing overlay from FXGLStartupScene and adding to FXGLLoadingScene
22:08:21.638 [JavaFX Application Thread] DEBUG MainWindow           - FXGLStartupScene -> FXGLLoadingScene
22:08:21.638 [JavaFX Application Thread] DEBUG WindowService        - Clearing previous game
22:08:21.638 [JavaFX Application Thread] DEBUG GameScene            - Clearing game scene
22:08:21.638 [JavaFX Application Thread] DEBUG GameWorld            - Clearing game world
22:08:21.638 [JavaFX Application Thread] DEBUG PhysicsWorld         - Clearing physics world
22:08:21.639 [FXGL Background Thread 1 ] DEBUG GameApplication      - Initializing game
22:08:21.645 [FXGL Background Thread 1 ] DEBUG AssetLoaderService   - Loading from file system: /assets/music/soundtrack.wav
22:08:21.743 [FXGL Background Thread 1 ] DEBUG AudioPlayer          - Playing music com.almasb.fxgl.audio.Music@765d8170
22:08:21.746 [FXGL Background Thread 1 ] DEBUG AssetLoaderService   - Loading from file system: /assets/textures/Room.png
22:08:21.765 [FXGL Background Thread 1 ] DEBUG AssetLoaderService   - Loading from cache: /assets/textures/Room.png
22:08:21.766 [FXGL Background Thread 1 ] DEBUG AssetLoaderService   - Loading from file system: /assets/textures/EmptyMap.png
22:08:21.898 [FXGL Background Thread 1 ] DEBUG AssetLoaderService   - Loading from file system: /assets/textures/player.png
22:08:21.899 [FXGL Background Thread 1 ] DEBUG AssetLoaderService   - Loading from cache: /assets/textures/player.png
22:08:21.899 [FXGL Background Thread 1 ] DEBUG AssetLoaderService   - Loading from cache: /assets/textures/player.png
22:08:21.899 [FXGL Background Thread 1 ] DEBUG AssetLoaderService   - Loading from cache: /assets/textures/player.png
22:08:21.899 [FXGL Background Thread 1 ] DEBUG AssetLoaderService   - Loading from cache: /assets/textures/player.png
22:08:21.899 [FXGL Background Thread 1 ] DEBUG AssetLoaderService   - Loading from cache: /assets/textures/player.png
22:08:21.900 [FXGL Background Thread 1 ] DEBUG AssetLoaderService   - Loading from file system: /assets/textures/bbox.png
22:08:21.904 [FXGL Background Thread 1 ] DEBUG AssetLoaderService   - Loading from file system: /assets/textures/froggysprite.png
22:08:21.905 [FXGL Background Thread 1 ] DEBUG AssetLoaderService   - Loading from cache: /assets/textures/froggysprite.png
22:08:21.905 [FXGL Background Thread 1 ] DEBUG AssetLoaderService   - Loading from cache: /assets/textures/froggysprite.png
22:08:21.906 [FXGL Background Thread 1 ] DEBUG AssetLoaderService   - Loading from cache: /assets/textures/bbox.png
22:08:21.907 [FXGL Background Thread 1 ] DEBUG AssetLoaderService   - Loading from file system: /assets/textures/bush.png
22:08:21.908 [FXGL Background Thread 1 ] DEBUG AssetLoaderService   - Loading from cache: /assets/textures/bush.png
22:08:21.908 [FXGL Background Thread 1 ] DEBUG AssetLoaderService   - Loading from file system: /assets/textures/rock.png
22:08:21.909 [FXGL Background Thread 1 ] DEBUG AssetLoaderService   - Loading from cache: /assets/textures/rock.png
22:08:21.910 [FXGL Background Thread 1 ] DEBUG AssetLoaderService   - Loading from file system: /assets/textures/tree.png
22:08:21.911 [FXGL Background Thread 1 ] DEBUG AssetLoaderService   - Loading from cache: /assets/textures/bush.png
22:08:21.911 [FXGL Background Thread 1 ] DEBUG AssetLoaderService   - Loading from cache: /assets/textures/tree.png
22:08:21.912 [FXGL Background Thread 1 ] DEBUG AssetLoaderService   - Loading from cache: /assets/textures/bush.png
22:08:21.912 [FXGL Background Thread 1 ] DEBUG AssetLoaderService   - Loading from file system: /assets/textures/appletree.png
22:08:21.914 [FXGL Background Thread 1 ] DEBUG AssetLoaderService   - Loading from cache: /assets/textures/bush.png
22:08:21.915 [FXGL Background Thread 1 ] DEBUG AssetLoaderService   - Loading from cache: /assets/textures/tree.png
22:08:21.916 [FXGL Background Thread 1 ] DEBUG AssetLoaderService   - Loading from cache: /assets/textures/bush.png
22:08:21.917 [FXGL Background Thread 1 ] DEBUG AssetLoaderService   - Loading from cache: /assets/textures/appletree.png
22:08:21.918 [FXGL Background Thread 1 ] DEBUG AssetLoaderService   - Loading from cache: /assets/textures/bush.png
22:08:21.918 [FXGL Background Thread 1 ] DEBUG AssetLoaderService   - Loading from cache: /assets/textures/appletree.png
22:08:21.919 [FXGL Background Thread 1 ] DEBUG AssetLoaderService   - Loading from cache: /assets/textures/bush.png
22:08:21.920 [FXGL Background Thread 1 ] DEBUG AssetLoaderService   - Loading from cache: /assets/textures/tree.png
22:08:21.921 [FXGL Background Thread 1 ] DEBUG AssetLoaderService   - Loading from cache: /assets/textures/bush.png
22:08:21.922 [FXGL Background Thread 1 ] DEBUG AssetLoaderService   - Loading from cache: /assets/textures/tree.png
22:08:21.922 [FXGL Background Thread 1 ] DEBUG AssetLoaderService   - Loading from cache: /assets/textures/bush.png
22:08:21.923 [FXGL Background Thread 1 ] DEBUG AssetLoaderService   - Loading from cache: /assets/textures/tree.png
22:08:21.923 [FXGL Background Thread 1 ] DEBUG AssetLoaderService   - Loading from cache: /assets/textures/bush.png
22:08:21.923 [FXGL Background Thread 1 ] DEBUG AssetLoaderService   - Loading from cache: /assets/textures/bush.png
22:08:21.924 [FXGL Background Thread 1 ] DEBUG AssetLoaderService   - Loading from cache: /assets/textures/tree.png
22:08:21.924 [FXGL Background Thread 1 ] DEBUG AssetLoaderService   - Loading from cache: /assets/textures/tree.png
22:08:21.925 [FXGL Background Thread 1 ] DEBUG AssetLoaderService   - Loading from cache: /assets/textures/tree.png
22:08:21.925 [FXGL Background Thread 1 ] DEBUG AssetLoaderService   - Loading from cache: /assets/textures/bush.png
22:08:21.926 [FXGL Background Thread 1 ] DEBUG AssetLoaderService   - Loading from cache: /assets/textures/tree.png
22:08:21.926 [FXGL Background Thread 1 ] DEBUG AssetLoaderService   - Loading from cache: /assets/textures/bush.png
22:08:21.927 [FXGL Background Thread 1 ] DEBUG AssetLoaderService   - Loading from cache: /assets/textures/appletree.png
22:08:21.927 [FXGL Background Thread 1 ] DEBUG AssetLoaderService   - Loading from cache: /assets/textures/bush.png
22:08:21.927 [FXGL Background Thread 1 ] DEBUG AssetLoaderService   - Loading from cache: /assets/textures/tree.png
22:08:21.928 [FXGL Background Thread 1 ] DEBUG AssetLoaderService   - Loading from cache: /assets/textures/bush.png
22:08:21.929 [FXGL Background Thread 1 ] DEBUG AssetLoaderService   - Loading from cache: /assets/textures/appletree.png
22:08:21.929 [FXGL Background Thread 1 ] DEBUG AssetLoaderService   - Loading from cache: /assets/textures/bush.png
22:08:21.929 [FXGL Background Thread 1 ] DEBUG AssetLoaderService   - Loading from cache: /assets/textures/appletree.png
22:08:21.930 [FXGL Background Thread 1 ] DEBUG AssetLoaderService   - Loading from cache: /assets/textures/appletree.png
22:08:21.930 [FXGL Background Thread 1 ] DEBUG AssetLoaderService   - Loading from cache: /assets/textures/appletree.png
22:08:21.931 [FXGL Background Thread 1 ] DEBUG AssetLoaderService   - Loading from cache: /assets/textures/appletree.png
22:08:21.931 [FXGL Background Thread 1 ] DEBUG AssetLoaderService   - Loading from cache: /assets/textures/appletree.png
22:08:21.931 [FXGL Background Thread 1 ] DEBUG AssetLoaderService   - Loading from cache: /assets/textures/tree.png
22:08:21.932 [FXGL Background Thread 1 ] DEBUG AssetLoaderService   - Loading from cache: /assets/textures/tree.png
22:08:21.932 [FXGL Background Thread 1 ] DEBUG AssetLoaderService   - Loading from cache: /assets/textures/appletree.png
22:08:21.933 [FXGL Background Thread 1 ] DEBUG AssetLoaderService   - Loading from cache: /assets/textures/bush.png
22:08:21.933 [FXGL Background Thread 1 ] DEBUG AssetLoaderService   - Loading from cache: /assets/textures/appletree.png
22:08:21.934 [FXGL Background Thread 1 ] DEBUG AssetLoaderService   - Loading from cache: /assets/textures/bush.png
22:08:21.935 [FXGL Background Thread 1 ] DEBUG AssetLoaderService   - Loading from cache: /assets/textures/rock.png
22:08:21.935 [FXGL Background Thread 1 ] DEBUG AssetLoaderService   - Loading from cache: /assets/textures/tree.png
22:08:21.936 [FXGL Background Thread 1 ] DEBUG AssetLoaderService   - Loading from cache: /assets/textures/rock.png
22:08:21.936 [FXGL Background Thread 1 ] DEBUG AssetLoaderService   - Loading from cache: /assets/textures/appletree.png
22:08:21.936 [FXGL Background Thread 1 ] DEBUG AssetLoaderService   - Loading from cache: /assets/textures/appletree.png
22:08:21.937 [FXGL Background Thread 1 ] DEBUG AssetLoaderService   - Loading from file system: /assets/textures/lighthouse.png
22:08:21.938 [FXGL Background Thread 1 ] DEBUG AssetLoaderService   - Loading from file system: /assets/textures/greenhouse.png
22:08:21.939 [FXGL Background Thread 1 ] DEBUG AssetLoaderService   - Loading from file system: /assets/textures/bluehouse.png
22:08:21.940 [FXGL Background Thread 1 ] DEBUG AssetLoaderService   - Loading from file system: /assets/textures/redhouse.png
22:08:21.941 [FXGL Background Thread 1 ] DEBUG AssetLoaderService   - Loading from cache: /assets/textures/redhouse.png
22:08:21.942 [FXGL Background Thread 1 ] DEBUG AssetLoaderService   - Loading from cache: /assets/textures/bluehouse.png
22:08:21.942 [FXGL Background Thread 1 ] DEBUG AssetLoaderService   - Loading from cache: /assets/textures/bluehouse.png
22:08:21.942 [FXGL Background Thread 1 ] DEBUG AssetLoaderService   - Loading from cache: /assets/textures/redhouse.png
22:08:21.943 [FXGL Background Thread 1 ] DEBUG AssetLoaderService   - Loading from cache: /assets/textures/bluehouse.png
22:08:21.943 [FXGL Background Thread 1 ] DEBUG AssetLoaderService   - Loading from cache: /assets/textures/redhouse.png
22:08:21.944 [FXGL Background Thread 1 ] DEBUG AssetLoaderService   - Loading from cache: /assets/textures/lighthouse.png
22:08:21.944 [FXGL Background Thread 1 ] DEBUG AssetLoaderService   - Loading from cache: /assets/textures/greenhouse.png
22:08:21.945 [FXGL Background Thread 1 ] INFO  GameApplication      - Game initialization took: 0.305 sec
22:08:21.945 [JavaFX Application Thread] DEBUG Input                - Clearing active input actions
22:08:21.969 [JavaFX Application Thread] DEBUG WindowService        - Removing overlay from FXGLLoadingScene and adding to GameScene
22:08:21.970 [JavaFX Application Thread] DEBUG MainWindow           - FXGLLoadingScene -> GameScene
22:08:24.406 [FXGL Background Thread 2 ] DEBUG Engine               - Logging environment variables
22:08:24.406 [FXGL Background Thread 2 ] DEBUG Engine               - achievements: []
22:08:24.406 [FXGL Background Thread 2 ] DEBUG Engine               - language: ObjectProperty [value: ENGLISH]
22:08:24.406 [FXGL Background Thread 2 ] DEBUG Engine               - isCloseConfirmation: false
22:08:24.406 [FXGL Background Thread 2 ] DEBUG Engine               - isProfilingEnabled: false
22:08:24.406 [FXGL Background Thread 2 ] DEBUG Engine               - soundNotification: core/notification.wav
22:08:24.406 [FXGL Background Thread 2 ] DEBUG Engine               - devShowBBoxProperty: BooleanProperty [value: false]
22:08:24.406 [FXGL Background Thread 2 ] DEBUG Engine               - pixelsPerMeter: 50.0
22:08:24.406 [FXGL Background Thread 2 ] DEBUG Engine               - appIcon: fxgl_icon.png
22:08:24.406 [FXGL Background Thread 2 ] DEBUG Engine               - soundMenuBack: menu/back.wav
22:08:24.406 [FXGL Background Thread 2 ] DEBUG Engine               - isFullScreenAllowed: false
22:08:24.406 [FXGL Background Thread 2 ] DEBUG Engine               - isIntroEnabled: false
22:08:24.406 [FXGL Background Thread 2 ] DEBUG Engine               - fontMono: lucida_console.ttf
22:08:24.406 [FXGL Background Thread 2 ] DEBUG Engine               - soundMenuSelect: menu/select.wav
22:08:24.406 [FXGL Background Thread 2 ] DEBUG Engine               - isWindows: true
22:08:24.406 [FXGL Background Thread 2 ] DEBUG Engine               - isMobile: false
22:08:24.406 [FXGL Background Thread 2 ] DEBUG Engine               - isUserProfileEnabled: false
22:08:24.406 [FXGL Background Thread 2 ] DEBUG Engine               - height: 640
22:08:24.406 [FXGL Background Thread 2 ] DEBUG Engine               - isExperimentalNative: false
22:08:24.406 [FXGL Background Thread 2 ] DEBUG Engine               - settings: Title: FriendMaker2077
Version: 0.1
Width: 640
Height: 640
Fullscreen: false
Intro: false
Menus: false
Profiling: false
Single step:false
App Mode: DEVELOPER
Menu Key: ESCAPE
Stage Style: DECORATED
Scene Factory: class ui.MenuFactory

22:08:24.406 [FXGL Background Thread 2 ] DEBUG Engine               - isSingleStep: false
22:08:24.406 [FXGL Background Thread 2 ] DEBUG Engine               - cSSList: [fxgl_dark.css]
22:08:24.406 [FXGL Background Thread 2 ] DEBUG Engine               - fontGame: Abel-Regular.ttf
22:08:24.406 [FXGL Background Thread 2 ] DEBUG Engine               - menuKey: ESCAPE
22:08:24.406 [FXGL Background Thread 2 ] DEBUG Engine               - devShowPositionProperty: BooleanProperty [value: false]
22:08:24.406 [FXGL Background Thread 2 ] DEBUG Engine               - versionCheckDays: 7
22:08:24.406 [FXGL Background Thread 2 ] DEBUG Engine               - configClass: Optional.empty
22:08:24.407 [FXGL Background Thread 2 ] DEBUG Engine               - isFullScreenFromStart: false
22:08:24.407 [FXGL Background Thread 2 ] DEBUG Engine               - version: 0.1
22:08:24.407 [FXGL Background Thread 2 ] DEBUG Engine               - fullScreen: BooleanProperty [value: false]
22:08:24.407 [FXGL Background Thread 2 ] DEBUG Engine               - randomSeed: -1
22:08:24.407 [FXGL Background Thread 2 ] DEBUG Engine               - gameDifficultyProperty: ObjectProperty [value: MEDIUM]
22:08:24.407 [FXGL Background Thread 2 ] DEBUG Engine               - applicationMode: DEVELOPER
22:08:24.407 [FXGL Background Thread 2 ] DEBUG Engine               - isMac: false
22:08:24.407 [FXGL Background Thread 2 ] DEBUG Engine               - isMenuEnabled: false
22:08:24.407 [FXGL Background Thread 2 ] DEBUG Engine               - urlPOM: https://raw.githubusercontent.com/AlmasB/FXGL/master/pom.xml
22:08:24.407 [FXGL Background Thread 2 ] DEBUG Engine               - profileName: StringProperty [value: DEFAULT]
22:08:24.407 [FXGL Background Thread 2 ] DEBUG Engine               - notificationViewClass: class com.almasb.fxgl.notification.view.XboxNotificationView
22:08:24.407 [FXGL Background Thread 2 ] DEBUG Engine               - devSensorColorProperty: ObjectProperty [value: 0xffff00ff]
22:08:24.407 [FXGL Background Thread 2 ] DEBUG Engine               - sceneFactory: ui.MenuFactory@4eba3b72
22:08:24.407 [FXGL Background Thread 2 ] DEBUG Engine               - stageStyle: DECORATED
22:08:24.407 [FXGL Background Thread 2 ] DEBUG Engine               - isManualResizeEnabled: false
22:08:24.408 [FXGL Background Thread 2 ] DEBUG Engine               - title: FriendMaker2077
22:08:24.408 [FXGL Background Thread 2 ] DEBUG Engine               - platform: WINDOWS
22:08:24.408 [FXGL Background Thread 2 ] DEBUG Engine               - devBBoxColorProperty: ObjectProperty [value: 0xff0000ff]
22:08:24.408 [FXGL Background Thread 2 ] DEBUG Engine               - gameDifficulty: MEDIUM
22:08:24.408 [FXGL Background Thread 2 ] DEBUG Engine               - isDesktop: true
22:08:24.408 [FXGL Background Thread 2 ] DEBUG Engine               - supportedLanguages: [ENGLISH, FRENCH, GERMAN, HUNGARIAN, RUSSIAN]
22:08:24.408 [FXGL Background Thread 2 ] DEBUG Engine               - credits: []
22:08:24.408 [FXGL Background Thread 2 ] DEBUG Engine               - globalMusicVolumeProperty: DoubleProperty [value: 0.5]
22:08:24.408 [FXGL Background Thread 2 ] DEBUG Engine               - isPreserveResizeRatio: false
22:08:24.408 [FXGL Background Thread 2 ] DEBUG Engine               - fontText: Courier-Prime.ttf
22:08:24.408 [FXGL Background Thread 2 ] DEBUG Engine               - isExperimentalTiledLargeMap: false
22:08:24.408 [FXGL Background Thread 2 ] DEBUG Engine               - secondsIn24h: 60
22:08:24.408 [FXGL Background Thread 2 ] DEBUG Engine               - runtimeInfo: RuntimeInfo(platform=WINDOWS, version=11.8, build=08.03.2020 09.25)
22:08:24.408 [FXGL Background Thread 2 ] DEBUG Engine               - isLinux: false
22:08:24.408 [FXGL Background Thread 2 ] DEBUG Engine               - soundMenuPress: menu/press.wav
22:08:24.408 [FXGL Background Thread 2 ] DEBUG Engine               - urlGithub: https://github.com/AlmasB/FXGL
22:08:24.408 [FXGL Background Thread 2 ] DEBUG Engine               - profileDir: profiles/
22:08:24.409 [FXGL Background Thread 2 ] DEBUG Engine               - isDeveloperMenuEnabled: false
22:08:24.409 [FXGL Background Thread 2 ] DEBUG Engine               - globalSoundVolumeProperty: DoubleProperty [value: 0.5]
22:08:24.409 [FXGL Background Thread 2 ] DEBUG Engine               - mainWindow: com.almasb.fxgl.app.MainWindow@4a85a67d
22:08:24.409 [FXGL Background Thread 2 ] DEBUG Engine               - isBrowser: false
22:08:24.409 [FXGL Background Thread 2 ] DEBUG Engine               - urlLeaderboard: http://fxgl-top.herokuapp.com/
22:08:24.409 [FXGL Background Thread 2 ] DEBUG Engine               - globalSoundVolume: 0.5
22:08:24.409 [FXGL Background Thread 2 ] DEBUG Engine               - engineServices: [class com.almasb.fxgl.app.GameApplication$GameApplicationService, class com.almasb.fxgl.app.services.WindowService, class com.almasb.fxgl.app.services.FXGLDialogService, class com.almasb.fxgl.app.services.IOTaskExecutorService, class com.almasb.fxgl.event.EventBusService, class com.almasb.fxgl.io.FileSystemService, class com.almasb.fxgl.localization.LocalizationService, class com.almasb.fxgl.app.services.AssetLoaderService, class com.almasb.fxgl.app.services.SystemBundleService, class com.almasb.fxgl.profile.SaveLoadService, class com.almasb.fxgl.ui.FXGLUIFactoryServiceProvider, class com.almasb.fxgl.ui.FXGLDialogFactoryServiceProvider, class com.almasb.fxgl.audio.AudioPlayer, class com.almasb.fxgl.notification.impl.NotificationServiceProvider, class com.almasb.fxgl.achievement.AchievementService, class com.almasb.fxgl.cutscene.CutsceneService, class com.almasb.fxgl.minigames.MiniGameService, class com.almasb.fxgl.net.NetService, class com.almasb.fxgl.app.services.UpdaterService]
22:08:24.409 [FXGL Background Thread 2 ] DEBUG Engine               - globalMusicVolume: 0.5
22:08:24.409 [FXGL Background Thread 2 ] DEBUG Engine               - width: 640
22:08:24.409 [FXGL Background Thread 2 ] DEBUG Engine               - saveFileExt: sav
22:08:24.409 [FXGL Background Thread 2 ] DEBUG Engine               - isAndroid: false
22:08:24.409 [FXGL Background Thread 2 ] DEBUG Engine               - fontUI: VarelaRound-Regular.ttf
22:08:24.409 [FXGL Background Thread 2 ] DEBUG Engine               - enabledMenuItems: [SAVE_LOAD, EXTRA, ONLINE]
22:08:24.409 [FXGL Background Thread 2 ] DEBUG Engine               - isIOS: false
22:08:24.409 [FXGL Background Thread 2 ] DEBUG Engine               - Logging services
22:08:24.410 [FXGL Background Thread 2 ] DEBUG Engine               - class com.almasb.fxgl.app.GameApplication$GameApplicationService
22:08:24.410 [FXGL Background Thread 2 ] DEBUG Engine               - class com.almasb.fxgl.app.services.WindowService
22:08:24.410 [FXGL Background Thread 2 ] DEBUG Engine               - class com.almasb.fxgl.app.services.FXGLDialogService
22:08:24.410 [FXGL Background Thread 2 ] DEBUG Engine               - class com.almasb.fxgl.app.services.IOTaskExecutorService
22:08:24.410 [FXGL Background Thread 2 ] DEBUG Engine               - class com.almasb.fxgl.event.EventBusService
22:08:24.410 [FXGL Background Thread 2 ] DEBUG Engine               - class com.almasb.fxgl.io.FileSystemService
22:08:24.410 [FXGL Background Thread 2 ] DEBUG Engine               - class com.almasb.fxgl.localization.LocalizationService
22:08:24.410 [FXGL Background Thread 2 ] DEBUG Engine               - class com.almasb.fxgl.app.services.AssetLoaderService
22:08:24.410 [FXGL Background Thread 2 ] DEBUG Engine               - class com.almasb.fxgl.app.services.SystemBundleService
22:08:24.410 [FXGL Background Thread 2 ] DEBUG Engine               - class com.almasb.fxgl.profile.SaveLoadService
22:08:24.410 [FXGL Background Thread 2 ] DEBUG Engine               - class com.almasb.fxgl.ui.FXGLUIFactoryServiceProvider
22:08:24.410 [FXGL Background Thread 2 ] DEBUG Engine               - class com.almasb.fxgl.ui.FXGLDialogFactoryServiceProvider
22:08:24.410 [FXGL Background Thread 2 ] DEBUG Engine               - class com.almasb.fxgl.audio.AudioPlayer
22:08:24.410 [FXGL Background Thread 2 ] DEBUG Engine               - class com.almasb.fxgl.notification.impl.NotificationServiceProvider
22:08:24.410 [FXGL Background Thread 2 ] DEBUG Engine               - class com.almasb.fxgl.achievement.AchievementService
22:08:24.410 [FXGL Background Thread 2 ] DEBUG Engine               - class com.almasb.fxgl.cutscene.CutsceneService
22:08:24.410 [FXGL Background Thread 2 ] DEBUG Engine               - class com.almasb.fxgl.minigames.MiniGameService
22:08:24.410 [FXGL Background Thread 2 ] DEBUG Engine               - class com.almasb.fxgl.net.NetService
22:08:24.410 [FXGL Background Thread 2 ] DEBUG Engine               - class com.almasb.fxgl.app.services.UpdaterService
22:08:26.634 [JavaFX Application Thread] DEBUG MainWindow           - Push state: CustomPauseMenu
22:08:26.635 [JavaFX Application Thread] DEBUG Input                - Clearing active input actions
22:08:26.636 [JavaFX Application Thread] DEBUG WindowService        - Removing overlay from GameScene and adding to CustomPauseMenu
22:08:26.637 [JavaFX Application Thread] DEBUG MainWindow           - GameScene -> CustomPauseMenu
22:08:28.505 [JavaFX Application Thread] DEBUG MainWindow           - Pop state: CustomPauseMenu
22:08:28.505 [JavaFX Application Thread] DEBUG Input                - Clearing active input actions
22:08:28.505 [JavaFX Application Thread] DEBUG WindowService        - Removing overlay from CustomPauseMenu and adding to GameScene
22:08:28.506 [JavaFX Application Thread] DEBUG MainWindow           - GameScene <- CustomPauseMenu
22:08:33.952 [JavaFX Application Thread] DEBUG MainWindow           - Push state: CustomPauseMenu
22:08:33.953 [JavaFX Application Thread] DEBUG Input                - Clearing active input actions
22:08:33.953 [JavaFX Application Thread] DEBUG WindowService        - Removing overlay from GameScene and adding to CustomPauseMenu
22:08:33.953 [JavaFX Application Thread] DEBUG MainWindow           - GameScene -> CustomPauseMenu
22:08:35.658 [JavaFX Application Thread] DEBUG MainWindow           - Pop state: CustomPauseMenu
22:08:35.658 [JavaFX Application Thread] DEBUG Input                - Clearing active input actions
22:08:35.658 [JavaFX Application Thread] DEBUG WindowService        - Removing overlay from CustomPauseMenu and adding to GameScene
22:08:35.658 [JavaFX Application Thread] DEBUG MainWindow           - GameScene <- CustomPauseMenu
22:08:50.282 [JavaFX Application Thread] DEBUG GameApplication      - Exiting FXGL
22:08:50.282 [JavaFX Application Thread] DEBUG LoopRunner           - Stopping loop
22:08:50.282 [JavaFX Application Thread] DEBUG SystemBundleService  - Saving FXGL system data
22:08:50.283 [JavaFX Application Thread] DEBUG FileSystemAccess     - Writing to: C:\Users\Adam Cunard\git\FriendMaker2077-07-03\Project\system\fxgl.bundle
22:08:50.285 [JavaFX Application Thread] DEBUG GameApplication      - Shutting down background threads
22:08:50.285 [JavaFX Application Thread] DEBUG GameApplication      - Closing logger and exiting JavaFX
