15:23:06.845 [main                     ] DEBUG GameApplication      - Logger initialized
15:23:06.854 [main                     ] DEBUG GameApplication      - Logging settings
Title: Basic Game App
Version: 0.1
Width: 640
Height: 640
Fullscreen: false
Intro: false
Menus: false
Profiling: false
Single step:false
App Mode: DEVELOPER
Menu Key: ESCAPE
Stage Style: DECORATED
Scene Factory: class com.almasb.fxgl.app.scene.SceneFactory

15:23:07.007 [JavaFX Application Thread] DEBUG GameApplication      - Initializing FXGL
15:23:07.012 [JavaFX Application Thread] INFO  Engine               - FXGL-11.8 (08.03.2020 09.25) on WINDOWS (J:13.0.2 FX:11.0.2)
15:23:07.012 [JavaFX Application Thread] INFO  Engine               - Source code and latest versions at: https://github.com/AlmasB/FXGL
15:23:07.013 [JavaFX Application Thread] INFO  Engine               -              Join the FXGL chat at: https://gitter.im/AlmasB/FXGL
15:23:07.072 [JavaFX Application Thread] DEBUG MainWindow           - Creating a JavaFX scene
15:23:07.100 [JavaFX Application Thread] DEBUG MainWindow           - Target settings size: 640.0 x 640.0
15:23:07.100 [JavaFX Application Thread] DEBUG MainWindow           - Scaled scene size:    640.0 x 640.0
15:23:07.100 [JavaFX Application Thread] DEBUG MainWindow           - Scaled ratio: (1.0, 1.0)
15:23:07.101 [JavaFX Application Thread] DEBUG MainWindow           - Set initial scene to FXGLStartupScene
15:23:07.104 [JavaFX Application Thread] DEBUG MainWindow           - Opening main window
15:23:07.154 [JavaFX Application Thread] DEBUG MainWindow           - Window border size: (16.0, 39.0)
15:23:07.154 [JavaFX Application Thread] DEBUG MainWindow           - Scaled size: 640.0 x 640.0
15:23:07.154 [JavaFX Application Thread] DEBUG MainWindow           - Scaled ratio: (1.0, 1.0)
15:23:07.155 [JavaFX Application Thread] DEBUG MainWindow           - Scene size: 640.0 x 640.0
15:23:07.155 [JavaFX Application Thread] DEBUG MainWindow           - Stage size: 656.0 x 679.0
15:23:07.159 [FXGL Background Thread 1 ] DEBUG Engine               - Initializing environment variables
15:23:07.174 [FXGL Background Thread 1 ] DEBUG WindowService        - Applying CSS: fxgl_dark.css
15:23:07.175 [FXGL Background Thread 1 ] DEBUG AssetLoaderService   - Loading from file system: /assets/ui/css/fxgl_dark.css
15:23:07.204 [FXGL Background Thread 1 ] DEBUG WindowService        - Initializing application scenes
15:23:07.222 [FXGL Background Thread 1 ] DEBUG GameWorld            - Game world initialized
15:23:07.245 [FXGL Background Thread 1 ] DEBUG PhysicsWorld         - Physics world initialized: appHeight=640, physics.ppm=50.0
15:23:07.247 [FXGL Background Thread 1 ] DEBUG GameScene            - Game scene initialized: 640x640
15:23:07.252 [FXGL Background Thread 1 ] DEBUG Input                - Registered new binding: Resume - Esc
15:23:07.255 [FXGL Background Thread 1 ] DEBUG AssetLoaderService   - Loading from file system: /assets/textures/pause_menu_bg.png
15:23:07.285 [FXGL Background Thread 1 ] DEBUG Input                - Registered new binding: Pause - Esc
15:23:07.285 [FXGL Background Thread 1 ] DEBUG WindowService        - Application scenes initialized
15:23:07.293 [FXGL Background Thread 1 ] DEBUG SystemBundleService  - Loading FXGL system data
15:23:07.296 [FXGL Background Thread 1 ] DEBUG FileSystemAccess     - Reading from: C:\Users\otinn\git\FriendMaker2077-07-03\Project\system\fxgl.bundle
15:23:07.301 [FXGL Background Thread 1 ] DEBUG SystemBundleService  - Bundle FXGL: {}
15:23:07.301 [FXGL Background Thread 1 ] INFO  Engine               - FXGL initialization took: 0.141 sec
15:23:07.302 [FXGL Background Thread 1 ] DEBUG GameApplication      - Loading localizations
15:23:07.302 [FXGL Background Thread 1 ] DEBUG AssetLoaderService   - Loading from file system: /assets/properties/languages/english.properties
15:23:07.303 [FXGL Background Thread 1 ] DEBUG AssetLoaderService   - Loading from file system: /assets/properties/languages/french.properties
15:23:07.304 [FXGL Background Thread 1 ] DEBUG AssetLoaderService   - Loading from file system: /assets/properties/languages/german.properties
15:23:07.305 [FXGL Background Thread 1 ] DEBUG AssetLoaderService   - Loading from file system: /assets/properties/languages/hungarian.properties
15:23:07.306 [FXGL Background Thread 1 ] DEBUG AssetLoaderService   - Loading from file system: /assets/properties/languages/russian.properties
15:23:07.307 [FXGL Background Thread 1 ] DEBUG GameApplication      - Registering font factories with UI factory
15:23:07.307 [FXGL Background Thread 1 ] DEBUG AssetLoaderService   - Loading from file system: /assets/ui/fonts/VarelaRound-Regular.ttf
15:23:07.412 [FXGL Background Thread 1 ] DEBUG AssetLoaderService   - Loading from file system: /assets/ui/fonts/Abel-Regular.ttf
15:23:07.418 [FXGL Background Thread 1 ] DEBUG AssetLoaderService   - Loading from file system: /assets/ui/fonts/lucida_console.ttf
15:23:07.426 [FXGL Background Thread 1 ] DEBUG AssetLoaderService   - Loading from file system: /assets/ui/fonts/Courier-Prime.ttf
15:23:07.433 [JavaFX Application Thread] DEBUG Input                - Registered new binding: Move Right - D
15:23:07.434 [JavaFX Application Thread] DEBUG Input                - Registered new binding: Move Left - A
15:23:07.434 [JavaFX Application Thread] DEBUG Input                - Registered new binding: Move Up - W
15:23:07.434 [JavaFX Application Thread] DEBUG Input                - Registered new binding: Move Down - S
15:23:07.434 [JavaFX Application Thread] DEBUG Input                - Registered new binding: Play Sound - F
15:23:07.434 [JavaFX Application Thread] DEBUG AssetLoaderService   - Loading from file system: /assets/textures/fxgl_icon.png
15:23:07.449 [JavaFX Application Thread] DEBUG AssetLoaderService   - Loading from file system: /assets/ui/cursors/fxgl_default.png
15:23:07.450 [JavaFX Application Thread] DEBUG Input                - Registered new binding: Screenshot - P
15:23:07.451 [JavaFX Application Thread] DEBUG Input                - Registered new binding: System info dump - CTRL+9
15:23:07.451 [JavaFX Application Thread] DEBUG Input                - Registered new binding: Restart - CTRL+R
15:23:07.451 [JavaFX Application Thread] DEBUG LoopRunner           - Starting loop
15:23:07.466 [JavaFX Application Thread] DEBUG FXGLStartupScene     - STARTUP
15:23:07.466 [JavaFX Application Thread] DEBUG WindowService        - Starting new game
15:23:07.467 [JavaFX Application Thread] DEBUG Input                - Clearing active input actions
15:23:07.475 [JavaFX Application Thread] DEBUG WindowService        - Removing overlay from FXGLStartupScene and adding to FXGLLoadingScene
15:23:07.475 [JavaFX Application Thread] DEBUG MainWindow           - FXGLStartupScene -> FXGLLoadingScene
15:23:07.476 [JavaFX Application Thread] DEBUG WindowService        - Clearing previous game
15:23:07.476 [JavaFX Application Thread] DEBUG GameScene            - Clearing game scene
15:23:07.476 [JavaFX Application Thread] DEBUG GameWorld            - Clearing game world
15:23:07.476 [JavaFX Application Thread] DEBUG PhysicsWorld         - Clearing physics world
15:23:07.477 [FXGL Background Thread 1 ] DEBUG GameApplication      - Initializing game
15:23:07.479 [FXGL Background Thread 1 ] DEBUG AssetLoaderService   - Loading from file system: /assets/textures/CharacterSprite.png
15:23:07.481 [FXGL Background Thread 1 ] DEBUG AssetLoaderService   - Loading from cache: /assets/textures/CharacterSprite.png
15:23:07.481 [FXGL Background Thread 1 ] DEBUG AssetLoaderService   - Loading from cache: /assets/textures/CharacterSprite.png
15:23:07.481 [FXGL Background Thread 1 ] DEBUG AssetLoaderService   - Loading from cache: /assets/textures/CharacterSprite.png
15:23:07.481 [FXGL Background Thread 1 ] DEBUG AssetLoaderService   - Loading from cache: /assets/textures/CharacterSprite.png
15:23:07.482 [FXGL Background Thread 1 ] DEBUG AssetLoaderService   - Loading from cache: /assets/textures/CharacterSprite.png
15:23:07.482 [FXGL Background Thread 1 ] DEBUG AssetLoaderService   - Loading from cache: /assets/textures/CharacterSprite.png
15:23:07.482 [FXGL Background Thread 1 ] DEBUG AssetLoaderService   - Loading from cache: /assets/textures/CharacterSprite.png
15:23:07.487 [FXGL Background Thread 1 ] DEBUG AssetLoaderService   - Loading from file system: /assets/textures/brick.png
15:23:07.488 [FXGL Background Thread 1 ] INFO  GameApplication      - Game initialization took: 0.012 sec
15:23:07.498 [JavaFX Application Thread] DEBUG Input                - Clearing active input actions
15:23:07.506 [JavaFX Application Thread] DEBUG WindowService        - Removing overlay from FXGLLoadingScene and adding to GameScene
15:23:07.506 [JavaFX Application Thread] DEBUG MainWindow           - FXGLLoadingScene -> GameScene
15:23:08.821 [JavaFX Application Thread] DEBUG GameApplication      - Exiting FXGL
15:23:08.821 [JavaFX Application Thread] DEBUG LoopRunner           - Stopping loop
15:23:08.822 [JavaFX Application Thread] DEBUG SystemBundleService  - Saving FXGL system data
15:23:08.823 [JavaFX Application Thread] DEBUG FileSystemAccess     - Writing to: C:\Users\otinn\git\FriendMaker2077-07-03\Project\system\fxgl.bundle
15:23:08.824 [JavaFX Application Thread] DEBUG GameApplication      - Shutting down background threads
15:23:08.824 [JavaFX Application Thread] DEBUG GameApplication      - Closing logger and exiting JavaFX
