22:02:22.021 [main                     ] DEBUG GameApplication      - Logger initialized
22:02:22.032 [main                     ] DEBUG GameApplication      - Logging settings
Title: FriendMaker2077
Version: 0.1
Width: 640
Height: 640
Fullscreen: false
Intro: false
Menus: false
Profiling: false
Single step:false
App Mode: DEVELOPER
Menu Key: ESCAPE
Stage Style: DECORATED
Scene Factory: class ui.MenuFactory

22:02:22.307 [JavaFX Application Thread] DEBUG GameApplication      - Initializing FXGL
22:02:22.313 [JavaFX Application Thread] INFO  Engine               - FXGL-11.8 (08.03.2020 09.25) on WINDOWS (J:13.0.2 FX:13.0.2)
22:02:22.313 [JavaFX Application Thread] INFO  Engine               - Source code and latest versions at: https://github.com/AlmasB/FXGL
22:02:22.313 [JavaFX Application Thread] INFO  Engine               -              Join the FXGL chat at: https://gitter.im/AlmasB/FXGL
22:02:22.383 [JavaFX Application Thread] DEBUG MainWindow           - Creating a JavaFX scene
22:02:22.413 [JavaFX Application Thread] DEBUG MainWindow           - Target settings size: 640.0 x 640.0
22:02:22.413 [JavaFX Application Thread] DEBUG MainWindow           - Scaled scene size:    640.0 x 640.0
22:02:22.413 [JavaFX Application Thread] DEBUG MainWindow           - Scaled ratio: (1.0, 1.0)
22:02:22.414 [JavaFX Application Thread] DEBUG MainWindow           - Set initial scene to FXGLStartupScene
22:02:22.418 [JavaFX Application Thread] DEBUG MainWindow           - Opening main window
22:02:22.489 [JavaFX Application Thread] DEBUG MainWindow           - Window border size: (16.0, 39.0)
22:02:22.490 [JavaFX Application Thread] DEBUG MainWindow           - Scaled size: 640.0 x 640.0
22:02:22.490 [JavaFX Application Thread] DEBUG MainWindow           - Scaled ratio: (1.0, 1.0)
22:02:22.490 [JavaFX Application Thread] DEBUG MainWindow           - Scene size: 640.0 x 640.0
22:02:22.490 [JavaFX Application Thread] DEBUG MainWindow           - Stage size: 656.0 x 679.0
22:02:22.495 [FXGL Background Thread 1 ] DEBUG Engine               - Initializing environment variables
22:02:22.511 [FXGL Background Thread 1 ] DEBUG WindowService        - Applying CSS: fxgl_dark.css
22:02:22.511 [FXGL Background Thread 1 ] DEBUG AssetLoaderService   - Loading from file system: /assets/ui/css/fxgl_dark.css
22:02:22.539 [FXGL Background Thread 1 ] DEBUG WindowService        - Initializing application scenes
22:02:22.560 [FXGL Background Thread 1 ] DEBUG GameWorld            - Game world initialized
22:02:22.581 [FXGL Background Thread 1 ] DEBUG PhysicsWorld         - Physics world initialized: appHeight=640, physics.ppm=50.0
22:02:22.583 [FXGL Background Thread 1 ] DEBUG GameScene            - Game scene initialized: 640x640
22:02:22.587 [FXGL Background Thread 1 ] DEBUG Input                - Registered new binding: Resume - Esc
22:02:22.596 [FXGL Background Thread 1 ] DEBUG Input                - Registered new binding: Pause - Esc
22:02:22.596 [FXGL Background Thread 1 ] DEBUG WindowService        - Application scenes initialized
22:02:22.602 [FXGL Background Thread 1 ] DEBUG SystemBundleService  - Loading FXGL system data
22:02:22.606 [FXGL Background Thread 1 ] DEBUG FileSystemAccess     - Reading from: C:\Users\Adam Cunard\git\FriendMaker2077-07-03\Project\system\fxgl.bundle
22:02:22.610 [FXGL Background Thread 1 ] DEBUG SystemBundleService  - Bundle FXGL: {}
22:02:22.611 [FXGL Background Thread 1 ] INFO  Engine               - FXGL initialization took: 0.114 sec
22:02:22.612 [FXGL Background Thread 1 ] DEBUG GameApplication      - Loading localizations
22:02:22.612 [FXGL Background Thread 1 ] DEBUG AssetLoaderService   - Loading from file system: /assets/properties/languages/english.properties
22:02:22.613 [FXGL Background Thread 1 ] DEBUG AssetLoaderService   - Loading from file system: /assets/properties/languages/french.properties
22:02:22.614 [FXGL Background Thread 1 ] DEBUG AssetLoaderService   - Loading from file system: /assets/properties/languages/german.properties
22:02:22.615 [FXGL Background Thread 1 ] DEBUG AssetLoaderService   - Loading from file system: /assets/properties/languages/hungarian.properties
22:02:22.616 [FXGL Background Thread 1 ] DEBUG AssetLoaderService   - Loading from file system: /assets/properties/languages/russian.properties
22:02:22.617 [FXGL Background Thread 1 ] DEBUG GameApplication      - Registering font factories with UI factory
22:02:22.617 [FXGL Background Thread 1 ] DEBUG AssetLoaderService   - Loading from file system: /assets/ui/fonts/VarelaRound-Regular.ttf
22:02:22.763 [FXGL Background Thread 1 ] DEBUG AssetLoaderService   - Loading from file system: /assets/ui/fonts/Abel-Regular.ttf
22:02:22.770 [FXGL Background Thread 1 ] DEBUG AssetLoaderService   - Loading from file system: /assets/ui/fonts/lucida_console.ttf
22:02:22.778 [FXGL Background Thread 1 ] DEBUG AssetLoaderService   - Loading from file system: /assets/ui/fonts/Courier-Prime.ttf
22:02:22.785 [JavaFX Application Thread] DEBUG Input                - Registered new binding: Move Right - D
22:02:22.786 [JavaFX Application Thread] DEBUG Input                - Registered new binding: Move Left - A
22:02:22.786 [JavaFX Application Thread] DEBUG Input                - Registered new binding: Move Up - W
22:02:22.786 [JavaFX Application Thread] DEBUG Input                - Registered new binding: Move Down - S
22:02:22.786 [JavaFX Application Thread] DEBUG Input                - Registered new binding: Play Sound - F
22:02:22.786 [JavaFX Application Thread] DEBUG AssetLoaderService   - Loading from file system: /assets/textures/fxgl_icon.png
22:02:22.812 [JavaFX Application Thread] DEBUG AssetLoaderService   - Loading from file system: /assets/ui/cursors/fxgl_default.png
22:02:22.815 [JavaFX Application Thread] DEBUG Input                - Registered new binding: Screenshot - P
22:02:22.815 [JavaFX Application Thread] DEBUG Input                - Registered new binding: System info dump - CTRL+9
22:02:22.815 [JavaFX Application Thread] DEBUG Input                - Registered new binding: Restart - CTRL+R
22:02:22.816 [JavaFX Application Thread] DEBUG LoopRunner           - Starting loop
22:02:22.826 [JavaFX Application Thread] DEBUG FXGLStartupScene     - STARTUP
22:02:22.826 [JavaFX Application Thread] DEBUG WindowService        - Starting new game
22:02:22.827 [JavaFX Application Thread] DEBUG Input                - Clearing active input actions
22:02:22.834 [JavaFX Application Thread] DEBUG WindowService        - Removing overlay from FXGLStartupScene and adding to FXGLLoadingScene
22:02:22.834 [JavaFX Application Thread] DEBUG MainWindow           - FXGLStartupScene -> FXGLLoadingScene
22:02:22.835 [JavaFX Application Thread] DEBUG WindowService        - Clearing previous game
22:02:22.835 [JavaFX Application Thread] DEBUG GameScene            - Clearing game scene
22:02:22.835 [JavaFX Application Thread] DEBUG GameWorld            - Clearing game world
22:02:22.835 [JavaFX Application Thread] DEBUG PhysicsWorld         - Clearing physics world
22:02:22.836 [FXGL Background Thread 1 ] DEBUG GameApplication      - Initializing game
22:02:22.841 [FXGL Background Thread 1 ] DEBUG AssetLoaderService   - Loading from file system: /assets/music/soundtrack.wav
22:02:22.939 [FXGL Background Thread 1 ] DEBUG AudioPlayer          - Playing music com.almasb.fxgl.audio.Music@7403babd
22:02:22.942 [FXGL Background Thread 1 ] DEBUG AssetLoaderService   - Loading from file system: /assets/textures/Room.png
22:02:22.960 [FXGL Background Thread 1 ] DEBUG AssetLoaderService   - Loading from cache: /assets/textures/Room.png
22:02:22.961 [FXGL Background Thread 1 ] DEBUG AssetLoaderService   - Loading from file system: /assets/textures/EmptyMap.png
22:02:23.082 [FXGL Background Thread 1 ] DEBUG AssetLoaderService   - Loading from file system: /assets/textures/player.png
22:02:23.083 [FXGL Background Thread 1 ] DEBUG AssetLoaderService   - Loading from cache: /assets/textures/player.png
22:02:23.083 [FXGL Background Thread 1 ] DEBUG AssetLoaderService   - Loading from cache: /assets/textures/player.png
22:02:23.083 [FXGL Background Thread 1 ] DEBUG AssetLoaderService   - Loading from cache: /assets/textures/player.png
22:02:23.083 [FXGL Background Thread 1 ] DEBUG AssetLoaderService   - Loading from cache: /assets/textures/player.png
22:02:23.083 [FXGL Background Thread 1 ] DEBUG AssetLoaderService   - Loading from cache: /assets/textures/player.png
22:02:23.084 [FXGL Background Thread 1 ] DEBUG AssetLoaderService   - Loading from file system: /assets/textures/bbox.png
22:02:23.087 [FXGL Background Thread 1 ] DEBUG AssetLoaderService   - Loading from file system: /assets/textures/froggysprite.png
22:02:23.087 [FXGL Background Thread 1 ] DEBUG AssetLoaderService   - Loading from cache: /assets/textures/froggysprite.png
22:02:23.088 [FXGL Background Thread 1 ] DEBUG AssetLoaderService   - Loading from cache: /assets/textures/froggysprite.png
22:02:23.088 [FXGL Background Thread 1 ] DEBUG AssetLoaderService   - Loading from cache: /assets/textures/bbox.png
22:02:23.089 [FXGL Background Thread 1 ] DEBUG AssetLoaderService   - Loading from file system: /assets/textures/bush.png
22:02:23.090 [FXGL Background Thread 1 ] DEBUG AssetLoaderService   - Loading from cache: /assets/textures/bush.png
22:02:23.090 [FXGL Background Thread 1 ] DEBUG AssetLoaderService   - Loading from file system: /assets/textures/rock.png
22:02:23.091 [FXGL Background Thread 1 ] DEBUG AssetLoaderService   - Loading from cache: /assets/textures/rock.png
22:02:23.092 [FXGL Background Thread 1 ] DEBUG AssetLoaderService   - Loading from file system: /assets/textures/tree.png
22:02:23.093 [FXGL Background Thread 1 ] DEBUG AssetLoaderService   - Loading from cache: /assets/textures/bush.png
22:02:23.093 [FXGL Background Thread 1 ] DEBUG AssetLoaderService   - Loading from cache: /assets/textures/tree.png
22:02:23.094 [FXGL Background Thread 1 ] DEBUG AssetLoaderService   - Loading from cache: /assets/textures/bush.png
22:02:23.094 [FXGL Background Thread 1 ] DEBUG AssetLoaderService   - Loading from file system: /assets/textures/appletree.png
22:02:23.095 [FXGL Background Thread 1 ] DEBUG AssetLoaderService   - Loading from cache: /assets/textures/bush.png
22:02:23.096 [FXGL Background Thread 1 ] DEBUG AssetLoaderService   - Loading from cache: /assets/textures/tree.png
22:02:23.096 [FXGL Background Thread 1 ] DEBUG AssetLoaderService   - Loading from cache: /assets/textures/bush.png
22:02:23.097 [FXGL Background Thread 1 ] DEBUG AssetLoaderService   - Loading from cache: /assets/textures/appletree.png
22:02:23.097 [FXGL Background Thread 1 ] DEBUG AssetLoaderService   - Loading from cache: /assets/textures/bush.png
22:02:23.098 [FXGL Background Thread 1 ] DEBUG AssetLoaderService   - Loading from cache: /assets/textures/appletree.png
22:02:23.098 [FXGL Background Thread 1 ] DEBUG AssetLoaderService   - Loading from cache: /assets/textures/bush.png
22:02:23.099 [FXGL Background Thread 1 ] DEBUG AssetLoaderService   - Loading from cache: /assets/textures/tree.png
22:02:23.099 [FXGL Background Thread 1 ] DEBUG AssetLoaderService   - Loading from cache: /assets/textures/bush.png
22:02:23.099 [FXGL Background Thread 1 ] DEBUG AssetLoaderService   - Loading from cache: /assets/textures/tree.png
22:02:23.100 [FXGL Background Thread 1 ] DEBUG AssetLoaderService   - Loading from cache: /assets/textures/bush.png
22:02:23.100 [FXGL Background Thread 1 ] DEBUG AssetLoaderService   - Loading from cache: /assets/textures/tree.png
22:02:23.101 [FXGL Background Thread 1 ] DEBUG AssetLoaderService   - Loading from cache: /assets/textures/bush.png
22:02:23.101 [FXGL Background Thread 1 ] DEBUG AssetLoaderService   - Loading from cache: /assets/textures/bush.png
22:02:23.101 [FXGL Background Thread 1 ] DEBUG AssetLoaderService   - Loading from cache: /assets/textures/tree.png
22:02:23.102 [FXGL Background Thread 1 ] DEBUG AssetLoaderService   - Loading from cache: /assets/textures/tree.png
22:02:23.102 [FXGL Background Thread 1 ] DEBUG AssetLoaderService   - Loading from cache: /assets/textures/tree.png
22:02:23.103 [FXGL Background Thread 1 ] DEBUG AssetLoaderService   - Loading from cache: /assets/textures/bush.png
22:02:23.103 [FXGL Background Thread 1 ] DEBUG AssetLoaderService   - Loading from cache: /assets/textures/tree.png
22:02:23.104 [FXGL Background Thread 1 ] DEBUG AssetLoaderService   - Loading from cache: /assets/textures/bush.png
22:02:23.104 [FXGL Background Thread 1 ] DEBUG AssetLoaderService   - Loading from cache: /assets/textures/appletree.png
22:02:23.105 [FXGL Background Thread 1 ] DEBUG AssetLoaderService   - Loading from cache: /assets/textures/bush.png
22:02:23.105 [FXGL Background Thread 1 ] DEBUG AssetLoaderService   - Loading from cache: /assets/textures/tree.png
22:02:23.106 [FXGL Background Thread 1 ] DEBUG AssetLoaderService   - Loading from cache: /assets/textures/bush.png
22:02:23.107 [FXGL Background Thread 1 ] DEBUG AssetLoaderService   - Loading from cache: /assets/textures/appletree.png
22:02:23.107 [FXGL Background Thread 1 ] DEBUG AssetLoaderService   - Loading from cache: /assets/textures/bush.png
22:02:23.108 [FXGL Background Thread 1 ] DEBUG AssetLoaderService   - Loading from cache: /assets/textures/appletree.png
22:02:23.108 [FXGL Background Thread 1 ] DEBUG AssetLoaderService   - Loading from cache: /assets/textures/appletree.png
22:02:23.108 [FXGL Background Thread 1 ] DEBUG AssetLoaderService   - Loading from cache: /assets/textures/appletree.png
22:02:23.109 [FXGL Background Thread 1 ] DEBUG AssetLoaderService   - Loading from cache: /assets/textures/appletree.png
22:02:23.109 [FXGL Background Thread 1 ] DEBUG AssetLoaderService   - Loading from cache: /assets/textures/appletree.png
22:02:23.110 [FXGL Background Thread 1 ] DEBUG AssetLoaderService   - Loading from cache: /assets/textures/tree.png
22:02:23.110 [FXGL Background Thread 1 ] DEBUG AssetLoaderService   - Loading from cache: /assets/textures/tree.png
22:02:23.110 [FXGL Background Thread 1 ] DEBUG AssetLoaderService   - Loading from cache: /assets/textures/appletree.png
22:02:23.111 [FXGL Background Thread 1 ] DEBUG AssetLoaderService   - Loading from cache: /assets/textures/bush.png
22:02:23.111 [FXGL Background Thread 1 ] DEBUG AssetLoaderService   - Loading from cache: /assets/textures/appletree.png
22:02:23.112 [FXGL Background Thread 1 ] DEBUG AssetLoaderService   - Loading from cache: /assets/textures/bush.png
22:02:23.112 [FXGL Background Thread 1 ] DEBUG AssetLoaderService   - Loading from cache: /assets/textures/rock.png
22:02:23.113 [FXGL Background Thread 1 ] DEBUG AssetLoaderService   - Loading from cache: /assets/textures/tree.png
22:02:23.113 [FXGL Background Thread 1 ] DEBUG AssetLoaderService   - Loading from cache: /assets/textures/rock.png
22:02:23.113 [FXGL Background Thread 1 ] DEBUG AssetLoaderService   - Loading from cache: /assets/textures/appletree.png
22:02:23.114 [FXGL Background Thread 1 ] DEBUG AssetLoaderService   - Loading from cache: /assets/textures/appletree.png
22:02:23.114 [FXGL Background Thread 1 ] DEBUG AssetLoaderService   - Loading from file system: /assets/textures/lighthouse.png
22:02:23.115 [FXGL Background Thread 1 ] DEBUG AssetLoaderService   - Loading from file system: /assets/textures/greenhouse.png
22:02:23.116 [FXGL Background Thread 1 ] DEBUG AssetLoaderService   - Loading from file system: /assets/textures/bluehouse.png
22:02:23.117 [FXGL Background Thread 1 ] DEBUG AssetLoaderService   - Loading from file system: /assets/textures/redhouse.png
22:02:23.118 [FXGL Background Thread 1 ] DEBUG AssetLoaderService   - Loading from cache: /assets/textures/redhouse.png
22:02:23.119 [FXGL Background Thread 1 ] DEBUG AssetLoaderService   - Loading from cache: /assets/textures/bluehouse.png
22:02:23.119 [FXGL Background Thread 1 ] DEBUG AssetLoaderService   - Loading from cache: /assets/textures/bluehouse.png
22:02:23.119 [FXGL Background Thread 1 ] DEBUG AssetLoaderService   - Loading from cache: /assets/textures/redhouse.png
22:02:23.120 [FXGL Background Thread 1 ] DEBUG AssetLoaderService   - Loading from cache: /assets/textures/bluehouse.png
22:02:23.120 [FXGL Background Thread 1 ] DEBUG AssetLoaderService   - Loading from cache: /assets/textures/redhouse.png
22:02:23.121 [FXGL Background Thread 1 ] DEBUG AssetLoaderService   - Loading from cache: /assets/textures/lighthouse.png
22:02:23.121 [FXGL Background Thread 1 ] DEBUG AssetLoaderService   - Loading from cache: /assets/textures/greenhouse.png
22:02:23.122 [FXGL Background Thread 1 ] INFO  GameApplication      - Game initialization took: 0.285 sec
22:02:23.124 [JavaFX Application Thread] DEBUG Input                - Clearing active input actions
22:02:23.145 [JavaFX Application Thread] DEBUG WindowService        - Removing overlay from FXGLLoadingScene and adding to GameScene
22:02:23.145 [JavaFX Application Thread] DEBUG MainWindow           - FXGLLoadingScene -> GameScene
22:02:25.080 [JavaFX Application Thread] DEBUG AssetLoaderService   - Loading from file system: /assets/sounds/bump.wav
22:02:25.613 [FXGL Background Thread 2 ] DEBUG Engine               - Logging environment variables
22:02:25.613 [FXGL Background Thread 2 ] DEBUG Engine               - achievements: []
22:02:25.613 [FXGL Background Thread 2 ] DEBUG Engine               - language: ObjectProperty [value: ENGLISH]
22:02:25.613 [FXGL Background Thread 2 ] DEBUG Engine               - isCloseConfirmation: false
22:02:25.613 [FXGL Background Thread 2 ] DEBUG Engine               - isProfilingEnabled: false
22:02:25.613 [FXGL Background Thread 2 ] DEBUG Engine               - soundNotification: core/notification.wav
22:02:25.613 [FXGL Background Thread 2 ] DEBUG Engine               - devShowBBoxProperty: BooleanProperty [value: false]
22:02:25.613 [FXGL Background Thread 2 ] DEBUG Engine               - pixelsPerMeter: 50.0
22:02:25.613 [FXGL Background Thread 2 ] DEBUG Engine               - soundMenuBack: menu/back.wav
22:02:25.613 [FXGL Background Thread 2 ] DEBUG Engine               - appIcon: fxgl_icon.png
22:02:25.613 [FXGL Background Thread 2 ] DEBUG Engine               - isFullScreenAllowed: false
22:02:25.613 [FXGL Background Thread 2 ] DEBUG Engine               - isIntroEnabled: false
22:02:25.614 [FXGL Background Thread 2 ] DEBUG Engine               - fontMono: lucida_console.ttf
22:02:25.614 [FXGL Background Thread 2 ] DEBUG Engine               - soundMenuSelect: menu/select.wav
22:02:25.614 [FXGL Background Thread 2 ] DEBUG Engine               - isWindows: true
22:02:25.614 [FXGL Background Thread 2 ] DEBUG Engine               - isMobile: false
22:02:25.614 [FXGL Background Thread 2 ] DEBUG Engine               - isUserProfileEnabled: false
22:02:25.614 [FXGL Background Thread 2 ] DEBUG Engine               - height: 640
22:02:25.614 [FXGL Background Thread 2 ] DEBUG Engine               - isExperimentalNative: false
22:02:25.614 [FXGL Background Thread 2 ] DEBUG Engine               - settings: Title: FriendMaker2077
Version: 0.1
Width: 640
Height: 640
Fullscreen: false
Intro: false
Menus: false
Profiling: false
Single step:false
App Mode: DEVELOPER
Menu Key: ESCAPE
Stage Style: DECORATED
Scene Factory: class ui.MenuFactory

22:02:25.614 [FXGL Background Thread 2 ] DEBUG Engine               - isSingleStep: false
22:02:25.614 [FXGL Background Thread 2 ] DEBUG Engine               - cSSList: [fxgl_dark.css]
22:02:25.614 [FXGL Background Thread 2 ] DEBUG Engine               - fontGame: Abel-Regular.ttf
22:02:25.614 [FXGL Background Thread 2 ] DEBUG Engine               - menuKey: ESCAPE
22:02:25.614 [FXGL Background Thread 2 ] DEBUG Engine               - devShowPositionProperty: BooleanProperty [value: false]
22:02:25.614 [FXGL Background Thread 2 ] DEBUG Engine               - versionCheckDays: 7
22:02:25.615 [FXGL Background Thread 2 ] DEBUG Engine               - configClass: Optional.empty
22:02:25.615 [FXGL Background Thread 2 ] DEBUG Engine               - isFullScreenFromStart: false
22:02:25.615 [FXGL Background Thread 2 ] DEBUG Engine               - version: 0.1
22:02:25.615 [FXGL Background Thread 2 ] DEBUG Engine               - fullScreen: BooleanProperty [value: false]
22:02:25.615 [FXGL Background Thread 2 ] DEBUG Engine               - randomSeed: -1
22:02:25.615 [FXGL Background Thread 2 ] DEBUG Engine               - gameDifficultyProperty: ObjectProperty [value: MEDIUM]
22:02:25.615 [FXGL Background Thread 2 ] DEBUG Engine               - applicationMode: DEVELOPER
22:02:25.615 [FXGL Background Thread 2 ] DEBUG Engine               - isMac: false
22:02:25.615 [FXGL Background Thread 2 ] DEBUG Engine               - isMenuEnabled: false
22:02:25.615 [FXGL Background Thread 2 ] DEBUG Engine               - profileName: StringProperty [value: DEFAULT]
22:02:25.615 [FXGL Background Thread 2 ] DEBUG Engine               - urlPOM: https://raw.githubusercontent.com/AlmasB/FXGL/master/pom.xml
22:02:25.615 [FXGL Background Thread 2 ] DEBUG Engine               - notificationViewClass: class com.almasb.fxgl.notification.view.XboxNotificationView
22:02:25.615 [FXGL Background Thread 2 ] DEBUG Engine               - devSensorColorProperty: ObjectProperty [value: 0xffff00ff]
22:02:25.615 [FXGL Background Thread 2 ] DEBUG Engine               - sceneFactory: ui.MenuFactory@6379fd38
22:02:25.615 [FXGL Background Thread 2 ] DEBUG Engine               - stageStyle: DECORATED
22:02:25.616 [FXGL Background Thread 2 ] DEBUG Engine               - isManualResizeEnabled: false
22:02:25.616 [FXGL Background Thread 2 ] DEBUG Engine               - title: FriendMaker2077
22:02:25.616 [FXGL Background Thread 2 ] DEBUG Engine               - platform: WINDOWS
22:02:25.616 [FXGL Background Thread 2 ] DEBUG Engine               - devBBoxColorProperty: ObjectProperty [value: 0xff0000ff]
22:02:25.616 [FXGL Background Thread 2 ] DEBUG Engine               - gameDifficulty: MEDIUM
22:02:25.616 [FXGL Background Thread 2 ] DEBUG Engine               - isDesktop: true
22:02:25.616 [FXGL Background Thread 2 ] DEBUG Engine               - supportedLanguages: [ENGLISH, FRENCH, GERMAN, HUNGARIAN, RUSSIAN]
22:02:25.616 [FXGL Background Thread 2 ] DEBUG Engine               - globalMusicVolumeProperty: DoubleProperty [value: 0.5]
22:02:25.616 [FXGL Background Thread 2 ] DEBUG Engine               - credits: []
22:02:25.616 [FXGL Background Thread 2 ] DEBUG Engine               - isPreserveResizeRatio: false
22:02:25.616 [FXGL Background Thread 2 ] DEBUG Engine               - fontText: Courier-Prime.ttf
22:02:25.616 [FXGL Background Thread 2 ] DEBUG Engine               - isExperimentalTiledLargeMap: false
22:02:25.616 [FXGL Background Thread 2 ] DEBUG Engine               - secondsIn24h: 60
22:02:25.616 [FXGL Background Thread 2 ] DEBUG Engine               - runtimeInfo: RuntimeInfo(platform=WINDOWS, version=11.8, build=08.03.2020 09.25)
22:02:25.616 [FXGL Background Thread 2 ] DEBUG Engine               - isLinux: false
22:02:25.616 [FXGL Background Thread 2 ] DEBUG Engine               - soundMenuPress: menu/press.wav
22:02:25.616 [FXGL Background Thread 2 ] DEBUG Engine               - urlGithub: https://github.com/AlmasB/FXGL
22:02:25.617 [FXGL Background Thread 2 ] DEBUG Engine               - profileDir: profiles/
22:02:25.617 [FXGL Background Thread 2 ] DEBUG Engine               - isDeveloperMenuEnabled: false
22:02:25.617 [FXGL Background Thread 2 ] DEBUG Engine               - globalSoundVolumeProperty: DoubleProperty [value: 0.5]
22:02:25.617 [FXGL Background Thread 2 ] DEBUG Engine               - mainWindow: com.almasb.fxgl.app.MainWindow@6746658f
22:02:25.617 [FXGL Background Thread 2 ] DEBUG Engine               - isBrowser: false
22:02:25.617 [FXGL Background Thread 2 ] DEBUG Engine               - globalSoundVolume: 0.5
22:02:25.617 [FXGL Background Thread 2 ] DEBUG Engine               - urlLeaderboard: http://fxgl-top.herokuapp.com/
22:02:25.617 [FXGL Background Thread 2 ] DEBUG Engine               - engineServices: [class com.almasb.fxgl.app.GameApplication$GameApplicationService, class com.almasb.fxgl.app.services.WindowService, class com.almasb.fxgl.app.services.FXGLDialogService, class com.almasb.fxgl.app.services.IOTaskExecutorService, class com.almasb.fxgl.event.EventBusService, class com.almasb.fxgl.io.FileSystemService, class com.almasb.fxgl.localization.LocalizationService, class com.almasb.fxgl.app.services.AssetLoaderService, class com.almasb.fxgl.app.services.SystemBundleService, class com.almasb.fxgl.profile.SaveLoadService, class com.almasb.fxgl.ui.FXGLUIFactoryServiceProvider, class com.almasb.fxgl.ui.FXGLDialogFactoryServiceProvider, class com.almasb.fxgl.audio.AudioPlayer, class com.almasb.fxgl.notification.impl.NotificationServiceProvider, class com.almasb.fxgl.achievement.AchievementService, class com.almasb.fxgl.cutscene.CutsceneService, class com.almasb.fxgl.minigames.MiniGameService, class com.almasb.fxgl.net.NetService, class com.almasb.fxgl.app.services.UpdaterService]
22:02:25.617 [FXGL Background Thread 2 ] DEBUG Engine               - globalMusicVolume: 0.5
22:02:25.617 [FXGL Background Thread 2 ] DEBUG Engine               - width: 640
22:02:25.617 [FXGL Background Thread 2 ] DEBUG Engine               - saveFileExt: sav
22:02:25.617 [FXGL Background Thread 2 ] DEBUG Engine               - isAndroid: false
22:02:25.617 [FXGL Background Thread 2 ] DEBUG Engine               - fontUI: VarelaRound-Regular.ttf
22:02:25.617 [FXGL Background Thread 2 ] DEBUG Engine               - enabledMenuItems: [SAVE_LOAD, EXTRA, ONLINE]
22:02:25.617 [FXGL Background Thread 2 ] DEBUG Engine               - isIOS: false
22:02:25.618 [FXGL Background Thread 2 ] DEBUG Engine               - Logging services
22:02:25.618 [FXGL Background Thread 2 ] DEBUG Engine               - class com.almasb.fxgl.app.GameApplication$GameApplicationService
22:02:25.618 [FXGL Background Thread 2 ] DEBUG Engine               - class com.almasb.fxgl.app.services.WindowService
22:02:25.618 [FXGL Background Thread 2 ] DEBUG Engine               - class com.almasb.fxgl.app.services.FXGLDialogService
22:02:25.618 [FXGL Background Thread 2 ] DEBUG Engine               - class com.almasb.fxgl.app.services.IOTaskExecutorService
22:02:25.618 [FXGL Background Thread 2 ] DEBUG Engine               - class com.almasb.fxgl.event.EventBusService
22:02:25.618 [FXGL Background Thread 2 ] DEBUG Engine               - class com.almasb.fxgl.io.FileSystemService
22:02:25.618 [FXGL Background Thread 2 ] DEBUG Engine               - class com.almasb.fxgl.localization.LocalizationService
22:02:25.618 [FXGL Background Thread 2 ] DEBUG Engine               - class com.almasb.fxgl.app.services.AssetLoaderService
22:02:25.618 [FXGL Background Thread 2 ] DEBUG Engine               - class com.almasb.fxgl.app.services.SystemBundleService
22:02:25.618 [FXGL Background Thread 2 ] DEBUG Engine               - class com.almasb.fxgl.profile.SaveLoadService
22:02:25.618 [FXGL Background Thread 2 ] DEBUG Engine               - class com.almasb.fxgl.ui.FXGLUIFactoryServiceProvider
22:02:25.618 [FXGL Background Thread 2 ] DEBUG Engine               - class com.almasb.fxgl.ui.FXGLDialogFactoryServiceProvider
22:02:25.618 [FXGL Background Thread 2 ] DEBUG Engine               - class com.almasb.fxgl.audio.AudioPlayer
22:02:25.618 [FXGL Background Thread 2 ] DEBUG Engine               - class com.almasb.fxgl.notification.impl.NotificationServiceProvider
22:02:25.618 [FXGL Background Thread 2 ] DEBUG Engine               - class com.almasb.fxgl.achievement.AchievementService
22:02:25.618 [FXGL Background Thread 2 ] DEBUG Engine               - class com.almasb.fxgl.cutscene.CutsceneService
22:02:25.618 [FXGL Background Thread 2 ] DEBUG Engine               - class com.almasb.fxgl.minigames.MiniGameService
22:02:25.618 [FXGL Background Thread 2 ] DEBUG Engine               - class com.almasb.fxgl.net.NetService
22:02:25.618 [FXGL Background Thread 2 ] DEBUG Engine               - class com.almasb.fxgl.app.services.UpdaterService
22:02:28.373 [JavaFX Application Thread] DEBUG MainWindow           - Push state: CustomPauseMenu
22:02:28.373 [JavaFX Application Thread] DEBUG Input                - Clearing active input actions
22:02:28.375 [JavaFX Application Thread] DEBUG WindowService        - Removing overlay from GameScene and adding to CustomPauseMenu
22:02:28.376 [JavaFX Application Thread] DEBUG MainWindow           - GameScene -> CustomPauseMenu
22:02:29.959 [JavaFX Application Thread] DEBUG MainWindow           - Pop state: CustomPauseMenu
22:02:29.959 [JavaFX Application Thread] DEBUG Input                - Clearing active input actions
22:02:29.959 [JavaFX Application Thread] DEBUG WindowService        - Removing overlay from CustomPauseMenu and adding to GameScene
22:02:29.959 [JavaFX Application Thread] DEBUG MainWindow           - GameScene <- CustomPauseMenu
22:02:32.073 [JavaFX Application Thread] DEBUG MainWindow           - Push state: CustomPauseMenu
22:02:32.073 [JavaFX Application Thread] DEBUG Input                - Clearing active input actions
22:02:32.073 [JavaFX Application Thread] DEBUG WindowService        - Removing overlay from GameScene and adding to CustomPauseMenu
22:02:32.073 [JavaFX Application Thread] DEBUG MainWindow           - GameScene -> CustomPauseMenu
22:02:33.543 [JavaFX Application Thread] DEBUG MainWindow           - Pop state: CustomPauseMenu
22:02:33.543 [JavaFX Application Thread] DEBUG Input                - Clearing active input actions
22:02:33.543 [JavaFX Application Thread] DEBUG WindowService        - Removing overlay from CustomPauseMenu and adding to GameScene
22:02:33.543 [JavaFX Application Thread] DEBUG MainWindow           - GameScene <- CustomPauseMenu
22:02:37.871 [JavaFX Application Thread] DEBUG GameApplication      - Exiting FXGL
22:02:37.871 [JavaFX Application Thread] DEBUG LoopRunner           - Stopping loop
22:02:37.871 [JavaFX Application Thread] DEBUG SystemBundleService  - Saving FXGL system data
22:02:37.872 [JavaFX Application Thread] DEBUG FileSystemAccess     - Writing to: C:\Users\Adam Cunard\git\FriendMaker2077-07-03\Project\system\fxgl.bundle
22:02:37.874 [JavaFX Application Thread] DEBUG GameApplication      - Shutting down background threads
22:02:37.874 [JavaFX Application Thread] DEBUG GameApplication      - Closing logger and exiting JavaFX
