12:12:43.906 [main                     ] DEBUG GameApplication      - Logger initialized
12:12:43.916 [main                     ] DEBUG GameApplication      - Logging settings
Title: FriendMaker2077
Version: 0.1
Width: 640
Height: 640
Fullscreen: false
Intro: false
Menus: false
Profiling: false
Single step:false
App Mode: DEVELOPER
Menu Key: ESCAPE
Stage Style: DECORATED
Scene Factory: class ui.MenuFactory

12:12:44.071 [JavaFX Application Thread] DEBUG GameApplication      - Initializing FXGL
12:12:44.076 [JavaFX Application Thread] INFO  Engine               - FXGL-11.8 (08.03.2020 09.25) on WINDOWS (J:13.0.2 FX:11.0.2)
12:12:44.076 [JavaFX Application Thread] INFO  Engine               - Source code and latest versions at: https://github.com/AlmasB/FXGL
12:12:44.076 [JavaFX Application Thread] INFO  Engine               -              Join the FXGL chat at: https://gitter.im/AlmasB/FXGL
12:12:44.139 [JavaFX Application Thread] DEBUG MainWindow           - Creating a JavaFX scene
12:12:44.168 [JavaFX Application Thread] DEBUG MainWindow           - Target settings size: 640.0 x 640.0
12:12:44.168 [JavaFX Application Thread] DEBUG MainWindow           - Scaled scene size:    640.0 x 640.0
12:12:44.168 [JavaFX Application Thread] DEBUG MainWindow           - Scaled ratio: (1.0, 1.0)
12:12:44.169 [JavaFX Application Thread] DEBUG MainWindow           - Set initial scene to FXGLStartupScene
12:12:44.172 [JavaFX Application Thread] DEBUG MainWindow           - Opening main window
12:12:44.225 [JavaFX Application Thread] DEBUG MainWindow           - Window border size: (16.0, 39.0)
12:12:44.225 [JavaFX Application Thread] DEBUG MainWindow           - Scaled size: 640.0 x 640.0
12:12:44.225 [JavaFX Application Thread] DEBUG MainWindow           - Scaled ratio: (1.0, 1.0)
12:12:44.225 [JavaFX Application Thread] DEBUG MainWindow           - Scene size: 640.0 x 640.0
12:12:44.226 [JavaFX Application Thread] DEBUG MainWindow           - Stage size: 656.0 x 679.0
12:12:44.230 [FXGL Background Thread 1 ] DEBUG Engine               - Initializing environment variables
12:12:44.246 [FXGL Background Thread 1 ] DEBUG WindowService        - Applying CSS: fxgl_dark.css
12:12:44.247 [FXGL Background Thread 1 ] DEBUG AssetLoaderService   - Loading from file system: /assets/ui/css/fxgl_dark.css
12:12:44.275 [FXGL Background Thread 1 ] DEBUG WindowService        - Initializing application scenes
12:12:44.295 [FXGL Background Thread 1 ] DEBUG GameWorld            - Game world initialized
12:12:44.320 [FXGL Background Thread 1 ] DEBUG PhysicsWorld         - Physics world initialized: appHeight=640, physics.ppm=50.0
12:12:44.322 [FXGL Background Thread 1 ] DEBUG GameScene            - Game scene initialized: 640x640
12:12:44.328 [FXGL Background Thread 1 ] DEBUG Input                - Registered new binding: Resume - Esc
12:12:44.336 [FXGL Background Thread 1 ] DEBUG Input                - Registered new binding: Pause - Esc
12:12:44.337 [FXGL Background Thread 1 ] DEBUG WindowService        - Application scenes initialized
12:12:44.344 [FXGL Background Thread 1 ] DEBUG SystemBundleService  - Loading FXGL system data
12:12:44.347 [FXGL Background Thread 1 ] DEBUG FileSystemAccess     - Reading from: C:\Users\otinn\git\FriendMaker2077-07-03\Project\system\fxgl.bundle
12:12:44.353 [FXGL Background Thread 1 ] DEBUG SystemBundleService  - Bundle FXGL: {}
12:12:44.353 [FXGL Background Thread 1 ] INFO  Engine               - FXGL initialization took: 0.122 sec
12:12:44.354 [FXGL Background Thread 1 ] DEBUG GameApplication      - Loading localizations
12:12:44.355 [FXGL Background Thread 1 ] DEBUG AssetLoaderService   - Loading from file system: /assets/properties/languages/english.properties
12:12:44.356 [FXGL Background Thread 1 ] DEBUG AssetLoaderService   - Loading from file system: /assets/properties/languages/french.properties
12:12:44.358 [FXGL Background Thread 1 ] DEBUG AssetLoaderService   - Loading from file system: /assets/properties/languages/german.properties
12:12:44.359 [FXGL Background Thread 1 ] DEBUG AssetLoaderService   - Loading from file system: /assets/properties/languages/hungarian.properties
12:12:44.360 [FXGL Background Thread 1 ] DEBUG AssetLoaderService   - Loading from file system: /assets/properties/languages/russian.properties
12:12:44.361 [FXGL Background Thread 1 ] DEBUG GameApplication      - Registering font factories with UI factory
12:12:44.361 [FXGL Background Thread 1 ] DEBUG AssetLoaderService   - Loading from file system: /assets/ui/fonts/VarelaRound-Regular.ttf
12:12:44.476 [FXGL Background Thread 1 ] DEBUG AssetLoaderService   - Loading from file system: /assets/ui/fonts/Abel-Regular.ttf
12:12:44.483 [FXGL Background Thread 1 ] DEBUG AssetLoaderService   - Loading from file system: /assets/ui/fonts/lucida_console.ttf
12:12:44.491 [FXGL Background Thread 1 ] DEBUG AssetLoaderService   - Loading from file system: /assets/ui/fonts/Courier-Prime.ttf
12:12:44.499 [JavaFX Application Thread] DEBUG Input                - Registered new binding: Move Right - D
12:12:44.500 [JavaFX Application Thread] DEBUG Input                - Registered new binding: Move Left - A
12:12:44.500 [JavaFX Application Thread] DEBUG Input                - Registered new binding: Move Up - W
12:12:44.500 [JavaFX Application Thread] DEBUG Input                - Registered new binding: Move Down - S
12:12:44.500 [JavaFX Application Thread] DEBUG Input                - Registered new binding: Play Sound - F
12:12:44.500 [JavaFX Application Thread] DEBUG AssetLoaderService   - Loading from file system: /assets/textures/fxgl_icon.png
12:12:44.530 [JavaFX Application Thread] DEBUG AssetLoaderService   - Loading from file system: /assets/ui/cursors/fxgl_default.png
12:12:44.532 [JavaFX Application Thread] DEBUG Input                - Registered new binding: Screenshot - P
12:12:44.532 [JavaFX Application Thread] DEBUG Input                - Registered new binding: System info dump - CTRL+9
12:12:44.532 [JavaFX Application Thread] DEBUG Input                - Registered new binding: Restart - CTRL+R
12:12:44.532 [JavaFX Application Thread] DEBUG LoopRunner           - Starting loop
12:12:44.547 [JavaFX Application Thread] DEBUG FXGLStartupScene     - STARTUP
12:12:44.547 [JavaFX Application Thread] DEBUG WindowService        - Starting new game
12:12:44.547 [JavaFX Application Thread] DEBUG Input                - Clearing active input actions
12:12:44.556 [JavaFX Application Thread] DEBUG WindowService        - Removing overlay from FXGLStartupScene and adding to FXGLLoadingScene
12:12:44.556 [JavaFX Application Thread] DEBUG MainWindow           - FXGLStartupScene -> FXGLLoadingScene
12:12:44.556 [JavaFX Application Thread] DEBUG WindowService        - Clearing previous game
12:12:44.556 [JavaFX Application Thread] DEBUG GameScene            - Clearing game scene
12:12:44.556 [JavaFX Application Thread] DEBUG GameWorld            - Clearing game world
12:12:44.556 [JavaFX Application Thread] DEBUG PhysicsWorld         - Clearing physics world
12:12:44.557 [FXGL Background Thread 1 ] DEBUG GameApplication      - Initializing game
12:12:44.561 [FXGL Background Thread 1 ] DEBUG AssetLoaderService   - Loading from file system: /assets/textures/EmptyMap.png
12:12:44.723 [FXGL Background Thread 1 ] DEBUG AssetLoaderService   - Loading from file system: /assets/textures/CharacterSprite.png
12:12:44.725 [FXGL Background Thread 1 ] DEBUG AssetLoaderService   - Loading from cache: /assets/textures/CharacterSprite.png
12:12:44.725 [FXGL Background Thread 1 ] DEBUG AssetLoaderService   - Loading from cache: /assets/textures/CharacterSprite.png
12:12:44.725 [FXGL Background Thread 1 ] DEBUG AssetLoaderService   - Loading from cache: /assets/textures/CharacterSprite.png
12:12:44.725 [FXGL Background Thread 1 ] DEBUG AssetLoaderService   - Loading from cache: /assets/textures/CharacterSprite.png
12:12:44.725 [FXGL Background Thread 1 ] DEBUG AssetLoaderService   - Loading from cache: /assets/textures/CharacterSprite.png
12:12:44.727 [FXGL Background Thread 1 ] DEBUG AssetLoaderService   - Loading from file system: /assets/textures/bbox.png
12:12:44.732 [FXGL Background Thread 1 ] DEBUG AssetLoaderService   - Loading from file system: /assets/textures/froggysprite.png
12:12:44.733 [FXGL Background Thread 1 ] DEBUG AssetLoaderService   - Loading from cache: /assets/textures/froggysprite.png
12:12:44.733 [FXGL Background Thread 1 ] DEBUG AssetLoaderService   - Loading from cache: /assets/textures/froggysprite.png
12:12:44.733 [FXGL Background Thread 1 ] DEBUG AssetLoaderService   - Loading from cache: /assets/textures/froggysprite.png
12:12:44.733 [FXGL Background Thread 1 ] DEBUG AssetLoaderService   - Loading from cache: /assets/textures/froggysprite.png
12:12:44.733 [FXGL Background Thread 1 ] DEBUG AssetLoaderService   - Loading from cache: /assets/textures/froggysprite.png
12:12:44.734 [FXGL Background Thread 1 ] DEBUG AssetLoaderService   - Loading from cache: /assets/textures/bbox.png
12:12:44.734 [FXGL Background Thread 1 ] DEBUG AssetLoaderService   - Loading from file system: /assets/textures/blueHouse.png
12:12:44.736 [FXGL Background Thread 1 ] DEBUG AssetLoaderService   - Loading from file system: /assets/textures/brick.png
12:12:44.736 [FXGL Background Thread 1 ] INFO  GameApplication      - Game initialization took: 0.178 sec
12:12:44.736 [JavaFX Application Thread] DEBUG Input                - Clearing active input actions
12:12:44.745 [JavaFX Application Thread] DEBUG WindowService        - Removing overlay from FXGLLoadingScene and adding to GameScene
12:12:44.745 [JavaFX Application Thread] DEBUG MainWindow           - FXGLLoadingScene -> GameScene
12:12:46.306 [JavaFX Application Thread] DEBUG LoopRunner           - Pausing loop
12:12:47.065 [JavaFX Application Thread] DEBUG LoopRunner           - Resuming loop
12:12:47.355 [FXGL Background Thread 2 ] DEBUG Engine               - Logging environment variables
12:12:47.355 [FXGL Background Thread 2 ] DEBUG Engine               - achievements: []
12:12:47.355 [FXGL Background Thread 2 ] DEBUG Engine               - language: ObjectProperty [value: ENGLISH]
12:12:47.355 [FXGL Background Thread 2 ] DEBUG Engine               - isCloseConfirmation: false
12:12:47.355 [FXGL Background Thread 2 ] DEBUG Engine               - isProfilingEnabled: false
12:12:47.355 [FXGL Background Thread 2 ] DEBUG Engine               - soundNotification: core/notification.wav
12:12:47.355 [FXGL Background Thread 2 ] DEBUG Engine               - devShowBBoxProperty: BooleanProperty [value: false]
12:12:47.355 [FXGL Background Thread 2 ] DEBUG Engine               - pixelsPerMeter: 50.0
12:12:47.356 [FXGL Background Thread 2 ] DEBUG Engine               - soundMenuBack: menu/back.wav
12:12:47.356 [FXGL Background Thread 2 ] DEBUG Engine               - appIcon: fxgl_icon.png
12:12:47.356 [FXGL Background Thread 2 ] DEBUG Engine               - isFullScreenAllowed: false
12:12:47.356 [FXGL Background Thread 2 ] DEBUG Engine               - isIntroEnabled: false
12:12:47.356 [FXGL Background Thread 2 ] DEBUG Engine               - fontMono: lucida_console.ttf
12:12:47.356 [FXGL Background Thread 2 ] DEBUG Engine               - soundMenuSelect: menu/select.wav
12:12:47.356 [FXGL Background Thread 2 ] DEBUG Engine               - isWindows: true
12:12:47.356 [FXGL Background Thread 2 ] DEBUG Engine               - isUserProfileEnabled: false
12:12:47.356 [FXGL Background Thread 2 ] DEBUG Engine               - isMobile: false
12:12:47.356 [FXGL Background Thread 2 ] DEBUG Engine               - height: 640
12:12:47.356 [FXGL Background Thread 2 ] DEBUG Engine               - isExperimentalNative: false
12:12:47.356 [FXGL Background Thread 2 ] DEBUG Engine               - settings: Title: FriendMaker2077
Version: 0.1
Width: 640
Height: 640
Fullscreen: false
Intro: false
Menus: false
Profiling: false
Single step:false
App Mode: DEVELOPER
Menu Key: ESCAPE
Stage Style: DECORATED
Scene Factory: class ui.MenuFactory

12:12:47.356 [FXGL Background Thread 2 ] DEBUG Engine               - isSingleStep: false
12:12:47.356 [FXGL Background Thread 2 ] DEBUG Engine               - cSSList: [fxgl_dark.css]
12:12:47.357 [FXGL Background Thread 2 ] DEBUG Engine               - fontGame: Abel-Regular.ttf
12:12:47.357 [FXGL Background Thread 2 ] DEBUG Engine               - menuKey: ESCAPE
12:12:47.357 [FXGL Background Thread 2 ] DEBUG Engine               - devShowPositionProperty: BooleanProperty [value: false]
12:12:47.357 [FXGL Background Thread 2 ] DEBUG Engine               - versionCheckDays: 7
12:12:47.357 [FXGL Background Thread 2 ] DEBUG Engine               - configClass: Optional.empty
12:12:47.357 [FXGL Background Thread 2 ] DEBUG Engine               - isFullScreenFromStart: false
12:12:47.357 [FXGL Background Thread 2 ] DEBUG Engine               - version: 0.1
12:12:47.357 [FXGL Background Thread 2 ] DEBUG Engine               - fullScreen: BooleanProperty [value: false]
12:12:47.357 [JavaFX Application Thread] DEBUG LoopRunner           - Pausing loop
12:12:47.357 [FXGL Background Thread 2 ] DEBUG Engine               - randomSeed: -1
12:12:47.357 [FXGL Background Thread 2 ] DEBUG Engine               - gameDifficultyProperty: ObjectProperty [value: MEDIUM]
12:12:47.357 [FXGL Background Thread 2 ] DEBUG Engine               - applicationMode: DEVELOPER
12:12:47.357 [FXGL Background Thread 2 ] DEBUG Engine               - isMac: false
12:12:47.357 [FXGL Background Thread 2 ] DEBUG Engine               - isMenuEnabled: false
12:12:47.358 [FXGL Background Thread 2 ] DEBUG Engine               - urlPOM: https://raw.githubusercontent.com/AlmasB/FXGL/master/pom.xml
12:12:47.358 [FXGL Background Thread 2 ] DEBUG Engine               - profileName: StringProperty [value: DEFAULT]
12:12:47.358 [FXGL Background Thread 2 ] DEBUG Engine               - notificationViewClass: class com.almasb.fxgl.notification.view.XboxNotificationView
12:12:47.358 [FXGL Background Thread 2 ] DEBUG Engine               - devSensorColorProperty: ObjectProperty [value: 0xffff00ff]
12:12:47.358 [FXGL Background Thread 2 ] DEBUG Engine               - sceneFactory: ui.MenuFactory@4dc87756
12:12:47.358 [FXGL Background Thread 2 ] DEBUG Engine               - stageStyle: DECORATED
12:12:47.358 [FXGL Background Thread 2 ] DEBUG Engine               - isManualResizeEnabled: false
12:12:47.358 [FXGL Background Thread 2 ] DEBUG Engine               - title: FriendMaker2077
12:12:47.358 [FXGL Background Thread 2 ] DEBUG Engine               - platform: WINDOWS
12:12:47.358 [FXGL Background Thread 2 ] DEBUG Engine               - devBBoxColorProperty: ObjectProperty [value: 0xff0000ff]
12:12:47.358 [FXGL Background Thread 2 ] DEBUG Engine               - gameDifficulty: MEDIUM
12:12:47.358 [FXGL Background Thread 2 ] DEBUG Engine               - isDesktop: true
12:12:47.359 [FXGL Background Thread 2 ] DEBUG Engine               - supportedLanguages: [ENGLISH, FRENCH, GERMAN, HUNGARIAN, RUSSIAN]
12:12:47.359 [FXGL Background Thread 2 ] DEBUG Engine               - globalMusicVolumeProperty: DoubleProperty [value: 0.5]
12:12:47.359 [FXGL Background Thread 2 ] DEBUG Engine               - credits: []
12:12:47.359 [FXGL Background Thread 2 ] DEBUG Engine               - isPreserveResizeRatio: false
12:12:47.359 [FXGL Background Thread 2 ] DEBUG Engine               - fontText: Courier-Prime.ttf
12:12:47.359 [FXGL Background Thread 2 ] DEBUG Engine               - isExperimentalTiledLargeMap: false
12:12:47.359 [FXGL Background Thread 2 ] DEBUG Engine               - secondsIn24h: 60
12:12:47.359 [FXGL Background Thread 2 ] DEBUG Engine               - runtimeInfo: RuntimeInfo(platform=WINDOWS, version=11.8, build=08.03.2020 09.25)
12:12:47.359 [FXGL Background Thread 2 ] DEBUG Engine               - soundMenuPress: menu/press.wav
12:12:47.359 [FXGL Background Thread 2 ] DEBUG Engine               - isLinux: false
12:12:47.359 [FXGL Background Thread 2 ] DEBUG Engine               - urlGithub: https://github.com/AlmasB/FXGL
12:12:47.359 [FXGL Background Thread 2 ] DEBUG Engine               - profileDir: profiles/
12:12:47.359 [FXGL Background Thread 2 ] DEBUG Engine               - globalSoundVolumeProperty: DoubleProperty [value: 0.5]
12:12:47.359 [FXGL Background Thread 2 ] DEBUG Engine               - isDeveloperMenuEnabled: false
12:12:47.359 [FXGL Background Thread 2 ] DEBUG Engine               - mainWindow: com.almasb.fxgl.app.MainWindow@49f7fa37
12:12:47.360 [FXGL Background Thread 2 ] DEBUG Engine               - isBrowser: false
12:12:47.360 [FXGL Background Thread 2 ] DEBUG Engine               - globalSoundVolume: 0.5
12:12:47.360 [FXGL Background Thread 2 ] DEBUG Engine               - urlLeaderboard: http://fxgl-top.herokuapp.com/
12:12:47.360 [FXGL Background Thread 2 ] DEBUG Engine               - engineServices: [class com.almasb.fxgl.app.GameApplication$GameApplicationService, class com.almasb.fxgl.app.services.WindowService, class com.almasb.fxgl.app.services.FXGLDialogService, class com.almasb.fxgl.app.services.IOTaskExecutorService, class com.almasb.fxgl.event.EventBusService, class com.almasb.fxgl.io.FileSystemService, class com.almasb.fxgl.localization.LocalizationService, class com.almasb.fxgl.app.services.AssetLoaderService, class com.almasb.fxgl.app.services.SystemBundleService, class com.almasb.fxgl.profile.SaveLoadService, class com.almasb.fxgl.ui.FXGLUIFactoryServiceProvider, class com.almasb.fxgl.ui.FXGLDialogFactoryServiceProvider, class com.almasb.fxgl.audio.AudioPlayer, class com.almasb.fxgl.notification.impl.NotificationServiceProvider, class com.almasb.fxgl.achievement.AchievementService, class com.almasb.fxgl.cutscene.CutsceneService, class com.almasb.fxgl.minigames.MiniGameService, class com.almasb.fxgl.net.NetService, class com.almasb.fxgl.app.services.UpdaterService]
12:12:47.360 [FXGL Background Thread 2 ] DEBUG Engine               - globalMusicVolume: 0.5
12:12:47.360 [FXGL Background Thread 2 ] DEBUG Engine               - width: 640
12:12:47.360 [FXGL Background Thread 2 ] DEBUG Engine               - saveFileExt: sav
12:12:47.360 [FXGL Background Thread 2 ] DEBUG Engine               - isAndroid: false
12:12:47.360 [FXGL Background Thread 2 ] DEBUG Engine               - fontUI: VarelaRound-Regular.ttf
12:12:47.360 [FXGL Background Thread 2 ] DEBUG Engine               - enabledMenuItems: []
12:12:47.360 [FXGL Background Thread 2 ] DEBUG Engine               - isIOS: false
12:12:47.360 [FXGL Background Thread 2 ] DEBUG Engine               - Logging services
12:12:47.360 [FXGL Background Thread 2 ] DEBUG Engine               - class com.almasb.fxgl.app.GameApplication$GameApplicationService
12:12:47.361 [FXGL Background Thread 2 ] DEBUG Engine               - class com.almasb.fxgl.app.services.WindowService
12:12:47.361 [FXGL Background Thread 2 ] DEBUG Engine               - class com.almasb.fxgl.app.services.FXGLDialogService
12:12:47.361 [FXGL Background Thread 2 ] DEBUG Engine               - class com.almasb.fxgl.app.services.IOTaskExecutorService
12:12:47.361 [FXGL Background Thread 2 ] DEBUG Engine               - class com.almasb.fxgl.event.EventBusService
12:12:47.361 [FXGL Background Thread 2 ] DEBUG Engine               - class com.almasb.fxgl.io.FileSystemService
12:12:47.361 [FXGL Background Thread 2 ] DEBUG Engine               - class com.almasb.fxgl.localization.LocalizationService
12:12:47.361 [FXGL Background Thread 2 ] DEBUG Engine               - class com.almasb.fxgl.app.services.AssetLoaderService
12:12:47.361 [FXGL Background Thread 2 ] DEBUG Engine               - class com.almasb.fxgl.app.services.SystemBundleService
12:12:47.361 [FXGL Background Thread 2 ] DEBUG Engine               - class com.almasb.fxgl.profile.SaveLoadService
12:12:47.361 [FXGL Background Thread 2 ] DEBUG Engine               - class com.almasb.fxgl.ui.FXGLUIFactoryServiceProvider
12:12:47.361 [FXGL Background Thread 2 ] DEBUG Engine               - class com.almasb.fxgl.ui.FXGLDialogFactoryServiceProvider
12:12:47.361 [FXGL Background Thread 2 ] DEBUG Engine               - class com.almasb.fxgl.audio.AudioPlayer
12:12:47.361 [FXGL Background Thread 2 ] DEBUG Engine               - class com.almasb.fxgl.notification.impl.NotificationServiceProvider
12:12:47.361 [FXGL Background Thread 2 ] DEBUG Engine               - class com.almasb.fxgl.achievement.AchievementService
12:12:47.361 [FXGL Background Thread 2 ] DEBUG Engine               - class com.almasb.fxgl.cutscene.CutsceneService
12:12:47.361 [FXGL Background Thread 2 ] DEBUG Engine               - class com.almasb.fxgl.minigames.MiniGameService
12:12:47.361 [FXGL Background Thread 2 ] DEBUG Engine               - class com.almasb.fxgl.net.NetService
12:12:47.361 [FXGL Background Thread 2 ] DEBUG Engine               - class com.almasb.fxgl.app.services.UpdaterService
12:12:47.814 [JavaFX Application Thread] DEBUG LoopRunner           - Resuming loop
12:12:58.320 [JavaFX Application Thread] DEBUG AssetLoaderService   - Loading from file system: /assets/sounds/bump.wav
12:12:58.352 [JavaFX Application Thread] DEBUG AssetLoaderService   - Loading from cache: /assets/sounds/bump.wav
12:12:58.400 [JavaFX Application Thread] DEBUG AssetLoaderService   - Loading from cache: /assets/sounds/bump.wav
12:12:58.448 [JavaFX Application Thread] DEBUG AssetLoaderService   - Loading from cache: /assets/sounds/bump.wav
12:12:58.496 [JavaFX Application Thread] DEBUG AssetLoaderService   - Loading from cache: /assets/sounds/bump.wav
12:12:58.528 [JavaFX Application Thread] DEBUG AssetLoaderService   - Loading from cache: /assets/sounds/bump.wav
12:12:58.575 [JavaFX Application Thread] DEBUG AssetLoaderService   - Loading from cache: /assets/sounds/bump.wav
12:12:58.607 [JavaFX Application Thread] DEBUG AssetLoaderService   - Loading from cache: /assets/sounds/bump.wav
12:12:58.655 [JavaFX Application Thread] DEBUG AssetLoaderService   - Loading from cache: /assets/sounds/bump.wav
12:12:58.687 [JavaFX Application Thread] DEBUG AssetLoaderService   - Loading from cache: /assets/sounds/bump.wav
12:12:58.735 [JavaFX Application Thread] DEBUG AssetLoaderService   - Loading from cache: /assets/sounds/bump.wav
12:12:58.767 [JavaFX Application Thread] DEBUG AssetLoaderService   - Loading from cache: /assets/sounds/bump.wav
12:12:58.831 [JavaFX Application Thread] DEBUG AssetLoaderService   - Loading from cache: /assets/sounds/bump.wav
12:12:58.863 [JavaFX Application Thread] DEBUG AssetLoaderService   - Loading from cache: /assets/sounds/bump.wav
12:12:58.912 [JavaFX Application Thread] DEBUG AssetLoaderService   - Loading from cache: /assets/sounds/bump.wav
12:12:58.944 [JavaFX Application Thread] DEBUG AssetLoaderService   - Loading from cache: /assets/sounds/bump.wav
12:12:58.992 [JavaFX Application Thread] DEBUG AssetLoaderService   - Loading from cache: /assets/sounds/bump.wav
12:12:59.024 [JavaFX Application Thread] DEBUG AssetLoaderService   - Loading from cache: /assets/sounds/bump.wav
12:12:59.072 [JavaFX Application Thread] DEBUG AssetLoaderService   - Loading from cache: /assets/sounds/bump.wav
12:12:59.104 [JavaFX Application Thread] DEBUG AssetLoaderService   - Loading from cache: /assets/sounds/bump.wav
12:12:59.152 [JavaFX Application Thread] DEBUG AssetLoaderService   - Loading from cache: /assets/sounds/bump.wav
12:12:59.200 [JavaFX Application Thread] DEBUG AssetLoaderService   - Loading from cache: /assets/sounds/bump.wav
12:12:59.248 [JavaFX Application Thread] DEBUG AssetLoaderService   - Loading from cache: /assets/sounds/bump.wav
12:13:05.968 [JavaFX Application Thread] DEBUG AssetLoaderService   - Loading from cache: /assets/sounds/bump.wav
12:13:12.640 [JavaFX Application Thread] DEBUG AssetLoaderService   - Loading from cache: /assets/sounds/bump.wav
12:13:25.680 [JavaFX Application Thread] DEBUG AssetLoaderService   - Loading from cache: /assets/sounds/bump.wav
12:13:31.584 [JavaFX Application Thread] DEBUG AssetLoaderService   - Loading from cache: /assets/sounds/bump.wav
12:13:38.144 [JavaFX Application Thread] DEBUG AssetLoaderService   - Loading from cache: /assets/sounds/bump.wav
12:13:38.192 [JavaFX Application Thread] DEBUG AssetLoaderService   - Loading from cache: /assets/sounds/bump.wav
12:13:38.224 [JavaFX Application Thread] DEBUG AssetLoaderService   - Loading from cache: /assets/sounds/bump.wav
12:13:38.288 [JavaFX Application Thread] DEBUG AssetLoaderService   - Loading from cache: /assets/sounds/bump.wav
12:13:38.320 [JavaFX Application Thread] DEBUG AssetLoaderService   - Loading from cache: /assets/sounds/bump.wav
12:13:38.368 [JavaFX Application Thread] DEBUG AssetLoaderService   - Loading from cache: /assets/sounds/bump.wav
12:13:38.400 [JavaFX Application Thread] DEBUG AssetLoaderService   - Loading from cache: /assets/sounds/bump.wav
12:13:38.448 [JavaFX Application Thread] DEBUG AssetLoaderService   - Loading from cache: /assets/sounds/bump.wav
12:13:38.480 [JavaFX Application Thread] DEBUG AssetLoaderService   - Loading from cache: /assets/sounds/bump.wav
12:13:38.528 [JavaFX Application Thread] DEBUG AssetLoaderService   - Loading from cache: /assets/sounds/bump.wav
12:13:38.560 [JavaFX Application Thread] DEBUG AssetLoaderService   - Loading from cache: /assets/sounds/bump.wav
12:13:38.607 [JavaFX Application Thread] DEBUG AssetLoaderService   - Loading from cache: /assets/sounds/bump.wav
12:13:38.655 [JavaFX Application Thread] DEBUG AssetLoaderService   - Loading from cache: /assets/sounds/bump.wav
12:13:38.703 [JavaFX Application Thread] DEBUG AssetLoaderService   - Loading from cache: /assets/sounds/bump.wav
12:13:38.735 [JavaFX Application Thread] DEBUG AssetLoaderService   - Loading from cache: /assets/sounds/bump.wav
12:13:38.783 [JavaFX Application Thread] DEBUG AssetLoaderService   - Loading from cache: /assets/sounds/bump.wav
12:13:38.815 [JavaFX Application Thread] DEBUG AssetLoaderService   - Loading from cache: /assets/sounds/bump.wav
12:13:38.863 [JavaFX Application Thread] DEBUG AssetLoaderService   - Loading from cache: /assets/sounds/bump.wav
12:13:38.895 [JavaFX Application Thread] DEBUG AssetLoaderService   - Loading from cache: /assets/sounds/bump.wav
12:13:38.943 [JavaFX Application Thread] DEBUG AssetLoaderService   - Loading from cache: /assets/sounds/bump.wav
12:13:38.975 [JavaFX Application Thread] DEBUG AssetLoaderService   - Loading from cache: /assets/sounds/bump.wav
12:13:39.040 [JavaFX Application Thread] DEBUG AssetLoaderService   - Loading from cache: /assets/sounds/bump.wav
12:13:39.072 [JavaFX Application Thread] DEBUG AssetLoaderService   - Loading from cache: /assets/sounds/bump.wav
12:13:39.120 [JavaFX Application Thread] DEBUG AssetLoaderService   - Loading from cache: /assets/sounds/bump.wav
12:13:39.152 [JavaFX Application Thread] DEBUG AssetLoaderService   - Loading from cache: /assets/sounds/bump.wav
12:13:39.200 [JavaFX Application Thread] DEBUG AssetLoaderService   - Loading from cache: /assets/sounds/bump.wav
12:13:39.232 [JavaFX Application Thread] DEBUG AssetLoaderService   - Loading from cache: /assets/sounds/bump.wav
12:13:39.280 [JavaFX Application Thread] DEBUG AssetLoaderService   - Loading from cache: /assets/sounds/bump.wav
12:13:45.152 [JavaFX Application Thread] DEBUG AssetLoaderService   - Loading from cache: /assets/sounds/bump.wav
12:13:51.504 [JavaFX Application Thread] DEBUG AssetLoaderService   - Loading from cache: /assets/sounds/bump.wav
12:13:58.064 [JavaFX Application Thread] DEBUG AssetLoaderService   - Loading from cache: /assets/sounds/bump.wav
12:13:58.096 [JavaFX Application Thread] DEBUG AssetLoaderService   - Loading from cache: /assets/sounds/bump.wav
12:13:58.144 [JavaFX Application Thread] DEBUG AssetLoaderService   - Loading from cache: /assets/sounds/bump.wav
12:13:58.192 [JavaFX Application Thread] DEBUG AssetLoaderService   - Loading from cache: /assets/sounds/bump.wav
12:13:58.240 [JavaFX Application Thread] DEBUG AssetLoaderService   - Loading from cache: /assets/sounds/bump.wav
12:13:58.272 [JavaFX Application Thread] DEBUG AssetLoaderService   - Loading from cache: /assets/sounds/bump.wav
12:13:58.320 [JavaFX Application Thread] DEBUG AssetLoaderService   - Loading from cache: /assets/sounds/bump.wav
12:13:58.352 [JavaFX Application Thread] DEBUG AssetLoaderService   - Loading from cache: /assets/sounds/bump.wav
12:13:58.400 [JavaFX Application Thread] DEBUG AssetLoaderService   - Loading from cache: /assets/sounds/bump.wav
12:13:58.432 [JavaFX Application Thread] DEBUG AssetLoaderService   - Loading from cache: /assets/sounds/bump.wav
12:13:58.480 [JavaFX Application Thread] DEBUG AssetLoaderService   - Loading from cache: /assets/sounds/bump.wav
12:13:58.512 [JavaFX Application Thread] DEBUG AssetLoaderService   - Loading from cache: /assets/sounds/bump.wav
12:13:58.560 [JavaFX Application Thread] DEBUG AssetLoaderService   - Loading from cache: /assets/sounds/bump.wav
12:13:58.608 [JavaFX Application Thread] DEBUG AssetLoaderService   - Loading from cache: /assets/sounds/bump.wav
12:13:58.656 [JavaFX Application Thread] DEBUG AssetLoaderService   - Loading from cache: /assets/sounds/bump.wav
12:13:58.688 [JavaFX Application Thread] DEBUG AssetLoaderService   - Loading from cache: /assets/sounds/bump.wav
12:13:58.736 [JavaFX Application Thread] DEBUG AssetLoaderService   - Loading from cache: /assets/sounds/bump.wav
12:13:58.768 [JavaFX Application Thread] DEBUG AssetLoaderService   - Loading from cache: /assets/sounds/bump.wav
12:13:58.816 [JavaFX Application Thread] DEBUG AssetLoaderService   - Loading from cache: /assets/sounds/bump.wav
12:13:58.848 [JavaFX Application Thread] DEBUG AssetLoaderService   - Loading from cache: /assets/sounds/bump.wav
12:13:58.896 [JavaFX Application Thread] DEBUG AssetLoaderService   - Loading from cache: /assets/sounds/bump.wav
12:13:58.928 [JavaFX Application Thread] DEBUG AssetLoaderService   - Loading from cache: /assets/sounds/bump.wav
12:13:58.992 [JavaFX Application Thread] DEBUG AssetLoaderService   - Loading from cache: /assets/sounds/bump.wav
12:13:59.024 [JavaFX Application Thread] DEBUG AssetLoaderService   - Loading from cache: /assets/sounds/bump.wav
12:13:59.072 [JavaFX Application Thread] DEBUG AssetLoaderService   - Loading from cache: /assets/sounds/bump.wav
12:13:59.104 [JavaFX Application Thread] DEBUG AssetLoaderService   - Loading from cache: /assets/sounds/bump.wav
12:13:59.152 [JavaFX Application Thread] DEBUG AssetLoaderService   - Loading from cache: /assets/sounds/bump.wav
12:13:59.184 [JavaFX Application Thread] DEBUG AssetLoaderService   - Loading from cache: /assets/sounds/bump.wav
12:13:59.232 [JavaFX Application Thread] DEBUG AssetLoaderService   - Loading from cache: /assets/sounds/bump.wav
12:13:59.264 [JavaFX Application Thread] DEBUG AssetLoaderService   - Loading from cache: /assets/sounds/bump.wav
12:14:06.272 [JavaFX Application Thread] DEBUG AssetLoaderService   - Loading from cache: /assets/sounds/bump.wav
12:14:08.848 [JavaFX Application Thread] DEBUG AssetLoaderService   - Loading from cache: /assets/sounds/bump.wav
12:14:09.344 [JavaFX Application Thread] DEBUG AssetLoaderService   - Loading from cache: /assets/sounds/bump.wav
12:14:09.392 [JavaFX Application Thread] DEBUG AssetLoaderService   - Loading from cache: /assets/sounds/bump.wav
12:14:09.440 [JavaFX Application Thread] DEBUG AssetLoaderService   - Loading from cache: /assets/sounds/bump.wav
12:14:09.488 [JavaFX Application Thread] DEBUG AssetLoaderService   - Loading from cache: /assets/sounds/bump.wav
12:14:09.552 [JavaFX Application Thread] DEBUG AssetLoaderService   - Loading from cache: /assets/sounds/bump.wav
12:14:09.600 [JavaFX Application Thread] DEBUG AssetLoaderService   - Loading from cache: /assets/sounds/bump.wav
12:14:09.648 [JavaFX Application Thread] DEBUG AssetLoaderService   - Loading from cache: /assets/sounds/bump.wav
12:14:09.696 [JavaFX Application Thread] DEBUG AssetLoaderService   - Loading from cache: /assets/sounds/bump.wav
12:14:09.744 [JavaFX Application Thread] DEBUG AssetLoaderService   - Loading from cache: /assets/sounds/bump.wav
12:14:09.792 [JavaFX Application Thread] DEBUG AssetLoaderService   - Loading from cache: /assets/sounds/bump.wav
12:14:09.839 [JavaFX Application Thread] DEBUG AssetLoaderService   - Loading from cache: /assets/sounds/bump.wav
12:14:11.199 [JavaFX Application Thread] DEBUG AssetLoaderService   - Loading from cache: /assets/sounds/bump.wav
12:14:11.247 [JavaFX Application Thread] DEBUG AssetLoaderService   - Loading from cache: /assets/sounds/bump.wav
12:14:11.295 [JavaFX Application Thread] DEBUG AssetLoaderService   - Loading from cache: /assets/sounds/bump.wav
12:14:11.343 [JavaFX Application Thread] DEBUG AssetLoaderService   - Loading from cache: /assets/sounds/bump.wav
12:14:11.391 [JavaFX Application Thread] DEBUG AssetLoaderService   - Loading from cache: /assets/sounds/bump.wav
12:14:11.439 [JavaFX Application Thread] DEBUG AssetLoaderService   - Loading from cache: /assets/sounds/bump.wav
12:14:11.504 [JavaFX Application Thread] DEBUG AssetLoaderService   - Loading from cache: /assets/sounds/bump.wav
12:14:25.716 [JavaFX Application Thread] DEBUG GameApplication      - Exiting FXGL
12:14:25.716 [JavaFX Application Thread] DEBUG LoopRunner           - Stopping loop
12:14:25.716 [JavaFX Application Thread] DEBUG SystemBundleService  - Saving FXGL system data
12:14:25.717 [JavaFX Application Thread] DEBUG FileSystemAccess     - Writing to: C:\Users\otinn\git\FriendMaker2077-07-03\Project\system\fxgl.bundle
12:14:25.718 [JavaFX Application Thread] DEBUG GameApplication      - Shutting down background threads
12:14:25.719 [JavaFX Application Thread] DEBUG GameApplication      - Closing logger and exiting JavaFX
