23:03:58.150 [main                     ] DEBUG GameApplication      - Logger initialized
23:03:58.161 [main                     ] DEBUG GameApplication      - Logging settings
Title: FriendMaker2077
Version: 0.1
Width: 640
Height: 640
Fullscreen: false
Intro: false
Menus: false
Profiling: false
Single step:false
App Mode: DEVELOPER
Menu Key: ESCAPE
Stage Style: DECORATED
Scene Factory: class ui.MenuFactory

23:03:58.472 [JavaFX Application Thread] DEBUG GameApplication      - Initializing FXGL
23:03:58.477 [JavaFX Application Thread] INFO  Engine               - FXGL-11.8 (08.03.2020 09.25) on WINDOWS (J:13.0.2 FX:13.0.2)
23:03:58.477 [JavaFX Application Thread] INFO  Engine               - Source code and latest versions at: https://github.com/AlmasB/FXGL
23:03:58.477 [JavaFX Application Thread] INFO  Engine               -              Join the FXGL chat at: https://gitter.im/AlmasB/FXGL
23:03:58.545 [JavaFX Application Thread] DEBUG MainWindow           - Creating a JavaFX scene
23:03:58.584 [JavaFX Application Thread] DEBUG MainWindow           - Target settings size: 640.0 x 640.0
23:03:58.584 [JavaFX Application Thread] DEBUG MainWindow           - Scaled scene size:    640.0 x 640.0
23:03:58.584 [JavaFX Application Thread] DEBUG MainWindow           - Scaled ratio: (1.0, 1.0)
23:03:58.585 [JavaFX Application Thread] DEBUG MainWindow           - Set initial scene to FXGLStartupScene
23:03:58.588 [JavaFX Application Thread] DEBUG MainWindow           - Opening main window
23:03:58.651 [JavaFX Application Thread] DEBUG MainWindow           - Window border size: (16.0, 39.0)
23:03:58.651 [JavaFX Application Thread] DEBUG MainWindow           - Scaled size: 640.0 x 640.0
23:03:58.651 [JavaFX Application Thread] DEBUG MainWindow           - Scaled ratio: (1.0, 1.0)
23:03:58.651 [JavaFX Application Thread] DEBUG MainWindow           - Scene size: 640.0 x 640.0
23:03:58.651 [JavaFX Application Thread] DEBUG MainWindow           - Stage size: 656.0 x 679.0
23:03:58.657 [FXGL Background Thread 1 ] DEBUG Engine               - Initializing environment variables
23:03:58.674 [FXGL Background Thread 1 ] DEBUG WindowService        - Applying CSS: fxgl_dark.css
23:03:58.675 [FXGL Background Thread 1 ] DEBUG AssetLoaderService   - Loading from file system: /assets/ui/css/fxgl_dark.css
23:03:58.703 [FXGL Background Thread 1 ] DEBUG WindowService        - Initializing application scenes
23:03:58.723 [FXGL Background Thread 1 ] DEBUG GameWorld            - Game world initialized
23:03:58.743 [FXGL Background Thread 1 ] DEBUG PhysicsWorld         - Physics world initialized: appHeight=640, physics.ppm=50.0
23:03:58.744 [FXGL Background Thread 1 ] DEBUG GameScene            - Game scene initialized: 640x640
23:03:58.749 [FXGL Background Thread 1 ] DEBUG Input                - Registered new binding: Resume - Esc
23:03:58.758 [FXGL Background Thread 1 ] DEBUG Input                - Registered new binding: Pause - Esc
23:03:58.758 [FXGL Background Thread 1 ] DEBUG WindowService        - Application scenes initialized
23:03:58.763 [FXGL Background Thread 1 ] DEBUG SystemBundleService  - Loading FXGL system data
23:03:58.766 [FXGL Background Thread 1 ] DEBUG FileSystemAccess     - Reading from: C:\Users\Adam Cunard\git\FriendMaker2077-07-03\Project\system\fxgl.bundle
23:03:58.771 [FXGL Background Thread 1 ] DEBUG SystemBundleService  - Bundle FXGL: {}
23:03:58.771 [FXGL Background Thread 1 ] INFO  Engine               - FXGL initialization took: 0.114 sec
23:03:58.772 [FXGL Background Thread 1 ] DEBUG GameApplication      - Loading localizations
23:03:58.772 [FXGL Background Thread 1 ] DEBUG AssetLoaderService   - Loading from file system: /assets/properties/languages/english.properties
23:03:58.773 [FXGL Background Thread 1 ] DEBUG AssetLoaderService   - Loading from file system: /assets/properties/languages/french.properties
23:03:58.774 [FXGL Background Thread 1 ] DEBUG AssetLoaderService   - Loading from file system: /assets/properties/languages/german.properties
23:03:58.775 [FXGL Background Thread 1 ] DEBUG AssetLoaderService   - Loading from file system: /assets/properties/languages/hungarian.properties
23:03:58.775 [FXGL Background Thread 1 ] DEBUG AssetLoaderService   - Loading from file system: /assets/properties/languages/russian.properties
23:03:58.776 [FXGL Background Thread 1 ] DEBUG GameApplication      - Registering font factories with UI factory
23:03:58.776 [FXGL Background Thread 1 ] DEBUG AssetLoaderService   - Loading from file system: /assets/ui/fonts/VarelaRound-Regular.ttf
23:03:58.929 [FXGL Background Thread 1 ] DEBUG AssetLoaderService   - Loading from file system: /assets/ui/fonts/Abel-Regular.ttf
23:03:58.935 [FXGL Background Thread 1 ] DEBUG AssetLoaderService   - Loading from file system: /assets/ui/fonts/lucida_console.ttf
23:03:58.943 [FXGL Background Thread 1 ] DEBUG AssetLoaderService   - Loading from file system: /assets/ui/fonts/Courier-Prime.ttf
23:03:58.951 [JavaFX Application Thread] DEBUG Input                - Registered new binding: Move Right - D
23:03:58.951 [JavaFX Application Thread] DEBUG Input                - Registered new binding: Move Left - A
23:03:58.951 [JavaFX Application Thread] DEBUG Input                - Registered new binding: Move Up - W
23:03:58.951 [JavaFX Application Thread] DEBUG Input                - Registered new binding: Move Down - S
23:03:58.951 [JavaFX Application Thread] DEBUG Input                - Registered new binding: Play Sound - F
23:03:58.951 [JavaFX Application Thread] DEBUG AssetLoaderService   - Loading from file system: /assets/textures/fxgl_icon.png
23:03:58.976 [JavaFX Application Thread] DEBUG AssetLoaderService   - Loading from file system: /assets/ui/cursors/fxgl_default.png
23:03:58.978 [JavaFX Application Thread] DEBUG Input                - Registered new binding: Screenshot - P
23:03:58.978 [JavaFX Application Thread] DEBUG Input                - Registered new binding: System info dump - CTRL+9
23:03:58.978 [JavaFX Application Thread] DEBUG Input                - Registered new binding: Restart - CTRL+R
23:03:58.978 [JavaFX Application Thread] DEBUG LoopRunner           - Starting loop
23:03:58.992 [JavaFX Application Thread] DEBUG FXGLStartupScene     - STARTUP
23:03:58.992 [JavaFX Application Thread] DEBUG WindowService        - Starting new game
23:03:58.993 [JavaFX Application Thread] DEBUG Input                - Clearing active input actions
23:03:59.001 [JavaFX Application Thread] DEBUG WindowService        - Removing overlay from FXGLStartupScene and adding to FXGLLoadingScene
23:03:59.001 [JavaFX Application Thread] DEBUG MainWindow           - FXGLStartupScene -> FXGLLoadingScene
23:03:59.001 [JavaFX Application Thread] DEBUG WindowService        - Clearing previous game
23:03:59.001 [JavaFX Application Thread] DEBUG GameScene            - Clearing game scene
23:03:59.002 [JavaFX Application Thread] DEBUG GameWorld            - Clearing game world
23:03:59.002 [JavaFX Application Thread] DEBUG PhysicsWorld         - Clearing physics world
23:03:59.003 [FXGL Background Thread 1 ] DEBUG GameApplication      - Initializing game
23:03:59.015 [FXGL Background Thread 1 ] DEBUG AssetLoaderService   - Loading from file system: /assets/music/soundtrack.wav
23:03:59.176 [FXGL Background Thread 1 ] DEBUG AudioPlayer          - Playing music com.almasb.fxgl.audio.Music@18894705
23:03:59.180 [FXGL Background Thread 1 ] DEBUG AssetLoaderService   - Loading from file system: /assets/textures/Room.png
23:03:59.197 [FXGL Background Thread 1 ] DEBUG AssetLoaderService   - Loading from cache: /assets/textures/Room.png
23:03:59.198 [FXGL Background Thread 1 ] DEBUG AssetLoaderService   - Loading from file system: /assets/textures/EmptyMap.png
23:03:59.326 [FXGL Background Thread 1 ] DEBUG AssetLoaderService   - Loading from file system: /assets/textures/player.png
23:03:59.328 [FXGL Background Thread 1 ] DEBUG AssetLoaderService   - Loading from cache: /assets/textures/player.png
23:03:59.328 [FXGL Background Thread 1 ] DEBUG AssetLoaderService   - Loading from cache: /assets/textures/player.png
23:03:59.328 [FXGL Background Thread 1 ] DEBUG AssetLoaderService   - Loading from cache: /assets/textures/player.png
23:03:59.328 [FXGL Background Thread 1 ] DEBUG AssetLoaderService   - Loading from cache: /assets/textures/player.png
23:03:59.328 [FXGL Background Thread 1 ] DEBUG AssetLoaderService   - Loading from cache: /assets/textures/player.png
23:03:59.329 [FXGL Background Thread 1 ] DEBUG AssetLoaderService   - Loading from file system: /assets/textures/bbox.png
23:03:59.333 [FXGL Background Thread 1 ] DEBUG AssetLoaderService   - Loading from file system: /assets/textures/froggysprite.png
23:03:59.335 [FXGL Background Thread 1 ] DEBUG AssetLoaderService   - Loading from cache: /assets/textures/froggysprite.png
23:03:59.335 [FXGL Background Thread 1 ] DEBUG AssetLoaderService   - Loading from cache: /assets/textures/froggysprite.png
23:03:59.335 [FXGL Background Thread 1 ] DEBUG AssetLoaderService   - Loading from cache: /assets/textures/bbox.png
23:03:59.343 [FXGL Background Thread 1 ] DEBUG AssetLoaderService   - Loading from file system: /assets/textures/bush.png
23:03:59.344 [FXGL Background Thread 1 ] DEBUG AssetLoaderService   - Loading from cache: /assets/textures/bush.png
23:03:59.345 [FXGL Background Thread 1 ] DEBUG AssetLoaderService   - Loading from file system: /assets/textures/rock.png
23:03:59.347 [FXGL Background Thread 1 ] DEBUG AssetLoaderService   - Loading from cache: /assets/textures/rock.png
23:03:59.347 [FXGL Background Thread 1 ] DEBUG AssetLoaderService   - Loading from file system: /assets/textures/tree.png
23:03:59.349 [FXGL Background Thread 1 ] DEBUG AssetLoaderService   - Loading from cache: /assets/textures/bush.png
23:03:59.349 [FXGL Background Thread 1 ] DEBUG AssetLoaderService   - Loading from cache: /assets/textures/tree.png
23:03:59.350 [FXGL Background Thread 1 ] DEBUG AssetLoaderService   - Loading from cache: /assets/textures/bush.png
23:03:59.350 [FXGL Background Thread 1 ] DEBUG AssetLoaderService   - Loading from file system: /assets/textures/appletree.png
23:03:59.352 [FXGL Background Thread 1 ] DEBUG AssetLoaderService   - Loading from cache: /assets/textures/bush.png
23:03:59.353 [FXGL Background Thread 1 ] DEBUG AssetLoaderService   - Loading from cache: /assets/textures/tree.png
23:03:59.353 [FXGL Background Thread 1 ] DEBUG AssetLoaderService   - Loading from cache: /assets/textures/bush.png
23:03:59.354 [FXGL Background Thread 1 ] DEBUG AssetLoaderService   - Loading from cache: /assets/textures/appletree.png
23:03:59.354 [FXGL Background Thread 1 ] DEBUG AssetLoaderService   - Loading from cache: /assets/textures/bush.png
23:03:59.354 [FXGL Background Thread 1 ] DEBUG AssetLoaderService   - Loading from cache: /assets/textures/appletree.png
23:03:59.355 [FXGL Background Thread 1 ] DEBUG AssetLoaderService   - Loading from cache: /assets/textures/bush.png
23:03:59.355 [FXGL Background Thread 1 ] DEBUG AssetLoaderService   - Loading from cache: /assets/textures/tree.png
23:03:59.356 [FXGL Background Thread 1 ] DEBUG AssetLoaderService   - Loading from cache: /assets/textures/bush.png
23:03:59.356 [FXGL Background Thread 1 ] DEBUG AssetLoaderService   - Loading from cache: /assets/textures/tree.png
23:03:59.357 [FXGL Background Thread 1 ] DEBUG AssetLoaderService   - Loading from cache: /assets/textures/bush.png
23:03:59.357 [FXGL Background Thread 1 ] DEBUG AssetLoaderService   - Loading from cache: /assets/textures/tree.png
23:03:59.358 [FXGL Background Thread 1 ] DEBUG AssetLoaderService   - Loading from cache: /assets/textures/bush.png
23:03:59.358 [FXGL Background Thread 1 ] DEBUG AssetLoaderService   - Loading from cache: /assets/textures/bush.png
23:03:59.358 [FXGL Background Thread 1 ] DEBUG AssetLoaderService   - Loading from cache: /assets/textures/tree.png
23:03:59.359 [FXGL Background Thread 1 ] DEBUG AssetLoaderService   - Loading from cache: /assets/textures/tree.png
23:03:59.359 [FXGL Background Thread 1 ] DEBUG AssetLoaderService   - Loading from cache: /assets/textures/tree.png
23:03:59.360 [FXGL Background Thread 1 ] DEBUG AssetLoaderService   - Loading from cache: /assets/textures/bush.png
23:03:59.360 [FXGL Background Thread 1 ] DEBUG AssetLoaderService   - Loading from cache: /assets/textures/tree.png
23:03:59.361 [FXGL Background Thread 1 ] DEBUG AssetLoaderService   - Loading from cache: /assets/textures/bush.png
23:03:59.362 [FXGL Background Thread 1 ] DEBUG AssetLoaderService   - Loading from cache: /assets/textures/appletree.png
23:03:59.362 [FXGL Background Thread 1 ] DEBUG AssetLoaderService   - Loading from cache: /assets/textures/bush.png
23:03:59.363 [FXGL Background Thread 1 ] DEBUG AssetLoaderService   - Loading from cache: /assets/textures/tree.png
23:03:59.363 [FXGL Background Thread 1 ] DEBUG AssetLoaderService   - Loading from cache: /assets/textures/bush.png
23:03:59.364 [FXGL Background Thread 1 ] DEBUG AssetLoaderService   - Loading from cache: /assets/textures/appletree.png
23:03:59.364 [FXGL Background Thread 1 ] DEBUG AssetLoaderService   - Loading from cache: /assets/textures/bush.png
23:03:59.365 [FXGL Background Thread 1 ] DEBUG AssetLoaderService   - Loading from cache: /assets/textures/appletree.png
23:03:59.365 [FXGL Background Thread 1 ] DEBUG AssetLoaderService   - Loading from cache: /assets/textures/appletree.png
23:03:59.365 [FXGL Background Thread 1 ] DEBUG AssetLoaderService   - Loading from cache: /assets/textures/appletree.png
23:03:59.366 [FXGL Background Thread 1 ] DEBUG AssetLoaderService   - Loading from cache: /assets/textures/appletree.png
23:03:59.366 [FXGL Background Thread 1 ] DEBUG AssetLoaderService   - Loading from cache: /assets/textures/appletree.png
23:03:59.366 [FXGL Background Thread 1 ] DEBUG AssetLoaderService   - Loading from cache: /assets/textures/tree.png
23:03:59.367 [FXGL Background Thread 1 ] DEBUG AssetLoaderService   - Loading from cache: /assets/textures/tree.png
23:03:59.367 [FXGL Background Thread 1 ] DEBUG AssetLoaderService   - Loading from cache: /assets/textures/appletree.png
23:03:59.368 [FXGL Background Thread 1 ] DEBUG AssetLoaderService   - Loading from cache: /assets/textures/bush.png
23:03:59.368 [FXGL Background Thread 1 ] DEBUG AssetLoaderService   - Loading from cache: /assets/textures/appletree.png
23:03:59.368 [FXGL Background Thread 1 ] DEBUG AssetLoaderService   - Loading from cache: /assets/textures/bush.png
23:03:59.369 [FXGL Background Thread 1 ] DEBUG AssetLoaderService   - Loading from cache: /assets/textures/rock.png
23:03:59.369 [FXGL Background Thread 1 ] DEBUG AssetLoaderService   - Loading from cache: /assets/textures/tree.png
23:03:59.370 [FXGL Background Thread 1 ] DEBUG AssetLoaderService   - Loading from cache: /assets/textures/rock.png
23:03:59.370 [FXGL Background Thread 1 ] DEBUG AssetLoaderService   - Loading from cache: /assets/textures/appletree.png
23:03:59.370 [FXGL Background Thread 1 ] DEBUG AssetLoaderService   - Loading from cache: /assets/textures/appletree.png
23:03:59.371 [FXGL Background Thread 1 ] DEBUG AssetLoaderService   - Loading from file system: /assets/textures/lighthouse.png
23:03:59.373 [FXGL Background Thread 1 ] DEBUG AssetLoaderService   - Loading from file system: /assets/textures/greenhouse.png
23:03:59.375 [FXGL Background Thread 1 ] DEBUG AssetLoaderService   - Loading from file system: /assets/textures/bluehouse.png
23:03:59.377 [FXGL Background Thread 1 ] DEBUG AssetLoaderService   - Loading from file system: /assets/textures/redhouse.png
23:03:59.379 [FXGL Background Thread 1 ] DEBUG AssetLoaderService   - Loading from cache: /assets/textures/redhouse.png
23:03:59.380 [FXGL Background Thread 1 ] DEBUG AssetLoaderService   - Loading from cache: /assets/textures/bluehouse.png
23:03:59.380 [FXGL Background Thread 1 ] DEBUG AssetLoaderService   - Loading from cache: /assets/textures/bluehouse.png
23:03:59.381 [FXGL Background Thread 1 ] DEBUG AssetLoaderService   - Loading from cache: /assets/textures/redhouse.png
23:03:59.381 [FXGL Background Thread 1 ] DEBUG AssetLoaderService   - Loading from cache: /assets/textures/bluehouse.png
23:03:59.381 [FXGL Background Thread 1 ] DEBUG AssetLoaderService   - Loading from cache: /assets/textures/redhouse.png
23:03:59.382 [FXGL Background Thread 1 ] DEBUG AssetLoaderService   - Loading from cache: /assets/textures/lighthouse.png
23:03:59.382 [FXGL Background Thread 1 ] DEBUG AssetLoaderService   - Loading from cache: /assets/textures/greenhouse.png
23:03:59.383 [FXGL Background Thread 1 ] INFO  GameApplication      - Game initialization took: 0.379 sec
23:03:59.383 [JavaFX Application Thread] DEBUG Input                - Clearing active input actions
23:03:59.406 [JavaFX Application Thread] DEBUG WindowService        - Removing overlay from FXGLLoadingScene and adding to GameScene
23:03:59.406 [JavaFX Application Thread] DEBUG MainWindow           - FXGLLoadingScene -> GameScene
23:04:01.053 [JavaFX Application Thread] DEBUG AssetLoaderService   - Loading from file system: /assets/sounds/bump.wav
23:04:01.773 [FXGL Background Thread 2 ] DEBUG Engine               - Logging environment variables
23:04:01.773 [FXGL Background Thread 2 ] DEBUG Engine               - achievements: []
23:04:01.773 [FXGL Background Thread 2 ] DEBUG Engine               - language: ObjectProperty [value: ENGLISH]
23:04:01.773 [FXGL Background Thread 2 ] DEBUG Engine               - isCloseConfirmation: false
23:04:01.773 [FXGL Background Thread 2 ] DEBUG Engine               - isProfilingEnabled: false
23:04:01.773 [FXGL Background Thread 2 ] DEBUG Engine               - soundNotification: core/notification.wav
23:04:01.773 [FXGL Background Thread 2 ] DEBUG Engine               - devShowBBoxProperty: BooleanProperty [value: false]
23:04:01.773 [FXGL Background Thread 2 ] DEBUG Engine               - pixelsPerMeter: 50.0
23:04:01.773 [FXGL Background Thread 2 ] DEBUG Engine               - appIcon: fxgl_icon.png
23:04:01.773 [FXGL Background Thread 2 ] DEBUG Engine               - soundMenuBack: menu/back.wav
23:04:01.773 [FXGL Background Thread 2 ] DEBUG Engine               - isFullScreenAllowed: false
23:04:01.773 [FXGL Background Thread 2 ] DEBUG Engine               - isIntroEnabled: false
23:04:01.773 [FXGL Background Thread 2 ] DEBUG Engine               - fontMono: lucida_console.ttf
23:04:01.773 [FXGL Background Thread 2 ] DEBUG Engine               - soundMenuSelect: menu/select.wav
23:04:01.773 [FXGL Background Thread 2 ] DEBUG Engine               - isWindows: true
23:04:01.773 [FXGL Background Thread 2 ] DEBUG Engine               - isMobile: false
23:04:01.773 [FXGL Background Thread 2 ] DEBUG Engine               - isUserProfileEnabled: false
23:04:01.773 [FXGL Background Thread 2 ] DEBUG Engine               - height: 640
23:04:01.773 [FXGL Background Thread 2 ] DEBUG Engine               - isExperimentalNative: false
23:04:01.773 [FXGL Background Thread 2 ] DEBUG Engine               - settings: Title: FriendMaker2077
Version: 0.1
Width: 640
Height: 640
Fullscreen: false
Intro: false
Menus: false
Profiling: false
Single step:false
App Mode: DEVELOPER
Menu Key: ESCAPE
Stage Style: DECORATED
Scene Factory: class ui.MenuFactory

23:04:01.773 [FXGL Background Thread 2 ] DEBUG Engine               - isSingleStep: false
23:04:01.773 [FXGL Background Thread 2 ] DEBUG Engine               - cSSList: [fxgl_dark.css]
23:04:01.773 [FXGL Background Thread 2 ] DEBUG Engine               - fontGame: Abel-Regular.ttf
23:04:01.773 [FXGL Background Thread 2 ] DEBUG Engine               - menuKey: ESCAPE
23:04:01.773 [FXGL Background Thread 2 ] DEBUG Engine               - devShowPositionProperty: BooleanProperty [value: false]
23:04:01.773 [FXGL Background Thread 2 ] DEBUG Engine               - versionCheckDays: 7
23:04:01.773 [FXGL Background Thread 2 ] DEBUG Engine               - configClass: Optional.empty
23:04:01.774 [FXGL Background Thread 2 ] DEBUG Engine               - isFullScreenFromStart: false
23:04:01.774 [FXGL Background Thread 2 ] DEBUG Engine               - version: 0.1
23:04:01.774 [FXGL Background Thread 2 ] DEBUG Engine               - fullScreen: BooleanProperty [value: false]
23:04:01.774 [FXGL Background Thread 2 ] DEBUG Engine               - randomSeed: -1
23:04:01.774 [FXGL Background Thread 2 ] DEBUG Engine               - gameDifficultyProperty: ObjectProperty [value: MEDIUM]
23:04:01.774 [FXGL Background Thread 2 ] DEBUG Engine               - applicationMode: DEVELOPER
23:04:01.774 [FXGL Background Thread 2 ] DEBUG Engine               - isMac: false
23:04:01.774 [FXGL Background Thread 2 ] DEBUG Engine               - isMenuEnabled: false
23:04:01.774 [FXGL Background Thread 2 ] DEBUG Engine               - urlPOM: https://raw.githubusercontent.com/AlmasB/FXGL/master/pom.xml
23:04:01.774 [FXGL Background Thread 2 ] DEBUG Engine               - profileName: StringProperty [value: DEFAULT]
23:04:01.774 [FXGL Background Thread 2 ] DEBUG Engine               - notificationViewClass: class com.almasb.fxgl.notification.view.XboxNotificationView
23:04:01.774 [FXGL Background Thread 2 ] DEBUG Engine               - devSensorColorProperty: ObjectProperty [value: 0xffff00ff]
23:04:01.774 [FXGL Background Thread 2 ] DEBUG Engine               - sceneFactory: ui.MenuFactory@7aa5814d
23:04:01.774 [FXGL Background Thread 2 ] DEBUG Engine               - stageStyle: DECORATED
23:04:01.774 [FXGL Background Thread 2 ] DEBUG Engine               - isManualResizeEnabled: false
23:04:01.774 [FXGL Background Thread 2 ] DEBUG Engine               - title: FriendMaker2077
23:04:01.774 [FXGL Background Thread 2 ] DEBUG Engine               - platform: WINDOWS
23:04:01.775 [FXGL Background Thread 2 ] DEBUG Engine               - devBBoxColorProperty: ObjectProperty [value: 0xff0000ff]
23:04:01.775 [FXGL Background Thread 2 ] DEBUG Engine               - gameDifficulty: MEDIUM
23:04:01.775 [FXGL Background Thread 2 ] DEBUG Engine               - isDesktop: true
23:04:01.775 [FXGL Background Thread 2 ] DEBUG Engine               - supportedLanguages: [ENGLISH, FRENCH, GERMAN, HUNGARIAN, RUSSIAN]
23:04:01.775 [FXGL Background Thread 2 ] DEBUG Engine               - credits: []
23:04:01.775 [FXGL Background Thread 2 ] DEBUG Engine               - globalMusicVolumeProperty: DoubleProperty [value: 0.5]
23:04:01.775 [FXGL Background Thread 2 ] DEBUG Engine               - isPreserveResizeRatio: false
23:04:01.775 [FXGL Background Thread 2 ] DEBUG Engine               - fontText: Courier-Prime.ttf
23:04:01.775 [FXGL Background Thread 2 ] DEBUG Engine               - isExperimentalTiledLargeMap: false
23:04:01.775 [FXGL Background Thread 2 ] DEBUG Engine               - secondsIn24h: 60
23:04:01.775 [FXGL Background Thread 2 ] DEBUG Engine               - runtimeInfo: RuntimeInfo(platform=WINDOWS, version=11.8, build=08.03.2020 09.25)
23:04:01.775 [FXGL Background Thread 2 ] DEBUG Engine               - isLinux: false
23:04:01.775 [FXGL Background Thread 2 ] DEBUG Engine               - soundMenuPress: menu/press.wav
23:04:01.775 [FXGL Background Thread 2 ] DEBUG Engine               - urlGithub: https://github.com/AlmasB/FXGL
23:04:01.775 [FXGL Background Thread 2 ] DEBUG Engine               - profileDir: profiles/
23:04:01.775 [FXGL Background Thread 2 ] DEBUG Engine               - isDeveloperMenuEnabled: false
23:04:01.775 [FXGL Background Thread 2 ] DEBUG Engine               - globalSoundVolumeProperty: DoubleProperty [value: 0.5]
23:04:01.776 [FXGL Background Thread 2 ] DEBUG Engine               - mainWindow: com.almasb.fxgl.app.MainWindow@7e9a0ac1
23:04:01.776 [FXGL Background Thread 2 ] DEBUG Engine               - isBrowser: false
23:04:01.776 [FXGL Background Thread 2 ] DEBUG Engine               - globalSoundVolume: 0.5
23:04:01.776 [FXGL Background Thread 2 ] DEBUG Engine               - urlLeaderboard: http://fxgl-top.herokuapp.com/
23:04:01.776 [FXGL Background Thread 2 ] DEBUG Engine               - engineServices: [class com.almasb.fxgl.app.GameApplication$GameApplicationService, class com.almasb.fxgl.app.services.WindowService, class com.almasb.fxgl.app.services.FXGLDialogService, class com.almasb.fxgl.app.services.IOTaskExecutorService, class com.almasb.fxgl.event.EventBusService, class com.almasb.fxgl.io.FileSystemService, class com.almasb.fxgl.localization.LocalizationService, class com.almasb.fxgl.app.services.AssetLoaderService, class com.almasb.fxgl.app.services.SystemBundleService, class com.almasb.fxgl.profile.SaveLoadService, class com.almasb.fxgl.ui.FXGLUIFactoryServiceProvider, class com.almasb.fxgl.ui.FXGLDialogFactoryServiceProvider, class com.almasb.fxgl.audio.AudioPlayer, class com.almasb.fxgl.notification.impl.NotificationServiceProvider, class com.almasb.fxgl.achievement.AchievementService, class com.almasb.fxgl.cutscene.CutsceneService, class com.almasb.fxgl.minigames.MiniGameService, class com.almasb.fxgl.net.NetService, class com.almasb.fxgl.app.services.UpdaterService]
23:04:01.776 [FXGL Background Thread 2 ] DEBUG Engine               - globalMusicVolume: 0.5
23:04:01.776 [FXGL Background Thread 2 ] DEBUG Engine               - width: 640
23:04:01.776 [FXGL Background Thread 2 ] DEBUG Engine               - saveFileExt: sav
23:04:01.776 [FXGL Background Thread 2 ] DEBUG Engine               - isAndroid: false
23:04:01.776 [FXGL Background Thread 2 ] DEBUG Engine               - fontUI: VarelaRound-Regular.ttf
23:04:01.776 [FXGL Background Thread 2 ] DEBUG Engine               - enabledMenuItems: [SAVE_LOAD, EXTRA, ONLINE]
23:04:01.776 [FXGL Background Thread 2 ] DEBUG Engine               - isIOS: false
23:04:01.776 [FXGL Background Thread 2 ] DEBUG Engine               - Logging services
23:04:01.776 [FXGL Background Thread 2 ] DEBUG Engine               - class com.almasb.fxgl.app.GameApplication$GameApplicationService
23:04:01.776 [FXGL Background Thread 2 ] DEBUG Engine               - class com.almasb.fxgl.app.services.WindowService
23:04:01.777 [FXGL Background Thread 2 ] DEBUG Engine               - class com.almasb.fxgl.app.services.FXGLDialogService
23:04:01.777 [FXGL Background Thread 2 ] DEBUG Engine               - class com.almasb.fxgl.app.services.IOTaskExecutorService
23:04:01.777 [FXGL Background Thread 2 ] DEBUG Engine               - class com.almasb.fxgl.event.EventBusService
23:04:01.777 [FXGL Background Thread 2 ] DEBUG Engine               - class com.almasb.fxgl.io.FileSystemService
23:04:01.777 [FXGL Background Thread 2 ] DEBUG Engine               - class com.almasb.fxgl.localization.LocalizationService
23:04:01.777 [FXGL Background Thread 2 ] DEBUG Engine               - class com.almasb.fxgl.app.services.AssetLoaderService
23:04:01.777 [FXGL Background Thread 2 ] DEBUG Engine               - class com.almasb.fxgl.app.services.SystemBundleService
23:04:01.777 [FXGL Background Thread 2 ] DEBUG Engine               - class com.almasb.fxgl.profile.SaveLoadService
23:04:01.777 [FXGL Background Thread 2 ] DEBUG Engine               - class com.almasb.fxgl.ui.FXGLUIFactoryServiceProvider
23:04:01.777 [FXGL Background Thread 2 ] DEBUG Engine               - class com.almasb.fxgl.ui.FXGLDialogFactoryServiceProvider
23:04:01.777 [FXGL Background Thread 2 ] DEBUG Engine               - class com.almasb.fxgl.audio.AudioPlayer
23:04:01.777 [FXGL Background Thread 2 ] DEBUG Engine               - class com.almasb.fxgl.notification.impl.NotificationServiceProvider
23:04:01.777 [FXGL Background Thread 2 ] DEBUG Engine               - class com.almasb.fxgl.achievement.AchievementService
23:04:01.777 [FXGL Background Thread 2 ] DEBUG Engine               - class com.almasb.fxgl.cutscene.CutsceneService
23:04:01.777 [FXGL Background Thread 2 ] DEBUG Engine               - class com.almasb.fxgl.minigames.MiniGameService
23:04:01.777 [FXGL Background Thread 2 ] DEBUG Engine               - class com.almasb.fxgl.net.NetService
23:04:01.777 [FXGL Background Thread 2 ] DEBUG Engine               - class com.almasb.fxgl.app.services.UpdaterService
23:04:02.129 [JavaFX Application Thread] DEBUG MainWindow           - Push state: CustomPauseMenu
23:04:02.129 [JavaFX Application Thread] DEBUG Input                - Clearing active input actions
23:04:02.132 [JavaFX Application Thread] DEBUG WindowService        - Removing overlay from GameScene and adding to CustomPauseMenu
23:04:02.132 [JavaFX Application Thread] DEBUG MainWindow           - GameScene -> CustomPauseMenu
23:04:03.757 [JavaFX Application Thread] DEBUG MainWindow           - Pop state: CustomPauseMenu
23:04:03.757 [JavaFX Application Thread] DEBUG Input                - Clearing active input actions
23:04:03.757 [JavaFX Application Thread] DEBUG WindowService        - Removing overlay from CustomPauseMenu and adding to GameScene
23:04:03.758 [JavaFX Application Thread] DEBUG MainWindow           - GameScene <- CustomPauseMenu
23:04:06.189 [JavaFX Application Thread] DEBUG MainWindow           - Push state: CustomPauseMenu
23:04:06.189 [JavaFX Application Thread] DEBUG Input                - Clearing active input actions
23:04:06.189 [JavaFX Application Thread] DEBUG WindowService        - Removing overlay from GameScene and adding to CustomPauseMenu
23:04:06.189 [JavaFX Application Thread] DEBUG MainWindow           - GameScene -> CustomPauseMenu
23:04:07.789 [JavaFX Application Thread] DEBUG MainWindow           - Pop state: CustomPauseMenu
23:04:07.789 [JavaFX Application Thread] DEBUG Input                - Clearing active input actions
23:04:07.789 [JavaFX Application Thread] DEBUG WindowService        - Removing overlay from CustomPauseMenu and adding to GameScene
23:04:07.789 [JavaFX Application Thread] DEBUG MainWindow           - GameScene <- CustomPauseMenu
23:04:08.854 [JavaFX Application Thread] DEBUG GameApplication      - Exiting FXGL
23:04:08.854 [JavaFX Application Thread] DEBUG LoopRunner           - Stopping loop
23:04:08.854 [JavaFX Application Thread] DEBUG SystemBundleService  - Saving FXGL system data
23:04:08.855 [JavaFX Application Thread] DEBUG FileSystemAccess     - Writing to: C:\Users\Adam Cunard\git\FriendMaker2077-07-03\Project\system\fxgl.bundle
23:04:08.856 [JavaFX Application Thread] DEBUG GameApplication      - Shutting down background threads
23:04:08.856 [JavaFX Application Thread] DEBUG GameApplication      - Closing logger and exiting JavaFX
