16:09:32.678 [main                     ] DEBUG GameApplication      - Logger initialized
16:09:32.687 [main                     ] DEBUG GameApplication      - Logging settings
Title: FriendMaker2077
Version: 0.1
Width: 640
Height: 640
Fullscreen: false
Intro: false
Menus: false
Profiling: false
Single step:false
App Mode: DEVELOPER
Menu Key: ESCAPE
Stage Style: DECORATED
Scene Factory: class ui.MenuFactory

16:09:32.834 [JavaFX Application Thread] DEBUG GameApplication      - Initializing FXGL
16:09:32.839 [JavaFX Application Thread] INFO  Engine               - FXGL-11.8 (08.03.2020 09.25) on WINDOWS (J:13.0.2 FX:11.0.2)
16:09:32.839 [JavaFX Application Thread] INFO  Engine               - Source code and latest versions at: https://github.com/AlmasB/FXGL
16:09:32.840 [JavaFX Application Thread] INFO  Engine               -              Join the FXGL chat at: https://gitter.im/AlmasB/FXGL
16:09:32.903 [JavaFX Application Thread] DEBUG MainWindow           - Creating a JavaFX scene
16:09:32.933 [JavaFX Application Thread] DEBUG MainWindow           - Target settings size: 640.0 x 640.0
16:09:32.933 [JavaFX Application Thread] DEBUG MainWindow           - Scaled scene size:    640.0 x 640.0
16:09:32.933 [JavaFX Application Thread] DEBUG MainWindow           - Scaled ratio: (1.0, 1.0)
16:09:32.934 [JavaFX Application Thread] DEBUG MainWindow           - Set initial scene to FXGLStartupScene
16:09:32.937 [JavaFX Application Thread] DEBUG MainWindow           - Opening main window
16:09:32.989 [JavaFX Application Thread] DEBUG MainWindow           - Window border size: (16.0, 39.0)
16:09:32.989 [JavaFX Application Thread] DEBUG MainWindow           - Scaled size: 640.0 x 640.0
16:09:32.990 [JavaFX Application Thread] DEBUG MainWindow           - Scaled ratio: (1.0, 1.0)
16:09:32.990 [JavaFX Application Thread] DEBUG MainWindow           - Scene size: 640.0 x 640.0
16:09:32.990 [JavaFX Application Thread] DEBUG MainWindow           - Stage size: 656.0 x 679.0
16:09:32.994 [FXGL Background Thread 1 ] DEBUG Engine               - Initializing environment variables
16:09:33.014 [FXGL Background Thread 1 ] DEBUG WindowService        - Applying CSS: fxgl_dark.css
16:09:33.015 [FXGL Background Thread 1 ] DEBUG AssetLoaderService   - Loading from file system: /assets/ui/css/fxgl_dark.css
16:09:33.049 [FXGL Background Thread 1 ] DEBUG WindowService        - Initializing application scenes
16:09:33.071 [FXGL Background Thread 1 ] DEBUG GameWorld            - Game world initialized
16:09:33.097 [FXGL Background Thread 1 ] DEBUG PhysicsWorld         - Physics world initialized: appHeight=640, physics.ppm=50.0
16:09:33.098 [FXGL Background Thread 1 ] DEBUG GameScene            - Game scene initialized: 640x640
16:09:33.103 [FXGL Background Thread 1 ] DEBUG Input                - Registered new binding: Resume - Esc
16:09:33.113 [FXGL Background Thread 1 ] DEBUG Input                - Registered new binding: Pause - Esc
16:09:33.113 [FXGL Background Thread 1 ] DEBUG WindowService        - Application scenes initialized
16:09:33.121 [FXGL Background Thread 1 ] DEBUG SystemBundleService  - Loading FXGL system data
16:09:33.124 [FXGL Background Thread 1 ] DEBUG FileSystemAccess     - Reading from: C:\Users\otinn\git\FriendMaker2077-07-03\Project\system\fxgl.bundle
16:09:33.129 [FXGL Background Thread 1 ] DEBUG SystemBundleService  - Bundle FXGL: {}
16:09:33.130 [FXGL Background Thread 1 ] INFO  Engine               - FXGL initialization took: 0.135 sec
16:09:33.131 [FXGL Background Thread 1 ] DEBUG GameApplication      - Loading localizations
16:09:33.132 [FXGL Background Thread 1 ] DEBUG AssetLoaderService   - Loading from file system: /assets/properties/languages/english.properties
16:09:33.133 [FXGL Background Thread 1 ] DEBUG AssetLoaderService   - Loading from file system: /assets/properties/languages/french.properties
16:09:33.135 [FXGL Background Thread 1 ] DEBUG AssetLoaderService   - Loading from file system: /assets/properties/languages/german.properties
16:09:33.136 [FXGL Background Thread 1 ] DEBUG AssetLoaderService   - Loading from file system: /assets/properties/languages/hungarian.properties
16:09:33.137 [FXGL Background Thread 1 ] DEBUG AssetLoaderService   - Loading from file system: /assets/properties/languages/russian.properties
16:09:33.139 [FXGL Background Thread 1 ] DEBUG GameApplication      - Registering font factories with UI factory
16:09:33.139 [FXGL Background Thread 1 ] DEBUG AssetLoaderService   - Loading from file system: /assets/ui/fonts/VarelaRound-Regular.ttf
16:09:33.253 [FXGL Background Thread 1 ] DEBUG AssetLoaderService   - Loading from file system: /assets/ui/fonts/Abel-Regular.ttf
16:09:33.260 [FXGL Background Thread 1 ] DEBUG AssetLoaderService   - Loading from file system: /assets/ui/fonts/lucida_console.ttf
16:09:33.268 [FXGL Background Thread 1 ] DEBUG AssetLoaderService   - Loading from file system: /assets/ui/fonts/Courier-Prime.ttf
16:09:33.277 [JavaFX Application Thread] DEBUG Input                - Registered new binding: Move Right - D
16:09:33.277 [JavaFX Application Thread] DEBUG Input                - Registered new binding: Move Left - A
16:09:33.277 [JavaFX Application Thread] DEBUG Input                - Registered new binding: Move Up - W
16:09:33.277 [JavaFX Application Thread] DEBUG Input                - Registered new binding: Move Down - S
16:09:33.278 [JavaFX Application Thread] DEBUG Input                - Registered new binding: Play Sound - F
16:09:33.278 [JavaFX Application Thread] DEBUG AssetLoaderService   - Loading from file system: /assets/textures/fxgl_icon.png
16:09:33.311 [JavaFX Application Thread] DEBUG AssetLoaderService   - Loading from file system: /assets/ui/cursors/fxgl_default.png
16:09:33.313 [JavaFX Application Thread] DEBUG Input                - Registered new binding: Screenshot - P
16:09:33.313 [JavaFX Application Thread] DEBUG Input                - Registered new binding: System info dump - CTRL+9
16:09:33.313 [JavaFX Application Thread] DEBUG Input                - Registered new binding: Restart - CTRL+R
16:09:33.314 [JavaFX Application Thread] DEBUG LoopRunner           - Starting loop
16:09:33.326 [JavaFX Application Thread] DEBUG FXGLStartupScene     - STARTUP
16:09:33.326 [JavaFX Application Thread] DEBUG WindowService        - Starting new game
16:09:33.327 [JavaFX Application Thread] DEBUG Input                - Clearing active input actions
16:09:33.336 [JavaFX Application Thread] DEBUG WindowService        - Removing overlay from FXGLStartupScene and adding to FXGLLoadingScene
16:09:33.336 [JavaFX Application Thread] DEBUG MainWindow           - FXGLStartupScene -> FXGLLoadingScene
16:09:33.336 [JavaFX Application Thread] DEBUG WindowService        - Clearing previous game
16:09:33.336 [JavaFX Application Thread] DEBUG GameScene            - Clearing game scene
16:09:33.336 [JavaFX Application Thread] DEBUG GameWorld            - Clearing game world
16:09:33.336 [JavaFX Application Thread] DEBUG PhysicsWorld         - Clearing physics world
16:09:33.337 [FXGL Background Thread 1 ] DEBUG GameApplication      - Initializing game
16:09:33.343 [FXGL Background Thread 1 ] DEBUG AssetLoaderService   - Loading from file system: /assets/music/soundtrack.wav
16:09:33.420 [FXGL Background Thread 1 ] DEBUG AudioPlayer          - Playing music com.almasb.fxgl.audio.Music@2d81778c
16:09:33.424 [FXGL Background Thread 1 ] DEBUG AssetLoaderService   - Loading from file system: /assets/textures/Room.png
16:09:33.439 [FXGL Background Thread 1 ] DEBUG AssetLoaderService   - Loading from cache: /assets/textures/Room.png
16:09:33.440 [FXGL Background Thread 1 ] DEBUG AssetLoaderService   - Loading from file system: /assets/textures/EmptyMap.png
16:09:33.574 [FXGL Background Thread 1 ] DEBUG AssetLoaderService   - Loading from file system: /assets/textures/player.png
16:09:33.575 [FXGL Background Thread 1 ] DEBUG AssetLoaderService   - Loading from cache: /assets/textures/player.png
16:09:33.575 [FXGL Background Thread 1 ] DEBUG AssetLoaderService   - Loading from cache: /assets/textures/player.png
16:09:33.575 [FXGL Background Thread 1 ] DEBUG AssetLoaderService   - Loading from cache: /assets/textures/player.png
16:09:33.575 [FXGL Background Thread 1 ] DEBUG AssetLoaderService   - Loading from cache: /assets/textures/player.png
16:09:33.575 [FXGL Background Thread 1 ] DEBUG AssetLoaderService   - Loading from cache: /assets/textures/player.png
16:09:33.576 [FXGL Background Thread 1 ] DEBUG AssetLoaderService   - Loading from file system: /assets/textures/bbox.png
16:09:33.579 [FXGL Background Thread 1 ] DEBUG AssetLoaderService   - Loading from file system: /assets/textures/froggysprite.png
16:09:33.580 [FXGL Background Thread 1 ] DEBUG AssetLoaderService   - Loading from cache: /assets/textures/froggysprite.png
16:09:33.580 [FXGL Background Thread 1 ] DEBUG AssetLoaderService   - Loading from cache: /assets/textures/froggysprite.png
16:09:33.580 [FXGL Background Thread 1 ] DEBUG AssetLoaderService   - Loading from cache: /assets/textures/bbox.png
16:09:33.581 [FXGL Background Thread 1 ] DEBUG AssetLoaderService   - Loading from file system: /assets/textures/bush.png
16:09:33.582 [FXGL Background Thread 1 ] DEBUG AssetLoaderService   - Loading from cache: /assets/textures/bush.png
16:09:33.583 [FXGL Background Thread 1 ] DEBUG AssetLoaderService   - Loading from file system: /assets/textures/rock.png
16:09:33.584 [FXGL Background Thread 1 ] DEBUG AssetLoaderService   - Loading from cache: /assets/textures/rock.png
16:09:33.584 [FXGL Background Thread 1 ] DEBUG AssetLoaderService   - Loading from file system: /assets/textures/tree.png
16:09:33.585 [FXGL Background Thread 1 ] DEBUG AssetLoaderService   - Loading from cache: /assets/textures/bush.png
16:09:33.585 [FXGL Background Thread 1 ] DEBUG AssetLoaderService   - Loading from cache: /assets/textures/tree.png
16:09:33.586 [FXGL Background Thread 1 ] DEBUG AssetLoaderService   - Loading from cache: /assets/textures/bush.png
16:09:33.586 [FXGL Background Thread 1 ] DEBUG AssetLoaderService   - Loading from file system: /assets/textures/appletree.png
16:09:33.587 [FXGL Background Thread 1 ] DEBUG AssetLoaderService   - Loading from cache: /assets/textures/bush.png
16:09:33.588 [FXGL Background Thread 1 ] DEBUG AssetLoaderService   - Loading from cache: /assets/textures/tree.png
16:09:33.588 [FXGL Background Thread 1 ] DEBUG AssetLoaderService   - Loading from cache: /assets/textures/bush.png
16:09:33.589 [FXGL Background Thread 1 ] DEBUG AssetLoaderService   - Loading from cache: /assets/textures/appletree.png
16:09:33.589 [FXGL Background Thread 1 ] DEBUG AssetLoaderService   - Loading from cache: /assets/textures/bush.png
16:09:33.590 [FXGL Background Thread 1 ] DEBUG AssetLoaderService   - Loading from cache: /assets/textures/appletree.png
16:09:33.590 [FXGL Background Thread 1 ] DEBUG AssetLoaderService   - Loading from cache: /assets/textures/bush.png
16:09:33.591 [FXGL Background Thread 1 ] DEBUG AssetLoaderService   - Loading from cache: /assets/textures/tree.png
16:09:33.591 [FXGL Background Thread 1 ] DEBUG AssetLoaderService   - Loading from cache: /assets/textures/bush.png
16:09:33.592 [FXGL Background Thread 1 ] DEBUG AssetLoaderService   - Loading from cache: /assets/textures/tree.png
16:09:33.592 [FXGL Background Thread 1 ] DEBUG AssetLoaderService   - Loading from cache: /assets/textures/bush.png
16:09:33.592 [FXGL Background Thread 1 ] DEBUG AssetLoaderService   - Loading from cache: /assets/textures/tree.png
16:09:33.593 [FXGL Background Thread 1 ] DEBUG AssetLoaderService   - Loading from cache: /assets/textures/bush.png
16:09:33.593 [FXGL Background Thread 1 ] DEBUG AssetLoaderService   - Loading from cache: /assets/textures/bush.png
16:09:33.594 [FXGL Background Thread 1 ] DEBUG AssetLoaderService   - Loading from cache: /assets/textures/tree.png
16:09:33.594 [FXGL Background Thread 1 ] DEBUG AssetLoaderService   - Loading from cache: /assets/textures/tree.png
16:09:33.595 [FXGL Background Thread 1 ] DEBUG AssetLoaderService   - Loading from cache: /assets/textures/tree.png
16:09:33.595 [FXGL Background Thread 1 ] DEBUG AssetLoaderService   - Loading from cache: /assets/textures/bush.png
16:09:33.596 [FXGL Background Thread 1 ] DEBUG AssetLoaderService   - Loading from cache: /assets/textures/tree.png
16:09:33.596 [FXGL Background Thread 1 ] DEBUG AssetLoaderService   - Loading from cache: /assets/textures/bush.png
16:09:33.597 [FXGL Background Thread 1 ] DEBUG AssetLoaderService   - Loading from cache: /assets/textures/appletree.png
16:09:33.597 [FXGL Background Thread 1 ] DEBUG AssetLoaderService   - Loading from cache: /assets/textures/bush.png
16:09:33.598 [FXGL Background Thread 1 ] DEBUG AssetLoaderService   - Loading from cache: /assets/textures/tree.png
16:09:33.598 [FXGL Background Thread 1 ] DEBUG AssetLoaderService   - Loading from cache: /assets/textures/bush.png
16:09:33.599 [FXGL Background Thread 1 ] DEBUG AssetLoaderService   - Loading from cache: /assets/textures/appletree.png
16:09:33.599 [FXGL Background Thread 1 ] DEBUG AssetLoaderService   - Loading from cache: /assets/textures/bush.png
16:09:33.599 [FXGL Background Thread 1 ] DEBUG AssetLoaderService   - Loading from cache: /assets/textures/appletree.png
16:09:33.600 [FXGL Background Thread 1 ] DEBUG AssetLoaderService   - Loading from cache: /assets/textures/appletree.png
16:09:33.600 [FXGL Background Thread 1 ] DEBUG AssetLoaderService   - Loading from cache: /assets/textures/appletree.png
16:09:33.601 [FXGL Background Thread 1 ] DEBUG AssetLoaderService   - Loading from cache: /assets/textures/appletree.png
16:09:33.601 [FXGL Background Thread 1 ] DEBUG AssetLoaderService   - Loading from cache: /assets/textures/appletree.png
16:09:33.601 [FXGL Background Thread 1 ] DEBUG AssetLoaderService   - Loading from cache: /assets/textures/tree.png
16:09:33.602 [FXGL Background Thread 1 ] DEBUG AssetLoaderService   - Loading from cache: /assets/textures/tree.png
16:09:33.602 [FXGL Background Thread 1 ] DEBUG AssetLoaderService   - Loading from cache: /assets/textures/appletree.png
16:09:33.602 [FXGL Background Thread 1 ] DEBUG AssetLoaderService   - Loading from cache: /assets/textures/bush.png
16:09:33.603 [FXGL Background Thread 1 ] DEBUG AssetLoaderService   - Loading from cache: /assets/textures/appletree.png
16:09:33.603 [FXGL Background Thread 1 ] DEBUG AssetLoaderService   - Loading from cache: /assets/textures/bush.png
16:09:33.604 [FXGL Background Thread 1 ] DEBUG AssetLoaderService   - Loading from cache: /assets/textures/rock.png
16:09:33.604 [FXGL Background Thread 1 ] DEBUG AssetLoaderService   - Loading from cache: /assets/textures/tree.png
16:09:33.604 [FXGL Background Thread 1 ] DEBUG AssetLoaderService   - Loading from cache: /assets/textures/rock.png
16:09:33.605 [FXGL Background Thread 1 ] DEBUG AssetLoaderService   - Loading from cache: /assets/textures/appletree.png
16:09:33.605 [FXGL Background Thread 1 ] DEBUG AssetLoaderService   - Loading from cache: /assets/textures/appletree.png
16:09:33.606 [FXGL Background Thread 1 ] DEBUG AssetLoaderService   - Loading from file system: /assets/textures/lighthouse.png
16:09:33.607 [FXGL Background Thread 1 ] DEBUG AssetLoaderService   - Loading from file system: /assets/textures/greenhouse.png
16:09:33.608 [FXGL Background Thread 1 ] DEBUG AssetLoaderService   - Loading from file system: /assets/textures/bluehouse.png
16:09:33.610 [FXGL Background Thread 1 ] DEBUG AssetLoaderService   - Loading from file system: /assets/textures/redhouse.png
16:09:33.611 [FXGL Background Thread 1 ] DEBUG AssetLoaderService   - Loading from cache: /assets/textures/redhouse.png
16:09:33.611 [FXGL Background Thread 1 ] DEBUG AssetLoaderService   - Loading from cache: /assets/textures/bluehouse.png
16:09:33.612 [FXGL Background Thread 1 ] DEBUG AssetLoaderService   - Loading from cache: /assets/textures/bluehouse.png
16:09:33.612 [FXGL Background Thread 1 ] DEBUG AssetLoaderService   - Loading from cache: /assets/textures/redhouse.png
16:09:33.612 [FXGL Background Thread 1 ] DEBUG AssetLoaderService   - Loading from cache: /assets/textures/bluehouse.png
16:09:33.613 [FXGL Background Thread 1 ] DEBUG AssetLoaderService   - Loading from cache: /assets/textures/redhouse.png
16:09:33.613 [FXGL Background Thread 1 ] DEBUG AssetLoaderService   - Loading from cache: /assets/textures/lighthouse.png
16:09:33.613 [FXGL Background Thread 1 ] DEBUG AssetLoaderService   - Loading from cache: /assets/textures/greenhouse.png
16:09:33.614 [FXGL Background Thread 1 ] INFO  GameApplication      - Game initialization took: 0.277 sec
16:09:33.623 [JavaFX Application Thread] DEBUG Input                - Clearing active input actions
16:09:33.648 [JavaFX Application Thread] DEBUG WindowService        - Removing overlay from FXGLLoadingScene and adding to GameScene
16:09:33.649 [JavaFX Application Thread] DEBUG MainWindow           - FXGLLoadingScene -> GameScene
16:09:36.132 [FXGL Background Thread 2 ] DEBUG Engine               - Logging environment variables
16:09:36.132 [FXGL Background Thread 2 ] DEBUG Engine               - achievements: []
16:09:36.132 [FXGL Background Thread 2 ] DEBUG Engine               - language: ObjectProperty [value: ENGLISH]
16:09:36.132 [FXGL Background Thread 2 ] DEBUG Engine               - isCloseConfirmation: false
16:09:36.132 [FXGL Background Thread 2 ] DEBUG Engine               - isProfilingEnabled: false
16:09:36.132 [FXGL Background Thread 2 ] DEBUG Engine               - soundNotification: core/notification.wav
16:09:36.132 [FXGL Background Thread 2 ] DEBUG Engine               - devShowBBoxProperty: BooleanProperty [value: false]
16:09:36.132 [FXGL Background Thread 2 ] DEBUG Engine               - pixelsPerMeter: 50.0
16:09:36.133 [FXGL Background Thread 2 ] DEBUG Engine               - appIcon: fxgl_icon.png
16:09:36.133 [FXGL Background Thread 2 ] DEBUG Engine               - soundMenuBack: menu/back.wav
16:09:36.133 [FXGL Background Thread 2 ] DEBUG Engine               - isFullScreenAllowed: false
16:09:36.133 [FXGL Background Thread 2 ] DEBUG Engine               - isIntroEnabled: false
16:09:36.133 [FXGL Background Thread 2 ] DEBUG Engine               - fontMono: lucida_console.ttf
16:09:36.133 [FXGL Background Thread 2 ] DEBUG Engine               - soundMenuSelect: menu/select.wav
16:09:36.133 [FXGL Background Thread 2 ] DEBUG Engine               - isWindows: true
16:09:36.133 [FXGL Background Thread 2 ] DEBUG Engine               - isUserProfileEnabled: false
16:09:36.133 [FXGL Background Thread 2 ] DEBUG Engine               - isMobile: false
16:09:36.133 [FXGL Background Thread 2 ] DEBUG Engine               - height: 640
16:09:36.133 [FXGL Background Thread 2 ] DEBUG Engine               - isExperimentalNative: false
16:09:36.133 [FXGL Background Thread 2 ] DEBUG Engine               - settings: Title: FriendMaker2077
Version: 0.1
Width: 640
Height: 640
Fullscreen: false
Intro: false
Menus: false
Profiling: false
Single step:false
App Mode: DEVELOPER
Menu Key: ESCAPE
Stage Style: DECORATED
Scene Factory: class ui.MenuFactory

16:09:36.133 [FXGL Background Thread 2 ] DEBUG Engine               - cSSList: [fxgl_dark.css]
16:09:36.133 [FXGL Background Thread 2 ] DEBUG Engine               - isSingleStep: false
16:09:36.133 [FXGL Background Thread 2 ] DEBUG Engine               - fontGame: Abel-Regular.ttf
16:09:36.134 [FXGL Background Thread 2 ] DEBUG Engine               - menuKey: ESCAPE
16:09:36.134 [FXGL Background Thread 2 ] DEBUG Engine               - devShowPositionProperty: BooleanProperty [value: false]
16:09:36.134 [FXGL Background Thread 2 ] DEBUG Engine               - versionCheckDays: 7
16:09:36.134 [FXGL Background Thread 2 ] DEBUG Engine               - configClass: Optional.empty
16:09:36.134 [FXGL Background Thread 2 ] DEBUG Engine               - isFullScreenFromStart: false
16:09:36.134 [FXGL Background Thread 2 ] DEBUG Engine               - version: 0.1
16:09:36.134 [FXGL Background Thread 2 ] DEBUG Engine               - fullScreen: BooleanProperty [value: false]
16:09:36.134 [FXGL Background Thread 2 ] DEBUG Engine               - randomSeed: -1
16:09:36.134 [FXGL Background Thread 2 ] DEBUG Engine               - gameDifficultyProperty: ObjectProperty [value: MEDIUM]
16:09:36.134 [FXGL Background Thread 2 ] DEBUG Engine               - applicationMode: DEVELOPER
16:09:36.134 [FXGL Background Thread 2 ] DEBUG Engine               - isMac: false
16:09:36.134 [FXGL Background Thread 2 ] DEBUG Engine               - isMenuEnabled: false
16:09:36.134 [FXGL Background Thread 2 ] DEBUG Engine               - urlPOM: https://raw.githubusercontent.com/AlmasB/FXGL/master/pom.xml
16:09:36.134 [FXGL Background Thread 2 ] DEBUG Engine               - profileName: StringProperty [value: DEFAULT]
16:09:36.134 [FXGL Background Thread 2 ] DEBUG Engine               - notificationViewClass: class com.almasb.fxgl.notification.view.XboxNotificationView
16:09:36.135 [FXGL Background Thread 2 ] DEBUG Engine               - devSensorColorProperty: ObjectProperty [value: 0xffff00ff]
16:09:36.135 [FXGL Background Thread 2 ] DEBUG Engine               - sceneFactory: ui.MenuFactory@6bc499f5
16:09:36.135 [FXGL Background Thread 2 ] DEBUG Engine               - stageStyle: DECORATED
16:09:36.135 [FXGL Background Thread 2 ] DEBUG Engine               - isManualResizeEnabled: false
16:09:36.135 [FXGL Background Thread 2 ] DEBUG Engine               - title: FriendMaker2077
16:09:36.135 [FXGL Background Thread 2 ] DEBUG Engine               - platform: WINDOWS
16:09:36.135 [FXGL Background Thread 2 ] DEBUG Engine               - devBBoxColorProperty: ObjectProperty [value: 0xff0000ff]
16:09:36.135 [FXGL Background Thread 2 ] DEBUG Engine               - gameDifficulty: MEDIUM
16:09:36.135 [FXGL Background Thread 2 ] DEBUG Engine               - isDesktop: true
16:09:36.135 [FXGL Background Thread 2 ] DEBUG Engine               - supportedLanguages: [ENGLISH, FRENCH, GERMAN, HUNGARIAN, RUSSIAN]
16:09:36.135 [FXGL Background Thread 2 ] DEBUG Engine               - credits: []
16:09:36.135 [FXGL Background Thread 2 ] DEBUG Engine               - globalMusicVolumeProperty: DoubleProperty [value: 0.5]
16:09:36.135 [FXGL Background Thread 2 ] DEBUG Engine               - isPreserveResizeRatio: false
16:09:36.135 [FXGL Background Thread 2 ] DEBUG Engine               - fontText: Courier-Prime.ttf
16:09:36.135 [FXGL Background Thread 2 ] DEBUG Engine               - isExperimentalTiledLargeMap: false
16:09:36.135 [FXGL Background Thread 2 ] DEBUG Engine               - secondsIn24h: 60
16:09:36.135 [FXGL Background Thread 2 ] DEBUG Engine               - runtimeInfo: RuntimeInfo(platform=WINDOWS, version=11.8, build=08.03.2020 09.25)
16:09:36.136 [FXGL Background Thread 2 ] DEBUG Engine               - soundMenuPress: menu/press.wav
16:09:36.136 [FXGL Background Thread 2 ] DEBUG Engine               - isLinux: false
16:09:36.136 [FXGL Background Thread 2 ] DEBUG Engine               - urlGithub: https://github.com/AlmasB/FXGL
16:09:36.136 [FXGL Background Thread 2 ] DEBUG Engine               - profileDir: profiles/
16:09:36.136 [FXGL Background Thread 2 ] DEBUG Engine               - isDeveloperMenuEnabled: false
16:09:36.136 [FXGL Background Thread 2 ] DEBUG Engine               - globalSoundVolumeProperty: DoubleProperty [value: 0.5]
16:09:36.136 [FXGL Background Thread 2 ] DEBUG Engine               - mainWindow: com.almasb.fxgl.app.MainWindow@6ffb1055
16:09:36.136 [FXGL Background Thread 2 ] DEBUG Engine               - isBrowser: false
16:09:36.136 [FXGL Background Thread 2 ] DEBUG Engine               - globalSoundVolume: 0.5
16:09:36.136 [FXGL Background Thread 2 ] DEBUG Engine               - urlLeaderboard: http://fxgl-top.herokuapp.com/
16:09:36.136 [FXGL Background Thread 2 ] DEBUG Engine               - engineServices: [class com.almasb.fxgl.app.GameApplication$GameApplicationService, class com.almasb.fxgl.app.services.WindowService, class com.almasb.fxgl.app.services.FXGLDialogService, class com.almasb.fxgl.app.services.IOTaskExecutorService, class com.almasb.fxgl.event.EventBusService, class com.almasb.fxgl.io.FileSystemService, class com.almasb.fxgl.localization.LocalizationService, class com.almasb.fxgl.app.services.AssetLoaderService, class com.almasb.fxgl.app.services.SystemBundleService, class com.almasb.fxgl.profile.SaveLoadService, class com.almasb.fxgl.ui.FXGLUIFactoryServiceProvider, class com.almasb.fxgl.ui.FXGLDialogFactoryServiceProvider, class com.almasb.fxgl.audio.AudioPlayer, class com.almasb.fxgl.notification.impl.NotificationServiceProvider, class com.almasb.fxgl.achievement.AchievementService, class com.almasb.fxgl.cutscene.CutsceneService, class com.almasb.fxgl.minigames.MiniGameService, class com.almasb.fxgl.net.NetService, class com.almasb.fxgl.app.services.UpdaterService]
16:09:36.136 [FXGL Background Thread 2 ] DEBUG Engine               - globalMusicVolume: 0.5
16:09:36.136 [FXGL Background Thread 2 ] DEBUG Engine               - width: 640
16:09:36.136 [FXGL Background Thread 2 ] DEBUG Engine               - saveFileExt: sav
16:09:36.136 [FXGL Background Thread 2 ] DEBUG Engine               - isAndroid: false
16:09:36.136 [FXGL Background Thread 2 ] DEBUG Engine               - fontUI: VarelaRound-Regular.ttf
16:09:36.137 [FXGL Background Thread 2 ] DEBUG Engine               - enabledMenuItems: [SAVE_LOAD, EXTRA, ONLINE]
16:09:36.137 [FXGL Background Thread 2 ] DEBUG Engine               - isIOS: false
16:09:36.137 [FXGL Background Thread 2 ] DEBUG Engine               - Logging services
16:09:36.137 [FXGL Background Thread 2 ] DEBUG Engine               - class com.almasb.fxgl.app.GameApplication$GameApplicationService
16:09:36.137 [FXGL Background Thread 2 ] DEBUG Engine               - class com.almasb.fxgl.app.services.WindowService
16:09:36.137 [FXGL Background Thread 2 ] DEBUG Engine               - class com.almasb.fxgl.app.services.FXGLDialogService
16:09:36.137 [FXGL Background Thread 2 ] DEBUG Engine               - class com.almasb.fxgl.app.services.IOTaskExecutorService
16:09:36.137 [FXGL Background Thread 2 ] DEBUG Engine               - class com.almasb.fxgl.event.EventBusService
16:09:36.137 [FXGL Background Thread 2 ] DEBUG Engine               - class com.almasb.fxgl.io.FileSystemService
16:09:36.137 [FXGL Background Thread 2 ] DEBUG Engine               - class com.almasb.fxgl.localization.LocalizationService
16:09:36.137 [FXGL Background Thread 2 ] DEBUG Engine               - class com.almasb.fxgl.app.services.AssetLoaderService
16:09:36.137 [FXGL Background Thread 2 ] DEBUG Engine               - class com.almasb.fxgl.app.services.SystemBundleService
16:09:36.137 [FXGL Background Thread 2 ] DEBUG Engine               - class com.almasb.fxgl.profile.SaveLoadService
16:09:36.137 [FXGL Background Thread 2 ] DEBUG Engine               - class com.almasb.fxgl.ui.FXGLUIFactoryServiceProvider
16:09:36.137 [FXGL Background Thread 2 ] DEBUG Engine               - class com.almasb.fxgl.ui.FXGLDialogFactoryServiceProvider
16:09:36.137 [FXGL Background Thread 2 ] DEBUG Engine               - class com.almasb.fxgl.audio.AudioPlayer
16:09:36.137 [FXGL Background Thread 2 ] DEBUG Engine               - class com.almasb.fxgl.notification.impl.NotificationServiceProvider
16:09:36.137 [FXGL Background Thread 2 ] DEBUG Engine               - class com.almasb.fxgl.achievement.AchievementService
16:09:36.137 [FXGL Background Thread 2 ] DEBUG Engine               - class com.almasb.fxgl.cutscene.CutsceneService
16:09:36.138 [FXGL Background Thread 2 ] DEBUG Engine               - class com.almasb.fxgl.minigames.MiniGameService
16:09:36.138 [FXGL Background Thread 2 ] DEBUG Engine               - class com.almasb.fxgl.net.NetService
16:09:36.138 [FXGL Background Thread 2 ] DEBUG Engine               - class com.almasb.fxgl.app.services.UpdaterService
16:09:42.731 [JavaFX Application Thread] DEBUG AssetLoaderService   - Loading from file system: /assets/sounds/bump.wav
16:09:42.763 [JavaFX Application Thread] DEBUG AssetLoaderService   - Loading from cache: /assets/sounds/bump.wav
16:09:42.795 [JavaFX Application Thread] DEBUG AssetLoaderService   - Loading from cache: /assets/sounds/bump.wav
16:09:42.826 [JavaFX Application Thread] DEBUG AssetLoaderService   - Loading from cache: /assets/sounds/bump.wav
16:09:42.874 [JavaFX Application Thread] DEBUG AssetLoaderService   - Loading from cache: /assets/sounds/bump.wav
16:09:42.906 [JavaFX Application Thread] DEBUG AssetLoaderService   - Loading from cache: /assets/sounds/bump.wav
16:09:42.938 [JavaFX Application Thread] DEBUG AssetLoaderService   - Loading from cache: /assets/sounds/bump.wav
16:09:42.970 [JavaFX Application Thread] DEBUG AssetLoaderService   - Loading from cache: /assets/sounds/bump.wav
16:09:43.002 [JavaFX Application Thread] DEBUG AssetLoaderService   - Loading from cache: /assets/sounds/bump.wav
16:09:43.034 [JavaFX Application Thread] DEBUG AssetLoaderService   - Loading from cache: /assets/sounds/bump.wav
16:09:43.082 [JavaFX Application Thread] DEBUG AssetLoaderService   - Loading from cache: /assets/sounds/bump.wav
16:09:43.114 [JavaFX Application Thread] DEBUG AssetLoaderService   - Loading from cache: /assets/sounds/bump.wav
16:09:43.146 [JavaFX Application Thread] DEBUG AssetLoaderService   - Loading from cache: /assets/sounds/bump.wav
16:09:43.178 [JavaFX Application Thread] DEBUG AssetLoaderService   - Loading from cache: /assets/sounds/bump.wav
16:09:43.226 [JavaFX Application Thread] DEBUG AssetLoaderService   - Loading from cache: /assets/sounds/bump.wav
16:09:43.258 [JavaFX Application Thread] DEBUG AssetLoaderService   - Loading from cache: /assets/sounds/bump.wav
16:09:44.746 [JavaFX Application Thread] DEBUG AssetLoaderService   - Loading from cache: /assets/sounds/bump.wav
16:09:45.546 [JavaFX Application Thread] DEBUG AssetLoaderService   - Loading from cache: /assets/sounds/bump.wav
16:09:45.898 [JavaFX Application Thread] DEBUG AssetLoaderService   - Loading from cache: /assets/sounds/bump.wav
16:09:46.282 [JavaFX Application Thread] DEBUG AssetLoaderService   - Loading from cache: /assets/sounds/bump.wav
16:09:46.970 [JavaFX Application Thread] DEBUG AssetLoaderService   - Loading from cache: /assets/sounds/bump.wav
16:09:47.018 [JavaFX Application Thread] DEBUG AssetLoaderService   - Loading from cache: /assets/sounds/bump.wav
16:09:47.722 [JavaFX Application Thread] DEBUG AssetLoaderService   - Loading from cache: /assets/sounds/bump.wav
16:09:47.754 [JavaFX Application Thread] DEBUG AssetLoaderService   - Loading from cache: /assets/sounds/bump.wav
16:09:47.786 [JavaFX Application Thread] DEBUG AssetLoaderService   - Loading from cache: /assets/sounds/bump.wav
16:09:47.834 [JavaFX Application Thread] DEBUG AssetLoaderService   - Loading from cache: /assets/sounds/bump.wav
16:09:47.882 [JavaFX Application Thread] DEBUG AssetLoaderService   - Loading from cache: /assets/sounds/bump.wav
16:09:47.914 [JavaFX Application Thread] DEBUG AssetLoaderService   - Loading from cache: /assets/sounds/bump.wav
16:09:47.946 [JavaFX Application Thread] DEBUG AssetLoaderService   - Loading from cache: /assets/sounds/bump.wav
16:09:47.978 [JavaFX Application Thread] DEBUG AssetLoaderService   - Loading from cache: /assets/sounds/bump.wav
16:09:48.010 [JavaFX Application Thread] DEBUG AssetLoaderService   - Loading from cache: /assets/sounds/bump.wav
16:09:48.042 [JavaFX Application Thread] DEBUG AssetLoaderService   - Loading from cache: /assets/sounds/bump.wav
16:09:48.074 [JavaFX Application Thread] DEBUG AssetLoaderService   - Loading from cache: /assets/sounds/bump.wav
16:09:48.106 [JavaFX Application Thread] DEBUG AssetLoaderService   - Loading from cache: /assets/sounds/bump.wav
16:09:48.139 [JavaFX Application Thread] DEBUG AssetLoaderService   - Loading from cache: /assets/sounds/bump.wav
16:09:48.171 [JavaFX Application Thread] DEBUG AssetLoaderService   - Loading from cache: /assets/sounds/bump.wav
16:09:48.235 [JavaFX Application Thread] DEBUG AssetLoaderService   - Loading from cache: /assets/sounds/bump.wav
16:09:48.267 [JavaFX Application Thread] DEBUG AssetLoaderService   - Loading from cache: /assets/sounds/bump.wav
16:09:48.299 [JavaFX Application Thread] DEBUG AssetLoaderService   - Loading from cache: /assets/sounds/bump.wav
16:09:48.331 [JavaFX Application Thread] DEBUG AssetLoaderService   - Loading from cache: /assets/sounds/bump.wav
16:09:48.363 [JavaFX Application Thread] DEBUG AssetLoaderService   - Loading from cache: /assets/sounds/bump.wav
16:09:48.395 [JavaFX Application Thread] DEBUG AssetLoaderService   - Loading from cache: /assets/sounds/bump.wav
16:09:48.427 [JavaFX Application Thread] DEBUG AssetLoaderService   - Loading from cache: /assets/sounds/bump.wav
16:09:48.459 [JavaFX Application Thread] DEBUG AssetLoaderService   - Loading from cache: /assets/sounds/bump.wav
16:09:48.491 [JavaFX Application Thread] DEBUG AssetLoaderService   - Loading from cache: /assets/sounds/bump.wav
16:09:48.523 [JavaFX Application Thread] DEBUG AssetLoaderService   - Loading from cache: /assets/sounds/bump.wav
16:09:48.571 [JavaFX Application Thread] DEBUG AssetLoaderService   - Loading from cache: /assets/sounds/bump.wav
16:09:48.619 [JavaFX Application Thread] DEBUG AssetLoaderService   - Loading from cache: /assets/sounds/bump.wav
16:09:48.651 [JavaFX Application Thread] DEBUG AssetLoaderService   - Loading from cache: /assets/sounds/bump.wav
16:09:48.683 [JavaFX Application Thread] DEBUG AssetLoaderService   - Loading from cache: /assets/sounds/bump.wav
16:09:48.715 [JavaFX Application Thread] DEBUG AssetLoaderService   - Loading from cache: /assets/sounds/bump.wav
16:09:48.747 [JavaFX Application Thread] DEBUG AssetLoaderService   - Loading from cache: /assets/sounds/bump.wav
16:09:48.779 [JavaFX Application Thread] DEBUG AssetLoaderService   - Loading from cache: /assets/sounds/bump.wav
16:09:48.811 [JavaFX Application Thread] DEBUG AssetLoaderService   - Loading from cache: /assets/sounds/bump.wav
16:09:48.843 [JavaFX Application Thread] DEBUG AssetLoaderService   - Loading from cache: /assets/sounds/bump.wav
16:09:48.875 [JavaFX Application Thread] DEBUG AssetLoaderService   - Loading from cache: /assets/sounds/bump.wav
16:09:48.923 [JavaFX Application Thread] DEBUG AssetLoaderService   - Loading from cache: /assets/sounds/bump.wav
16:09:48.955 [JavaFX Application Thread] DEBUG AssetLoaderService   - Loading from cache: /assets/sounds/bump.wav
16:09:49.003 [JavaFX Application Thread] DEBUG AssetLoaderService   - Loading from cache: /assets/sounds/bump.wav
16:09:49.035 [JavaFX Application Thread] DEBUG AssetLoaderService   - Loading from cache: /assets/sounds/bump.wav
16:09:49.067 [JavaFX Application Thread] DEBUG AssetLoaderService   - Loading from cache: /assets/sounds/bump.wav
16:09:49.099 [JavaFX Application Thread] DEBUG AssetLoaderService   - Loading from cache: /assets/sounds/bump.wav
16:09:49.131 [JavaFX Application Thread] DEBUG AssetLoaderService   - Loading from cache: /assets/sounds/bump.wav
16:09:49.163 [JavaFX Application Thread] DEBUG AssetLoaderService   - Loading from cache: /assets/sounds/bump.wav
16:09:49.195 [JavaFX Application Thread] DEBUG AssetLoaderService   - Loading from cache: /assets/sounds/bump.wav
16:09:49.227 [JavaFX Application Thread] DEBUG AssetLoaderService   - Loading from cache: /assets/sounds/bump.wav
16:09:49.275 [JavaFX Application Thread] DEBUG AssetLoaderService   - Loading from cache: /assets/sounds/bump.wav
16:09:49.306 [JavaFX Application Thread] DEBUG AssetLoaderService   - Loading from cache: /assets/sounds/bump.wav
16:09:49.354 [JavaFX Application Thread] DEBUG AssetLoaderService   - Loading from cache: /assets/sounds/bump.wav
16:09:49.386 [JavaFX Application Thread] DEBUG AssetLoaderService   - Loading from cache: /assets/sounds/bump.wav
16:09:49.418 [JavaFX Application Thread] DEBUG AssetLoaderService   - Loading from cache: /assets/sounds/bump.wav
16:09:49.450 [JavaFX Application Thread] DEBUG AssetLoaderService   - Loading from cache: /assets/sounds/bump.wav
16:09:49.482 [JavaFX Application Thread] DEBUG AssetLoaderService   - Loading from cache: /assets/sounds/bump.wav
16:09:49.514 [JavaFX Application Thread] DEBUG AssetLoaderService   - Loading from cache: /assets/sounds/bump.wav
16:09:49.546 [JavaFX Application Thread] DEBUG AssetLoaderService   - Loading from cache: /assets/sounds/bump.wav
16:09:49.578 [JavaFX Application Thread] DEBUG AssetLoaderService   - Loading from cache: /assets/sounds/bump.wav
16:09:49.676 [JavaFX Application Thread] DEBUG GameApplication      - Exiting FXGL
16:09:49.676 [JavaFX Application Thread] DEBUG LoopRunner           - Stopping loop
16:09:49.676 [JavaFX Application Thread] DEBUG SystemBundleService  - Saving FXGL system data
16:09:49.677 [JavaFX Application Thread] DEBUG FileSystemAccess     - Writing to: C:\Users\otinn\git\FriendMaker2077-07-03\Project\system\fxgl.bundle
16:09:49.678 [JavaFX Application Thread] DEBUG GameApplication      - Shutting down background threads
16:09:49.678 [JavaFX Application Thread] DEBUG GameApplication      - Closing logger and exiting JavaFX
