22:00:57.998 [main                     ] DEBUG GameApplication      - Logger initialized
22:00:58.008 [main                     ] DEBUG GameApplication      - Logging settings
Title: FriendMaker2077
Version: 0.1
Width: 640
Height: 640
Fullscreen: false
Intro: false
Menus: false
Profiling: false
Single step:false
App Mode: DEVELOPER
Menu Key: ESCAPE
Stage Style: DECORATED
Scene Factory: class ui.MenuFactory

22:00:58.279 [JavaFX Application Thread] DEBUG GameApplication      - Initializing FXGL
22:00:58.285 [JavaFX Application Thread] INFO  Engine               - FXGL-11.8 (08.03.2020 09.25) on WINDOWS (J:13.0.2 FX:13.0.2)
22:00:58.285 [JavaFX Application Thread] INFO  Engine               - Source code and latest versions at: https://github.com/AlmasB/FXGL
22:00:58.285 [JavaFX Application Thread] INFO  Engine               -              Join the FXGL chat at: https://gitter.im/AlmasB/FXGL
22:00:58.354 [JavaFX Application Thread] DEBUG MainWindow           - Creating a JavaFX scene
22:00:58.383 [JavaFX Application Thread] DEBUG MainWindow           - Target settings size: 640.0 x 640.0
22:00:58.384 [JavaFX Application Thread] DEBUG MainWindow           - Scaled scene size:    640.0 x 640.0
22:00:58.384 [JavaFX Application Thread] DEBUG MainWindow           - Scaled ratio: (1.0, 1.0)
22:00:58.384 [JavaFX Application Thread] DEBUG MainWindow           - Set initial scene to FXGLStartupScene
22:00:58.388 [JavaFX Application Thread] DEBUG MainWindow           - Opening main window
22:00:58.457 [JavaFX Application Thread] DEBUG MainWindow           - Window border size: (16.0, 39.0)
22:00:58.458 [JavaFX Application Thread] DEBUG MainWindow           - Scaled size: 640.0 x 640.0
22:00:58.458 [JavaFX Application Thread] DEBUG MainWindow           - Scaled ratio: (1.0, 1.0)
22:00:58.458 [JavaFX Application Thread] DEBUG MainWindow           - Scene size: 640.0 x 640.0
22:00:58.458 [JavaFX Application Thread] DEBUG MainWindow           - Stage size: 656.0 x 679.0
22:00:58.463 [FXGL Background Thread 1 ] DEBUG Engine               - Initializing environment variables
22:00:58.483 [FXGL Background Thread 1 ] DEBUG WindowService        - Applying CSS: fxgl_dark.css
22:00:58.484 [FXGL Background Thread 1 ] DEBUG AssetLoaderService   - Loading from file system: /assets/ui/css/fxgl_dark.css
22:00:58.512 [FXGL Background Thread 1 ] DEBUG WindowService        - Initializing application scenes
22:00:58.531 [FXGL Background Thread 1 ] DEBUG GameWorld            - Game world initialized
22:00:58.551 [FXGL Background Thread 1 ] DEBUG PhysicsWorld         - Physics world initialized: appHeight=640, physics.ppm=50.0
22:00:58.553 [FXGL Background Thread 1 ] DEBUG GameScene            - Game scene initialized: 640x640
22:00:58.558 [FXGL Background Thread 1 ] DEBUG Input                - Registered new binding: Resume - Esc
22:00:58.566 [FXGL Background Thread 1 ] DEBUG Input                - Registered new binding: Pause - Esc
22:00:58.566 [FXGL Background Thread 1 ] DEBUG WindowService        - Application scenes initialized
22:00:58.572 [FXGL Background Thread 1 ] DEBUG SystemBundleService  - Loading FXGL system data
22:00:58.576 [FXGL Background Thread 1 ] DEBUG FileSystemAccess     - Reading from: C:\Users\Adam Cunard\git\FriendMaker2077-07-03\Project\system\fxgl.bundle
22:00:58.580 [FXGL Background Thread 1 ] DEBUG SystemBundleService  - Bundle FXGL: {}
22:00:58.580 [FXGL Background Thread 1 ] INFO  Engine               - FXGL initialization took: 0.114 sec
22:00:58.581 [FXGL Background Thread 1 ] DEBUG GameApplication      - Loading localizations
22:00:58.582 [FXGL Background Thread 1 ] DEBUG AssetLoaderService   - Loading from file system: /assets/properties/languages/english.properties
22:00:58.583 [FXGL Background Thread 1 ] DEBUG AssetLoaderService   - Loading from file system: /assets/properties/languages/french.properties
22:00:58.583 [FXGL Background Thread 1 ] DEBUG AssetLoaderService   - Loading from file system: /assets/properties/languages/german.properties
22:00:58.584 [FXGL Background Thread 1 ] DEBUG AssetLoaderService   - Loading from file system: /assets/properties/languages/hungarian.properties
22:00:58.585 [FXGL Background Thread 1 ] DEBUG AssetLoaderService   - Loading from file system: /assets/properties/languages/russian.properties
22:00:58.585 [FXGL Background Thread 1 ] DEBUG GameApplication      - Registering font factories with UI factory
22:00:58.586 [FXGL Background Thread 1 ] DEBUG AssetLoaderService   - Loading from file system: /assets/ui/fonts/VarelaRound-Regular.ttf
22:00:58.732 [FXGL Background Thread 1 ] DEBUG AssetLoaderService   - Loading from file system: /assets/ui/fonts/Abel-Regular.ttf
22:00:58.739 [FXGL Background Thread 1 ] DEBUG AssetLoaderService   - Loading from file system: /assets/ui/fonts/lucida_console.ttf
22:00:58.746 [FXGL Background Thread 1 ] DEBUG AssetLoaderService   - Loading from file system: /assets/ui/fonts/Courier-Prime.ttf
22:00:58.754 [JavaFX Application Thread] DEBUG Input                - Registered new binding: Move Right - D
22:00:58.754 [JavaFX Application Thread] DEBUG Input                - Registered new binding: Move Left - A
22:00:58.754 [JavaFX Application Thread] DEBUG Input                - Registered new binding: Move Up - W
22:00:58.754 [JavaFX Application Thread] DEBUG Input                - Registered new binding: Move Down - S
22:00:58.754 [JavaFX Application Thread] DEBUG Input                - Registered new binding: Play Sound - F
22:00:58.754 [JavaFX Application Thread] DEBUG AssetLoaderService   - Loading from file system: /assets/textures/fxgl_icon.png
22:00:58.778 [JavaFX Application Thread] DEBUG AssetLoaderService   - Loading from file system: /assets/ui/cursors/fxgl_default.png
22:00:58.780 [JavaFX Application Thread] DEBUG Input                - Registered new binding: Screenshot - P
22:00:58.780 [JavaFX Application Thread] DEBUG Input                - Registered new binding: System info dump - CTRL+9
22:00:58.780 [JavaFX Application Thread] DEBUG Input                - Registered new binding: Restart - CTRL+R
22:00:58.780 [JavaFX Application Thread] DEBUG LoopRunner           - Starting loop
22:00:58.800 [JavaFX Application Thread] DEBUG FXGLStartupScene     - STARTUP
22:00:58.800 [JavaFX Application Thread] DEBUG WindowService        - Starting new game
22:00:58.801 [JavaFX Application Thread] DEBUG Input                - Clearing active input actions
22:00:58.809 [JavaFX Application Thread] DEBUG WindowService        - Removing overlay from FXGLStartupScene and adding to FXGLLoadingScene
22:00:58.809 [JavaFX Application Thread] DEBUG MainWindow           - FXGLStartupScene -> FXGLLoadingScene
22:00:58.809 [JavaFX Application Thread] DEBUG WindowService        - Clearing previous game
22:00:58.809 [JavaFX Application Thread] DEBUG GameScene            - Clearing game scene
22:00:58.809 [JavaFX Application Thread] DEBUG GameWorld            - Clearing game world
22:00:58.809 [JavaFX Application Thread] DEBUG PhysicsWorld         - Clearing physics world
22:00:58.810 [FXGL Background Thread 1 ] DEBUG GameApplication      - Initializing game
22:00:58.816 [FXGL Background Thread 1 ] DEBUG AssetLoaderService   - Loading from file system: /assets/music/soundtrack.wav
22:00:58.918 [FXGL Background Thread 1 ] DEBUG AudioPlayer          - Playing music com.almasb.fxgl.audio.Music@51e46afd
22:00:58.921 [FXGL Background Thread 1 ] DEBUG AssetLoaderService   - Loading from file system: /assets/textures/Room.png
22:00:58.934 [FXGL Background Thread 1 ] DEBUG AssetLoaderService   - Loading from cache: /assets/textures/Room.png
22:00:58.934 [FXGL Background Thread 1 ] DEBUG AssetLoaderService   - Loading from file system: /assets/textures/EmptyMap.png
22:00:59.059 [FXGL Background Thread 1 ] DEBUG AssetLoaderService   - Loading from file system: /assets/textures/player.png
22:00:59.060 [FXGL Background Thread 1 ] DEBUG AssetLoaderService   - Loading from cache: /assets/textures/player.png
22:00:59.060 [FXGL Background Thread 1 ] DEBUG AssetLoaderService   - Loading from cache: /assets/textures/player.png
22:00:59.060 [FXGL Background Thread 1 ] DEBUG AssetLoaderService   - Loading from cache: /assets/textures/player.png
22:00:59.060 [FXGL Background Thread 1 ] DEBUG AssetLoaderService   - Loading from cache: /assets/textures/player.png
22:00:59.060 [FXGL Background Thread 1 ] DEBUG AssetLoaderService   - Loading from cache: /assets/textures/player.png
22:00:59.061 [FXGL Background Thread 1 ] DEBUG AssetLoaderService   - Loading from file system: /assets/textures/bbox.png
22:00:59.065 [FXGL Background Thread 1 ] DEBUG AssetLoaderService   - Loading from file system: /assets/textures/froggysprite.png
22:00:59.066 [FXGL Background Thread 1 ] DEBUG AssetLoaderService   - Loading from cache: /assets/textures/froggysprite.png
22:00:59.066 [FXGL Background Thread 1 ] DEBUG AssetLoaderService   - Loading from cache: /assets/textures/froggysprite.png
22:00:59.066 [FXGL Background Thread 1 ] DEBUG AssetLoaderService   - Loading from cache: /assets/textures/bbox.png
22:00:59.067 [FXGL Background Thread 1 ] DEBUG AssetLoaderService   - Loading from file system: /assets/textures/bush.png
22:00:59.068 [FXGL Background Thread 1 ] DEBUG AssetLoaderService   - Loading from cache: /assets/textures/bush.png
22:00:59.069 [FXGL Background Thread 1 ] DEBUG AssetLoaderService   - Loading from file system: /assets/textures/rock.png
22:00:59.070 [FXGL Background Thread 1 ] DEBUG AssetLoaderService   - Loading from cache: /assets/textures/rock.png
22:00:59.071 [FXGL Background Thread 1 ] DEBUG AssetLoaderService   - Loading from file system: /assets/textures/tree.png
22:00:59.072 [FXGL Background Thread 1 ] DEBUG AssetLoaderService   - Loading from cache: /assets/textures/bush.png
22:00:59.072 [FXGL Background Thread 1 ] DEBUG AssetLoaderService   - Loading from cache: /assets/textures/tree.png
22:00:59.073 [FXGL Background Thread 1 ] DEBUG AssetLoaderService   - Loading from cache: /assets/textures/bush.png
22:00:59.074 [FXGL Background Thread 1 ] DEBUG AssetLoaderService   - Loading from file system: /assets/textures/appletree.png
22:00:59.076 [FXGL Background Thread 1 ] DEBUG AssetLoaderService   - Loading from cache: /assets/textures/bush.png
22:00:59.076 [FXGL Background Thread 1 ] DEBUG AssetLoaderService   - Loading from cache: /assets/textures/tree.png
22:00:59.077 [FXGL Background Thread 1 ] DEBUG AssetLoaderService   - Loading from cache: /assets/textures/bush.png
22:00:59.077 [FXGL Background Thread 1 ] DEBUG AssetLoaderService   - Loading from cache: /assets/textures/appletree.png
22:00:59.078 [FXGL Background Thread 1 ] DEBUG AssetLoaderService   - Loading from cache: /assets/textures/bush.png
22:00:59.079 [FXGL Background Thread 1 ] DEBUG AssetLoaderService   - Loading from cache: /assets/textures/appletree.png
22:00:59.079 [FXGL Background Thread 1 ] DEBUG AssetLoaderService   - Loading from cache: /assets/textures/bush.png
22:00:59.079 [FXGL Background Thread 1 ] DEBUG AssetLoaderService   - Loading from cache: /assets/textures/tree.png
22:00:59.080 [FXGL Background Thread 1 ] DEBUG AssetLoaderService   - Loading from cache: /assets/textures/bush.png
22:00:59.080 [FXGL Background Thread 1 ] DEBUG AssetLoaderService   - Loading from cache: /assets/textures/tree.png
22:00:59.081 [FXGL Background Thread 1 ] DEBUG AssetLoaderService   - Loading from cache: /assets/textures/bush.png
22:00:59.081 [FXGL Background Thread 1 ] DEBUG AssetLoaderService   - Loading from cache: /assets/textures/tree.png
22:00:59.081 [FXGL Background Thread 1 ] DEBUG AssetLoaderService   - Loading from cache: /assets/textures/bush.png
22:00:59.082 [FXGL Background Thread 1 ] DEBUG AssetLoaderService   - Loading from cache: /assets/textures/bush.png
22:00:59.082 [FXGL Background Thread 1 ] DEBUG AssetLoaderService   - Loading from cache: /assets/textures/tree.png
22:00:59.083 [FXGL Background Thread 1 ] DEBUG AssetLoaderService   - Loading from cache: /assets/textures/tree.png
22:00:59.084 [FXGL Background Thread 1 ] DEBUG AssetLoaderService   - Loading from cache: /assets/textures/tree.png
22:00:59.084 [FXGL Background Thread 1 ] DEBUG AssetLoaderService   - Loading from cache: /assets/textures/bush.png
22:00:59.084 [FXGL Background Thread 1 ] DEBUG AssetLoaderService   - Loading from cache: /assets/textures/tree.png
22:00:59.085 [FXGL Background Thread 1 ] DEBUG AssetLoaderService   - Loading from cache: /assets/textures/bush.png
22:00:59.085 [FXGL Background Thread 1 ] DEBUG AssetLoaderService   - Loading from cache: /assets/textures/appletree.png
22:00:59.086 [FXGL Background Thread 1 ] DEBUG AssetLoaderService   - Loading from cache: /assets/textures/bush.png
22:00:59.086 [FXGL Background Thread 1 ] DEBUG AssetLoaderService   - Loading from cache: /assets/textures/tree.png
22:00:59.087 [FXGL Background Thread 1 ] DEBUG AssetLoaderService   - Loading from cache: /assets/textures/bush.png
22:00:59.087 [FXGL Background Thread 1 ] DEBUG AssetLoaderService   - Loading from cache: /assets/textures/appletree.png
22:00:59.088 [FXGL Background Thread 1 ] DEBUG AssetLoaderService   - Loading from cache: /assets/textures/bush.png
22:00:59.088 [FXGL Background Thread 1 ] DEBUG AssetLoaderService   - Loading from cache: /assets/textures/appletree.png
22:00:59.088 [FXGL Background Thread 1 ] DEBUG AssetLoaderService   - Loading from cache: /assets/textures/appletree.png
22:00:59.089 [FXGL Background Thread 1 ] DEBUG AssetLoaderService   - Loading from cache: /assets/textures/appletree.png
22:00:59.089 [FXGL Background Thread 1 ] DEBUG AssetLoaderService   - Loading from cache: /assets/textures/appletree.png
22:00:59.090 [FXGL Background Thread 1 ] DEBUG AssetLoaderService   - Loading from cache: /assets/textures/appletree.png
22:00:59.090 [FXGL Background Thread 1 ] DEBUG AssetLoaderService   - Loading from cache: /assets/textures/tree.png
22:00:59.091 [FXGL Background Thread 1 ] DEBUG AssetLoaderService   - Loading from cache: /assets/textures/tree.png
22:00:59.091 [FXGL Background Thread 1 ] DEBUG AssetLoaderService   - Loading from cache: /assets/textures/appletree.png
22:00:59.092 [FXGL Background Thread 1 ] DEBUG AssetLoaderService   - Loading from cache: /assets/textures/bush.png
22:00:59.093 [FXGL Background Thread 1 ] DEBUG AssetLoaderService   - Loading from cache: /assets/textures/appletree.png
22:00:59.093 [FXGL Background Thread 1 ] DEBUG AssetLoaderService   - Loading from cache: /assets/textures/bush.png
22:00:59.094 [FXGL Background Thread 1 ] DEBUG AssetLoaderService   - Loading from cache: /assets/textures/rock.png
22:00:59.094 [FXGL Background Thread 1 ] DEBUG AssetLoaderService   - Loading from cache: /assets/textures/tree.png
22:00:59.095 [FXGL Background Thread 1 ] DEBUG AssetLoaderService   - Loading from cache: /assets/textures/rock.png
22:00:59.095 [FXGL Background Thread 1 ] DEBUG AssetLoaderService   - Loading from cache: /assets/textures/appletree.png
22:00:59.095 [FXGL Background Thread 1 ] DEBUG AssetLoaderService   - Loading from cache: /assets/textures/appletree.png
22:00:59.096 [FXGL Background Thread 1 ] DEBUG AssetLoaderService   - Loading from file system: /assets/textures/lighthouse.png
22:00:59.097 [FXGL Background Thread 1 ] DEBUG AssetLoaderService   - Loading from file system: /assets/textures/greenhouse.png
22:00:59.098 [FXGL Background Thread 1 ] DEBUG AssetLoaderService   - Loading from file system: /assets/textures/bluehouse.png
22:00:59.099 [FXGL Background Thread 1 ] DEBUG AssetLoaderService   - Loading from file system: /assets/textures/redhouse.png
22:00:59.100 [FXGL Background Thread 1 ] DEBUG AssetLoaderService   - Loading from cache: /assets/textures/redhouse.png
22:00:59.101 [FXGL Background Thread 1 ] DEBUG AssetLoaderService   - Loading from cache: /assets/textures/bluehouse.png
22:00:59.101 [FXGL Background Thread 1 ] DEBUG AssetLoaderService   - Loading from cache: /assets/textures/bluehouse.png
22:00:59.102 [FXGL Background Thread 1 ] DEBUG AssetLoaderService   - Loading from cache: /assets/textures/redhouse.png
22:00:59.102 [FXGL Background Thread 1 ] DEBUG AssetLoaderService   - Loading from cache: /assets/textures/bluehouse.png
22:00:59.102 [FXGL Background Thread 1 ] DEBUG AssetLoaderService   - Loading from cache: /assets/textures/redhouse.png
22:00:59.103 [FXGL Background Thread 1 ] DEBUG AssetLoaderService   - Loading from cache: /assets/textures/lighthouse.png
22:00:59.103 [FXGL Background Thread 1 ] DEBUG AssetLoaderService   - Loading from cache: /assets/textures/greenhouse.png
22:00:59.104 [FXGL Background Thread 1 ] INFO  GameApplication      - Game initialization took: 0.293 sec
22:00:59.108 [JavaFX Application Thread] DEBUG Input                - Clearing active input actions
22:00:59.130 [JavaFX Application Thread] DEBUG WindowService        - Removing overlay from FXGLLoadingScene and adding to GameScene
22:00:59.131 [JavaFX Application Thread] DEBUG MainWindow           - FXGLLoadingScene -> GameScene
22:01:00.621 [JavaFX Application Thread] DEBUG AssetLoaderService   - Loading from file system: /assets/sounds/bump.wav
22:01:01.581 [FXGL Background Thread 2 ] DEBUG Engine               - Logging environment variables
22:01:01.581 [FXGL Background Thread 2 ] DEBUG Engine               - achievements: []
22:01:01.581 [FXGL Background Thread 2 ] DEBUG Engine               - language: ObjectProperty [value: ENGLISH]
22:01:01.581 [FXGL Background Thread 2 ] DEBUG Engine               - isCloseConfirmation: false
22:01:01.581 [FXGL Background Thread 2 ] DEBUG Engine               - isProfilingEnabled: false
22:01:01.581 [FXGL Background Thread 2 ] DEBUG Engine               - soundNotification: core/notification.wav
22:01:01.581 [FXGL Background Thread 2 ] DEBUG Engine               - devShowBBoxProperty: BooleanProperty [value: false]
22:01:01.581 [FXGL Background Thread 2 ] DEBUG Engine               - pixelsPerMeter: 50.0
22:01:01.581 [FXGL Background Thread 2 ] DEBUG Engine               - soundMenuBack: menu/back.wav
22:01:01.581 [FXGL Background Thread 2 ] DEBUG Engine               - appIcon: fxgl_icon.png
22:01:01.581 [FXGL Background Thread 2 ] DEBUG Engine               - isFullScreenAllowed: false
22:01:01.581 [FXGL Background Thread 2 ] DEBUG Engine               - isIntroEnabled: false
22:01:01.581 [FXGL Background Thread 2 ] DEBUG Engine               - fontMono: lucida_console.ttf
22:01:01.582 [FXGL Background Thread 2 ] DEBUG Engine               - soundMenuSelect: menu/select.wav
22:01:01.582 [FXGL Background Thread 2 ] DEBUG Engine               - isWindows: true
22:01:01.582 [FXGL Background Thread 2 ] DEBUG Engine               - isMobile: false
22:01:01.582 [FXGL Background Thread 2 ] DEBUG Engine               - isUserProfileEnabled: false
22:01:01.582 [FXGL Background Thread 2 ] DEBUG Engine               - height: 640
22:01:01.582 [FXGL Background Thread 2 ] DEBUG Engine               - isExperimentalNative: false
22:01:01.582 [FXGL Background Thread 2 ] DEBUG Engine               - settings: Title: FriendMaker2077
Version: 0.1
Width: 640
Height: 640
Fullscreen: false
Intro: false
Menus: false
Profiling: false
Single step:false
App Mode: DEVELOPER
Menu Key: ESCAPE
Stage Style: DECORATED
Scene Factory: class ui.MenuFactory

22:01:01.582 [FXGL Background Thread 2 ] DEBUG Engine               - isSingleStep: false
22:01:01.582 [FXGL Background Thread 2 ] DEBUG Engine               - cSSList: [fxgl_dark.css]
22:01:01.582 [FXGL Background Thread 2 ] DEBUG Engine               - fontGame: Abel-Regular.ttf
22:01:01.582 [FXGL Background Thread 2 ] DEBUG Engine               - menuKey: ESCAPE
22:01:01.582 [FXGL Background Thread 2 ] DEBUG Engine               - devShowPositionProperty: BooleanProperty [value: false]
22:01:01.582 [FXGL Background Thread 2 ] DEBUG Engine               - versionCheckDays: 7
22:01:01.582 [FXGL Background Thread 2 ] DEBUG Engine               - configClass: Optional.empty
22:01:01.582 [FXGL Background Thread 2 ] DEBUG Engine               - isFullScreenFromStart: false
22:01:01.583 [FXGL Background Thread 2 ] DEBUG Engine               - version: 0.1
22:01:01.583 [FXGL Background Thread 2 ] DEBUG Engine               - fullScreen: BooleanProperty [value: false]
22:01:01.583 [FXGL Background Thread 2 ] DEBUG Engine               - randomSeed: -1
22:01:01.583 [FXGL Background Thread 2 ] DEBUG Engine               - gameDifficultyProperty: ObjectProperty [value: MEDIUM]
22:01:01.583 [FXGL Background Thread 2 ] DEBUG Engine               - applicationMode: DEVELOPER
22:01:01.583 [FXGL Background Thread 2 ] DEBUG Engine               - isMac: false
22:01:01.583 [FXGL Background Thread 2 ] DEBUG Engine               - isMenuEnabled: false
22:01:01.583 [FXGL Background Thread 2 ] DEBUG Engine               - urlPOM: https://raw.githubusercontent.com/AlmasB/FXGL/master/pom.xml
22:01:01.583 [FXGL Background Thread 2 ] DEBUG Engine               - profileName: StringProperty [value: DEFAULT]
22:01:01.583 [FXGL Background Thread 2 ] DEBUG Engine               - notificationViewClass: class com.almasb.fxgl.notification.view.XboxNotificationView
22:01:01.583 [FXGL Background Thread 2 ] DEBUG Engine               - devSensorColorProperty: ObjectProperty [value: 0xffff00ff]
22:01:01.583 [FXGL Background Thread 2 ] DEBUG Engine               - sceneFactory: ui.MenuFactory@43ff2a4b
22:01:01.583 [FXGL Background Thread 2 ] DEBUG Engine               - stageStyle: DECORATED
22:01:01.583 [FXGL Background Thread 2 ] DEBUG Engine               - isManualResizeEnabled: false
22:01:01.583 [FXGL Background Thread 2 ] DEBUG Engine               - title: FriendMaker2077
22:01:01.584 [FXGL Background Thread 2 ] DEBUG Engine               - platform: WINDOWS
22:01:01.584 [FXGL Background Thread 2 ] DEBUG Engine               - devBBoxColorProperty: ObjectProperty [value: 0xff0000ff]
22:01:01.584 [FXGL Background Thread 2 ] DEBUG Engine               - gameDifficulty: MEDIUM
22:01:01.584 [FXGL Background Thread 2 ] DEBUG Engine               - isDesktop: true
22:01:01.584 [FXGL Background Thread 2 ] DEBUG Engine               - supportedLanguages: [ENGLISH, FRENCH, GERMAN, HUNGARIAN, RUSSIAN]
22:01:01.584 [FXGL Background Thread 2 ] DEBUG Engine               - credits: []
22:01:01.584 [FXGL Background Thread 2 ] DEBUG Engine               - globalMusicVolumeProperty: DoubleProperty [value: 0.5]
22:01:01.584 [FXGL Background Thread 2 ] DEBUG Engine               - isPreserveResizeRatio: false
22:01:01.584 [FXGL Background Thread 2 ] DEBUG Engine               - fontText: Courier-Prime.ttf
22:01:01.584 [FXGL Background Thread 2 ] DEBUG Engine               - isExperimentalTiledLargeMap: false
22:01:01.584 [FXGL Background Thread 2 ] DEBUG Engine               - secondsIn24h: 60
22:01:01.584 [FXGL Background Thread 2 ] DEBUG Engine               - runtimeInfo: RuntimeInfo(platform=WINDOWS, version=11.8, build=08.03.2020 09.25)
22:01:01.584 [FXGL Background Thread 2 ] DEBUG Engine               - isLinux: false
22:01:01.584 [FXGL Background Thread 2 ] DEBUG Engine               - soundMenuPress: menu/press.wav
22:01:01.584 [FXGL Background Thread 2 ] DEBUG Engine               - urlGithub: https://github.com/AlmasB/FXGL
22:01:01.584 [FXGL Background Thread 2 ] DEBUG Engine               - profileDir: profiles/
22:01:01.584 [FXGL Background Thread 2 ] DEBUG Engine               - globalSoundVolumeProperty: DoubleProperty [value: 0.5]
22:01:01.585 [FXGL Background Thread 2 ] DEBUG Engine               - isDeveloperMenuEnabled: false
22:01:01.585 [FXGL Background Thread 2 ] DEBUG Engine               - mainWindow: com.almasb.fxgl.app.MainWindow@47c0b6ec
22:01:01.585 [FXGL Background Thread 2 ] DEBUG Engine               - isBrowser: false
22:01:01.585 [FXGL Background Thread 2 ] DEBUG Engine               - urlLeaderboard: http://fxgl-top.herokuapp.com/
22:01:01.585 [FXGL Background Thread 2 ] DEBUG Engine               - globalSoundVolume: 0.5
22:01:01.585 [FXGL Background Thread 2 ] DEBUG Engine               - engineServices: [class com.almasb.fxgl.app.GameApplication$GameApplicationService, class com.almasb.fxgl.app.services.WindowService, class com.almasb.fxgl.app.services.FXGLDialogService, class com.almasb.fxgl.app.services.IOTaskExecutorService, class com.almasb.fxgl.event.EventBusService, class com.almasb.fxgl.io.FileSystemService, class com.almasb.fxgl.localization.LocalizationService, class com.almasb.fxgl.app.services.AssetLoaderService, class com.almasb.fxgl.app.services.SystemBundleService, class com.almasb.fxgl.profile.SaveLoadService, class com.almasb.fxgl.ui.FXGLUIFactoryServiceProvider, class com.almasb.fxgl.ui.FXGLDialogFactoryServiceProvider, class com.almasb.fxgl.audio.AudioPlayer, class com.almasb.fxgl.notification.impl.NotificationServiceProvider, class com.almasb.fxgl.achievement.AchievementService, class com.almasb.fxgl.cutscene.CutsceneService, class com.almasb.fxgl.minigames.MiniGameService, class com.almasb.fxgl.net.NetService, class com.almasb.fxgl.app.services.UpdaterService]
22:01:01.585 [FXGL Background Thread 2 ] DEBUG Engine               - globalMusicVolume: 0.5
22:01:01.585 [FXGL Background Thread 2 ] DEBUG Engine               - width: 640
22:01:01.585 [FXGL Background Thread 2 ] DEBUG Engine               - saveFileExt: sav
22:01:01.585 [FXGL Background Thread 2 ] DEBUG Engine               - isAndroid: false
22:01:01.585 [FXGL Background Thread 2 ] DEBUG Engine               - fontUI: VarelaRound-Regular.ttf
22:01:01.585 [FXGL Background Thread 2 ] DEBUG Engine               - enabledMenuItems: [SAVE_LOAD, EXTRA, ONLINE]
22:01:01.585 [FXGL Background Thread 2 ] DEBUG Engine               - isIOS: false
22:01:01.585 [FXGL Background Thread 2 ] DEBUG Engine               - Logging services
22:01:01.585 [FXGL Background Thread 2 ] DEBUG Engine               - class com.almasb.fxgl.app.GameApplication$GameApplicationService
22:01:01.586 [FXGL Background Thread 2 ] DEBUG Engine               - class com.almasb.fxgl.app.services.WindowService
22:01:01.586 [FXGL Background Thread 2 ] DEBUG Engine               - class com.almasb.fxgl.app.services.FXGLDialogService
22:01:01.586 [FXGL Background Thread 2 ] DEBUG Engine               - class com.almasb.fxgl.app.services.IOTaskExecutorService
22:01:01.586 [FXGL Background Thread 2 ] DEBUG Engine               - class com.almasb.fxgl.event.EventBusService
22:01:01.586 [FXGL Background Thread 2 ] DEBUG Engine               - class com.almasb.fxgl.io.FileSystemService
22:01:01.586 [FXGL Background Thread 2 ] DEBUG Engine               - class com.almasb.fxgl.localization.LocalizationService
22:01:01.586 [FXGL Background Thread 2 ] DEBUG Engine               - class com.almasb.fxgl.app.services.AssetLoaderService
22:01:01.586 [FXGL Background Thread 2 ] DEBUG Engine               - class com.almasb.fxgl.app.services.SystemBundleService
22:01:01.586 [FXGL Background Thread 2 ] DEBUG Engine               - class com.almasb.fxgl.profile.SaveLoadService
22:01:01.586 [FXGL Background Thread 2 ] DEBUG Engine               - class com.almasb.fxgl.ui.FXGLUIFactoryServiceProvider
22:01:01.586 [FXGL Background Thread 2 ] DEBUG Engine               - class com.almasb.fxgl.ui.FXGLDialogFactoryServiceProvider
22:01:01.586 [FXGL Background Thread 2 ] DEBUG Engine               - class com.almasb.fxgl.audio.AudioPlayer
22:01:01.586 [FXGL Background Thread 2 ] DEBUG Engine               - class com.almasb.fxgl.notification.impl.NotificationServiceProvider
22:01:01.586 [FXGL Background Thread 2 ] DEBUG Engine               - class com.almasb.fxgl.achievement.AchievementService
22:01:01.586 [FXGL Background Thread 2 ] DEBUG Engine               - class com.almasb.fxgl.cutscene.CutsceneService
22:01:01.586 [FXGL Background Thread 2 ] DEBUG Engine               - class com.almasb.fxgl.minigames.MiniGameService
22:01:01.586 [FXGL Background Thread 2 ] DEBUG Engine               - class com.almasb.fxgl.net.NetService
22:01:01.586 [FXGL Background Thread 2 ] DEBUG Engine               - class com.almasb.fxgl.app.services.UpdaterService
22:01:01.641 [JavaFX Application Thread] DEBUG MainWindow           - Push state: CustomPauseMenu
22:01:01.642 [JavaFX Application Thread] DEBUG Input                - Clearing active input actions
22:01:01.644 [JavaFX Application Thread] DEBUG WindowService        - Removing overlay from GameScene and adding to CustomPauseMenu
22:01:01.645 [JavaFX Application Thread] DEBUG MainWindow           - GameScene -> CustomPauseMenu
22:01:04.589 [JavaFX Application Thread] DEBUG MainWindow           - Pop state: CustomPauseMenu
22:01:04.589 [JavaFX Application Thread] DEBUG Input                - Clearing active input actions
22:01:04.589 [JavaFX Application Thread] DEBUG WindowService        - Removing overlay from CustomPauseMenu and adding to GameScene
22:01:04.590 [JavaFX Application Thread] DEBUG MainWindow           - GameScene <- CustomPauseMenu
22:01:06.313 [JavaFX Application Thread] DEBUG MainWindow           - Push state: CustomPauseMenu
22:01:06.313 [JavaFX Application Thread] DEBUG Input                - Clearing active input actions
22:01:06.313 [JavaFX Application Thread] DEBUG WindowService        - Removing overlay from GameScene and adding to CustomPauseMenu
22:01:06.313 [JavaFX Application Thread] DEBUG MainWindow           - GameScene -> CustomPauseMenu
22:01:08.381 [JavaFX Application Thread] DEBUG MainWindow           - Pop state: CustomPauseMenu
22:01:08.381 [JavaFX Application Thread] DEBUG Input                - Clearing active input actions
22:01:08.381 [JavaFX Application Thread] DEBUG WindowService        - Removing overlay from CustomPauseMenu and adding to GameScene
22:01:08.381 [JavaFX Application Thread] DEBUG MainWindow           - GameScene <- CustomPauseMenu
22:01:10.356 [JavaFX Application Thread] DEBUG MainWindow           - Push state: CustomPauseMenu
22:01:10.357 [JavaFX Application Thread] DEBUG Input                - Clearing active input actions
22:01:10.357 [JavaFX Application Thread] DEBUG WindowService        - Removing overlay from GameScene and adding to CustomPauseMenu
22:01:10.357 [JavaFX Application Thread] DEBUG MainWindow           - GameScene -> CustomPauseMenu
22:01:12.253 [JavaFX Application Thread] DEBUG MainWindow           - Pop state: CustomPauseMenu
22:01:12.253 [JavaFX Application Thread] DEBUG Input                - Clearing active input actions
22:01:12.253 [JavaFX Application Thread] DEBUG WindowService        - Removing overlay from CustomPauseMenu and adding to GameScene
22:01:12.253 [JavaFX Application Thread] DEBUG MainWindow           - GameScene <- CustomPauseMenu
22:01:14.177 [JavaFX Application Thread] DEBUG MainWindow           - Push state: CustomPauseMenu
22:01:14.177 [JavaFX Application Thread] DEBUG Input                - Clearing active input actions
22:01:14.178 [JavaFX Application Thread] DEBUG WindowService        - Removing overlay from GameScene and adding to CustomPauseMenu
22:01:14.178 [JavaFX Application Thread] DEBUG MainWindow           - GameScene -> CustomPauseMenu
22:01:16.269 [JavaFX Application Thread] DEBUG MainWindow           - Pop state: CustomPauseMenu
22:01:16.269 [JavaFX Application Thread] DEBUG Input                - Clearing active input actions
22:01:16.269 [JavaFX Application Thread] DEBUG WindowService        - Removing overlay from CustomPauseMenu and adding to GameScene
22:01:16.269 [JavaFX Application Thread] DEBUG MainWindow           - GameScene <- CustomPauseMenu
22:01:17.457 [JavaFX Application Thread] DEBUG MainWindow           - Push state: CustomPauseMenu
22:01:17.457 [JavaFX Application Thread] DEBUG Input                - Clearing active input actions
22:01:17.457 [JavaFX Application Thread] DEBUG WindowService        - Removing overlay from GameScene and adding to CustomPauseMenu
22:01:17.457 [JavaFX Application Thread] DEBUG MainWindow           - GameScene -> CustomPauseMenu
22:01:19.565 [JavaFX Application Thread] DEBUG MainWindow           - Pop state: CustomPauseMenu
22:01:19.565 [JavaFX Application Thread] DEBUG Input                - Clearing active input actions
22:01:19.565 [JavaFX Application Thread] DEBUG WindowService        - Removing overlay from CustomPauseMenu and adding to GameScene
22:01:19.565 [JavaFX Application Thread] DEBUG MainWindow           - GameScene <- CustomPauseMenu
22:01:21.256 [JavaFX Application Thread] DEBUG MainWindow           - Push state: CustomPauseMenu
22:01:21.256 [JavaFX Application Thread] DEBUG Input                - Clearing active input actions
22:01:21.257 [JavaFX Application Thread] DEBUG WindowService        - Removing overlay from GameScene and adding to CustomPauseMenu
22:01:21.257 [JavaFX Application Thread] DEBUG MainWindow           - GameScene -> CustomPauseMenu
22:01:23.324 [JavaFX Application Thread] DEBUG MainWindow           - Pop state: CustomPauseMenu
22:01:23.324 [JavaFX Application Thread] DEBUG Input                - Clearing active input actions
22:01:23.324 [JavaFX Application Thread] DEBUG WindowService        - Removing overlay from CustomPauseMenu and adding to GameScene
22:01:23.324 [JavaFX Application Thread] DEBUG MainWindow           - GameScene <- CustomPauseMenu
22:01:23.881 [JavaFX Application Thread] DEBUG MainWindow           - Push state: CustomPauseMenu
22:01:23.881 [JavaFX Application Thread] DEBUG Input                - Clearing active input actions
22:01:23.881 [JavaFX Application Thread] DEBUG WindowService        - Removing overlay from GameScene and adding to CustomPauseMenu
22:01:23.881 [JavaFX Application Thread] DEBUG MainWindow           - GameScene -> CustomPauseMenu
22:01:25.261 [JavaFX Application Thread] DEBUG MainWindow           - Pop state: CustomPauseMenu
22:01:25.261 [JavaFX Application Thread] DEBUG Input                - Clearing active input actions
22:01:25.261 [JavaFX Application Thread] DEBUG WindowService        - Removing overlay from CustomPauseMenu and adding to GameScene
22:01:25.261 [JavaFX Application Thread] DEBUG MainWindow           - GameScene <- CustomPauseMenu
22:01:26.729 [JavaFX Application Thread] DEBUG MainWindow           - Push state: CustomPauseMenu
22:01:26.729 [JavaFX Application Thread] DEBUG Input                - Clearing active input actions
22:01:26.729 [JavaFX Application Thread] DEBUG WindowService        - Removing overlay from GameScene and adding to CustomPauseMenu
22:01:26.729 [JavaFX Application Thread] DEBUG MainWindow           - GameScene -> CustomPauseMenu
22:01:28.732 [JavaFX Application Thread] DEBUG MainWindow           - Pop state: CustomPauseMenu
22:01:28.732 [JavaFX Application Thread] DEBUG Input                - Clearing active input actions
22:01:28.732 [JavaFX Application Thread] DEBUG WindowService        - Removing overlay from CustomPauseMenu and adding to GameScene
22:01:28.732 [JavaFX Application Thread] DEBUG MainWindow           - GameScene <- CustomPauseMenu
22:01:30.624 [JavaFX Application Thread] DEBUG MainWindow           - Push state: CustomPauseMenu
22:01:30.624 [JavaFX Application Thread] DEBUG Input                - Clearing active input actions
22:01:30.624 [JavaFX Application Thread] DEBUG WindowService        - Removing overlay from GameScene and adding to CustomPauseMenu
22:01:30.624 [JavaFX Application Thread] DEBUG MainWindow           - GameScene -> CustomPauseMenu
22:01:33.022 [JavaFX Application Thread] DEBUG MainWindow           - Pop state: CustomPauseMenu
22:01:33.022 [JavaFX Application Thread] DEBUG Input                - Clearing active input actions
22:01:33.022 [JavaFX Application Thread] DEBUG WindowService        - Removing overlay from CustomPauseMenu and adding to GameScene
22:01:33.022 [JavaFX Application Thread] DEBUG MainWindow           - GameScene <- CustomPauseMenu
22:01:34.637 [JavaFX Application Thread] DEBUG MainWindow           - Push state: CustomPauseMenu
22:01:34.637 [JavaFX Application Thread] DEBUG Input                - Clearing active input actions
22:01:34.638 [JavaFX Application Thread] DEBUG WindowService        - Removing overlay from GameScene and adding to CustomPauseMenu
22:01:34.638 [JavaFX Application Thread] DEBUG MainWindow           - GameScene -> CustomPauseMenu
22:01:36.877 [JavaFX Application Thread] DEBUG MainWindow           - Pop state: CustomPauseMenu
22:01:36.877 [JavaFX Application Thread] DEBUG Input                - Clearing active input actions
22:01:36.877 [JavaFX Application Thread] DEBUG WindowService        - Removing overlay from CustomPauseMenu and adding to GameScene
22:01:36.877 [JavaFX Application Thread] DEBUG MainWindow           - GameScene <- CustomPauseMenu
22:01:38.629 [JavaFX Application Thread] DEBUG MainWindow           - Push state: CustomPauseMenu
22:01:38.629 [JavaFX Application Thread] DEBUG Input                - Clearing active input actions
22:01:38.629 [JavaFX Application Thread] DEBUG WindowService        - Removing overlay from GameScene and adding to CustomPauseMenu
22:01:38.629 [JavaFX Application Thread] DEBUG MainWindow           - GameScene -> CustomPauseMenu
22:01:41.469 [JavaFX Application Thread] DEBUG MainWindow           - Pop state: CustomPauseMenu
22:01:41.469 [JavaFX Application Thread] DEBUG Input                - Clearing active input actions
22:01:41.469 [JavaFX Application Thread] DEBUG WindowService        - Removing overlay from CustomPauseMenu and adding to GameScene
22:01:41.469 [JavaFX Application Thread] DEBUG MainWindow           - GameScene <- CustomPauseMenu
22:01:43.549 [JavaFX Application Thread] DEBUG GameApplication      - Exiting FXGL
22:01:43.549 [JavaFX Application Thread] DEBUG LoopRunner           - Stopping loop
22:01:43.549 [JavaFX Application Thread] DEBUG SystemBundleService  - Saving FXGL system data
22:01:43.550 [JavaFX Application Thread] DEBUG FileSystemAccess     - Writing to: C:\Users\Adam Cunard\git\FriendMaker2077-07-03\Project\system\fxgl.bundle
22:01:43.551 [JavaFX Application Thread] DEBUG GameApplication      - Shutting down background threads
22:01:43.552 [JavaFX Application Thread] DEBUG GameApplication      - Closing logger and exiting JavaFX
