23:10:38.618 [main                     ] DEBUG GameApplication      - Logger initialized
23:10:38.628 [main                     ] DEBUG GameApplication      - Logging settings
Title: FriendMaker2077
Version: 0.1
Width: 640
Height: 640
Fullscreen: false
Intro: false
Menus: false
Profiling: false
Single step:false
App Mode: DEVELOPER
Menu Key: ESCAPE
Stage Style: DECORATED
Scene Factory: class ui.MenuFactory

23:10:38.905 [JavaFX Application Thread] DEBUG GameApplication      - Initializing FXGL
23:10:38.910 [JavaFX Application Thread] INFO  Engine               - FXGL-11.8 (08.03.2020 09.25) on WINDOWS (J:13.0.2 FX:13.0.2)
23:10:38.911 [JavaFX Application Thread] INFO  Engine               - Source code and latest versions at: https://github.com/AlmasB/FXGL
23:10:38.911 [JavaFX Application Thread] INFO  Engine               -              Join the FXGL chat at: https://gitter.im/AlmasB/FXGL
23:10:38.979 [JavaFX Application Thread] DEBUG MainWindow           - Creating a JavaFX scene
23:10:39.011 [JavaFX Application Thread] DEBUG MainWindow           - Target settings size: 640.0 x 640.0
23:10:39.011 [JavaFX Application Thread] DEBUG MainWindow           - Scaled scene size:    640.0 x 640.0
23:10:39.011 [JavaFX Application Thread] DEBUG MainWindow           - Scaled ratio: (1.0, 1.0)
23:10:39.012 [JavaFX Application Thread] DEBUG MainWindow           - Set initial scene to FXGLStartupScene
23:10:39.016 [JavaFX Application Thread] DEBUG MainWindow           - Opening main window
23:10:39.094 [JavaFX Application Thread] DEBUG MainWindow           - Window border size: (16.0, 39.0)
23:10:39.094 [JavaFX Application Thread] DEBUG MainWindow           - Scaled size: 640.0 x 640.0
23:10:39.095 [JavaFX Application Thread] DEBUG MainWindow           - Scaled ratio: (1.0, 1.0)
23:10:39.095 [JavaFX Application Thread] DEBUG MainWindow           - Scene size: 640.0 x 640.0
23:10:39.095 [JavaFX Application Thread] DEBUG MainWindow           - Stage size: 656.0 x 679.0
23:10:39.099 [FXGL Background Thread 1 ] DEBUG Engine               - Initializing environment variables
23:10:39.114 [FXGL Background Thread 1 ] DEBUG WindowService        - Applying CSS: fxgl_dark.css
23:10:39.115 [FXGL Background Thread 1 ] DEBUG AssetLoaderService   - Loading from file system: /assets/ui/css/fxgl_dark.css
23:10:39.142 [FXGL Background Thread 1 ] DEBUG WindowService        - Initializing application scenes
23:10:39.163 [FXGL Background Thread 1 ] DEBUG GameWorld            - Game world initialized
23:10:39.185 [FXGL Background Thread 1 ] DEBUG PhysicsWorld         - Physics world initialized: appHeight=640, physics.ppm=50.0
23:10:39.187 [FXGL Background Thread 1 ] DEBUG GameScene            - Game scene initialized: 640x640
23:10:39.192 [FXGL Background Thread 1 ] DEBUG Input                - Registered new binding: Resume - Esc
23:10:39.201 [FXGL Background Thread 1 ] DEBUG Input                - Registered new binding: Pause - Esc
23:10:39.201 [FXGL Background Thread 1 ] DEBUG WindowService        - Application scenes initialized
23:10:39.208 [FXGL Background Thread 1 ] DEBUG SystemBundleService  - Loading FXGL system data
23:10:39.211 [FXGL Background Thread 1 ] DEBUG FileSystemAccess     - Reading from: C:\Users\Adam Cunard\git\FriendMaker2077-07-03\Project\system\fxgl.bundle
23:10:39.215 [FXGL Background Thread 1 ] DEBUG SystemBundleService  - Bundle FXGL: {}
23:10:39.215 [FXGL Background Thread 1 ] INFO  Engine               - FXGL initialization took: 0.115 sec
23:10:39.216 [FXGL Background Thread 1 ] DEBUG GameApplication      - Loading localizations
23:10:39.217 [FXGL Background Thread 1 ] DEBUG AssetLoaderService   - Loading from file system: /assets/properties/languages/english.properties
23:10:39.218 [FXGL Background Thread 1 ] DEBUG AssetLoaderService   - Loading from file system: /assets/properties/languages/french.properties
23:10:39.219 [FXGL Background Thread 1 ] DEBUG AssetLoaderService   - Loading from file system: /assets/properties/languages/german.properties
23:10:39.219 [FXGL Background Thread 1 ] DEBUG AssetLoaderService   - Loading from file system: /assets/properties/languages/hungarian.properties
23:10:39.220 [FXGL Background Thread 1 ] DEBUG AssetLoaderService   - Loading from file system: /assets/properties/languages/russian.properties
23:10:39.221 [FXGL Background Thread 1 ] DEBUG GameApplication      - Registering font factories with UI factory
23:10:39.221 [FXGL Background Thread 1 ] DEBUG AssetLoaderService   - Loading from file system: /assets/ui/fonts/VarelaRound-Regular.ttf
23:10:39.370 [FXGL Background Thread 1 ] DEBUG AssetLoaderService   - Loading from file system: /assets/ui/fonts/Abel-Regular.ttf
23:10:39.376 [FXGL Background Thread 1 ] DEBUG AssetLoaderService   - Loading from file system: /assets/ui/fonts/lucida_console.ttf
23:10:39.384 [FXGL Background Thread 1 ] DEBUG AssetLoaderService   - Loading from file system: /assets/ui/fonts/Courier-Prime.ttf
23:10:39.392 [JavaFX Application Thread] DEBUG Input                - Registered new binding: Move Right - D
23:10:39.392 [JavaFX Application Thread] DEBUG Input                - Registered new binding: Move Left - A
23:10:39.392 [JavaFX Application Thread] DEBUG Input                - Registered new binding: Move Up - W
23:10:39.392 [JavaFX Application Thread] DEBUG Input                - Registered new binding: Move Down - S
23:10:39.392 [JavaFX Application Thread] DEBUG Input                - Registered new binding: Play Sound - F
23:10:39.392 [JavaFX Application Thread] DEBUG AssetLoaderService   - Loading from file system: /assets/textures/fxgl_icon.png
23:10:39.418 [JavaFX Application Thread] DEBUG AssetLoaderService   - Loading from file system: /assets/ui/cursors/fxgl_default.png
23:10:39.419 [JavaFX Application Thread] DEBUG Input                - Registered new binding: Screenshot - P
23:10:39.420 [JavaFX Application Thread] DEBUG Input                - Registered new binding: System info dump - CTRL+9
23:10:39.420 [JavaFX Application Thread] DEBUG Input                - Registered new binding: Restart - CTRL+R
23:10:39.421 [JavaFX Application Thread] DEBUG LoopRunner           - Starting loop
23:10:39.441 [JavaFX Application Thread] DEBUG FXGLStartupScene     - STARTUP
23:10:39.441 [JavaFX Application Thread] DEBUG WindowService        - Starting new game
23:10:39.442 [JavaFX Application Thread] DEBUG Input                - Clearing active input actions
23:10:39.449 [JavaFX Application Thread] DEBUG WindowService        - Removing overlay from FXGLStartupScene and adding to FXGLLoadingScene
23:10:39.449 [JavaFX Application Thread] DEBUG MainWindow           - FXGLStartupScene -> FXGLLoadingScene
23:10:39.449 [JavaFX Application Thread] DEBUG WindowService        - Clearing previous game
23:10:39.449 [JavaFX Application Thread] DEBUG GameScene            - Clearing game scene
23:10:39.449 [JavaFX Application Thread] DEBUG GameWorld            - Clearing game world
23:10:39.449 [JavaFX Application Thread] DEBUG PhysicsWorld         - Clearing physics world
23:10:39.451 [FXGL Background Thread 1 ] DEBUG GameApplication      - Initializing game
23:10:39.456 [FXGL Background Thread 1 ] DEBUG AssetLoaderService   - Loading from file system: /assets/music/soundtrack.wav
23:10:39.554 [FXGL Background Thread 1 ] DEBUG AudioPlayer          - Playing music com.almasb.fxgl.audio.Music@58f12d59
23:10:39.557 [FXGL Background Thread 1 ] DEBUG AssetLoaderService   - Loading from file system: /assets/textures/Room.png
23:10:39.574 [FXGL Background Thread 1 ] DEBUG AssetLoaderService   - Loading from cache: /assets/textures/Room.png
23:10:39.574 [FXGL Background Thread 1 ] DEBUG AssetLoaderService   - Loading from file system: /assets/textures/EmptyMap.png
23:10:39.692 [FXGL Background Thread 1 ] DEBUG AssetLoaderService   - Loading from file system: /assets/textures/player.png
23:10:39.693 [FXGL Background Thread 1 ] DEBUG AssetLoaderService   - Loading from cache: /assets/textures/player.png
23:10:39.693 [FXGL Background Thread 1 ] DEBUG AssetLoaderService   - Loading from cache: /assets/textures/player.png
23:10:39.693 [FXGL Background Thread 1 ] DEBUG AssetLoaderService   - Loading from cache: /assets/textures/player.png
23:10:39.693 [FXGL Background Thread 1 ] DEBUG AssetLoaderService   - Loading from cache: /assets/textures/player.png
23:10:39.693 [FXGL Background Thread 1 ] DEBUG AssetLoaderService   - Loading from cache: /assets/textures/player.png
23:10:39.694 [FXGL Background Thread 1 ] DEBUG AssetLoaderService   - Loading from file system: /assets/textures/bbox.png
23:10:39.697 [FXGL Background Thread 1 ] DEBUG AssetLoaderService   - Loading from file system: /assets/textures/froggysprite.png
23:10:39.698 [FXGL Background Thread 1 ] DEBUG AssetLoaderService   - Loading from cache: /assets/textures/froggysprite.png
23:10:39.698 [FXGL Background Thread 1 ] DEBUG AssetLoaderService   - Loading from cache: /assets/textures/froggysprite.png
23:10:39.698 [FXGL Background Thread 1 ] DEBUG AssetLoaderService   - Loading from cache: /assets/textures/bbox.png
23:10:39.699 [FXGL Background Thread 1 ] DEBUG AssetLoaderService   - Loading from file system: /assets/textures/bush.png
23:10:39.700 [FXGL Background Thread 1 ] DEBUG AssetLoaderService   - Loading from cache: /assets/textures/bush.png
23:10:39.700 [FXGL Background Thread 1 ] DEBUG AssetLoaderService   - Loading from file system: /assets/textures/rock.png
23:10:39.701 [FXGL Background Thread 1 ] DEBUG AssetLoaderService   - Loading from cache: /assets/textures/rock.png
23:10:39.702 [FXGL Background Thread 1 ] DEBUG AssetLoaderService   - Loading from file system: /assets/textures/tree.png
23:10:39.702 [FXGL Background Thread 1 ] DEBUG AssetLoaderService   - Loading from cache: /assets/textures/bush.png
23:10:39.703 [FXGL Background Thread 1 ] DEBUG AssetLoaderService   - Loading from cache: /assets/textures/tree.png
23:10:39.704 [FXGL Background Thread 1 ] DEBUG AssetLoaderService   - Loading from cache: /assets/textures/bush.png
23:10:39.704 [FXGL Background Thread 1 ] DEBUG AssetLoaderService   - Loading from file system: /assets/textures/appletree.png
23:10:39.706 [FXGL Background Thread 1 ] DEBUG AssetLoaderService   - Loading from cache: /assets/textures/bush.png
23:10:39.706 [FXGL Background Thread 1 ] DEBUG AssetLoaderService   - Loading from cache: /assets/textures/tree.png
23:10:39.706 [FXGL Background Thread 1 ] DEBUG AssetLoaderService   - Loading from cache: /assets/textures/bush.png
23:10:39.707 [FXGL Background Thread 1 ] DEBUG AssetLoaderService   - Loading from cache: /assets/textures/appletree.png
23:10:39.707 [FXGL Background Thread 1 ] DEBUG AssetLoaderService   - Loading from cache: /assets/textures/bush.png
23:10:39.708 [FXGL Background Thread 1 ] DEBUG AssetLoaderService   - Loading from cache: /assets/textures/appletree.png
23:10:39.708 [FXGL Background Thread 1 ] DEBUG AssetLoaderService   - Loading from cache: /assets/textures/bush.png
23:10:39.709 [FXGL Background Thread 1 ] DEBUG AssetLoaderService   - Loading from cache: /assets/textures/tree.png
23:10:39.709 [FXGL Background Thread 1 ] DEBUG AssetLoaderService   - Loading from cache: /assets/textures/bush.png
23:10:39.709 [FXGL Background Thread 1 ] DEBUG AssetLoaderService   - Loading from cache: /assets/textures/tree.png
23:10:39.710 [FXGL Background Thread 1 ] DEBUG AssetLoaderService   - Loading from cache: /assets/textures/bush.png
23:10:39.710 [FXGL Background Thread 1 ] DEBUG AssetLoaderService   - Loading from cache: /assets/textures/tree.png
23:10:39.711 [FXGL Background Thread 1 ] DEBUG AssetLoaderService   - Loading from cache: /assets/textures/bush.png
23:10:39.711 [FXGL Background Thread 1 ] DEBUG AssetLoaderService   - Loading from cache: /assets/textures/bush.png
23:10:39.712 [FXGL Background Thread 1 ] DEBUG AssetLoaderService   - Loading from cache: /assets/textures/tree.png
23:10:39.712 [FXGL Background Thread 1 ] DEBUG AssetLoaderService   - Loading from cache: /assets/textures/tree.png
23:10:39.712 [FXGL Background Thread 1 ] DEBUG AssetLoaderService   - Loading from cache: /assets/textures/tree.png
23:10:39.713 [FXGL Background Thread 1 ] DEBUG AssetLoaderService   - Loading from cache: /assets/textures/bush.png
23:10:39.713 [FXGL Background Thread 1 ] DEBUG AssetLoaderService   - Loading from cache: /assets/textures/tree.png
23:10:39.714 [FXGL Background Thread 1 ] DEBUG AssetLoaderService   - Loading from cache: /assets/textures/bush.png
23:10:39.714 [FXGL Background Thread 1 ] DEBUG AssetLoaderService   - Loading from cache: /assets/textures/appletree.png
23:10:39.715 [FXGL Background Thread 1 ] DEBUG AssetLoaderService   - Loading from cache: /assets/textures/bush.png
23:10:39.715 [FXGL Background Thread 1 ] DEBUG AssetLoaderService   - Loading from cache: /assets/textures/tree.png
23:10:39.716 [FXGL Background Thread 1 ] DEBUG AssetLoaderService   - Loading from cache: /assets/textures/bush.png
23:10:39.716 [FXGL Background Thread 1 ] DEBUG AssetLoaderService   - Loading from cache: /assets/textures/appletree.png
23:10:39.717 [FXGL Background Thread 1 ] DEBUG AssetLoaderService   - Loading from cache: /assets/textures/bush.png
23:10:39.717 [FXGL Background Thread 1 ] DEBUG AssetLoaderService   - Loading from cache: /assets/textures/appletree.png
23:10:39.718 [FXGL Background Thread 1 ] DEBUG AssetLoaderService   - Loading from cache: /assets/textures/appletree.png
23:10:39.718 [FXGL Background Thread 1 ] DEBUG AssetLoaderService   - Loading from cache: /assets/textures/appletree.png
23:10:39.718 [FXGL Background Thread 1 ] DEBUG AssetLoaderService   - Loading from cache: /assets/textures/appletree.png
23:10:39.719 [FXGL Background Thread 1 ] DEBUG AssetLoaderService   - Loading from cache: /assets/textures/appletree.png
23:10:39.719 [FXGL Background Thread 1 ] DEBUG AssetLoaderService   - Loading from cache: /assets/textures/tree.png
23:10:39.720 [FXGL Background Thread 1 ] DEBUG AssetLoaderService   - Loading from cache: /assets/textures/tree.png
23:10:39.720 [FXGL Background Thread 1 ] DEBUG AssetLoaderService   - Loading from cache: /assets/textures/appletree.png
23:10:39.721 [FXGL Background Thread 1 ] DEBUG AssetLoaderService   - Loading from cache: /assets/textures/bush.png
23:10:39.722 [FXGL Background Thread 1 ] DEBUG AssetLoaderService   - Loading from cache: /assets/textures/appletree.png
23:10:39.722 [FXGL Background Thread 1 ] DEBUG AssetLoaderService   - Loading from cache: /assets/textures/bush.png
23:10:39.722 [FXGL Background Thread 1 ] DEBUG AssetLoaderService   - Loading from cache: /assets/textures/rock.png
23:10:39.723 [FXGL Background Thread 1 ] DEBUG AssetLoaderService   - Loading from cache: /assets/textures/tree.png
23:10:39.723 [FXGL Background Thread 1 ] DEBUG AssetLoaderService   - Loading from cache: /assets/textures/rock.png
23:10:39.724 [FXGL Background Thread 1 ] DEBUG AssetLoaderService   - Loading from cache: /assets/textures/appletree.png
23:10:39.724 [FXGL Background Thread 1 ] DEBUG AssetLoaderService   - Loading from cache: /assets/textures/appletree.png
23:10:39.724 [FXGL Background Thread 1 ] DEBUG AssetLoaderService   - Loading from file system: /assets/textures/lighthouse.png
23:10:39.726 [FXGL Background Thread 1 ] DEBUG AssetLoaderService   - Loading from file system: /assets/textures/greenhouse.png
23:10:39.727 [FXGL Background Thread 1 ] DEBUG AssetLoaderService   - Loading from file system: /assets/textures/bluehouse.png
23:10:39.728 [FXGL Background Thread 1 ] DEBUG AssetLoaderService   - Loading from file system: /assets/textures/redhouse.png
23:10:39.729 [FXGL Background Thread 1 ] DEBUG AssetLoaderService   - Loading from cache: /assets/textures/redhouse.png
23:10:39.729 [FXGL Background Thread 1 ] DEBUG AssetLoaderService   - Loading from cache: /assets/textures/bluehouse.png
23:10:39.730 [FXGL Background Thread 1 ] DEBUG AssetLoaderService   - Loading from cache: /assets/textures/bluehouse.png
23:10:39.730 [FXGL Background Thread 1 ] DEBUG AssetLoaderService   - Loading from cache: /assets/textures/redhouse.png
23:10:39.730 [FXGL Background Thread 1 ] DEBUG AssetLoaderService   - Loading from cache: /assets/textures/bluehouse.png
23:10:39.731 [FXGL Background Thread 1 ] DEBUG AssetLoaderService   - Loading from cache: /assets/textures/redhouse.png
23:10:39.731 [FXGL Background Thread 1 ] DEBUG AssetLoaderService   - Loading from cache: /assets/textures/lighthouse.png
23:10:39.731 [FXGL Background Thread 1 ] DEBUG AssetLoaderService   - Loading from cache: /assets/textures/greenhouse.png
23:10:39.732 [FXGL Background Thread 1 ] INFO  GameApplication      - Game initialization took: 0.282 sec
23:10:39.738 [JavaFX Application Thread] DEBUG Input                - Clearing active input actions
23:10:39.758 [JavaFX Application Thread] DEBUG WindowService        - Removing overlay from FXGLLoadingScene and adding to GameScene
23:10:39.758 [JavaFX Application Thread] DEBUG MainWindow           - FXGLLoadingScene -> GameScene
23:10:41.173 [JavaFX Application Thread] DEBUG MainWindow           - Push state: CustomPauseMenu
23:10:41.173 [JavaFX Application Thread] DEBUG Input                - Clearing active input actions
23:10:41.176 [JavaFX Application Thread] DEBUG WindowService        - Removing overlay from GameScene and adding to CustomPauseMenu
23:10:41.176 [JavaFX Application Thread] DEBUG MainWindow           - GameScene -> CustomPauseMenu
23:10:42.217 [FXGL Background Thread 2 ] DEBUG Engine               - Logging environment variables
23:10:42.217 [FXGL Background Thread 2 ] DEBUG Engine               - achievements: []
23:10:42.217 [FXGL Background Thread 2 ] DEBUG Engine               - language: ObjectProperty [value: ENGLISH]
23:10:42.217 [FXGL Background Thread 2 ] DEBUG Engine               - isCloseConfirmation: false
23:10:42.217 [FXGL Background Thread 2 ] DEBUG Engine               - isProfilingEnabled: false
23:10:42.217 [FXGL Background Thread 2 ] DEBUG Engine               - soundNotification: core/notification.wav
23:10:42.217 [FXGL Background Thread 2 ] DEBUG Engine               - devShowBBoxProperty: BooleanProperty [value: false]
23:10:42.217 [FXGL Background Thread 2 ] DEBUG Engine               - pixelsPerMeter: 50.0
23:10:42.217 [FXGL Background Thread 2 ] DEBUG Engine               - appIcon: fxgl_icon.png
23:10:42.217 [FXGL Background Thread 2 ] DEBUG Engine               - soundMenuBack: menu/back.wav
23:10:42.217 [FXGL Background Thread 2 ] DEBUG Engine               - isFullScreenAllowed: false
23:10:42.217 [FXGL Background Thread 2 ] DEBUG Engine               - isIntroEnabled: false
23:10:42.217 [FXGL Background Thread 2 ] DEBUG Engine               - fontMono: lucida_console.ttf
23:10:42.218 [FXGL Background Thread 2 ] DEBUG Engine               - soundMenuSelect: menu/select.wav
23:10:42.218 [FXGL Background Thread 2 ] DEBUG Engine               - isWindows: true
23:10:42.218 [FXGL Background Thread 2 ] DEBUG Engine               - isMobile: false
23:10:42.218 [FXGL Background Thread 2 ] DEBUG Engine               - isUserProfileEnabled: false
23:10:42.218 [FXGL Background Thread 2 ] DEBUG Engine               - height: 640
23:10:42.218 [FXGL Background Thread 2 ] DEBUG Engine               - isExperimentalNative: false
23:10:42.218 [FXGL Background Thread 2 ] DEBUG Engine               - settings: Title: FriendMaker2077
Version: 0.1
Width: 640
Height: 640
Fullscreen: false
Intro: false
Menus: false
Profiling: false
Single step:false
App Mode: DEVELOPER
Menu Key: ESCAPE
Stage Style: DECORATED
Scene Factory: class ui.MenuFactory

23:10:42.218 [FXGL Background Thread 2 ] DEBUG Engine               - isSingleStep: false
23:10:42.218 [FXGL Background Thread 2 ] DEBUG Engine               - cSSList: [fxgl_dark.css]
23:10:42.218 [FXGL Background Thread 2 ] DEBUG Engine               - fontGame: Abel-Regular.ttf
23:10:42.218 [FXGL Background Thread 2 ] DEBUG Engine               - menuKey: ESCAPE
23:10:42.218 [FXGL Background Thread 2 ] DEBUG Engine               - devShowPositionProperty: BooleanProperty [value: false]
23:10:42.218 [FXGL Background Thread 2 ] DEBUG Engine               - versionCheckDays: 7
23:10:42.218 [FXGL Background Thread 2 ] DEBUG Engine               - configClass: Optional.empty
23:10:42.218 [FXGL Background Thread 2 ] DEBUG Engine               - isFullScreenFromStart: false
23:10:42.218 [FXGL Background Thread 2 ] DEBUG Engine               - version: 0.1
23:10:42.219 [FXGL Background Thread 2 ] DEBUG Engine               - fullScreen: BooleanProperty [value: false]
23:10:42.219 [FXGL Background Thread 2 ] DEBUG Engine               - randomSeed: -1
23:10:42.219 [FXGL Background Thread 2 ] DEBUG Engine               - gameDifficultyProperty: ObjectProperty [value: MEDIUM]
23:10:42.219 [FXGL Background Thread 2 ] DEBUG Engine               - applicationMode: DEVELOPER
23:10:42.219 [FXGL Background Thread 2 ] DEBUG Engine               - isMac: false
23:10:42.219 [FXGL Background Thread 2 ] DEBUG Engine               - isMenuEnabled: false
23:10:42.219 [FXGL Background Thread 2 ] DEBUG Engine               - urlPOM: https://raw.githubusercontent.com/AlmasB/FXGL/master/pom.xml
23:10:42.219 [FXGL Background Thread 2 ] DEBUG Engine               - profileName: StringProperty [value: DEFAULT]
23:10:42.219 [FXGL Background Thread 2 ] DEBUG Engine               - notificationViewClass: class com.almasb.fxgl.notification.view.XboxNotificationView
23:10:42.219 [FXGL Background Thread 2 ] DEBUG Engine               - devSensorColorProperty: ObjectProperty [value: 0xffff00ff]
23:10:42.219 [FXGL Background Thread 2 ] DEBUG Engine               - sceneFactory: ui.MenuFactory@7d37667a
23:10:42.219 [FXGL Background Thread 2 ] DEBUG Engine               - stageStyle: DECORATED
23:10:42.219 [FXGL Background Thread 2 ] DEBUG Engine               - isManualResizeEnabled: false
23:10:42.219 [FXGL Background Thread 2 ] DEBUG Engine               - title: FriendMaker2077
23:10:42.219 [FXGL Background Thread 2 ] DEBUG Engine               - platform: WINDOWS
23:10:42.219 [FXGL Background Thread 2 ] DEBUG Engine               - devBBoxColorProperty: ObjectProperty [value: 0xff0000ff]
23:10:42.220 [FXGL Background Thread 2 ] DEBUG Engine               - gameDifficulty: MEDIUM
23:10:42.220 [FXGL Background Thread 2 ] DEBUG Engine               - isDesktop: true
23:10:42.220 [FXGL Background Thread 2 ] DEBUG Engine               - supportedLanguages: [ENGLISH, FRENCH, GERMAN, HUNGARIAN, RUSSIAN]
23:10:42.220 [FXGL Background Thread 2 ] DEBUG Engine               - globalMusicVolumeProperty: DoubleProperty [value: 0.5]
23:10:42.220 [FXGL Background Thread 2 ] DEBUG Engine               - credits: []
23:10:42.220 [FXGL Background Thread 2 ] DEBUG Engine               - isPreserveResizeRatio: false
23:10:42.220 [FXGL Background Thread 2 ] DEBUG Engine               - fontText: Courier-Prime.ttf
23:10:42.220 [FXGL Background Thread 2 ] DEBUG Engine               - isExperimentalTiledLargeMap: false
23:10:42.220 [FXGL Background Thread 2 ] DEBUG Engine               - secondsIn24h: 60
23:10:42.220 [FXGL Background Thread 2 ] DEBUG Engine               - runtimeInfo: RuntimeInfo(platform=WINDOWS, version=11.8, build=08.03.2020 09.25)
23:10:42.220 [FXGL Background Thread 2 ] DEBUG Engine               - isLinux: false
23:10:42.220 [FXGL Background Thread 2 ] DEBUG Engine               - soundMenuPress: menu/press.wav
23:10:42.220 [FXGL Background Thread 2 ] DEBUG Engine               - urlGithub: https://github.com/AlmasB/FXGL
23:10:42.221 [FXGL Background Thread 2 ] DEBUG Engine               - profileDir: profiles/
23:10:42.221 [FXGL Background Thread 2 ] DEBUG Engine               - isDeveloperMenuEnabled: false
23:10:42.221 [FXGL Background Thread 2 ] DEBUG Engine               - globalSoundVolumeProperty: DoubleProperty [value: 0.5]
23:10:42.221 [FXGL Background Thread 2 ] DEBUG Engine               - mainWindow: com.almasb.fxgl.app.MainWindow@7908ed04
23:10:42.221 [FXGL Background Thread 2 ] DEBUG Engine               - isBrowser: false
23:10:42.221 [FXGL Background Thread 2 ] DEBUG Engine               - urlLeaderboard: http://fxgl-top.herokuapp.com/
23:10:42.221 [FXGL Background Thread 2 ] DEBUG Engine               - globalSoundVolume: 0.5
23:10:42.221 [FXGL Background Thread 2 ] DEBUG Engine               - engineServices: [class com.almasb.fxgl.app.GameApplication$GameApplicationService, class com.almasb.fxgl.app.services.WindowService, class com.almasb.fxgl.app.services.FXGLDialogService, class com.almasb.fxgl.app.services.IOTaskExecutorService, class com.almasb.fxgl.event.EventBusService, class com.almasb.fxgl.io.FileSystemService, class com.almasb.fxgl.localization.LocalizationService, class com.almasb.fxgl.app.services.AssetLoaderService, class com.almasb.fxgl.app.services.SystemBundleService, class com.almasb.fxgl.profile.SaveLoadService, class com.almasb.fxgl.ui.FXGLUIFactoryServiceProvider, class com.almasb.fxgl.ui.FXGLDialogFactoryServiceProvider, class com.almasb.fxgl.audio.AudioPlayer, class com.almasb.fxgl.notification.impl.NotificationServiceProvider, class com.almasb.fxgl.achievement.AchievementService, class com.almasb.fxgl.cutscene.CutsceneService, class com.almasb.fxgl.minigames.MiniGameService, class com.almasb.fxgl.net.NetService, class com.almasb.fxgl.app.services.UpdaterService]
23:10:42.221 [FXGL Background Thread 2 ] DEBUG Engine               - globalMusicVolume: 0.5
23:10:42.221 [FXGL Background Thread 2 ] DEBUG Engine               - width: 640
23:10:42.221 [FXGL Background Thread 2 ] DEBUG Engine               - saveFileExt: sav
23:10:42.221 [FXGL Background Thread 2 ] DEBUG Engine               - isAndroid: false
23:10:42.222 [FXGL Background Thread 2 ] DEBUG Engine               - fontUI: VarelaRound-Regular.ttf
23:10:42.222 [FXGL Background Thread 2 ] DEBUG Engine               - enabledMenuItems: [SAVE_LOAD, EXTRA, ONLINE]
23:10:42.222 [FXGL Background Thread 2 ] DEBUG Engine               - isIOS: false
23:10:42.222 [FXGL Background Thread 2 ] DEBUG Engine               - Logging services
23:10:42.222 [FXGL Background Thread 2 ] DEBUG Engine               - class com.almasb.fxgl.app.GameApplication$GameApplicationService
23:10:42.222 [FXGL Background Thread 2 ] DEBUG Engine               - class com.almasb.fxgl.app.services.WindowService
23:10:42.222 [FXGL Background Thread 2 ] DEBUG Engine               - class com.almasb.fxgl.app.services.FXGLDialogService
23:10:42.222 [FXGL Background Thread 2 ] DEBUG Engine               - class com.almasb.fxgl.app.services.IOTaskExecutorService
23:10:42.222 [FXGL Background Thread 2 ] DEBUG Engine               - class com.almasb.fxgl.event.EventBusService
23:10:42.222 [FXGL Background Thread 2 ] DEBUG Engine               - class com.almasb.fxgl.io.FileSystemService
23:10:42.222 [FXGL Background Thread 2 ] DEBUG Engine               - class com.almasb.fxgl.localization.LocalizationService
23:10:42.222 [FXGL Background Thread 2 ] DEBUG Engine               - class com.almasb.fxgl.app.services.AssetLoaderService
23:10:42.222 [FXGL Background Thread 2 ] DEBUG Engine               - class com.almasb.fxgl.app.services.SystemBundleService
23:10:42.222 [FXGL Background Thread 2 ] DEBUG Engine               - class com.almasb.fxgl.profile.SaveLoadService
23:10:42.223 [FXGL Background Thread 2 ] DEBUG Engine               - class com.almasb.fxgl.ui.FXGLUIFactoryServiceProvider
23:10:42.223 [FXGL Background Thread 2 ] DEBUG Engine               - class com.almasb.fxgl.ui.FXGLDialogFactoryServiceProvider
23:10:42.223 [FXGL Background Thread 2 ] DEBUG Engine               - class com.almasb.fxgl.audio.AudioPlayer
23:10:42.223 [FXGL Background Thread 2 ] DEBUG Engine               - class com.almasb.fxgl.notification.impl.NotificationServiceProvider
23:10:42.223 [FXGL Background Thread 2 ] DEBUG Engine               - class com.almasb.fxgl.achievement.AchievementService
23:10:42.223 [FXGL Background Thread 2 ] DEBUG Engine               - class com.almasb.fxgl.cutscene.CutsceneService
23:10:42.223 [FXGL Background Thread 2 ] DEBUG Engine               - class com.almasb.fxgl.minigames.MiniGameService
23:10:42.223 [FXGL Background Thread 2 ] DEBUG Engine               - class com.almasb.fxgl.net.NetService
23:10:42.223 [FXGL Background Thread 2 ] DEBUG Engine               - class com.almasb.fxgl.app.services.UpdaterService
23:10:42.574 [JavaFX Application Thread] DEBUG MainWindow           - Pop state: CustomPauseMenu
23:10:42.574 [JavaFX Application Thread] DEBUG Input                - Clearing active input actions
23:10:42.574 [JavaFX Application Thread] DEBUG WindowService        - Removing overlay from CustomPauseMenu and adding to GameScene
23:10:42.575 [JavaFX Application Thread] DEBUG MainWindow           - GameScene <- CustomPauseMenu
23:10:43.710 [JavaFX Application Thread] DEBUG GameApplication      - Exiting FXGL
23:10:43.711 [JavaFX Application Thread] DEBUG LoopRunner           - Stopping loop
23:10:43.711 [JavaFX Application Thread] DEBUG SystemBundleService  - Saving FXGL system data
23:10:43.712 [JavaFX Application Thread] DEBUG FileSystemAccess     - Writing to: C:\Users\Adam Cunard\git\FriendMaker2077-07-03\Project\system\fxgl.bundle
23:10:43.713 [JavaFX Application Thread] DEBUG GameApplication      - Shutting down background threads
23:10:43.713 [JavaFX Application Thread] DEBUG GameApplication      - Closing logger and exiting JavaFX
