22:09:57.327 [main                     ] DEBUG GameApplication      - Logger initialized
22:09:57.339 [main                     ] DEBUG GameApplication      - Logging settings
Title: Basic Game App
Version: 0.1
Width: 640
Height: 640
Fullscreen: false
Intro: false
Menus: false
Profiling: false
Single step:false
App Mode: DEVELOPER
Menu Key: ESCAPE
Stage Style: DECORATED
Scene Factory: class application.MenuFactory

22:09:57.713 [JavaFX Application Thread] DEBUG GameApplication      - Initializing FXGL
22:09:57.719 [JavaFX Application Thread] INFO  Engine               - FXGL-11.8 (08.03.2020 09.25) on WINDOWS (J:14 FX:13.0.2)
22:09:57.719 [JavaFX Application Thread] INFO  Engine               - Source code and latest versions at: https://github.com/AlmasB/FXGL
22:09:57.720 [JavaFX Application Thread] INFO  Engine               -              Join the FXGL chat at: https://gitter.im/AlmasB/FXGL
22:09:57.816 [JavaFX Application Thread] DEBUG MainWindow           - Creating a JavaFX scene
22:09:57.859 [JavaFX Application Thread] DEBUG MainWindow           - Target settings size: 640.0 x 640.0
22:09:57.859 [JavaFX Application Thread] DEBUG MainWindow           - Scaled scene size:    640.0 x 640.0
22:09:57.859 [JavaFX Application Thread] DEBUG MainWindow           - Scaled ratio: (1.0, 1.0)
22:09:57.860 [JavaFX Application Thread] DEBUG MainWindow           - Set initial scene to FXGLStartupScene
22:09:57.866 [JavaFX Application Thread] DEBUG MainWindow           - Opening main window
22:09:57.957 [JavaFX Application Thread] DEBUG MainWindow           - Window border size: (16.0, 39.0)
22:09:57.957 [JavaFX Application Thread] DEBUG MainWindow           - Scaled size: 640.0 x 640.0
22:09:57.958 [JavaFX Application Thread] DEBUG MainWindow           - Scaled ratio: (1.0, 1.0)
22:09:57.958 [JavaFX Application Thread] DEBUG MainWindow           - Scene size: 640.0 x 640.0
22:09:57.958 [JavaFX Application Thread] DEBUG MainWindow           - Stage size: 656.0 x 679.0
22:09:57.964 [FXGL Background Thread 1 ] DEBUG Engine               - Initializing environment variables
22:09:57.984 [FXGL Background Thread 1 ] DEBUG WindowService        - Applying CSS: fxgl_dark.css
22:09:57.985 [FXGL Background Thread 1 ] DEBUG AssetLoaderService   - Loading from file system: /assets/ui/css/fxgl_dark.css
22:09:58.019 [FXGL Background Thread 1 ] DEBUG WindowService        - Initializing application scenes
22:09:58.050 [FXGL Background Thread 1 ] DEBUG GameWorld            - Game world initialized
22:09:58.078 [FXGL Background Thread 1 ] DEBUG PhysicsWorld         - Physics world initialized: appHeight=640, physics.ppm=50.0
22:09:58.080 [FXGL Background Thread 1 ] DEBUG GameScene            - Game scene initialized: 640x640
22:09:58.086 [FXGL Background Thread 1 ] DEBUG Input                - Registered new binding: Resume - Esc
22:09:58.090 [FXGL Background Thread 1 ] DEBUG AssetLoaderService   - Loading from file system: /assets/textures/pause_menu_bg.png
22:09:58.128 [FXGL Background Thread 1 ] DEBUG Input                - Registered new binding: Pause - Esc
22:09:58.128 [FXGL Background Thread 1 ] DEBUG WindowService        - Application scenes initialized
22:09:58.136 [FXGL Background Thread 1 ] DEBUG SystemBundleService  - Loading FXGL system data
22:09:58.140 [FXGL Background Thread 1 ] DEBUG FileSystemAccess     - Reading from: C:\Users\Liana\git\FriendMaker2077-07-03\Project\system\fxgl.bundle
22:09:58.146 [FXGL Background Thread 1 ] DEBUG SystemBundleService  - Bundle FXGL: {}
22:09:58.146 [FXGL Background Thread 1 ] INFO  Engine               - FXGL initialization took: 0.181 sec
22:09:58.148 [FXGL Background Thread 1 ] DEBUG GameApplication      - Loading localizations
22:09:58.148 [FXGL Background Thread 1 ] DEBUG AssetLoaderService   - Loading from file system: /assets/properties/languages/english.properties
22:09:58.150 [FXGL Background Thread 1 ] DEBUG AssetLoaderService   - Loading from file system: /assets/properties/languages/french.properties
22:09:58.151 [FXGL Background Thread 1 ] DEBUG AssetLoaderService   - Loading from file system: /assets/properties/languages/german.properties
22:09:58.151 [FXGL Background Thread 1 ] DEBUG AssetLoaderService   - Loading from file system: /assets/properties/languages/hungarian.properties
22:09:58.152 [FXGL Background Thread 1 ] DEBUG AssetLoaderService   - Loading from file system: /assets/properties/languages/russian.properties
22:09:58.153 [FXGL Background Thread 1 ] DEBUG GameApplication      - Registering font factories with UI factory
22:09:58.154 [FXGL Background Thread 1 ] DEBUG AssetLoaderService   - Loading from file system: /assets/ui/fonts/VarelaRound-Regular.ttf
22:09:58.207 [FXGL Background Thread 1 ] DEBUG AssetLoaderService   - Loading from file system: /assets/ui/fonts/Abel-Regular.ttf
22:09:58.217 [FXGL Background Thread 1 ] DEBUG AssetLoaderService   - Loading from file system: /assets/ui/fonts/lucida_console.ttf
22:09:58.233 [FXGL Background Thread 1 ] DEBUG AssetLoaderService   - Loading from file system: /assets/ui/fonts/Courier-Prime.ttf
22:09:58.249 [JavaFX Application Thread] DEBUG Input                - Registered new binding: Move Right - D
22:09:58.249 [JavaFX Application Thread] DEBUG Input                - Registered new binding: Move Left - A
22:09:58.249 [JavaFX Application Thread] DEBUG Input                - Registered new binding: Move Up - W
22:09:58.249 [JavaFX Application Thread] DEBUG Input                - Registered new binding: Move Down - S
22:09:58.250 [JavaFX Application Thread] DEBUG Input                - Registered new binding: Play Sound - F
22:09:58.250 [JavaFX Application Thread] DEBUG AssetLoaderService   - Loading from file system: /assets/textures/fxgl_icon.png
22:09:58.263 [JavaFX Application Thread] DEBUG AssetLoaderService   - Loading from file system: /assets/ui/cursors/fxgl_default.png
22:09:58.265 [JavaFX Application Thread] DEBUG Input                - Registered new binding: Screenshot - P
22:09:58.265 [JavaFX Application Thread] DEBUG Input                - Registered new binding: System info dump - CTRL+9
22:09:58.266 [JavaFX Application Thread] DEBUG Input                - Registered new binding: Restart - CTRL+R
22:09:58.266 [JavaFX Application Thread] DEBUG LoopRunner           - Starting loop
22:09:58.279 [JavaFX Application Thread] DEBUG FXGLStartupScene     - STARTUP
22:09:58.279 [JavaFX Application Thread] DEBUG WindowService        - Starting new game
22:09:58.281 [JavaFX Application Thread] DEBUG Input                - Clearing active input actions
22:09:58.289 [JavaFX Application Thread] DEBUG WindowService        - Removing overlay from FXGLStartupScene and adding to FXGLLoadingScene
22:09:58.289 [JavaFX Application Thread] DEBUG MainWindow           - FXGLStartupScene -> FXGLLoadingScene
22:09:58.289 [JavaFX Application Thread] DEBUG WindowService        - Clearing previous game
22:09:58.290 [JavaFX Application Thread] DEBUG GameScene            - Clearing game scene
22:09:58.290 [JavaFX Application Thread] DEBUG GameWorld            - Clearing game world
22:09:58.290 [JavaFX Application Thread] DEBUG PhysicsWorld         - Clearing physics world
22:09:58.291 [FXGL Background Thread 1 ] DEBUG GameApplication      - Initializing game
22:09:58.294 [FXGL Background Thread 1 ] DEBUG AssetLoaderService   - Loading from file system: /assets/textures/CharacterSprite.png
22:09:58.297 [FXGL Background Thread 1 ] DEBUG AssetLoaderService   - Loading from cache: /assets/textures/CharacterSprite.png
22:09:58.297 [FXGL Background Thread 1 ] DEBUG AssetLoaderService   - Loading from cache: /assets/textures/CharacterSprite.png
22:09:58.298 [FXGL Background Thread 1 ] DEBUG AssetLoaderService   - Loading from cache: /assets/textures/CharacterSprite.png
22:09:58.298 [FXGL Background Thread 1 ] DEBUG AssetLoaderService   - Loading from cache: /assets/textures/CharacterSprite.png
22:09:58.298 [FXGL Background Thread 1 ] DEBUG AssetLoaderService   - Loading from cache: /assets/textures/CharacterSprite.png
22:09:58.298 [FXGL Background Thread 1 ] DEBUG AssetLoaderService   - Loading from cache: /assets/textures/CharacterSprite.png
22:09:58.298 [FXGL Background Thread 1 ] DEBUG AssetLoaderService   - Loading from cache: /assets/textures/CharacterSprite.png
22:09:58.310 [FXGL Background Thread 1 ] DEBUG AssetLoaderService   - Loading from file system: /assets/textures/brick.png
22:09:58.312 [FXGL Background Thread 1 ] INFO  GameApplication      - Game initialization took: 0.021 sec
22:09:58.323 [JavaFX Application Thread] DEBUG Input                - Clearing active input actions
22:09:58.332 [JavaFX Application Thread] DEBUG WindowService        - Removing overlay from FXGLLoadingScene and adding to GameScene
22:09:58.332 [JavaFX Application Thread] DEBUG MainWindow           - FXGLLoadingScene -> GameScene
22:09:59.656 [JavaFX Application Thread] DEBUG MainWindow           - Push state: FXGLPauseMenu
22:09:59.656 [JavaFX Application Thread] DEBUG Input                - Clearing active input actions
22:09:59.661 [JavaFX Application Thread] DEBUG WindowService        - Removing overlay from GameScene and adding to FXGLPauseMenu
22:09:59.661 [JavaFX Application Thread] DEBUG MainWindow           - GameScene -> FXGLPauseMenu
22:10:00.935 [JavaFX Application Thread] DEBUG GameApplication      - Exiting FXGL
22:10:00.935 [JavaFX Application Thread] DEBUG LoopRunner           - Stopping loop
22:10:00.935 [JavaFX Application Thread] DEBUG SystemBundleService  - Saving FXGL system data
22:10:00.937 [JavaFX Application Thread] DEBUG FileSystemAccess     - Writing to: C:\Users\Liana\git\FriendMaker2077-07-03\Project\system\fxgl.bundle
22:10:00.938 [JavaFX Application Thread] DEBUG GameApplication      - Shutting down background threads
22:10:00.938 [JavaFX Application Thread] DEBUG GameApplication      - Closing logger and exiting JavaFX
