11:30:13.960 [main                     ] DEBUG GameApplication      - Logger initialized
11:30:13.972 [main                     ] DEBUG GameApplication      - Logging settings
Title: FriendMaker2077
Version: 0.1
Width: 640
Height: 640
Fullscreen: false
Intro: false
Menus: false
Profiling: false
Single step:false
App Mode: DEVELOPER
Menu Key: ESCAPE
Stage Style: DECORATED
Scene Factory: class ui.MenuFactory

11:30:14.128 [JavaFX Application Thread] DEBUG GameApplication      - Initializing FXGL
11:30:14.135 [JavaFX Application Thread] INFO  Engine               - FXGL-11.8 (08.03.2020 09.25) on WINDOWS (J:13.0.2 FX:11.0.2)
11:30:14.135 [JavaFX Application Thread] INFO  Engine               - Source code and latest versions at: https://github.com/AlmasB/FXGL
11:30:14.135 [JavaFX Application Thread] INFO  Engine               -              Join the FXGL chat at: https://gitter.im/AlmasB/FXGL
11:30:14.197 [JavaFX Application Thread] DEBUG MainWindow           - Creating a JavaFX scene
11:30:14.226 [JavaFX Application Thread] DEBUG MainWindow           - Target settings size: 640.0 x 640.0
11:30:14.226 [JavaFX Application Thread] DEBUG MainWindow           - Scaled scene size:    640.0 x 640.0
11:30:14.227 [JavaFX Application Thread] DEBUG MainWindow           - Scaled ratio: (1.0, 1.0)
11:30:14.227 [JavaFX Application Thread] DEBUG MainWindow           - Set initial scene to FXGLStartupScene
11:30:14.230 [JavaFX Application Thread] DEBUG MainWindow           - Opening main window
11:30:14.283 [JavaFX Application Thread] DEBUG MainWindow           - Window border size: (16.0, 39.0)
11:30:14.283 [JavaFX Application Thread] DEBUG MainWindow           - Scaled size: 640.0 x 640.0
11:30:14.283 [JavaFX Application Thread] DEBUG MainWindow           - Scaled ratio: (1.0, 1.0)
11:30:14.283 [JavaFX Application Thread] DEBUG MainWindow           - Scene size: 640.0 x 640.0
11:30:14.283 [JavaFX Application Thread] DEBUG MainWindow           - Stage size: 656.0 x 679.0
11:30:14.288 [FXGL Background Thread 1 ] DEBUG Engine               - Initializing environment variables
11:30:14.306 [FXGL Background Thread 1 ] DEBUG WindowService        - Applying CSS: fxgl_dark.css
11:30:14.306 [FXGL Background Thread 1 ] DEBUG AssetLoaderService   - Loading from file system: /assets/ui/css/fxgl_dark.css
11:30:14.336 [FXGL Background Thread 1 ] DEBUG WindowService        - Initializing application scenes
11:30:14.356 [FXGL Background Thread 1 ] DEBUG GameWorld            - Game world initialized
11:30:14.382 [FXGL Background Thread 1 ] DEBUG PhysicsWorld         - Physics world initialized: appHeight=640, physics.ppm=50.0
11:30:14.385 [FXGL Background Thread 1 ] DEBUG GameScene            - Game scene initialized: 640x640
11:30:14.391 [FXGL Background Thread 1 ] DEBUG Input                - Registered new binding: Resume - Esc
11:30:14.399 [FXGL Background Thread 1 ] DEBUG Input                - Registered new binding: Pause - Esc
11:30:14.400 [FXGL Background Thread 1 ] DEBUG WindowService        - Application scenes initialized
11:30:14.406 [FXGL Background Thread 1 ] DEBUG SystemBundleService  - Loading FXGL system data
11:30:14.410 [FXGL Background Thread 1 ] DEBUG FileSystemAccess     - Reading from: C:\Users\otinn\git\FriendMaker2077-07-03\Project\system\fxgl.bundle
11:30:14.415 [FXGL Background Thread 1 ] DEBUG SystemBundleService  - Bundle FXGL: {}
11:30:14.416 [FXGL Background Thread 1 ] INFO  Engine               - FXGL initialization took: 0.126 sec
11:30:14.416 [FXGL Background Thread 1 ] DEBUG GameApplication      - Loading localizations
11:30:14.417 [FXGL Background Thread 1 ] DEBUG AssetLoaderService   - Loading from file system: /assets/properties/languages/english.properties
11:30:14.418 [FXGL Background Thread 1 ] DEBUG AssetLoaderService   - Loading from file system: /assets/properties/languages/french.properties
11:30:14.419 [FXGL Background Thread 1 ] DEBUG AssetLoaderService   - Loading from file system: /assets/properties/languages/german.properties
11:30:14.420 [FXGL Background Thread 1 ] DEBUG AssetLoaderService   - Loading from file system: /assets/properties/languages/hungarian.properties
11:30:14.421 [FXGL Background Thread 1 ] DEBUG AssetLoaderService   - Loading from file system: /assets/properties/languages/russian.properties
11:30:14.422 [FXGL Background Thread 1 ] DEBUG GameApplication      - Registering font factories with UI factory
11:30:14.422 [FXGL Background Thread 1 ] DEBUG AssetLoaderService   - Loading from file system: /assets/ui/fonts/VarelaRound-Regular.ttf
11:30:14.532 [FXGL Background Thread 1 ] DEBUG AssetLoaderService   - Loading from file system: /assets/ui/fonts/Abel-Regular.ttf
11:30:14.539 [FXGL Background Thread 1 ] DEBUG AssetLoaderService   - Loading from file system: /assets/ui/fonts/lucida_console.ttf
11:30:14.547 [FXGL Background Thread 1 ] DEBUG AssetLoaderService   - Loading from file system: /assets/ui/fonts/Courier-Prime.ttf
11:30:14.555 [JavaFX Application Thread] DEBUG Input                - Registered new binding: Move Right - D
11:30:14.556 [JavaFX Application Thread] DEBUG Input                - Registered new binding: Move Left - A
11:30:14.556 [JavaFX Application Thread] DEBUG Input                - Registered new binding: Move Up - W
11:30:14.556 [JavaFX Application Thread] DEBUG Input                - Registered new binding: Move Down - S
11:30:14.556 [JavaFX Application Thread] DEBUG Input                - Registered new binding: Play Sound - F
11:30:14.556 [JavaFX Application Thread] DEBUG AssetLoaderService   - Loading from file system: /assets/textures/fxgl_icon.png
11:30:14.586 [JavaFX Application Thread] DEBUG AssetLoaderService   - Loading from file system: /assets/ui/cursors/fxgl_default.png
11:30:14.588 [JavaFX Application Thread] DEBUG Input                - Registered new binding: Screenshot - P
11:30:14.588 [JavaFX Application Thread] DEBUG Input                - Registered new binding: System info dump - CTRL+9
11:30:14.588 [JavaFX Application Thread] DEBUG Input                - Registered new binding: Restart - CTRL+R
11:30:14.588 [JavaFX Application Thread] DEBUG LoopRunner           - Starting loop
11:30:14.602 [JavaFX Application Thread] DEBUG FXGLStartupScene     - STARTUP
11:30:14.603 [JavaFX Application Thread] DEBUG WindowService        - Starting new game
11:30:14.604 [JavaFX Application Thread] DEBUG Input                - Clearing active input actions
11:30:14.612 [JavaFX Application Thread] DEBUG WindowService        - Removing overlay from FXGLStartupScene and adding to FXGLLoadingScene
11:30:14.612 [JavaFX Application Thread] DEBUG MainWindow           - FXGLStartupScene -> FXGLLoadingScene
11:30:14.612 [JavaFX Application Thread] DEBUG WindowService        - Clearing previous game
11:30:14.612 [JavaFX Application Thread] DEBUG GameScene            - Clearing game scene
11:30:14.612 [JavaFX Application Thread] DEBUG GameWorld            - Clearing game world
11:30:14.612 [JavaFX Application Thread] DEBUG PhysicsWorld         - Clearing physics world
11:30:14.613 [FXGL Background Thread 1 ] DEBUG GameApplication      - Initializing game
11:30:14.617 [FXGL Background Thread 1 ] DEBUG AssetLoaderService   - Loading from file system: /assets/textures/EmptyMap.png
11:30:14.778 [FXGL Background Thread 1 ] DEBUG AssetLoaderService   - Loading from file system: /assets/textures/CharacterSprite.png
11:30:14.780 [FXGL Background Thread 1 ] DEBUG AssetLoaderService   - Loading from cache: /assets/textures/CharacterSprite.png
11:30:14.780 [FXGL Background Thread 1 ] DEBUG AssetLoaderService   - Loading from cache: /assets/textures/CharacterSprite.png
11:30:14.780 [FXGL Background Thread 1 ] DEBUG AssetLoaderService   - Loading from cache: /assets/textures/CharacterSprite.png
11:30:14.780 [FXGL Background Thread 1 ] DEBUG AssetLoaderService   - Loading from cache: /assets/textures/CharacterSprite.png
11:30:14.780 [FXGL Background Thread 1 ] DEBUG AssetLoaderService   - Loading from cache: /assets/textures/CharacterSprite.png
11:30:14.783 [FXGL Background Thread 1 ] DEBUG AssetLoaderService   - Loading from file system: /assets/textures/bbox.png
11:30:14.788 [FXGL Background Thread 1 ] DEBUG AssetLoaderService   - Loading from file system: /assets/textures/froggysprite.png
11:30:14.789 [FXGL Background Thread 1 ] DEBUG AssetLoaderService   - Loading from cache: /assets/textures/froggysprite.png
11:30:14.789 [FXGL Background Thread 1 ] DEBUG AssetLoaderService   - Loading from cache: /assets/textures/froggysprite.png
11:30:14.789 [FXGL Background Thread 1 ] DEBUG AssetLoaderService   - Loading from cache: /assets/textures/bbox.png
11:30:14.790 [FXGL Background Thread 1 ] DEBUG AssetLoaderService   - Loading from file system: /assets/textures/lighthouse.png
11:30:14.791 [FXGL Background Thread 1 ] DEBUG AssetLoaderService   - Loading from file system: /assets/textures/bush.png
11:30:14.792 [FXGL Background Thread 1 ] DEBUG AssetLoaderService   - Loading from cache: /assets/textures/bush.png
11:30:14.793 [FXGL Background Thread 1 ] DEBUG AssetLoaderService   - Loading from file system: /assets/textures/rock.png
11:30:14.794 [FXGL Background Thread 1 ] DEBUG AssetLoaderService   - Loading from cache: /assets/textures/rock.png
11:30:14.794 [FXGL Background Thread 1 ] DEBUG AssetLoaderService   - Loading from file system: /assets/textures/greenhouse.png
11:30:14.795 [FXGL Background Thread 1 ] DEBUG AssetLoaderService   - Loading from file system: /assets/textures/tree.png
11:30:14.796 [FXGL Background Thread 1 ] DEBUG AssetLoaderService   - Loading from cache: /assets/textures/bush.png
11:30:14.797 [FXGL Background Thread 1 ] DEBUG AssetLoaderService   - Loading from cache: /assets/textures/tree.png
11:30:14.797 [FXGL Background Thread 1 ] DEBUG AssetLoaderService   - Loading from cache: /assets/textures/bush.png
11:30:14.798 [FXGL Background Thread 1 ] DEBUG AssetLoaderService   - Loading from file system: /assets/textures/appletree.png
11:30:14.799 [FXGL Background Thread 1 ] DEBUG AssetLoaderService   - Loading from cache: /assets/textures/bush.png
11:30:14.799 [FXGL Background Thread 1 ] DEBUG AssetLoaderService   - Loading from cache: /assets/textures/tree.png
11:30:14.800 [FXGL Background Thread 1 ] DEBUG AssetLoaderService   - Loading from cache: /assets/textures/bush.png
11:30:14.800 [FXGL Background Thread 1 ] DEBUG AssetLoaderService   - Loading from cache: /assets/textures/appletree.png
11:30:14.801 [FXGL Background Thread 1 ] DEBUG AssetLoaderService   - Loading from cache: /assets/textures/bush.png
11:30:14.801 [FXGL Background Thread 1 ] DEBUG AssetLoaderService   - Loading from cache: /assets/textures/appletree.png
11:30:14.802 [FXGL Background Thread 1 ] DEBUG AssetLoaderService   - Loading from cache: /assets/textures/bush.png
11:30:14.802 [FXGL Background Thread 1 ] DEBUG AssetLoaderService   - Loading from cache: /assets/textures/tree.png
11:30:14.802 [FXGL Background Thread 1 ] DEBUG AssetLoaderService   - Loading from cache: /assets/textures/bush.png
11:30:14.803 [FXGL Background Thread 1 ] DEBUG AssetLoaderService   - Loading from cache: /assets/textures/tree.png
11:30:14.803 [FXGL Background Thread 1 ] DEBUG AssetLoaderService   - Loading from cache: /assets/textures/bush.png
11:30:14.804 [FXGL Background Thread 1 ] DEBUG AssetLoaderService   - Loading from cache: /assets/textures/tree.png
11:30:14.804 [FXGL Background Thread 1 ] DEBUG AssetLoaderService   - Loading from cache: /assets/textures/bush.png
11:30:14.805 [FXGL Background Thread 1 ] DEBUG AssetLoaderService   - Loading from cache: /assets/textures/bush.png
11:30:14.805 [FXGL Background Thread 1 ] DEBUG AssetLoaderService   - Loading from cache: /assets/textures/tree.png
11:30:14.806 [FXGL Background Thread 1 ] DEBUG AssetLoaderService   - Loading from cache: /assets/textures/tree.png
11:30:14.806 [FXGL Background Thread 1 ] DEBUG AssetLoaderService   - Loading from cache: /assets/textures/tree.png
11:30:14.807 [FXGL Background Thread 1 ] DEBUG AssetLoaderService   - Loading from cache: /assets/textures/bush.png
11:30:14.807 [FXGL Background Thread 1 ] DEBUG AssetLoaderService   - Loading from cache: /assets/textures/tree.png
11:30:14.808 [FXGL Background Thread 1 ] DEBUG AssetLoaderService   - Loading from cache: /assets/textures/bush.png
11:30:14.808 [FXGL Background Thread 1 ] DEBUG AssetLoaderService   - Loading from cache: /assets/textures/appletree.png
11:30:14.809 [FXGL Background Thread 1 ] DEBUG AssetLoaderService   - Loading from cache: /assets/textures/bush.png
11:30:14.809 [FXGL Background Thread 1 ] DEBUG AssetLoaderService   - Loading from cache: /assets/textures/tree.png
11:30:14.810 [FXGL Background Thread 1 ] DEBUG AssetLoaderService   - Loading from cache: /assets/textures/bush.png
11:30:14.810 [FXGL Background Thread 1 ] DEBUG AssetLoaderService   - Loading from cache: /assets/textures/appletree.png
11:30:14.811 [FXGL Background Thread 1 ] DEBUG AssetLoaderService   - Loading from cache: /assets/textures/bush.png
11:30:14.811 [FXGL Background Thread 1 ] DEBUG AssetLoaderService   - Loading from cache: /assets/textures/appletree.png
11:30:14.812 [FXGL Background Thread 1 ] DEBUG AssetLoaderService   - Loading from file system: /assets/textures/bluehouse.png
11:30:14.813 [FXGL Background Thread 1 ] DEBUG AssetLoaderService   - Loading from cache: /assets/textures/appletree.png
11:30:14.813 [FXGL Background Thread 1 ] DEBUG AssetLoaderService   - Loading from file system: /assets/textures/redhouse.png
11:30:14.814 [FXGL Background Thread 1 ] DEBUG AssetLoaderService   - Loading from cache: /assets/textures/appletree.png
11:30:14.815 [FXGL Background Thread 1 ] DEBUG AssetLoaderService   - Loading from cache: /assets/textures/redhouse.png
11:30:14.815 [FXGL Background Thread 1 ] DEBUG AssetLoaderService   - Loading from cache: /assets/textures/appletree.png
11:30:14.815 [FXGL Background Thread 1 ] DEBUG AssetLoaderService   - Loading from cache: /assets/textures/bluehouse.png
11:30:14.816 [FXGL Background Thread 1 ] DEBUG AssetLoaderService   - Loading from cache: /assets/textures/appletree.png
11:30:14.816 [FXGL Background Thread 1 ] DEBUG AssetLoaderService   - Loading from cache: /assets/textures/appletree.png
11:30:14.817 [FXGL Background Thread 1 ] DEBUG AssetLoaderService   - Loading from cache: /assets/textures/bush.png
11:30:14.817 [FXGL Background Thread 1 ] DEBUG AssetLoaderService   - Loading from cache: /assets/textures/rock.png
11:30:14.818 [FXGL Background Thread 1 ] DEBUG AssetLoaderService   - Loading from cache: /assets/textures/tree.png
11:30:14.818 [FXGL Background Thread 1 ] INFO  GameApplication      - Game initialization took: 0.205 sec
11:30:14.819 [JavaFX Application Thread] DEBUG Input                - Clearing active input actions
11:30:14.841 [JavaFX Application Thread] DEBUG WindowService        - Removing overlay from FXGLLoadingScene and adding to GameScene
11:30:14.841 [JavaFX Application Thread] DEBUG MainWindow           - FXGLLoadingScene -> GameScene
11:30:17.417 [FXGL Background Thread 2 ] DEBUG Engine               - Logging environment variables
11:30:17.417 [FXGL Background Thread 2 ] DEBUG Engine               - achievements: []
11:30:17.417 [FXGL Background Thread 2 ] DEBUG Engine               - language: ObjectProperty [value: ENGLISH]
11:30:17.417 [FXGL Background Thread 2 ] DEBUG Engine               - isCloseConfirmation: false
11:30:17.417 [FXGL Background Thread 2 ] DEBUG Engine               - isProfilingEnabled: false
11:30:17.417 [FXGL Background Thread 2 ] DEBUG Engine               - soundNotification: core/notification.wav
11:30:17.417 [FXGL Background Thread 2 ] DEBUG Engine               - devShowBBoxProperty: BooleanProperty [value: false]
11:30:17.417 [FXGL Background Thread 2 ] DEBUG Engine               - pixelsPerMeter: 50.0
11:30:17.417 [FXGL Background Thread 2 ] DEBUG Engine               - soundMenuBack: menu/back.wav
11:30:17.417 [FXGL Background Thread 2 ] DEBUG Engine               - appIcon: fxgl_icon.png
11:30:17.417 [FXGL Background Thread 2 ] DEBUG Engine               - isFullScreenAllowed: false
11:30:17.417 [FXGL Background Thread 2 ] DEBUG Engine               - isIntroEnabled: false
11:30:17.417 [FXGL Background Thread 2 ] DEBUG Engine               - fontMono: lucida_console.ttf
11:30:17.418 [FXGL Background Thread 2 ] DEBUG Engine               - soundMenuSelect: menu/select.wav
11:30:17.418 [FXGL Background Thread 2 ] DEBUG Engine               - isWindows: true
11:30:17.418 [FXGL Background Thread 2 ] DEBUG Engine               - isMobile: false
11:30:17.418 [FXGL Background Thread 2 ] DEBUG Engine               - isUserProfileEnabled: false
11:30:17.418 [FXGL Background Thread 2 ] DEBUG Engine               - height: 640
11:30:17.418 [FXGL Background Thread 2 ] DEBUG Engine               - isExperimentalNative: false
11:30:17.418 [FXGL Background Thread 2 ] DEBUG Engine               - settings: Title: FriendMaker2077
Version: 0.1
Width: 640
Height: 640
Fullscreen: false
Intro: false
Menus: false
Profiling: false
Single step:false
App Mode: DEVELOPER
Menu Key: ESCAPE
Stage Style: DECORATED
Scene Factory: class ui.MenuFactory

11:30:17.418 [FXGL Background Thread 2 ] DEBUG Engine               - isSingleStep: false
11:30:17.418 [FXGL Background Thread 2 ] DEBUG Engine               - cSSList: [fxgl_dark.css]
11:30:17.418 [FXGL Background Thread 2 ] DEBUG Engine               - fontGame: Abel-Regular.ttf
11:30:17.418 [FXGL Background Thread 2 ] DEBUG Engine               - menuKey: ESCAPE
11:30:17.418 [FXGL Background Thread 2 ] DEBUG Engine               - devShowPositionProperty: BooleanProperty [value: false]
11:30:17.418 [FXGL Background Thread 2 ] DEBUG Engine               - versionCheckDays: 7
11:30:17.418 [FXGL Background Thread 2 ] DEBUG Engine               - configClass: Optional.empty
11:30:17.419 [FXGL Background Thread 2 ] DEBUG Engine               - isFullScreenFromStart: false
11:30:17.419 [FXGL Background Thread 2 ] DEBUG Engine               - version: 0.1
11:30:17.419 [FXGL Background Thread 2 ] DEBUG Engine               - fullScreen: BooleanProperty [value: false]
11:30:17.419 [FXGL Background Thread 2 ] DEBUG Engine               - randomSeed: -1
11:30:17.419 [FXGL Background Thread 2 ] DEBUG Engine               - gameDifficultyProperty: ObjectProperty [value: MEDIUM]
11:30:17.419 [FXGL Background Thread 2 ] DEBUG Engine               - applicationMode: DEVELOPER
11:30:17.419 [FXGL Background Thread 2 ] DEBUG Engine               - isMac: false
11:30:17.419 [FXGL Background Thread 2 ] DEBUG Engine               - isMenuEnabled: false
11:30:17.419 [FXGL Background Thread 2 ] DEBUG Engine               - urlPOM: https://raw.githubusercontent.com/AlmasB/FXGL/master/pom.xml
11:30:17.419 [FXGL Background Thread 2 ] DEBUG Engine               - profileName: StringProperty [value: DEFAULT]
11:30:17.419 [FXGL Background Thread 2 ] DEBUG Engine               - devSensorColorProperty: ObjectProperty [value: 0xffff00ff]
11:30:17.419 [FXGL Background Thread 2 ] DEBUG Engine               - notificationViewClass: class com.almasb.fxgl.notification.view.XboxNotificationView
11:30:17.419 [FXGL Background Thread 2 ] DEBUG Engine               - sceneFactory: ui.MenuFactory@44b25259
11:30:17.419 [FXGL Background Thread 2 ] DEBUG Engine               - stageStyle: DECORATED
11:30:17.419 [FXGL Background Thread 2 ] DEBUG Engine               - isManualResizeEnabled: false
11:30:17.420 [FXGL Background Thread 2 ] DEBUG Engine               - title: FriendMaker2077
11:30:17.420 [FXGL Background Thread 2 ] DEBUG Engine               - platform: WINDOWS
11:30:17.420 [FXGL Background Thread 2 ] DEBUG Engine               - devBBoxColorProperty: ObjectProperty [value: 0xff0000ff]
11:30:17.420 [FXGL Background Thread 2 ] DEBUG Engine               - gameDifficulty: MEDIUM
11:30:17.420 [FXGL Background Thread 2 ] DEBUG Engine               - isDesktop: true
11:30:17.420 [FXGL Background Thread 2 ] DEBUG Engine               - supportedLanguages: [ENGLISH, FRENCH, GERMAN, HUNGARIAN, RUSSIAN]
11:30:17.420 [FXGL Background Thread 2 ] DEBUG Engine               - globalMusicVolumeProperty: DoubleProperty [value: 0.5]
11:30:17.420 [FXGL Background Thread 2 ] DEBUG Engine               - credits: []
11:30:17.420 [FXGL Background Thread 2 ] DEBUG Engine               - isPreserveResizeRatio: false
11:30:17.420 [FXGL Background Thread 2 ] DEBUG Engine               - fontText: Courier-Prime.ttf
11:30:17.420 [FXGL Background Thread 2 ] DEBUG Engine               - isExperimentalTiledLargeMap: false
11:30:17.420 [FXGL Background Thread 2 ] DEBUG Engine               - secondsIn24h: 60
11:30:17.420 [FXGL Background Thread 2 ] DEBUG Engine               - runtimeInfo: RuntimeInfo(platform=WINDOWS, version=11.8, build=08.03.2020 09.25)
11:30:17.420 [FXGL Background Thread 2 ] DEBUG Engine               - isLinux: false
11:30:17.420 [FXGL Background Thread 2 ] DEBUG Engine               - soundMenuPress: menu/press.wav
11:30:17.420 [FXGL Background Thread 2 ] DEBUG Engine               - urlGithub: https://github.com/AlmasB/FXGL
11:30:17.420 [FXGL Background Thread 2 ] DEBUG Engine               - profileDir: profiles/
11:30:17.421 [FXGL Background Thread 2 ] DEBUG Engine               - isDeveloperMenuEnabled: false
11:30:17.421 [FXGL Background Thread 2 ] DEBUG Engine               - globalSoundVolumeProperty: DoubleProperty [value: 0.5]
11:30:17.421 [FXGL Background Thread 2 ] DEBUG Engine               - mainWindow: com.almasb.fxgl.app.MainWindow@408dde17
11:30:17.421 [FXGL Background Thread 2 ] DEBUG Engine               - isBrowser: false
11:30:17.421 [FXGL Background Thread 2 ] DEBUG Engine               - globalSoundVolume: 0.5
11:30:17.421 [FXGL Background Thread 2 ] DEBUG Engine               - urlLeaderboard: http://fxgl-top.herokuapp.com/
11:30:17.421 [FXGL Background Thread 2 ] DEBUG Engine               - engineServices: [class com.almasb.fxgl.app.GameApplication$GameApplicationService, class com.almasb.fxgl.app.services.WindowService, class com.almasb.fxgl.app.services.FXGLDialogService, class com.almasb.fxgl.app.services.IOTaskExecutorService, class com.almasb.fxgl.event.EventBusService, class com.almasb.fxgl.io.FileSystemService, class com.almasb.fxgl.localization.LocalizationService, class com.almasb.fxgl.app.services.AssetLoaderService, class com.almasb.fxgl.app.services.SystemBundleService, class com.almasb.fxgl.profile.SaveLoadService, class com.almasb.fxgl.ui.FXGLUIFactoryServiceProvider, class com.almasb.fxgl.ui.FXGLDialogFactoryServiceProvider, class com.almasb.fxgl.audio.AudioPlayer, class com.almasb.fxgl.notification.impl.NotificationServiceProvider, class com.almasb.fxgl.achievement.AchievementService, class com.almasb.fxgl.cutscene.CutsceneService, class com.almasb.fxgl.minigames.MiniGameService, class com.almasb.fxgl.net.NetService, class com.almasb.fxgl.app.services.UpdaterService]
11:30:17.421 [FXGL Background Thread 2 ] DEBUG Engine               - globalMusicVolume: 0.5
11:30:17.421 [FXGL Background Thread 2 ] DEBUG Engine               - width: 640
11:30:17.421 [FXGL Background Thread 2 ] DEBUG Engine               - saveFileExt: sav
11:30:17.421 [FXGL Background Thread 2 ] DEBUG Engine               - isAndroid: false
11:30:17.421 [FXGL Background Thread 2 ] DEBUG Engine               - fontUI: VarelaRound-Regular.ttf
11:30:17.421 [FXGL Background Thread 2 ] DEBUG Engine               - enabledMenuItems: []
11:30:17.421 [FXGL Background Thread 2 ] DEBUG Engine               - isIOS: false
11:30:17.421 [FXGL Background Thread 2 ] DEBUG Engine               - Logging services
11:30:17.422 [FXGL Background Thread 2 ] DEBUG Engine               - class com.almasb.fxgl.app.GameApplication$GameApplicationService
11:30:17.422 [FXGL Background Thread 2 ] DEBUG Engine               - class com.almasb.fxgl.app.services.WindowService
11:30:17.422 [FXGL Background Thread 2 ] DEBUG Engine               - class com.almasb.fxgl.app.services.FXGLDialogService
11:30:17.422 [FXGL Background Thread 2 ] DEBUG Engine               - class com.almasb.fxgl.app.services.IOTaskExecutorService
11:30:17.422 [FXGL Background Thread 2 ] DEBUG Engine               - class com.almasb.fxgl.event.EventBusService
11:30:17.422 [FXGL Background Thread 2 ] DEBUG Engine               - class com.almasb.fxgl.io.FileSystemService
11:30:17.422 [FXGL Background Thread 2 ] DEBUG Engine               - class com.almasb.fxgl.localization.LocalizationService
11:30:17.422 [FXGL Background Thread 2 ] DEBUG Engine               - class com.almasb.fxgl.app.services.AssetLoaderService
11:30:17.422 [FXGL Background Thread 2 ] DEBUG Engine               - class com.almasb.fxgl.app.services.SystemBundleService
11:30:17.422 [FXGL Background Thread 2 ] DEBUG Engine               - class com.almasb.fxgl.profile.SaveLoadService
11:30:17.422 [FXGL Background Thread 2 ] DEBUG Engine               - class com.almasb.fxgl.ui.FXGLUIFactoryServiceProvider
11:30:17.422 [FXGL Background Thread 2 ] DEBUG Engine               - class com.almasb.fxgl.ui.FXGLDialogFactoryServiceProvider
11:30:17.422 [FXGL Background Thread 2 ] DEBUG Engine               - class com.almasb.fxgl.audio.AudioPlayer
11:30:17.422 [FXGL Background Thread 2 ] DEBUG Engine               - class com.almasb.fxgl.notification.impl.NotificationServiceProvider
11:30:17.422 [FXGL Background Thread 2 ] DEBUG Engine               - class com.almasb.fxgl.achievement.AchievementService
11:30:17.422 [FXGL Background Thread 2 ] DEBUG Engine               - class com.almasb.fxgl.cutscene.CutsceneService
11:30:17.423 [FXGL Background Thread 2 ] DEBUG Engine               - class com.almasb.fxgl.minigames.MiniGameService
11:30:17.423 [FXGL Background Thread 2 ] DEBUG Engine               - class com.almasb.fxgl.net.NetService
11:30:17.423 [FXGL Background Thread 2 ] DEBUG Engine               - class com.almasb.fxgl.app.services.UpdaterService
11:30:22.664 [JavaFX Application Thread] DEBUG GameApplication      - Exiting FXGL
11:30:22.664 [JavaFX Application Thread] DEBUG LoopRunner           - Stopping loop
11:30:22.664 [JavaFX Application Thread] DEBUG SystemBundleService  - Saving FXGL system data
11:30:22.665 [JavaFX Application Thread] DEBUG FileSystemAccess     - Writing to: C:\Users\otinn\git\FriendMaker2077-07-03\Project\system\fxgl.bundle
11:30:22.667 [JavaFX Application Thread] DEBUG GameApplication      - Shutting down background threads
11:30:22.667 [JavaFX Application Thread] DEBUG GameApplication      - Closing logger and exiting JavaFX
