17:23:39.895 [main                     ] DEBUG GameApplication      - Logger initialized
17:23:39.905 [main                     ] DEBUG GameApplication      - Logging settings
Title: FriendMaker2077
Version: 0.1
Width: 640
Height: 640
Fullscreen: false
Intro: false
Menus: false
Profiling: false
Single step:false
App Mode: DEVELOPER
Menu Key: ESCAPE
Stage Style: DECORATED
Scene Factory: class ui.MenuFactory

17:23:40.189 [JavaFX Application Thread] DEBUG GameApplication      - Initializing FXGL
17:23:40.195 [JavaFX Application Thread] INFO  Engine               - FXGL-11.8 (08.03.2020 09.25) on WINDOWS (J:13.0.2 FX:13.0.2)
17:23:40.195 [JavaFX Application Thread] INFO  Engine               - Source code and latest versions at: https://github.com/AlmasB/FXGL
17:23:40.195 [JavaFX Application Thread] INFO  Engine               -              Join the FXGL chat at: https://gitter.im/AlmasB/FXGL
17:23:40.262 [JavaFX Application Thread] DEBUG MainWindow           - Creating a JavaFX scene
17:23:40.292 [JavaFX Application Thread] DEBUG MainWindow           - Target settings size: 640.0 x 640.0
17:23:40.292 [JavaFX Application Thread] DEBUG MainWindow           - Scaled scene size:    640.0 x 640.0
17:23:40.292 [JavaFX Application Thread] DEBUG MainWindow           - Scaled ratio: (1.0, 1.0)
17:23:40.293 [JavaFX Application Thread] DEBUG MainWindow           - Set initial scene to FXGLStartupScene
17:23:40.296 [JavaFX Application Thread] DEBUG MainWindow           - Opening main window
17:23:40.363 [JavaFX Application Thread] DEBUG MainWindow           - Window border size: (16.0, 39.0)
17:23:40.363 [JavaFX Application Thread] DEBUG MainWindow           - Scaled size: 640.0 x 640.0
17:23:40.363 [JavaFX Application Thread] DEBUG MainWindow           - Scaled ratio: (1.0, 1.0)
17:23:40.364 [JavaFX Application Thread] DEBUG MainWindow           - Scene size: 640.0 x 640.0
17:23:40.364 [JavaFX Application Thread] DEBUG MainWindow           - Stage size: 656.0 x 679.0
17:23:40.368 [FXGL Background Thread 1 ] DEBUG Engine               - Initializing environment variables
17:23:40.385 [FXGL Background Thread 1 ] DEBUG WindowService        - Applying CSS: fxgl_dark.css
17:23:40.386 [FXGL Background Thread 1 ] DEBUG AssetLoaderService   - Loading from file system: /assets/ui/css/fxgl_dark.css
17:23:40.414 [FXGL Background Thread 1 ] DEBUG WindowService        - Initializing application scenes
17:23:40.434 [FXGL Background Thread 1 ] DEBUG GameWorld            - Game world initialized
17:23:40.454 [FXGL Background Thread 1 ] DEBUG PhysicsWorld         - Physics world initialized: appHeight=640, physics.ppm=50.0
17:23:40.455 [FXGL Background Thread 1 ] DEBUG GameScene            - Game scene initialized: 640x640
17:23:40.460 [FXGL Background Thread 1 ] DEBUG Input                - Registered new binding: Resume - Esc
17:23:40.470 [FXGL Background Thread 1 ] DEBUG Input                - Registered new binding: Pause - Esc
17:23:40.470 [FXGL Background Thread 1 ] DEBUG WindowService        - Application scenes initialized
17:23:40.478 [FXGL Background Thread 1 ] DEBUG SystemBundleService  - Loading FXGL system data
17:23:40.481 [FXGL Background Thread 1 ] DEBUG FileSystemAccess     - Reading from: C:\Users\Adam Cunard\git\FriendMaker2077-07-03\Project\system\fxgl.bundle
17:23:40.485 [FXGL Background Thread 1 ] DEBUG SystemBundleService  - Bundle FXGL: {}
17:23:40.486 [FXGL Background Thread 1 ] INFO  Engine               - FXGL initialization took: 0.116 sec
17:23:40.487 [FXGL Background Thread 1 ] DEBUG GameApplication      - Loading localizations
17:23:40.487 [FXGL Background Thread 1 ] DEBUG AssetLoaderService   - Loading from file system: /assets/properties/languages/english.properties
17:23:40.488 [FXGL Background Thread 1 ] DEBUG AssetLoaderService   - Loading from file system: /assets/properties/languages/french.properties
17:23:40.489 [FXGL Background Thread 1 ] DEBUG AssetLoaderService   - Loading from file system: /assets/properties/languages/german.properties
17:23:40.490 [FXGL Background Thread 1 ] DEBUG AssetLoaderService   - Loading from file system: /assets/properties/languages/hungarian.properties
17:23:40.491 [FXGL Background Thread 1 ] DEBUG AssetLoaderService   - Loading from file system: /assets/properties/languages/russian.properties
17:23:40.491 [FXGL Background Thread 1 ] DEBUG GameApplication      - Registering font factories with UI factory
17:23:40.492 [FXGL Background Thread 1 ] DEBUG AssetLoaderService   - Loading from file system: /assets/ui/fonts/VarelaRound-Regular.ttf
17:23:40.644 [FXGL Background Thread 1 ] DEBUG AssetLoaderService   - Loading from file system: /assets/ui/fonts/Abel-Regular.ttf
17:23:40.651 [FXGL Background Thread 1 ] DEBUG AssetLoaderService   - Loading from file system: /assets/ui/fonts/lucida_console.ttf
17:23:40.658 [FXGL Background Thread 1 ] DEBUG AssetLoaderService   - Loading from file system: /assets/ui/fonts/Courier-Prime.ttf
17:23:40.666 [JavaFX Application Thread] DEBUG Input                - Registered new binding: Move Right - D
17:23:40.666 [JavaFX Application Thread] DEBUG Input                - Registered new binding: Move Left - A
17:23:40.666 [JavaFX Application Thread] DEBUG Input                - Registered new binding: Move Up - W
17:23:40.666 [JavaFX Application Thread] DEBUG Input                - Registered new binding: Move Down - S
17:23:40.666 [JavaFX Application Thread] DEBUG Input                - Registered new binding: Play Sound - F
17:23:40.666 [JavaFX Application Thread] DEBUG AssetLoaderService   - Loading from file system: /assets/textures/fxgl_icon.png
17:23:40.691 [JavaFX Application Thread] DEBUG AssetLoaderService   - Loading from file system: /assets/ui/cursors/fxgl_default.png
17:23:40.693 [JavaFX Application Thread] DEBUG Input                - Registered new binding: Screenshot - P
17:23:40.693 [JavaFX Application Thread] DEBUG Input                - Registered new binding: System info dump - CTRL+9
17:23:40.693 [JavaFX Application Thread] DEBUG Input                - Registered new binding: Restart - CTRL+R
17:23:40.694 [JavaFX Application Thread] DEBUG LoopRunner           - Starting loop
17:23:40.707 [JavaFX Application Thread] DEBUG FXGLStartupScene     - STARTUP
17:23:40.707 [JavaFX Application Thread] DEBUG WindowService        - Starting new game
17:23:40.709 [JavaFX Application Thread] DEBUG Input                - Clearing active input actions
17:23:40.716 [JavaFX Application Thread] DEBUG WindowService        - Removing overlay from FXGLStartupScene and adding to FXGLLoadingScene
17:23:40.716 [JavaFX Application Thread] DEBUG MainWindow           - FXGLStartupScene -> FXGLLoadingScene
17:23:40.716 [JavaFX Application Thread] DEBUG WindowService        - Clearing previous game
17:23:40.716 [JavaFX Application Thread] DEBUG GameScene            - Clearing game scene
17:23:40.716 [JavaFX Application Thread] DEBUG GameWorld            - Clearing game world
17:23:40.717 [JavaFX Application Thread] DEBUG PhysicsWorld         - Clearing physics world
17:23:40.718 [FXGL Background Thread 1 ] DEBUG GameApplication      - Initializing game
17:23:40.724 [FXGL Background Thread 1 ] DEBUG AssetLoaderService   - Loading from file system: /assets/music/soundtrack.wav
17:23:40.828 [FXGL Background Thread 1 ] DEBUG AudioPlayer          - Playing music com.almasb.fxgl.audio.Music@2c3a211e
17:23:40.833 [FXGL Background Thread 1 ] DEBUG AssetLoaderService   - Loading from file system: /assets/textures/Room.png
17:23:40.846 [FXGL Background Thread 1 ] DEBUG AssetLoaderService   - Loading from cache: /assets/textures/Room.png
17:23:40.847 [FXGL Background Thread 1 ] DEBUG AssetLoaderService   - Loading from file system: /assets/textures/EmptyMap.png
17:23:40.970 [FXGL Background Thread 1 ] DEBUG AssetLoaderService   - Loading from file system: /assets/textures/player.png
17:23:40.972 [FXGL Background Thread 1 ] DEBUG AssetLoaderService   - Loading from cache: /assets/textures/player.png
17:23:40.972 [FXGL Background Thread 1 ] DEBUG AssetLoaderService   - Loading from cache: /assets/textures/player.png
17:23:40.972 [FXGL Background Thread 1 ] DEBUG AssetLoaderService   - Loading from cache: /assets/textures/player.png
17:23:40.972 [FXGL Background Thread 1 ] DEBUG AssetLoaderService   - Loading from cache: /assets/textures/player.png
17:23:40.972 [FXGL Background Thread 1 ] DEBUG AssetLoaderService   - Loading from cache: /assets/textures/player.png
17:23:40.973 [FXGL Background Thread 1 ] DEBUG AssetLoaderService   - Loading from file system: /assets/textures/bbox.png
17:23:40.976 [FXGL Background Thread 1 ] DEBUG AssetLoaderService   - Loading from file system: /assets/textures/froggysprite.png
17:23:40.977 [FXGL Background Thread 1 ] DEBUG AssetLoaderService   - Loading from cache: /assets/textures/froggysprite.png
17:23:40.977 [FXGL Background Thread 1 ] DEBUG AssetLoaderService   - Loading from cache: /assets/textures/froggysprite.png
17:23:40.977 [FXGL Background Thread 1 ] DEBUG AssetLoaderService   - Loading from cache: /assets/textures/bbox.png
17:23:40.978 [FXGL Background Thread 1 ] DEBUG AssetLoaderService   - Loading from file system: /assets/textures/bush.png
17:23:40.979 [FXGL Background Thread 1 ] DEBUG AssetLoaderService   - Loading from cache: /assets/textures/bush.png
17:23:40.980 [FXGL Background Thread 1 ] DEBUG AssetLoaderService   - Loading from file system: /assets/textures/rock.png
17:23:40.981 [FXGL Background Thread 1 ] DEBUG AssetLoaderService   - Loading from cache: /assets/textures/rock.png
17:23:40.981 [FXGL Background Thread 1 ] DEBUG AssetLoaderService   - Loading from file system: /assets/textures/tree.png
17:23:40.982 [FXGL Background Thread 1 ] DEBUG AssetLoaderService   - Loading from cache: /assets/textures/bush.png
17:23:40.983 [FXGL Background Thread 1 ] DEBUG AssetLoaderService   - Loading from cache: /assets/textures/tree.png
17:23:40.983 [FXGL Background Thread 1 ] DEBUG AssetLoaderService   - Loading from cache: /assets/textures/bush.png
17:23:40.984 [FXGL Background Thread 1 ] DEBUG AssetLoaderService   - Loading from file system: /assets/textures/appletree.png
17:23:40.985 [FXGL Background Thread 1 ] DEBUG AssetLoaderService   - Loading from cache: /assets/textures/bush.png
17:23:40.985 [FXGL Background Thread 1 ] DEBUG AssetLoaderService   - Loading from cache: /assets/textures/tree.png
17:23:40.985 [FXGL Background Thread 1 ] DEBUG AssetLoaderService   - Loading from cache: /assets/textures/bush.png
17:23:40.986 [FXGL Background Thread 1 ] DEBUG AssetLoaderService   - Loading from cache: /assets/textures/appletree.png
17:23:40.986 [FXGL Background Thread 1 ] DEBUG AssetLoaderService   - Loading from cache: /assets/textures/bush.png
17:23:40.987 [FXGL Background Thread 1 ] DEBUG AssetLoaderService   - Loading from cache: /assets/textures/appletree.png
17:23:40.987 [FXGL Background Thread 1 ] DEBUG AssetLoaderService   - Loading from cache: /assets/textures/bush.png
17:23:40.988 [FXGL Background Thread 1 ] DEBUG AssetLoaderService   - Loading from cache: /assets/textures/tree.png
17:23:40.988 [FXGL Background Thread 1 ] DEBUG AssetLoaderService   - Loading from cache: /assets/textures/bush.png
17:23:40.988 [FXGL Background Thread 1 ] DEBUG AssetLoaderService   - Loading from cache: /assets/textures/tree.png
17:23:40.989 [FXGL Background Thread 1 ] DEBUG AssetLoaderService   - Loading from cache: /assets/textures/bush.png
17:23:40.989 [FXGL Background Thread 1 ] DEBUG AssetLoaderService   - Loading from cache: /assets/textures/tree.png
17:23:40.990 [FXGL Background Thread 1 ] DEBUG AssetLoaderService   - Loading from cache: /assets/textures/bush.png
17:23:40.990 [FXGL Background Thread 1 ] DEBUG AssetLoaderService   - Loading from cache: /assets/textures/bush.png
17:23:40.991 [FXGL Background Thread 1 ] DEBUG AssetLoaderService   - Loading from cache: /assets/textures/tree.png
17:23:40.991 [FXGL Background Thread 1 ] DEBUG AssetLoaderService   - Loading from cache: /assets/textures/tree.png
17:23:40.992 [FXGL Background Thread 1 ] DEBUG AssetLoaderService   - Loading from cache: /assets/textures/tree.png
17:23:40.992 [FXGL Background Thread 1 ] DEBUG AssetLoaderService   - Loading from cache: /assets/textures/bush.png
17:23:40.993 [FXGL Background Thread 1 ] DEBUG AssetLoaderService   - Loading from cache: /assets/textures/tree.png
17:23:40.993 [FXGL Background Thread 1 ] DEBUG AssetLoaderService   - Loading from cache: /assets/textures/bush.png
17:23:40.994 [FXGL Background Thread 1 ] DEBUG AssetLoaderService   - Loading from cache: /assets/textures/appletree.png
17:23:40.995 [FXGL Background Thread 1 ] DEBUG AssetLoaderService   - Loading from cache: /assets/textures/bush.png
17:23:40.995 [FXGL Background Thread 1 ] DEBUG AssetLoaderService   - Loading from cache: /assets/textures/tree.png
17:23:40.996 [FXGL Background Thread 1 ] DEBUG AssetLoaderService   - Loading from cache: /assets/textures/bush.png
17:23:40.996 [FXGL Background Thread 1 ] DEBUG AssetLoaderService   - Loading from cache: /assets/textures/appletree.png
17:23:40.997 [FXGL Background Thread 1 ] DEBUG AssetLoaderService   - Loading from cache: /assets/textures/bush.png
17:23:40.997 [FXGL Background Thread 1 ] DEBUG AssetLoaderService   - Loading from cache: /assets/textures/appletree.png
17:23:40.998 [FXGL Background Thread 1 ] DEBUG AssetLoaderService   - Loading from cache: /assets/textures/appletree.png
17:23:40.998 [FXGL Background Thread 1 ] DEBUG AssetLoaderService   - Loading from cache: /assets/textures/appletree.png
17:23:40.999 [FXGL Background Thread 1 ] DEBUG AssetLoaderService   - Loading from cache: /assets/textures/appletree.png
17:23:40.999 [FXGL Background Thread 1 ] DEBUG AssetLoaderService   - Loading from cache: /assets/textures/appletree.png
17:23:40.999 [FXGL Background Thread 1 ] DEBUG AssetLoaderService   - Loading from cache: /assets/textures/tree.png
17:23:41.000 [FXGL Background Thread 1 ] DEBUG AssetLoaderService   - Loading from cache: /assets/textures/tree.png
17:23:41.000 [FXGL Background Thread 1 ] DEBUG AssetLoaderService   - Loading from cache: /assets/textures/appletree.png
17:23:41.000 [FXGL Background Thread 1 ] DEBUG AssetLoaderService   - Loading from cache: /assets/textures/bush.png
17:23:41.001 [FXGL Background Thread 1 ] DEBUG AssetLoaderService   - Loading from cache: /assets/textures/appletree.png
17:23:41.002 [FXGL Background Thread 1 ] DEBUG AssetLoaderService   - Loading from cache: /assets/textures/bush.png
17:23:41.002 [FXGL Background Thread 1 ] DEBUG AssetLoaderService   - Loading from cache: /assets/textures/rock.png
17:23:41.003 [FXGL Background Thread 1 ] DEBUG AssetLoaderService   - Loading from cache: /assets/textures/tree.png
17:23:41.004 [FXGL Background Thread 1 ] DEBUG AssetLoaderService   - Loading from cache: /assets/textures/rock.png
17:23:41.004 [FXGL Background Thread 1 ] DEBUG AssetLoaderService   - Loading from cache: /assets/textures/appletree.png
17:23:41.004 [FXGL Background Thread 1 ] DEBUG AssetLoaderService   - Loading from cache: /assets/textures/appletree.png
17:23:41.005 [FXGL Background Thread 1 ] DEBUG AssetLoaderService   - Loading from file system: /assets/textures/lighthouse.png
17:23:41.006 [FXGL Background Thread 1 ] DEBUG AssetLoaderService   - Loading from file system: /assets/textures/greenhouse.png
17:23:41.007 [FXGL Background Thread 1 ] DEBUG AssetLoaderService   - Loading from file system: /assets/textures/bluehouse.png
17:23:41.009 [FXGL Background Thread 1 ] DEBUG AssetLoaderService   - Loading from file system: /assets/textures/redhouse.png
17:23:41.010 [FXGL Background Thread 1 ] DEBUG AssetLoaderService   - Loading from cache: /assets/textures/redhouse.png
17:23:41.010 [FXGL Background Thread 1 ] DEBUG AssetLoaderService   - Loading from cache: /assets/textures/bluehouse.png
17:23:41.011 [FXGL Background Thread 1 ] DEBUG AssetLoaderService   - Loading from cache: /assets/textures/bluehouse.png
17:23:41.011 [FXGL Background Thread 1 ] DEBUG AssetLoaderService   - Loading from cache: /assets/textures/redhouse.png
17:23:41.011 [FXGL Background Thread 1 ] DEBUG AssetLoaderService   - Loading from cache: /assets/textures/bluehouse.png
17:23:41.012 [FXGL Background Thread 1 ] DEBUG AssetLoaderService   - Loading from cache: /assets/textures/redhouse.png
17:23:41.012 [FXGL Background Thread 1 ] DEBUG AssetLoaderService   - Loading from cache: /assets/textures/lighthouse.png
17:23:41.012 [FXGL Background Thread 1 ] DEBUG AssetLoaderService   - Loading from cache: /assets/textures/greenhouse.png
17:23:41.013 [FXGL Background Thread 1 ] INFO  GameApplication      - Game initialization took: 0.296 sec
17:23:41.013 [JavaFX Application Thread] DEBUG Input                - Clearing active input actions
17:23:41.035 [JavaFX Application Thread] DEBUG WindowService        - Removing overlay from FXGLLoadingScene and adding to GameScene
17:23:41.035 [JavaFX Application Thread] DEBUG MainWindow           - FXGLLoadingScene -> GameScene
17:23:42.747 [JavaFX Application Thread] DEBUG MainWindow           - Push state: CustomPauseMenu
17:23:42.747 [JavaFX Application Thread] DEBUG Input                - Clearing active input actions
17:23:42.750 [JavaFX Application Thread] DEBUG WindowService        - Removing overlay from GameScene and adding to CustomPauseMenu
17:23:42.750 [JavaFX Application Thread] DEBUG MainWindow           - GameScene -> CustomPauseMenu
17:23:43.487 [FXGL Background Thread 2 ] DEBUG Engine               - Logging environment variables
17:23:43.487 [FXGL Background Thread 2 ] DEBUG Engine               - achievements: []
17:23:43.487 [FXGL Background Thread 2 ] DEBUG Engine               - language: ObjectProperty [value: ENGLISH]
17:23:43.487 [FXGL Background Thread 2 ] DEBUG Engine               - isCloseConfirmation: false
17:23:43.487 [FXGL Background Thread 2 ] DEBUG Engine               - isProfilingEnabled: false
17:23:43.487 [FXGL Background Thread 2 ] DEBUG Engine               - soundNotification: core/notification.wav
17:23:43.487 [FXGL Background Thread 2 ] DEBUG Engine               - devShowBBoxProperty: BooleanProperty [value: false]
17:23:43.487 [FXGL Background Thread 2 ] DEBUG Engine               - pixelsPerMeter: 50.0
17:23:43.487 [FXGL Background Thread 2 ] DEBUG Engine               - soundMenuBack: menu/back.wav
17:23:43.488 [FXGL Background Thread 2 ] DEBUG Engine               - appIcon: fxgl_icon.png
17:23:43.488 [FXGL Background Thread 2 ] DEBUG Engine               - isFullScreenAllowed: false
17:23:43.488 [FXGL Background Thread 2 ] DEBUG Engine               - isIntroEnabled: false
17:23:43.488 [FXGL Background Thread 2 ] DEBUG Engine               - fontMono: lucida_console.ttf
17:23:43.488 [FXGL Background Thread 2 ] DEBUG Engine               - soundMenuSelect: menu/select.wav
17:23:43.488 [FXGL Background Thread 2 ] DEBUG Engine               - isWindows: true
17:23:43.488 [FXGL Background Thread 2 ] DEBUG Engine               - isMobile: false
17:23:43.488 [FXGL Background Thread 2 ] DEBUG Engine               - isUserProfileEnabled: false
17:23:43.488 [FXGL Background Thread 2 ] DEBUG Engine               - height: 640
17:23:43.488 [FXGL Background Thread 2 ] DEBUG Engine               - isExperimentalNative: false
17:23:43.488 [FXGL Background Thread 2 ] DEBUG Engine               - settings: Title: FriendMaker2077
Version: 0.1
Width: 640
Height: 640
Fullscreen: false
Intro: false
Menus: false
Profiling: false
Single step:false
App Mode: DEVELOPER
Menu Key: ESCAPE
Stage Style: DECORATED
Scene Factory: class ui.MenuFactory

17:23:43.488 [FXGL Background Thread 2 ] DEBUG Engine               - isSingleStep: false
17:23:43.488 [FXGL Background Thread 2 ] DEBUG Engine               - cSSList: [fxgl_dark.css]
17:23:43.489 [FXGL Background Thread 2 ] DEBUG Engine               - fontGame: Abel-Regular.ttf
17:23:43.489 [FXGL Background Thread 2 ] DEBUG Engine               - menuKey: ESCAPE
17:23:43.489 [FXGL Background Thread 2 ] DEBUG Engine               - devShowPositionProperty: BooleanProperty [value: false]
17:23:43.489 [FXGL Background Thread 2 ] DEBUG Engine               - versionCheckDays: 7
17:23:43.489 [FXGL Background Thread 2 ] DEBUG Engine               - configClass: Optional.empty
17:23:43.489 [FXGL Background Thread 2 ] DEBUG Engine               - isFullScreenFromStart: false
17:23:43.489 [FXGL Background Thread 2 ] DEBUG Engine               - version: 0.1
17:23:43.489 [FXGL Background Thread 2 ] DEBUG Engine               - fullScreen: BooleanProperty [value: false]
17:23:43.489 [FXGL Background Thread 2 ] DEBUG Engine               - randomSeed: -1
17:23:43.489 [FXGL Background Thread 2 ] DEBUG Engine               - gameDifficultyProperty: ObjectProperty [value: MEDIUM]
17:23:43.489 [FXGL Background Thread 2 ] DEBUG Engine               - applicationMode: DEVELOPER
17:23:43.489 [FXGL Background Thread 2 ] DEBUG Engine               - isMac: false
17:23:43.489 [FXGL Background Thread 2 ] DEBUG Engine               - isMenuEnabled: false
17:23:43.489 [FXGL Background Thread 2 ] DEBUG Engine               - urlPOM: https://raw.githubusercontent.com/AlmasB/FXGL/master/pom.xml
17:23:43.489 [FXGL Background Thread 2 ] DEBUG Engine               - profileName: StringProperty [value: DEFAULT]
17:23:43.490 [FXGL Background Thread 2 ] DEBUG Engine               - notificationViewClass: class com.almasb.fxgl.notification.view.XboxNotificationView
17:23:43.490 [FXGL Background Thread 2 ] DEBUG Engine               - devSensorColorProperty: ObjectProperty [value: 0xffff00ff]
17:23:43.490 [FXGL Background Thread 2 ] DEBUG Engine               - sceneFactory: ui.MenuFactory@684651d2
17:23:43.490 [FXGL Background Thread 2 ] DEBUG Engine               - stageStyle: DECORATED
17:23:43.490 [FXGL Background Thread 2 ] DEBUG Engine               - isManualResizeEnabled: false
17:23:43.490 [FXGL Background Thread 2 ] DEBUG Engine               - title: FriendMaker2077
17:23:43.490 [FXGL Background Thread 2 ] DEBUG Engine               - platform: WINDOWS
17:23:43.490 [FXGL Background Thread 2 ] DEBUG Engine               - devBBoxColorProperty: ObjectProperty [value: 0xff0000ff]
17:23:43.490 [FXGL Background Thread 2 ] DEBUG Engine               - gameDifficulty: MEDIUM
17:23:43.490 [FXGL Background Thread 2 ] DEBUG Engine               - isDesktop: true
17:23:43.490 [FXGL Background Thread 2 ] DEBUG Engine               - supportedLanguages: [ENGLISH, FRENCH, GERMAN, HUNGARIAN, RUSSIAN]
17:23:43.490 [FXGL Background Thread 2 ] DEBUG Engine               - credits: []
17:23:43.491 [FXGL Background Thread 2 ] DEBUG Engine               - globalMusicVolumeProperty: DoubleProperty [value: 0.5]
17:23:43.491 [FXGL Background Thread 2 ] DEBUG Engine               - isPreserveResizeRatio: false
17:23:43.491 [FXGL Background Thread 2 ] DEBUG Engine               - fontText: Courier-Prime.ttf
17:23:43.491 [FXGL Background Thread 2 ] DEBUG Engine               - isExperimentalTiledLargeMap: false
17:23:43.491 [FXGL Background Thread 2 ] DEBUG Engine               - secondsIn24h: 60
17:23:43.491 [FXGL Background Thread 2 ] DEBUG Engine               - runtimeInfo: RuntimeInfo(platform=WINDOWS, version=11.8, build=08.03.2020 09.25)
17:23:43.491 [FXGL Background Thread 2 ] DEBUG Engine               - isLinux: false
17:23:43.491 [FXGL Background Thread 2 ] DEBUG Engine               - soundMenuPress: menu/press.wav
17:23:43.491 [FXGL Background Thread 2 ] DEBUG Engine               - urlGithub: https://github.com/AlmasB/FXGL
17:23:43.491 [FXGL Background Thread 2 ] DEBUG Engine               - profileDir: profiles/
17:23:43.491 [FXGL Background Thread 2 ] DEBUG Engine               - isDeveloperMenuEnabled: false
17:23:43.491 [FXGL Background Thread 2 ] DEBUG Engine               - globalSoundVolumeProperty: DoubleProperty [value: 0.5]
17:23:43.492 [FXGL Background Thread 2 ] DEBUG Engine               - mainWindow: com.almasb.fxgl.app.MainWindow@6c79d802
17:23:43.492 [FXGL Background Thread 2 ] DEBUG Engine               - isBrowser: false
17:23:43.492 [FXGL Background Thread 2 ] DEBUG Engine               - globalSoundVolume: 0.5
17:23:43.492 [FXGL Background Thread 2 ] DEBUG Engine               - urlLeaderboard: http://fxgl-top.herokuapp.com/
17:23:43.492 [FXGL Background Thread 2 ] DEBUG Engine               - engineServices: [class com.almasb.fxgl.app.GameApplication$GameApplicationService, class com.almasb.fxgl.app.services.WindowService, class com.almasb.fxgl.app.services.FXGLDialogService, class com.almasb.fxgl.app.services.IOTaskExecutorService, class com.almasb.fxgl.event.EventBusService, class com.almasb.fxgl.io.FileSystemService, class com.almasb.fxgl.localization.LocalizationService, class com.almasb.fxgl.app.services.AssetLoaderService, class com.almasb.fxgl.app.services.SystemBundleService, class com.almasb.fxgl.profile.SaveLoadService, class com.almasb.fxgl.ui.FXGLUIFactoryServiceProvider, class com.almasb.fxgl.ui.FXGLDialogFactoryServiceProvider, class com.almasb.fxgl.audio.AudioPlayer, class com.almasb.fxgl.notification.impl.NotificationServiceProvider, class com.almasb.fxgl.achievement.AchievementService, class com.almasb.fxgl.cutscene.CutsceneService, class com.almasb.fxgl.minigames.MiniGameService, class com.almasb.fxgl.net.NetService, class com.almasb.fxgl.app.services.UpdaterService]
17:23:43.492 [FXGL Background Thread 2 ] DEBUG Engine               - globalMusicVolume: 0.5
17:23:43.492 [FXGL Background Thread 2 ] DEBUG Engine               - width: 640
17:23:43.492 [FXGL Background Thread 2 ] DEBUG Engine               - saveFileExt: sav
17:23:43.492 [FXGL Background Thread 2 ] DEBUG Engine               - isAndroid: false
17:23:43.492 [FXGL Background Thread 2 ] DEBUG Engine               - fontUI: VarelaRound-Regular.ttf
17:23:43.492 [FXGL Background Thread 2 ] DEBUG Engine               - enabledMenuItems: [SAVE_LOAD, EXTRA, ONLINE]
17:23:43.492 [FXGL Background Thread 2 ] DEBUG Engine               - isIOS: false
17:23:43.492 [FXGL Background Thread 2 ] DEBUG Engine               - Logging services
17:23:43.492 [FXGL Background Thread 2 ] DEBUG Engine               - class com.almasb.fxgl.app.GameApplication$GameApplicationService
17:23:43.493 [FXGL Background Thread 2 ] DEBUG Engine               - class com.almasb.fxgl.app.services.WindowService
17:23:43.493 [FXGL Background Thread 2 ] DEBUG Engine               - class com.almasb.fxgl.app.services.FXGLDialogService
17:23:43.493 [FXGL Background Thread 2 ] DEBUG Engine               - class com.almasb.fxgl.app.services.IOTaskExecutorService
17:23:43.493 [FXGL Background Thread 2 ] DEBUG Engine               - class com.almasb.fxgl.event.EventBusService
17:23:43.493 [FXGL Background Thread 2 ] DEBUG Engine               - class com.almasb.fxgl.io.FileSystemService
17:23:43.493 [FXGL Background Thread 2 ] DEBUG Engine               - class com.almasb.fxgl.localization.LocalizationService
17:23:43.493 [FXGL Background Thread 2 ] DEBUG Engine               - class com.almasb.fxgl.app.services.AssetLoaderService
17:23:43.493 [FXGL Background Thread 2 ] DEBUG Engine               - class com.almasb.fxgl.app.services.SystemBundleService
17:23:43.493 [FXGL Background Thread 2 ] DEBUG Engine               - class com.almasb.fxgl.profile.SaveLoadService
17:23:43.493 [FXGL Background Thread 2 ] DEBUG Engine               - class com.almasb.fxgl.ui.FXGLUIFactoryServiceProvider
17:23:43.493 [FXGL Background Thread 2 ] DEBUG Engine               - class com.almasb.fxgl.ui.FXGLDialogFactoryServiceProvider
17:23:43.493 [FXGL Background Thread 2 ] DEBUG Engine               - class com.almasb.fxgl.audio.AudioPlayer
17:23:43.493 [FXGL Background Thread 2 ] DEBUG Engine               - class com.almasb.fxgl.notification.impl.NotificationServiceProvider
17:23:43.493 [FXGL Background Thread 2 ] DEBUG Engine               - class com.almasb.fxgl.achievement.AchievementService
17:23:43.493 [FXGL Background Thread 2 ] DEBUG Engine               - class com.almasb.fxgl.cutscene.CutsceneService
17:23:43.493 [FXGL Background Thread 2 ] DEBUG Engine               - class com.almasb.fxgl.minigames.MiniGameService
17:23:43.493 [FXGL Background Thread 2 ] DEBUG Engine               - class com.almasb.fxgl.net.NetService
17:23:43.493 [FXGL Background Thread 2 ] DEBUG Engine               - class com.almasb.fxgl.app.services.UpdaterService
17:23:44.161 [JavaFX Application Thread] DEBUG MainWindow           - Pop state: CustomPauseMenu
17:23:44.161 [JavaFX Application Thread] DEBUG Input                - Clearing active input actions
17:23:44.161 [JavaFX Application Thread] DEBUG WindowService        - Removing overlay from CustomPauseMenu and adding to GameScene
17:23:44.162 [JavaFX Application Thread] DEBUG MainWindow           - GameScene <- CustomPauseMenu
17:23:44.793 [JavaFX Application Thread] DEBUG MainWindow           - Push state: CustomPauseMenu
17:23:44.793 [JavaFX Application Thread] DEBUG Input                - Clearing active input actions
17:23:44.794 [JavaFX Application Thread] DEBUG WindowService        - Removing overlay from GameScene and adding to CustomPauseMenu
17:23:44.794 [JavaFX Application Thread] DEBUG MainWindow           - GameScene -> CustomPauseMenu
17:23:46.496 [JavaFX Application Thread] DEBUG MainWindow           - Pop state: CustomPauseMenu
17:23:46.496 [JavaFX Application Thread] DEBUG Input                - Clearing active input actions
17:23:46.496 [JavaFX Application Thread] DEBUG WindowService        - Removing overlay from CustomPauseMenu and adding to GameScene
17:23:46.496 [JavaFX Application Thread] DEBUG MainWindow           - GameScene <- CustomPauseMenu
17:23:48.343 [JavaFX Application Thread] DEBUG MainWindow           - Push state: CustomPauseMenu
17:23:48.343 [JavaFX Application Thread] DEBUG Input                - Clearing active input actions
17:23:48.344 [JavaFX Application Thread] DEBUG WindowService        - Removing overlay from GameScene and adding to CustomPauseMenu
17:23:48.344 [JavaFX Application Thread] DEBUG MainWindow           - GameScene -> CustomPauseMenu
17:23:49.697 [JavaFX Application Thread] DEBUG MainWindow           - Pop state: CustomPauseMenu
17:23:49.697 [JavaFX Application Thread] DEBUG Input                - Clearing active input actions
17:23:49.697 [JavaFX Application Thread] DEBUG WindowService        - Removing overlay from CustomPauseMenu and adding to GameScene
17:23:49.697 [JavaFX Application Thread] DEBUG MainWindow           - GameScene <- CustomPauseMenu
17:23:50.747 [JavaFX Application Thread] DEBUG MainWindow           - Push state: CustomPauseMenu
17:23:50.747 [JavaFX Application Thread] DEBUG Input                - Clearing active input actions
17:23:50.747 [JavaFX Application Thread] DEBUG WindowService        - Removing overlay from GameScene and adding to CustomPauseMenu
17:23:50.747 [JavaFX Application Thread] DEBUG MainWindow           - GameScene -> CustomPauseMenu
17:23:51.614 [JavaFX Application Thread] DEBUG GameApplication      - Exiting FXGL
17:23:51.614 [JavaFX Application Thread] DEBUG LoopRunner           - Stopping loop
17:23:51.615 [JavaFX Application Thread] DEBUG SystemBundleService  - Saving FXGL system data
17:23:51.616 [JavaFX Application Thread] DEBUG FileSystemAccess     - Writing to: C:\Users\Adam Cunard\git\FriendMaker2077-07-03\Project\system\fxgl.bundle
17:23:51.616 [JavaFX Application Thread] DEBUG GameApplication      - Shutting down background threads
17:23:51.617 [JavaFX Application Thread] DEBUG GameApplication      - Closing logger and exiting JavaFX
