21:52:14.359 [main                     ] DEBUG GameApplication      - Logger initialized
21:52:14.369 [main                     ] DEBUG GameApplication      - Logging settings
Title: FriendMaker2077
Version: 0.1
Width: 640
Height: 640
Fullscreen: false
Intro: false
Menus: false
Profiling: false
Single step:false
App Mode: DEVELOPER
Menu Key: ESCAPE
Stage Style: DECORATED
Scene Factory: class ui.MenuFactory

21:52:14.642 [JavaFX Application Thread] DEBUG GameApplication      - Initializing FXGL
21:52:14.648 [JavaFX Application Thread] INFO  Engine               - FXGL-11.8 (08.03.2020 09.25) on WINDOWS (J:13.0.2 FX:13.0.2)
21:52:14.648 [JavaFX Application Thread] INFO  Engine               - Source code and latest versions at: https://github.com/AlmasB/FXGL
21:52:14.648 [JavaFX Application Thread] INFO  Engine               -              Join the FXGL chat at: https://gitter.im/AlmasB/FXGL
21:52:14.718 [JavaFX Application Thread] DEBUG MainWindow           - Creating a JavaFX scene
21:52:14.747 [JavaFX Application Thread] DEBUG MainWindow           - Target settings size: 640.0 x 640.0
21:52:14.747 [JavaFX Application Thread] DEBUG MainWindow           - Scaled scene size:    640.0 x 640.0
21:52:14.747 [JavaFX Application Thread] DEBUG MainWindow           - Scaled ratio: (1.0, 1.0)
21:52:14.748 [JavaFX Application Thread] DEBUG MainWindow           - Set initial scene to FXGLStartupScene
21:52:14.752 [JavaFX Application Thread] DEBUG MainWindow           - Opening main window
21:52:14.828 [JavaFX Application Thread] DEBUG MainWindow           - Window border size: (16.0, 39.0)
21:52:14.828 [JavaFX Application Thread] DEBUG MainWindow           - Scaled size: 640.0 x 640.0
21:52:14.828 [JavaFX Application Thread] DEBUG MainWindow           - Scaled ratio: (1.0, 1.0)
21:52:14.828 [JavaFX Application Thread] DEBUG MainWindow           - Scene size: 640.0 x 640.0
21:52:14.829 [JavaFX Application Thread] DEBUG MainWindow           - Stage size: 656.0 x 679.0
21:52:14.834 [FXGL Background Thread 1 ] DEBUG Engine               - Initializing environment variables
21:52:14.853 [FXGL Background Thread 1 ] DEBUG WindowService        - Applying CSS: fxgl_dark.css
21:52:14.854 [FXGL Background Thread 1 ] DEBUG AssetLoaderService   - Loading from file system: /assets/ui/css/fxgl_dark.css
21:52:14.881 [FXGL Background Thread 1 ] DEBUG WindowService        - Initializing application scenes
21:52:14.902 [FXGL Background Thread 1 ] DEBUG GameWorld            - Game world initialized
21:52:14.922 [FXGL Background Thread 1 ] DEBUG PhysicsWorld         - Physics world initialized: appHeight=640, physics.ppm=50.0
21:52:14.923 [FXGL Background Thread 1 ] DEBUG GameScene            - Game scene initialized: 640x640
21:52:14.928 [FXGL Background Thread 1 ] DEBUG Input                - Registered new binding: Resume - Esc
21:52:14.937 [FXGL Background Thread 1 ] DEBUG Input                - Registered new binding: Pause - Esc
21:52:14.937 [FXGL Background Thread 1 ] DEBUG WindowService        - Application scenes initialized
21:52:14.943 [FXGL Background Thread 1 ] DEBUG SystemBundleService  - Loading FXGL system data
21:52:14.946 [FXGL Background Thread 1 ] DEBUG FileSystemAccess     - Reading from: C:\Users\Adam Cunard\git\FriendMaker2077-07-03\Project\system\fxgl.bundle
21:52:14.951 [FXGL Background Thread 1 ] DEBUG SystemBundleService  - Bundle FXGL: {}
21:52:14.951 [FXGL Background Thread 1 ] INFO  Engine               - FXGL initialization took: 0.116 sec
21:52:14.952 [FXGL Background Thread 1 ] DEBUG GameApplication      - Loading localizations
21:52:14.953 [FXGL Background Thread 1 ] DEBUG AssetLoaderService   - Loading from file system: /assets/properties/languages/english.properties
21:52:14.954 [FXGL Background Thread 1 ] DEBUG AssetLoaderService   - Loading from file system: /assets/properties/languages/french.properties
21:52:14.955 [FXGL Background Thread 1 ] DEBUG AssetLoaderService   - Loading from file system: /assets/properties/languages/german.properties
21:52:14.955 [FXGL Background Thread 1 ] DEBUG AssetLoaderService   - Loading from file system: /assets/properties/languages/hungarian.properties
21:52:14.956 [FXGL Background Thread 1 ] DEBUG AssetLoaderService   - Loading from file system: /assets/properties/languages/russian.properties
21:52:14.957 [FXGL Background Thread 1 ] DEBUG GameApplication      - Registering font factories with UI factory
21:52:14.957 [FXGL Background Thread 1 ] DEBUG AssetLoaderService   - Loading from file system: /assets/ui/fonts/VarelaRound-Regular.ttf
21:52:15.108 [FXGL Background Thread 1 ] DEBUG AssetLoaderService   - Loading from file system: /assets/ui/fonts/Abel-Regular.ttf
21:52:15.114 [FXGL Background Thread 1 ] DEBUG AssetLoaderService   - Loading from file system: /assets/ui/fonts/lucida_console.ttf
21:52:15.123 [FXGL Background Thread 1 ] DEBUG AssetLoaderService   - Loading from file system: /assets/ui/fonts/Courier-Prime.ttf
21:52:15.130 [JavaFX Application Thread] DEBUG Input                - Registered new binding: Move Right - D
21:52:15.131 [JavaFX Application Thread] DEBUG Input                - Registered new binding: Move Left - A
21:52:15.131 [JavaFX Application Thread] DEBUG Input                - Registered new binding: Move Up - W
21:52:15.131 [JavaFX Application Thread] DEBUG Input                - Registered new binding: Move Down - S
21:52:15.131 [JavaFX Application Thread] DEBUG Input                - Registered new binding: Play Sound - F
21:52:15.131 [JavaFX Application Thread] DEBUG AssetLoaderService   - Loading from file system: /assets/textures/fxgl_icon.png
21:52:15.158 [JavaFX Application Thread] DEBUG AssetLoaderService   - Loading from file system: /assets/ui/cursors/fxgl_default.png
21:52:15.160 [JavaFX Application Thread] DEBUG Input                - Registered new binding: Screenshot - P
21:52:15.160 [JavaFX Application Thread] DEBUG Input                - Registered new binding: System info dump - CTRL+9
21:52:15.160 [JavaFX Application Thread] DEBUG Input                - Registered new binding: Restart - CTRL+R
21:52:15.161 [JavaFX Application Thread] DEBUG LoopRunner           - Starting loop
21:52:15.179 [JavaFX Application Thread] DEBUG FXGLStartupScene     - STARTUP
21:52:15.179 [JavaFX Application Thread] DEBUG WindowService        - Starting new game
21:52:15.180 [JavaFX Application Thread] DEBUG Input                - Clearing active input actions
21:52:15.187 [JavaFX Application Thread] DEBUG WindowService        - Removing overlay from FXGLStartupScene and adding to FXGLLoadingScene
21:52:15.187 [JavaFX Application Thread] DEBUG MainWindow           - FXGLStartupScene -> FXGLLoadingScene
21:52:15.187 [JavaFX Application Thread] DEBUG WindowService        - Clearing previous game
21:52:15.188 [JavaFX Application Thread] DEBUG GameScene            - Clearing game scene
21:52:15.188 [JavaFX Application Thread] DEBUG GameWorld            - Clearing game world
21:52:15.188 [JavaFX Application Thread] DEBUG PhysicsWorld         - Clearing physics world
21:52:15.189 [FXGL Background Thread 1 ] DEBUG GameApplication      - Initializing game
21:52:15.195 [FXGL Background Thread 1 ] DEBUG AssetLoaderService   - Loading from file system: /assets/music/soundtrack.wav
21:52:15.292 [FXGL Background Thread 1 ] DEBUG AudioPlayer          - Playing music com.almasb.fxgl.audio.Music@22eddc9
21:52:15.295 [FXGL Background Thread 1 ] DEBUG AssetLoaderService   - Loading from file system: /assets/textures/Room.png
21:52:15.313 [FXGL Background Thread 1 ] DEBUG AssetLoaderService   - Loading from cache: /assets/textures/Room.png
21:52:15.313 [FXGL Background Thread 1 ] DEBUG AssetLoaderService   - Loading from file system: /assets/textures/EmptyMap.png
21:52:15.433 [FXGL Background Thread 1 ] DEBUG AssetLoaderService   - Loading from file system: /assets/textures/player.png
21:52:15.434 [FXGL Background Thread 1 ] DEBUG AssetLoaderService   - Loading from cache: /assets/textures/player.png
21:52:15.435 [FXGL Background Thread 1 ] DEBUG AssetLoaderService   - Loading from cache: /assets/textures/player.png
21:52:15.435 [FXGL Background Thread 1 ] DEBUG AssetLoaderService   - Loading from cache: /assets/textures/player.png
21:52:15.435 [FXGL Background Thread 1 ] DEBUG AssetLoaderService   - Loading from cache: /assets/textures/player.png
21:52:15.435 [FXGL Background Thread 1 ] DEBUG AssetLoaderService   - Loading from cache: /assets/textures/player.png
21:52:15.435 [FXGL Background Thread 1 ] DEBUG AssetLoaderService   - Loading from file system: /assets/textures/bbox.png
21:52:15.438 [FXGL Background Thread 1 ] DEBUG AssetLoaderService   - Loading from file system: /assets/textures/froggysprite.png
21:52:15.439 [FXGL Background Thread 1 ] DEBUG AssetLoaderService   - Loading from cache: /assets/textures/froggysprite.png
21:52:15.439 [FXGL Background Thread 1 ] DEBUG AssetLoaderService   - Loading from cache: /assets/textures/froggysprite.png
21:52:15.439 [FXGL Background Thread 1 ] DEBUG AssetLoaderService   - Loading from cache: /assets/textures/bbox.png
21:52:15.440 [FXGL Background Thread 1 ] DEBUG AssetLoaderService   - Loading from file system: /assets/textures/bush.png
21:52:15.441 [FXGL Background Thread 1 ] DEBUG AssetLoaderService   - Loading from cache: /assets/textures/bush.png
21:52:15.442 [FXGL Background Thread 1 ] DEBUG AssetLoaderService   - Loading from file system: /assets/textures/rock.png
21:52:15.443 [FXGL Background Thread 1 ] DEBUG AssetLoaderService   - Loading from cache: /assets/textures/rock.png
21:52:15.443 [FXGL Background Thread 1 ] DEBUG AssetLoaderService   - Loading from file system: /assets/textures/tree.png
21:52:15.444 [FXGL Background Thread 1 ] DEBUG AssetLoaderService   - Loading from cache: /assets/textures/bush.png
21:52:15.445 [FXGL Background Thread 1 ] DEBUG AssetLoaderService   - Loading from cache: /assets/textures/tree.png
21:52:15.445 [FXGL Background Thread 1 ] DEBUG AssetLoaderService   - Loading from cache: /assets/textures/bush.png
21:52:15.446 [FXGL Background Thread 1 ] DEBUG AssetLoaderService   - Loading from file system: /assets/textures/appletree.png
21:52:15.447 [FXGL Background Thread 1 ] DEBUG AssetLoaderService   - Loading from cache: /assets/textures/bush.png
21:52:15.448 [FXGL Background Thread 1 ] DEBUG AssetLoaderService   - Loading from cache: /assets/textures/tree.png
21:52:15.448 [FXGL Background Thread 1 ] DEBUG AssetLoaderService   - Loading from cache: /assets/textures/bush.png
21:52:15.449 [FXGL Background Thread 1 ] DEBUG AssetLoaderService   - Loading from cache: /assets/textures/appletree.png
21:52:15.449 [FXGL Background Thread 1 ] DEBUG AssetLoaderService   - Loading from cache: /assets/textures/bush.png
21:52:15.450 [FXGL Background Thread 1 ] DEBUG AssetLoaderService   - Loading from cache: /assets/textures/appletree.png
21:52:15.450 [FXGL Background Thread 1 ] DEBUG AssetLoaderService   - Loading from cache: /assets/textures/bush.png
21:52:15.451 [FXGL Background Thread 1 ] DEBUG AssetLoaderService   - Loading from cache: /assets/textures/tree.png
21:52:15.451 [FXGL Background Thread 1 ] DEBUG AssetLoaderService   - Loading from cache: /assets/textures/bush.png
21:52:15.452 [FXGL Background Thread 1 ] DEBUG AssetLoaderService   - Loading from cache: /assets/textures/tree.png
21:52:15.452 [FXGL Background Thread 1 ] DEBUG AssetLoaderService   - Loading from cache: /assets/textures/bush.png
21:52:15.452 [FXGL Background Thread 1 ] DEBUG AssetLoaderService   - Loading from cache: /assets/textures/tree.png
21:52:15.453 [FXGL Background Thread 1 ] DEBUG AssetLoaderService   - Loading from cache: /assets/textures/bush.png
21:52:15.453 [FXGL Background Thread 1 ] DEBUG AssetLoaderService   - Loading from cache: /assets/textures/bush.png
21:52:15.454 [FXGL Background Thread 1 ] DEBUG AssetLoaderService   - Loading from cache: /assets/textures/tree.png
21:52:15.454 [FXGL Background Thread 1 ] DEBUG AssetLoaderService   - Loading from cache: /assets/textures/tree.png
21:52:15.455 [FXGL Background Thread 1 ] DEBUG AssetLoaderService   - Loading from cache: /assets/textures/tree.png
21:52:15.455 [FXGL Background Thread 1 ] DEBUG AssetLoaderService   - Loading from cache: /assets/textures/bush.png
21:52:15.456 [FXGL Background Thread 1 ] DEBUG AssetLoaderService   - Loading from cache: /assets/textures/tree.png
21:52:15.456 [FXGL Background Thread 1 ] DEBUG AssetLoaderService   - Loading from cache: /assets/textures/bush.png
21:52:15.457 [FXGL Background Thread 1 ] DEBUG AssetLoaderService   - Loading from cache: /assets/textures/appletree.png
21:52:15.457 [FXGL Background Thread 1 ] DEBUG AssetLoaderService   - Loading from cache: /assets/textures/bush.png
21:52:15.458 [FXGL Background Thread 1 ] DEBUG AssetLoaderService   - Loading from cache: /assets/textures/tree.png
21:52:15.459 [FXGL Background Thread 1 ] DEBUG AssetLoaderService   - Loading from cache: /assets/textures/bush.png
21:52:15.460 [FXGL Background Thread 1 ] DEBUG AssetLoaderService   - Loading from cache: /assets/textures/appletree.png
21:52:15.460 [FXGL Background Thread 1 ] DEBUG AssetLoaderService   - Loading from cache: /assets/textures/bush.png
21:52:15.461 [FXGL Background Thread 1 ] DEBUG AssetLoaderService   - Loading from cache: /assets/textures/appletree.png
21:52:15.461 [FXGL Background Thread 1 ] DEBUG AssetLoaderService   - Loading from cache: /assets/textures/appletree.png
21:52:15.462 [FXGL Background Thread 1 ] DEBUG AssetLoaderService   - Loading from cache: /assets/textures/appletree.png
21:52:15.462 [FXGL Background Thread 1 ] DEBUG AssetLoaderService   - Loading from cache: /assets/textures/appletree.png
21:52:15.462 [FXGL Background Thread 1 ] DEBUG AssetLoaderService   - Loading from cache: /assets/textures/appletree.png
21:52:15.463 [FXGL Background Thread 1 ] DEBUG AssetLoaderService   - Loading from cache: /assets/textures/tree.png
21:52:15.463 [FXGL Background Thread 1 ] DEBUG AssetLoaderService   - Loading from cache: /assets/textures/tree.png
21:52:15.464 [FXGL Background Thread 1 ] DEBUG AssetLoaderService   - Loading from cache: /assets/textures/appletree.png
21:52:15.464 [FXGL Background Thread 1 ] DEBUG AssetLoaderService   - Loading from cache: /assets/textures/bush.png
21:52:15.464 [FXGL Background Thread 1 ] DEBUG AssetLoaderService   - Loading from cache: /assets/textures/appletree.png
21:52:15.465 [FXGL Background Thread 1 ] DEBUG AssetLoaderService   - Loading from cache: /assets/textures/bush.png
21:52:15.466 [FXGL Background Thread 1 ] DEBUG AssetLoaderService   - Loading from cache: /assets/textures/rock.png
21:52:15.466 [FXGL Background Thread 1 ] DEBUG AssetLoaderService   - Loading from cache: /assets/textures/tree.png
21:52:15.467 [FXGL Background Thread 1 ] DEBUG AssetLoaderService   - Loading from cache: /assets/textures/rock.png
21:52:15.467 [FXGL Background Thread 1 ] DEBUG AssetLoaderService   - Loading from cache: /assets/textures/appletree.png
21:52:15.468 [FXGL Background Thread 1 ] DEBUG AssetLoaderService   - Loading from cache: /assets/textures/appletree.png
21:52:15.468 [FXGL Background Thread 1 ] DEBUG AssetLoaderService   - Loading from file system: /assets/textures/lighthouse.png
21:52:15.470 [FXGL Background Thread 1 ] DEBUG AssetLoaderService   - Loading from file system: /assets/textures/greenhouse.png
21:52:15.471 [FXGL Background Thread 1 ] DEBUG AssetLoaderService   - Loading from file system: /assets/textures/bluehouse.png
21:52:15.472 [FXGL Background Thread 1 ] DEBUG AssetLoaderService   - Loading from file system: /assets/textures/redhouse.png
21:52:15.473 [FXGL Background Thread 1 ] DEBUG AssetLoaderService   - Loading from cache: /assets/textures/redhouse.png
21:52:15.473 [FXGL Background Thread 1 ] DEBUG AssetLoaderService   - Loading from cache: /assets/textures/bluehouse.png
21:52:15.474 [FXGL Background Thread 1 ] DEBUG AssetLoaderService   - Loading from cache: /assets/textures/bluehouse.png
21:52:15.474 [FXGL Background Thread 1 ] DEBUG AssetLoaderService   - Loading from cache: /assets/textures/redhouse.png
21:52:15.474 [FXGL Background Thread 1 ] DEBUG AssetLoaderService   - Loading from cache: /assets/textures/bluehouse.png
21:52:15.475 [FXGL Background Thread 1 ] DEBUG AssetLoaderService   - Loading from cache: /assets/textures/redhouse.png
21:52:15.475 [FXGL Background Thread 1 ] DEBUG AssetLoaderService   - Loading from cache: /assets/textures/lighthouse.png
21:52:15.475 [FXGL Background Thread 1 ] DEBUG AssetLoaderService   - Loading from cache: /assets/textures/greenhouse.png
21:52:15.476 [FXGL Background Thread 1 ] INFO  GameApplication      - Game initialization took: 0.287 sec
21:52:15.477 [JavaFX Application Thread] DEBUG Input                - Clearing active input actions
21:52:15.498 [JavaFX Application Thread] DEBUG WindowService        - Removing overlay from FXGLLoadingScene and adding to GameScene
21:52:15.498 [JavaFX Application Thread] DEBUG MainWindow           - FXGLLoadingScene -> GameScene
21:52:16.743 [JavaFX Application Thread] DEBUG AssetLoaderService   - Loading from file system: /assets/sounds/bump.wav
21:52:17.416 [JavaFX Application Thread] DEBUG MainWindow           - Push state: CustomPauseMenu
21:52:17.416 [JavaFX Application Thread] DEBUG Input                - Clearing active input actions
21:52:17.418 [JavaFX Application Thread] DEBUG WindowService        - Removing overlay from GameScene and adding to CustomPauseMenu
21:52:17.419 [JavaFX Application Thread] DEBUG MainWindow           - GameScene -> CustomPauseMenu
21:52:17.953 [FXGL Background Thread 2 ] DEBUG Engine               - Logging environment variables
21:52:17.953 [FXGL Background Thread 2 ] DEBUG Engine               - achievements: []
21:52:17.953 [FXGL Background Thread 2 ] DEBUG Engine               - language: ObjectProperty [value: ENGLISH]
21:52:17.953 [FXGL Background Thread 2 ] DEBUG Engine               - isCloseConfirmation: false
21:52:17.953 [FXGL Background Thread 2 ] DEBUG Engine               - isProfilingEnabled: false
21:52:17.953 [FXGL Background Thread 2 ] DEBUG Engine               - soundNotification: core/notification.wav
21:52:17.953 [FXGL Background Thread 2 ] DEBUG Engine               - devShowBBoxProperty: BooleanProperty [value: false]
21:52:17.953 [FXGL Background Thread 2 ] DEBUG Engine               - pixelsPerMeter: 50.0
21:52:17.953 [FXGL Background Thread 2 ] DEBUG Engine               - appIcon: fxgl_icon.png
21:52:17.953 [FXGL Background Thread 2 ] DEBUG Engine               - soundMenuBack: menu/back.wav
21:52:17.953 [FXGL Background Thread 2 ] DEBUG Engine               - isFullScreenAllowed: false
21:52:17.953 [FXGL Background Thread 2 ] DEBUG Engine               - isIntroEnabled: false
21:52:17.954 [FXGL Background Thread 2 ] DEBUG Engine               - fontMono: lucida_console.ttf
21:52:17.954 [FXGL Background Thread 2 ] DEBUG Engine               - soundMenuSelect: menu/select.wav
21:52:17.954 [FXGL Background Thread 2 ] DEBUG Engine               - isWindows: true
21:52:17.954 [FXGL Background Thread 2 ] DEBUG Engine               - isMobile: false
21:52:17.954 [FXGL Background Thread 2 ] DEBUG Engine               - isUserProfileEnabled: false
21:52:17.954 [FXGL Background Thread 2 ] DEBUG Engine               - height: 640
21:52:17.954 [FXGL Background Thread 2 ] DEBUG Engine               - isExperimentalNative: false
21:52:17.954 [FXGL Background Thread 2 ] DEBUG Engine               - settings: Title: FriendMaker2077
Version: 0.1
Width: 640
Height: 640
Fullscreen: false
Intro: false
Menus: false
Profiling: false
Single step:false
App Mode: DEVELOPER
Menu Key: ESCAPE
Stage Style: DECORATED
Scene Factory: class ui.MenuFactory

21:52:17.954 [FXGL Background Thread 2 ] DEBUG Engine               - isSingleStep: false
21:52:17.954 [FXGL Background Thread 2 ] DEBUG Engine               - cSSList: [fxgl_dark.css]
21:52:17.954 [FXGL Background Thread 2 ] DEBUG Engine               - fontGame: Abel-Regular.ttf
21:52:17.954 [FXGL Background Thread 2 ] DEBUG Engine               - menuKey: ESCAPE
21:52:17.954 [FXGL Background Thread 2 ] DEBUG Engine               - devShowPositionProperty: BooleanProperty [value: false]
21:52:17.954 [FXGL Background Thread 2 ] DEBUG Engine               - versionCheckDays: 7
21:52:17.954 [FXGL Background Thread 2 ] DEBUG Engine               - configClass: Optional.empty
21:52:17.954 [FXGL Background Thread 2 ] DEBUG Engine               - isFullScreenFromStart: false
21:52:17.954 [FXGL Background Thread 2 ] DEBUG Engine               - version: 0.1
21:52:17.955 [FXGL Background Thread 2 ] DEBUG Engine               - fullScreen: BooleanProperty [value: false]
21:52:17.955 [FXGL Background Thread 2 ] DEBUG Engine               - randomSeed: -1
21:52:17.955 [FXGL Background Thread 2 ] DEBUG Engine               - gameDifficultyProperty: ObjectProperty [value: MEDIUM]
21:52:17.955 [FXGL Background Thread 2 ] DEBUG Engine               - applicationMode: DEVELOPER
21:52:17.955 [FXGL Background Thread 2 ] DEBUG Engine               - isMac: false
21:52:17.955 [FXGL Background Thread 2 ] DEBUG Engine               - isMenuEnabled: false
21:52:17.955 [FXGL Background Thread 2 ] DEBUG Engine               - urlPOM: https://raw.githubusercontent.com/AlmasB/FXGL/master/pom.xml
21:52:17.955 [FXGL Background Thread 2 ] DEBUG Engine               - profileName: StringProperty [value: DEFAULT]
21:52:17.955 [FXGL Background Thread 2 ] DEBUG Engine               - notificationViewClass: class com.almasb.fxgl.notification.view.XboxNotificationView
21:52:17.955 [FXGL Background Thread 2 ] DEBUG Engine               - devSensorColorProperty: ObjectProperty [value: 0xffff00ff]
21:52:17.955 [FXGL Background Thread 2 ] DEBUG Engine               - sceneFactory: ui.MenuFactory@758b2edd
21:52:17.955 [FXGL Background Thread 2 ] DEBUG Engine               - stageStyle: DECORATED
21:52:17.955 [FXGL Background Thread 2 ] DEBUG Engine               - isManualResizeEnabled: false
21:52:17.955 [FXGL Background Thread 2 ] DEBUG Engine               - title: FriendMaker2077
21:52:17.955 [FXGL Background Thread 2 ] DEBUG Engine               - platform: WINDOWS
21:52:17.955 [FXGL Background Thread 2 ] DEBUG Engine               - devBBoxColorProperty: ObjectProperty [value: 0xff0000ff]
21:52:17.956 [FXGL Background Thread 2 ] DEBUG Engine               - gameDifficulty: MEDIUM
21:52:17.956 [FXGL Background Thread 2 ] DEBUG Engine               - isDesktop: true
21:52:17.956 [FXGL Background Thread 2 ] DEBUG Engine               - supportedLanguages: [ENGLISH, FRENCH, GERMAN, HUNGARIAN, RUSSIAN]
21:52:17.956 [FXGL Background Thread 2 ] DEBUG Engine               - globalMusicVolumeProperty: DoubleProperty [value: 0.5]
21:52:17.956 [FXGL Background Thread 2 ] DEBUG Engine               - credits: []
21:52:17.956 [FXGL Background Thread 2 ] DEBUG Engine               - isPreserveResizeRatio: false
21:52:17.956 [FXGL Background Thread 2 ] DEBUG Engine               - fontText: Courier-Prime.ttf
21:52:17.956 [FXGL Background Thread 2 ] DEBUG Engine               - isExperimentalTiledLargeMap: false
21:52:17.956 [FXGL Background Thread 2 ] DEBUG Engine               - secondsIn24h: 60
21:52:17.956 [FXGL Background Thread 2 ] DEBUG Engine               - runtimeInfo: RuntimeInfo(platform=WINDOWS, version=11.8, build=08.03.2020 09.25)
21:52:17.956 [FXGL Background Thread 2 ] DEBUG Engine               - isLinux: false
21:52:17.956 [FXGL Background Thread 2 ] DEBUG Engine               - soundMenuPress: menu/press.wav
21:52:17.956 [FXGL Background Thread 2 ] DEBUG Engine               - urlGithub: https://github.com/AlmasB/FXGL
21:52:17.956 [FXGL Background Thread 2 ] DEBUG Engine               - profileDir: profiles/
21:52:17.956 [FXGL Background Thread 2 ] DEBUG Engine               - globalSoundVolumeProperty: DoubleProperty [value: 0.5]
21:52:17.956 [FXGL Background Thread 2 ] DEBUG Engine               - isDeveloperMenuEnabled: false
21:52:17.956 [FXGL Background Thread 2 ] DEBUG Engine               - mainWindow: com.almasb.fxgl.app.MainWindow@71b4b4b4
21:52:17.956 [FXGL Background Thread 2 ] DEBUG Engine               - isBrowser: false
21:52:17.957 [FXGL Background Thread 2 ] DEBUG Engine               - urlLeaderboard: http://fxgl-top.herokuapp.com/
21:52:17.957 [FXGL Background Thread 2 ] DEBUG Engine               - globalSoundVolume: 0.5
21:52:17.957 [FXGL Background Thread 2 ] DEBUG Engine               - engineServices: [class com.almasb.fxgl.app.GameApplication$GameApplicationService, class com.almasb.fxgl.app.services.WindowService, class com.almasb.fxgl.app.services.FXGLDialogService, class com.almasb.fxgl.app.services.IOTaskExecutorService, class com.almasb.fxgl.event.EventBusService, class com.almasb.fxgl.io.FileSystemService, class com.almasb.fxgl.localization.LocalizationService, class com.almasb.fxgl.app.services.AssetLoaderService, class com.almasb.fxgl.app.services.SystemBundleService, class com.almasb.fxgl.profile.SaveLoadService, class com.almasb.fxgl.ui.FXGLUIFactoryServiceProvider, class com.almasb.fxgl.ui.FXGLDialogFactoryServiceProvider, class com.almasb.fxgl.audio.AudioPlayer, class com.almasb.fxgl.notification.impl.NotificationServiceProvider, class com.almasb.fxgl.achievement.AchievementService, class com.almasb.fxgl.cutscene.CutsceneService, class com.almasb.fxgl.minigames.MiniGameService, class com.almasb.fxgl.net.NetService, class com.almasb.fxgl.app.services.UpdaterService]
21:52:17.957 [FXGL Background Thread 2 ] DEBUG Engine               - globalMusicVolume: 0.5
21:52:17.957 [FXGL Background Thread 2 ] DEBUG Engine               - width: 640
21:52:17.957 [FXGL Background Thread 2 ] DEBUG Engine               - saveFileExt: sav
21:52:17.957 [FXGL Background Thread 2 ] DEBUG Engine               - isAndroid: false
21:52:17.957 [FXGL Background Thread 2 ] DEBUG Engine               - fontUI: VarelaRound-Regular.ttf
21:52:17.957 [FXGL Background Thread 2 ] DEBUG Engine               - enabledMenuItems: [SAVE_LOAD, EXTRA, ONLINE]
21:52:17.957 [FXGL Background Thread 2 ] DEBUG Engine               - isIOS: false
21:52:17.957 [FXGL Background Thread 2 ] DEBUG Engine               - Logging services
21:52:17.957 [FXGL Background Thread 2 ] DEBUG Engine               - class com.almasb.fxgl.app.GameApplication$GameApplicationService
21:52:17.957 [FXGL Background Thread 2 ] DEBUG Engine               - class com.almasb.fxgl.app.services.WindowService
21:52:17.957 [FXGL Background Thread 2 ] DEBUG Engine               - class com.almasb.fxgl.app.services.FXGLDialogService
21:52:17.957 [FXGL Background Thread 2 ] DEBUG Engine               - class com.almasb.fxgl.app.services.IOTaskExecutorService
21:52:17.957 [FXGL Background Thread 2 ] DEBUG Engine               - class com.almasb.fxgl.event.EventBusService
21:52:17.957 [FXGL Background Thread 2 ] DEBUG Engine               - class com.almasb.fxgl.io.FileSystemService
21:52:17.958 [FXGL Background Thread 2 ] DEBUG Engine               - class com.almasb.fxgl.localization.LocalizationService
21:52:17.958 [FXGL Background Thread 2 ] DEBUG Engine               - class com.almasb.fxgl.app.services.AssetLoaderService
21:52:17.958 [FXGL Background Thread 2 ] DEBUG Engine               - class com.almasb.fxgl.app.services.SystemBundleService
21:52:17.958 [FXGL Background Thread 2 ] DEBUG Engine               - class com.almasb.fxgl.profile.SaveLoadService
21:52:17.958 [FXGL Background Thread 2 ] DEBUG Engine               - class com.almasb.fxgl.ui.FXGLUIFactoryServiceProvider
21:52:17.958 [FXGL Background Thread 2 ] DEBUG Engine               - class com.almasb.fxgl.ui.FXGLDialogFactoryServiceProvider
21:52:17.958 [FXGL Background Thread 2 ] DEBUG Engine               - class com.almasb.fxgl.audio.AudioPlayer
21:52:17.958 [FXGL Background Thread 2 ] DEBUG Engine               - class com.almasb.fxgl.notification.impl.NotificationServiceProvider
21:52:17.958 [FXGL Background Thread 2 ] DEBUG Engine               - class com.almasb.fxgl.achievement.AchievementService
21:52:17.958 [FXGL Background Thread 2 ] DEBUG Engine               - class com.almasb.fxgl.cutscene.CutsceneService
21:52:17.958 [FXGL Background Thread 2 ] DEBUG Engine               - class com.almasb.fxgl.minigames.MiniGameService
21:52:17.958 [FXGL Background Thread 2 ] DEBUG Engine               - class com.almasb.fxgl.net.NetService
21:52:17.958 [FXGL Background Thread 2 ] DEBUG Engine               - class com.almasb.fxgl.app.services.UpdaterService
21:52:20.871 [JavaFX Application Thread] DEBUG GameApplication      - Exiting FXGL
21:52:20.871 [JavaFX Application Thread] DEBUG LoopRunner           - Stopping loop
21:52:20.871 [JavaFX Application Thread] DEBUG SystemBundleService  - Saving FXGL system data
21:52:20.872 [JavaFX Application Thread] DEBUG FileSystemAccess     - Writing to: C:\Users\Adam Cunard\git\FriendMaker2077-07-03\Project\system\fxgl.bundle
21:52:20.873 [JavaFX Application Thread] DEBUG GameApplication      - Shutting down background threads
21:52:20.873 [JavaFX Application Thread] DEBUG GameApplication      - Closing logger and exiting JavaFX
