10:59:21.817 [main                     ] DEBUG GameApplication      - Logger initialized
10:59:21.827 [main                     ] DEBUG GameApplication      - Logging settings
Title: FriendMaker2077
Version: 0.1
Width: 640
Height: 640
Fullscreen: false
Intro: false
Menus: false
Profiling: false
Single step:false
App Mode: DEVELOPER
Menu Key: ESCAPE
Stage Style: DECORATED
Scene Factory: class ui.MenuFactory

10:59:21.975 [JavaFX Application Thread] DEBUG GameApplication      - Initializing FXGL
10:59:21.981 [JavaFX Application Thread] INFO  Engine               - FXGL-11.8 (08.03.2020 09.25) on WINDOWS (J:13.0.2 FX:11.0.2)
10:59:21.982 [JavaFX Application Thread] INFO  Engine               - Source code and latest versions at: https://github.com/AlmasB/FXGL
10:59:21.982 [JavaFX Application Thread] INFO  Engine               -              Join the FXGL chat at: https://gitter.im/AlmasB/FXGL
10:59:22.042 [JavaFX Application Thread] DEBUG MainWindow           - Creating a JavaFX scene
10:59:22.069 [JavaFX Application Thread] DEBUG MainWindow           - Target settings size: 640.0 x 640.0
10:59:22.069 [JavaFX Application Thread] DEBUG MainWindow           - Scaled scene size:    640.0 x 640.0
10:59:22.070 [JavaFX Application Thread] DEBUG MainWindow           - Scaled ratio: (1.0, 1.0)
10:59:22.070 [JavaFX Application Thread] DEBUG MainWindow           - Set initial scene to FXGLStartupScene
10:59:22.074 [JavaFX Application Thread] DEBUG MainWindow           - Opening main window
10:59:22.127 [JavaFX Application Thread] DEBUG MainWindow           - Window border size: (16.0, 39.0)
10:59:22.127 [JavaFX Application Thread] DEBUG MainWindow           - Scaled size: 640.0 x 640.0
10:59:22.127 [JavaFX Application Thread] DEBUG MainWindow           - Scaled ratio: (1.0, 1.0)
10:59:22.128 [JavaFX Application Thread] DEBUG MainWindow           - Scene size: 640.0 x 640.0
10:59:22.128 [JavaFX Application Thread] DEBUG MainWindow           - Stage size: 656.0 x 679.0
10:59:22.133 [FXGL Background Thread 1 ] DEBUG Engine               - Initializing environment variables
10:59:22.151 [FXGL Background Thread 1 ] DEBUG WindowService        - Applying CSS: fxgl_dark.css
10:59:22.151 [FXGL Background Thread 1 ] DEBUG AssetLoaderService   - Loading from file system: /assets/ui/css/fxgl_dark.css
10:59:22.181 [FXGL Background Thread 1 ] DEBUG WindowService        - Initializing application scenes
10:59:22.201 [FXGL Background Thread 1 ] DEBUG GameWorld            - Game world initialized
10:59:22.225 [FXGL Background Thread 1 ] DEBUG PhysicsWorld         - Physics world initialized: appHeight=640, physics.ppm=50.0
10:59:22.226 [FXGL Background Thread 1 ] DEBUG GameScene            - Game scene initialized: 640x640
10:59:22.231 [FXGL Background Thread 1 ] DEBUG Input                - Registered new binding: Resume - Esc
10:59:22.239 [FXGL Background Thread 1 ] DEBUG Input                - Registered new binding: Pause - Esc
10:59:22.239 [FXGL Background Thread 1 ] DEBUG WindowService        - Application scenes initialized
10:59:22.245 [FXGL Background Thread 1 ] DEBUG SystemBundleService  - Loading FXGL system data
10:59:22.247 [FXGL Background Thread 1 ] DEBUG FileSystemAccess     - Reading from: C:\Users\otinn\git\FriendMaker2077-07-03\Project\system\fxgl.bundle
10:59:22.253 [FXGL Background Thread 1 ] DEBUG SystemBundleService  - Bundle FXGL: {}
10:59:22.253 [FXGL Background Thread 1 ] INFO  Engine               - FXGL initialization took: 0.119 sec
10:59:22.254 [FXGL Background Thread 1 ] DEBUG GameApplication      - Loading localizations
10:59:22.255 [FXGL Background Thread 1 ] DEBUG AssetLoaderService   - Loading from file system: /assets/properties/languages/english.properties
10:59:22.257 [FXGL Background Thread 1 ] DEBUG AssetLoaderService   - Loading from file system: /assets/properties/languages/french.properties
10:59:22.258 [FXGL Background Thread 1 ] DEBUG AssetLoaderService   - Loading from file system: /assets/properties/languages/german.properties
10:59:22.259 [FXGL Background Thread 1 ] DEBUG AssetLoaderService   - Loading from file system: /assets/properties/languages/hungarian.properties
10:59:22.260 [FXGL Background Thread 1 ] DEBUG AssetLoaderService   - Loading from file system: /assets/properties/languages/russian.properties
10:59:22.261 [FXGL Background Thread 1 ] DEBUG GameApplication      - Registering font factories with UI factory
10:59:22.261 [FXGL Background Thread 1 ] DEBUG AssetLoaderService   - Loading from file system: /assets/ui/fonts/VarelaRound-Regular.ttf
10:59:22.364 [FXGL Background Thread 1 ] DEBUG AssetLoaderService   - Loading from file system: /assets/ui/fonts/Abel-Regular.ttf
10:59:22.370 [FXGL Background Thread 1 ] DEBUG AssetLoaderService   - Loading from file system: /assets/ui/fonts/lucida_console.ttf
10:59:22.378 [FXGL Background Thread 1 ] DEBUG AssetLoaderService   - Loading from file system: /assets/ui/fonts/Courier-Prime.ttf
10:59:22.385 [JavaFX Application Thread] DEBUG Input                - Registered new binding: Move Right - D
10:59:22.385 [JavaFX Application Thread] DEBUG Input                - Registered new binding: Move Left - A
10:59:22.385 [JavaFX Application Thread] DEBUG Input                - Registered new binding: Move Up - W
10:59:22.385 [JavaFX Application Thread] DEBUG Input                - Registered new binding: Move Down - S
10:59:22.385 [JavaFX Application Thread] DEBUG Input                - Registered new binding: Play Sound - F
10:59:22.385 [JavaFX Application Thread] DEBUG AssetLoaderService   - Loading from file system: /assets/textures/fxgl_icon.png
10:59:22.414 [JavaFX Application Thread] DEBUG AssetLoaderService   - Loading from file system: /assets/ui/cursors/fxgl_default.png
10:59:22.416 [JavaFX Application Thread] DEBUG Input                - Registered new binding: Screenshot - P
10:59:22.416 [JavaFX Application Thread] DEBUG Input                - Registered new binding: System info dump - CTRL+9
10:59:22.416 [JavaFX Application Thread] DEBUG Input                - Registered new binding: Restart - CTRL+R
10:59:22.417 [JavaFX Application Thread] DEBUG LoopRunner           - Starting loop
10:59:22.433 [JavaFX Application Thread] DEBUG FXGLStartupScene     - STARTUP
10:59:22.434 [JavaFX Application Thread] DEBUG WindowService        - Starting new game
10:59:22.435 [JavaFX Application Thread] DEBUG Input                - Clearing active input actions
10:59:22.442 [JavaFX Application Thread] DEBUG WindowService        - Removing overlay from FXGLStartupScene and adding to FXGLLoadingScene
10:59:22.443 [JavaFX Application Thread] DEBUG MainWindow           - FXGLStartupScene -> FXGLLoadingScene
10:59:22.443 [JavaFX Application Thread] DEBUG WindowService        - Clearing previous game
10:59:22.443 [JavaFX Application Thread] DEBUG GameScene            - Clearing game scene
10:59:22.443 [JavaFX Application Thread] DEBUG GameWorld            - Clearing game world
10:59:22.443 [JavaFX Application Thread] DEBUG PhysicsWorld         - Clearing physics world
10:59:22.444 [FXGL Background Thread 1 ] DEBUG GameApplication      - Initializing game
10:59:22.448 [FXGL Background Thread 1 ] DEBUG AssetLoaderService   - Loading from file system: /assets/textures/EmptyMap.png
10:59:22.602 [FXGL Background Thread 1 ] DEBUG AssetLoaderService   - Loading from file system: /assets/textures/CharacterSprite.png
10:59:22.604 [FXGL Background Thread 1 ] DEBUG AssetLoaderService   - Loading from cache: /assets/textures/CharacterSprite.png
10:59:22.604 [FXGL Background Thread 1 ] DEBUG AssetLoaderService   - Loading from cache: /assets/textures/CharacterSprite.png
10:59:22.604 [FXGL Background Thread 1 ] DEBUG AssetLoaderService   - Loading from cache: /assets/textures/CharacterSprite.png
10:59:22.604 [FXGL Background Thread 1 ] DEBUG AssetLoaderService   - Loading from cache: /assets/textures/CharacterSprite.png
10:59:22.604 [FXGL Background Thread 1 ] DEBUG AssetLoaderService   - Loading from cache: /assets/textures/CharacterSprite.png
10:59:22.606 [FXGL Background Thread 1 ] DEBUG AssetLoaderService   - Loading from file system: /assets/textures/bbox.png
10:59:22.611 [FXGL Background Thread 1 ] DEBUG AssetLoaderService   - Loading from file system: /assets/textures/froggysprite.png
10:59:22.611 [FXGL Background Thread 1 ] DEBUG AssetLoaderService   - Loading from cache: /assets/textures/froggysprite.png
10:59:22.612 [FXGL Background Thread 1 ] DEBUG AssetLoaderService   - Loading from cache: /assets/textures/froggysprite.png
10:59:22.612 [FXGL Background Thread 1 ] DEBUG AssetLoaderService   - Loading from cache: /assets/textures/bbox.png
10:59:22.613 [FXGL Background Thread 1 ] DEBUG AssetLoaderService   - Loading from file system: /assets/textures/lighthouse.png
10:59:22.614 [FXGL Background Thread 1 ] DEBUG AssetLoaderService   - Loading from file system: /assets/textures/bush.png
10:59:22.615 [FXGL Background Thread 1 ] DEBUG AssetLoaderService   - Loading from cache: /assets/textures/bush.png
10:59:22.615 [FXGL Background Thread 1 ] DEBUG AssetLoaderService   - Loading from file system: /assets/textures/rock.png
10:59:22.616 [FXGL Background Thread 1 ] DEBUG AssetLoaderService   - Loading from cache: /assets/textures/rock.png
10:59:22.616 [FXGL Background Thread 1 ] DEBUG AssetLoaderService   - Loading from file system: /assets/textures/greenhouse.png
10:59:22.617 [FXGL Background Thread 1 ] DEBUG AssetLoaderService   - Loading from file system: /assets/textures/tree.png
10:59:22.618 [FXGL Background Thread 1 ] DEBUG AssetLoaderService   - Loading from cache: /assets/textures/bush.png
10:59:22.619 [FXGL Background Thread 1 ] DEBUG AssetLoaderService   - Loading from cache: /assets/textures/tree.png
10:59:22.619 [FXGL Background Thread 1 ] DEBUG AssetLoaderService   - Loading from cache: /assets/textures/bush.png
10:59:22.620 [FXGL Background Thread 1 ] DEBUG AssetLoaderService   - Loading from file system: /assets/textures/appletree.png
10:59:22.621 [FXGL Background Thread 1 ] DEBUG AssetLoaderService   - Loading from cache: /assets/textures/bush.png
10:59:22.621 [FXGL Background Thread 1 ] DEBUG AssetLoaderService   - Loading from cache: /assets/textures/tree.png
10:59:22.622 [FXGL Background Thread 1 ] DEBUG AssetLoaderService   - Loading from cache: /assets/textures/bush.png
10:59:22.622 [FXGL Background Thread 1 ] DEBUG AssetLoaderService   - Loading from cache: /assets/textures/appletree.png
10:59:22.622 [FXGL Background Thread 1 ] DEBUG AssetLoaderService   - Loading from cache: /assets/textures/bush.png
10:59:22.623 [FXGL Background Thread 1 ] DEBUG AssetLoaderService   - Loading from cache: /assets/textures/appletree.png
10:59:22.623 [FXGL Background Thread 1 ] DEBUG AssetLoaderService   - Loading from cache: /assets/textures/bush.png
10:59:22.624 [FXGL Background Thread 1 ] DEBUG AssetLoaderService   - Loading from cache: /assets/textures/tree.png
10:59:22.624 [FXGL Background Thread 1 ] DEBUG AssetLoaderService   - Loading from cache: /assets/textures/bush.png
10:59:22.625 [FXGL Background Thread 1 ] DEBUG AssetLoaderService   - Loading from cache: /assets/textures/tree.png
10:59:22.625 [FXGL Background Thread 1 ] DEBUG AssetLoaderService   - Loading from cache: /assets/textures/bush.png
10:59:22.625 [FXGL Background Thread 1 ] DEBUG AssetLoaderService   - Loading from cache: /assets/textures/tree.png
10:59:22.626 [FXGL Background Thread 1 ] DEBUG AssetLoaderService   - Loading from cache: /assets/textures/bush.png
10:59:22.626 [FXGL Background Thread 1 ] DEBUG AssetLoaderService   - Loading from cache: /assets/textures/bush.png
10:59:22.627 [FXGL Background Thread 1 ] DEBUG AssetLoaderService   - Loading from cache: /assets/textures/tree.png
10:59:22.627 [FXGL Background Thread 1 ] DEBUG AssetLoaderService   - Loading from cache: /assets/textures/tree.png
10:59:22.628 [FXGL Background Thread 1 ] DEBUG AssetLoaderService   - Loading from cache: /assets/textures/tree.png
10:59:22.628 [FXGL Background Thread 1 ] DEBUG AssetLoaderService   - Loading from cache: /assets/textures/bush.png
10:59:22.628 [FXGL Background Thread 1 ] DEBUG AssetLoaderService   - Loading from cache: /assets/textures/tree.png
10:59:22.629 [FXGL Background Thread 1 ] DEBUG AssetLoaderService   - Loading from cache: /assets/textures/bush.png
10:59:22.629 [FXGL Background Thread 1 ] DEBUG AssetLoaderService   - Loading from cache: /assets/textures/appletree.png
10:59:22.630 [FXGL Background Thread 1 ] DEBUG AssetLoaderService   - Loading from cache: /assets/textures/bush.png
10:59:22.630 [FXGL Background Thread 1 ] DEBUG AssetLoaderService   - Loading from cache: /assets/textures/tree.png
10:59:22.631 [FXGL Background Thread 1 ] DEBUG AssetLoaderService   - Loading from cache: /assets/textures/bush.png
10:59:22.631 [FXGL Background Thread 1 ] DEBUG AssetLoaderService   - Loading from cache: /assets/textures/appletree.png
10:59:22.632 [FXGL Background Thread 1 ] DEBUG AssetLoaderService   - Loading from cache: /assets/textures/bush.png
10:59:22.632 [FXGL Background Thread 1 ] DEBUG AssetLoaderService   - Loading from cache: /assets/textures/appletree.png
10:59:22.632 [FXGL Background Thread 1 ] DEBUG AssetLoaderService   - Loading from file system: /assets/textures/bluehouse.png
10:59:22.633 [FXGL Background Thread 1 ] DEBUG AssetLoaderService   - Loading from cache: /assets/textures/appletree.png
10:59:22.634 [FXGL Background Thread 1 ] DEBUG AssetLoaderService   - Loading from file system: /assets/textures/redhouse.png
10:59:22.635 [FXGL Background Thread 1 ] DEBUG AssetLoaderService   - Loading from cache: /assets/textures/appletree.png
10:59:22.635 [FXGL Background Thread 1 ] DEBUG AssetLoaderService   - Loading from cache: /assets/textures/redhouse.png
10:59:22.635 [FXGL Background Thread 1 ] DEBUG AssetLoaderService   - Loading from cache: /assets/textures/appletree.png
10:59:22.636 [FXGL Background Thread 1 ] DEBUG AssetLoaderService   - Loading from cache: /assets/textures/bluehouse.png
10:59:22.636 [FXGL Background Thread 1 ] DEBUG AssetLoaderService   - Loading from cache: /assets/textures/appletree.png
10:59:22.637 [FXGL Background Thread 1 ] DEBUG AssetLoaderService   - Loading from cache: /assets/textures/appletree.png
10:59:22.637 [FXGL Background Thread 1 ] DEBUG AssetLoaderService   - Loading from cache: /assets/textures/bush.png
10:59:22.638 [FXGL Background Thread 1 ] DEBUG AssetLoaderService   - Loading from cache: /assets/textures/rock.png
10:59:22.638 [FXGL Background Thread 1 ] DEBUG AssetLoaderService   - Loading from cache: /assets/textures/tree.png
10:59:22.639 [FXGL Background Thread 1 ] INFO  GameApplication      - Game initialization took: 0.195 sec
10:59:22.644 [JavaFX Application Thread] DEBUG Input                - Clearing active input actions
10:59:22.665 [JavaFX Application Thread] DEBUG WindowService        - Removing overlay from FXGLLoadingScene and adding to GameScene
10:59:22.665 [JavaFX Application Thread] DEBUG MainWindow           - FXGLLoadingScene -> GameScene
10:59:25.255 [FXGL Background Thread 2 ] DEBUG Engine               - Logging environment variables
10:59:25.255 [FXGL Background Thread 2 ] DEBUG Engine               - achievements: []
10:59:25.255 [FXGL Background Thread 2 ] DEBUG Engine               - language: ObjectProperty [value: ENGLISH]
10:59:25.255 [FXGL Background Thread 2 ] DEBUG Engine               - isCloseConfirmation: false
10:59:25.255 [FXGL Background Thread 2 ] DEBUG Engine               - isProfilingEnabled: false
10:59:25.255 [FXGL Background Thread 2 ] DEBUG Engine               - soundNotification: core/notification.wav
10:59:25.255 [FXGL Background Thread 2 ] DEBUG Engine               - devShowBBoxProperty: BooleanProperty [value: false]
10:59:25.255 [FXGL Background Thread 2 ] DEBUG Engine               - pixelsPerMeter: 50.0
10:59:25.255 [FXGL Background Thread 2 ] DEBUG Engine               - soundMenuBack: menu/back.wav
10:59:25.255 [FXGL Background Thread 2 ] DEBUG Engine               - appIcon: fxgl_icon.png
10:59:25.255 [FXGL Background Thread 2 ] DEBUG Engine               - isFullScreenAllowed: false
10:59:25.255 [FXGL Background Thread 2 ] DEBUG Engine               - isIntroEnabled: false
10:59:25.255 [FXGL Background Thread 2 ] DEBUG Engine               - fontMono: lucida_console.ttf
10:59:25.256 [FXGL Background Thread 2 ] DEBUG Engine               - soundMenuSelect: menu/select.wav
10:59:25.256 [FXGL Background Thread 2 ] DEBUG Engine               - isWindows: true
10:59:25.256 [FXGL Background Thread 2 ] DEBUG Engine               - isUserProfileEnabled: false
10:59:25.256 [FXGL Background Thread 2 ] DEBUG Engine               - isMobile: false
10:59:25.256 [FXGL Background Thread 2 ] DEBUG Engine               - height: 640
10:59:25.256 [FXGL Background Thread 2 ] DEBUG Engine               - isExperimentalNative: false
10:59:25.256 [FXGL Background Thread 2 ] DEBUG Engine               - settings: Title: FriendMaker2077
Version: 0.1
Width: 640
Height: 640
Fullscreen: false
Intro: false
Menus: false
Profiling: false
Single step:false
App Mode: DEVELOPER
Menu Key: ESCAPE
Stage Style: DECORATED
Scene Factory: class ui.MenuFactory

10:59:25.256 [FXGL Background Thread 2 ] DEBUG Engine               - isSingleStep: false
10:59:25.256 [FXGL Background Thread 2 ] DEBUG Engine               - cSSList: [fxgl_dark.css]
10:59:25.256 [FXGL Background Thread 2 ] DEBUG Engine               - fontGame: Abel-Regular.ttf
10:59:25.256 [FXGL Background Thread 2 ] DEBUG Engine               - menuKey: ESCAPE
10:59:25.256 [FXGL Background Thread 2 ] DEBUG Engine               - devShowPositionProperty: BooleanProperty [value: false]
10:59:25.256 [FXGL Background Thread 2 ] DEBUG Engine               - versionCheckDays: 7
10:59:25.256 [FXGL Background Thread 2 ] DEBUG Engine               - configClass: Optional.empty
10:59:25.256 [FXGL Background Thread 2 ] DEBUG Engine               - isFullScreenFromStart: false
10:59:25.256 [FXGL Background Thread 2 ] DEBUG Engine               - version: 0.1
10:59:25.257 [FXGL Background Thread 2 ] DEBUG Engine               - fullScreen: BooleanProperty [value: false]
10:59:25.257 [FXGL Background Thread 2 ] DEBUG Engine               - randomSeed: -1
10:59:25.257 [FXGL Background Thread 2 ] DEBUG Engine               - gameDifficultyProperty: ObjectProperty [value: MEDIUM]
10:59:25.257 [FXGL Background Thread 2 ] DEBUG Engine               - applicationMode: DEVELOPER
10:59:25.257 [FXGL Background Thread 2 ] DEBUG Engine               - isMac: false
10:59:25.257 [FXGL Background Thread 2 ] DEBUG Engine               - isMenuEnabled: false
10:59:25.257 [FXGL Background Thread 2 ] DEBUG Engine               - urlPOM: https://raw.githubusercontent.com/AlmasB/FXGL/master/pom.xml
10:59:25.257 [FXGL Background Thread 2 ] DEBUG Engine               - profileName: StringProperty [value: DEFAULT]
10:59:25.257 [FXGL Background Thread 2 ] DEBUG Engine               - notificationViewClass: class com.almasb.fxgl.notification.view.XboxNotificationView
10:59:25.257 [FXGL Background Thread 2 ] DEBUG Engine               - devSensorColorProperty: ObjectProperty [value: 0xffff00ff]
10:59:25.257 [FXGL Background Thread 2 ] DEBUG Engine               - sceneFactory: ui.MenuFactory@71f8c2a5
10:59:25.257 [FXGL Background Thread 2 ] DEBUG Engine               - stageStyle: DECORATED
10:59:25.257 [FXGL Background Thread 2 ] DEBUG Engine               - isManualResizeEnabled: false
10:59:25.258 [FXGL Background Thread 2 ] DEBUG Engine               - title: FriendMaker2077
10:59:25.258 [FXGL Background Thread 2 ] DEBUG Engine               - platform: WINDOWS
10:59:25.258 [FXGL Background Thread 2 ] DEBUG Engine               - devBBoxColorProperty: ObjectProperty [value: 0xff0000ff]
10:59:25.258 [FXGL Background Thread 2 ] DEBUG Engine               - gameDifficulty: MEDIUM
10:59:25.258 [FXGL Background Thread 2 ] DEBUG Engine               - isDesktop: true
10:59:25.258 [FXGL Background Thread 2 ] DEBUG Engine               - supportedLanguages: [ENGLISH, FRENCH, GERMAN, HUNGARIAN, RUSSIAN]
10:59:25.258 [FXGL Background Thread 2 ] DEBUG Engine               - credits: []
10:59:25.258 [FXGL Background Thread 2 ] DEBUG Engine               - globalMusicVolumeProperty: DoubleProperty [value: 0.5]
10:59:25.258 [FXGL Background Thread 2 ] DEBUG Engine               - isPreserveResizeRatio: false
10:59:25.258 [FXGL Background Thread 2 ] DEBUG Engine               - fontText: Courier-Prime.ttf
10:59:25.258 [FXGL Background Thread 2 ] DEBUG Engine               - isExperimentalTiledLargeMap: false
10:59:25.258 [FXGL Background Thread 2 ] DEBUG Engine               - secondsIn24h: 60
10:59:25.258 [FXGL Background Thread 2 ] DEBUG Engine               - runtimeInfo: RuntimeInfo(platform=WINDOWS, version=11.8, build=08.03.2020 09.25)
10:59:25.258 [FXGL Background Thread 2 ] DEBUG Engine               - isLinux: false
10:59:25.258 [FXGL Background Thread 2 ] DEBUG Engine               - soundMenuPress: menu/press.wav
10:59:25.259 [FXGL Background Thread 2 ] DEBUG Engine               - urlGithub: https://github.com/AlmasB/FXGL
10:59:25.259 [FXGL Background Thread 2 ] DEBUG Engine               - profileDir: profiles/
10:59:25.259 [FXGL Background Thread 2 ] DEBUG Engine               - isDeveloperMenuEnabled: false
10:59:25.259 [FXGL Background Thread 2 ] DEBUG Engine               - globalSoundVolumeProperty: DoubleProperty [value: 0.5]
10:59:25.259 [FXGL Background Thread 2 ] DEBUG Engine               - mainWindow: com.almasb.fxgl.app.MainWindow@75c75842
10:59:25.259 [FXGL Background Thread 2 ] DEBUG Engine               - isBrowser: false
10:59:25.259 [FXGL Background Thread 2 ] DEBUG Engine               - globalSoundVolume: 0.5
10:59:25.259 [FXGL Background Thread 2 ] DEBUG Engine               - urlLeaderboard: http://fxgl-top.herokuapp.com/
10:59:25.259 [FXGL Background Thread 2 ] DEBUG Engine               - engineServices: [class com.almasb.fxgl.app.GameApplication$GameApplicationService, class com.almasb.fxgl.app.services.WindowService, class com.almasb.fxgl.app.services.FXGLDialogService, class com.almasb.fxgl.app.services.IOTaskExecutorService, class com.almasb.fxgl.event.EventBusService, class com.almasb.fxgl.io.FileSystemService, class com.almasb.fxgl.localization.LocalizationService, class com.almasb.fxgl.app.services.AssetLoaderService, class com.almasb.fxgl.app.services.SystemBundleService, class com.almasb.fxgl.profile.SaveLoadService, class com.almasb.fxgl.ui.FXGLUIFactoryServiceProvider, class com.almasb.fxgl.ui.FXGLDialogFactoryServiceProvider, class com.almasb.fxgl.audio.AudioPlayer, class com.almasb.fxgl.notification.impl.NotificationServiceProvider, class com.almasb.fxgl.achievement.AchievementService, class com.almasb.fxgl.cutscene.CutsceneService, class com.almasb.fxgl.minigames.MiniGameService, class com.almasb.fxgl.net.NetService, class com.almasb.fxgl.app.services.UpdaterService]
10:59:25.259 [FXGL Background Thread 2 ] DEBUG Engine               - globalMusicVolume: 0.5
10:59:25.259 [FXGL Background Thread 2 ] DEBUG Engine               - width: 640
10:59:25.259 [FXGL Background Thread 2 ] DEBUG Engine               - saveFileExt: sav
10:59:25.259 [FXGL Background Thread 2 ] DEBUG Engine               - isAndroid: false
10:59:25.259 [FXGL Background Thread 2 ] DEBUG Engine               - fontUI: VarelaRound-Regular.ttf
10:59:25.259 [FXGL Background Thread 2 ] DEBUG Engine               - enabledMenuItems: []
10:59:25.260 [FXGL Background Thread 2 ] DEBUG Engine               - isIOS: false
10:59:25.260 [FXGL Background Thread 2 ] DEBUG Engine               - Logging services
10:59:25.260 [FXGL Background Thread 2 ] DEBUG Engine               - class com.almasb.fxgl.app.GameApplication$GameApplicationService
10:59:25.260 [FXGL Background Thread 2 ] DEBUG Engine               - class com.almasb.fxgl.app.services.WindowService
10:59:25.260 [FXGL Background Thread 2 ] DEBUG Engine               - class com.almasb.fxgl.app.services.FXGLDialogService
10:59:25.260 [FXGL Background Thread 2 ] DEBUG Engine               - class com.almasb.fxgl.app.services.IOTaskExecutorService
10:59:25.260 [FXGL Background Thread 2 ] DEBUG Engine               - class com.almasb.fxgl.event.EventBusService
10:59:25.260 [FXGL Background Thread 2 ] DEBUG Engine               - class com.almasb.fxgl.io.FileSystemService
10:59:25.260 [FXGL Background Thread 2 ] DEBUG Engine               - class com.almasb.fxgl.localization.LocalizationService
10:59:25.260 [FXGL Background Thread 2 ] DEBUG Engine               - class com.almasb.fxgl.app.services.AssetLoaderService
10:59:25.260 [FXGL Background Thread 2 ] DEBUG Engine               - class com.almasb.fxgl.app.services.SystemBundleService
10:59:25.260 [FXGL Background Thread 2 ] DEBUG Engine               - class com.almasb.fxgl.profile.SaveLoadService
10:59:25.260 [FXGL Background Thread 2 ] DEBUG Engine               - class com.almasb.fxgl.ui.FXGLUIFactoryServiceProvider
10:59:25.260 [FXGL Background Thread 2 ] DEBUG Engine               - class com.almasb.fxgl.ui.FXGLDialogFactoryServiceProvider
10:59:25.260 [FXGL Background Thread 2 ] DEBUG Engine               - class com.almasb.fxgl.audio.AudioPlayer
10:59:25.260 [FXGL Background Thread 2 ] DEBUG Engine               - class com.almasb.fxgl.notification.impl.NotificationServiceProvider
10:59:25.260 [FXGL Background Thread 2 ] DEBUG Engine               - class com.almasb.fxgl.achievement.AchievementService
10:59:25.260 [FXGL Background Thread 2 ] DEBUG Engine               - class com.almasb.fxgl.cutscene.CutsceneService
10:59:25.261 [FXGL Background Thread 2 ] DEBUG Engine               - class com.almasb.fxgl.minigames.MiniGameService
10:59:25.261 [FXGL Background Thread 2 ] DEBUG Engine               - class com.almasb.fxgl.net.NetService
10:59:25.261 [FXGL Background Thread 2 ] DEBUG Engine               - class com.almasb.fxgl.app.services.UpdaterService
10:59:29.367 [JavaFX Application Thread] DEBUG GameApplication      - Exiting FXGL
10:59:29.367 [JavaFX Application Thread] DEBUG LoopRunner           - Stopping loop
10:59:29.367 [JavaFX Application Thread] DEBUG SystemBundleService  - Saving FXGL system data
10:59:29.368 [JavaFX Application Thread] DEBUG FileSystemAccess     - Writing to: C:\Users\otinn\git\FriendMaker2077-07-03\Project\system\fxgl.bundle
10:59:29.369 [JavaFX Application Thread] DEBUG GameApplication      - Shutting down background threads
10:59:29.370 [JavaFX Application Thread] DEBUG GameApplication      - Closing logger and exiting JavaFX
