21:43:45.050 [main                     ] DEBUG GameApplication      - Logger initialized
21:43:45.060 [main                     ] DEBUG GameApplication      - Logging settings
Title: FriendMaker2077
Version: 0.1
Width: 640
Height: 640
Fullscreen: false
Intro: false
Menus: false
Profiling: false
Single step:false
App Mode: DEVELOPER
Menu Key: ESCAPE
Stage Style: DECORATED
Scene Factory: class ui.MenuFactory

21:43:45.333 [JavaFX Application Thread] DEBUG GameApplication      - Initializing FXGL
21:43:45.338 [JavaFX Application Thread] INFO  Engine               - FXGL-11.8 (08.03.2020 09.25) on WINDOWS (J:13.0.2 FX:13.0.2)
21:43:45.338 [JavaFX Application Thread] INFO  Engine               - Source code and latest versions at: https://github.com/AlmasB/FXGL
21:43:45.339 [JavaFX Application Thread] INFO  Engine               -              Join the FXGL chat at: https://gitter.im/AlmasB/FXGL
21:43:45.411 [JavaFX Application Thread] DEBUG MainWindow           - Creating a JavaFX scene
21:43:45.440 [JavaFX Application Thread] DEBUG MainWindow           - Target settings size: 640.0 x 640.0
21:43:45.440 [JavaFX Application Thread] DEBUG MainWindow           - Scaled scene size:    640.0 x 640.0
21:43:45.440 [JavaFX Application Thread] DEBUG MainWindow           - Scaled ratio: (1.0, 1.0)
21:43:45.441 [JavaFX Application Thread] DEBUG MainWindow           - Set initial scene to FXGLStartupScene
21:43:45.445 [JavaFX Application Thread] DEBUG MainWindow           - Opening main window
21:43:45.511 [JavaFX Application Thread] DEBUG MainWindow           - Window border size: (16.0, 39.0)
21:43:45.512 [JavaFX Application Thread] DEBUG MainWindow           - Scaled size: 640.0 x 640.0
21:43:45.512 [JavaFX Application Thread] DEBUG MainWindow           - Scaled ratio: (1.0, 1.0)
21:43:45.512 [JavaFX Application Thread] DEBUG MainWindow           - Scene size: 640.0 x 640.0
21:43:45.512 [JavaFX Application Thread] DEBUG MainWindow           - Stage size: 656.0 x 679.0
21:43:45.517 [FXGL Background Thread 1 ] DEBUG Engine               - Initializing environment variables
21:43:45.534 [FXGL Background Thread 1 ] DEBUG WindowService        - Applying CSS: fxgl_dark.css
21:43:45.535 [FXGL Background Thread 1 ] DEBUG AssetLoaderService   - Loading from file system: /assets/ui/css/fxgl_dark.css
21:43:45.563 [FXGL Background Thread 1 ] DEBUG WindowService        - Initializing application scenes
21:43:45.596 [FXGL Background Thread 1 ] DEBUG GameWorld            - Game world initialized
21:43:45.616 [FXGL Background Thread 1 ] DEBUG PhysicsWorld         - Physics world initialized: appHeight=640, physics.ppm=50.0
21:43:45.617 [FXGL Background Thread 1 ] DEBUG GameScene            - Game scene initialized: 640x640
21:43:45.622 [FXGL Background Thread 1 ] DEBUG Input                - Registered new binding: Resume - Esc
21:43:45.632 [FXGL Background Thread 1 ] DEBUG Input                - Registered new binding: Pause - Esc
21:43:45.632 [FXGL Background Thread 1 ] DEBUG WindowService        - Application scenes initialized
21:43:45.639 [FXGL Background Thread 1 ] DEBUG SystemBundleService  - Loading FXGL system data
21:43:45.643 [FXGL Background Thread 1 ] DEBUG FileSystemAccess     - Reading from: C:\Users\Adam Cunard\git\FriendMaker2077-07-03\Project\system\fxgl.bundle
21:43:45.647 [FXGL Background Thread 1 ] DEBUG SystemBundleService  - Bundle FXGL: {}
21:43:45.648 [FXGL Background Thread 1 ] INFO  Engine               - FXGL initialization took: 0.129 sec
21:43:45.649 [FXGL Background Thread 1 ] DEBUG GameApplication      - Loading localizations
21:43:45.650 [FXGL Background Thread 1 ] DEBUG AssetLoaderService   - Loading from file system: /assets/properties/languages/english.properties
21:43:45.651 [FXGL Background Thread 1 ] DEBUG AssetLoaderService   - Loading from file system: /assets/properties/languages/french.properties
21:43:45.652 [FXGL Background Thread 1 ] DEBUG AssetLoaderService   - Loading from file system: /assets/properties/languages/german.properties
21:43:45.652 [FXGL Background Thread 1 ] DEBUG AssetLoaderService   - Loading from file system: /assets/properties/languages/hungarian.properties
21:43:45.653 [FXGL Background Thread 1 ] DEBUG AssetLoaderService   - Loading from file system: /assets/properties/languages/russian.properties
21:43:45.654 [FXGL Background Thread 1 ] DEBUG GameApplication      - Registering font factories with UI factory
21:43:45.655 [FXGL Background Thread 1 ] DEBUG AssetLoaderService   - Loading from file system: /assets/ui/fonts/VarelaRound-Regular.ttf
21:43:45.812 [FXGL Background Thread 1 ] DEBUG AssetLoaderService   - Loading from file system: /assets/ui/fonts/Abel-Regular.ttf
21:43:45.819 [FXGL Background Thread 1 ] DEBUG AssetLoaderService   - Loading from file system: /assets/ui/fonts/lucida_console.ttf
21:43:45.827 [FXGL Background Thread 1 ] DEBUG AssetLoaderService   - Loading from file system: /assets/ui/fonts/Courier-Prime.ttf
21:43:45.835 [JavaFX Application Thread] DEBUG Input                - Registered new binding: Move Right - D
21:43:45.835 [JavaFX Application Thread] DEBUG Input                - Registered new binding: Move Left - A
21:43:45.835 [JavaFX Application Thread] DEBUG Input                - Registered new binding: Move Up - W
21:43:45.835 [JavaFX Application Thread] DEBUG Input                - Registered new binding: Move Down - S
21:43:45.835 [JavaFX Application Thread] DEBUG Input                - Registered new binding: Play Sound - F
21:43:45.836 [JavaFX Application Thread] DEBUG AssetLoaderService   - Loading from file system: /assets/textures/fxgl_icon.png
21:43:45.861 [JavaFX Application Thread] DEBUG AssetLoaderService   - Loading from file system: /assets/ui/cursors/fxgl_default.png
21:43:45.863 [JavaFX Application Thread] DEBUG Input                - Registered new binding: Screenshot - P
21:43:45.863 [JavaFX Application Thread] DEBUG Input                - Registered new binding: System info dump - CTRL+9
21:43:45.864 [JavaFX Application Thread] DEBUG Input                - Registered new binding: Restart - CTRL+R
21:43:45.864 [JavaFX Application Thread] DEBUG LoopRunner           - Starting loop
21:43:45.868 [JavaFX Application Thread] DEBUG FXGLStartupScene     - STARTUP
21:43:45.868 [JavaFX Application Thread] DEBUG WindowService        - Starting new game
21:43:45.869 [JavaFX Application Thread] DEBUG Input                - Clearing active input actions
21:43:45.877 [JavaFX Application Thread] DEBUG WindowService        - Removing overlay from FXGLStartupScene and adding to FXGLLoadingScene
21:43:45.877 [JavaFX Application Thread] DEBUG MainWindow           - FXGLStartupScene -> FXGLLoadingScene
21:43:45.877 [JavaFX Application Thread] DEBUG WindowService        - Clearing previous game
21:43:45.877 [JavaFX Application Thread] DEBUG GameScene            - Clearing game scene
21:43:45.877 [JavaFX Application Thread] DEBUG GameWorld            - Clearing game world
21:43:45.877 [JavaFX Application Thread] DEBUG PhysicsWorld         - Clearing physics world
21:43:45.878 [FXGL Background Thread 1 ] DEBUG GameApplication      - Initializing game
21:43:45.884 [FXGL Background Thread 1 ] DEBUG AssetLoaderService   - Loading from file system: /assets/music/soundtrack.wav
21:43:45.977 [FXGL Background Thread 1 ] DEBUG AudioPlayer          - Playing music com.almasb.fxgl.audio.Music@22eddc9
21:43:45.980 [FXGL Background Thread 1 ] DEBUG AssetLoaderService   - Loading from file system: /assets/textures/Room.png
21:43:45.998 [FXGL Background Thread 1 ] DEBUG AssetLoaderService   - Loading from cache: /assets/textures/Room.png
21:43:45.998 [FXGL Background Thread 1 ] DEBUG AssetLoaderService   - Loading from file system: /assets/textures/EmptyMap.png
21:43:46.121 [FXGL Background Thread 1 ] DEBUG AssetLoaderService   - Loading from file system: /assets/textures/player.png
21:43:46.122 [FXGL Background Thread 1 ] DEBUG AssetLoaderService   - Loading from cache: /assets/textures/player.png
21:43:46.122 [FXGL Background Thread 1 ] DEBUG AssetLoaderService   - Loading from cache: /assets/textures/player.png
21:43:46.122 [FXGL Background Thread 1 ] DEBUG AssetLoaderService   - Loading from cache: /assets/textures/player.png
21:43:46.123 [FXGL Background Thread 1 ] DEBUG AssetLoaderService   - Loading from cache: /assets/textures/player.png
21:43:46.123 [FXGL Background Thread 1 ] DEBUG AssetLoaderService   - Loading from cache: /assets/textures/player.png
21:43:46.123 [FXGL Background Thread 1 ] DEBUG AssetLoaderService   - Loading from file system: /assets/textures/bbox.png
21:43:46.126 [FXGL Background Thread 1 ] DEBUG AssetLoaderService   - Loading from file system: /assets/textures/froggysprite.png
21:43:46.127 [FXGL Background Thread 1 ] DEBUG AssetLoaderService   - Loading from cache: /assets/textures/froggysprite.png
21:43:46.127 [FXGL Background Thread 1 ] DEBUG AssetLoaderService   - Loading from cache: /assets/textures/froggysprite.png
21:43:46.127 [FXGL Background Thread 1 ] DEBUG AssetLoaderService   - Loading from cache: /assets/textures/bbox.png
21:43:46.129 [FXGL Background Thread 1 ] DEBUG AssetLoaderService   - Loading from file system: /assets/textures/bush.png
21:43:46.129 [FXGL Background Thread 1 ] DEBUG AssetLoaderService   - Loading from cache: /assets/textures/bush.png
21:43:46.130 [FXGL Background Thread 1 ] DEBUG AssetLoaderService   - Loading from file system: /assets/textures/rock.png
21:43:46.131 [FXGL Background Thread 1 ] DEBUG AssetLoaderService   - Loading from cache: /assets/textures/rock.png
21:43:46.131 [FXGL Background Thread 1 ] DEBUG AssetLoaderService   - Loading from file system: /assets/textures/tree.png
21:43:46.132 [FXGL Background Thread 1 ] DEBUG AssetLoaderService   - Loading from cache: /assets/textures/bush.png
21:43:46.132 [FXGL Background Thread 1 ] DEBUG AssetLoaderService   - Loading from cache: /assets/textures/tree.png
21:43:46.133 [FXGL Background Thread 1 ] DEBUG AssetLoaderService   - Loading from cache: /assets/textures/bush.png
21:43:46.133 [FXGL Background Thread 1 ] DEBUG AssetLoaderService   - Loading from file system: /assets/textures/appletree.png
21:43:46.134 [FXGL Background Thread 1 ] DEBUG AssetLoaderService   - Loading from cache: /assets/textures/bush.png
21:43:46.135 [FXGL Background Thread 1 ] DEBUG AssetLoaderService   - Loading from cache: /assets/textures/tree.png
21:43:46.135 [FXGL Background Thread 1 ] DEBUG AssetLoaderService   - Loading from cache: /assets/textures/bush.png
21:43:46.136 [FXGL Background Thread 1 ] DEBUG AssetLoaderService   - Loading from cache: /assets/textures/appletree.png
21:43:46.136 [FXGL Background Thread 1 ] DEBUG AssetLoaderService   - Loading from cache: /assets/textures/bush.png
21:43:46.136 [FXGL Background Thread 1 ] DEBUG AssetLoaderService   - Loading from cache: /assets/textures/appletree.png
21:43:46.137 [FXGL Background Thread 1 ] DEBUG AssetLoaderService   - Loading from cache: /assets/textures/bush.png
21:43:46.137 [FXGL Background Thread 1 ] DEBUG AssetLoaderService   - Loading from cache: /assets/textures/tree.png
21:43:46.138 [FXGL Background Thread 1 ] DEBUG AssetLoaderService   - Loading from cache: /assets/textures/bush.png
21:43:46.138 [FXGL Background Thread 1 ] DEBUG AssetLoaderService   - Loading from cache: /assets/textures/tree.png
21:43:46.139 [FXGL Background Thread 1 ] DEBUG AssetLoaderService   - Loading from cache: /assets/textures/bush.png
21:43:46.139 [FXGL Background Thread 1 ] DEBUG AssetLoaderService   - Loading from cache: /assets/textures/tree.png
21:43:46.140 [FXGL Background Thread 1 ] DEBUG AssetLoaderService   - Loading from cache: /assets/textures/bush.png
21:43:46.140 [FXGL Background Thread 1 ] DEBUG AssetLoaderService   - Loading from cache: /assets/textures/bush.png
21:43:46.140 [FXGL Background Thread 1 ] DEBUG AssetLoaderService   - Loading from cache: /assets/textures/tree.png
21:43:46.141 [FXGL Background Thread 1 ] DEBUG AssetLoaderService   - Loading from cache: /assets/textures/tree.png
21:43:46.142 [FXGL Background Thread 1 ] DEBUG AssetLoaderService   - Loading from cache: /assets/textures/tree.png
21:43:46.142 [FXGL Background Thread 1 ] DEBUG AssetLoaderService   - Loading from cache: /assets/textures/bush.png
21:43:46.143 [FXGL Background Thread 1 ] DEBUG AssetLoaderService   - Loading from cache: /assets/textures/tree.png
21:43:46.143 [FXGL Background Thread 1 ] DEBUG AssetLoaderService   - Loading from cache: /assets/textures/bush.png
21:43:46.144 [FXGL Background Thread 1 ] DEBUG AssetLoaderService   - Loading from cache: /assets/textures/appletree.png
21:43:46.144 [FXGL Background Thread 1 ] DEBUG AssetLoaderService   - Loading from cache: /assets/textures/bush.png
21:43:46.144 [FXGL Background Thread 1 ] DEBUG AssetLoaderService   - Loading from cache: /assets/textures/tree.png
21:43:46.145 [FXGL Background Thread 1 ] DEBUG AssetLoaderService   - Loading from cache: /assets/textures/bush.png
21:43:46.145 [FXGL Background Thread 1 ] DEBUG AssetLoaderService   - Loading from cache: /assets/textures/appletree.png
21:43:46.146 [FXGL Background Thread 1 ] DEBUG AssetLoaderService   - Loading from cache: /assets/textures/bush.png
21:43:46.146 [FXGL Background Thread 1 ] DEBUG AssetLoaderService   - Loading from cache: /assets/textures/appletree.png
21:43:46.147 [FXGL Background Thread 1 ] DEBUG AssetLoaderService   - Loading from cache: /assets/textures/appletree.png
21:43:46.147 [FXGL Background Thread 1 ] DEBUG AssetLoaderService   - Loading from cache: /assets/textures/appletree.png
21:43:46.147 [FXGL Background Thread 1 ] DEBUG AssetLoaderService   - Loading from cache: /assets/textures/appletree.png
21:43:46.148 [FXGL Background Thread 1 ] DEBUG AssetLoaderService   - Loading from cache: /assets/textures/appletree.png
21:43:46.148 [FXGL Background Thread 1 ] DEBUG AssetLoaderService   - Loading from cache: /assets/textures/tree.png
21:43:46.149 [FXGL Background Thread 1 ] DEBUG AssetLoaderService   - Loading from cache: /assets/textures/tree.png
21:43:46.149 [FXGL Background Thread 1 ] DEBUG AssetLoaderService   - Loading from cache: /assets/textures/appletree.png
21:43:46.149 [FXGL Background Thread 1 ] DEBUG AssetLoaderService   - Loading from cache: /assets/textures/bush.png
21:43:46.150 [FXGL Background Thread 1 ] DEBUG AssetLoaderService   - Loading from cache: /assets/textures/appletree.png
21:43:46.150 [FXGL Background Thread 1 ] DEBUG AssetLoaderService   - Loading from cache: /assets/textures/bush.png
21:43:46.150 [FXGL Background Thread 1 ] DEBUG AssetLoaderService   - Loading from cache: /assets/textures/rock.png
21:43:46.151 [FXGL Background Thread 1 ] DEBUG AssetLoaderService   - Loading from cache: /assets/textures/tree.png
21:43:46.151 [FXGL Background Thread 1 ] DEBUG AssetLoaderService   - Loading from cache: /assets/textures/rock.png
21:43:46.152 [FXGL Background Thread 1 ] DEBUG AssetLoaderService   - Loading from cache: /assets/textures/appletree.png
21:43:46.152 [FXGL Background Thread 1 ] DEBUG AssetLoaderService   - Loading from cache: /assets/textures/appletree.png
21:43:46.152 [FXGL Background Thread 1 ] DEBUG AssetLoaderService   - Loading from file system: /assets/textures/lighthouse.png
21:43:46.153 [FXGL Background Thread 1 ] DEBUG AssetLoaderService   - Loading from file system: /assets/textures/greenhouse.png
21:43:46.155 [FXGL Background Thread 1 ] DEBUG AssetLoaderService   - Loading from file system: /assets/textures/bluehouse.png
21:43:46.156 [FXGL Background Thread 1 ] DEBUG AssetLoaderService   - Loading from file system: /assets/textures/redhouse.png
21:43:46.157 [FXGL Background Thread 1 ] DEBUG AssetLoaderService   - Loading from cache: /assets/textures/redhouse.png
21:43:46.157 [FXGL Background Thread 1 ] DEBUG AssetLoaderService   - Loading from cache: /assets/textures/bluehouse.png
21:43:46.158 [FXGL Background Thread 1 ] DEBUG AssetLoaderService   - Loading from cache: /assets/textures/bluehouse.png
21:43:46.158 [FXGL Background Thread 1 ] DEBUG AssetLoaderService   - Loading from cache: /assets/textures/redhouse.png
21:43:46.159 [FXGL Background Thread 1 ] DEBUG AssetLoaderService   - Loading from cache: /assets/textures/bluehouse.png
21:43:46.159 [FXGL Background Thread 1 ] DEBUG AssetLoaderService   - Loading from cache: /assets/textures/redhouse.png
21:43:46.159 [FXGL Background Thread 1 ] DEBUG AssetLoaderService   - Loading from cache: /assets/textures/lighthouse.png
21:43:46.160 [FXGL Background Thread 1 ] DEBUG AssetLoaderService   - Loading from cache: /assets/textures/greenhouse.png
21:43:46.161 [FXGL Background Thread 1 ] INFO  GameApplication      - Game initialization took: 0.282 sec
21:43:46.161 [JavaFX Application Thread] DEBUG Input                - Clearing active input actions
21:43:46.183 [JavaFX Application Thread] DEBUG WindowService        - Removing overlay from FXGLLoadingScene and adding to GameScene
21:43:46.184 [JavaFX Application Thread] DEBUG MainWindow           - FXGLLoadingScene -> GameScene
21:43:46.899 [JavaFX Application Thread] DEBUG MainWindow           - Push state: CustomPauseMenu
21:43:46.899 [JavaFX Application Thread] DEBUG Input                - Clearing active input actions
21:43:46.902 [JavaFX Application Thread] DEBUG WindowService        - Removing overlay from GameScene and adding to CustomPauseMenu
21:43:46.902 [JavaFX Application Thread] DEBUG MainWindow           - GameScene -> CustomPauseMenu
21:43:48.650 [FXGL Background Thread 2 ] DEBUG Engine               - Logging environment variables
21:43:48.650 [FXGL Background Thread 2 ] DEBUG Engine               - achievements: []
21:43:48.650 [FXGL Background Thread 2 ] DEBUG Engine               - language: ObjectProperty [value: ENGLISH]
21:43:48.650 [FXGL Background Thread 2 ] DEBUG Engine               - isCloseConfirmation: false
21:43:48.650 [FXGL Background Thread 2 ] DEBUG Engine               - isProfilingEnabled: false
21:43:48.650 [FXGL Background Thread 2 ] DEBUG Engine               - soundNotification: core/notification.wav
21:43:48.650 [FXGL Background Thread 2 ] DEBUG Engine               - devShowBBoxProperty: BooleanProperty [value: false]
21:43:48.650 [FXGL Background Thread 2 ] DEBUG Engine               - pixelsPerMeter: 50.0
21:43:48.650 [FXGL Background Thread 2 ] DEBUG Engine               - soundMenuBack: menu/back.wav
21:43:48.650 [FXGL Background Thread 2 ] DEBUG Engine               - appIcon: fxgl_icon.png
21:43:48.650 [FXGL Background Thread 2 ] DEBUG Engine               - isFullScreenAllowed: false
21:43:48.650 [FXGL Background Thread 2 ] DEBUG Engine               - isIntroEnabled: false
21:43:48.650 [FXGL Background Thread 2 ] DEBUG Engine               - fontMono: lucida_console.ttf
21:43:48.650 [FXGL Background Thread 2 ] DEBUG Engine               - soundMenuSelect: menu/select.wav
21:43:48.650 [FXGL Background Thread 2 ] DEBUG Engine               - isWindows: true
21:43:48.650 [FXGL Background Thread 2 ] DEBUG Engine               - isMobile: false
21:43:48.650 [FXGL Background Thread 2 ] DEBUG Engine               - isUserProfileEnabled: false
21:43:48.650 [FXGL Background Thread 2 ] DEBUG Engine               - height: 640
21:43:48.650 [FXGL Background Thread 2 ] DEBUG Engine               - isExperimentalNative: false
21:43:48.650 [FXGL Background Thread 2 ] DEBUG Engine               - settings: Title: FriendMaker2077
Version: 0.1
Width: 640
Height: 640
Fullscreen: false
Intro: false
Menus: false
Profiling: false
Single step:false
App Mode: DEVELOPER
Menu Key: ESCAPE
Stage Style: DECORATED
Scene Factory: class ui.MenuFactory

21:43:48.650 [FXGL Background Thread 2 ] DEBUG Engine               - isSingleStep: false
21:43:48.650 [FXGL Background Thread 2 ] DEBUG Engine               - cSSList: [fxgl_dark.css]
21:43:48.650 [FXGL Background Thread 2 ] DEBUG Engine               - fontGame: Abel-Regular.ttf
21:43:48.650 [FXGL Background Thread 2 ] DEBUG Engine               - menuKey: ESCAPE
21:43:48.650 [FXGL Background Thread 2 ] DEBUG Engine               - devShowPositionProperty: BooleanProperty [value: false]
21:43:48.650 [FXGL Background Thread 2 ] DEBUG Engine               - versionCheckDays: 7
21:43:48.650 [FXGL Background Thread 2 ] DEBUG Engine               - configClass: Optional.empty
21:43:48.651 [FXGL Background Thread 2 ] DEBUG Engine               - isFullScreenFromStart: false
21:43:48.651 [FXGL Background Thread 2 ] DEBUG Engine               - version: 0.1
21:43:48.651 [FXGL Background Thread 2 ] DEBUG Engine               - fullScreen: BooleanProperty [value: false]
21:43:48.651 [FXGL Background Thread 2 ] DEBUG Engine               - randomSeed: -1
21:43:48.651 [FXGL Background Thread 2 ] DEBUG Engine               - gameDifficultyProperty: ObjectProperty [value: MEDIUM]
21:43:48.651 [FXGL Background Thread 2 ] DEBUG Engine               - applicationMode: DEVELOPER
21:43:48.651 [FXGL Background Thread 2 ] DEBUG Engine               - isMac: false
21:43:48.651 [FXGL Background Thread 2 ] DEBUG Engine               - isMenuEnabled: false
21:43:48.651 [FXGL Background Thread 2 ] DEBUG Engine               - urlPOM: https://raw.githubusercontent.com/AlmasB/FXGL/master/pom.xml
21:43:48.651 [FXGL Background Thread 2 ] DEBUG Engine               - profileName: StringProperty [value: DEFAULT]
21:43:48.651 [FXGL Background Thread 2 ] DEBUG Engine               - notificationViewClass: class com.almasb.fxgl.notification.view.XboxNotificationView
21:43:48.651 [FXGL Background Thread 2 ] DEBUG Engine               - devSensorColorProperty: ObjectProperty [value: 0xffff00ff]
21:43:48.651 [FXGL Background Thread 2 ] DEBUG Engine               - sceneFactory: ui.MenuFactory@129cac93
21:43:48.651 [FXGL Background Thread 2 ] DEBUG Engine               - stageStyle: DECORATED
21:43:48.651 [FXGL Background Thread 2 ] DEBUG Engine               - isManualResizeEnabled: false
21:43:48.651 [FXGL Background Thread 2 ] DEBUG Engine               - title: FriendMaker2077
21:43:48.652 [FXGL Background Thread 2 ] DEBUG Engine               - platform: WINDOWS
21:43:48.652 [FXGL Background Thread 2 ] DEBUG Engine               - devBBoxColorProperty: ObjectProperty [value: 0xff0000ff]
21:43:48.652 [FXGL Background Thread 2 ] DEBUG Engine               - gameDifficulty: MEDIUM
21:43:48.652 [FXGL Background Thread 2 ] DEBUG Engine               - isDesktop: true
21:43:48.652 [FXGL Background Thread 2 ] DEBUG Engine               - supportedLanguages: [ENGLISH, FRENCH, GERMAN, HUNGARIAN, RUSSIAN]
21:43:48.652 [FXGL Background Thread 2 ] DEBUG Engine               - credits: []
21:43:48.652 [FXGL Background Thread 2 ] DEBUG Engine               - globalMusicVolumeProperty: DoubleProperty [value: 0.5]
21:43:48.652 [FXGL Background Thread 2 ] DEBUG Engine               - isPreserveResizeRatio: false
21:43:48.652 [FXGL Background Thread 2 ] DEBUG Engine               - fontText: Courier-Prime.ttf
21:43:48.652 [FXGL Background Thread 2 ] DEBUG Engine               - isExperimentalTiledLargeMap: false
21:43:48.652 [FXGL Background Thread 2 ] DEBUG Engine               - secondsIn24h: 60
21:43:48.652 [FXGL Background Thread 2 ] DEBUG Engine               - runtimeInfo: RuntimeInfo(platform=WINDOWS, version=11.8, build=08.03.2020 09.25)
21:43:48.652 [FXGL Background Thread 2 ] DEBUG Engine               - isLinux: false
21:43:48.652 [FXGL Background Thread 2 ] DEBUG Engine               - soundMenuPress: menu/press.wav
21:43:48.652 [FXGL Background Thread 2 ] DEBUG Engine               - urlGithub: https://github.com/AlmasB/FXGL
21:43:48.652 [FXGL Background Thread 2 ] DEBUG Engine               - profileDir: profiles/
21:43:48.652 [FXGL Background Thread 2 ] DEBUG Engine               - isDeveloperMenuEnabled: false
21:43:48.653 [FXGL Background Thread 2 ] DEBUG Engine               - globalSoundVolumeProperty: DoubleProperty [value: 0.5]
21:43:48.653 [FXGL Background Thread 2 ] DEBUG Engine               - mainWindow: com.almasb.fxgl.app.MainWindow@16a33a18
21:43:48.653 [FXGL Background Thread 2 ] DEBUG Engine               - isBrowser: false
21:43:48.653 [FXGL Background Thread 2 ] DEBUG Engine               - globalSoundVolume: 0.5
21:43:48.653 [FXGL Background Thread 2 ] DEBUG Engine               - urlLeaderboard: http://fxgl-top.herokuapp.com/
21:43:48.653 [FXGL Background Thread 2 ] DEBUG Engine               - engineServices: [class com.almasb.fxgl.app.GameApplication$GameApplicationService, class com.almasb.fxgl.app.services.WindowService, class com.almasb.fxgl.app.services.FXGLDialogService, class com.almasb.fxgl.app.services.IOTaskExecutorService, class com.almasb.fxgl.event.EventBusService, class com.almasb.fxgl.io.FileSystemService, class com.almasb.fxgl.localization.LocalizationService, class com.almasb.fxgl.app.services.AssetLoaderService, class com.almasb.fxgl.app.services.SystemBundleService, class com.almasb.fxgl.profile.SaveLoadService, class com.almasb.fxgl.ui.FXGLUIFactoryServiceProvider, class com.almasb.fxgl.ui.FXGLDialogFactoryServiceProvider, class com.almasb.fxgl.audio.AudioPlayer, class com.almasb.fxgl.notification.impl.NotificationServiceProvider, class com.almasb.fxgl.achievement.AchievementService, class com.almasb.fxgl.cutscene.CutsceneService, class com.almasb.fxgl.minigames.MiniGameService, class com.almasb.fxgl.net.NetService, class com.almasb.fxgl.app.services.UpdaterService]
21:43:48.653 [FXGL Background Thread 2 ] DEBUG Engine               - globalMusicVolume: 0.5
21:43:48.653 [FXGL Background Thread 2 ] DEBUG Engine               - width: 640
21:43:48.653 [FXGL Background Thread 2 ] DEBUG Engine               - saveFileExt: sav
21:43:48.653 [FXGL Background Thread 2 ] DEBUG Engine               - isAndroid: false
21:43:48.653 [FXGL Background Thread 2 ] DEBUG Engine               - fontUI: VarelaRound-Regular.ttf
21:43:48.653 [FXGL Background Thread 2 ] DEBUG Engine               - enabledMenuItems: [SAVE_LOAD, EXTRA, ONLINE]
21:43:48.653 [FXGL Background Thread 2 ] DEBUG Engine               - isIOS: false
21:43:48.653 [FXGL Background Thread 2 ] DEBUG Engine               - Logging services
21:43:48.653 [FXGL Background Thread 2 ] DEBUG Engine               - class com.almasb.fxgl.app.GameApplication$GameApplicationService
21:43:48.653 [FXGL Background Thread 2 ] DEBUG Engine               - class com.almasb.fxgl.app.services.WindowService
21:43:48.653 [FXGL Background Thread 2 ] DEBUG Engine               - class com.almasb.fxgl.app.services.FXGLDialogService
21:43:48.653 [FXGL Background Thread 2 ] DEBUG Engine               - class com.almasb.fxgl.app.services.IOTaskExecutorService
21:43:48.654 [FXGL Background Thread 2 ] DEBUG Engine               - class com.almasb.fxgl.event.EventBusService
21:43:48.654 [FXGL Background Thread 2 ] DEBUG Engine               - class com.almasb.fxgl.io.FileSystemService
21:43:48.654 [FXGL Background Thread 2 ] DEBUG Engine               - class com.almasb.fxgl.localization.LocalizationService
21:43:48.654 [FXGL Background Thread 2 ] DEBUG Engine               - class com.almasb.fxgl.app.services.AssetLoaderService
21:43:48.654 [FXGL Background Thread 2 ] DEBUG Engine               - class com.almasb.fxgl.app.services.SystemBundleService
21:43:48.654 [FXGL Background Thread 2 ] DEBUG Engine               - class com.almasb.fxgl.profile.SaveLoadService
21:43:48.654 [FXGL Background Thread 2 ] DEBUG Engine               - class com.almasb.fxgl.ui.FXGLUIFactoryServiceProvider
21:43:48.654 [FXGL Background Thread 2 ] DEBUG Engine               - class com.almasb.fxgl.ui.FXGLDialogFactoryServiceProvider
21:43:48.654 [FXGL Background Thread 2 ] DEBUG Engine               - class com.almasb.fxgl.audio.AudioPlayer
21:43:48.654 [FXGL Background Thread 2 ] DEBUG Engine               - class com.almasb.fxgl.notification.impl.NotificationServiceProvider
21:43:48.654 [FXGL Background Thread 2 ] DEBUG Engine               - class com.almasb.fxgl.achievement.AchievementService
21:43:48.654 [FXGL Background Thread 2 ] DEBUG Engine               - class com.almasb.fxgl.cutscene.CutsceneService
21:43:48.654 [FXGL Background Thread 2 ] DEBUG Engine               - class com.almasb.fxgl.minigames.MiniGameService
21:43:48.654 [FXGL Background Thread 2 ] DEBUG Engine               - class com.almasb.fxgl.net.NetService
21:43:48.654 [FXGL Background Thread 2 ] DEBUG Engine               - class com.almasb.fxgl.app.services.UpdaterService
21:43:49.194 [JavaFX Application Thread] DEBUG MainWindow           - Pop state: CustomPauseMenu
21:43:49.194 [JavaFX Application Thread] DEBUG Input                - Clearing active input actions
21:43:49.194 [JavaFX Application Thread] DEBUG WindowService        - Removing overlay from CustomPauseMenu and adding to GameScene
21:43:49.194 [JavaFX Application Thread] DEBUG MainWindow           - GameScene <- CustomPauseMenu
21:43:50.025 [JavaFX Application Thread] DEBUG AssetLoaderService   - Loading from file system: /assets/sounds/bump.wav
21:43:50.890 [JavaFX Application Thread] DEBUG MainWindow           - Push state: CustomPauseMenu
21:43:50.891 [JavaFX Application Thread] DEBUG Input                - Clearing active input actions
21:43:50.891 [JavaFX Application Thread] DEBUG WindowService        - Removing overlay from GameScene and adding to CustomPauseMenu
21:43:50.891 [JavaFX Application Thread] DEBUG MainWindow           - GameScene -> CustomPauseMenu
21:43:53.229 [JavaFX Application Thread] DEBUG GameApplication      - Exiting FXGL
21:43:53.229 [JavaFX Application Thread] DEBUG LoopRunner           - Stopping loop
21:43:53.229 [JavaFX Application Thread] DEBUG SystemBundleService  - Saving FXGL system data
21:43:53.231 [JavaFX Application Thread] DEBUG FileSystemAccess     - Writing to: C:\Users\Adam Cunard\git\FriendMaker2077-07-03\Project\system\fxgl.bundle
21:43:53.232 [JavaFX Application Thread] DEBUG GameApplication      - Shutting down background threads
21:43:53.233 [JavaFX Application Thread] DEBUG GameApplication      - Closing logger and exiting JavaFX
