14:47:50.889 [main                     ] DEBUG GameApplication      - Logger initialized
14:47:50.900 [main                     ] DEBUG GameApplication      - Logging settings
Title: FriendMaker2077
Version: 0.1
Width: 640
Height: 640
Fullscreen: false
Intro: false
Menus: true
Profiling: false
Single step:false
App Mode: DEVELOPER
Menu Key: ESCAPE
Stage Style: DECORATED
Scene Factory: class ui.MenuFactory

14:47:51.046 [JavaFX Application Thread] DEBUG GameApplication      - Initializing FXGL
14:47:51.051 [JavaFX Application Thread] INFO  Engine               - FXGL-11.8 (08.03.2020 09.25) on WINDOWS (J:13.0.2 FX:11.0.2)
14:47:51.051 [JavaFX Application Thread] INFO  Engine               - Source code and latest versions at: https://github.com/AlmasB/FXGL
14:47:51.051 [JavaFX Application Thread] INFO  Engine               -              Join the FXGL chat at: https://gitter.im/AlmasB/FXGL
14:47:51.114 [JavaFX Application Thread] DEBUG MainWindow           - Creating a JavaFX scene
14:47:51.143 [JavaFX Application Thread] DEBUG MainWindow           - Target settings size: 640.0 x 640.0
14:47:51.143 [JavaFX Application Thread] DEBUG MainWindow           - Scaled scene size:    640.0 x 640.0
14:47:51.143 [JavaFX Application Thread] DEBUG MainWindow           - Scaled ratio: (1.0, 1.0)
14:47:51.144 [JavaFX Application Thread] DEBUG MainWindow           - Set initial scene to FXGLStartupScene
14:47:51.147 [JavaFX Application Thread] DEBUG MainWindow           - Opening main window
14:47:51.200 [JavaFX Application Thread] DEBUG MainWindow           - Window border size: (16.0, 39.0)
14:47:51.200 [JavaFX Application Thread] DEBUG MainWindow           - Scaled size: 640.0 x 640.0
14:47:51.200 [JavaFX Application Thread] DEBUG MainWindow           - Scaled ratio: (1.0, 1.0)
14:47:51.200 [JavaFX Application Thread] DEBUG MainWindow           - Scene size: 640.0 x 640.0
14:47:51.200 [JavaFX Application Thread] DEBUG MainWindow           - Stage size: 656.0 x 679.0
14:47:51.205 [FXGL Background Thread 1 ] DEBUG Engine               - Initializing environment variables
14:47:51.223 [FXGL Background Thread 1 ] DEBUG WindowService        - Applying CSS: fxgl_dark.css
14:47:51.223 [FXGL Background Thread 1 ] DEBUG AssetLoaderService   - Loading from file system: /assets/ui/css/fxgl_dark.css
14:47:51.254 [FXGL Background Thread 1 ] DEBUG WindowService        - Initializing application scenes
14:47:51.274 [FXGL Background Thread 1 ] DEBUG GameWorld            - Game world initialized
14:47:51.297 [FXGL Background Thread 1 ] DEBUG PhysicsWorld         - Physics world initialized: appHeight=640, physics.ppm=50.0
14:47:51.298 [FXGL Background Thread 1 ] DEBUG GameScene            - Game scene initialized: 640x640
14:47:51.317 [FXGL Background Thread 1 ] DEBUG AssetLoaderService   - Loading from file system: /assets/textures/particles/trace_horizontal.png
14:47:51.361 [FXGL Background Thread 1 ] WARN  FXGL.DefaultMenu     - FXGLDefaultMenu is not designed for resolutions < 800x600
14:47:51.361 [FXGL Background Thread 1 ] DEBUG FXGL.DefaultMenu     - createMenuBodyMainMenu()
14:47:51.373 [FXGL Background Thread 1 ] DEBUG FXGL.DefaultMenu     - createOptionsMenu()
14:47:51.377 [FXGL Background Thread 1 ] DEBUG FXGL.DefaultMenu     - createExtraMenu()
14:47:51.379 [FXGL Background Thread 1 ] DEBUG AssetLoaderService   - Loading from file system: /assets/textures/particles/smoke.png
14:47:51.427 [FXGL Background Thread 1 ] DEBUG AssetLoaderService   - Loading from cache: /assets/textures/particles/trace_horizontal.png@64.0x64.0
14:47:51.428 [FXGL Background Thread 1 ] WARN  FXGL.DefaultMenu     - FXGLDefaultMenu is not designed for resolutions < 800x600
14:47:51.428 [FXGL Background Thread 1 ] DEBUG FXGL.DefaultMenu     - createMenuBodyGameMenu()
14:47:51.430 [FXGL Background Thread 1 ] DEBUG FXGL.DefaultMenu     - createOptionsMenu()
14:47:51.431 [FXGL Background Thread 1 ] DEBUG FXGL.DefaultMenu     - createExtraMenu()
14:47:51.432 [FXGL Background Thread 1 ] DEBUG AssetLoaderService   - Loading from cache: /assets/textures/particles/smoke.png@128.0x128.0
14:47:51.442 [FXGL Background Thread 1 ] DEBUG WindowService        - Application scenes initialized
14:47:51.447 [FXGL Background Thread 1 ] DEBUG SystemBundleService  - Loading FXGL system data
14:47:51.451 [FXGL Background Thread 1 ] DEBUG FileSystemAccess     - Reading from: C:\Users\otinn\git\FriendMaker2077-07-03\Project\system\fxgl.bundle
14:47:51.455 [FXGL Background Thread 1 ] DEBUG SystemBundleService  - Bundle FXGL: {}
14:47:51.455 [FXGL Background Thread 1 ] INFO  Engine               - FXGL initialization took: 0.249 sec
14:47:51.456 [FXGL Background Thread 1 ] DEBUG GameApplication      - Loading localizations
14:47:51.457 [FXGL Background Thread 1 ] DEBUG AssetLoaderService   - Loading from file system: /assets/properties/languages/english.properties
14:47:51.459 [FXGL Background Thread 1 ] DEBUG AssetLoaderService   - Loading from file system: /assets/properties/languages/french.properties
14:47:51.460 [FXGL Background Thread 1 ] DEBUG AssetLoaderService   - Loading from file system: /assets/properties/languages/german.properties
14:47:51.461 [FXGL Background Thread 1 ] DEBUG AssetLoaderService   - Loading from file system: /assets/properties/languages/hungarian.properties
14:47:51.462 [FXGL Background Thread 1 ] DEBUG AssetLoaderService   - Loading from file system: /assets/properties/languages/russian.properties
14:47:51.463 [FXGL Background Thread 1 ] DEBUG GameApplication      - Registering font factories with UI factory
14:47:51.463 [FXGL Background Thread 1 ] DEBUG AssetLoaderService   - Loading from file system: /assets/ui/fonts/VarelaRound-Regular.ttf
14:47:51.581 [FXGL Background Thread 1 ] DEBUG AssetLoaderService   - Loading from file system: /assets/ui/fonts/Abel-Regular.ttf
14:47:51.588 [FXGL Background Thread 1 ] DEBUG AssetLoaderService   - Loading from file system: /assets/ui/fonts/lucida_console.ttf
14:47:51.596 [FXGL Background Thread 1 ] DEBUG AssetLoaderService   - Loading from file system: /assets/ui/fonts/Courier-Prime.ttf
14:47:51.610 [JavaFX Application Thread] DEBUG Input                - Registered new binding: Move Right - D
14:47:51.610 [JavaFX Application Thread] DEBUG Input                - Registered new binding: Move Left - A
14:47:51.610 [JavaFX Application Thread] DEBUG Input                - Registered new binding: Move Up - W
14:47:51.610 [JavaFX Application Thread] DEBUG Input                - Registered new binding: Move Down - S
14:47:51.610 [JavaFX Application Thread] DEBUG Input                - Registered new binding: Play Sound - F
14:47:51.610 [JavaFX Application Thread] DEBUG AssetLoaderService   - Loading from file system: /assets/textures/fxgl_icon.png
14:47:51.625 [JavaFX Application Thread] DEBUG AssetLoaderService   - Loading from file system: /assets/ui/cursors/fxgl_default.png
14:47:51.627 [JavaFX Application Thread] DEBUG Input                - Registered new binding: Screenshot - P
14:47:51.627 [JavaFX Application Thread] DEBUG Input                - Registered new binding: System info dump - CTRL+9
14:47:51.627 [JavaFX Application Thread] DEBUG Input                - Registered new binding: Restart - CTRL+R
14:47:51.628 [JavaFX Application Thread] DEBUG LoopRunner           - Starting loop
14:47:51.631 [JavaFX Application Thread] DEBUG FXGLStartupScene     - STARTUP
14:47:51.634 [JavaFX Application Thread] DEBUG Input                - Clearing active input actions
14:47:51.647 [JavaFX Application Thread] DEBUG WindowService        - Removing overlay from FXGLStartupScene and adding to FXGLDefaultMenu
14:47:51.648 [JavaFX Application Thread] DEBUG MainWindow           - FXGLStartupScene -> FXGLDefaultMenu
14:47:52.401 [JavaFX Application Thread] DEBUG Menu                 - fireNewGame()
14:47:52.401 [JavaFX Application Thread] DEBUG WindowService        - Starting new game
14:47:52.401 [JavaFX Application Thread] DEBUG Input                - Clearing active input actions
14:47:52.410 [JavaFX Application Thread] DEBUG WindowService        - Removing overlay from FXGLDefaultMenu and adding to FXGLLoadingScene
14:47:52.411 [JavaFX Application Thread] DEBUG MainWindow           - FXGLDefaultMenu -> FXGLLoadingScene
14:47:52.411 [JavaFX Application Thread] DEBUG WindowService        - Clearing previous game
14:47:52.411 [JavaFX Application Thread] DEBUG GameScene            - Clearing game scene
14:47:52.411 [JavaFX Application Thread] DEBUG GameWorld            - Clearing game world
14:47:52.411 [JavaFX Application Thread] DEBUG PhysicsWorld         - Clearing physics world
14:47:52.412 [FXGL Background Thread 1 ] DEBUG GameApplication      - Initializing game
14:47:52.417 [FXGL Background Thread 1 ] DEBUG AssetLoaderService   - Loading from file system: /assets/music/soundtrack.wav
14:47:52.486 [FXGL Background Thread 1 ] DEBUG AudioPlayer          - Playing music com.almasb.fxgl.audio.Music@45a7411f
14:47:52.488 [FXGL Background Thread 1 ] DEBUG AssetLoaderService   - Loading from file system: /assets/textures/Room.png
14:47:52.500 [FXGL Background Thread 1 ] DEBUG AssetLoaderService   - Loading from cache: /assets/textures/Room.png
14:47:52.501 [FXGL Background Thread 1 ] DEBUG AssetLoaderService   - Loading from file system: /assets/textures/EmptyMap.png
14:47:52.629 [FXGL Background Thread 1 ] DEBUG AssetLoaderService   - Loading from file system: /assets/textures/player.png
14:47:52.631 [FXGL Background Thread 1 ] DEBUG AssetLoaderService   - Loading from cache: /assets/textures/player.png
14:47:52.631 [FXGL Background Thread 1 ] DEBUG AssetLoaderService   - Loading from cache: /assets/textures/player.png
14:47:52.631 [FXGL Background Thread 1 ] DEBUG AssetLoaderService   - Loading from cache: /assets/textures/player.png
14:47:52.631 [FXGL Background Thread 1 ] DEBUG AssetLoaderService   - Loading from cache: /assets/textures/player.png
14:47:52.631 [FXGL Background Thread 1 ] DEBUG AssetLoaderService   - Loading from cache: /assets/textures/player.png
14:47:52.631 [FXGL Background Thread 1 ] DEBUG AssetLoaderService   - Loading from file system: /assets/textures/bbox.png
14:47:52.635 [FXGL Background Thread 1 ] DEBUG AssetLoaderService   - Loading from file system: /assets/textures/froggysprite.png
14:47:52.636 [FXGL Background Thread 1 ] DEBUG AssetLoaderService   - Loading from cache: /assets/textures/froggysprite.png
14:47:52.636 [FXGL Background Thread 1 ] DEBUG AssetLoaderService   - Loading from cache: /assets/textures/froggysprite.png
14:47:52.636 [FXGL Background Thread 1 ] DEBUG AssetLoaderService   - Loading from cache: /assets/textures/bbox.png
14:47:52.637 [FXGL Background Thread 1 ] DEBUG AssetLoaderService   - Loading from file system: /assets/textures/bush.png
14:47:52.638 [FXGL Background Thread 1 ] DEBUG AssetLoaderService   - Loading from cache: /assets/textures/bush.png
14:47:52.638 [FXGL Background Thread 1 ] DEBUG AssetLoaderService   - Loading from file system: /assets/textures/rock.png
14:47:52.639 [FXGL Background Thread 1 ] DEBUG AssetLoaderService   - Loading from cache: /assets/textures/rock.png
14:47:52.640 [FXGL Background Thread 1 ] DEBUG AssetLoaderService   - Loading from file system: /assets/textures/tree.png
14:47:52.640 [FXGL Background Thread 1 ] DEBUG AssetLoaderService   - Loading from cache: /assets/textures/bush.png
14:47:52.641 [FXGL Background Thread 1 ] DEBUG AssetLoaderService   - Loading from cache: /assets/textures/tree.png
14:47:52.641 [FXGL Background Thread 1 ] DEBUG AssetLoaderService   - Loading from cache: /assets/textures/bush.png
14:47:52.642 [FXGL Background Thread 1 ] DEBUG AssetLoaderService   - Loading from file system: /assets/textures/appletree.png
14:47:52.642 [FXGL Background Thread 1 ] DEBUG AssetLoaderService   - Loading from cache: /assets/textures/bush.png
14:47:52.643 [FXGL Background Thread 1 ] DEBUG AssetLoaderService   - Loading from cache: /assets/textures/tree.png
14:47:52.643 [FXGL Background Thread 1 ] DEBUG AssetLoaderService   - Loading from cache: /assets/textures/bush.png
14:47:52.644 [FXGL Background Thread 1 ] DEBUG AssetLoaderService   - Loading from cache: /assets/textures/appletree.png
14:47:52.644 [FXGL Background Thread 1 ] DEBUG AssetLoaderService   - Loading from cache: /assets/textures/bush.png
14:47:52.644 [FXGL Background Thread 1 ] DEBUG AssetLoaderService   - Loading from cache: /assets/textures/appletree.png
14:47:52.645 [FXGL Background Thread 1 ] DEBUG AssetLoaderService   - Loading from cache: /assets/textures/bush.png
14:47:52.645 [FXGL Background Thread 1 ] DEBUG AssetLoaderService   - Loading from cache: /assets/textures/tree.png
14:47:52.645 [FXGL Background Thread 1 ] DEBUG AssetLoaderService   - Loading from cache: /assets/textures/bush.png
14:47:52.646 [FXGL Background Thread 1 ] DEBUG AssetLoaderService   - Loading from cache: /assets/textures/tree.png
14:47:52.646 [FXGL Background Thread 1 ] DEBUG AssetLoaderService   - Loading from cache: /assets/textures/bush.png
14:47:52.646 [FXGL Background Thread 1 ] DEBUG AssetLoaderService   - Loading from cache: /assets/textures/tree.png
14:47:52.647 [FXGL Background Thread 1 ] DEBUG AssetLoaderService   - Loading from cache: /assets/textures/bush.png
14:47:52.647 [FXGL Background Thread 1 ] DEBUG AssetLoaderService   - Loading from cache: /assets/textures/bush.png
14:47:52.648 [FXGL Background Thread 1 ] DEBUG AssetLoaderService   - Loading from cache: /assets/textures/tree.png
14:47:52.648 [FXGL Background Thread 1 ] DEBUG AssetLoaderService   - Loading from cache: /assets/textures/tree.png
14:47:52.648 [FXGL Background Thread 1 ] DEBUG AssetLoaderService   - Loading from cache: /assets/textures/tree.png
14:47:52.649 [FXGL Background Thread 1 ] DEBUG AssetLoaderService   - Loading from cache: /assets/textures/bush.png
14:47:52.649 [FXGL Background Thread 1 ] DEBUG AssetLoaderService   - Loading from cache: /assets/textures/tree.png
14:47:52.649 [FXGL Background Thread 1 ] DEBUG AssetLoaderService   - Loading from cache: /assets/textures/bush.png
14:47:52.650 [FXGL Background Thread 1 ] DEBUG AssetLoaderService   - Loading from cache: /assets/textures/appletree.png
14:47:52.650 [FXGL Background Thread 1 ] DEBUG AssetLoaderService   - Loading from cache: /assets/textures/bush.png
14:47:52.651 [FXGL Background Thread 1 ] DEBUG AssetLoaderService   - Loading from cache: /assets/textures/tree.png
14:47:52.652 [FXGL Background Thread 1 ] DEBUG AssetLoaderService   - Loading from cache: /assets/textures/bush.png
14:47:52.652 [FXGL Background Thread 1 ] DEBUG AssetLoaderService   - Loading from cache: /assets/textures/appletree.png
14:47:52.652 [FXGL Background Thread 1 ] DEBUG AssetLoaderService   - Loading from cache: /assets/textures/bush.png
14:47:52.653 [FXGL Background Thread 1 ] DEBUG AssetLoaderService   - Loading from cache: /assets/textures/appletree.png
14:47:52.653 [FXGL Background Thread 1 ] DEBUG AssetLoaderService   - Loading from cache: /assets/textures/appletree.png
14:47:52.654 [FXGL Background Thread 1 ] DEBUG AssetLoaderService   - Loading from cache: /assets/textures/appletree.png
14:47:52.654 [FXGL Background Thread 1 ] DEBUG AssetLoaderService   - Loading from cache: /assets/textures/appletree.png
14:47:52.654 [FXGL Background Thread 1 ] DEBUG AssetLoaderService   - Loading from cache: /assets/textures/appletree.png
14:47:52.655 [FXGL Background Thread 1 ] DEBUG AssetLoaderService   - Loading from cache: /assets/textures/tree.png
14:47:52.655 [FXGL Background Thread 1 ] DEBUG AssetLoaderService   - Loading from cache: /assets/textures/tree.png
14:47:52.655 [FXGL Background Thread 1 ] DEBUG AssetLoaderService   - Loading from cache: /assets/textures/appletree.png
14:47:52.656 [FXGL Background Thread 1 ] DEBUG AssetLoaderService   - Loading from cache: /assets/textures/bush.png
14:47:52.656 [FXGL Background Thread 1 ] DEBUG AssetLoaderService   - Loading from cache: /assets/textures/appletree.png
14:47:52.656 [FXGL Background Thread 1 ] DEBUG AssetLoaderService   - Loading from cache: /assets/textures/bush.png
14:47:52.657 [FXGL Background Thread 1 ] DEBUG AssetLoaderService   - Loading from cache: /assets/textures/rock.png
14:47:52.657 [FXGL Background Thread 1 ] DEBUG AssetLoaderService   - Loading from cache: /assets/textures/tree.png
14:47:52.658 [FXGL Background Thread 1 ] DEBUG AssetLoaderService   - Loading from cache: /assets/textures/rock.png
14:47:52.658 [FXGL Background Thread 1 ] DEBUG AssetLoaderService   - Loading from cache: /assets/textures/appletree.png
14:47:52.658 [FXGL Background Thread 1 ] DEBUG AssetLoaderService   - Loading from cache: /assets/textures/appletree.png
14:47:52.659 [FXGL Background Thread 1 ] DEBUG AssetLoaderService   - Loading from file system: /assets/textures/lighthouse.png
14:47:52.660 [FXGL Background Thread 1 ] DEBUG AssetLoaderService   - Loading from file system: /assets/textures/greenhouse.png
14:47:52.661 [FXGL Background Thread 1 ] DEBUG AssetLoaderService   - Loading from file system: /assets/textures/bluehouse.png
14:47:52.662 [FXGL Background Thread 1 ] DEBUG AssetLoaderService   - Loading from file system: /assets/textures/redhouse.png
14:47:52.663 [FXGL Background Thread 1 ] DEBUG AssetLoaderService   - Loading from cache: /assets/textures/redhouse.png
14:47:52.663 [FXGL Background Thread 1 ] DEBUG AssetLoaderService   - Loading from cache: /assets/textures/bluehouse.png
14:47:52.663 [FXGL Background Thread 1 ] DEBUG AssetLoaderService   - Loading from cache: /assets/textures/bluehouse.png
14:47:52.664 [FXGL Background Thread 1 ] DEBUG AssetLoaderService   - Loading from cache: /assets/textures/redhouse.png
14:47:52.664 [FXGL Background Thread 1 ] DEBUG AssetLoaderService   - Loading from cache: /assets/textures/bluehouse.png
14:47:52.664 [FXGL Background Thread 1 ] DEBUG AssetLoaderService   - Loading from cache: /assets/textures/redhouse.png
14:47:52.665 [FXGL Background Thread 1 ] DEBUG AssetLoaderService   - Loading from cache: /assets/textures/lighthouse.png
14:47:52.665 [FXGL Background Thread 1 ] DEBUG AssetLoaderService   - Loading from cache: /assets/textures/greenhouse.png
14:47:52.666 [FXGL Background Thread 1 ] INFO  GameApplication      - Game initialization took: 0.254 sec
14:47:52.668 [JavaFX Application Thread] DEBUG Input                - Clearing active input actions
14:47:52.683 [JavaFX Application Thread] DEBUG WindowService        - Removing overlay from FXGLLoadingScene and adding to GameScene
14:47:52.684 [JavaFX Application Thread] DEBUG MainWindow           - FXGLLoadingScene -> GameScene
14:47:53.677 [JavaFX Application Thread] DEBUG AssetLoaderService   - Loading from file system: /assets/sounds/bump.wav
14:47:53.709 [JavaFX Application Thread] DEBUG AssetLoaderService   - Loading from cache: /assets/sounds/bump.wav
14:47:53.741 [JavaFX Application Thread] DEBUG AssetLoaderService   - Loading from cache: /assets/sounds/bump.wav
14:47:53.773 [JavaFX Application Thread] DEBUG AssetLoaderService   - Loading from cache: /assets/sounds/bump.wav
14:47:53.805 [JavaFX Application Thread] DEBUG AssetLoaderService   - Loading from cache: /assets/sounds/bump.wav
14:47:53.837 [JavaFX Application Thread] DEBUG AssetLoaderService   - Loading from cache: /assets/sounds/bump.wav
14:47:53.901 [JavaFX Application Thread] DEBUG AssetLoaderService   - Loading from cache: /assets/sounds/bump.wav
14:47:53.933 [JavaFX Application Thread] DEBUG AssetLoaderService   - Loading from cache: /assets/sounds/bump.wav
14:47:53.965 [JavaFX Application Thread] DEBUG AssetLoaderService   - Loading from cache: /assets/sounds/bump.wav
14:47:53.997 [JavaFX Application Thread] DEBUG AssetLoaderService   - Loading from cache: /assets/sounds/bump.wav
14:47:54.029 [JavaFX Application Thread] DEBUG AssetLoaderService   - Loading from cache: /assets/sounds/bump.wav
14:47:54.061 [JavaFX Application Thread] DEBUG AssetLoaderService   - Loading from cache: /assets/sounds/bump.wav
14:47:54.456 [FXGL Background Thread 2 ] DEBUG Engine               - Logging environment variables
14:47:54.456 [FXGL Background Thread 2 ] DEBUG Engine               - achievements: []
14:47:54.456 [FXGL Background Thread 2 ] DEBUG Engine               - language: ObjectProperty [value: ENGLISH]
14:47:54.456 [FXGL Background Thread 2 ] DEBUG Engine               - isCloseConfirmation: false
14:47:54.456 [FXGL Background Thread 2 ] DEBUG Engine               - isProfilingEnabled: false
14:47:54.456 [FXGL Background Thread 2 ] DEBUG Engine               - soundNotification: core/notification.wav
14:47:54.456 [FXGL Background Thread 2 ] DEBUG Engine               - devShowBBoxProperty: BooleanProperty [value: false]
14:47:54.456 [FXGL Background Thread 2 ] DEBUG Engine               - pixelsPerMeter: 50.0
14:47:54.456 [FXGL Background Thread 2 ] DEBUG Engine               - soundMenuBack: menu/back.wav
14:47:54.456 [FXGL Background Thread 2 ] DEBUG Engine               - appIcon: fxgl_icon.png
14:47:54.456 [FXGL Background Thread 2 ] DEBUG Engine               - isFullScreenAllowed: false
14:47:54.456 [FXGL Background Thread 2 ] DEBUG Engine               - isIntroEnabled: false
14:47:54.456 [FXGL Background Thread 2 ] DEBUG Engine               - fontMono: lucida_console.ttf
14:47:54.457 [FXGL Background Thread 2 ] DEBUG Engine               - soundMenuSelect: menu/select.wav
14:47:54.457 [FXGL Background Thread 2 ] DEBUG Engine               - isWindows: true
14:47:54.457 [FXGL Background Thread 2 ] DEBUG Engine               - isMobile: false
14:47:54.457 [FXGL Background Thread 2 ] DEBUG Engine               - isUserProfileEnabled: false
14:47:54.457 [FXGL Background Thread 2 ] DEBUG Engine               - height: 640
14:47:54.457 [FXGL Background Thread 2 ] DEBUG Engine               - isExperimentalNative: false
14:47:54.457 [FXGL Background Thread 2 ] DEBUG Engine               - settings: Title: FriendMaker2077
Version: 0.1
Width: 640
Height: 640
Fullscreen: false
Intro: false
Menus: true
Profiling: false
Single step:false
App Mode: DEVELOPER
Menu Key: ESCAPE
Stage Style: DECORATED
Scene Factory: class ui.MenuFactory

14:47:54.457 [FXGL Background Thread 2 ] DEBUG Engine               - isSingleStep: false
14:47:54.457 [FXGL Background Thread 2 ] DEBUG Engine               - cSSList: [fxgl_dark.css]
14:47:54.457 [FXGL Background Thread 2 ] DEBUG Engine               - fontGame: Abel-Regular.ttf
14:47:54.457 [FXGL Background Thread 2 ] DEBUG Engine               - menuKey: ESCAPE
14:47:54.457 [FXGL Background Thread 2 ] DEBUG Engine               - devShowPositionProperty: BooleanProperty [value: false]
14:47:54.457 [FXGL Background Thread 2 ] DEBUG Engine               - versionCheckDays: 7
14:47:54.457 [FXGL Background Thread 2 ] DEBUG Engine               - configClass: Optional.empty
14:47:54.457 [FXGL Background Thread 2 ] DEBUG Engine               - isFullScreenFromStart: false
14:47:54.457 [FXGL Background Thread 2 ] DEBUG Engine               - version: 0.1
14:47:54.457 [FXGL Background Thread 2 ] DEBUG Engine               - fullScreen: BooleanProperty [value: false]
14:47:54.457 [FXGL Background Thread 2 ] DEBUG Engine               - randomSeed: -1
14:47:54.457 [FXGL Background Thread 2 ] DEBUG Engine               - gameDifficultyProperty: ObjectProperty [value: MEDIUM]
14:47:54.457 [FXGL Background Thread 2 ] DEBUG Engine               - applicationMode: DEVELOPER
14:47:54.458 [FXGL Background Thread 2 ] DEBUG Engine               - isMac: false
14:47:54.458 [FXGL Background Thread 2 ] DEBUG Engine               - isMenuEnabled: true
14:47:54.458 [FXGL Background Thread 2 ] DEBUG Engine               - urlPOM: https://raw.githubusercontent.com/AlmasB/FXGL/master/pom.xml
14:47:54.458 [FXGL Background Thread 2 ] DEBUG Engine               - profileName: StringProperty [value: DEFAULT]
14:47:54.458 [FXGL Background Thread 2 ] DEBUG Engine               - notificationViewClass: class com.almasb.fxgl.notification.view.XboxNotificationView
14:47:54.458 [FXGL Background Thread 2 ] DEBUG Engine               - devSensorColorProperty: ObjectProperty [value: 0xffff00ff]
14:47:54.458 [FXGL Background Thread 2 ] DEBUG Engine               - sceneFactory: ui.MenuFactory@46dfd0ec
14:47:54.458 [FXGL Background Thread 2 ] DEBUG Engine               - stageStyle: DECORATED
14:47:54.458 [FXGL Background Thread 2 ] DEBUG Engine               - isManualResizeEnabled: false
14:47:54.458 [FXGL Background Thread 2 ] DEBUG Engine               - title: FriendMaker2077
14:47:54.458 [FXGL Background Thread 2 ] DEBUG Engine               - platform: WINDOWS
14:47:54.458 [FXGL Background Thread 2 ] DEBUG Engine               - devBBoxColorProperty: ObjectProperty [value: 0xff0000ff]
14:47:54.458 [FXGL Background Thread 2 ] DEBUG Engine               - gameDifficulty: MEDIUM
14:47:54.458 [FXGL Background Thread 2 ] DEBUG Engine               - isDesktop: true
14:47:54.458 [FXGL Background Thread 2 ] DEBUG Engine               - supportedLanguages: [ENGLISH, FRENCH, GERMAN, HUNGARIAN, RUSSIAN]
14:47:54.459 [FXGL Background Thread 2 ] DEBUG Engine               - globalMusicVolumeProperty: DoubleProperty [value: 0.5]
14:47:54.459 [FXGL Background Thread 2 ] DEBUG Engine               - credits: []
14:47:54.459 [FXGL Background Thread 2 ] DEBUG Engine               - isPreserveResizeRatio: false
14:47:54.459 [FXGL Background Thread 2 ] DEBUG Engine               - fontText: Courier-Prime.ttf
14:47:54.459 [FXGL Background Thread 2 ] DEBUG Engine               - isExperimentalTiledLargeMap: false
14:47:54.459 [FXGL Background Thread 2 ] DEBUG Engine               - secondsIn24h: 60
14:47:54.459 [FXGL Background Thread 2 ] DEBUG Engine               - runtimeInfo: RuntimeInfo(platform=WINDOWS, version=11.8, build=08.03.2020 09.25)
14:47:54.459 [FXGL Background Thread 2 ] DEBUG Engine               - isLinux: false
14:47:54.459 [FXGL Background Thread 2 ] DEBUG Engine               - soundMenuPress: menu/press.wav
14:47:54.459 [FXGL Background Thread 2 ] DEBUG Engine               - urlGithub: https://github.com/AlmasB/FXGL
14:47:54.459 [FXGL Background Thread 2 ] DEBUG Engine               - profileDir: profiles/
14:47:54.459 [FXGL Background Thread 2 ] DEBUG Engine               - isDeveloperMenuEnabled: false
14:47:54.459 [FXGL Background Thread 2 ] DEBUG Engine               - globalSoundVolumeProperty: DoubleProperty [value: 0.5]
14:47:54.459 [FXGL Background Thread 2 ] DEBUG Engine               - mainWindow: com.almasb.fxgl.app.MainWindow@42e05cef
14:47:54.459 [FXGL Background Thread 2 ] DEBUG Engine               - isBrowser: false
14:47:54.459 [FXGL Background Thread 2 ] DEBUG Engine               - globalSoundVolume: 0.5
14:47:54.459 [FXGL Background Thread 2 ] DEBUG Engine               - urlLeaderboard: http://fxgl-top.herokuapp.com/
14:47:54.459 [FXGL Background Thread 2 ] DEBUG Engine               - engineServices: [class com.almasb.fxgl.app.GameApplication$GameApplicationService, class com.almasb.fxgl.app.services.WindowService, class com.almasb.fxgl.app.services.FXGLDialogService, class com.almasb.fxgl.app.services.IOTaskExecutorService, class com.almasb.fxgl.event.EventBusService, class com.almasb.fxgl.io.FileSystemService, class com.almasb.fxgl.localization.LocalizationService, class com.almasb.fxgl.app.services.AssetLoaderService, class com.almasb.fxgl.app.services.SystemBundleService, class com.almasb.fxgl.profile.SaveLoadService, class com.almasb.fxgl.ui.FXGLUIFactoryServiceProvider, class com.almasb.fxgl.ui.FXGLDialogFactoryServiceProvider, class com.almasb.fxgl.audio.AudioPlayer, class com.almasb.fxgl.notification.impl.NotificationServiceProvider, class com.almasb.fxgl.achievement.AchievementService, class com.almasb.fxgl.cutscene.CutsceneService, class com.almasb.fxgl.minigames.MiniGameService, class com.almasb.fxgl.net.NetService, class com.almasb.fxgl.app.services.UpdaterService]
14:47:54.459 [FXGL Background Thread 2 ] DEBUG Engine               - globalMusicVolume: 0.5
14:47:54.459 [FXGL Background Thread 2 ] DEBUG Engine               - width: 640
14:47:54.459 [FXGL Background Thread 2 ] DEBUG Engine               - saveFileExt: sav
14:47:54.459 [FXGL Background Thread 2 ] DEBUG Engine               - isAndroid: false
14:47:54.459 [FXGL Background Thread 2 ] DEBUG Engine               - fontUI: VarelaRound-Regular.ttf
14:47:54.460 [FXGL Background Thread 2 ] DEBUG Engine               - enabledMenuItems: [SAVE_LOAD, EXTRA, ONLINE]
14:47:54.460 [FXGL Background Thread 2 ] DEBUG Engine               - isIOS: false
14:47:54.460 [FXGL Background Thread 2 ] DEBUG Engine               - Logging services
14:47:54.460 [FXGL Background Thread 2 ] DEBUG Engine               - class com.almasb.fxgl.app.GameApplication$GameApplicationService
14:47:54.460 [FXGL Background Thread 2 ] DEBUG Engine               - class com.almasb.fxgl.app.services.WindowService
14:47:54.460 [FXGL Background Thread 2 ] DEBUG Engine               - class com.almasb.fxgl.app.services.FXGLDialogService
14:47:54.460 [FXGL Background Thread 2 ] DEBUG Engine               - class com.almasb.fxgl.app.services.IOTaskExecutorService
14:47:54.460 [FXGL Background Thread 2 ] DEBUG Engine               - class com.almasb.fxgl.event.EventBusService
14:47:54.460 [FXGL Background Thread 2 ] DEBUG Engine               - class com.almasb.fxgl.io.FileSystemService
14:47:54.460 [FXGL Background Thread 2 ] DEBUG Engine               - class com.almasb.fxgl.localization.LocalizationService
14:47:54.460 [FXGL Background Thread 2 ] DEBUG Engine               - class com.almasb.fxgl.app.services.AssetLoaderService
14:47:54.460 [FXGL Background Thread 2 ] DEBUG Engine               - class com.almasb.fxgl.app.services.SystemBundleService
14:47:54.460 [FXGL Background Thread 2 ] DEBUG Engine               - class com.almasb.fxgl.profile.SaveLoadService
14:47:54.460 [FXGL Background Thread 2 ] DEBUG Engine               - class com.almasb.fxgl.ui.FXGLUIFactoryServiceProvider
14:47:54.460 [FXGL Background Thread 2 ] DEBUG Engine               - class com.almasb.fxgl.ui.FXGLDialogFactoryServiceProvider
14:47:54.460 [FXGL Background Thread 2 ] DEBUG Engine               - class com.almasb.fxgl.audio.AudioPlayer
14:47:54.460 [FXGL Background Thread 2 ] DEBUG Engine               - class com.almasb.fxgl.notification.impl.NotificationServiceProvider
14:47:54.460 [FXGL Background Thread 2 ] DEBUG Engine               - class com.almasb.fxgl.achievement.AchievementService
14:47:54.460 [FXGL Background Thread 2 ] DEBUG Engine               - class com.almasb.fxgl.cutscene.CutsceneService
14:47:54.460 [FXGL Background Thread 2 ] DEBUG Engine               - class com.almasb.fxgl.minigames.MiniGameService
14:47:54.461 [FXGL Background Thread 2 ] DEBUG Engine               - class com.almasb.fxgl.net.NetService
14:47:54.461 [FXGL Background Thread 2 ] DEBUG Engine               - class com.almasb.fxgl.app.services.UpdaterService
14:47:57.246 [JavaFX Application Thread] DEBUG AssetLoaderService   - Loading from file system: /assets/sounds/move.wav
14:47:57.251 [JavaFX Application Thread] DEBUG Input                - Registered new binding: Next RPG Line - Enter
14:47:57.251 [JavaFX Application Thread] DEBUG MainWindow           - Push state: CutsceneScene
14:47:57.251 [JavaFX Application Thread] DEBUG Input                - Clearing active input actions
14:47:57.252 [JavaFX Application Thread] DEBUG WindowService        - Removing overlay from GameScene and adding to CutsceneScene
14:47:57.252 [JavaFX Application Thread] DEBUG MainWindow           - GameScene -> CutsceneScene
14:47:57.252 [JavaFX Application Thread] DEBUG AssetLoaderService   - Loading from file system: /assets/textures/battleMap.png
14:47:59.757 [JavaFX Application Thread] DEBUG MainWindow           - Pop state: CutsceneScene
14:47:59.757 [JavaFX Application Thread] DEBUG Input                - Clearing active input actions
14:47:59.758 [JavaFX Application Thread] DEBUG WindowService        - Removing overlay from CutsceneScene and adding to GameScene
14:47:59.758 [JavaFX Application Thread] DEBUG MainWindow           - GameScene <- CutsceneScene
14:48:13.056 [JavaFX Application Thread] DEBUG MainWindow           - Push state: CutsceneScene
14:48:13.056 [JavaFX Application Thread] DEBUG Input                - Clearing active input actions
14:48:13.057 [JavaFX Application Thread] DEBUG WindowService        - Removing overlay from GameScene and adding to CutsceneScene
14:48:13.057 [JavaFX Application Thread] DEBUG MainWindow           - GameScene -> CutsceneScene
14:48:16.222 [JavaFX Application Thread] DEBUG MainWindow           - Pop state: CutsceneScene
14:48:16.222 [JavaFX Application Thread] DEBUG Input                - Clearing active input actions
14:48:16.222 [JavaFX Application Thread] DEBUG WindowService        - Removing overlay from CutsceneScene and adding to GameScene
14:48:16.222 [JavaFX Application Thread] DEBUG MainWindow           - GameScene <- CutsceneScene
14:48:17.463 [JavaFX Application Thread] DEBUG GameApplication      - Exiting FXGL
14:48:17.463 [JavaFX Application Thread] DEBUG LoopRunner           - Stopping loop
14:48:17.463 [JavaFX Application Thread] DEBUG SystemBundleService  - Saving FXGL system data
14:48:17.465 [JavaFX Application Thread] DEBUG FileSystemAccess     - Writing to: C:\Users\otinn\git\FriendMaker2077-07-03\Project\system\fxgl.bundle
14:48:17.465 [JavaFX Application Thread] DEBUG GameApplication      - Shutting down background threads
14:48:17.466 [JavaFX Application Thread] DEBUG GameApplication      - Closing logger and exiting JavaFX
