21:46:59.123 [main                     ] DEBUG GameApplication      - Logger initialized
21:46:59.134 [main                     ] DEBUG GameApplication      - Logging settings
Title: FriendMaker2077
Version: 0.1
Width: 640
Height: 640
Fullscreen: false
Intro: false
Menus: false
Profiling: false
Single step:false
App Mode: DEVELOPER
Menu Key: ESCAPE
Stage Style: DECORATED
Scene Factory: class ui.MenuFactory

21:46:59.400 [JavaFX Application Thread] DEBUG GameApplication      - Initializing FXGL
21:46:59.405 [JavaFX Application Thread] INFO  Engine               - FXGL-11.8 (08.03.2020 09.25) on WINDOWS (J:13.0.2 FX:13.0.2)
21:46:59.405 [JavaFX Application Thread] INFO  Engine               - Source code and latest versions at: https://github.com/AlmasB/FXGL
21:46:59.405 [JavaFX Application Thread] INFO  Engine               -              Join the FXGL chat at: https://gitter.im/AlmasB/FXGL
21:46:59.472 [JavaFX Application Thread] DEBUG MainWindow           - Creating a JavaFX scene
21:46:59.501 [JavaFX Application Thread] DEBUG MainWindow           - Target settings size: 640.0 x 640.0
21:46:59.501 [JavaFX Application Thread] DEBUG MainWindow           - Scaled scene size:    640.0 x 640.0
21:46:59.501 [JavaFX Application Thread] DEBUG MainWindow           - Scaled ratio: (1.0, 1.0)
21:46:59.502 [JavaFX Application Thread] DEBUG MainWindow           - Set initial scene to FXGLStartupScene
21:46:59.506 [JavaFX Application Thread] DEBUG MainWindow           - Opening main window
21:46:59.579 [JavaFX Application Thread] DEBUG MainWindow           - Window border size: (16.0, 39.0)
21:46:59.579 [JavaFX Application Thread] DEBUG MainWindow           - Scaled size: 640.0 x 640.0
21:46:59.579 [JavaFX Application Thread] DEBUG MainWindow           - Scaled ratio: (1.0, 1.0)
21:46:59.579 [JavaFX Application Thread] DEBUG MainWindow           - Scene size: 640.0 x 640.0
21:46:59.579 [JavaFX Application Thread] DEBUG MainWindow           - Stage size: 656.0 x 679.0
21:46:59.583 [FXGL Background Thread 1 ] DEBUG Engine               - Initializing environment variables
21:46:59.601 [FXGL Background Thread 1 ] DEBUG WindowService        - Applying CSS: fxgl_dark.css
21:46:59.601 [FXGL Background Thread 1 ] DEBUG AssetLoaderService   - Loading from file system: /assets/ui/css/fxgl_dark.css
21:46:59.630 [FXGL Background Thread 1 ] DEBUG WindowService        - Initializing application scenes
21:46:59.649 [FXGL Background Thread 1 ] DEBUG GameWorld            - Game world initialized
21:46:59.668 [FXGL Background Thread 1 ] DEBUG PhysicsWorld         - Physics world initialized: appHeight=640, physics.ppm=50.0
21:46:59.670 [FXGL Background Thread 1 ] DEBUG GameScene            - Game scene initialized: 640x640
21:46:59.675 [FXGL Background Thread 1 ] DEBUG Input                - Registered new binding: Resume - Esc
21:46:59.683 [FXGL Background Thread 1 ] DEBUG Input                - Registered new binding: Pause - Esc
21:46:59.683 [FXGL Background Thread 1 ] DEBUG WindowService        - Application scenes initialized
21:46:59.690 [FXGL Background Thread 1 ] DEBUG SystemBundleService  - Loading FXGL system data
21:46:59.692 [FXGL Background Thread 1 ] DEBUG FileSystemAccess     - Reading from: C:\Users\Adam Cunard\git\FriendMaker2077-07-03\Project\system\fxgl.bundle
21:46:59.697 [FXGL Background Thread 1 ] DEBUG SystemBundleService  - Bundle FXGL: {}
21:46:59.697 [FXGL Background Thread 1 ] INFO  Engine               - FXGL initialization took: 0.113 sec
21:46:59.698 [FXGL Background Thread 1 ] DEBUG GameApplication      - Loading localizations
21:46:59.698 [FXGL Background Thread 1 ] DEBUG AssetLoaderService   - Loading from file system: /assets/properties/languages/english.properties
21:46:59.699 [FXGL Background Thread 1 ] DEBUG AssetLoaderService   - Loading from file system: /assets/properties/languages/french.properties
21:46:59.700 [FXGL Background Thread 1 ] DEBUG AssetLoaderService   - Loading from file system: /assets/properties/languages/german.properties
21:46:59.701 [FXGL Background Thread 1 ] DEBUG AssetLoaderService   - Loading from file system: /assets/properties/languages/hungarian.properties
21:46:59.702 [FXGL Background Thread 1 ] DEBUG AssetLoaderService   - Loading from file system: /assets/properties/languages/russian.properties
21:46:59.702 [FXGL Background Thread 1 ] DEBUG GameApplication      - Registering font factories with UI factory
21:46:59.702 [FXGL Background Thread 1 ] DEBUG AssetLoaderService   - Loading from file system: /assets/ui/fonts/VarelaRound-Regular.ttf
21:46:59.853 [FXGL Background Thread 1 ] DEBUG AssetLoaderService   - Loading from file system: /assets/ui/fonts/Abel-Regular.ttf
21:46:59.859 [FXGL Background Thread 1 ] DEBUG AssetLoaderService   - Loading from file system: /assets/ui/fonts/lucida_console.ttf
21:46:59.867 [FXGL Background Thread 1 ] DEBUG AssetLoaderService   - Loading from file system: /assets/ui/fonts/Courier-Prime.ttf
21:46:59.875 [JavaFX Application Thread] DEBUG Input                - Registered new binding: Move Right - D
21:46:59.876 [JavaFX Application Thread] DEBUG Input                - Registered new binding: Move Left - A
21:46:59.876 [JavaFX Application Thread] DEBUG Input                - Registered new binding: Move Up - W
21:46:59.876 [JavaFX Application Thread] DEBUG Input                - Registered new binding: Move Down - S
21:46:59.876 [JavaFX Application Thread] DEBUG Input                - Registered new binding: Play Sound - F
21:46:59.876 [JavaFX Application Thread] DEBUG AssetLoaderService   - Loading from file system: /assets/textures/fxgl_icon.png
21:46:59.901 [JavaFX Application Thread] DEBUG AssetLoaderService   - Loading from file system: /assets/ui/cursors/fxgl_default.png
21:46:59.903 [JavaFX Application Thread] DEBUG Input                - Registered new binding: Screenshot - P
21:46:59.903 [JavaFX Application Thread] DEBUG Input                - Registered new binding: System info dump - CTRL+9
21:46:59.903 [JavaFX Application Thread] DEBUG Input                - Registered new binding: Restart - CTRL+R
21:46:59.904 [JavaFX Application Thread] DEBUG LoopRunner           - Starting loop
21:46:59.921 [JavaFX Application Thread] DEBUG FXGLStartupScene     - STARTUP
21:46:59.921 [JavaFX Application Thread] DEBUG WindowService        - Starting new game
21:46:59.922 [JavaFX Application Thread] DEBUG Input                - Clearing active input actions
21:46:59.929 [JavaFX Application Thread] DEBUG WindowService        - Removing overlay from FXGLStartupScene and adding to FXGLLoadingScene
21:46:59.929 [JavaFX Application Thread] DEBUG MainWindow           - FXGLStartupScene -> FXGLLoadingScene
21:46:59.929 [JavaFX Application Thread] DEBUG WindowService        - Clearing previous game
21:46:59.930 [JavaFX Application Thread] DEBUG GameScene            - Clearing game scene
21:46:59.930 [JavaFX Application Thread] DEBUG GameWorld            - Clearing game world
21:46:59.930 [JavaFX Application Thread] DEBUG PhysicsWorld         - Clearing physics world
21:46:59.931 [FXGL Background Thread 1 ] DEBUG GameApplication      - Initializing game
21:46:59.936 [FXGL Background Thread 1 ] DEBUG AssetLoaderService   - Loading from file system: /assets/music/soundtrack.wav
21:47:00.034 [FXGL Background Thread 1 ] DEBUG AudioPlayer          - Playing music com.almasb.fxgl.audio.Music@25b6d0e8
21:47:00.037 [FXGL Background Thread 1 ] DEBUG AssetLoaderService   - Loading from file system: /assets/textures/Room.png
21:47:00.055 [FXGL Background Thread 1 ] DEBUG AssetLoaderService   - Loading from cache: /assets/textures/Room.png
21:47:00.055 [FXGL Background Thread 1 ] DEBUG AssetLoaderService   - Loading from file system: /assets/textures/EmptyMap.png
21:47:00.178 [FXGL Background Thread 1 ] DEBUG AssetLoaderService   - Loading from file system: /assets/textures/player.png
21:47:00.180 [FXGL Background Thread 1 ] DEBUG AssetLoaderService   - Loading from cache: /assets/textures/player.png
21:47:00.180 [FXGL Background Thread 1 ] DEBUG AssetLoaderService   - Loading from cache: /assets/textures/player.png
21:47:00.180 [FXGL Background Thread 1 ] DEBUG AssetLoaderService   - Loading from cache: /assets/textures/player.png
21:47:00.180 [FXGL Background Thread 1 ] DEBUG AssetLoaderService   - Loading from cache: /assets/textures/player.png
21:47:00.180 [FXGL Background Thread 1 ] DEBUG AssetLoaderService   - Loading from cache: /assets/textures/player.png
21:47:00.180 [FXGL Background Thread 1 ] DEBUG AssetLoaderService   - Loading from file system: /assets/textures/bbox.png
21:47:00.183 [FXGL Background Thread 1 ] DEBUG AssetLoaderService   - Loading from file system: /assets/textures/froggysprite.png
21:47:00.184 [FXGL Background Thread 1 ] DEBUG AssetLoaderService   - Loading from cache: /assets/textures/froggysprite.png
21:47:00.184 [FXGL Background Thread 1 ] DEBUG AssetLoaderService   - Loading from cache: /assets/textures/froggysprite.png
21:47:00.185 [FXGL Background Thread 1 ] DEBUG AssetLoaderService   - Loading from cache: /assets/textures/bbox.png
21:47:00.186 [FXGL Background Thread 1 ] DEBUG AssetLoaderService   - Loading from file system: /assets/textures/bush.png
21:47:00.187 [FXGL Background Thread 1 ] DEBUG AssetLoaderService   - Loading from cache: /assets/textures/bush.png
21:47:00.187 [FXGL Background Thread 1 ] DEBUG AssetLoaderService   - Loading from file system: /assets/textures/rock.png
21:47:00.188 [FXGL Background Thread 1 ] DEBUG AssetLoaderService   - Loading from cache: /assets/textures/rock.png
21:47:00.189 [FXGL Background Thread 1 ] DEBUG AssetLoaderService   - Loading from file system: /assets/textures/tree.png
21:47:00.190 [FXGL Background Thread 1 ] DEBUG AssetLoaderService   - Loading from cache: /assets/textures/bush.png
21:47:00.191 [FXGL Background Thread 1 ] DEBUG AssetLoaderService   - Loading from cache: /assets/textures/tree.png
21:47:00.192 [FXGL Background Thread 1 ] DEBUG AssetLoaderService   - Loading from cache: /assets/textures/bush.png
21:47:00.192 [FXGL Background Thread 1 ] DEBUG AssetLoaderService   - Loading from file system: /assets/textures/appletree.png
21:47:00.193 [FXGL Background Thread 1 ] DEBUG AssetLoaderService   - Loading from cache: /assets/textures/bush.png
21:47:00.193 [FXGL Background Thread 1 ] DEBUG AssetLoaderService   - Loading from cache: /assets/textures/tree.png
21:47:00.194 [FXGL Background Thread 1 ] DEBUG AssetLoaderService   - Loading from cache: /assets/textures/bush.png
21:47:00.194 [FXGL Background Thread 1 ] DEBUG AssetLoaderService   - Loading from cache: /assets/textures/appletree.png
21:47:00.195 [FXGL Background Thread 1 ] DEBUG AssetLoaderService   - Loading from cache: /assets/textures/bush.png
21:47:00.195 [FXGL Background Thread 1 ] DEBUG AssetLoaderService   - Loading from cache: /assets/textures/appletree.png
21:47:00.196 [FXGL Background Thread 1 ] DEBUG AssetLoaderService   - Loading from cache: /assets/textures/bush.png
21:47:00.196 [FXGL Background Thread 1 ] DEBUG AssetLoaderService   - Loading from cache: /assets/textures/tree.png
21:47:00.197 [FXGL Background Thread 1 ] DEBUG AssetLoaderService   - Loading from cache: /assets/textures/bush.png
21:47:00.197 [FXGL Background Thread 1 ] DEBUG AssetLoaderService   - Loading from cache: /assets/textures/tree.png
21:47:00.198 [FXGL Background Thread 1 ] DEBUG AssetLoaderService   - Loading from cache: /assets/textures/bush.png
21:47:00.198 [FXGL Background Thread 1 ] DEBUG AssetLoaderService   - Loading from cache: /assets/textures/tree.png
21:47:00.199 [FXGL Background Thread 1 ] DEBUG AssetLoaderService   - Loading from cache: /assets/textures/bush.png
21:47:00.199 [FXGL Background Thread 1 ] DEBUG AssetLoaderService   - Loading from cache: /assets/textures/bush.png
21:47:00.199 [FXGL Background Thread 1 ] DEBUG AssetLoaderService   - Loading from cache: /assets/textures/tree.png
21:47:00.200 [FXGL Background Thread 1 ] DEBUG AssetLoaderService   - Loading from cache: /assets/textures/tree.png
21:47:00.200 [FXGL Background Thread 1 ] DEBUG AssetLoaderService   - Loading from cache: /assets/textures/tree.png
21:47:00.201 [FXGL Background Thread 1 ] DEBUG AssetLoaderService   - Loading from cache: /assets/textures/bush.png
21:47:00.202 [FXGL Background Thread 1 ] DEBUG AssetLoaderService   - Loading from cache: /assets/textures/tree.png
21:47:00.202 [FXGL Background Thread 1 ] DEBUG AssetLoaderService   - Loading from cache: /assets/textures/bush.png
21:47:00.202 [FXGL Background Thread 1 ] DEBUG AssetLoaderService   - Loading from cache: /assets/textures/appletree.png
21:47:00.203 [FXGL Background Thread 1 ] DEBUG AssetLoaderService   - Loading from cache: /assets/textures/bush.png
21:47:00.203 [FXGL Background Thread 1 ] DEBUG AssetLoaderService   - Loading from cache: /assets/textures/tree.png
21:47:00.204 [FXGL Background Thread 1 ] DEBUG AssetLoaderService   - Loading from cache: /assets/textures/bush.png
21:47:00.205 [FXGL Background Thread 1 ] DEBUG AssetLoaderService   - Loading from cache: /assets/textures/appletree.png
21:47:00.206 [FXGL Background Thread 1 ] DEBUG AssetLoaderService   - Loading from cache: /assets/textures/bush.png
21:47:00.207 [FXGL Background Thread 1 ] DEBUG AssetLoaderService   - Loading from cache: /assets/textures/appletree.png
21:47:00.207 [FXGL Background Thread 1 ] DEBUG AssetLoaderService   - Loading from cache: /assets/textures/appletree.png
21:47:00.207 [FXGL Background Thread 1 ] DEBUG AssetLoaderService   - Loading from cache: /assets/textures/appletree.png
21:47:00.208 [FXGL Background Thread 1 ] DEBUG AssetLoaderService   - Loading from cache: /assets/textures/appletree.png
21:47:00.208 [FXGL Background Thread 1 ] DEBUG AssetLoaderService   - Loading from cache: /assets/textures/appletree.png
21:47:00.208 [FXGL Background Thread 1 ] DEBUG AssetLoaderService   - Loading from cache: /assets/textures/tree.png
21:47:00.209 [FXGL Background Thread 1 ] DEBUG AssetLoaderService   - Loading from cache: /assets/textures/tree.png
21:47:00.209 [FXGL Background Thread 1 ] DEBUG AssetLoaderService   - Loading from cache: /assets/textures/appletree.png
21:47:00.210 [FXGL Background Thread 1 ] DEBUG AssetLoaderService   - Loading from cache: /assets/textures/bush.png
21:47:00.210 [FXGL Background Thread 1 ] DEBUG AssetLoaderService   - Loading from cache: /assets/textures/appletree.png
21:47:00.210 [FXGL Background Thread 1 ] DEBUG AssetLoaderService   - Loading from cache: /assets/textures/bush.png
21:47:00.211 [FXGL Background Thread 1 ] DEBUG AssetLoaderService   - Loading from cache: /assets/textures/rock.png
21:47:00.211 [FXGL Background Thread 1 ] DEBUG AssetLoaderService   - Loading from cache: /assets/textures/tree.png
21:47:00.212 [FXGL Background Thread 1 ] DEBUG AssetLoaderService   - Loading from cache: /assets/textures/rock.png
21:47:00.212 [FXGL Background Thread 1 ] DEBUG AssetLoaderService   - Loading from cache: /assets/textures/appletree.png
21:47:00.212 [FXGL Background Thread 1 ] DEBUG AssetLoaderService   - Loading from cache: /assets/textures/appletree.png
21:47:00.213 [FXGL Background Thread 1 ] DEBUG AssetLoaderService   - Loading from file system: /assets/textures/lighthouse.png
21:47:00.214 [FXGL Background Thread 1 ] DEBUG AssetLoaderService   - Loading from file system: /assets/textures/greenhouse.png
21:47:00.215 [FXGL Background Thread 1 ] DEBUG AssetLoaderService   - Loading from file system: /assets/textures/bluehouse.png
21:47:00.216 [FXGL Background Thread 1 ] DEBUG AssetLoaderService   - Loading from file system: /assets/textures/redhouse.png
21:47:00.216 [FXGL Background Thread 1 ] DEBUG AssetLoaderService   - Loading from cache: /assets/textures/redhouse.png
21:47:00.217 [FXGL Background Thread 1 ] DEBUG AssetLoaderService   - Loading from cache: /assets/textures/bluehouse.png
21:47:00.217 [FXGL Background Thread 1 ] DEBUG AssetLoaderService   - Loading from cache: /assets/textures/bluehouse.png
21:47:00.218 [FXGL Background Thread 1 ] DEBUG AssetLoaderService   - Loading from cache: /assets/textures/redhouse.png
21:47:00.218 [FXGL Background Thread 1 ] DEBUG AssetLoaderService   - Loading from cache: /assets/textures/bluehouse.png
21:47:00.218 [FXGL Background Thread 1 ] DEBUG AssetLoaderService   - Loading from cache: /assets/textures/redhouse.png
21:47:00.218 [FXGL Background Thread 1 ] DEBUG AssetLoaderService   - Loading from cache: /assets/textures/lighthouse.png
21:47:00.218 [FXGL Background Thread 1 ] DEBUG AssetLoaderService   - Loading from cache: /assets/textures/greenhouse.png
21:47:00.220 [FXGL Background Thread 1 ] INFO  GameApplication      - Game initialization took: 0.288 sec
21:47:00.220 [JavaFX Application Thread] DEBUG Input                - Clearing active input actions
21:47:00.241 [JavaFX Application Thread] DEBUG WindowService        - Removing overlay from FXGLLoadingScene and adding to GameScene
21:47:00.242 [JavaFX Application Thread] DEBUG MainWindow           - FXGLLoadingScene -> GameScene
21:47:00.907 [JavaFX Application Thread] DEBUG MainWindow           - Push state: CustomPauseMenu
21:47:00.907 [JavaFX Application Thread] DEBUG Input                - Clearing active input actions
21:47:00.909 [JavaFX Application Thread] DEBUG WindowService        - Removing overlay from GameScene and adding to CustomPauseMenu
21:47:00.909 [JavaFX Application Thread] DEBUG MainWindow           - GameScene -> CustomPauseMenu
21:47:02.698 [FXGL Background Thread 2 ] DEBUG Engine               - Logging environment variables
21:47:02.698 [FXGL Background Thread 2 ] DEBUG Engine               - achievements: []
21:47:02.698 [FXGL Background Thread 2 ] DEBUG Engine               - language: ObjectProperty [value: ENGLISH]
21:47:02.698 [FXGL Background Thread 2 ] DEBUG Engine               - isCloseConfirmation: false
21:47:02.698 [FXGL Background Thread 2 ] DEBUG Engine               - isProfilingEnabled: false
21:47:02.698 [FXGL Background Thread 2 ] DEBUG Engine               - soundNotification: core/notification.wav
21:47:02.698 [FXGL Background Thread 2 ] DEBUG Engine               - devShowBBoxProperty: BooleanProperty [value: false]
21:47:02.698 [FXGL Background Thread 2 ] DEBUG Engine               - pixelsPerMeter: 50.0
21:47:02.698 [FXGL Background Thread 2 ] DEBUG Engine               - appIcon: fxgl_icon.png
21:47:02.698 [FXGL Background Thread 2 ] DEBUG Engine               - soundMenuBack: menu/back.wav
21:47:02.698 [FXGL Background Thread 2 ] DEBUG Engine               - isFullScreenAllowed: false
21:47:02.699 [FXGL Background Thread 2 ] DEBUG Engine               - isIntroEnabled: false
21:47:02.699 [FXGL Background Thread 2 ] DEBUG Engine               - fontMono: lucida_console.ttf
21:47:02.699 [FXGL Background Thread 2 ] DEBUG Engine               - soundMenuSelect: menu/select.wav
21:47:02.699 [FXGL Background Thread 2 ] DEBUG Engine               - isWindows: true
21:47:02.699 [FXGL Background Thread 2 ] DEBUG Engine               - isMobile: false
21:47:02.699 [FXGL Background Thread 2 ] DEBUG Engine               - isUserProfileEnabled: false
21:47:02.699 [FXGL Background Thread 2 ] DEBUG Engine               - height: 640
21:47:02.699 [FXGL Background Thread 2 ] DEBUG Engine               - isExperimentalNative: false
21:47:02.699 [FXGL Background Thread 2 ] DEBUG Engine               - settings: Title: FriendMaker2077
Version: 0.1
Width: 640
Height: 640
Fullscreen: false
Intro: false
Menus: false
Profiling: false
Single step:false
App Mode: DEVELOPER
Menu Key: ESCAPE
Stage Style: DECORATED
Scene Factory: class ui.MenuFactory

21:47:02.699 [FXGL Background Thread 2 ] DEBUG Engine               - isSingleStep: false
21:47:02.699 [FXGL Background Thread 2 ] DEBUG Engine               - cSSList: [fxgl_dark.css]
21:47:02.699 [FXGL Background Thread 2 ] DEBUG Engine               - fontGame: Abel-Regular.ttf
21:47:02.699 [FXGL Background Thread 2 ] DEBUG Engine               - menuKey: ESCAPE
21:47:02.699 [FXGL Background Thread 2 ] DEBUG Engine               - devShowPositionProperty: BooleanProperty [value: false]
21:47:02.700 [FXGL Background Thread 2 ] DEBUG Engine               - versionCheckDays: 7
21:47:02.700 [FXGL Background Thread 2 ] DEBUG Engine               - configClass: Optional.empty
21:47:02.700 [FXGL Background Thread 2 ] DEBUG Engine               - isFullScreenFromStart: false
21:47:02.700 [FXGL Background Thread 2 ] DEBUG Engine               - version: 0.1
21:47:02.700 [FXGL Background Thread 2 ] DEBUG Engine               - fullScreen: BooleanProperty [value: false]
21:47:02.700 [FXGL Background Thread 2 ] DEBUG Engine               - randomSeed: -1
21:47:02.700 [FXGL Background Thread 2 ] DEBUG Engine               - gameDifficultyProperty: ObjectProperty [value: MEDIUM]
21:47:02.700 [FXGL Background Thread 2 ] DEBUG Engine               - applicationMode: DEVELOPER
21:47:02.700 [FXGL Background Thread 2 ] DEBUG Engine               - isMac: false
21:47:02.700 [FXGL Background Thread 2 ] DEBUG Engine               - isMenuEnabled: false
21:47:02.700 [FXGL Background Thread 2 ] DEBUG Engine               - urlPOM: https://raw.githubusercontent.com/AlmasB/FXGL/master/pom.xml
21:47:02.700 [FXGL Background Thread 2 ] DEBUG Engine               - profileName: StringProperty [value: DEFAULT]
21:47:02.700 [FXGL Background Thread 2 ] DEBUG Engine               - notificationViewClass: class com.almasb.fxgl.notification.view.XboxNotificationView
21:47:02.700 [FXGL Background Thread 2 ] DEBUG Engine               - devSensorColorProperty: ObjectProperty [value: 0xffff00ff]
21:47:02.700 [FXGL Background Thread 2 ] DEBUG Engine               - sceneFactory: ui.MenuFactory@fb18ecd
21:47:02.700 [FXGL Background Thread 2 ] DEBUG Engine               - stageStyle: DECORATED
21:47:02.701 [FXGL Background Thread 2 ] DEBUG Engine               - isManualResizeEnabled: false
21:47:02.701 [FXGL Background Thread 2 ] DEBUG Engine               - title: FriendMaker2077
21:47:02.701 [FXGL Background Thread 2 ] DEBUG Engine               - platform: WINDOWS
21:47:02.701 [FXGL Background Thread 2 ] DEBUG Engine               - devBBoxColorProperty: ObjectProperty [value: 0xff0000ff]
21:47:02.701 [FXGL Background Thread 2 ] DEBUG Engine               - gameDifficulty: MEDIUM
21:47:02.701 [FXGL Background Thread 2 ] DEBUG Engine               - isDesktop: true
21:47:02.701 [FXGL Background Thread 2 ] DEBUG Engine               - supportedLanguages: [ENGLISH, FRENCH, GERMAN, HUNGARIAN, RUSSIAN]
21:47:02.701 [FXGL Background Thread 2 ] DEBUG Engine               - credits: []
21:47:02.701 [FXGL Background Thread 2 ] DEBUG Engine               - globalMusicVolumeProperty: DoubleProperty [value: 0.5]
21:47:02.701 [FXGL Background Thread 2 ] DEBUG Engine               - isPreserveResizeRatio: false
21:47:02.701 [FXGL Background Thread 2 ] DEBUG Engine               - fontText: Courier-Prime.ttf
21:47:02.701 [FXGL Background Thread 2 ] DEBUG Engine               - isExperimentalTiledLargeMap: false
21:47:02.701 [FXGL Background Thread 2 ] DEBUG Engine               - secondsIn24h: 60
21:47:02.701 [FXGL Background Thread 2 ] DEBUG Engine               - runtimeInfo: RuntimeInfo(platform=WINDOWS, version=11.8, build=08.03.2020 09.25)
21:47:02.701 [FXGL Background Thread 2 ] DEBUG Engine               - isLinux: false
21:47:02.701 [FXGL Background Thread 2 ] DEBUG Engine               - soundMenuPress: menu/press.wav
21:47:02.702 [FXGL Background Thread 2 ] DEBUG Engine               - urlGithub: https://github.com/AlmasB/FXGL
21:47:02.702 [FXGL Background Thread 2 ] DEBUG Engine               - profileDir: profiles/
21:47:02.702 [FXGL Background Thread 2 ] DEBUG Engine               - isDeveloperMenuEnabled: false
21:47:02.702 [FXGL Background Thread 2 ] DEBUG Engine               - globalSoundVolumeProperty: DoubleProperty [value: 0.5]
21:47:02.702 [FXGL Background Thread 2 ] DEBUG Engine               - mainWindow: com.almasb.fxgl.app.MainWindow@b8e0be3
21:47:02.702 [FXGL Background Thread 2 ] DEBUG Engine               - isBrowser: false
21:47:02.702 [FXGL Background Thread 2 ] DEBUG Engine               - globalSoundVolume: 0.5
21:47:02.702 [FXGL Background Thread 2 ] DEBUG Engine               - urlLeaderboard: http://fxgl-top.herokuapp.com/
21:47:02.702 [FXGL Background Thread 2 ] DEBUG Engine               - engineServices: [class com.almasb.fxgl.app.GameApplication$GameApplicationService, class com.almasb.fxgl.app.services.WindowService, class com.almasb.fxgl.app.services.FXGLDialogService, class com.almasb.fxgl.app.services.IOTaskExecutorService, class com.almasb.fxgl.event.EventBusService, class com.almasb.fxgl.io.FileSystemService, class com.almasb.fxgl.localization.LocalizationService, class com.almasb.fxgl.app.services.AssetLoaderService, class com.almasb.fxgl.app.services.SystemBundleService, class com.almasb.fxgl.profile.SaveLoadService, class com.almasb.fxgl.ui.FXGLUIFactoryServiceProvider, class com.almasb.fxgl.ui.FXGLDialogFactoryServiceProvider, class com.almasb.fxgl.audio.AudioPlayer, class com.almasb.fxgl.notification.impl.NotificationServiceProvider, class com.almasb.fxgl.achievement.AchievementService, class com.almasb.fxgl.cutscene.CutsceneService, class com.almasb.fxgl.minigames.MiniGameService, class com.almasb.fxgl.net.NetService, class com.almasb.fxgl.app.services.UpdaterService]
21:47:02.702 [FXGL Background Thread 2 ] DEBUG Engine               - globalMusicVolume: 0.5
21:47:02.702 [FXGL Background Thread 2 ] DEBUG Engine               - width: 640
21:47:02.702 [FXGL Background Thread 2 ] DEBUG Engine               - saveFileExt: sav
21:47:02.702 [FXGL Background Thread 2 ] DEBUG Engine               - isAndroid: false
21:47:02.702 [FXGL Background Thread 2 ] DEBUG Engine               - fontUI: VarelaRound-Regular.ttf
21:47:02.702 [FXGL Background Thread 2 ] DEBUG Engine               - enabledMenuItems: [SAVE_LOAD, EXTRA, ONLINE]
21:47:02.703 [FXGL Background Thread 2 ] DEBUG Engine               - isIOS: false
21:47:02.703 [FXGL Background Thread 2 ] DEBUG Engine               - Logging services
21:47:02.703 [FXGL Background Thread 2 ] DEBUG Engine               - class com.almasb.fxgl.app.GameApplication$GameApplicationService
21:47:02.703 [FXGL Background Thread 2 ] DEBUG Engine               - class com.almasb.fxgl.app.services.WindowService
21:47:02.703 [FXGL Background Thread 2 ] DEBUG Engine               - class com.almasb.fxgl.app.services.FXGLDialogService
21:47:02.703 [FXGL Background Thread 2 ] DEBUG Engine               - class com.almasb.fxgl.app.services.IOTaskExecutorService
21:47:02.703 [FXGL Background Thread 2 ] DEBUG Engine               - class com.almasb.fxgl.event.EventBusService
21:47:02.703 [FXGL Background Thread 2 ] DEBUG Engine               - class com.almasb.fxgl.io.FileSystemService
21:47:02.703 [FXGL Background Thread 2 ] DEBUG Engine               - class com.almasb.fxgl.localization.LocalizationService
21:47:02.703 [FXGL Background Thread 2 ] DEBUG Engine               - class com.almasb.fxgl.app.services.AssetLoaderService
21:47:02.703 [FXGL Background Thread 2 ] DEBUG Engine               - class com.almasb.fxgl.app.services.SystemBundleService
21:47:02.703 [FXGL Background Thread 2 ] DEBUG Engine               - class com.almasb.fxgl.profile.SaveLoadService
21:47:02.703 [FXGL Background Thread 2 ] DEBUG Engine               - class com.almasb.fxgl.ui.FXGLUIFactoryServiceProvider
21:47:02.703 [FXGL Background Thread 2 ] DEBUG Engine               - class com.almasb.fxgl.ui.FXGLDialogFactoryServiceProvider
21:47:02.703 [FXGL Background Thread 2 ] DEBUG Engine               - class com.almasb.fxgl.audio.AudioPlayer
21:47:02.703 [FXGL Background Thread 2 ] DEBUG Engine               - class com.almasb.fxgl.notification.impl.NotificationServiceProvider
21:47:02.703 [FXGL Background Thread 2 ] DEBUG Engine               - class com.almasb.fxgl.achievement.AchievementService
21:47:02.703 [FXGL Background Thread 2 ] DEBUG Engine               - class com.almasb.fxgl.cutscene.CutsceneService
21:47:02.703 [FXGL Background Thread 2 ] DEBUG Engine               - class com.almasb.fxgl.minigames.MiniGameService
21:47:02.704 [FXGL Background Thread 2 ] DEBUG Engine               - class com.almasb.fxgl.net.NetService
21:47:02.704 [FXGL Background Thread 2 ] DEBUG Engine               - class com.almasb.fxgl.app.services.UpdaterService
21:47:07.567 [JavaFX Application Thread] DEBUG GameApplication      - Exiting FXGL
21:47:07.567 [JavaFX Application Thread] DEBUG LoopRunner           - Stopping loop
21:47:07.567 [JavaFX Application Thread] DEBUG SystemBundleService  - Saving FXGL system data
21:47:07.568 [JavaFX Application Thread] DEBUG FileSystemAccess     - Writing to: C:\Users\Adam Cunard\git\FriendMaker2077-07-03\Project\system\fxgl.bundle
21:47:07.569 [JavaFX Application Thread] DEBUG GameApplication      - Shutting down background threads
21:47:07.569 [JavaFX Application Thread] DEBUG GameApplication      - Closing logger and exiting JavaFX
