17:26:51.984 [main                     ] DEBUG GameApplication      - Logger initialized
17:26:51.996 [main                     ] DEBUG GameApplication      - Logging settings
Title: FriendMaker2077
Version: 0.1
Width: 640
Height: 640
Fullscreen: false
Intro: false
Menus: false
Profiling: false
Single step:false
App Mode: DEVELOPER
Menu Key: ESCAPE
Stage Style: DECORATED
Scene Factory: class ui.MenuFactory

17:26:52.263 [JavaFX Application Thread] DEBUG GameApplication      - Initializing FXGL
17:26:52.268 [JavaFX Application Thread] INFO  Engine               - FXGL-11.8 (08.03.2020 09.25) on WINDOWS (J:13.0.2 FX:13.0.2)
17:26:52.268 [JavaFX Application Thread] INFO  Engine               - Source code and latest versions at: https://github.com/AlmasB/FXGL
17:26:52.269 [JavaFX Application Thread] INFO  Engine               -              Join the FXGL chat at: https://gitter.im/AlmasB/FXGL
17:26:52.335 [JavaFX Application Thread] DEBUG MainWindow           - Creating a JavaFX scene
17:26:52.364 [JavaFX Application Thread] DEBUG MainWindow           - Target settings size: 640.0 x 640.0
17:26:52.364 [JavaFX Application Thread] DEBUG MainWindow           - Scaled scene size:    640.0 x 640.0
17:26:52.364 [JavaFX Application Thread] DEBUG MainWindow           - Scaled ratio: (1.0, 1.0)
17:26:52.365 [JavaFX Application Thread] DEBUG MainWindow           - Set initial scene to FXGLStartupScene
17:26:52.368 [JavaFX Application Thread] DEBUG MainWindow           - Opening main window
17:26:52.433 [JavaFX Application Thread] DEBUG MainWindow           - Window border size: (16.0, 39.0)
17:26:52.433 [JavaFX Application Thread] DEBUG MainWindow           - Scaled size: 640.0 x 640.0
17:26:52.433 [JavaFX Application Thread] DEBUG MainWindow           - Scaled ratio: (1.0, 1.0)
17:26:52.434 [JavaFX Application Thread] DEBUG MainWindow           - Scene size: 640.0 x 640.0
17:26:52.434 [JavaFX Application Thread] DEBUG MainWindow           - Stage size: 656.0 x 679.0
17:26:52.440 [FXGL Background Thread 1 ] DEBUG Engine               - Initializing environment variables
17:26:52.455 [FXGL Background Thread 1 ] DEBUG WindowService        - Applying CSS: fxgl_dark.css
17:26:52.456 [FXGL Background Thread 1 ] DEBUG AssetLoaderService   - Loading from file system: /assets/ui/css/fxgl_dark.css
17:26:52.483 [FXGL Background Thread 1 ] DEBUG WindowService        - Initializing application scenes
17:26:52.502 [FXGL Background Thread 1 ] DEBUG GameWorld            - Game world initialized
17:26:52.523 [FXGL Background Thread 1 ] DEBUG PhysicsWorld         - Physics world initialized: appHeight=640, physics.ppm=50.0
17:26:52.524 [FXGL Background Thread 1 ] DEBUG GameScene            - Game scene initialized: 640x640
17:26:52.529 [FXGL Background Thread 1 ] DEBUG Input                - Registered new binding: Resume - Esc
17:26:52.537 [FXGL Background Thread 1 ] DEBUG Input                - Registered new binding: Pause - Esc
17:26:52.538 [FXGL Background Thread 1 ] DEBUG WindowService        - Application scenes initialized
17:26:52.544 [FXGL Background Thread 1 ] DEBUG SystemBundleService  - Loading FXGL system data
17:26:52.547 [FXGL Background Thread 1 ] DEBUG FileSystemAccess     - Reading from: C:\Users\Adam Cunard\git\FriendMaker2077-07-03\Project\system\fxgl.bundle
17:26:52.551 [FXGL Background Thread 1 ] DEBUG SystemBundleService  - Bundle FXGL: {}
17:26:52.551 [FXGL Background Thread 1 ] INFO  Engine               - FXGL initialization took: 0.110 sec
17:26:52.552 [FXGL Background Thread 1 ] DEBUG GameApplication      - Loading localizations
17:26:52.553 [FXGL Background Thread 1 ] DEBUG AssetLoaderService   - Loading from file system: /assets/properties/languages/english.properties
17:26:52.554 [FXGL Background Thread 1 ] DEBUG AssetLoaderService   - Loading from file system: /assets/properties/languages/french.properties
17:26:52.555 [FXGL Background Thread 1 ] DEBUG AssetLoaderService   - Loading from file system: /assets/properties/languages/german.properties
17:26:52.555 [FXGL Background Thread 1 ] DEBUG AssetLoaderService   - Loading from file system: /assets/properties/languages/hungarian.properties
17:26:52.556 [FXGL Background Thread 1 ] DEBUG AssetLoaderService   - Loading from file system: /assets/properties/languages/russian.properties
17:26:52.557 [FXGL Background Thread 1 ] DEBUG GameApplication      - Registering font factories with UI factory
17:26:52.557 [FXGL Background Thread 1 ] DEBUG AssetLoaderService   - Loading from file system: /assets/ui/fonts/VarelaRound-Regular.ttf
17:26:52.703 [FXGL Background Thread 1 ] DEBUG AssetLoaderService   - Loading from file system: /assets/ui/fonts/Abel-Regular.ttf
17:26:52.709 [FXGL Background Thread 1 ] DEBUG AssetLoaderService   - Loading from file system: /assets/ui/fonts/lucida_console.ttf
17:26:52.717 [FXGL Background Thread 1 ] DEBUG AssetLoaderService   - Loading from file system: /assets/ui/fonts/Courier-Prime.ttf
17:26:52.725 [JavaFX Application Thread] DEBUG Input                - Registered new binding: Move Right - D
17:26:52.725 [JavaFX Application Thread] DEBUG Input                - Registered new binding: Move Left - A
17:26:52.725 [JavaFX Application Thread] DEBUG Input                - Registered new binding: Move Up - W
17:26:52.725 [JavaFX Application Thread] DEBUG Input                - Registered new binding: Move Down - S
17:26:52.725 [JavaFX Application Thread] DEBUG Input                - Registered new binding: Play Sound - F
17:26:52.725 [JavaFX Application Thread] DEBUG AssetLoaderService   - Loading from file system: /assets/textures/fxgl_icon.png
17:26:52.749 [JavaFX Application Thread] DEBUG AssetLoaderService   - Loading from file system: /assets/ui/cursors/fxgl_default.png
17:26:52.751 [JavaFX Application Thread] DEBUG Input                - Registered new binding: Screenshot - P
17:26:52.751 [JavaFX Application Thread] DEBUG Input                - Registered new binding: System info dump - CTRL+9
17:26:52.752 [JavaFX Application Thread] DEBUG Input                - Registered new binding: Restart - CTRL+R
17:26:52.752 [JavaFX Application Thread] DEBUG LoopRunner           - Starting loop
17:26:52.767 [JavaFX Application Thread] DEBUG FXGLStartupScene     - STARTUP
17:26:52.767 [JavaFX Application Thread] DEBUG WindowService        - Starting new game
17:26:52.768 [JavaFX Application Thread] DEBUG Input                - Clearing active input actions
17:26:52.776 [JavaFX Application Thread] DEBUG WindowService        - Removing overlay from FXGLStartupScene and adding to FXGLLoadingScene
17:26:52.776 [JavaFX Application Thread] DEBUG MainWindow           - FXGLStartupScene -> FXGLLoadingScene
17:26:52.776 [JavaFX Application Thread] DEBUG WindowService        - Clearing previous game
17:26:52.776 [JavaFX Application Thread] DEBUG GameScene            - Clearing game scene
17:26:52.776 [JavaFX Application Thread] DEBUG GameWorld            - Clearing game world
17:26:52.776 [JavaFX Application Thread] DEBUG PhysicsWorld         - Clearing physics world
17:26:52.777 [FXGL Background Thread 1 ] DEBUG GameApplication      - Initializing game
17:26:52.783 [FXGL Background Thread 1 ] DEBUG AssetLoaderService   - Loading from file system: /assets/music/soundtrack.wav
17:26:52.886 [FXGL Background Thread 1 ] DEBUG AudioPlayer          - Playing music com.almasb.fxgl.audio.Music@52c70bb4
17:26:52.889 [FXGL Background Thread 1 ] DEBUG AssetLoaderService   - Loading from file system: /assets/textures/Room.png
17:26:52.905 [FXGL Background Thread 1 ] DEBUG AssetLoaderService   - Loading from cache: /assets/textures/Room.png
17:26:52.906 [FXGL Background Thread 1 ] DEBUG AssetLoaderService   - Loading from file system: /assets/textures/EmptyMap.png
17:26:53.027 [FXGL Background Thread 1 ] DEBUG AssetLoaderService   - Loading from file system: /assets/textures/player.png
17:26:53.028 [FXGL Background Thread 1 ] DEBUG AssetLoaderService   - Loading from cache: /assets/textures/player.png
17:26:53.029 [FXGL Background Thread 1 ] DEBUG AssetLoaderService   - Loading from cache: /assets/textures/player.png
17:26:53.029 [FXGL Background Thread 1 ] DEBUG AssetLoaderService   - Loading from cache: /assets/textures/player.png
17:26:53.029 [FXGL Background Thread 1 ] DEBUG AssetLoaderService   - Loading from cache: /assets/textures/player.png
17:26:53.029 [FXGL Background Thread 1 ] DEBUG AssetLoaderService   - Loading from cache: /assets/textures/player.png
17:26:53.029 [FXGL Background Thread 1 ] DEBUG AssetLoaderService   - Loading from file system: /assets/textures/bbox.png
17:26:53.032 [FXGL Background Thread 1 ] DEBUG AssetLoaderService   - Loading from file system: /assets/textures/froggysprite.png
17:26:53.033 [FXGL Background Thread 1 ] DEBUG AssetLoaderService   - Loading from cache: /assets/textures/froggysprite.png
17:26:53.033 [FXGL Background Thread 1 ] DEBUG AssetLoaderService   - Loading from cache: /assets/textures/froggysprite.png
17:26:53.033 [FXGL Background Thread 1 ] DEBUG AssetLoaderService   - Loading from cache: /assets/textures/bbox.png
17:26:53.034 [FXGL Background Thread 1 ] DEBUG AssetLoaderService   - Loading from file system: /assets/textures/bush.png
17:26:53.035 [FXGL Background Thread 1 ] DEBUG AssetLoaderService   - Loading from cache: /assets/textures/bush.png
17:26:53.036 [FXGL Background Thread 1 ] DEBUG AssetLoaderService   - Loading from file system: /assets/textures/rock.png
17:26:53.037 [FXGL Background Thread 1 ] DEBUG AssetLoaderService   - Loading from cache: /assets/textures/rock.png
17:26:53.037 [FXGL Background Thread 1 ] DEBUG AssetLoaderService   - Loading from file system: /assets/textures/tree.png
17:26:53.038 [FXGL Background Thread 1 ] DEBUG AssetLoaderService   - Loading from cache: /assets/textures/bush.png
17:26:53.039 [FXGL Background Thread 1 ] DEBUG AssetLoaderService   - Loading from cache: /assets/textures/tree.png
17:26:53.040 [FXGL Background Thread 1 ] DEBUG AssetLoaderService   - Loading from cache: /assets/textures/bush.png
17:26:53.041 [FXGL Background Thread 1 ] DEBUG AssetLoaderService   - Loading from file system: /assets/textures/appletree.png
17:26:53.042 [FXGL Background Thread 1 ] DEBUG AssetLoaderService   - Loading from cache: /assets/textures/bush.png
17:26:53.042 [FXGL Background Thread 1 ] DEBUG AssetLoaderService   - Loading from cache: /assets/textures/tree.png
17:26:53.043 [FXGL Background Thread 1 ] DEBUG AssetLoaderService   - Loading from cache: /assets/textures/bush.png
17:26:53.043 [FXGL Background Thread 1 ] DEBUG AssetLoaderService   - Loading from cache: /assets/textures/appletree.png
17:26:53.044 [FXGL Background Thread 1 ] DEBUG AssetLoaderService   - Loading from cache: /assets/textures/bush.png
17:26:53.044 [FXGL Background Thread 1 ] DEBUG AssetLoaderService   - Loading from cache: /assets/textures/appletree.png
17:26:53.045 [FXGL Background Thread 1 ] DEBUG AssetLoaderService   - Loading from cache: /assets/textures/bush.png
17:26:53.045 [FXGL Background Thread 1 ] DEBUG AssetLoaderService   - Loading from cache: /assets/textures/tree.png
17:26:53.046 [FXGL Background Thread 1 ] DEBUG AssetLoaderService   - Loading from cache: /assets/textures/bush.png
17:26:53.046 [FXGL Background Thread 1 ] DEBUG AssetLoaderService   - Loading from cache: /assets/textures/tree.png
17:26:53.047 [FXGL Background Thread 1 ] DEBUG AssetLoaderService   - Loading from cache: /assets/textures/bush.png
17:26:53.047 [FXGL Background Thread 1 ] DEBUG AssetLoaderService   - Loading from cache: /assets/textures/tree.png
17:26:53.047 [FXGL Background Thread 1 ] DEBUG AssetLoaderService   - Loading from cache: /assets/textures/bush.png
17:26:53.048 [FXGL Background Thread 1 ] DEBUG AssetLoaderService   - Loading from cache: /assets/textures/bush.png
17:26:53.048 [FXGL Background Thread 1 ] DEBUG AssetLoaderService   - Loading from cache: /assets/textures/tree.png
17:26:53.049 [FXGL Background Thread 1 ] DEBUG AssetLoaderService   - Loading from cache: /assets/textures/tree.png
17:26:53.049 [FXGL Background Thread 1 ] DEBUG AssetLoaderService   - Loading from cache: /assets/textures/tree.png
17:26:53.049 [FXGL Background Thread 1 ] DEBUG AssetLoaderService   - Loading from cache: /assets/textures/bush.png
17:26:53.050 [FXGL Background Thread 1 ] DEBUG AssetLoaderService   - Loading from cache: /assets/textures/tree.png
17:26:53.050 [FXGL Background Thread 1 ] DEBUG AssetLoaderService   - Loading from cache: /assets/textures/bush.png
17:26:53.051 [FXGL Background Thread 1 ] DEBUG AssetLoaderService   - Loading from cache: /assets/textures/appletree.png
17:26:53.051 [FXGL Background Thread 1 ] DEBUG AssetLoaderService   - Loading from cache: /assets/textures/bush.png
17:26:53.052 [FXGL Background Thread 1 ] DEBUG AssetLoaderService   - Loading from cache: /assets/textures/tree.png
17:26:53.052 [FXGL Background Thread 1 ] DEBUG AssetLoaderService   - Loading from cache: /assets/textures/bush.png
17:26:53.053 [FXGL Background Thread 1 ] DEBUG AssetLoaderService   - Loading from cache: /assets/textures/appletree.png
17:26:53.053 [FXGL Background Thread 1 ] DEBUG AssetLoaderService   - Loading from cache: /assets/textures/bush.png
17:26:53.054 [FXGL Background Thread 1 ] DEBUG AssetLoaderService   - Loading from cache: /assets/textures/appletree.png
17:26:53.054 [FXGL Background Thread 1 ] DEBUG AssetLoaderService   - Loading from cache: /assets/textures/appletree.png
17:26:53.054 [FXGL Background Thread 1 ] DEBUG AssetLoaderService   - Loading from cache: /assets/textures/appletree.png
17:26:53.055 [FXGL Background Thread 1 ] DEBUG AssetLoaderService   - Loading from cache: /assets/textures/appletree.png
17:26:53.055 [FXGL Background Thread 1 ] DEBUG AssetLoaderService   - Loading from cache: /assets/textures/appletree.png
17:26:53.056 [FXGL Background Thread 1 ] DEBUG AssetLoaderService   - Loading from cache: /assets/textures/tree.png
17:26:53.057 [FXGL Background Thread 1 ] DEBUG AssetLoaderService   - Loading from cache: /assets/textures/tree.png
17:26:53.058 [FXGL Background Thread 1 ] DEBUG AssetLoaderService   - Loading from cache: /assets/textures/appletree.png
17:26:53.058 [FXGL Background Thread 1 ] DEBUG AssetLoaderService   - Loading from cache: /assets/textures/bush.png
17:26:53.058 [FXGL Background Thread 1 ] DEBUG AssetLoaderService   - Loading from cache: /assets/textures/appletree.png
17:26:53.059 [FXGL Background Thread 1 ] DEBUG AssetLoaderService   - Loading from cache: /assets/textures/bush.png
17:26:53.060 [FXGL Background Thread 1 ] DEBUG AssetLoaderService   - Loading from cache: /assets/textures/rock.png
17:26:53.060 [FXGL Background Thread 1 ] DEBUG AssetLoaderService   - Loading from cache: /assets/textures/tree.png
17:26:53.060 [FXGL Background Thread 1 ] DEBUG AssetLoaderService   - Loading from cache: /assets/textures/rock.png
17:26:53.061 [FXGL Background Thread 1 ] DEBUG AssetLoaderService   - Loading from cache: /assets/textures/appletree.png
17:26:53.061 [FXGL Background Thread 1 ] DEBUG AssetLoaderService   - Loading from cache: /assets/textures/appletree.png
17:26:53.062 [FXGL Background Thread 1 ] DEBUG AssetLoaderService   - Loading from file system: /assets/textures/lighthouse.png
17:26:53.063 [FXGL Background Thread 1 ] DEBUG AssetLoaderService   - Loading from file system: /assets/textures/greenhouse.png
17:26:53.064 [FXGL Background Thread 1 ] DEBUG AssetLoaderService   - Loading from file system: /assets/textures/bluehouse.png
17:26:53.065 [FXGL Background Thread 1 ] DEBUG AssetLoaderService   - Loading from file system: /assets/textures/redhouse.png
17:26:53.066 [FXGL Background Thread 1 ] DEBUG AssetLoaderService   - Loading from cache: /assets/textures/redhouse.png
17:26:53.067 [FXGL Background Thread 1 ] DEBUG AssetLoaderService   - Loading from cache: /assets/textures/bluehouse.png
17:26:53.067 [FXGL Background Thread 1 ] DEBUG AssetLoaderService   - Loading from cache: /assets/textures/bluehouse.png
17:26:53.068 [FXGL Background Thread 1 ] DEBUG AssetLoaderService   - Loading from cache: /assets/textures/redhouse.png
17:26:53.068 [FXGL Background Thread 1 ] DEBUG AssetLoaderService   - Loading from cache: /assets/textures/bluehouse.png
17:26:53.069 [FXGL Background Thread 1 ] DEBUG AssetLoaderService   - Loading from cache: /assets/textures/redhouse.png
17:26:53.069 [FXGL Background Thread 1 ] DEBUG AssetLoaderService   - Loading from cache: /assets/textures/lighthouse.png
17:26:53.069 [FXGL Background Thread 1 ] DEBUG AssetLoaderService   - Loading from cache: /assets/textures/greenhouse.png
17:26:53.070 [FXGL Background Thread 1 ] INFO  GameApplication      - Game initialization took: 0.292 sec
17:26:53.074 [JavaFX Application Thread] DEBUG Input                - Clearing active input actions
17:26:53.094 [JavaFX Application Thread] DEBUG WindowService        - Removing overlay from FXGLLoadingScene and adding to GameScene
17:26:53.094 [JavaFX Application Thread] DEBUG MainWindow           - FXGLLoadingScene -> GameScene
17:26:53.529 [JavaFX Application Thread] DEBUG GameApplication      - Exiting FXGL
17:26:53.529 [JavaFX Application Thread] DEBUG LoopRunner           - Stopping loop
17:26:53.529 [JavaFX Application Thread] DEBUG SystemBundleService  - Saving FXGL system data
17:26:53.530 [JavaFX Application Thread] DEBUG FileSystemAccess     - Writing to: C:\Users\Adam Cunard\git\FriendMaker2077-07-03\Project\system\fxgl.bundle
17:26:53.531 [JavaFX Application Thread] DEBUG GameApplication      - Shutting down background threads
17:26:53.531 [JavaFX Application Thread] DEBUG GameApplication      - Closing logger and exiting JavaFX
