22:01:48.532 [main                     ] DEBUG GameApplication      - Logger initialized
22:01:48.542 [main                     ] DEBUG GameApplication      - Logging settings
Title: FriendMaker2077
Version: 0.1
Width: 640
Height: 640
Fullscreen: false
Intro: false
Menus: false
Profiling: false
Single step:false
App Mode: DEVELOPER
Menu Key: ESCAPE
Stage Style: DECORATED
Scene Factory: class ui.MenuFactory

22:01:48.815 [JavaFX Application Thread] DEBUG GameApplication      - Initializing FXGL
22:01:48.820 [JavaFX Application Thread] INFO  Engine               - FXGL-11.8 (08.03.2020 09.25) on WINDOWS (J:13.0.2 FX:13.0.2)
22:01:48.820 [JavaFX Application Thread] INFO  Engine               - Source code and latest versions at: https://github.com/AlmasB/FXGL
22:01:48.820 [JavaFX Application Thread] INFO  Engine               -              Join the FXGL chat at: https://gitter.im/AlmasB/FXGL
22:01:48.889 [JavaFX Application Thread] DEBUG MainWindow           - Creating a JavaFX scene
22:01:48.919 [JavaFX Application Thread] DEBUG MainWindow           - Target settings size: 640.0 x 640.0
22:01:48.919 [JavaFX Application Thread] DEBUG MainWindow           - Scaled scene size:    640.0 x 640.0
22:01:48.919 [JavaFX Application Thread] DEBUG MainWindow           - Scaled ratio: (1.0, 1.0)
22:01:48.920 [JavaFX Application Thread] DEBUG MainWindow           - Set initial scene to FXGLStartupScene
22:01:48.923 [JavaFX Application Thread] DEBUG MainWindow           - Opening main window
22:01:48.996 [JavaFX Application Thread] DEBUG MainWindow           - Window border size: (16.0, 39.0)
22:01:48.996 [JavaFX Application Thread] DEBUG MainWindow           - Scaled size: 640.0 x 640.0
22:01:48.996 [JavaFX Application Thread] DEBUG MainWindow           - Scaled ratio: (1.0, 1.0)
22:01:48.996 [JavaFX Application Thread] DEBUG MainWindow           - Scene size: 640.0 x 640.0
22:01:48.996 [JavaFX Application Thread] DEBUG MainWindow           - Stage size: 656.0 x 679.0
22:01:49.001 [FXGL Background Thread 1 ] DEBUG Engine               - Initializing environment variables
22:01:49.019 [FXGL Background Thread 1 ] DEBUG WindowService        - Applying CSS: fxgl_dark.css
22:01:49.019 [FXGL Background Thread 1 ] DEBUG AssetLoaderService   - Loading from file system: /assets/ui/css/fxgl_dark.css
22:01:49.045 [FXGL Background Thread 1 ] DEBUG WindowService        - Initializing application scenes
22:01:49.065 [FXGL Background Thread 1 ] DEBUG GameWorld            - Game world initialized
22:01:49.086 [FXGL Background Thread 1 ] DEBUG PhysicsWorld         - Physics world initialized: appHeight=640, physics.ppm=50.0
22:01:49.087 [FXGL Background Thread 1 ] DEBUG GameScene            - Game scene initialized: 640x640
22:01:49.091 [FXGL Background Thread 1 ] DEBUG Input                - Registered new binding: Resume - Esc
22:01:49.099 [FXGL Background Thread 1 ] DEBUG Input                - Registered new binding: Pause - Esc
22:01:49.099 [FXGL Background Thread 1 ] DEBUG WindowService        - Application scenes initialized
22:01:49.105 [FXGL Background Thread 1 ] DEBUG SystemBundleService  - Loading FXGL system data
22:01:49.109 [FXGL Background Thread 1 ] DEBUG FileSystemAccess     - Reading from: C:\Users\Adam Cunard\git\FriendMaker2077-07-03\Project\system\fxgl.bundle
22:01:49.113 [FXGL Background Thread 1 ] DEBUG SystemBundleService  - Bundle FXGL: {}
22:01:49.114 [FXGL Background Thread 1 ] INFO  Engine               - FXGL initialization took: 0.111 sec
22:01:49.115 [FXGL Background Thread 1 ] DEBUG GameApplication      - Loading localizations
22:01:49.115 [FXGL Background Thread 1 ] DEBUG AssetLoaderService   - Loading from file system: /assets/properties/languages/english.properties
22:01:49.116 [FXGL Background Thread 1 ] DEBUG AssetLoaderService   - Loading from file system: /assets/properties/languages/french.properties
22:01:49.117 [FXGL Background Thread 1 ] DEBUG AssetLoaderService   - Loading from file system: /assets/properties/languages/german.properties
22:01:49.118 [FXGL Background Thread 1 ] DEBUG AssetLoaderService   - Loading from file system: /assets/properties/languages/hungarian.properties
22:01:49.119 [FXGL Background Thread 1 ] DEBUG AssetLoaderService   - Loading from file system: /assets/properties/languages/russian.properties
22:01:49.120 [FXGL Background Thread 1 ] DEBUG GameApplication      - Registering font factories with UI factory
22:01:49.120 [FXGL Background Thread 1 ] DEBUG AssetLoaderService   - Loading from file system: /assets/ui/fonts/VarelaRound-Regular.ttf
22:01:49.270 [FXGL Background Thread 1 ] DEBUG AssetLoaderService   - Loading from file system: /assets/ui/fonts/Abel-Regular.ttf
22:01:49.276 [FXGL Background Thread 1 ] DEBUG AssetLoaderService   - Loading from file system: /assets/ui/fonts/lucida_console.ttf
22:01:49.284 [FXGL Background Thread 1 ] DEBUG AssetLoaderService   - Loading from file system: /assets/ui/fonts/Courier-Prime.ttf
22:01:49.292 [JavaFX Application Thread] DEBUG Input                - Registered new binding: Move Right - D
22:01:49.292 [JavaFX Application Thread] DEBUG Input                - Registered new binding: Move Left - A
22:01:49.292 [JavaFX Application Thread] DEBUG Input                - Registered new binding: Move Up - W
22:01:49.292 [JavaFX Application Thread] DEBUG Input                - Registered new binding: Move Down - S
22:01:49.292 [JavaFX Application Thread] DEBUG Input                - Registered new binding: Play Sound - F
22:01:49.293 [JavaFX Application Thread] DEBUG AssetLoaderService   - Loading from file system: /assets/textures/fxgl_icon.png
22:01:49.318 [JavaFX Application Thread] DEBUG AssetLoaderService   - Loading from file system: /assets/ui/cursors/fxgl_default.png
22:01:49.320 [JavaFX Application Thread] DEBUG Input                - Registered new binding: Screenshot - P
22:01:49.320 [JavaFX Application Thread] DEBUG Input                - Registered new binding: System info dump - CTRL+9
22:01:49.321 [JavaFX Application Thread] DEBUG Input                - Registered new binding: Restart - CTRL+R
22:01:49.321 [JavaFX Application Thread] DEBUG LoopRunner           - Starting loop
22:01:49.336 [JavaFX Application Thread] DEBUG FXGLStartupScene     - STARTUP
22:01:49.336 [JavaFX Application Thread] DEBUG WindowService        - Starting new game
22:01:49.337 [JavaFX Application Thread] DEBUG Input                - Clearing active input actions
22:01:49.345 [JavaFX Application Thread] DEBUG WindowService        - Removing overlay from FXGLStartupScene and adding to FXGLLoadingScene
22:01:49.345 [JavaFX Application Thread] DEBUG MainWindow           - FXGLStartupScene -> FXGLLoadingScene
22:01:49.345 [JavaFX Application Thread] DEBUG WindowService        - Clearing previous game
22:01:49.345 [JavaFX Application Thread] DEBUG GameScene            - Clearing game scene
22:01:49.345 [JavaFX Application Thread] DEBUG GameWorld            - Clearing game world
22:01:49.345 [JavaFX Application Thread] DEBUG PhysicsWorld         - Clearing physics world
22:01:49.346 [FXGL Background Thread 1 ] DEBUG GameApplication      - Initializing game
22:01:49.352 [FXGL Background Thread 1 ] DEBUG AssetLoaderService   - Loading from file system: /assets/music/soundtrack.wav
22:01:49.450 [FXGL Background Thread 1 ] DEBUG AudioPlayer          - Playing music com.almasb.fxgl.audio.Music@2c830784
22:01:49.453 [FXGL Background Thread 1 ] DEBUG AssetLoaderService   - Loading from file system: /assets/textures/Room.png
22:01:49.472 [FXGL Background Thread 1 ] DEBUG AssetLoaderService   - Loading from cache: /assets/textures/Room.png
22:01:49.472 [FXGL Background Thread 1 ] DEBUG AssetLoaderService   - Loading from file system: /assets/textures/EmptyMap.png
22:01:49.595 [FXGL Background Thread 1 ] DEBUG AssetLoaderService   - Loading from file system: /assets/textures/player.png
22:01:49.597 [FXGL Background Thread 1 ] DEBUG AssetLoaderService   - Loading from cache: /assets/textures/player.png
22:01:49.597 [FXGL Background Thread 1 ] DEBUG AssetLoaderService   - Loading from cache: /assets/textures/player.png
22:01:49.597 [FXGL Background Thread 1 ] DEBUG AssetLoaderService   - Loading from cache: /assets/textures/player.png
22:01:49.597 [FXGL Background Thread 1 ] DEBUG AssetLoaderService   - Loading from cache: /assets/textures/player.png
22:01:49.597 [FXGL Background Thread 1 ] DEBUG AssetLoaderService   - Loading from cache: /assets/textures/player.png
22:01:49.597 [FXGL Background Thread 1 ] DEBUG AssetLoaderService   - Loading from file system: /assets/textures/bbox.png
22:01:49.600 [FXGL Background Thread 1 ] DEBUG AssetLoaderService   - Loading from file system: /assets/textures/froggysprite.png
22:01:49.601 [FXGL Background Thread 1 ] DEBUG AssetLoaderService   - Loading from cache: /assets/textures/froggysprite.png
22:01:49.601 [FXGL Background Thread 1 ] DEBUG AssetLoaderService   - Loading from cache: /assets/textures/froggysprite.png
22:01:49.601 [FXGL Background Thread 1 ] DEBUG AssetLoaderService   - Loading from cache: /assets/textures/bbox.png
22:01:49.602 [FXGL Background Thread 1 ] DEBUG AssetLoaderService   - Loading from file system: /assets/textures/bush.png
22:01:49.603 [FXGL Background Thread 1 ] DEBUG AssetLoaderService   - Loading from cache: /assets/textures/bush.png
22:01:49.604 [FXGL Background Thread 1 ] DEBUG AssetLoaderService   - Loading from file system: /assets/textures/rock.png
22:01:49.604 [FXGL Background Thread 1 ] DEBUG AssetLoaderService   - Loading from cache: /assets/textures/rock.png
22:01:49.605 [FXGL Background Thread 1 ] DEBUG AssetLoaderService   - Loading from file system: /assets/textures/tree.png
22:01:49.606 [FXGL Background Thread 1 ] DEBUG AssetLoaderService   - Loading from cache: /assets/textures/bush.png
22:01:49.607 [FXGL Background Thread 1 ] DEBUG AssetLoaderService   - Loading from cache: /assets/textures/tree.png
22:01:49.608 [FXGL Background Thread 1 ] DEBUG AssetLoaderService   - Loading from cache: /assets/textures/bush.png
22:01:49.609 [FXGL Background Thread 1 ] DEBUG AssetLoaderService   - Loading from file system: /assets/textures/appletree.png
22:01:49.610 [FXGL Background Thread 1 ] DEBUG AssetLoaderService   - Loading from cache: /assets/textures/bush.png
22:01:49.610 [FXGL Background Thread 1 ] DEBUG AssetLoaderService   - Loading from cache: /assets/textures/tree.png
22:01:49.611 [FXGL Background Thread 1 ] DEBUG AssetLoaderService   - Loading from cache: /assets/textures/bush.png
22:01:49.611 [FXGL Background Thread 1 ] DEBUG AssetLoaderService   - Loading from cache: /assets/textures/appletree.png
22:01:49.611 [FXGL Background Thread 1 ] DEBUG AssetLoaderService   - Loading from cache: /assets/textures/bush.png
22:01:49.612 [FXGL Background Thread 1 ] DEBUG AssetLoaderService   - Loading from cache: /assets/textures/appletree.png
22:01:49.612 [FXGL Background Thread 1 ] DEBUG AssetLoaderService   - Loading from cache: /assets/textures/bush.png
22:01:49.613 [FXGL Background Thread 1 ] DEBUG AssetLoaderService   - Loading from cache: /assets/textures/tree.png
22:01:49.613 [FXGL Background Thread 1 ] DEBUG AssetLoaderService   - Loading from cache: /assets/textures/bush.png
22:01:49.613 [FXGL Background Thread 1 ] DEBUG AssetLoaderService   - Loading from cache: /assets/textures/tree.png
22:01:49.614 [FXGL Background Thread 1 ] DEBUG AssetLoaderService   - Loading from cache: /assets/textures/bush.png
22:01:49.614 [FXGL Background Thread 1 ] DEBUG AssetLoaderService   - Loading from cache: /assets/textures/tree.png
22:01:49.615 [FXGL Background Thread 1 ] DEBUG AssetLoaderService   - Loading from cache: /assets/textures/bush.png
22:01:49.615 [FXGL Background Thread 1 ] DEBUG AssetLoaderService   - Loading from cache: /assets/textures/bush.png
22:01:49.616 [FXGL Background Thread 1 ] DEBUG AssetLoaderService   - Loading from cache: /assets/textures/tree.png
22:01:49.616 [FXGL Background Thread 1 ] DEBUG AssetLoaderService   - Loading from cache: /assets/textures/tree.png
22:01:49.616 [FXGL Background Thread 1 ] DEBUG AssetLoaderService   - Loading from cache: /assets/textures/tree.png
22:01:49.617 [FXGL Background Thread 1 ] DEBUG AssetLoaderService   - Loading from cache: /assets/textures/bush.png
22:01:49.617 [FXGL Background Thread 1 ] DEBUG AssetLoaderService   - Loading from cache: /assets/textures/tree.png
22:01:49.618 [FXGL Background Thread 1 ] DEBUG AssetLoaderService   - Loading from cache: /assets/textures/bush.png
22:01:49.618 [FXGL Background Thread 1 ] DEBUG AssetLoaderService   - Loading from cache: /assets/textures/appletree.png
22:01:49.618 [FXGL Background Thread 1 ] DEBUG AssetLoaderService   - Loading from cache: /assets/textures/bush.png
22:01:49.619 [FXGL Background Thread 1 ] DEBUG AssetLoaderService   - Loading from cache: /assets/textures/tree.png
22:01:49.619 [FXGL Background Thread 1 ] DEBUG AssetLoaderService   - Loading from cache: /assets/textures/bush.png
22:01:49.620 [FXGL Background Thread 1 ] DEBUG AssetLoaderService   - Loading from cache: /assets/textures/appletree.png
22:01:49.620 [FXGL Background Thread 1 ] DEBUG AssetLoaderService   - Loading from cache: /assets/textures/bush.png
22:01:49.621 [FXGL Background Thread 1 ] DEBUG AssetLoaderService   - Loading from cache: /assets/textures/appletree.png
22:01:49.621 [FXGL Background Thread 1 ] DEBUG AssetLoaderService   - Loading from cache: /assets/textures/appletree.png
22:01:49.621 [FXGL Background Thread 1 ] DEBUG AssetLoaderService   - Loading from cache: /assets/textures/appletree.png
22:01:49.622 [FXGL Background Thread 1 ] DEBUG AssetLoaderService   - Loading from cache: /assets/textures/appletree.png
22:01:49.622 [FXGL Background Thread 1 ] DEBUG AssetLoaderService   - Loading from cache: /assets/textures/appletree.png
22:01:49.623 [FXGL Background Thread 1 ] DEBUG AssetLoaderService   - Loading from cache: /assets/textures/tree.png
22:01:49.623 [FXGL Background Thread 1 ] DEBUG AssetLoaderService   - Loading from cache: /assets/textures/tree.png
22:01:49.624 [FXGL Background Thread 1 ] DEBUG AssetLoaderService   - Loading from cache: /assets/textures/appletree.png
22:01:49.624 [FXGL Background Thread 1 ] DEBUG AssetLoaderService   - Loading from cache: /assets/textures/bush.png
22:01:49.625 [FXGL Background Thread 1 ] DEBUG AssetLoaderService   - Loading from cache: /assets/textures/appletree.png
22:01:49.625 [FXGL Background Thread 1 ] DEBUG AssetLoaderService   - Loading from cache: /assets/textures/bush.png
22:01:49.626 [FXGL Background Thread 1 ] DEBUG AssetLoaderService   - Loading from cache: /assets/textures/rock.png
22:01:49.626 [FXGL Background Thread 1 ] DEBUG AssetLoaderService   - Loading from cache: /assets/textures/tree.png
22:01:49.626 [FXGL Background Thread 1 ] DEBUG AssetLoaderService   - Loading from cache: /assets/textures/rock.png
22:01:49.627 [FXGL Background Thread 1 ] DEBUG AssetLoaderService   - Loading from cache: /assets/textures/appletree.png
22:01:49.627 [FXGL Background Thread 1 ] DEBUG AssetLoaderService   - Loading from cache: /assets/textures/appletree.png
22:01:49.628 [FXGL Background Thread 1 ] DEBUG AssetLoaderService   - Loading from file system: /assets/textures/lighthouse.png
22:01:49.629 [FXGL Background Thread 1 ] DEBUG AssetLoaderService   - Loading from file system: /assets/textures/greenhouse.png
22:01:49.630 [FXGL Background Thread 1 ] DEBUG AssetLoaderService   - Loading from file system: /assets/textures/bluehouse.png
22:01:49.631 [FXGL Background Thread 1 ] DEBUG AssetLoaderService   - Loading from file system: /assets/textures/redhouse.png
22:01:49.632 [FXGL Background Thread 1 ] DEBUG AssetLoaderService   - Loading from cache: /assets/textures/redhouse.png
22:01:49.632 [FXGL Background Thread 1 ] DEBUG AssetLoaderService   - Loading from cache: /assets/textures/bluehouse.png
22:01:49.633 [FXGL Background Thread 1 ] DEBUG AssetLoaderService   - Loading from cache: /assets/textures/bluehouse.png
22:01:49.633 [FXGL Background Thread 1 ] DEBUG AssetLoaderService   - Loading from cache: /assets/textures/redhouse.png
22:01:49.633 [FXGL Background Thread 1 ] DEBUG AssetLoaderService   - Loading from cache: /assets/textures/bluehouse.png
22:01:49.634 [FXGL Background Thread 1 ] DEBUG AssetLoaderService   - Loading from cache: /assets/textures/redhouse.png
22:01:49.634 [FXGL Background Thread 1 ] DEBUG AssetLoaderService   - Loading from cache: /assets/textures/lighthouse.png
22:01:49.634 [FXGL Background Thread 1 ] DEBUG AssetLoaderService   - Loading from cache: /assets/textures/greenhouse.png
22:01:49.635 [FXGL Background Thread 1 ] INFO  GameApplication      - Game initialization took: 0.289 sec
22:01:49.635 [JavaFX Application Thread] DEBUG Input                - Clearing active input actions
22:01:49.657 [JavaFX Application Thread] DEBUG WindowService        - Removing overlay from FXGLLoadingScene and adding to GameScene
22:01:49.657 [JavaFX Application Thread] DEBUG MainWindow           - FXGLLoadingScene -> GameScene
22:01:50.821 [JavaFX Application Thread] DEBUG AssetLoaderService   - Loading from file system: /assets/sounds/bump.wav
22:01:52.116 [FXGL Background Thread 2 ] DEBUG Engine               - Logging environment variables
22:01:52.116 [FXGL Background Thread 2 ] DEBUG Engine               - achievements: []
22:01:52.116 [FXGL Background Thread 2 ] DEBUG Engine               - language: ObjectProperty [value: ENGLISH]
22:01:52.116 [FXGL Background Thread 2 ] DEBUG Engine               - isCloseConfirmation: false
22:01:52.116 [FXGL Background Thread 2 ] DEBUG Engine               - isProfilingEnabled: false
22:01:52.116 [FXGL Background Thread 2 ] DEBUG Engine               - soundNotification: core/notification.wav
22:01:52.116 [FXGL Background Thread 2 ] DEBUG Engine               - devShowBBoxProperty: BooleanProperty [value: false]
22:01:52.116 [FXGL Background Thread 2 ] DEBUG Engine               - pixelsPerMeter: 50.0
22:01:52.116 [FXGL Background Thread 2 ] DEBUG Engine               - appIcon: fxgl_icon.png
22:01:52.116 [FXGL Background Thread 2 ] DEBUG Engine               - soundMenuBack: menu/back.wav
22:01:52.116 [FXGL Background Thread 2 ] DEBUG Engine               - isFullScreenAllowed: false
22:01:52.116 [FXGL Background Thread 2 ] DEBUG Engine               - isIntroEnabled: false
22:01:52.116 [FXGL Background Thread 2 ] DEBUG Engine               - fontMono: lucida_console.ttf
22:01:52.116 [FXGL Background Thread 2 ] DEBUG Engine               - soundMenuSelect: menu/select.wav
22:01:52.116 [FXGL Background Thread 2 ] DEBUG Engine               - isWindows: true
22:01:52.116 [FXGL Background Thread 2 ] DEBUG Engine               - isMobile: false
22:01:52.116 [FXGL Background Thread 2 ] DEBUG Engine               - isUserProfileEnabled: false
22:01:52.116 [FXGL Background Thread 2 ] DEBUG Engine               - height: 640
22:01:52.116 [FXGL Background Thread 2 ] DEBUG Engine               - isExperimentalNative: false
22:01:52.116 [FXGL Background Thread 2 ] DEBUG Engine               - settings: Title: FriendMaker2077
Version: 0.1
Width: 640
Height: 640
Fullscreen: false
Intro: false
Menus: false
Profiling: false
Single step:false
App Mode: DEVELOPER
Menu Key: ESCAPE
Stage Style: DECORATED
Scene Factory: class ui.MenuFactory

22:01:52.116 [FXGL Background Thread 2 ] DEBUG Engine               - isSingleStep: false
22:01:52.116 [FXGL Background Thread 2 ] DEBUG Engine               - cSSList: [fxgl_dark.css]
22:01:52.116 [FXGL Background Thread 2 ] DEBUG Engine               - fontGame: Abel-Regular.ttf
22:01:52.116 [FXGL Background Thread 2 ] DEBUG Engine               - menuKey: ESCAPE
22:01:52.116 [FXGL Background Thread 2 ] DEBUG Engine               - devShowPositionProperty: BooleanProperty [value: false]
22:01:52.116 [FXGL Background Thread 2 ] DEBUG Engine               - versionCheckDays: 7
22:01:52.117 [FXGL Background Thread 2 ] DEBUG Engine               - configClass: Optional.empty
22:01:52.117 [FXGL Background Thread 2 ] DEBUG Engine               - isFullScreenFromStart: false
22:01:52.117 [FXGL Background Thread 2 ] DEBUG Engine               - version: 0.1
22:01:52.117 [FXGL Background Thread 2 ] DEBUG Engine               - fullScreen: BooleanProperty [value: false]
22:01:52.117 [FXGL Background Thread 2 ] DEBUG Engine               - randomSeed: -1
22:01:52.117 [FXGL Background Thread 2 ] DEBUG Engine               - gameDifficultyProperty: ObjectProperty [value: MEDIUM]
22:01:52.117 [FXGL Background Thread 2 ] DEBUG Engine               - applicationMode: DEVELOPER
22:01:52.117 [FXGL Background Thread 2 ] DEBUG Engine               - isMac: false
22:01:52.117 [FXGL Background Thread 2 ] DEBUG Engine               - isMenuEnabled: false
22:01:52.117 [FXGL Background Thread 2 ] DEBUG Engine               - urlPOM: https://raw.githubusercontent.com/AlmasB/FXGL/master/pom.xml
22:01:52.117 [FXGL Background Thread 2 ] DEBUG Engine               - profileName: StringProperty [value: DEFAULT]
22:01:52.117 [FXGL Background Thread 2 ] DEBUG Engine               - notificationViewClass: class com.almasb.fxgl.notification.view.XboxNotificationView
22:01:52.117 [FXGL Background Thread 2 ] DEBUG Engine               - devSensorColorProperty: ObjectProperty [value: 0xffff00ff]
22:01:52.117 [FXGL Background Thread 2 ] DEBUG Engine               - sceneFactory: ui.MenuFactory@23864498
22:01:52.117 [FXGL Background Thread 2 ] DEBUG Engine               - stageStyle: DECORATED
22:01:52.117 [FXGL Background Thread 2 ] DEBUG Engine               - isManualResizeEnabled: false
22:01:52.118 [FXGL Background Thread 2 ] DEBUG Engine               - title: FriendMaker2077
22:01:52.118 [FXGL Background Thread 2 ] DEBUG Engine               - platform: WINDOWS
22:01:52.118 [FXGL Background Thread 2 ] DEBUG Engine               - devBBoxColorProperty: ObjectProperty [value: 0xff0000ff]
22:01:52.118 [FXGL Background Thread 2 ] DEBUG Engine               - gameDifficulty: MEDIUM
22:01:52.118 [FXGL Background Thread 2 ] DEBUG Engine               - isDesktop: true
22:01:52.118 [FXGL Background Thread 2 ] DEBUG Engine               - supportedLanguages: [ENGLISH, FRENCH, GERMAN, HUNGARIAN, RUSSIAN]
22:01:52.118 [FXGL Background Thread 2 ] DEBUG Engine               - credits: []
22:01:52.118 [FXGL Background Thread 2 ] DEBUG Engine               - globalMusicVolumeProperty: DoubleProperty [value: 0.5]
22:01:52.118 [FXGL Background Thread 2 ] DEBUG Engine               - isPreserveResizeRatio: false
22:01:52.118 [FXGL Background Thread 2 ] DEBUG Engine               - fontText: Courier-Prime.ttf
22:01:52.118 [FXGL Background Thread 2 ] DEBUG Engine               - isExperimentalTiledLargeMap: false
22:01:52.118 [FXGL Background Thread 2 ] DEBUG Engine               - secondsIn24h: 60
22:01:52.118 [FXGL Background Thread 2 ] DEBUG Engine               - runtimeInfo: RuntimeInfo(platform=WINDOWS, version=11.8, build=08.03.2020 09.25)
22:01:52.118 [FXGL Background Thread 2 ] DEBUG Engine               - isLinux: false
22:01:52.118 [FXGL Background Thread 2 ] DEBUG Engine               - soundMenuPress: menu/press.wav
22:01:52.118 [FXGL Background Thread 2 ] DEBUG Engine               - urlGithub: https://github.com/AlmasB/FXGL
22:01:52.119 [FXGL Background Thread 2 ] DEBUG Engine               - profileDir: profiles/
22:01:52.119 [FXGL Background Thread 2 ] DEBUG Engine               - isDeveloperMenuEnabled: false
22:01:52.119 [FXGL Background Thread 2 ] DEBUG Engine               - globalSoundVolumeProperty: DoubleProperty [value: 0.5]
22:01:52.119 [FXGL Background Thread 2 ] DEBUG Engine               - mainWindow: com.almasb.fxgl.app.MainWindow@27b9d430
22:01:52.119 [FXGL Background Thread 2 ] DEBUG Engine               - isBrowser: false
22:01:52.119 [FXGL Background Thread 2 ] DEBUG Engine               - globalSoundVolume: 0.5
22:01:52.119 [FXGL Background Thread 2 ] DEBUG Engine               - urlLeaderboard: http://fxgl-top.herokuapp.com/
22:01:52.119 [FXGL Background Thread 2 ] DEBUG Engine               - engineServices: [class com.almasb.fxgl.app.GameApplication$GameApplicationService, class com.almasb.fxgl.app.services.WindowService, class com.almasb.fxgl.app.services.FXGLDialogService, class com.almasb.fxgl.app.services.IOTaskExecutorService, class com.almasb.fxgl.event.EventBusService, class com.almasb.fxgl.io.FileSystemService, class com.almasb.fxgl.localization.LocalizationService, class com.almasb.fxgl.app.services.AssetLoaderService, class com.almasb.fxgl.app.services.SystemBundleService, class com.almasb.fxgl.profile.SaveLoadService, class com.almasb.fxgl.ui.FXGLUIFactoryServiceProvider, class com.almasb.fxgl.ui.FXGLDialogFactoryServiceProvider, class com.almasb.fxgl.audio.AudioPlayer, class com.almasb.fxgl.notification.impl.NotificationServiceProvider, class com.almasb.fxgl.achievement.AchievementService, class com.almasb.fxgl.cutscene.CutsceneService, class com.almasb.fxgl.minigames.MiniGameService, class com.almasb.fxgl.net.NetService, class com.almasb.fxgl.app.services.UpdaterService]
22:01:52.119 [FXGL Background Thread 2 ] DEBUG Engine               - globalMusicVolume: 0.5
22:01:52.119 [FXGL Background Thread 2 ] DEBUG Engine               - width: 640
22:01:52.119 [FXGL Background Thread 2 ] DEBUG Engine               - saveFileExt: sav
22:01:52.119 [FXGL Background Thread 2 ] DEBUG Engine               - isAndroid: false
22:01:52.119 [FXGL Background Thread 2 ] DEBUG Engine               - fontUI: VarelaRound-Regular.ttf
22:01:52.119 [FXGL Background Thread 2 ] DEBUG Engine               - enabledMenuItems: [SAVE_LOAD, EXTRA, ONLINE]
22:01:52.119 [FXGL Background Thread 2 ] DEBUG Engine               - isIOS: false
22:01:52.119 [FXGL Background Thread 2 ] DEBUG Engine               - Logging services
22:01:52.120 [FXGL Background Thread 2 ] DEBUG Engine               - class com.almasb.fxgl.app.GameApplication$GameApplicationService
22:01:52.120 [FXGL Background Thread 2 ] DEBUG Engine               - class com.almasb.fxgl.app.services.WindowService
22:01:52.120 [FXGL Background Thread 2 ] DEBUG Engine               - class com.almasb.fxgl.app.services.FXGLDialogService
22:01:52.120 [FXGL Background Thread 2 ] DEBUG Engine               - class com.almasb.fxgl.app.services.IOTaskExecutorService
22:01:52.120 [FXGL Background Thread 2 ] DEBUG Engine               - class com.almasb.fxgl.event.EventBusService
22:01:52.120 [FXGL Background Thread 2 ] DEBUG Engine               - class com.almasb.fxgl.io.FileSystemService
22:01:52.120 [FXGL Background Thread 2 ] DEBUG Engine               - class com.almasb.fxgl.localization.LocalizationService
22:01:52.120 [FXGL Background Thread 2 ] DEBUG Engine               - class com.almasb.fxgl.app.services.AssetLoaderService
22:01:52.120 [FXGL Background Thread 2 ] DEBUG Engine               - class com.almasb.fxgl.app.services.SystemBundleService
22:01:52.120 [FXGL Background Thread 2 ] DEBUG Engine               - class com.almasb.fxgl.profile.SaveLoadService
22:01:52.120 [FXGL Background Thread 2 ] DEBUG Engine               - class com.almasb.fxgl.ui.FXGLUIFactoryServiceProvider
22:01:52.120 [FXGL Background Thread 2 ] DEBUG Engine               - class com.almasb.fxgl.ui.FXGLDialogFactoryServiceProvider
22:01:52.120 [FXGL Background Thread 2 ] DEBUG Engine               - class com.almasb.fxgl.audio.AudioPlayer
22:01:52.120 [FXGL Background Thread 2 ] DEBUG Engine               - class com.almasb.fxgl.notification.impl.NotificationServiceProvider
22:01:52.120 [FXGL Background Thread 2 ] DEBUG Engine               - class com.almasb.fxgl.achievement.AchievementService
22:01:52.120 [FXGL Background Thread 2 ] DEBUG Engine               - class com.almasb.fxgl.cutscene.CutsceneService
22:01:52.120 [FXGL Background Thread 2 ] DEBUG Engine               - class com.almasb.fxgl.minigames.MiniGameService
22:01:52.120 [FXGL Background Thread 2 ] DEBUG Engine               - class com.almasb.fxgl.net.NetService
22:01:52.120 [FXGL Background Thread 2 ] DEBUG Engine               - class com.almasb.fxgl.app.services.UpdaterService
22:01:53.463 [JavaFX Application Thread] DEBUG GameApplication      - Exiting FXGL
22:01:53.463 [JavaFX Application Thread] DEBUG LoopRunner           - Stopping loop
22:01:53.463 [JavaFX Application Thread] DEBUG SystemBundleService  - Saving FXGL system data
22:01:53.464 [JavaFX Application Thread] DEBUG FileSystemAccess     - Writing to: C:\Users\Adam Cunard\git\FriendMaker2077-07-03\Project\system\fxgl.bundle
22:01:53.465 [JavaFX Application Thread] DEBUG GameApplication      - Shutting down background threads
22:01:53.465 [JavaFX Application Thread] DEBUG GameApplication      - Closing logger and exiting JavaFX
