13:14:31.276 [main                     ] DEBUG GameApplication      - Logger initialized
13:14:31.287 [main                     ] DEBUG GameApplication      - Logging settings
Title: FriendMaker2077
Version: 0.1
Width: 640
Height: 640
Fullscreen: false
Intro: false
Menus: false
Profiling: false
Single step:false
App Mode: DEVELOPER
Menu Key: ESCAPE
Stage Style: DECORATED
Scene Factory: class ui.MenuFactory

13:14:31.431 [JavaFX Application Thread] DEBUG GameApplication      - Initializing FXGL
13:14:31.438 [JavaFX Application Thread] INFO  Engine               - FXGL-11.8 (08.03.2020 09.25) on WINDOWS (J:13.0.2 FX:11.0.2)
13:14:31.438 [JavaFX Application Thread] INFO  Engine               - Source code and latest versions at: https://github.com/AlmasB/FXGL
13:14:31.439 [JavaFX Application Thread] INFO  Engine               -              Join the FXGL chat at: https://gitter.im/AlmasB/FXGL
13:14:31.499 [JavaFX Application Thread] DEBUG MainWindow           - Creating a JavaFX scene
13:14:31.527 [JavaFX Application Thread] DEBUG MainWindow           - Target settings size: 640.0 x 640.0
13:14:31.527 [JavaFX Application Thread] DEBUG MainWindow           - Scaled scene size:    640.0 x 640.0
13:14:31.527 [JavaFX Application Thread] DEBUG MainWindow           - Scaled ratio: (1.0, 1.0)
13:14:31.528 [JavaFX Application Thread] DEBUG MainWindow           - Set initial scene to FXGLStartupScene
13:14:31.531 [JavaFX Application Thread] DEBUG MainWindow           - Opening main window
13:14:31.578 [JavaFX Application Thread] DEBUG MainWindow           - Window border size: (16.0, 39.0)
13:14:31.579 [JavaFX Application Thread] DEBUG MainWindow           - Scaled size: 640.0 x 640.0
13:14:31.579 [JavaFX Application Thread] DEBUG MainWindow           - Scaled ratio: (1.0, 1.0)
13:14:31.579 [JavaFX Application Thread] DEBUG MainWindow           - Scene size: 640.0 x 640.0
13:14:31.579 [JavaFX Application Thread] DEBUG MainWindow           - Stage size: 656.0 x 679.0
13:14:31.583 [FXGL Background Thread 1 ] DEBUG Engine               - Initializing environment variables
13:14:31.599 [FXGL Background Thread 1 ] DEBUG WindowService        - Applying CSS: fxgl_dark.css
13:14:31.599 [FXGL Background Thread 1 ] DEBUG AssetLoaderService   - Loading from file system: /assets/ui/css/fxgl_dark.css
13:14:31.627 [FXGL Background Thread 1 ] DEBUG WindowService        - Initializing application scenes
13:14:31.644 [FXGL Background Thread 1 ] DEBUG GameWorld            - Game world initialized
13:14:31.667 [FXGL Background Thread 1 ] DEBUG PhysicsWorld         - Physics world initialized: appHeight=640, physics.ppm=50.0
13:14:31.669 [FXGL Background Thread 1 ] DEBUG GameScene            - Game scene initialized: 640x640
13:14:31.673 [FXGL Background Thread 1 ] DEBUG Input                - Registered new binding: Resume - Esc
13:14:31.682 [FXGL Background Thread 1 ] DEBUG Input                - Registered new binding: Pause - Esc
13:14:31.682 [FXGL Background Thread 1 ] DEBUG WindowService        - Application scenes initialized
13:14:31.691 [FXGL Background Thread 1 ] DEBUG SystemBundleService  - Loading FXGL system data
13:14:31.694 [FXGL Background Thread 1 ] DEBUG FileSystemAccess     - Reading from: C:\Users\otinn\git\FriendMaker2077-07-03\Project\system\fxgl.bundle
13:14:31.699 [FXGL Background Thread 1 ] DEBUG SystemBundleService  - Bundle FXGL: {}
13:14:31.699 [FXGL Background Thread 1 ] INFO  Engine               - FXGL initialization took: 0.115 sec
13:14:31.701 [FXGL Background Thread 1 ] DEBUG GameApplication      - Loading localizations
13:14:31.701 [FXGL Background Thread 1 ] DEBUG AssetLoaderService   - Loading from file system: /assets/properties/languages/english.properties
13:14:31.703 [FXGL Background Thread 1 ] DEBUG AssetLoaderService   - Loading from file system: /assets/properties/languages/french.properties
13:14:31.704 [FXGL Background Thread 1 ] DEBUG AssetLoaderService   - Loading from file system: /assets/properties/languages/german.properties
13:14:31.706 [FXGL Background Thread 1 ] DEBUG AssetLoaderService   - Loading from file system: /assets/properties/languages/hungarian.properties
13:14:31.707 [FXGL Background Thread 1 ] DEBUG AssetLoaderService   - Loading from file system: /assets/properties/languages/russian.properties
13:14:31.708 [FXGL Background Thread 1 ] DEBUG GameApplication      - Registering font factories with UI factory
13:14:31.708 [FXGL Background Thread 1 ] DEBUG AssetLoaderService   - Loading from file system: /assets/ui/fonts/VarelaRound-Regular.ttf
13:14:31.816 [FXGL Background Thread 1 ] DEBUG AssetLoaderService   - Loading from file system: /assets/ui/fonts/Abel-Regular.ttf
13:14:31.822 [FXGL Background Thread 1 ] DEBUG AssetLoaderService   - Loading from file system: /assets/ui/fonts/lucida_console.ttf
13:14:31.829 [FXGL Background Thread 1 ] DEBUG AssetLoaderService   - Loading from file system: /assets/ui/fonts/Courier-Prime.ttf
13:14:31.837 [JavaFX Application Thread] DEBUG Input                - Registered new binding: Move Right - D
13:14:31.837 [JavaFX Application Thread] DEBUG Input                - Registered new binding: Move Left - A
13:14:31.837 [JavaFX Application Thread] DEBUG Input                - Registered new binding: Move Up - W
13:14:31.838 [JavaFX Application Thread] DEBUG Input                - Registered new binding: Move Down - S
13:14:31.838 [JavaFX Application Thread] DEBUG Input                - Registered new binding: Play Sound - F
13:14:31.838 [JavaFX Application Thread] DEBUG AssetLoaderService   - Loading from file system: /assets/textures/fxgl_icon.png
13:14:31.868 [JavaFX Application Thread] DEBUG AssetLoaderService   - Loading from file system: /assets/ui/cursors/fxgl_default.png
13:14:31.870 [JavaFX Application Thread] DEBUG Input                - Registered new binding: Screenshot - P
13:14:31.870 [JavaFX Application Thread] DEBUG Input                - Registered new binding: System info dump - CTRL+9
13:14:31.870 [JavaFX Application Thread] DEBUG Input                - Registered new binding: Restart - CTRL+R
13:14:31.871 [JavaFX Application Thread] DEBUG LoopRunner           - Starting loop
13:14:31.874 [JavaFX Application Thread] DEBUG FXGLStartupScene     - STARTUP
13:14:31.875 [JavaFX Application Thread] DEBUG WindowService        - Starting new game
13:14:31.876 [JavaFX Application Thread] DEBUG Input                - Clearing active input actions
13:14:31.883 [JavaFX Application Thread] DEBUG WindowService        - Removing overlay from FXGLStartupScene and adding to FXGLLoadingScene
13:14:31.883 [JavaFX Application Thread] DEBUG MainWindow           - FXGLStartupScene -> FXGLLoadingScene
13:14:31.884 [JavaFX Application Thread] DEBUG WindowService        - Clearing previous game
13:14:31.884 [JavaFX Application Thread] DEBUG GameScene            - Clearing game scene
13:14:31.884 [JavaFX Application Thread] DEBUG GameWorld            - Clearing game world
13:14:31.884 [JavaFX Application Thread] DEBUG PhysicsWorld         - Clearing physics world
13:14:31.885 [FXGL Background Thread 1 ] DEBUG GameApplication      - Initializing game
13:14:31.888 [FXGL Background Thread 1 ] DEBUG AssetLoaderService   - Loading from file system: /assets/textures/EmptyMap.png
13:14:32.039 [FXGL Background Thread 1 ] DEBUG AssetLoaderService   - Loading from file system: /assets/music/soundtrack.wav
13:14:32.103 [FXGL Background Thread 1 ] DEBUG AudioPlayer          - Playing music com.almasb.fxgl.audio.Music@4dc27443
13:14:32.110 [FXGL Background Thread 1 ] DEBUG AssetLoaderService   - Loading from file system: /assets/textures/CharacterSprite.png
13:14:32.112 [FXGL Background Thread 1 ] DEBUG AssetLoaderService   - Loading from cache: /assets/textures/CharacterSprite.png
13:14:32.112 [FXGL Background Thread 1 ] DEBUG AssetLoaderService   - Loading from cache: /assets/textures/CharacterSprite.png
13:14:32.112 [FXGL Background Thread 1 ] DEBUG AssetLoaderService   - Loading from cache: /assets/textures/CharacterSprite.png
13:14:32.112 [FXGL Background Thread 1 ] DEBUG AssetLoaderService   - Loading from cache: /assets/textures/CharacterSprite.png
13:14:32.112 [FXGL Background Thread 1 ] DEBUG AssetLoaderService   - Loading from cache: /assets/textures/CharacterSprite.png
13:14:32.114 [FXGL Background Thread 1 ] DEBUG AssetLoaderService   - Loading from file system: /assets/textures/bbox.png
13:14:32.118 [FXGL Background Thread 1 ] DEBUG AssetLoaderService   - Loading from file system: /assets/textures/froggysprite.png
13:14:32.119 [FXGL Background Thread 1 ] DEBUG AssetLoaderService   - Loading from cache: /assets/textures/froggysprite.png
13:14:32.119 [FXGL Background Thread 1 ] DEBUG AssetLoaderService   - Loading from cache: /assets/textures/froggysprite.png
13:14:32.120 [FXGL Background Thread 1 ] DEBUG AssetLoaderService   - Loading from cache: /assets/textures/bbox.png
13:14:32.120 [FXGL Background Thread 1 ] DEBUG AssetLoaderService   - Loading from file system: /assets/textures/lighthouse.png
13:14:32.122 [FXGL Background Thread 1 ] DEBUG AssetLoaderService   - Loading from file system: /assets/textures/bush.png
13:14:32.122 [FXGL Background Thread 1 ] DEBUG AssetLoaderService   - Loading from cache: /assets/textures/bush.png
13:14:32.123 [FXGL Background Thread 1 ] DEBUG AssetLoaderService   - Loading from file system: /assets/textures/rock.png
13:14:32.124 [FXGL Background Thread 1 ] DEBUG AssetLoaderService   - Loading from cache: /assets/textures/rock.png
13:14:32.124 [FXGL Background Thread 1 ] DEBUG AssetLoaderService   - Loading from file system: /assets/textures/greenhouse.png
13:14:32.125 [FXGL Background Thread 1 ] DEBUG AssetLoaderService   - Loading from file system: /assets/textures/tree.png
13:14:32.126 [FXGL Background Thread 1 ] DEBUG AssetLoaderService   - Loading from cache: /assets/textures/bush.png
13:14:32.127 [FXGL Background Thread 1 ] DEBUG AssetLoaderService   - Loading from cache: /assets/textures/tree.png
13:14:32.127 [FXGL Background Thread 1 ] DEBUG AssetLoaderService   - Loading from cache: /assets/textures/bush.png
13:14:32.127 [FXGL Background Thread 1 ] DEBUG AssetLoaderService   - Loading from file system: /assets/textures/appletree.png
13:14:32.129 [FXGL Background Thread 1 ] DEBUG AssetLoaderService   - Loading from cache: /assets/textures/bush.png
13:14:32.129 [FXGL Background Thread 1 ] DEBUG AssetLoaderService   - Loading from cache: /assets/textures/tree.png
13:14:32.129 [FXGL Background Thread 1 ] DEBUG AssetLoaderService   - Loading from cache: /assets/textures/bush.png
13:14:32.130 [FXGL Background Thread 1 ] DEBUG AssetLoaderService   - Loading from cache: /assets/textures/appletree.png
13:14:32.131 [FXGL Background Thread 1 ] DEBUG AssetLoaderService   - Loading from cache: /assets/textures/bush.png
13:14:32.131 [FXGL Background Thread 1 ] DEBUG AssetLoaderService   - Loading from cache: /assets/textures/appletree.png
13:14:32.131 [FXGL Background Thread 1 ] DEBUG AssetLoaderService   - Loading from cache: /assets/textures/bush.png
13:14:32.132 [FXGL Background Thread 1 ] DEBUG AssetLoaderService   - Loading from cache: /assets/textures/tree.png
13:14:32.132 [FXGL Background Thread 1 ] DEBUG AssetLoaderService   - Loading from cache: /assets/textures/bush.png
13:14:32.133 [FXGL Background Thread 1 ] DEBUG AssetLoaderService   - Loading from cache: /assets/textures/tree.png
13:14:32.133 [FXGL Background Thread 1 ] DEBUG AssetLoaderService   - Loading from cache: /assets/textures/bush.png
13:14:32.134 [FXGL Background Thread 1 ] DEBUG AssetLoaderService   - Loading from cache: /assets/textures/tree.png
13:14:32.134 [FXGL Background Thread 1 ] DEBUG AssetLoaderService   - Loading from cache: /assets/textures/bush.png
13:14:32.135 [FXGL Background Thread 1 ] DEBUG AssetLoaderService   - Loading from cache: /assets/textures/bush.png
13:14:32.135 [FXGL Background Thread 1 ] DEBUG AssetLoaderService   - Loading from cache: /assets/textures/tree.png
13:14:32.135 [FXGL Background Thread 1 ] DEBUG AssetLoaderService   - Loading from cache: /assets/textures/tree.png
13:14:32.136 [FXGL Background Thread 1 ] DEBUG AssetLoaderService   - Loading from cache: /assets/textures/tree.png
13:14:32.136 [FXGL Background Thread 1 ] DEBUG AssetLoaderService   - Loading from cache: /assets/textures/bush.png
13:14:32.137 [FXGL Background Thread 1 ] DEBUG AssetLoaderService   - Loading from cache: /assets/textures/tree.png
13:14:32.137 [FXGL Background Thread 1 ] DEBUG AssetLoaderService   - Loading from cache: /assets/textures/bush.png
13:14:32.137 [FXGL Background Thread 1 ] DEBUG AssetLoaderService   - Loading from cache: /assets/textures/appletree.png
13:14:32.138 [FXGL Background Thread 1 ] DEBUG AssetLoaderService   - Loading from cache: /assets/textures/bush.png
13:14:32.138 [FXGL Background Thread 1 ] DEBUG AssetLoaderService   - Loading from cache: /assets/textures/tree.png
13:14:32.139 [FXGL Background Thread 1 ] DEBUG AssetLoaderService   - Loading from cache: /assets/textures/bush.png
13:14:32.139 [FXGL Background Thread 1 ] DEBUG AssetLoaderService   - Loading from cache: /assets/textures/appletree.png
13:14:32.140 [FXGL Background Thread 1 ] DEBUG AssetLoaderService   - Loading from cache: /assets/textures/bush.png
13:14:32.140 [FXGL Background Thread 1 ] DEBUG AssetLoaderService   - Loading from cache: /assets/textures/appletree.png
13:14:32.140 [FXGL Background Thread 1 ] DEBUG AssetLoaderService   - Loading from file system: /assets/textures/bluehouse.png
13:14:32.141 [FXGL Background Thread 1 ] DEBUG AssetLoaderService   - Loading from cache: /assets/textures/appletree.png
13:14:32.142 [FXGL Background Thread 1 ] DEBUG AssetLoaderService   - Loading from file system: /assets/textures/redhouse.png
13:14:32.143 [FXGL Background Thread 1 ] DEBUG AssetLoaderService   - Loading from cache: /assets/textures/appletree.png
13:14:32.143 [FXGL Background Thread 1 ] DEBUG AssetLoaderService   - Loading from cache: /assets/textures/redhouse.png
13:14:32.144 [FXGL Background Thread 1 ] DEBUG AssetLoaderService   - Loading from cache: /assets/textures/appletree.png
13:14:32.144 [FXGL Background Thread 1 ] DEBUG AssetLoaderService   - Loading from cache: /assets/textures/bluehouse.png
13:14:32.144 [FXGL Background Thread 1 ] DEBUG AssetLoaderService   - Loading from cache: /assets/textures/appletree.png
13:14:32.145 [FXGL Background Thread 1 ] DEBUG AssetLoaderService   - Loading from cache: /assets/textures/appletree.png
13:14:32.145 [FXGL Background Thread 1 ] DEBUG AssetLoaderService   - Loading from cache: /assets/textures/bush.png
13:14:32.145 [FXGL Background Thread 1 ] DEBUG AssetLoaderService   - Loading from cache: /assets/textures/rock.png
13:14:32.146 [FXGL Background Thread 1 ] DEBUG AssetLoaderService   - Loading from cache: /assets/textures/tree.png
13:14:32.146 [FXGL Background Thread 1 ] INFO  GameApplication      - Game initialization took: 0.262 sec
13:14:32.153 [JavaFX Application Thread] DEBUG Input                - Clearing active input actions
13:14:32.174 [JavaFX Application Thread] DEBUG WindowService        - Removing overlay from FXGLLoadingScene and adding to GameScene
13:14:32.174 [JavaFX Application Thread] DEBUG MainWindow           - FXGLLoadingScene -> GameScene
13:14:33.073 [JavaFX Application Thread] DEBUG AssetLoaderService   - Loading from file system: /assets/sounds/bump.wav
13:14:33.473 [JavaFX Application Thread] DEBUG AssetLoaderService   - Loading from cache: /assets/sounds/bump.wav
13:14:33.505 [JavaFX Application Thread] DEBUG AssetLoaderService   - Loading from cache: /assets/sounds/bump.wav
13:14:33.824 [JavaFX Application Thread] DEBUG AssetLoaderService   - Loading from cache: /assets/sounds/bump.wav
13:14:34.608 [JavaFX Application Thread] DEBUG AssetLoaderService   - Loading from cache: /assets/sounds/bump.wav
13:14:34.701 [FXGL Background Thread 2 ] DEBUG Engine               - Logging environment variables
13:14:34.701 [FXGL Background Thread 2 ] DEBUG Engine               - achievements: []
13:14:34.701 [FXGL Background Thread 2 ] DEBUG Engine               - language: ObjectProperty [value: ENGLISH]
13:14:34.701 [FXGL Background Thread 2 ] DEBUG Engine               - isCloseConfirmation: false
13:14:34.701 [FXGL Background Thread 2 ] DEBUG Engine               - isProfilingEnabled: false
13:14:34.701 [FXGL Background Thread 2 ] DEBUG Engine               - soundNotification: core/notification.wav
13:14:34.701 [FXGL Background Thread 2 ] DEBUG Engine               - devShowBBoxProperty: BooleanProperty [value: false]
13:14:34.701 [FXGL Background Thread 2 ] DEBUG Engine               - pixelsPerMeter: 50.0
13:14:34.701 [FXGL Background Thread 2 ] DEBUG Engine               - appIcon: fxgl_icon.png
13:14:34.701 [FXGL Background Thread 2 ] DEBUG Engine               - soundMenuBack: menu/back.wav
13:14:34.701 [FXGL Background Thread 2 ] DEBUG Engine               - isFullScreenAllowed: false
13:14:34.701 [FXGL Background Thread 2 ] DEBUG Engine               - isIntroEnabled: false
13:14:34.701 [FXGL Background Thread 2 ] DEBUG Engine               - fontMono: lucida_console.ttf
13:14:34.701 [FXGL Background Thread 2 ] DEBUG Engine               - soundMenuSelect: menu/select.wav
13:14:34.702 [FXGL Background Thread 2 ] DEBUG Engine               - isWindows: true
13:14:34.702 [FXGL Background Thread 2 ] DEBUG Engine               - isMobile: false
13:14:34.702 [FXGL Background Thread 2 ] DEBUG Engine               - isUserProfileEnabled: false
13:14:34.702 [FXGL Background Thread 2 ] DEBUG Engine               - height: 640
13:14:34.702 [FXGL Background Thread 2 ] DEBUG Engine               - isExperimentalNative: false
13:14:34.702 [FXGL Background Thread 2 ] DEBUG Engine               - settings: Title: FriendMaker2077
Version: 0.1
Width: 640
Height: 640
Fullscreen: false
Intro: false
Menus: false
Profiling: false
Single step:false
App Mode: DEVELOPER
Menu Key: ESCAPE
Stage Style: DECORATED
Scene Factory: class ui.MenuFactory

13:14:34.702 [FXGL Background Thread 2 ] DEBUG Engine               - isSingleStep: false
13:14:34.702 [FXGL Background Thread 2 ] DEBUG Engine               - cSSList: [fxgl_dark.css]
13:14:34.702 [FXGL Background Thread 2 ] DEBUG Engine               - fontGame: Abel-Regular.ttf
13:14:34.702 [FXGL Background Thread 2 ] DEBUG Engine               - menuKey: ESCAPE
13:14:34.702 [FXGL Background Thread 2 ] DEBUG Engine               - devShowPositionProperty: BooleanProperty [value: false]
13:14:34.702 [FXGL Background Thread 2 ] DEBUG Engine               - versionCheckDays: 7
13:14:34.702 [FXGL Background Thread 2 ] DEBUG Engine               - configClass: Optional.empty
13:14:34.702 [FXGL Background Thread 2 ] DEBUG Engine               - isFullScreenFromStart: false
13:14:34.702 [FXGL Background Thread 2 ] DEBUG Engine               - version: 0.1
13:14:34.702 [FXGL Background Thread 2 ] DEBUG Engine               - fullScreen: BooleanProperty [value: false]
13:14:34.702 [FXGL Background Thread 2 ] DEBUG Engine               - randomSeed: -1
13:14:34.703 [FXGL Background Thread 2 ] DEBUG Engine               - gameDifficultyProperty: ObjectProperty [value: MEDIUM]
13:14:34.703 [FXGL Background Thread 2 ] DEBUG Engine               - applicationMode: DEVELOPER
13:14:34.703 [FXGL Background Thread 2 ] DEBUG Engine               - isMac: false
13:14:34.703 [FXGL Background Thread 2 ] DEBUG Engine               - isMenuEnabled: false
13:14:34.703 [FXGL Background Thread 2 ] DEBUG Engine               - urlPOM: https://raw.githubusercontent.com/AlmasB/FXGL/master/pom.xml
13:14:34.703 [FXGL Background Thread 2 ] DEBUG Engine               - profileName: StringProperty [value: DEFAULT]
13:14:34.703 [FXGL Background Thread 2 ] DEBUG Engine               - notificationViewClass: class com.almasb.fxgl.notification.view.XboxNotificationView
13:14:34.703 [FXGL Background Thread 2 ] DEBUG Engine               - devSensorColorProperty: ObjectProperty [value: 0xffff00ff]
13:14:34.703 [FXGL Background Thread 2 ] DEBUG Engine               - sceneFactory: ui.MenuFactory@241a990a
13:14:34.703 [FXGL Background Thread 2 ] DEBUG Engine               - stageStyle: DECORATED
13:14:34.703 [FXGL Background Thread 2 ] DEBUG Engine               - isManualResizeEnabled: false
13:14:34.703 [FXGL Background Thread 2 ] DEBUG Engine               - title: FriendMaker2077
13:14:34.703 [FXGL Background Thread 2 ] DEBUG Engine               - platform: WINDOWS
13:14:34.703 [FXGL Background Thread 2 ] DEBUG Engine               - devBBoxColorProperty: ObjectProperty [value: 0xff0000ff]
13:14:34.703 [FXGL Background Thread 2 ] DEBUG Engine               - gameDifficulty: MEDIUM
13:14:34.703 [FXGL Background Thread 2 ] DEBUG Engine               - isDesktop: true
13:14:34.704 [FXGL Background Thread 2 ] DEBUG Engine               - supportedLanguages: [ENGLISH, FRENCH, GERMAN, HUNGARIAN, RUSSIAN]
13:14:34.704 [FXGL Background Thread 2 ] DEBUG Engine               - globalMusicVolumeProperty: DoubleProperty [value: 0.5]
13:14:34.704 [FXGL Background Thread 2 ] DEBUG Engine               - credits: []
13:14:34.704 [FXGL Background Thread 2 ] DEBUG Engine               - isPreserveResizeRatio: false
13:14:34.704 [FXGL Background Thread 2 ] DEBUG Engine               - fontText: Courier-Prime.ttf
13:14:34.704 [FXGL Background Thread 2 ] DEBUG Engine               - isExperimentalTiledLargeMap: false
13:14:34.704 [FXGL Background Thread 2 ] DEBUG Engine               - secondsIn24h: 60
13:14:34.704 [FXGL Background Thread 2 ] DEBUG Engine               - runtimeInfo: RuntimeInfo(platform=WINDOWS, version=11.8, build=08.03.2020 09.25)
13:14:34.704 [FXGL Background Thread 2 ] DEBUG Engine               - isLinux: false
13:14:34.704 [FXGL Background Thread 2 ] DEBUG Engine               - soundMenuPress: menu/press.wav
13:14:34.704 [FXGL Background Thread 2 ] DEBUG Engine               - urlGithub: https://github.com/AlmasB/FXGL
13:14:34.704 [FXGL Background Thread 2 ] DEBUG Engine               - profileDir: profiles/
13:14:34.704 [FXGL Background Thread 2 ] DEBUG Engine               - globalSoundVolumeProperty: DoubleProperty [value: 0.5]
13:14:34.704 [FXGL Background Thread 2 ] DEBUG Engine               - isDeveloperMenuEnabled: false
13:14:34.704 [FXGL Background Thread 2 ] DEBUG Engine               - mainWindow: com.almasb.fxgl.app.MainWindow@20250951
13:14:34.704 [FXGL Background Thread 2 ] DEBUG Engine               - isBrowser: false
13:14:34.704 [FXGL Background Thread 2 ] DEBUG Engine               - globalSoundVolume: 0.5
13:14:34.704 [FXGL Background Thread 2 ] DEBUG Engine               - urlLeaderboard: http://fxgl-top.herokuapp.com/
13:14:34.704 [FXGL Background Thread 2 ] DEBUG Engine               - engineServices: [class com.almasb.fxgl.app.GameApplication$GameApplicationService, class com.almasb.fxgl.app.services.WindowService, class com.almasb.fxgl.app.services.FXGLDialogService, class com.almasb.fxgl.app.services.IOTaskExecutorService, class com.almasb.fxgl.event.EventBusService, class com.almasb.fxgl.io.FileSystemService, class com.almasb.fxgl.localization.LocalizationService, class com.almasb.fxgl.app.services.AssetLoaderService, class com.almasb.fxgl.app.services.SystemBundleService, class com.almasb.fxgl.profile.SaveLoadService, class com.almasb.fxgl.ui.FXGLUIFactoryServiceProvider, class com.almasb.fxgl.ui.FXGLDialogFactoryServiceProvider, class com.almasb.fxgl.audio.AudioPlayer, class com.almasb.fxgl.notification.impl.NotificationServiceProvider, class com.almasb.fxgl.achievement.AchievementService, class com.almasb.fxgl.cutscene.CutsceneService, class com.almasb.fxgl.minigames.MiniGameService, class com.almasb.fxgl.net.NetService, class com.almasb.fxgl.app.services.UpdaterService]
13:14:34.705 [FXGL Background Thread 2 ] DEBUG Engine               - globalMusicVolume: 0.5
13:14:34.705 [FXGL Background Thread 2 ] DEBUG Engine               - width: 640
13:14:34.705 [FXGL Background Thread 2 ] DEBUG Engine               - saveFileExt: sav
13:14:34.705 [FXGL Background Thread 2 ] DEBUG Engine               - isAndroid: false
13:14:34.705 [FXGL Background Thread 2 ] DEBUG Engine               - fontUI: VarelaRound-Regular.ttf
13:14:34.705 [FXGL Background Thread 2 ] DEBUG Engine               - enabledMenuItems: []
13:14:34.705 [FXGL Background Thread 2 ] DEBUG Engine               - isIOS: false
13:14:34.705 [FXGL Background Thread 2 ] DEBUG Engine               - Logging services
13:14:34.705 [FXGL Background Thread 2 ] DEBUG Engine               - class com.almasb.fxgl.app.GameApplication$GameApplicationService
13:14:34.705 [FXGL Background Thread 2 ] DEBUG Engine               - class com.almasb.fxgl.app.services.WindowService
13:14:34.705 [FXGL Background Thread 2 ] DEBUG Engine               - class com.almasb.fxgl.app.services.FXGLDialogService
13:14:34.705 [FXGL Background Thread 2 ] DEBUG Engine               - class com.almasb.fxgl.app.services.IOTaskExecutorService
13:14:34.705 [FXGL Background Thread 2 ] DEBUG Engine               - class com.almasb.fxgl.event.EventBusService
13:14:34.705 [FXGL Background Thread 2 ] DEBUG Engine               - class com.almasb.fxgl.io.FileSystemService
13:14:34.705 [FXGL Background Thread 2 ] DEBUG Engine               - class com.almasb.fxgl.localization.LocalizationService
13:14:34.705 [FXGL Background Thread 2 ] DEBUG Engine               - class com.almasb.fxgl.app.services.AssetLoaderService
13:14:34.706 [FXGL Background Thread 2 ] DEBUG Engine               - class com.almasb.fxgl.app.services.SystemBundleService
13:14:34.706 [FXGL Background Thread 2 ] DEBUG Engine               - class com.almasb.fxgl.profile.SaveLoadService
13:14:34.706 [FXGL Background Thread 2 ] DEBUG Engine               - class com.almasb.fxgl.ui.FXGLUIFactoryServiceProvider
13:14:34.706 [FXGL Background Thread 2 ] DEBUG Engine               - class com.almasb.fxgl.ui.FXGLDialogFactoryServiceProvider
13:14:34.706 [FXGL Background Thread 2 ] DEBUG Engine               - class com.almasb.fxgl.audio.AudioPlayer
13:14:34.706 [FXGL Background Thread 2 ] DEBUG Engine               - class com.almasb.fxgl.notification.impl.NotificationServiceProvider
13:14:34.706 [FXGL Background Thread 2 ] DEBUG Engine               - class com.almasb.fxgl.achievement.AchievementService
13:14:34.706 [FXGL Background Thread 2 ] DEBUG Engine               - class com.almasb.fxgl.cutscene.CutsceneService
13:14:34.706 [FXGL Background Thread 2 ] DEBUG Engine               - class com.almasb.fxgl.minigames.MiniGameService
13:14:34.706 [FXGL Background Thread 2 ] DEBUG Engine               - class com.almasb.fxgl.net.NetService
13:14:34.706 [FXGL Background Thread 2 ] DEBUG Engine               - class com.almasb.fxgl.app.services.UpdaterService
13:14:35.634 [JavaFX Application Thread] DEBUG GameApplication      - Exiting FXGL
13:14:35.635 [JavaFX Application Thread] DEBUG LoopRunner           - Stopping loop
13:14:35.635 [JavaFX Application Thread] DEBUG SystemBundleService  - Saving FXGL system data
13:14:35.636 [JavaFX Application Thread] DEBUG FileSystemAccess     - Writing to: C:\Users\otinn\git\FriendMaker2077-07-03\Project\system\fxgl.bundle
13:14:35.637 [JavaFX Application Thread] DEBUG GameApplication      - Shutting down background threads
13:14:35.637 [JavaFX Application Thread] DEBUG GameApplication      - Closing logger and exiting JavaFX
