14:14:40.530 [main                     ] DEBUG GameApplication      - Logger initialized
14:14:40.540 [main                     ] DEBUG GameApplication      - Logging settings
Title: FriendMaker2077
Version: 0.1
Width: 640
Height: 640
Fullscreen: false
Intro: false
Menus: false
Profiling: false
Single step:false
App Mode: DEVELOPER
Menu Key: ESCAPE
Stage Style: DECORATED
Scene Factory: class ui.MenuFactory

14:14:40.684 [JavaFX Application Thread] DEBUG GameApplication      - Initializing FXGL
14:14:40.689 [JavaFX Application Thread] INFO  Engine               - FXGL-11.8 (08.03.2020 09.25) on WINDOWS (J:13.0.2 FX:11.0.2)
14:14:40.689 [JavaFX Application Thread] INFO  Engine               - Source code and latest versions at: https://github.com/AlmasB/FXGL
14:14:40.689 [JavaFX Application Thread] INFO  Engine               -              Join the FXGL chat at: https://gitter.im/AlmasB/FXGL
14:14:40.749 [JavaFX Application Thread] DEBUG MainWindow           - Creating a JavaFX scene
14:14:40.776 [JavaFX Application Thread] DEBUG MainWindow           - Target settings size: 640.0 x 640.0
14:14:40.776 [JavaFX Application Thread] DEBUG MainWindow           - Scaled scene size:    640.0 x 640.0
14:14:40.777 [JavaFX Application Thread] DEBUG MainWindow           - Scaled ratio: (1.0, 1.0)
14:14:40.777 [JavaFX Application Thread] DEBUG MainWindow           - Set initial scene to FXGLStartupScene
14:14:40.781 [JavaFX Application Thread] DEBUG MainWindow           - Opening main window
14:14:40.828 [JavaFX Application Thread] DEBUG MainWindow           - Window border size: (16.0, 39.0)
14:14:40.829 [JavaFX Application Thread] DEBUG MainWindow           - Scaled size: 640.0 x 640.0
14:14:40.829 [JavaFX Application Thread] DEBUG MainWindow           - Scaled ratio: (1.0, 1.0)
14:14:40.829 [JavaFX Application Thread] DEBUG MainWindow           - Scene size: 640.0 x 640.0
14:14:40.829 [JavaFX Application Thread] DEBUG MainWindow           - Stage size: 656.0 x 679.0
14:14:40.833 [FXGL Background Thread 1 ] DEBUG Engine               - Initializing environment variables
14:14:40.852 [FXGL Background Thread 1 ] DEBUG WindowService        - Applying CSS: fxgl_dark.css
14:14:40.852 [FXGL Background Thread 1 ] DEBUG AssetLoaderService   - Loading from file system: /assets/ui/css/fxgl_dark.css
14:14:40.880 [FXGL Background Thread 1 ] DEBUG WindowService        - Initializing application scenes
14:14:40.898 [FXGL Background Thread 1 ] DEBUG GameWorld            - Game world initialized
14:14:40.921 [FXGL Background Thread 1 ] DEBUG PhysicsWorld         - Physics world initialized: appHeight=640, physics.ppm=50.0
14:14:40.922 [FXGL Background Thread 1 ] DEBUG GameScene            - Game scene initialized: 640x640
14:14:40.927 [FXGL Background Thread 1 ] DEBUG Input                - Registered new binding: Resume - Esc
14:14:40.937 [FXGL Background Thread 1 ] DEBUG Input                - Registered new binding: Pause - Esc
14:14:40.937 [FXGL Background Thread 1 ] DEBUG WindowService        - Application scenes initialized
14:14:40.945 [FXGL Background Thread 1 ] DEBUG SystemBundleService  - Loading FXGL system data
14:14:40.948 [FXGL Background Thread 1 ] DEBUG FileSystemAccess     - Reading from: C:\Users\otinn\git\FriendMaker2077-07-03\Project\system\fxgl.bundle
14:14:40.953 [FXGL Background Thread 1 ] DEBUG SystemBundleService  - Bundle FXGL: {}
14:14:40.954 [FXGL Background Thread 1 ] INFO  Engine               - FXGL initialization took: 0.119 sec
14:14:40.955 [FXGL Background Thread 1 ] DEBUG GameApplication      - Loading localizations
14:14:40.955 [FXGL Background Thread 1 ] DEBUG AssetLoaderService   - Loading from file system: /assets/properties/languages/english.properties
14:14:40.956 [FXGL Background Thread 1 ] DEBUG AssetLoaderService   - Loading from file system: /assets/properties/languages/french.properties
14:14:40.957 [FXGL Background Thread 1 ] DEBUG AssetLoaderService   - Loading from file system: /assets/properties/languages/german.properties
14:14:40.958 [FXGL Background Thread 1 ] DEBUG AssetLoaderService   - Loading from file system: /assets/properties/languages/hungarian.properties
14:14:40.959 [FXGL Background Thread 1 ] DEBUG AssetLoaderService   - Loading from file system: /assets/properties/languages/russian.properties
14:14:40.960 [FXGL Background Thread 1 ] DEBUG GameApplication      - Registering font factories with UI factory
14:14:40.960 [FXGL Background Thread 1 ] DEBUG AssetLoaderService   - Loading from file system: /assets/ui/fonts/VarelaRound-Regular.ttf
14:14:41.069 [FXGL Background Thread 1 ] DEBUG AssetLoaderService   - Loading from file system: /assets/ui/fonts/Abel-Regular.ttf
14:14:41.076 [FXGL Background Thread 1 ] DEBUG AssetLoaderService   - Loading from file system: /assets/ui/fonts/lucida_console.ttf
14:14:41.083 [FXGL Background Thread 1 ] DEBUG AssetLoaderService   - Loading from file system: /assets/ui/fonts/Courier-Prime.ttf
14:14:41.091 [JavaFX Application Thread] DEBUG Input                - Registered new binding: Move Right - D
14:14:41.091 [JavaFX Application Thread] DEBUG Input                - Registered new binding: Move Left - A
14:14:41.091 [JavaFX Application Thread] DEBUG Input                - Registered new binding: Move Up - W
14:14:41.091 [JavaFX Application Thread] DEBUG Input                - Registered new binding: Move Down - S
14:14:41.091 [JavaFX Application Thread] DEBUG Input                - Registered new binding: Play Sound - F
14:14:41.091 [JavaFX Application Thread] DEBUG AssetLoaderService   - Loading from file system: /assets/textures/fxgl_icon.png
14:14:41.121 [JavaFX Application Thread] DEBUG AssetLoaderService   - Loading from file system: /assets/ui/cursors/fxgl_default.png
14:14:41.123 [JavaFX Application Thread] DEBUG Input                - Registered new binding: Screenshot - P
14:14:41.124 [JavaFX Application Thread] DEBUG Input                - Registered new binding: System info dump - CTRL+9
14:14:41.124 [JavaFX Application Thread] DEBUG Input                - Registered new binding: Restart - CTRL+R
14:14:41.124 [JavaFX Application Thread] DEBUG LoopRunner           - Starting loop
14:14:41.143 [JavaFX Application Thread] DEBUG FXGLStartupScene     - STARTUP
14:14:41.143 [JavaFX Application Thread] DEBUG WindowService        - Starting new game
14:14:41.144 [JavaFX Application Thread] DEBUG Input                - Clearing active input actions
14:14:41.152 [JavaFX Application Thread] DEBUG WindowService        - Removing overlay from FXGLStartupScene and adding to FXGLLoadingScene
14:14:41.153 [JavaFX Application Thread] DEBUG MainWindow           - FXGLStartupScene -> FXGLLoadingScene
14:14:41.153 [JavaFX Application Thread] DEBUG WindowService        - Clearing previous game
14:14:41.153 [JavaFX Application Thread] DEBUG GameScene            - Clearing game scene
14:14:41.153 [JavaFX Application Thread] DEBUG GameWorld            - Clearing game world
14:14:41.153 [JavaFX Application Thread] DEBUG PhysicsWorld         - Clearing physics world
14:14:41.154 [FXGL Background Thread 1 ] DEBUG GameApplication      - Initializing game
14:14:41.157 [FXGL Background Thread 1 ] DEBUG AssetLoaderService   - Loading from file system: /assets/textures/EmptyMap.png
14:14:41.312 [FXGL Background Thread 1 ] DEBUG AssetLoaderService   - Loading from file system: /assets/music/soundtrack.wav
14:14:41.375 [FXGL Background Thread 1 ] DEBUG AudioPlayer          - Playing music com.almasb.fxgl.audio.Music@1f51e9e5
14:14:41.382 [FXGL Background Thread 1 ] DEBUG AssetLoaderService   - Loading from file system: /assets/textures/player.png
14:14:41.383 [FXGL Background Thread 1 ] DEBUG AssetLoaderService   - Loading from cache: /assets/textures/player.png
14:14:41.383 [FXGL Background Thread 1 ] DEBUG AssetLoaderService   - Loading from cache: /assets/textures/player.png
14:14:41.383 [FXGL Background Thread 1 ] DEBUG AssetLoaderService   - Loading from cache: /assets/textures/player.png
14:14:41.384 [FXGL Background Thread 1 ] DEBUG AssetLoaderService   - Loading from cache: /assets/textures/player.png
14:14:41.384 [FXGL Background Thread 1 ] DEBUG AssetLoaderService   - Loading from cache: /assets/textures/player.png
14:14:41.386 [FXGL Background Thread 1 ] DEBUG AssetLoaderService   - Loading from file system: /assets/textures/bbox.png
14:14:41.390 [FXGL Background Thread 1 ] DEBUG AssetLoaderService   - Loading from file system: /assets/textures/froggysprite.png
14:14:41.390 [FXGL Background Thread 1 ] DEBUG AssetLoaderService   - Loading from cache: /assets/textures/froggysprite.png
14:14:41.391 [FXGL Background Thread 1 ] DEBUG AssetLoaderService   - Loading from cache: /assets/textures/froggysprite.png
14:14:41.391 [FXGL Background Thread 1 ] DEBUG AssetLoaderService   - Loading from cache: /assets/textures/bbox.png
14:14:41.392 [FXGL Background Thread 1 ] DEBUG AssetLoaderService   - Loading from file system: /assets/textures/bush.png
14:14:41.392 [FXGL Background Thread 1 ] DEBUG AssetLoaderService   - Loading from cache: /assets/textures/bush.png
14:14:41.393 [FXGL Background Thread 1 ] DEBUG AssetLoaderService   - Loading from file system: /assets/textures/rock.png
14:14:41.394 [FXGL Background Thread 1 ] DEBUG AssetLoaderService   - Loading from cache: /assets/textures/rock.png
14:14:41.394 [FXGL Background Thread 1 ] DEBUG AssetLoaderService   - Loading from file system: /assets/textures/tree.png
14:14:41.395 [FXGL Background Thread 1 ] DEBUG AssetLoaderService   - Loading from cache: /assets/textures/bush.png
14:14:41.396 [FXGL Background Thread 1 ] DEBUG AssetLoaderService   - Loading from cache: /assets/textures/tree.png
14:14:41.396 [FXGL Background Thread 1 ] DEBUG AssetLoaderService   - Loading from cache: /assets/textures/bush.png
14:14:41.397 [FXGL Background Thread 1 ] DEBUG AssetLoaderService   - Loading from file system: /assets/textures/appletree.png
14:14:41.398 [FXGL Background Thread 1 ] DEBUG AssetLoaderService   - Loading from cache: /assets/textures/bush.png
14:14:41.399 [FXGL Background Thread 1 ] DEBUG AssetLoaderService   - Loading from cache: /assets/textures/tree.png
14:14:41.399 [FXGL Background Thread 1 ] DEBUG AssetLoaderService   - Loading from cache: /assets/textures/bush.png
14:14:41.399 [FXGL Background Thread 1 ] DEBUG AssetLoaderService   - Loading from cache: /assets/textures/appletree.png
14:14:41.400 [FXGL Background Thread 1 ] DEBUG AssetLoaderService   - Loading from cache: /assets/textures/bush.png
14:14:41.400 [FXGL Background Thread 1 ] DEBUG AssetLoaderService   - Loading from cache: /assets/textures/appletree.png
14:14:41.401 [FXGL Background Thread 1 ] DEBUG AssetLoaderService   - Loading from cache: /assets/textures/bush.png
14:14:41.401 [FXGL Background Thread 1 ] DEBUG AssetLoaderService   - Loading from cache: /assets/textures/tree.png
14:14:41.402 [FXGL Background Thread 1 ] DEBUG AssetLoaderService   - Loading from cache: /assets/textures/bush.png
14:14:41.402 [FXGL Background Thread 1 ] DEBUG AssetLoaderService   - Loading from cache: /assets/textures/tree.png
14:14:41.403 [FXGL Background Thread 1 ] DEBUG AssetLoaderService   - Loading from cache: /assets/textures/bush.png
14:14:41.403 [FXGL Background Thread 1 ] DEBUG AssetLoaderService   - Loading from cache: /assets/textures/tree.png
14:14:41.404 [FXGL Background Thread 1 ] DEBUG AssetLoaderService   - Loading from cache: /assets/textures/bush.png
14:14:41.404 [FXGL Background Thread 1 ] DEBUG AssetLoaderService   - Loading from cache: /assets/textures/bush.png
14:14:41.404 [FXGL Background Thread 1 ] DEBUG AssetLoaderService   - Loading from cache: /assets/textures/tree.png
14:14:41.405 [FXGL Background Thread 1 ] DEBUG AssetLoaderService   - Loading from cache: /assets/textures/tree.png
14:14:41.406 [FXGL Background Thread 1 ] DEBUG AssetLoaderService   - Loading from cache: /assets/textures/tree.png
14:14:41.406 [FXGL Background Thread 1 ] DEBUG AssetLoaderService   - Loading from cache: /assets/textures/bush.png
14:14:41.407 [FXGL Background Thread 1 ] DEBUG AssetLoaderService   - Loading from cache: /assets/textures/tree.png
14:14:41.407 [FXGL Background Thread 1 ] DEBUG AssetLoaderService   - Loading from cache: /assets/textures/bush.png
14:14:41.408 [FXGL Background Thread 1 ] DEBUG AssetLoaderService   - Loading from cache: /assets/textures/appletree.png
14:14:41.408 [FXGL Background Thread 1 ] DEBUG AssetLoaderService   - Loading from cache: /assets/textures/bush.png
14:14:41.409 [FXGL Background Thread 1 ] DEBUG AssetLoaderService   - Loading from cache: /assets/textures/tree.png
14:14:41.410 [FXGL Background Thread 1 ] DEBUG AssetLoaderService   - Loading from cache: /assets/textures/bush.png
14:14:41.410 [FXGL Background Thread 1 ] DEBUG AssetLoaderService   - Loading from cache: /assets/textures/appletree.png
14:14:41.411 [FXGL Background Thread 1 ] DEBUG AssetLoaderService   - Loading from cache: /assets/textures/bush.png
14:14:41.412 [FXGL Background Thread 1 ] DEBUG AssetLoaderService   - Loading from cache: /assets/textures/appletree.png
14:14:41.412 [FXGL Background Thread 1 ] DEBUG AssetLoaderService   - Loading from cache: /assets/textures/appletree.png
14:14:41.413 [FXGL Background Thread 1 ] DEBUG AssetLoaderService   - Loading from cache: /assets/textures/appletree.png
14:14:41.413 [FXGL Background Thread 1 ] DEBUG AssetLoaderService   - Loading from cache: /assets/textures/appletree.png
14:14:41.414 [FXGL Background Thread 1 ] DEBUG AssetLoaderService   - Loading from cache: /assets/textures/appletree.png
14:14:41.414 [FXGL Background Thread 1 ] DEBUG AssetLoaderService   - Loading from cache: /assets/textures/tree.png
14:14:41.414 [FXGL Background Thread 1 ] DEBUG AssetLoaderService   - Loading from cache: /assets/textures/tree.png
14:14:41.415 [FXGL Background Thread 1 ] DEBUG AssetLoaderService   - Loading from cache: /assets/textures/appletree.png
14:14:41.415 [FXGL Background Thread 1 ] DEBUG AssetLoaderService   - Loading from cache: /assets/textures/bush.png
14:14:41.416 [FXGL Background Thread 1 ] DEBUG AssetLoaderService   - Loading from cache: /assets/textures/appletree.png
14:14:41.416 [FXGL Background Thread 1 ] DEBUG AssetLoaderService   - Loading from cache: /assets/textures/bush.png
14:14:41.416 [FXGL Background Thread 1 ] DEBUG AssetLoaderService   - Loading from cache: /assets/textures/rock.png
14:14:41.417 [FXGL Background Thread 1 ] DEBUG AssetLoaderService   - Loading from cache: /assets/textures/tree.png
14:14:41.417 [FXGL Background Thread 1 ] DEBUG AssetLoaderService   - Loading from cache: /assets/textures/rock.png
14:14:41.418 [FXGL Background Thread 1 ] DEBUG AssetLoaderService   - Loading from cache: /assets/textures/appletree.png
14:14:41.418 [FXGL Background Thread 1 ] DEBUG AssetLoaderService   - Loading from cache: /assets/textures/appletree.png
14:14:41.419 [FXGL Background Thread 1 ] DEBUG AssetLoaderService   - Loading from file system: /assets/textures/lighthouse.png
14:14:41.420 [FXGL Background Thread 1 ] DEBUG AssetLoaderService   - Loading from file system: /assets/textures/greenhouse.png
14:14:41.421 [FXGL Background Thread 1 ] DEBUG AssetLoaderService   - Loading from file system: /assets/textures/bluehouse.png
14:14:41.422 [FXGL Background Thread 1 ] DEBUG AssetLoaderService   - Loading from file system: /assets/textures/redhouse.png
14:14:41.423 [FXGL Background Thread 1 ] DEBUG AssetLoaderService   - Loading from cache: /assets/textures/redhouse.png
14:14:41.423 [FXGL Background Thread 1 ] DEBUG AssetLoaderService   - Loading from cache: /assets/textures/bluehouse.png
14:14:41.423 [FXGL Background Thread 1 ] DEBUG AssetLoaderService   - Loading from cache: /assets/textures/bluehouse.png
14:14:41.424 [FXGL Background Thread 1 ] DEBUG AssetLoaderService   - Loading from cache: /assets/textures/redhouse.png
14:14:41.424 [FXGL Background Thread 1 ] DEBUG AssetLoaderService   - Loading from cache: /assets/textures/bluehouse.png
14:14:41.424 [FXGL Background Thread 1 ] DEBUG AssetLoaderService   - Loading from cache: /assets/textures/redhouse.png
14:14:41.425 [FXGL Background Thread 1 ] DEBUG AssetLoaderService   - Loading from cache: /assets/textures/lighthouse.png
14:14:41.425 [FXGL Background Thread 1 ] DEBUG AssetLoaderService   - Loading from cache: /assets/textures/greenhouse.png
14:14:41.426 [FXGL Background Thread 1 ] INFO  GameApplication      - Game initialization took: 0.272 sec
14:14:41.428 [JavaFX Application Thread] DEBUG Input                - Clearing active input actions
14:14:41.453 [JavaFX Application Thread] DEBUG WindowService        - Removing overlay from FXGLLoadingScene and adding to GameScene
14:14:41.453 [JavaFX Application Thread] DEBUG MainWindow           - FXGLLoadingScene -> GameScene
14:14:42.452 [JavaFX Application Thread] DEBUG AssetLoaderService   - Loading from file system: /assets/sounds/bump.wav
14:14:42.484 [JavaFX Application Thread] DEBUG AssetLoaderService   - Loading from cache: /assets/sounds/bump.wav
14:14:43.956 [FXGL Background Thread 2 ] DEBUG Engine               - Logging environment variables
14:14:43.956 [FXGL Background Thread 2 ] DEBUG Engine               - achievements: []
14:14:43.956 [FXGL Background Thread 2 ] DEBUG Engine               - language: ObjectProperty [value: ENGLISH]
14:14:43.956 [FXGL Background Thread 2 ] DEBUG Engine               - isCloseConfirmation: false
14:14:43.956 [FXGL Background Thread 2 ] DEBUG Engine               - isProfilingEnabled: false
14:14:43.956 [FXGL Background Thread 2 ] DEBUG Engine               - soundNotification: core/notification.wav
14:14:43.956 [FXGL Background Thread 2 ] DEBUG Engine               - devShowBBoxProperty: BooleanProperty [value: false]
14:14:43.956 [FXGL Background Thread 2 ] DEBUG Engine               - pixelsPerMeter: 50.0
14:14:43.956 [FXGL Background Thread 2 ] DEBUG Engine               - appIcon: fxgl_icon.png
14:14:43.956 [FXGL Background Thread 2 ] DEBUG Engine               - soundMenuBack: menu/back.wav
14:14:43.956 [FXGL Background Thread 2 ] DEBUG Engine               - isFullScreenAllowed: false
14:14:43.956 [FXGL Background Thread 2 ] DEBUG Engine               - isIntroEnabled: false
14:14:43.956 [FXGL Background Thread 2 ] DEBUG Engine               - fontMono: lucida_console.ttf
14:14:43.957 [FXGL Background Thread 2 ] DEBUG Engine               - soundMenuSelect: menu/select.wav
14:14:43.957 [FXGL Background Thread 2 ] DEBUG Engine               - isWindows: true
14:14:43.957 [FXGL Background Thread 2 ] DEBUG Engine               - isMobile: false
14:14:43.957 [FXGL Background Thread 2 ] DEBUG Engine               - isUserProfileEnabled: false
14:14:43.957 [FXGL Background Thread 2 ] DEBUG Engine               - height: 640
14:14:43.957 [FXGL Background Thread 2 ] DEBUG Engine               - isExperimentalNative: false
14:14:43.957 [FXGL Background Thread 2 ] DEBUG Engine               - settings: Title: FriendMaker2077
Version: 0.1
Width: 640
Height: 640
Fullscreen: false
Intro: false
Menus: false
Profiling: false
Single step:false
App Mode: DEVELOPER
Menu Key: ESCAPE
Stage Style: DECORATED
Scene Factory: class ui.MenuFactory

14:14:43.957 [FXGL Background Thread 2 ] DEBUG Engine               - isSingleStep: false
14:14:43.957 [FXGL Background Thread 2 ] DEBUG Engine               - cSSList: [fxgl_dark.css]
14:14:43.957 [FXGL Background Thread 2 ] DEBUG Engine               - fontGame: Abel-Regular.ttf
14:14:43.957 [FXGL Background Thread 2 ] DEBUG Engine               - menuKey: ESCAPE
14:14:43.957 [FXGL Background Thread 2 ] DEBUG Engine               - devShowPositionProperty: BooleanProperty [value: false]
14:14:43.957 [FXGL Background Thread 2 ] DEBUG Engine               - versionCheckDays: 7
14:14:43.957 [FXGL Background Thread 2 ] DEBUG Engine               - configClass: Optional.empty
14:14:43.957 [FXGL Background Thread 2 ] DEBUG Engine               - isFullScreenFromStart: false
14:14:43.958 [FXGL Background Thread 2 ] DEBUG Engine               - version: 0.1
14:14:43.958 [FXGL Background Thread 2 ] DEBUG Engine               - fullScreen: BooleanProperty [value: false]
14:14:43.958 [FXGL Background Thread 2 ] DEBUG Engine               - randomSeed: -1
14:14:43.958 [FXGL Background Thread 2 ] DEBUG Engine               - gameDifficultyProperty: ObjectProperty [value: MEDIUM]
14:14:43.958 [FXGL Background Thread 2 ] DEBUG Engine               - applicationMode: DEVELOPER
14:14:43.958 [FXGL Background Thread 2 ] DEBUG Engine               - isMac: false
14:14:43.958 [FXGL Background Thread 2 ] DEBUG Engine               - isMenuEnabled: false
14:14:43.958 [FXGL Background Thread 2 ] DEBUG Engine               - urlPOM: https://raw.githubusercontent.com/AlmasB/FXGL/master/pom.xml
14:14:43.958 [FXGL Background Thread 2 ] DEBUG Engine               - profileName: StringProperty [value: DEFAULT]
14:14:43.958 [FXGL Background Thread 2 ] DEBUG Engine               - notificationViewClass: class com.almasb.fxgl.notification.view.XboxNotificationView
14:14:43.958 [FXGL Background Thread 2 ] DEBUG Engine               - devSensorColorProperty: ObjectProperty [value: 0xffff00ff]
14:14:43.958 [FXGL Background Thread 2 ] DEBUG Engine               - sceneFactory: ui.MenuFactory@c48bc95
14:14:43.958 [FXGL Background Thread 2 ] DEBUG Engine               - stageStyle: DECORATED
14:14:43.958 [FXGL Background Thread 2 ] DEBUG Engine               - isManualResizeEnabled: false
14:14:43.958 [FXGL Background Thread 2 ] DEBUG Engine               - title: FriendMaker2077
14:14:43.958 [FXGL Background Thread 2 ] DEBUG Engine               - platform: WINDOWS
14:14:43.959 [FXGL Background Thread 2 ] DEBUG Engine               - devBBoxColorProperty: ObjectProperty [value: 0xff0000ff]
14:14:43.959 [FXGL Background Thread 2 ] DEBUG Engine               - gameDifficulty: MEDIUM
14:14:43.959 [FXGL Background Thread 2 ] DEBUG Engine               - isDesktop: true
14:14:43.959 [FXGL Background Thread 2 ] DEBUG Engine               - supportedLanguages: [ENGLISH, FRENCH, GERMAN, HUNGARIAN, RUSSIAN]
14:14:43.959 [FXGL Background Thread 2 ] DEBUG Engine               - credits: []
14:14:43.959 [FXGL Background Thread 2 ] DEBUG Engine               - globalMusicVolumeProperty: DoubleProperty [value: 0.5]
14:14:43.959 [FXGL Background Thread 2 ] DEBUG Engine               - isPreserveResizeRatio: false
14:14:43.959 [FXGL Background Thread 2 ] DEBUG Engine               - fontText: Courier-Prime.ttf
14:14:43.959 [FXGL Background Thread 2 ] DEBUG Engine               - isExperimentalTiledLargeMap: false
14:14:43.959 [FXGL Background Thread 2 ] DEBUG Engine               - secondsIn24h: 60
14:14:43.959 [FXGL Background Thread 2 ] DEBUG Engine               - runtimeInfo: RuntimeInfo(platform=WINDOWS, version=11.8, build=08.03.2020 09.25)
14:14:43.959 [FXGL Background Thread 2 ] DEBUG Engine               - soundMenuPress: menu/press.wav
14:14:43.959 [FXGL Background Thread 2 ] DEBUG Engine               - isLinux: false
14:14:43.959 [FXGL Background Thread 2 ] DEBUG Engine               - urlGithub: https://github.com/AlmasB/FXGL
14:14:43.959 [FXGL Background Thread 2 ] DEBUG Engine               - profileDir: profiles/
14:14:43.959 [FXGL Background Thread 2 ] DEBUG Engine               - globalSoundVolumeProperty: DoubleProperty [value: 0.5]
14:14:43.959 [FXGL Background Thread 2 ] DEBUG Engine               - isDeveloperMenuEnabled: false
14:14:43.959 [FXGL Background Thread 2 ] DEBUG Engine               - mainWindow: com.almasb.fxgl.app.MainWindow@87729c4
14:14:43.959 [FXGL Background Thread 2 ] DEBUG Engine               - isBrowser: false
14:14:43.960 [FXGL Background Thread 2 ] DEBUG Engine               - globalSoundVolume: 0.5
14:14:43.960 [FXGL Background Thread 2 ] DEBUG Engine               - urlLeaderboard: http://fxgl-top.herokuapp.com/
14:14:43.960 [FXGL Background Thread 2 ] DEBUG Engine               - engineServices: [class com.almasb.fxgl.app.GameApplication$GameApplicationService, class com.almasb.fxgl.app.services.WindowService, class com.almasb.fxgl.app.services.FXGLDialogService, class com.almasb.fxgl.app.services.IOTaskExecutorService, class com.almasb.fxgl.event.EventBusService, class com.almasb.fxgl.io.FileSystemService, class com.almasb.fxgl.localization.LocalizationService, class com.almasb.fxgl.app.services.AssetLoaderService, class com.almasb.fxgl.app.services.SystemBundleService, class com.almasb.fxgl.profile.SaveLoadService, class com.almasb.fxgl.ui.FXGLUIFactoryServiceProvider, class com.almasb.fxgl.ui.FXGLDialogFactoryServiceProvider, class com.almasb.fxgl.audio.AudioPlayer, class com.almasb.fxgl.notification.impl.NotificationServiceProvider, class com.almasb.fxgl.achievement.AchievementService, class com.almasb.fxgl.cutscene.CutsceneService, class com.almasb.fxgl.minigames.MiniGameService, class com.almasb.fxgl.net.NetService, class com.almasb.fxgl.app.services.UpdaterService]
14:14:43.960 [FXGL Background Thread 2 ] DEBUG Engine               - globalMusicVolume: 0.5
14:14:43.960 [FXGL Background Thread 2 ] DEBUG Engine               - width: 640
14:14:43.960 [FXGL Background Thread 2 ] DEBUG Engine               - saveFileExt: sav
14:14:43.960 [FXGL Background Thread 2 ] DEBUG Engine               - isAndroid: false
14:14:43.960 [FXGL Background Thread 2 ] DEBUG Engine               - fontUI: VarelaRound-Regular.ttf
14:14:43.960 [FXGL Background Thread 2 ] DEBUG Engine               - enabledMenuItems: []
14:14:43.960 [FXGL Background Thread 2 ] DEBUG Engine               - isIOS: false
14:14:43.960 [FXGL Background Thread 2 ] DEBUG Engine               - Logging services
14:14:43.960 [FXGL Background Thread 2 ] DEBUG Engine               - class com.almasb.fxgl.app.GameApplication$GameApplicationService
14:14:43.960 [FXGL Background Thread 2 ] DEBUG Engine               - class com.almasb.fxgl.app.services.WindowService
14:14:43.960 [FXGL Background Thread 2 ] DEBUG Engine               - class com.almasb.fxgl.app.services.FXGLDialogService
14:14:43.960 [FXGL Background Thread 2 ] DEBUG Engine               - class com.almasb.fxgl.app.services.IOTaskExecutorService
14:14:43.960 [FXGL Background Thread 2 ] DEBUG Engine               - class com.almasb.fxgl.event.EventBusService
14:14:43.960 [FXGL Background Thread 2 ] DEBUG Engine               - class com.almasb.fxgl.io.FileSystemService
14:14:43.960 [FXGL Background Thread 2 ] DEBUG Engine               - class com.almasb.fxgl.localization.LocalizationService
14:14:43.961 [FXGL Background Thread 2 ] DEBUG Engine               - class com.almasb.fxgl.app.services.AssetLoaderService
14:14:43.961 [FXGL Background Thread 2 ] DEBUG Engine               - class com.almasb.fxgl.app.services.SystemBundleService
14:14:43.961 [FXGL Background Thread 2 ] DEBUG Engine               - class com.almasb.fxgl.profile.SaveLoadService
14:14:43.961 [FXGL Background Thread 2 ] DEBUG Engine               - class com.almasb.fxgl.ui.FXGLUIFactoryServiceProvider
14:14:43.961 [FXGL Background Thread 2 ] DEBUG Engine               - class com.almasb.fxgl.ui.FXGLDialogFactoryServiceProvider
14:14:43.961 [FXGL Background Thread 2 ] DEBUG Engine               - class com.almasb.fxgl.audio.AudioPlayer
14:14:43.961 [FXGL Background Thread 2 ] DEBUG Engine               - class com.almasb.fxgl.notification.impl.NotificationServiceProvider
14:14:43.961 [FXGL Background Thread 2 ] DEBUG Engine               - class com.almasb.fxgl.achievement.AchievementService
14:14:43.961 [FXGL Background Thread 2 ] DEBUG Engine               - class com.almasb.fxgl.cutscene.CutsceneService
14:14:43.961 [FXGL Background Thread 2 ] DEBUG Engine               - class com.almasb.fxgl.minigames.MiniGameService
14:14:43.961 [FXGL Background Thread 2 ] DEBUG Engine               - class com.almasb.fxgl.net.NetService
14:14:43.961 [FXGL Background Thread 2 ] DEBUG Engine               - class com.almasb.fxgl.app.services.UpdaterService
14:14:45.892 [JavaFX Application Thread] DEBUG AssetLoaderService   - Loading from file system: /assets/sounds/move.wav
14:14:45.897 [JavaFX Application Thread] DEBUG Input                - Registered new binding: Next RPG Line - Enter
14:14:45.897 [JavaFX Application Thread] DEBUG MainWindow           - Push state: CutsceneScene
14:14:45.897 [JavaFX Application Thread] DEBUG Input                - Clearing active input actions
14:14:45.898 [JavaFX Application Thread] DEBUG WindowService        - Removing overlay from GameScene and adding to CutsceneScene
14:14:45.898 [JavaFX Application Thread] DEBUG MainWindow           - GameScene -> CutsceneScene
14:14:45.898 [JavaFX Application Thread] DEBUG LoopRunner           - Stopping loop
14:14:46.938 [JavaFX Application Thread] FATAL GameApplication      - Uncaught Exception:

Fatal exception occurred: java.lang.IllegalMonitorStateException : null
E: java.base/java.lang.Object.wait(Native Method)
E: application.GameApp$6.onCollisionBegin(GameApp.java:158)
E: com.almasb.fxgl.physics.CollisionPair.collisionBegin(CollisionPair.java:37)
E: com.almasb.fxgl.physics.PhysicsWorld.collisionBeginFor(PhysicsWorld.java:482)
E: com.almasb.fxgl.physics.PhysicsWorld.checkCollisions(PhysicsWorld.java:436)
E: com.almasb.fxgl.physics.PhysicsWorld.onUpdate(PhysicsWorld.java:181)
E: com.almasb.fxgl.app.scene.GameScene.step(GameScene.kt:116)
E: com.almasb.fxgl.app.scene.GameScene.onUpdate(GameScene.kt:111)
E: com.almasb.fxgl.scene.Scene.update(Scene.kt:75)
E: com.almasb.fxgl.app.MainWindow$update$1.invoke(MainWindow.kt:208)
E: com.almasb.fxgl.app.MainWindow$update$1.invoke(MainWindow.kt:38)
E: com.almasb.fxgl.core.fsm.StateMachine.runOnActiveStates(StateMachine.kt:60)
E: com.almasb.fxgl.app.MainWindow.update(MainWindow.kt:208)
E: com.almasb.fxgl.app.services.WindowService.onUpdate(WindowService.kt:115)
E: com.almasb.fxgl.app.Engine.loop(Engine.kt:129)
E: com.almasb.fxgl.app.Engine.access$loop(Engine.kt:25)
E: com.almasb.fxgl.app.Engine$loop$1.invoke(Engine.kt:29)
E: com.almasb.fxgl.app.Engine$loop$1.invoke(Engine.kt:25)
E: com.almasb.fxgl.app.LoopRunner.frame(LoopRunner.kt:86)
E: com.almasb.fxgl.app.LoopRunner.access$frame(LoopRunner.kt:17)
E: com.almasb.fxgl.app.LoopRunner$impl$2$1.handle(LoopRunner.kt:37)
E: javafx.graphics/javafx.animation.AnimationTimer$AnimationTimerReceiver.lambda$handle$0(AnimationTimer.java:57)
E: java.base/java.security.AccessController.doPrivileged(AccessController.java:391)
E: javafx.graphics/javafx.animation.AnimationTimer$AnimationTimerReceiver.handle(AnimationTimer.java:56)
E: javafx.graphics/com.sun.scenario.animation.AbstractMasterTimer.timePulseImpl(AbstractMasterTimer.java:357)
E: javafx.graphics/com.sun.scenario.animation.AbstractMasterTimer$MainLoop.run(AbstractMasterTimer.java:267)
E: javafx.graphics/com.sun.javafx.tk.quantum.QuantumToolkit.pulse(QuantumToolkit.java:515)
E: javafx.graphics/com.sun.javafx.tk.quantum.QuantumToolkit.pulse(QuantumToolkit.java:499)
E: javafx.graphics/com.sun.javafx.tk.quantum.QuantumToolkit.pulseFromQueue(QuantumToolkit.java:492)
E: javafx.graphics/com.sun.javafx.tk.quantum.QuantumToolkit.lambda$runToolkit$11(QuantumToolkit.java:320)
E: javafx.graphics/com.sun.glass.ui.InvokeLaterDispatcher$Future.run(InvokeLaterDispatcher.java:96)
E: javafx.graphics/com.sun.glass.ui.win.WinApplication._runLoop(Native Method)
E: javafx.graphics/com.sun.glass.ui.win.WinApplication.lambda$runLoop$3(WinApplication.java:174)
E: java.base/java.lang.Thread.run(Thread.java:830)

14:14:46.938 [JavaFX Application Thread] FATAL GameApplication      - Application will now exit
14:14:46.939 [JavaFX Application Thread] DEBUG GameApplication      - Exiting FXGL
14:14:46.939 [JavaFX Application Thread] DEBUG GameApplication      - Shutting down background threads
14:14:46.939 [JavaFX Application Thread] DEBUG GameApplication      - Closing logger and exiting JavaFX
