11:26:07.420 [main                     ] DEBUG GameApplication      - Logger initialized
11:26:07.430 [main                     ] DEBUG GameApplication      - Logging settings
Title: FriendMaker2077
Version: 0.1
Width: 640
Height: 640
Fullscreen: false
Intro: false
Menus: false
Profiling: false
Single step:false
App Mode: DEVELOPER
Menu Key: ESCAPE
Stage Style: DECORATED
Scene Factory: class ui.MenuFactory

11:26:07.576 [JavaFX Application Thread] DEBUG GameApplication      - Initializing FXGL
11:26:07.581 [JavaFX Application Thread] INFO  Engine               - FXGL-11.8 (08.03.2020 09.25) on WINDOWS (J:13.0.2 FX:11.0.2)
11:26:07.581 [JavaFX Application Thread] INFO  Engine               - Source code and latest versions at: https://github.com/AlmasB/FXGL
11:26:07.581 [JavaFX Application Thread] INFO  Engine               -              Join the FXGL chat at: https://gitter.im/AlmasB/FXGL
11:26:07.641 [JavaFX Application Thread] DEBUG MainWindow           - Creating a JavaFX scene
11:26:07.669 [JavaFX Application Thread] DEBUG MainWindow           - Target settings size: 640.0 x 640.0
11:26:07.670 [JavaFX Application Thread] DEBUG MainWindow           - Scaled scene size:    640.0 x 640.0
11:26:07.670 [JavaFX Application Thread] DEBUG MainWindow           - Scaled ratio: (1.0, 1.0)
11:26:07.670 [JavaFX Application Thread] DEBUG MainWindow           - Set initial scene to FXGLStartupScene
11:26:07.674 [JavaFX Application Thread] DEBUG MainWindow           - Opening main window
11:26:07.722 [JavaFX Application Thread] DEBUG MainWindow           - Window border size: (16.0, 39.0)
11:26:07.722 [JavaFX Application Thread] DEBUG MainWindow           - Scaled size: 640.0 x 640.0
11:26:07.722 [JavaFX Application Thread] DEBUG MainWindow           - Scaled ratio: (1.0, 1.0)
11:26:07.723 [JavaFX Application Thread] DEBUG MainWindow           - Scene size: 640.0 x 640.0
11:26:07.723 [JavaFX Application Thread] DEBUG MainWindow           - Stage size: 656.0 x 679.0
11:26:07.726 [FXGL Background Thread 1 ] DEBUG Engine               - Initializing environment variables
11:26:07.743 [FXGL Background Thread 1 ] DEBUG WindowService        - Applying CSS: fxgl_dark.css
11:26:07.743 [FXGL Background Thread 1 ] DEBUG AssetLoaderService   - Loading from file system: /assets/ui/css/fxgl_dark.css
11:26:07.770 [FXGL Background Thread 1 ] DEBUG WindowService        - Initializing application scenes
11:26:07.787 [FXGL Background Thread 1 ] DEBUG GameWorld            - Game world initialized
11:26:07.809 [FXGL Background Thread 1 ] DEBUG PhysicsWorld         - Physics world initialized: appHeight=640, physics.ppm=50.0
11:26:07.810 [FXGL Background Thread 1 ] DEBUG GameScene            - Game scene initialized: 640x640
11:26:07.815 [FXGL Background Thread 1 ] DEBUG Input                - Registered new binding: Resume - Esc
11:26:07.823 [FXGL Background Thread 1 ] DEBUG Input                - Registered new binding: Pause - Esc
11:26:07.823 [FXGL Background Thread 1 ] DEBUG WindowService        - Application scenes initialized
11:26:07.829 [FXGL Background Thread 1 ] DEBUG SystemBundleService  - Loading FXGL system data
11:26:07.832 [FXGL Background Thread 1 ] DEBUG FileSystemAccess     - Reading from: C:\Users\otinn\git\FriendMaker2077-07-03\Project\system\fxgl.bundle
11:26:07.837 [FXGL Background Thread 1 ] DEBUG SystemBundleService  - Bundle FXGL: {}
11:26:07.837 [FXGL Background Thread 1 ] INFO  Engine               - FXGL initialization took: 0.110 sec
11:26:07.838 [FXGL Background Thread 1 ] DEBUG GameApplication      - Loading localizations
11:26:07.838 [FXGL Background Thread 1 ] DEBUG AssetLoaderService   - Loading from file system: /assets/properties/languages/english.properties
11:26:07.840 [FXGL Background Thread 1 ] DEBUG AssetLoaderService   - Loading from file system: /assets/properties/languages/french.properties
11:26:07.841 [FXGL Background Thread 1 ] DEBUG AssetLoaderService   - Loading from file system: /assets/properties/languages/german.properties
11:26:07.842 [FXGL Background Thread 1 ] DEBUG AssetLoaderService   - Loading from file system: /assets/properties/languages/hungarian.properties
11:26:07.843 [FXGL Background Thread 1 ] DEBUG AssetLoaderService   - Loading from file system: /assets/properties/languages/russian.properties
11:26:07.844 [FXGL Background Thread 1 ] DEBUG GameApplication      - Registering font factories with UI factory
11:26:07.844 [FXGL Background Thread 1 ] DEBUG AssetLoaderService   - Loading from file system: /assets/ui/fonts/VarelaRound-Regular.ttf
11:26:07.951 [FXGL Background Thread 1 ] DEBUG AssetLoaderService   - Loading from file system: /assets/ui/fonts/Abel-Regular.ttf
11:26:07.957 [FXGL Background Thread 1 ] DEBUG AssetLoaderService   - Loading from file system: /assets/ui/fonts/lucida_console.ttf
11:26:07.964 [FXGL Background Thread 1 ] DEBUG AssetLoaderService   - Loading from file system: /assets/ui/fonts/Courier-Prime.ttf
11:26:07.972 [JavaFX Application Thread] DEBUG Input                - Registered new binding: Move Right - D
11:26:07.972 [JavaFX Application Thread] DEBUG Input                - Registered new binding: Move Left - A
11:26:07.972 [JavaFX Application Thread] DEBUG Input                - Registered new binding: Move Up - W
11:26:07.972 [JavaFX Application Thread] DEBUG Input                - Registered new binding: Move Down - S
11:26:07.972 [JavaFX Application Thread] DEBUG Input                - Registered new binding: Play Sound - F
11:26:07.973 [JavaFX Application Thread] DEBUG AssetLoaderService   - Loading from file system: /assets/textures/fxgl_icon.png
11:26:08.001 [JavaFX Application Thread] DEBUG AssetLoaderService   - Loading from file system: /assets/ui/cursors/fxgl_default.png
11:26:08.002 [JavaFX Application Thread] DEBUG Input                - Registered new binding: Screenshot - P
11:26:08.003 [JavaFX Application Thread] DEBUG Input                - Registered new binding: System info dump - CTRL+9
11:26:08.003 [JavaFX Application Thread] DEBUG Input                - Registered new binding: Restart - CTRL+R
11:26:08.003 [JavaFX Application Thread] DEBUG LoopRunner           - Starting loop
11:26:08.019 [JavaFX Application Thread] DEBUG FXGLStartupScene     - STARTUP
11:26:08.019 [JavaFX Application Thread] DEBUG WindowService        - Starting new game
11:26:08.020 [JavaFX Application Thread] DEBUG Input                - Clearing active input actions
11:26:08.028 [JavaFX Application Thread] DEBUG WindowService        - Removing overlay from FXGLStartupScene and adding to FXGLLoadingScene
11:26:08.028 [JavaFX Application Thread] DEBUG MainWindow           - FXGLStartupScene -> FXGLLoadingScene
11:26:08.028 [JavaFX Application Thread] DEBUG WindowService        - Clearing previous game
11:26:08.028 [JavaFX Application Thread] DEBUG GameScene            - Clearing game scene
11:26:08.028 [JavaFX Application Thread] DEBUG GameWorld            - Clearing game world
11:26:08.028 [JavaFX Application Thread] DEBUG PhysicsWorld         - Clearing physics world
11:26:08.029 [FXGL Background Thread 1 ] DEBUG GameApplication      - Initializing game
11:26:08.032 [FXGL Background Thread 1 ] DEBUG AssetLoaderService   - Loading from file system: /assets/textures/EmptyMap.png
11:26:08.199 [FXGL Background Thread 1 ] DEBUG AssetLoaderService   - Loading from file system: /assets/textures/CharacterSprite.png
11:26:08.200 [FXGL Background Thread 1 ] DEBUG AssetLoaderService   - Loading from cache: /assets/textures/CharacterSprite.png
11:26:08.200 [FXGL Background Thread 1 ] DEBUG AssetLoaderService   - Loading from cache: /assets/textures/CharacterSprite.png
11:26:08.200 [FXGL Background Thread 1 ] DEBUG AssetLoaderService   - Loading from cache: /assets/textures/CharacterSprite.png
11:26:08.200 [FXGL Background Thread 1 ] DEBUG AssetLoaderService   - Loading from cache: /assets/textures/CharacterSprite.png
11:26:08.201 [FXGL Background Thread 1 ] DEBUG AssetLoaderService   - Loading from cache: /assets/textures/CharacterSprite.png
11:26:08.201 [FXGL Background Thread 1 ] DEBUG AssetLoaderService   - Loading from cache: /assets/textures/CharacterSprite.png
11:26:08.201 [FXGL Background Thread 1 ] DEBUG AssetLoaderService   - Loading from cache: /assets/textures/CharacterSprite.png
11:26:08.203 [FXGL Background Thread 1 ] DEBUG AssetLoaderService   - Loading from file system: /assets/textures/bbox.png
11:26:08.207 [FXGL Background Thread 1 ] DEBUG AssetLoaderService   - Loading from file system: /assets/textures/blueHouse.png
11:26:08.209 [FXGL Background Thread 1 ] DEBUG AssetLoaderService   - Loading from file system: /assets/textures/brick.png
11:26:08.210 [FXGL Background Thread 1 ] INFO  GameApplication      - Game initialization took: 0.180 sec
11:26:08.214 [JavaFX Application Thread] DEBUG Input                - Clearing active input actions
11:26:08.222 [JavaFX Application Thread] DEBUG WindowService        - Removing overlay from FXGLLoadingScene and adding to GameScene
11:26:08.222 [JavaFX Application Thread] DEBUG MainWindow           - FXGLLoadingScene -> GameScene
11:26:09.239 [JavaFX Application Thread] DEBUG AssetLoaderService   - Loading from file system: /assets/textures/BigMap.png
11:26:10.840 [FXGL Background Thread 2 ] DEBUG Engine               - Logging environment variables
11:26:10.840 [FXGL Background Thread 2 ] DEBUG Engine               - achievements: []
11:26:10.840 [FXGL Background Thread 2 ] DEBUG Engine               - language: ObjectProperty [value: ENGLISH]
11:26:10.840 [FXGL Background Thread 2 ] DEBUG Engine               - isCloseConfirmation: false
11:26:10.840 [FXGL Background Thread 2 ] DEBUG Engine               - isProfilingEnabled: false
11:26:10.840 [FXGL Background Thread 2 ] DEBUG Engine               - soundNotification: core/notification.wav
11:26:10.840 [FXGL Background Thread 2 ] DEBUG Engine               - devShowBBoxProperty: BooleanProperty [value: false]
11:26:10.840 [FXGL Background Thread 2 ] DEBUG Engine               - pixelsPerMeter: 50.0
11:26:10.840 [FXGL Background Thread 2 ] DEBUG Engine               - appIcon: fxgl_icon.png
11:26:10.840 [FXGL Background Thread 2 ] DEBUG Engine               - soundMenuBack: menu/back.wav
11:26:10.840 [FXGL Background Thread 2 ] DEBUG Engine               - isFullScreenAllowed: false
11:26:10.840 [FXGL Background Thread 2 ] DEBUG Engine               - isIntroEnabled: false
11:26:10.841 [FXGL Background Thread 2 ] DEBUG Engine               - fontMono: lucida_console.ttf
11:26:10.841 [FXGL Background Thread 2 ] DEBUG Engine               - soundMenuSelect: menu/select.wav
11:26:10.841 [FXGL Background Thread 2 ] DEBUG Engine               - isWindows: true
11:26:10.841 [FXGL Background Thread 2 ] DEBUG Engine               - isUserProfileEnabled: false
11:26:10.841 [FXGL Background Thread 2 ] DEBUG Engine               - isMobile: false
11:26:10.841 [FXGL Background Thread 2 ] DEBUG Engine               - height: 640
11:26:10.841 [FXGL Background Thread 2 ] DEBUG Engine               - isExperimentalNative: false
11:26:10.841 [FXGL Background Thread 2 ] DEBUG Engine               - settings: Title: FriendMaker2077
Version: 0.1
Width: 640
Height: 640
Fullscreen: false
Intro: false
Menus: false
Profiling: false
Single step:false
App Mode: DEVELOPER
Menu Key: ESCAPE
Stage Style: DECORATED
Scene Factory: class ui.MenuFactory

11:26:10.841 [FXGL Background Thread 2 ] DEBUG Engine               - cSSList: [fxgl_dark.css]
11:26:10.841 [FXGL Background Thread 2 ] DEBUG Engine               - isSingleStep: false
11:26:10.841 [FXGL Background Thread 2 ] DEBUG Engine               - fontGame: Abel-Regular.ttf
11:26:10.841 [FXGL Background Thread 2 ] DEBUG Engine               - menuKey: ESCAPE
11:26:10.841 [FXGL Background Thread 2 ] DEBUG Engine               - devShowPositionProperty: BooleanProperty [value: false]
11:26:10.841 [FXGL Background Thread 2 ] DEBUG Engine               - versionCheckDays: 7
11:26:10.841 [FXGL Background Thread 2 ] DEBUG Engine               - configClass: Optional.empty
11:26:10.842 [FXGL Background Thread 2 ] DEBUG Engine               - isFullScreenFromStart: false
11:26:10.842 [FXGL Background Thread 2 ] DEBUG Engine               - version: 0.1
11:26:10.842 [FXGL Background Thread 2 ] DEBUG Engine               - fullScreen: BooleanProperty [value: false]
11:26:10.842 [FXGL Background Thread 2 ] DEBUG Engine               - randomSeed: -1
11:26:10.842 [FXGL Background Thread 2 ] DEBUG Engine               - gameDifficultyProperty: ObjectProperty [value: MEDIUM]
11:26:10.842 [FXGL Background Thread 2 ] DEBUG Engine               - applicationMode: DEVELOPER
11:26:10.842 [FXGL Background Thread 2 ] DEBUG Engine               - isMac: false
11:26:10.842 [FXGL Background Thread 2 ] DEBUG Engine               - isMenuEnabled: false
11:26:10.842 [FXGL Background Thread 2 ] DEBUG Engine               - urlPOM: https://raw.githubusercontent.com/AlmasB/FXGL/master/pom.xml
11:26:10.842 [FXGL Background Thread 2 ] DEBUG Engine               - profileName: StringProperty [value: DEFAULT]
11:26:10.842 [FXGL Background Thread 2 ] DEBUG Engine               - notificationViewClass: class com.almasb.fxgl.notification.view.XboxNotificationView
11:26:10.842 [FXGL Background Thread 2 ] DEBUG Engine               - devSensorColorProperty: ObjectProperty [value: 0xffff00ff]
11:26:10.842 [FXGL Background Thread 2 ] DEBUG Engine               - sceneFactory: ui.MenuFactory@198dba5
11:26:10.842 [FXGL Background Thread 2 ] DEBUG Engine               - stageStyle: DECORATED
11:26:10.842 [FXGL Background Thread 2 ] DEBUG Engine               - isManualResizeEnabled: false
11:26:10.843 [FXGL Background Thread 2 ] DEBUG Engine               - title: FriendMaker2077
11:26:10.843 [FXGL Background Thread 2 ] DEBUG Engine               - platform: WINDOWS
11:26:10.843 [FXGL Background Thread 2 ] DEBUG Engine               - devBBoxColorProperty: ObjectProperty [value: 0xff0000ff]
11:26:10.843 [FXGL Background Thread 2 ] DEBUG Engine               - gameDifficulty: MEDIUM
11:26:10.843 [FXGL Background Thread 2 ] DEBUG Engine               - isDesktop: true
11:26:10.843 [FXGL Background Thread 2 ] DEBUG Engine               - supportedLanguages: [ENGLISH, FRENCH, GERMAN, HUNGARIAN, RUSSIAN]
11:26:10.843 [FXGL Background Thread 2 ] DEBUG Engine               - globalMusicVolumeProperty: DoubleProperty [value: 0.5]
11:26:10.843 [FXGL Background Thread 2 ] DEBUG Engine               - credits: []
11:26:10.843 [FXGL Background Thread 2 ] DEBUG Engine               - isPreserveResizeRatio: false
11:26:10.843 [FXGL Background Thread 2 ] DEBUG Engine               - fontText: Courier-Prime.ttf
11:26:10.843 [FXGL Background Thread 2 ] DEBUG Engine               - isExperimentalTiledLargeMap: false
11:26:10.843 [FXGL Background Thread 2 ] DEBUG Engine               - secondsIn24h: 60
11:26:10.843 [FXGL Background Thread 2 ] DEBUG Engine               - runtimeInfo: RuntimeInfo(platform=WINDOWS, version=11.8, build=08.03.2020 09.25)
11:26:10.843 [FXGL Background Thread 2 ] DEBUG Engine               - soundMenuPress: menu/press.wav
11:26:10.843 [FXGL Background Thread 2 ] DEBUG Engine               - urlGithub: https://github.com/AlmasB/FXGL
11:26:10.844 [FXGL Background Thread 2 ] DEBUG Engine               - isLinux: false
11:26:10.844 [FXGL Background Thread 2 ] DEBUG Engine               - profileDir: profiles/
11:26:10.844 [FXGL Background Thread 2 ] DEBUG Engine               - globalSoundVolumeProperty: DoubleProperty [value: 0.5]
11:26:10.844 [FXGL Background Thread 2 ] DEBUG Engine               - isDeveloperMenuEnabled: false
11:26:10.844 [FXGL Background Thread 2 ] DEBUG Engine               - mainWindow: com.almasb.fxgl.app.MainWindow@5a74f4e
11:26:10.844 [FXGL Background Thread 2 ] DEBUG Engine               - globalSoundVolume: 0.5
11:26:10.844 [FXGL Background Thread 2 ] DEBUG Engine               - isBrowser: false
11:26:10.844 [FXGL Background Thread 2 ] DEBUG Engine               - urlLeaderboard: http://fxgl-top.herokuapp.com/
11:26:10.844 [FXGL Background Thread 2 ] DEBUG Engine               - engineServices: [class com.almasb.fxgl.app.GameApplication$GameApplicationService, class com.almasb.fxgl.app.services.WindowService, class com.almasb.fxgl.app.services.FXGLDialogService, class com.almasb.fxgl.app.services.IOTaskExecutorService, class com.almasb.fxgl.event.EventBusService, class com.almasb.fxgl.io.FileSystemService, class com.almasb.fxgl.localization.LocalizationService, class com.almasb.fxgl.app.services.AssetLoaderService, class com.almasb.fxgl.app.services.SystemBundleService, class com.almasb.fxgl.profile.SaveLoadService, class com.almasb.fxgl.ui.FXGLUIFactoryServiceProvider, class com.almasb.fxgl.ui.FXGLDialogFactoryServiceProvider, class com.almasb.fxgl.audio.AudioPlayer, class com.almasb.fxgl.notification.impl.NotificationServiceProvider, class com.almasb.fxgl.achievement.AchievementService, class com.almasb.fxgl.cutscene.CutsceneService, class com.almasb.fxgl.minigames.MiniGameService, class com.almasb.fxgl.net.NetService, class com.almasb.fxgl.app.services.UpdaterService]
11:26:10.844 [FXGL Background Thread 2 ] DEBUG Engine               - globalMusicVolume: 0.5
11:26:10.844 [FXGL Background Thread 2 ] DEBUG Engine               - width: 640
11:26:10.844 [FXGL Background Thread 2 ] DEBUG Engine               - saveFileExt: sav
11:26:10.844 [FXGL Background Thread 2 ] DEBUG Engine               - isAndroid: false
11:26:10.844 [FXGL Background Thread 2 ] DEBUG Engine               - fontUI: VarelaRound-Regular.ttf
11:26:10.845 [FXGL Background Thread 2 ] DEBUG Engine               - enabledMenuItems: []
11:26:10.845 [FXGL Background Thread 2 ] DEBUG Engine               - isIOS: false
11:26:10.845 [FXGL Background Thread 2 ] DEBUG Engine               - Logging services
11:26:10.845 [FXGL Background Thread 2 ] DEBUG Engine               - class com.almasb.fxgl.app.GameApplication$GameApplicationService
11:26:10.845 [FXGL Background Thread 2 ] DEBUG Engine               - class com.almasb.fxgl.app.services.WindowService
11:26:10.845 [FXGL Background Thread 2 ] DEBUG Engine               - class com.almasb.fxgl.app.services.FXGLDialogService
11:26:10.845 [FXGL Background Thread 2 ] DEBUG Engine               - class com.almasb.fxgl.app.services.IOTaskExecutorService
11:26:10.845 [FXGL Background Thread 2 ] DEBUG Engine               - class com.almasb.fxgl.event.EventBusService
11:26:10.845 [FXGL Background Thread 2 ] DEBUG Engine               - class com.almasb.fxgl.io.FileSystemService
11:26:10.845 [FXGL Background Thread 2 ] DEBUG Engine               - class com.almasb.fxgl.localization.LocalizationService
11:26:10.845 [FXGL Background Thread 2 ] DEBUG Engine               - class com.almasb.fxgl.app.services.AssetLoaderService
11:26:10.845 [FXGL Background Thread 2 ] DEBUG Engine               - class com.almasb.fxgl.app.services.SystemBundleService
11:26:10.845 [FXGL Background Thread 2 ] DEBUG Engine               - class com.almasb.fxgl.profile.SaveLoadService
11:26:10.845 [FXGL Background Thread 2 ] DEBUG Engine               - class com.almasb.fxgl.ui.FXGLUIFactoryServiceProvider
11:26:10.845 [FXGL Background Thread 2 ] DEBUG Engine               - class com.almasb.fxgl.ui.FXGLDialogFactoryServiceProvider
11:26:10.845 [FXGL Background Thread 2 ] DEBUG Engine               - class com.almasb.fxgl.audio.AudioPlayer
11:26:10.845 [FXGL Background Thread 2 ] DEBUG Engine               - class com.almasb.fxgl.notification.impl.NotificationServiceProvider
11:26:10.845 [FXGL Background Thread 2 ] DEBUG Engine               - class com.almasb.fxgl.achievement.AchievementService
11:26:10.845 [FXGL Background Thread 2 ] DEBUG Engine               - class com.almasb.fxgl.cutscene.CutsceneService
11:26:10.846 [FXGL Background Thread 2 ] DEBUG Engine               - class com.almasb.fxgl.minigames.MiniGameService
11:26:10.846 [FXGL Background Thread 2 ] DEBUG Engine               - class com.almasb.fxgl.net.NetService
11:26:10.846 [FXGL Background Thread 2 ] DEBUG Engine               - class com.almasb.fxgl.app.services.UpdaterService
11:26:35.796 [JavaFX Application Thread] DEBUG GameApplication      - Exiting FXGL
11:26:35.796 [JavaFX Application Thread] DEBUG LoopRunner           - Stopping loop
11:26:35.796 [JavaFX Application Thread] DEBUG SystemBundleService  - Saving FXGL system data
11:26:35.797 [JavaFX Application Thread] DEBUG FileSystemAccess     - Writing to: C:\Users\otinn\git\FriendMaker2077-07-03\Project\system\fxgl.bundle
11:26:35.799 [JavaFX Application Thread] DEBUG GameApplication      - Shutting down background threads
11:26:35.799 [JavaFX Application Thread] DEBUG GameApplication      - Closing logger and exiting JavaFX
