23:04:10.065 [main                     ] DEBUG GameApplication      - Logger initialized
23:04:10.075 [main                     ] DEBUG GameApplication      - Logging settings
Title: FriendMaker2077
Version: 0.1
Width: 640
Height: 640
Fullscreen: false
Intro: false
Menus: false
Profiling: false
Single step:false
App Mode: DEVELOPER
Menu Key: ESCAPE
Stage Style: DECORATED
Scene Factory: class ui.MenuFactory

23:04:10.347 [JavaFX Application Thread] DEBUG GameApplication      - Initializing FXGL
23:04:10.352 [JavaFX Application Thread] INFO  Engine               - FXGL-11.8 (08.03.2020 09.25) on WINDOWS (J:13.0.2 FX:13.0.2)
23:04:10.352 [JavaFX Application Thread] INFO  Engine               - Source code and latest versions at: https://github.com/AlmasB/FXGL
23:04:10.353 [JavaFX Application Thread] INFO  Engine               -              Join the FXGL chat at: https://gitter.im/AlmasB/FXGL
23:04:10.423 [JavaFX Application Thread] DEBUG MainWindow           - Creating a JavaFX scene
23:04:10.453 [JavaFX Application Thread] DEBUG MainWindow           - Target settings size: 640.0 x 640.0
23:04:10.453 [JavaFX Application Thread] DEBUG MainWindow           - Scaled scene size:    640.0 x 640.0
23:04:10.453 [JavaFX Application Thread] DEBUG MainWindow           - Scaled ratio: (1.0, 1.0)
23:04:10.454 [JavaFX Application Thread] DEBUG MainWindow           - Set initial scene to FXGLStartupScene
23:04:10.457 [JavaFX Application Thread] DEBUG MainWindow           - Opening main window
23:04:10.530 [JavaFX Application Thread] DEBUG MainWindow           - Window border size: (16.0, 39.0)
23:04:10.530 [JavaFX Application Thread] DEBUG MainWindow           - Scaled size: 640.0 x 640.0
23:04:10.530 [JavaFX Application Thread] DEBUG MainWindow           - Scaled ratio: (1.0, 1.0)
23:04:10.530 [JavaFX Application Thread] DEBUG MainWindow           - Scene size: 640.0 x 640.0
23:04:10.531 [JavaFX Application Thread] DEBUG MainWindow           - Stage size: 656.0 x 679.0
23:04:10.535 [FXGL Background Thread 1 ] DEBUG Engine               - Initializing environment variables
23:04:10.550 [FXGL Background Thread 1 ] DEBUG WindowService        - Applying CSS: fxgl_dark.css
23:04:10.551 [FXGL Background Thread 1 ] DEBUG AssetLoaderService   - Loading from file system: /assets/ui/css/fxgl_dark.css
23:04:10.579 [FXGL Background Thread 1 ] DEBUG WindowService        - Initializing application scenes
23:04:10.598 [FXGL Background Thread 1 ] DEBUG GameWorld            - Game world initialized
23:04:10.617 [FXGL Background Thread 1 ] DEBUG PhysicsWorld         - Physics world initialized: appHeight=640, physics.ppm=50.0
23:04:10.618 [FXGL Background Thread 1 ] DEBUG GameScene            - Game scene initialized: 640x640
23:04:10.623 [FXGL Background Thread 1 ] DEBUG Input                - Registered new binding: Resume - Esc
23:04:10.631 [FXGL Background Thread 1 ] DEBUG Input                - Registered new binding: Pause - Esc
23:04:10.631 [FXGL Background Thread 1 ] DEBUG WindowService        - Application scenes initialized
23:04:10.637 [FXGL Background Thread 1 ] DEBUG SystemBundleService  - Loading FXGL system data
23:04:10.641 [FXGL Background Thread 1 ] DEBUG FileSystemAccess     - Reading from: C:\Users\Adam Cunard\git\FriendMaker2077-07-03\Project\system\fxgl.bundle
23:04:10.645 [FXGL Background Thread 1 ] DEBUG SystemBundleService  - Bundle FXGL: {}
23:04:10.645 [FXGL Background Thread 1 ] INFO  Engine               - FXGL initialization took: 0.109 sec
23:04:10.646 [FXGL Background Thread 1 ] DEBUG GameApplication      - Loading localizations
23:04:10.646 [FXGL Background Thread 1 ] DEBUG AssetLoaderService   - Loading from file system: /assets/properties/languages/english.properties
23:04:10.647 [FXGL Background Thread 1 ] DEBUG AssetLoaderService   - Loading from file system: /assets/properties/languages/french.properties
23:04:10.648 [FXGL Background Thread 1 ] DEBUG AssetLoaderService   - Loading from file system: /assets/properties/languages/german.properties
23:04:10.649 [FXGL Background Thread 1 ] DEBUG AssetLoaderService   - Loading from file system: /assets/properties/languages/hungarian.properties
23:04:10.649 [FXGL Background Thread 1 ] DEBUG AssetLoaderService   - Loading from file system: /assets/properties/languages/russian.properties
23:04:10.650 [FXGL Background Thread 1 ] DEBUG GameApplication      - Registering font factories with UI factory
23:04:10.650 [FXGL Background Thread 1 ] DEBUG AssetLoaderService   - Loading from file system: /assets/ui/fonts/VarelaRound-Regular.ttf
23:04:10.799 [FXGL Background Thread 1 ] DEBUG AssetLoaderService   - Loading from file system: /assets/ui/fonts/Abel-Regular.ttf
23:04:10.805 [FXGL Background Thread 1 ] DEBUG AssetLoaderService   - Loading from file system: /assets/ui/fonts/lucida_console.ttf
23:04:10.813 [FXGL Background Thread 1 ] DEBUG AssetLoaderService   - Loading from file system: /assets/ui/fonts/Courier-Prime.ttf
23:04:10.821 [JavaFX Application Thread] DEBUG Input                - Registered new binding: Move Right - D
23:04:10.821 [JavaFX Application Thread] DEBUG Input                - Registered new binding: Move Left - A
23:04:10.821 [JavaFX Application Thread] DEBUG Input                - Registered new binding: Move Up - W
23:04:10.821 [JavaFX Application Thread] DEBUG Input                - Registered new binding: Move Down - S
23:04:10.821 [JavaFX Application Thread] DEBUG Input                - Registered new binding: Play Sound - F
23:04:10.821 [JavaFX Application Thread] DEBUG AssetLoaderService   - Loading from file system: /assets/textures/fxgl_icon.png
23:04:10.845 [JavaFX Application Thread] DEBUG AssetLoaderService   - Loading from file system: /assets/ui/cursors/fxgl_default.png
23:04:10.847 [JavaFX Application Thread] DEBUG Input                - Registered new binding: Screenshot - P
23:04:10.847 [JavaFX Application Thread] DEBUG Input                - Registered new binding: System info dump - CTRL+9
23:04:10.848 [JavaFX Application Thread] DEBUG Input                - Registered new binding: Restart - CTRL+R
23:04:10.848 [JavaFX Application Thread] DEBUG LoopRunner           - Starting loop
23:04:10.867 [JavaFX Application Thread] DEBUG FXGLStartupScene     - STARTUP
23:04:10.867 [JavaFX Application Thread] DEBUG WindowService        - Starting new game
23:04:10.868 [JavaFX Application Thread] DEBUG Input                - Clearing active input actions
23:04:10.877 [JavaFX Application Thread] DEBUG WindowService        - Removing overlay from FXGLStartupScene and adding to FXGLLoadingScene
23:04:10.877 [JavaFX Application Thread] DEBUG MainWindow           - FXGLStartupScene -> FXGLLoadingScene
23:04:10.877 [JavaFX Application Thread] DEBUG WindowService        - Clearing previous game
23:04:10.877 [JavaFX Application Thread] DEBUG GameScene            - Clearing game scene
23:04:10.877 [JavaFX Application Thread] DEBUG GameWorld            - Clearing game world
23:04:10.877 [JavaFX Application Thread] DEBUG PhysicsWorld         - Clearing physics world
23:04:10.878 [FXGL Background Thread 1 ] DEBUG GameApplication      - Initializing game
23:04:10.884 [FXGL Background Thread 1 ] DEBUG AssetLoaderService   - Loading from file system: /assets/music/soundtrack.wav
23:04:10.983 [FXGL Background Thread 1 ] DEBUG AudioPlayer          - Playing music com.almasb.fxgl.audio.Music@f46359
23:04:10.987 [FXGL Background Thread 1 ] DEBUG AssetLoaderService   - Loading from file system: /assets/textures/Room.png
23:04:11.005 [FXGL Background Thread 1 ] DEBUG AssetLoaderService   - Loading from cache: /assets/textures/Room.png
23:04:11.006 [FXGL Background Thread 1 ] DEBUG AssetLoaderService   - Loading from file system: /assets/textures/EmptyMap.png
23:04:11.129 [FXGL Background Thread 1 ] DEBUG AssetLoaderService   - Loading from file system: /assets/textures/player.png
23:04:11.130 [FXGL Background Thread 1 ] DEBUG AssetLoaderService   - Loading from cache: /assets/textures/player.png
23:04:11.130 [FXGL Background Thread 1 ] DEBUG AssetLoaderService   - Loading from cache: /assets/textures/player.png
23:04:11.131 [FXGL Background Thread 1 ] DEBUG AssetLoaderService   - Loading from cache: /assets/textures/player.png
23:04:11.131 [FXGL Background Thread 1 ] DEBUG AssetLoaderService   - Loading from cache: /assets/textures/player.png
23:04:11.131 [FXGL Background Thread 1 ] DEBUG AssetLoaderService   - Loading from cache: /assets/textures/player.png
23:04:11.131 [FXGL Background Thread 1 ] DEBUG AssetLoaderService   - Loading from file system: /assets/textures/bbox.png
23:04:11.134 [FXGL Background Thread 1 ] DEBUG AssetLoaderService   - Loading from file system: /assets/textures/froggysprite.png
23:04:11.135 [FXGL Background Thread 1 ] DEBUG AssetLoaderService   - Loading from cache: /assets/textures/froggysprite.png
23:04:11.135 [FXGL Background Thread 1 ] DEBUG AssetLoaderService   - Loading from cache: /assets/textures/froggysprite.png
23:04:11.135 [FXGL Background Thread 1 ] DEBUG AssetLoaderService   - Loading from cache: /assets/textures/bbox.png
23:04:11.136 [FXGL Background Thread 1 ] DEBUG AssetLoaderService   - Loading from file system: /assets/textures/bush.png
23:04:11.137 [FXGL Background Thread 1 ] DEBUG AssetLoaderService   - Loading from cache: /assets/textures/bush.png
23:04:11.138 [FXGL Background Thread 1 ] DEBUG AssetLoaderService   - Loading from file system: /assets/textures/rock.png
23:04:11.139 [FXGL Background Thread 1 ] DEBUG AssetLoaderService   - Loading from cache: /assets/textures/rock.png
23:04:11.139 [FXGL Background Thread 1 ] DEBUG AssetLoaderService   - Loading from file system: /assets/textures/tree.png
23:04:11.140 [FXGL Background Thread 1 ] DEBUG AssetLoaderService   - Loading from cache: /assets/textures/bush.png
23:04:11.141 [FXGL Background Thread 1 ] DEBUG AssetLoaderService   - Loading from cache: /assets/textures/tree.png
23:04:11.141 [FXGL Background Thread 1 ] DEBUG AssetLoaderService   - Loading from cache: /assets/textures/bush.png
23:04:11.142 [FXGL Background Thread 1 ] DEBUG AssetLoaderService   - Loading from file system: /assets/textures/appletree.png
23:04:11.143 [FXGL Background Thread 1 ] DEBUG AssetLoaderService   - Loading from cache: /assets/textures/bush.png
23:04:11.143 [FXGL Background Thread 1 ] DEBUG AssetLoaderService   - Loading from cache: /assets/textures/tree.png
23:04:11.144 [FXGL Background Thread 1 ] DEBUG AssetLoaderService   - Loading from cache: /assets/textures/bush.png
23:04:11.145 [FXGL Background Thread 1 ] DEBUG AssetLoaderService   - Loading from cache: /assets/textures/appletree.png
23:04:11.145 [FXGL Background Thread 1 ] DEBUG AssetLoaderService   - Loading from cache: /assets/textures/bush.png
23:04:11.146 [FXGL Background Thread 1 ] DEBUG AssetLoaderService   - Loading from cache: /assets/textures/appletree.png
23:04:11.146 [FXGL Background Thread 1 ] DEBUG AssetLoaderService   - Loading from cache: /assets/textures/bush.png
23:04:11.147 [FXGL Background Thread 1 ] DEBUG AssetLoaderService   - Loading from cache: /assets/textures/tree.png
23:04:11.147 [FXGL Background Thread 1 ] DEBUG AssetLoaderService   - Loading from cache: /assets/textures/bush.png
23:04:11.147 [FXGL Background Thread 1 ] DEBUG AssetLoaderService   - Loading from cache: /assets/textures/tree.png
23:04:11.148 [FXGL Background Thread 1 ] DEBUG AssetLoaderService   - Loading from cache: /assets/textures/bush.png
23:04:11.148 [FXGL Background Thread 1 ] DEBUG AssetLoaderService   - Loading from cache: /assets/textures/tree.png
23:04:11.149 [FXGL Background Thread 1 ] DEBUG AssetLoaderService   - Loading from cache: /assets/textures/bush.png
23:04:11.149 [FXGL Background Thread 1 ] DEBUG AssetLoaderService   - Loading from cache: /assets/textures/bush.png
23:04:11.150 [FXGL Background Thread 1 ] DEBUG AssetLoaderService   - Loading from cache: /assets/textures/tree.png
23:04:11.150 [FXGL Background Thread 1 ] DEBUG AssetLoaderService   - Loading from cache: /assets/textures/tree.png
23:04:11.150 [FXGL Background Thread 1 ] DEBUG AssetLoaderService   - Loading from cache: /assets/textures/tree.png
23:04:11.151 [FXGL Background Thread 1 ] DEBUG AssetLoaderService   - Loading from cache: /assets/textures/bush.png
23:04:11.151 [FXGL Background Thread 1 ] DEBUG AssetLoaderService   - Loading from cache: /assets/textures/tree.png
23:04:11.152 [FXGL Background Thread 1 ] DEBUG AssetLoaderService   - Loading from cache: /assets/textures/bush.png
23:04:11.152 [FXGL Background Thread 1 ] DEBUG AssetLoaderService   - Loading from cache: /assets/textures/appletree.png
23:04:11.153 [FXGL Background Thread 1 ] DEBUG AssetLoaderService   - Loading from cache: /assets/textures/bush.png
23:04:11.153 [FXGL Background Thread 1 ] DEBUG AssetLoaderService   - Loading from cache: /assets/textures/tree.png
23:04:11.154 [FXGL Background Thread 1 ] DEBUG AssetLoaderService   - Loading from cache: /assets/textures/bush.png
23:04:11.155 [FXGL Background Thread 1 ] DEBUG AssetLoaderService   - Loading from cache: /assets/textures/appletree.png
23:04:11.155 [FXGL Background Thread 1 ] DEBUG AssetLoaderService   - Loading from cache: /assets/textures/bush.png
23:04:11.155 [FXGL Background Thread 1 ] DEBUG AssetLoaderService   - Loading from cache: /assets/textures/appletree.png
23:04:11.156 [FXGL Background Thread 1 ] DEBUG AssetLoaderService   - Loading from cache: /assets/textures/appletree.png
23:04:11.156 [FXGL Background Thread 1 ] DEBUG AssetLoaderService   - Loading from cache: /assets/textures/appletree.png
23:04:11.157 [FXGL Background Thread 1 ] DEBUG AssetLoaderService   - Loading from cache: /assets/textures/appletree.png
23:04:11.157 [FXGL Background Thread 1 ] DEBUG AssetLoaderService   - Loading from cache: /assets/textures/appletree.png
23:04:11.158 [FXGL Background Thread 1 ] DEBUG AssetLoaderService   - Loading from cache: /assets/textures/tree.png
23:04:11.158 [FXGL Background Thread 1 ] DEBUG AssetLoaderService   - Loading from cache: /assets/textures/tree.png
23:04:11.158 [FXGL Background Thread 1 ] DEBUG AssetLoaderService   - Loading from cache: /assets/textures/appletree.png
23:04:11.159 [FXGL Background Thread 1 ] DEBUG AssetLoaderService   - Loading from cache: /assets/textures/bush.png
23:04:11.159 [FXGL Background Thread 1 ] DEBUG AssetLoaderService   - Loading from cache: /assets/textures/appletree.png
23:04:11.160 [FXGL Background Thread 1 ] DEBUG AssetLoaderService   - Loading from cache: /assets/textures/bush.png
23:04:11.160 [FXGL Background Thread 1 ] DEBUG AssetLoaderService   - Loading from cache: /assets/textures/rock.png
23:04:11.161 [FXGL Background Thread 1 ] DEBUG AssetLoaderService   - Loading from cache: /assets/textures/tree.png
23:04:11.161 [FXGL Background Thread 1 ] DEBUG AssetLoaderService   - Loading from cache: /assets/textures/rock.png
23:04:11.162 [FXGL Background Thread 1 ] DEBUG AssetLoaderService   - Loading from cache: /assets/textures/appletree.png
23:04:11.162 [FXGL Background Thread 1 ] DEBUG AssetLoaderService   - Loading from cache: /assets/textures/appletree.png
23:04:11.162 [FXGL Background Thread 1 ] DEBUG AssetLoaderService   - Loading from file system: /assets/textures/lighthouse.png
23:04:11.164 [FXGL Background Thread 1 ] DEBUG AssetLoaderService   - Loading from file system: /assets/textures/greenhouse.png
23:04:11.165 [FXGL Background Thread 1 ] DEBUG AssetLoaderService   - Loading from file system: /assets/textures/bluehouse.png
23:04:11.166 [FXGL Background Thread 1 ] DEBUG AssetLoaderService   - Loading from file system: /assets/textures/redhouse.png
23:04:11.167 [FXGL Background Thread 1 ] DEBUG AssetLoaderService   - Loading from cache: /assets/textures/redhouse.png
23:04:11.167 [FXGL Background Thread 1 ] DEBUG AssetLoaderService   - Loading from cache: /assets/textures/bluehouse.png
23:04:11.168 [FXGL Background Thread 1 ] DEBUG AssetLoaderService   - Loading from cache: /assets/textures/bluehouse.png
23:04:11.168 [FXGL Background Thread 1 ] DEBUG AssetLoaderService   - Loading from cache: /assets/textures/redhouse.png
23:04:11.168 [FXGL Background Thread 1 ] DEBUG AssetLoaderService   - Loading from cache: /assets/textures/bluehouse.png
23:04:11.169 [FXGL Background Thread 1 ] DEBUG AssetLoaderService   - Loading from cache: /assets/textures/redhouse.png
23:04:11.169 [FXGL Background Thread 1 ] DEBUG AssetLoaderService   - Loading from cache: /assets/textures/lighthouse.png
23:04:11.169 [FXGL Background Thread 1 ] DEBUG AssetLoaderService   - Loading from cache: /assets/textures/greenhouse.png
23:04:11.170 [FXGL Background Thread 1 ] INFO  GameApplication      - Game initialization took: 0.292 sec
23:04:11.178 [JavaFX Application Thread] DEBUG Input                - Clearing active input actions
23:04:11.198 [JavaFX Application Thread] DEBUG WindowService        - Removing overlay from FXGLLoadingScene and adding to GameScene
23:04:11.199 [JavaFX Application Thread] DEBUG MainWindow           - FXGLLoadingScene -> GameScene
23:04:11.547 [JavaFX Application Thread] DEBUG MainWindow           - Push state: CustomPauseMenu
23:04:11.547 [JavaFX Application Thread] DEBUG Input                - Clearing active input actions
23:04:11.550 [JavaFX Application Thread] DEBUG WindowService        - Removing overlay from GameScene and adding to CustomPauseMenu
23:04:11.550 [JavaFX Application Thread] DEBUG MainWindow           - GameScene -> CustomPauseMenu
23:04:13.647 [FXGL Background Thread 2 ] DEBUG Engine               - Logging environment variables
23:04:13.647 [FXGL Background Thread 2 ] DEBUG Engine               - achievements: []
23:04:13.647 [FXGL Background Thread 2 ] DEBUG Engine               - language: ObjectProperty [value: ENGLISH]
23:04:13.647 [FXGL Background Thread 2 ] DEBUG Engine               - isCloseConfirmation: false
23:04:13.647 [FXGL Background Thread 2 ] DEBUG Engine               - isProfilingEnabled: false
23:04:13.647 [FXGL Background Thread 2 ] DEBUG Engine               - soundNotification: core/notification.wav
23:04:13.647 [FXGL Background Thread 2 ] DEBUG Engine               - devShowBBoxProperty: BooleanProperty [value: false]
23:04:13.647 [FXGL Background Thread 2 ] DEBUG Engine               - pixelsPerMeter: 50.0
23:04:13.647 [FXGL Background Thread 2 ] DEBUG Engine               - soundMenuBack: menu/back.wav
23:04:13.647 [FXGL Background Thread 2 ] DEBUG Engine               - appIcon: fxgl_icon.png
23:04:13.647 [FXGL Background Thread 2 ] DEBUG Engine               - isFullScreenAllowed: false
23:04:13.647 [FXGL Background Thread 2 ] DEBUG Engine               - isIntroEnabled: false
23:04:13.648 [FXGL Background Thread 2 ] DEBUG Engine               - fontMono: lucida_console.ttf
23:04:13.648 [FXGL Background Thread 2 ] DEBUG Engine               - soundMenuSelect: menu/select.wav
23:04:13.648 [FXGL Background Thread 2 ] DEBUG Engine               - isWindows: true
23:04:13.648 [FXGL Background Thread 2 ] DEBUG Engine               - isMobile: false
23:04:13.648 [FXGL Background Thread 2 ] DEBUG Engine               - isUserProfileEnabled: false
23:04:13.648 [FXGL Background Thread 2 ] DEBUG Engine               - height: 640
23:04:13.648 [FXGL Background Thread 2 ] DEBUG Engine               - isExperimentalNative: false
23:04:13.648 [FXGL Background Thread 2 ] DEBUG Engine               - settings: Title: FriendMaker2077
Version: 0.1
Width: 640
Height: 640
Fullscreen: false
Intro: false
Menus: false
Profiling: false
Single step:false
App Mode: DEVELOPER
Menu Key: ESCAPE
Stage Style: DECORATED
Scene Factory: class ui.MenuFactory

23:04:13.648 [FXGL Background Thread 2 ] DEBUG Engine               - isSingleStep: false
23:04:13.648 [FXGL Background Thread 2 ] DEBUG Engine               - cSSList: [fxgl_dark.css]
23:04:13.648 [FXGL Background Thread 2 ] DEBUG Engine               - fontGame: Abel-Regular.ttf
23:04:13.648 [FXGL Background Thread 2 ] DEBUG Engine               - menuKey: ESCAPE
23:04:13.648 [FXGL Background Thread 2 ] DEBUG Engine               - devShowPositionProperty: BooleanProperty [value: false]
23:04:13.648 [FXGL Background Thread 2 ] DEBUG Engine               - versionCheckDays: 7
23:04:13.648 [FXGL Background Thread 2 ] DEBUG Engine               - configClass: Optional.empty
23:04:13.648 [FXGL Background Thread 2 ] DEBUG Engine               - isFullScreenFromStart: false
23:04:13.649 [FXGL Background Thread 2 ] DEBUG Engine               - version: 0.1
23:04:13.649 [FXGL Background Thread 2 ] DEBUG Engine               - fullScreen: BooleanProperty [value: false]
23:04:13.649 [FXGL Background Thread 2 ] DEBUG Engine               - randomSeed: -1
23:04:13.649 [FXGL Background Thread 2 ] DEBUG Engine               - gameDifficultyProperty: ObjectProperty [value: MEDIUM]
23:04:13.649 [FXGL Background Thread 2 ] DEBUG Engine               - applicationMode: DEVELOPER
23:04:13.649 [FXGL Background Thread 2 ] DEBUG Engine               - isMac: false
23:04:13.649 [FXGL Background Thread 2 ] DEBUG Engine               - isMenuEnabled: false
23:04:13.649 [FXGL Background Thread 2 ] DEBUG Engine               - urlPOM: https://raw.githubusercontent.com/AlmasB/FXGL/master/pom.xml
23:04:13.649 [FXGL Background Thread 2 ] DEBUG Engine               - profileName: StringProperty [value: DEFAULT]
23:04:13.649 [FXGL Background Thread 2 ] DEBUG Engine               - notificationViewClass: class com.almasb.fxgl.notification.view.XboxNotificationView
23:04:13.649 [FXGL Background Thread 2 ] DEBUG Engine               - devSensorColorProperty: ObjectProperty [value: 0xffff00ff]
23:04:13.649 [FXGL Background Thread 2 ] DEBUG Engine               - sceneFactory: ui.MenuFactory@5fa23b74
23:04:13.649 [FXGL Background Thread 2 ] DEBUG Engine               - stageStyle: DECORATED
23:04:13.649 [FXGL Background Thread 2 ] DEBUG Engine               - isManualResizeEnabled: false
23:04:13.649 [FXGL Background Thread 2 ] DEBUG Engine               - title: FriendMaker2077
23:04:13.650 [FXGL Background Thread 2 ] DEBUG Engine               - platform: WINDOWS
23:04:13.650 [FXGL Background Thread 2 ] DEBUG Engine               - devBBoxColorProperty: ObjectProperty [value: 0xff0000ff]
23:04:13.650 [FXGL Background Thread 2 ] DEBUG Engine               - gameDifficulty: MEDIUM
23:04:13.650 [FXGL Background Thread 2 ] DEBUG Engine               - isDesktop: true
23:04:13.650 [FXGL Background Thread 2 ] DEBUG Engine               - supportedLanguages: [ENGLISH, FRENCH, GERMAN, HUNGARIAN, RUSSIAN]
23:04:13.650 [FXGL Background Thread 2 ] DEBUG Engine               - credits: []
23:04:13.650 [FXGL Background Thread 2 ] DEBUG Engine               - globalMusicVolumeProperty: DoubleProperty [value: 0.5]
23:04:13.650 [FXGL Background Thread 2 ] DEBUG Engine               - isPreserveResizeRatio: false
23:04:13.650 [FXGL Background Thread 2 ] DEBUG Engine               - fontText: Courier-Prime.ttf
23:04:13.650 [FXGL Background Thread 2 ] DEBUG Engine               - isExperimentalTiledLargeMap: false
23:04:13.650 [FXGL Background Thread 2 ] DEBUG Engine               - secondsIn24h: 60
23:04:13.650 [FXGL Background Thread 2 ] DEBUG Engine               - runtimeInfo: RuntimeInfo(platform=WINDOWS, version=11.8, build=08.03.2020 09.25)
23:04:13.650 [FXGL Background Thread 2 ] DEBUG Engine               - isLinux: false
23:04:13.650 [FXGL Background Thread 2 ] DEBUG Engine               - soundMenuPress: menu/press.wav
23:04:13.650 [FXGL Background Thread 2 ] DEBUG Engine               - urlGithub: https://github.com/AlmasB/FXGL
23:04:13.650 [FXGL Background Thread 2 ] DEBUG Engine               - profileDir: profiles/
23:04:13.650 [FXGL Background Thread 2 ] DEBUG Engine               - isDeveloperMenuEnabled: false
23:04:13.650 [FXGL Background Thread 2 ] DEBUG Engine               - globalSoundVolumeProperty: DoubleProperty [value: 0.5]
23:04:13.650 [FXGL Background Thread 2 ] DEBUG Engine               - mainWindow: com.almasb.fxgl.app.MainWindow@5b9db458
23:04:13.651 [FXGL Background Thread 2 ] DEBUG Engine               - isBrowser: false
23:04:13.651 [FXGL Background Thread 2 ] DEBUG Engine               - urlLeaderboard: http://fxgl-top.herokuapp.com/
23:04:13.651 [FXGL Background Thread 2 ] DEBUG Engine               - globalSoundVolume: 0.5
23:04:13.651 [FXGL Background Thread 2 ] DEBUG Engine               - engineServices: [class com.almasb.fxgl.app.GameApplication$GameApplicationService, class com.almasb.fxgl.app.services.WindowService, class com.almasb.fxgl.app.services.FXGLDialogService, class com.almasb.fxgl.app.services.IOTaskExecutorService, class com.almasb.fxgl.event.EventBusService, class com.almasb.fxgl.io.FileSystemService, class com.almasb.fxgl.localization.LocalizationService, class com.almasb.fxgl.app.services.AssetLoaderService, class com.almasb.fxgl.app.services.SystemBundleService, class com.almasb.fxgl.profile.SaveLoadService, class com.almasb.fxgl.ui.FXGLUIFactoryServiceProvider, class com.almasb.fxgl.ui.FXGLDialogFactoryServiceProvider, class com.almasb.fxgl.audio.AudioPlayer, class com.almasb.fxgl.notification.impl.NotificationServiceProvider, class com.almasb.fxgl.achievement.AchievementService, class com.almasb.fxgl.cutscene.CutsceneService, class com.almasb.fxgl.minigames.MiniGameService, class com.almasb.fxgl.net.NetService, class com.almasb.fxgl.app.services.UpdaterService]
23:04:13.651 [FXGL Background Thread 2 ] DEBUG Engine               - globalMusicVolume: 0.5
23:04:13.651 [FXGL Background Thread 2 ] DEBUG Engine               - width: 640
23:04:13.651 [FXGL Background Thread 2 ] DEBUG Engine               - saveFileExt: sav
23:04:13.651 [FXGL Background Thread 2 ] DEBUG Engine               - isAndroid: false
23:04:13.651 [FXGL Background Thread 2 ] DEBUG Engine               - fontUI: VarelaRound-Regular.ttf
23:04:13.651 [FXGL Background Thread 2 ] DEBUG Engine               - enabledMenuItems: [SAVE_LOAD, EXTRA, ONLINE]
23:04:13.651 [FXGL Background Thread 2 ] DEBUG Engine               - isIOS: false
23:04:13.651 [FXGL Background Thread 2 ] DEBUG Engine               - Logging services
23:04:13.651 [FXGL Background Thread 2 ] DEBUG Engine               - class com.almasb.fxgl.app.GameApplication$GameApplicationService
23:04:13.651 [FXGL Background Thread 2 ] DEBUG Engine               - class com.almasb.fxgl.app.services.WindowService
23:04:13.651 [FXGL Background Thread 2 ] DEBUG Engine               - class com.almasb.fxgl.app.services.FXGLDialogService
23:04:13.651 [FXGL Background Thread 2 ] DEBUG Engine               - class com.almasb.fxgl.app.services.IOTaskExecutorService
23:04:13.651 [FXGL Background Thread 2 ] DEBUG Engine               - class com.almasb.fxgl.event.EventBusService
23:04:13.652 [FXGL Background Thread 2 ] DEBUG Engine               - class com.almasb.fxgl.io.FileSystemService
23:04:13.652 [FXGL Background Thread 2 ] DEBUG Engine               - class com.almasb.fxgl.localization.LocalizationService
23:04:13.652 [FXGL Background Thread 2 ] DEBUG Engine               - class com.almasb.fxgl.app.services.AssetLoaderService
23:04:13.652 [FXGL Background Thread 2 ] DEBUG Engine               - class com.almasb.fxgl.app.services.SystemBundleService
23:04:13.652 [FXGL Background Thread 2 ] DEBUG Engine               - class com.almasb.fxgl.profile.SaveLoadService
23:04:13.652 [FXGL Background Thread 2 ] DEBUG Engine               - class com.almasb.fxgl.ui.FXGLUIFactoryServiceProvider
23:04:13.652 [FXGL Background Thread 2 ] DEBUG Engine               - class com.almasb.fxgl.ui.FXGLDialogFactoryServiceProvider
23:04:13.652 [FXGL Background Thread 2 ] DEBUG Engine               - class com.almasb.fxgl.audio.AudioPlayer
23:04:13.652 [FXGL Background Thread 2 ] DEBUG Engine               - class com.almasb.fxgl.notification.impl.NotificationServiceProvider
23:04:13.652 [FXGL Background Thread 2 ] DEBUG Engine               - class com.almasb.fxgl.achievement.AchievementService
23:04:13.652 [FXGL Background Thread 2 ] DEBUG Engine               - class com.almasb.fxgl.cutscene.CutsceneService
23:04:13.652 [FXGL Background Thread 2 ] DEBUG Engine               - class com.almasb.fxgl.minigames.MiniGameService
23:04:13.652 [FXGL Background Thread 2 ] DEBUG Engine               - class com.almasb.fxgl.net.NetService
23:04:13.652 [FXGL Background Thread 2 ] DEBUG Engine               - class com.almasb.fxgl.app.services.UpdaterService
23:04:14.720 [JavaFX Application Thread] DEBUG MainWindow           - Pop state: CustomPauseMenu
23:04:14.720 [JavaFX Application Thread] DEBUG Input                - Clearing active input actions
23:04:14.720 [JavaFX Application Thread] DEBUG WindowService        - Removing overlay from CustomPauseMenu and adding to GameScene
23:04:14.720 [JavaFX Application Thread] DEBUG MainWindow           - GameScene <- CustomPauseMenu
23:04:14.979 [JavaFX Application Thread] DEBUG GameApplication      - Exiting FXGL
23:04:14.979 [JavaFX Application Thread] DEBUG LoopRunner           - Stopping loop
23:04:14.979 [JavaFX Application Thread] DEBUG SystemBundleService  - Saving FXGL system data
23:04:14.980 [JavaFX Application Thread] DEBUG FileSystemAccess     - Writing to: C:\Users\Adam Cunard\git\FriendMaker2077-07-03\Project\system\fxgl.bundle
23:04:14.981 [JavaFX Application Thread] DEBUG GameApplication      - Shutting down background threads
23:04:14.981 [JavaFX Application Thread] DEBUG GameApplication      - Closing logger and exiting JavaFX
