20:23:31.396 [main                     ] DEBUG GameApplication      - Logger initialized
20:23:31.414 [main                     ] DEBUG GameApplication      - Logging settings
Title: FriendMaker2077
Version: 0.1
Width: 640
Height: 640
Fullscreen: false
Intro: false
Menus: false
Profiling: false
Single step:false
App Mode: DEVELOPER
Menu Key: ESCAPE
Stage Style: DECORATED
Scene Factory: class ui.MenuFactory

20:23:32.101 [JavaFX Application Thread] DEBUG GameApplication      - Initializing FXGL
20:23:32.109 [JavaFX Application Thread] INFO  Engine               - FXGL-11.8 (08.03.2020 09.25) on WINDOWS (J:13.0.2 FX:13.0.2)
20:23:32.109 [JavaFX Application Thread] INFO  Engine               - Source code and latest versions at: https://github.com/AlmasB/FXGL
20:23:32.109 [JavaFX Application Thread] INFO  Engine               -              Join the FXGL chat at: https://gitter.im/AlmasB/FXGL
20:23:32.219 [JavaFX Application Thread] DEBUG MainWindow           - Creating a JavaFX scene
20:23:32.274 [JavaFX Application Thread] DEBUG MainWindow           - Target settings size: 640.0 x 640.0
20:23:32.274 [JavaFX Application Thread] DEBUG MainWindow           - Scaled scene size:    640.0 x 640.0
20:23:32.274 [JavaFX Application Thread] DEBUG MainWindow           - Scaled ratio: (1.0, 1.0)
20:23:32.275 [JavaFX Application Thread] DEBUG MainWindow           - Set initial scene to FXGLStartupScene
20:23:32.281 [JavaFX Application Thread] DEBUG MainWindow           - Opening main window
20:23:32.352 [JavaFX Application Thread] DEBUG MainWindow           - Window border size: (16.0, 39.0)
20:23:32.352 [JavaFX Application Thread] DEBUG MainWindow           - Scaled size: 640.0 x 640.0
20:23:32.352 [JavaFX Application Thread] DEBUG MainWindow           - Scaled ratio: (1.0, 1.0)
20:23:32.352 [JavaFX Application Thread] DEBUG MainWindow           - Scene size: 640.0 x 640.0
20:23:32.352 [JavaFX Application Thread] DEBUG MainWindow           - Stage size: 656.0 x 679.0
20:23:32.358 [FXGL Background Thread 1 ] DEBUG Engine               - Initializing environment variables
20:23:32.378 [FXGL Background Thread 1 ] DEBUG WindowService        - Applying CSS: fxgl_dark.css
20:23:32.379 [FXGL Background Thread 1 ] DEBUG AssetLoaderService   - Loading from file system: /assets/ui/css/fxgl_dark.css
20:23:32.410 [FXGL Background Thread 1 ] DEBUG WindowService        - Initializing application scenes
20:23:32.442 [FXGL Background Thread 1 ] DEBUG GameWorld            - Game world initialized
20:23:32.471 [FXGL Background Thread 1 ] DEBUG PhysicsWorld         - Physics world initialized: appHeight=640, physics.ppm=50.0
20:23:32.473 [FXGL Background Thread 1 ] DEBUG GameScene            - Game scene initialized: 640x640
20:23:32.479 [FXGL Background Thread 1 ] DEBUG Input                - Registered new binding: Resume - Esc
20:23:32.491 [FXGL Background Thread 1 ] DEBUG Input                - Registered new binding: Pause - Esc
20:23:32.491 [FXGL Background Thread 1 ] DEBUG WindowService        - Application scenes initialized
20:23:32.501 [FXGL Background Thread 1 ] DEBUG SystemBundleService  - Loading FXGL system data
20:23:32.503 [FXGL Background Thread 1 ] DEBUG FileSystemAccess     - Reading from: C:\Users\Adam Cunard\git\FriendMaker2077-07-03\Project\system\fxgl.bundle
20:23:32.508 [FXGL Background Thread 1 ] DEBUG SystemBundleService  - Bundle FXGL: {}
20:23:32.509 [FXGL Background Thread 1 ] INFO  Engine               - FXGL initialization took: 0.150 sec
20:23:32.510 [FXGL Background Thread 1 ] DEBUG GameApplication      - Loading localizations
20:23:32.511 [FXGL Background Thread 1 ] DEBUG AssetLoaderService   - Loading from file system: /assets/properties/languages/english.properties
20:23:32.513 [FXGL Background Thread 1 ] DEBUG AssetLoaderService   - Loading from file system: /assets/properties/languages/french.properties
20:23:32.514 [FXGL Background Thread 1 ] DEBUG AssetLoaderService   - Loading from file system: /assets/properties/languages/german.properties
20:23:32.516 [FXGL Background Thread 1 ] DEBUG AssetLoaderService   - Loading from file system: /assets/properties/languages/hungarian.properties
20:23:32.517 [FXGL Background Thread 1 ] DEBUG AssetLoaderService   - Loading from file system: /assets/properties/languages/russian.properties
20:23:32.518 [FXGL Background Thread 1 ] DEBUG GameApplication      - Registering font factories with UI factory
20:23:32.518 [FXGL Background Thread 1 ] DEBUG AssetLoaderService   - Loading from file system: /assets/ui/fonts/VarelaRound-Regular.ttf
20:23:32.729 [FXGL Background Thread 1 ] DEBUG AssetLoaderService   - Loading from file system: /assets/ui/fonts/Abel-Regular.ttf
20:23:32.736 [FXGL Background Thread 1 ] DEBUG AssetLoaderService   - Loading from file system: /assets/ui/fonts/lucida_console.ttf
20:23:32.746 [FXGL Background Thread 1 ] DEBUG AssetLoaderService   - Loading from file system: /assets/ui/fonts/Courier-Prime.ttf
20:23:32.755 [JavaFX Application Thread] DEBUG Input                - Registered new binding: Move Right - D
20:23:32.755 [JavaFX Application Thread] DEBUG Input                - Registered new binding: Move Left - A
20:23:32.755 [JavaFX Application Thread] DEBUG Input                - Registered new binding: Move Up - W
20:23:32.755 [JavaFX Application Thread] DEBUG Input                - Registered new binding: Move Down - S
20:23:32.755 [JavaFX Application Thread] DEBUG Input                - Registered new binding: Play Sound - F
20:23:32.755 [JavaFX Application Thread] DEBUG AssetLoaderService   - Loading from file system: /assets/textures/fxgl_icon.png
20:23:32.786 [JavaFX Application Thread] DEBUG AssetLoaderService   - Loading from file system: /assets/ui/cursors/fxgl_default.png
20:23:32.788 [JavaFX Application Thread] DEBUG Input                - Registered new binding: Screenshot - P
20:23:32.788 [JavaFX Application Thread] DEBUG Input                - Registered new binding: System info dump - CTRL+9
20:23:32.788 [JavaFX Application Thread] DEBUG Input                - Registered new binding: Restart - CTRL+R
20:23:32.789 [JavaFX Application Thread] DEBUG LoopRunner           - Starting loop
20:23:32.808 [JavaFX Application Thread] DEBUG FXGLStartupScene     - STARTUP
20:23:32.808 [JavaFX Application Thread] DEBUG WindowService        - Starting new game
20:23:32.810 [JavaFX Application Thread] DEBUG Input                - Clearing active input actions
20:23:32.818 [JavaFX Application Thread] DEBUG WindowService        - Removing overlay from FXGLStartupScene and adding to FXGLLoadingScene
20:23:32.818 [JavaFX Application Thread] DEBUG MainWindow           - FXGLStartupScene -> FXGLLoadingScene
20:23:32.818 [JavaFX Application Thread] DEBUG WindowService        - Clearing previous game
20:23:32.819 [JavaFX Application Thread] DEBUG GameScene            - Clearing game scene
20:23:32.819 [JavaFX Application Thread] DEBUG GameWorld            - Clearing game world
20:23:32.819 [JavaFX Application Thread] DEBUG PhysicsWorld         - Clearing physics world
20:23:32.820 [FXGL Background Thread 1 ] DEBUG GameApplication      - Initializing game
20:23:32.825 [FXGL Background Thread 1 ] DEBUG AssetLoaderService   - Loading from file system: /assets/textures/EmptyMap.png
20:23:33.009 [FXGL Background Thread 1 ] DEBUG AssetLoaderService   - Loading from file system: /assets/textures/CharacterSprite.png
20:23:33.012 [FXGL Background Thread 1 ] DEBUG AssetLoaderService   - Loading from cache: /assets/textures/CharacterSprite.png
20:23:33.013 [FXGL Background Thread 1 ] DEBUG AssetLoaderService   - Loading from cache: /assets/textures/CharacterSprite.png
20:23:33.013 [FXGL Background Thread 1 ] DEBUG AssetLoaderService   - Loading from cache: /assets/textures/CharacterSprite.png
20:23:33.013 [FXGL Background Thread 1 ] DEBUG AssetLoaderService   - Loading from cache: /assets/textures/CharacterSprite.png
20:23:33.013 [FXGL Background Thread 1 ] DEBUG AssetLoaderService   - Loading from cache: /assets/textures/CharacterSprite.png
20:23:33.016 [FXGL Background Thread 1 ] DEBUG AssetLoaderService   - Loading from file system: /assets/textures/bbox.png
20:23:33.022 [FXGL Background Thread 1 ] DEBUG AssetLoaderService   - Loading from file system: /assets/textures/froggysprite.png
20:23:33.025 [FXGL Background Thread 1 ] DEBUG AssetLoaderService   - Loading from cache: /assets/textures/froggysprite.png
20:23:33.025 [FXGL Background Thread 1 ] DEBUG AssetLoaderService   - Loading from cache: /assets/textures/froggysprite.png
20:23:33.025 [FXGL Background Thread 1 ] DEBUG AssetLoaderService   - Loading from cache: /assets/textures/bbox.png
20:23:33.026 [FXGL Background Thread 1 ] DEBUG AssetLoaderService   - Loading from file system: /assets/textures/blueHouse.png
20:23:33.030 [FXGL Background Thread 1 ] INFO  GameApplication      - Game initialization took: 0.210 sec
20:23:33.031 [JavaFX Application Thread] DEBUG Input                - Clearing active input actions
20:23:33.038 [JavaFX Application Thread] DEBUG WindowService        - Removing overlay from FXGLLoadingScene and adding to GameScene
20:23:33.038 [JavaFX Application Thread] DEBUG MainWindow           - FXGLLoadingScene -> GameScene
20:23:35.512 [FXGL Background Thread 2 ] DEBUG Engine               - Logging environment variables
20:23:35.512 [FXGL Background Thread 2 ] DEBUG Engine               - achievements: []
20:23:35.512 [FXGL Background Thread 2 ] DEBUG Engine               - language: ObjectProperty [value: ENGLISH]
20:23:35.512 [FXGL Background Thread 2 ] DEBUG Engine               - isCloseConfirmation: false
20:23:35.512 [FXGL Background Thread 2 ] DEBUG Engine               - isProfilingEnabled: false
20:23:35.512 [FXGL Background Thread 2 ] DEBUG Engine               - soundNotification: core/notification.wav
20:23:35.512 [FXGL Background Thread 2 ] DEBUG Engine               - devShowBBoxProperty: BooleanProperty [value: false]
20:23:35.512 [FXGL Background Thread 2 ] DEBUG Engine               - pixelsPerMeter: 50.0
20:23:35.513 [FXGL Background Thread 2 ] DEBUG Engine               - appIcon: fxgl_icon.png
20:23:35.513 [FXGL Background Thread 2 ] DEBUG Engine               - soundMenuBack: menu/back.wav
20:23:35.513 [FXGL Background Thread 2 ] DEBUG Engine               - isFullScreenAllowed: false
20:23:35.513 [FXGL Background Thread 2 ] DEBUG Engine               - isIntroEnabled: false
20:23:35.513 [FXGL Background Thread 2 ] DEBUG Engine               - fontMono: lucida_console.ttf
20:23:35.513 [FXGL Background Thread 2 ] DEBUG Engine               - soundMenuSelect: menu/select.wav
20:23:35.513 [FXGL Background Thread 2 ] DEBUG Engine               - isWindows: true
20:23:35.513 [FXGL Background Thread 2 ] DEBUG Engine               - isMobile: false
20:23:35.513 [FXGL Background Thread 2 ] DEBUG Engine               - isUserProfileEnabled: false
20:23:35.513 [FXGL Background Thread 2 ] DEBUG Engine               - height: 640
20:23:35.513 [FXGL Background Thread 2 ] DEBUG Engine               - isExperimentalNative: false
20:23:35.513 [FXGL Background Thread 2 ] DEBUG Engine               - settings: Title: FriendMaker2077
Version: 0.1
Width: 640
Height: 640
Fullscreen: false
Intro: false
Menus: false
Profiling: false
Single step:false
App Mode: DEVELOPER
Menu Key: ESCAPE
Stage Style: DECORATED
Scene Factory: class ui.MenuFactory

20:23:35.513 [FXGL Background Thread 2 ] DEBUG Engine               - isSingleStep: false
20:23:35.514 [FXGL Background Thread 2 ] DEBUG Engine               - cSSList: [fxgl_dark.css]
20:23:35.514 [FXGL Background Thread 2 ] DEBUG Engine               - fontGame: Abel-Regular.ttf
20:23:35.514 [FXGL Background Thread 2 ] DEBUG Engine               - menuKey: ESCAPE
20:23:35.514 [FXGL Background Thread 2 ] DEBUG Engine               - devShowPositionProperty: BooleanProperty [value: false]
20:23:35.514 [FXGL Background Thread 2 ] DEBUG Engine               - versionCheckDays: 7
20:23:35.514 [FXGL Background Thread 2 ] DEBUG Engine               - configClass: Optional.empty
20:23:35.514 [FXGL Background Thread 2 ] DEBUG Engine               - isFullScreenFromStart: false
20:23:35.514 [FXGL Background Thread 2 ] DEBUG Engine               - version: 0.1
20:23:35.514 [FXGL Background Thread 2 ] DEBUG Engine               - fullScreen: BooleanProperty [value: false]
20:23:35.514 [FXGL Background Thread 2 ] DEBUG Engine               - randomSeed: -1
20:23:35.514 [FXGL Background Thread 2 ] DEBUG Engine               - gameDifficultyProperty: ObjectProperty [value: MEDIUM]
20:23:35.514 [FXGL Background Thread 2 ] DEBUG Engine               - applicationMode: DEVELOPER
20:23:35.514 [FXGL Background Thread 2 ] DEBUG Engine               - isMac: false
20:23:35.515 [FXGL Background Thread 2 ] DEBUG Engine               - isMenuEnabled: false
20:23:35.515 [FXGL Background Thread 2 ] DEBUG Engine               - urlPOM: https://raw.githubusercontent.com/AlmasB/FXGL/master/pom.xml
20:23:35.515 [FXGL Background Thread 2 ] DEBUG Engine               - profileName: StringProperty [value: DEFAULT]
20:23:35.515 [FXGL Background Thread 2 ] DEBUG Engine               - notificationViewClass: class com.almasb.fxgl.notification.view.XboxNotificationView
20:23:35.515 [FXGL Background Thread 2 ] DEBUG Engine               - devSensorColorProperty: ObjectProperty [value: 0xffff00ff]
20:23:35.515 [FXGL Background Thread 2 ] DEBUG Engine               - sceneFactory: ui.MenuFactory@6108c625
20:23:35.515 [FXGL Background Thread 2 ] DEBUG Engine               - stageStyle: DECORATED
20:23:35.515 [FXGL Background Thread 2 ] DEBUG Engine               - isManualResizeEnabled: false
20:23:35.515 [FXGL Background Thread 2 ] DEBUG Engine               - title: FriendMaker2077
20:23:35.515 [FXGL Background Thread 2 ] DEBUG Engine               - platform: WINDOWS
20:23:35.516 [FXGL Background Thread 2 ] DEBUG Engine               - devBBoxColorProperty: ObjectProperty [value: 0xff0000ff]
20:23:35.516 [FXGL Background Thread 2 ] DEBUG Engine               - gameDifficulty: MEDIUM
20:23:35.516 [FXGL Background Thread 2 ] DEBUG Engine               - isDesktop: true
20:23:35.516 [FXGL Background Thread 2 ] DEBUG Engine               - supportedLanguages: [ENGLISH, FRENCH, GERMAN, HUNGARIAN, RUSSIAN]
20:23:35.516 [FXGL Background Thread 2 ] DEBUG Engine               - credits: []
20:23:35.516 [FXGL Background Thread 2 ] DEBUG Engine               - globalMusicVolumeProperty: DoubleProperty [value: 0.5]
20:23:35.516 [FXGL Background Thread 2 ] DEBUG Engine               - isPreserveResizeRatio: false
20:23:35.516 [FXGL Background Thread 2 ] DEBUG Engine               - fontText: Courier-Prime.ttf
20:23:35.516 [FXGL Background Thread 2 ] DEBUG Engine               - isExperimentalTiledLargeMap: false
20:23:35.516 [FXGL Background Thread 2 ] DEBUG Engine               - secondsIn24h: 60
20:23:35.516 [FXGL Background Thread 2 ] DEBUG Engine               - runtimeInfo: RuntimeInfo(platform=WINDOWS, version=11.8, build=08.03.2020 09.25)
20:23:35.516 [FXGL Background Thread 2 ] DEBUG Engine               - isLinux: false
20:23:35.516 [FXGL Background Thread 2 ] DEBUG Engine               - soundMenuPress: menu/press.wav
20:23:35.517 [FXGL Background Thread 2 ] DEBUG Engine               - urlGithub: https://github.com/AlmasB/FXGL
20:23:35.517 [FXGL Background Thread 2 ] DEBUG Engine               - profileDir: profiles/
20:23:35.517 [FXGL Background Thread 2 ] DEBUG Engine               - isDeveloperMenuEnabled: false
20:23:35.517 [FXGL Background Thread 2 ] DEBUG Engine               - globalSoundVolumeProperty: DoubleProperty [value: 0.5]
20:23:35.517 [FXGL Background Thread 2 ] DEBUG Engine               - mainWindow: com.almasb.fxgl.app.MainWindow@65374edc
20:23:35.517 [FXGL Background Thread 2 ] DEBUG Engine               - isBrowser: false
20:23:35.517 [FXGL Background Thread 2 ] DEBUG Engine               - globalSoundVolume: 0.5
20:23:35.517 [FXGL Background Thread 2 ] DEBUG Engine               - urlLeaderboard: http://fxgl-top.herokuapp.com/
20:23:35.517 [FXGL Background Thread 2 ] DEBUG Engine               - engineServices: [class com.almasb.fxgl.app.GameApplication$GameApplicationService, class com.almasb.fxgl.app.services.WindowService, class com.almasb.fxgl.app.services.FXGLDialogService, class com.almasb.fxgl.app.services.IOTaskExecutorService, class com.almasb.fxgl.event.EventBusService, class com.almasb.fxgl.io.FileSystemService, class com.almasb.fxgl.localization.LocalizationService, class com.almasb.fxgl.app.services.AssetLoaderService, class com.almasb.fxgl.app.services.SystemBundleService, class com.almasb.fxgl.profile.SaveLoadService, class com.almasb.fxgl.ui.FXGLUIFactoryServiceProvider, class com.almasb.fxgl.ui.FXGLDialogFactoryServiceProvider, class com.almasb.fxgl.audio.AudioPlayer, class com.almasb.fxgl.notification.impl.NotificationServiceProvider, class com.almasb.fxgl.achievement.AchievementService, class com.almasb.fxgl.cutscene.CutsceneService, class com.almasb.fxgl.minigames.MiniGameService, class com.almasb.fxgl.net.NetService, class com.almasb.fxgl.app.services.UpdaterService]
20:23:35.517 [FXGL Background Thread 2 ] DEBUG Engine               - globalMusicVolume: 0.5
20:23:35.517 [FXGL Background Thread 2 ] DEBUG Engine               - width: 640
20:23:35.517 [FXGL Background Thread 2 ] DEBUG Engine               - saveFileExt: sav
20:23:35.517 [FXGL Background Thread 2 ] DEBUG Engine               - isAndroid: false
20:23:35.517 [FXGL Background Thread 2 ] DEBUG Engine               - fontUI: VarelaRound-Regular.ttf
20:23:35.518 [FXGL Background Thread 2 ] DEBUG Engine               - enabledMenuItems: []
20:23:35.518 [FXGL Background Thread 2 ] DEBUG Engine               - isIOS: false
20:23:35.518 [FXGL Background Thread 2 ] DEBUG Engine               - Logging services
20:23:35.518 [FXGL Background Thread 2 ] DEBUG Engine               - class com.almasb.fxgl.app.GameApplication$GameApplicationService
20:23:35.518 [FXGL Background Thread 2 ] DEBUG Engine               - class com.almasb.fxgl.app.services.WindowService
20:23:35.518 [FXGL Background Thread 2 ] DEBUG Engine               - class com.almasb.fxgl.app.services.FXGLDialogService
20:23:35.518 [FXGL Background Thread 2 ] DEBUG Engine               - class com.almasb.fxgl.app.services.IOTaskExecutorService
20:23:35.518 [FXGL Background Thread 2 ] DEBUG Engine               - class com.almasb.fxgl.event.EventBusService
20:23:35.518 [FXGL Background Thread 2 ] DEBUG Engine               - class com.almasb.fxgl.io.FileSystemService
20:23:35.518 [FXGL Background Thread 2 ] DEBUG Engine               - class com.almasb.fxgl.localization.LocalizationService
20:23:35.518 [FXGL Background Thread 2 ] DEBUG Engine               - class com.almasb.fxgl.app.services.AssetLoaderService
20:23:35.518 [FXGL Background Thread 2 ] DEBUG Engine               - class com.almasb.fxgl.app.services.SystemBundleService
20:23:35.519 [FXGL Background Thread 2 ] DEBUG Engine               - class com.almasb.fxgl.profile.SaveLoadService
20:23:35.519 [FXGL Background Thread 2 ] DEBUG Engine               - class com.almasb.fxgl.ui.FXGLUIFactoryServiceProvider
20:23:35.519 [FXGL Background Thread 2 ] DEBUG Engine               - class com.almasb.fxgl.ui.FXGLDialogFactoryServiceProvider
20:23:35.519 [FXGL Background Thread 2 ] DEBUG Engine               - class com.almasb.fxgl.audio.AudioPlayer
20:23:35.519 [FXGL Background Thread 2 ] DEBUG Engine               - class com.almasb.fxgl.notification.impl.NotificationServiceProvider
20:23:35.519 [FXGL Background Thread 2 ] DEBUG Engine               - class com.almasb.fxgl.achievement.AchievementService
20:23:35.519 [FXGL Background Thread 2 ] DEBUG Engine               - class com.almasb.fxgl.cutscene.CutsceneService
20:23:35.519 [FXGL Background Thread 2 ] DEBUG Engine               - class com.almasb.fxgl.minigames.MiniGameService
20:23:35.519 [FXGL Background Thread 2 ] DEBUG Engine               - class com.almasb.fxgl.net.NetService
20:23:35.519 [FXGL Background Thread 2 ] DEBUG Engine               - class com.almasb.fxgl.app.services.UpdaterService
20:23:36.148 [JavaFX Application Thread] DEBUG AssetLoaderService   - Loading from file system: /assets/sounds/bump.wav
20:23:37.094 [JavaFX Application Thread] DEBUG AssetLoaderService   - Loading from cache: /assets/sounds/bump.wav
20:23:37.141 [JavaFX Application Thread] DEBUG AssetLoaderService   - Loading from cache: /assets/sounds/bump.wav
20:23:37.189 [JavaFX Application Thread] DEBUG AssetLoaderService   - Loading from cache: /assets/sounds/bump.wav
20:23:37.237 [JavaFX Application Thread] DEBUG AssetLoaderService   - Loading from cache: /assets/sounds/bump.wav
20:23:37.285 [JavaFX Application Thread] DEBUG AssetLoaderService   - Loading from cache: /assets/sounds/bump.wav
20:23:37.333 [JavaFX Application Thread] DEBUG AssetLoaderService   - Loading from cache: /assets/sounds/bump.wav
20:23:37.381 [JavaFX Application Thread] DEBUG AssetLoaderService   - Loading from cache: /assets/sounds/bump.wav
20:23:37.445 [JavaFX Application Thread] DEBUG AssetLoaderService   - Loading from cache: /assets/sounds/bump.wav
20:23:38.469 [JavaFX Application Thread] DEBUG AssetLoaderService   - Loading from cache: /assets/sounds/bump.wav
20:23:38.517 [JavaFX Application Thread] DEBUG AssetLoaderService   - Loading from cache: /assets/sounds/bump.wav
20:23:44.325 [JavaFX Application Thread] DEBUG AssetLoaderService   - Loading from cache: /assets/sounds/bump.wav
20:23:44.357 [JavaFX Application Thread] DEBUG AssetLoaderService   - Loading from cache: /assets/sounds/bump.wav
20:23:44.405 [JavaFX Application Thread] DEBUG AssetLoaderService   - Loading from cache: /assets/sounds/bump.wav
20:23:44.437 [JavaFX Application Thread] DEBUG AssetLoaderService   - Loading from cache: /assets/sounds/bump.wav
20:23:44.485 [JavaFX Application Thread] DEBUG AssetLoaderService   - Loading from cache: /assets/sounds/bump.wav
20:23:44.517 [JavaFX Application Thread] DEBUG AssetLoaderService   - Loading from cache: /assets/sounds/bump.wav
20:23:44.565 [JavaFX Application Thread] DEBUG AssetLoaderService   - Loading from cache: /assets/sounds/bump.wav
20:23:44.613 [JavaFX Application Thread] DEBUG AssetLoaderService   - Loading from cache: /assets/sounds/bump.wav
20:23:44.661 [JavaFX Application Thread] DEBUG AssetLoaderService   - Loading from cache: /assets/sounds/bump.wav
20:23:44.693 [JavaFX Application Thread] DEBUG AssetLoaderService   - Loading from cache: /assets/sounds/bump.wav
20:23:44.741 [JavaFX Application Thread] DEBUG AssetLoaderService   - Loading from cache: /assets/sounds/bump.wav
20:23:44.773 [JavaFX Application Thread] DEBUG AssetLoaderService   - Loading from cache: /assets/sounds/bump.wav
20:23:44.821 [JavaFX Application Thread] DEBUG AssetLoaderService   - Loading from cache: /assets/sounds/bump.wav
20:23:44.853 [JavaFX Application Thread] DEBUG AssetLoaderService   - Loading from cache: /assets/sounds/bump.wav
20:23:49.685 [JavaFX Application Thread] DEBUG AssetLoaderService   - Loading from cache: /assets/sounds/bump.wav
20:23:52.398 [JavaFX Application Thread] DEBUG GameApplication      - Exiting FXGL
20:23:52.398 [JavaFX Application Thread] DEBUG LoopRunner           - Stopping loop
20:23:52.398 [JavaFX Application Thread] DEBUG SystemBundleService  - Saving FXGL system data
20:23:52.399 [JavaFX Application Thread] DEBUG FileSystemAccess     - Writing to: C:\Users\Adam Cunard\git\FriendMaker2077-07-03\Project\system\fxgl.bundle
20:23:52.400 [JavaFX Application Thread] DEBUG GameApplication      - Shutting down background threads
20:23:52.400 [JavaFX Application Thread] DEBUG GameApplication      - Closing logger and exiting JavaFX
