13:37:58.927 [JavaFX Application Thread] DEBUG GameApplication      - Logger initialized
13:37:58.936 [JavaFX Application Thread] DEBUG GameApplication      - Logging settings
Title: Basic Game App
Version: 0.1
Width: 640
Height: 640
Fullscreen: false
Intro: false
Menus: false
Profiling: false
Single step:false
App Mode: DEVELOPER
Menu Key: ESCAPE
Stage Style: DECORATED
Scene Factory: class com.almasb.fxgl.scene.SceneFactory
Dialog Factory: class com.almasb.fxgl.ui.FXGLDialogFactory
UI Factory: class com.almasb.fxgl.ui.FXGLUIFactory
Notification Service: class com.almasb.fxgl.gameplay.notification.XboxNotificationView
Exception Handler: class com.almasb.fxgl.app.FXGLExceptionHandler
13:37:58.937 [JavaFX Application Thread] DEBUG GameApplication      - Starting FXGL
13:37:58.943 [JavaFX Application Thread] INFO  FXGL                 - FXGL-0.5.4 on DESKTOP
13:37:58.943 [JavaFX Application Thread] INFO  FXGL                 - Source code and latest versions at: https://github.com/AlmasB/FXGL
13:37:58.943 [JavaFX Application Thread] INFO  FXGL                 -              Join the FXGL chat at: https://gitter.im/AlmasB/FXGL
13:37:58.944 [JavaFX Application Thread] DEBUG FXGL                 - FXGL started
13:37:58.944 [JavaFX Application Thread] DEBUG FXGL                 - Initializing FXGL
13:37:58.970 [JavaFX Application Thread] DEBUG AssetLoader          - Loading from disk: /assets/ui/cursors/fxgl_default.png
13:37:59.019 [JavaFX Application Thread] DEBUG AssetLoader          - Loading from disk: /assets/ui/fonts/VarelaRound-Regular.ttf
13:37:59.201 [JavaFX Application Thread] DEBUG MainWindow           - Creating a JavaFX scene
13:37:59.221 [JavaFX Application Thread] DEBUG MainWindow           - Target settings size: 640.0 x 640.0
13:37:59.221 [JavaFX Application Thread] DEBUG MainWindow           - Scaled scene size:    640.0 x 640.0
13:37:59.221 [JavaFX Application Thread] DEBUG MainWindow           - Scaled ratio: (1.0, 1.0)
13:37:59.223 [JavaFX Application Thread] DEBUG AssetLoader          - Loading from disk: /assets/ui/css/fxgl_dark.css
13:37:59.225 [JavaFX Application Thread] DEBUG AssetLoader          - Loading from disk: /assets/textures/fxgl_icon.png
13:37:59.234 [JavaFX Application Thread] DEBUG MainWindow           - Opening main window
13:37:59.326 [JavaFX Application Thread] DEBUG MainWindow           - Window border size: (16.0, 39.0)
13:37:59.326 [JavaFX Application Thread] DEBUG MainWindow           - Scaled size: 640.0 x 640.0
13:37:59.326 [JavaFX Application Thread] DEBUG MainWindow           - Scaled ratio: (1.0, 1.0)
13:37:59.326 [JavaFX Application Thread] DEBUG MainWindow           - Scene size: 640.0 x 640.0
13:37:59.326 [JavaFX Application Thread] DEBUG MainWindow           - Stage size: 656.0 x 679.0
13:37:59.347 [ForkJoinPool.commonPool-worker-25] DEBUG FS                   - Loaded DesktopFSService
13:37:59.347 [ForkJoinPool.commonPool-worker-25] DEBUG FXGL                 - Loading FXGL system data
13:37:59.351 [ForkJoinPool.commonPool-worker-25] DEBUG DesktopFSService     - Reading from: system\fxgl.bundle
13:37:59.357 [ForkJoinPool.commonPool-worker-25] DEBUG Bundle               - Logging bundle: FXGL
13:37:59.358 [ForkJoinPool.commonPool-worker-25] DEBUG Bundle               - FXGL.offline.timer.version.check=2020-03-04T20:18:36.122706300
13:37:59.358 [ForkJoinPool.commonPool-worker-25] DEBUG FXGL                 - Initializing state machine and application states
13:37:59.359 [ForkJoinPool.commonPool-worker-25] DEBUG AssetLoader          - Loading from disk: /assets/ui/cursors/fxgl_default.png
13:37:59.363 [ForkJoinPool.commonPool-worker-25] DEBUG AssetLoader          - Loading from disk: /assets/ui/cursors/fxgl_default.png
13:37:59.367 [ForkJoinPool.commonPool-worker-25] DEBUG AssetLoader          - Loading from cache: /assets/ui/fonts/VarelaRound-Regular.ttf
13:37:59.369 [ForkJoinPool.commonPool-worker-25] DEBUG AssetLoader          - Loading from disk: /assets/ui/cursors/fxgl_default.png
13:37:59.378 [ForkJoinPool.commonPool-worker-25] DEBUG GameScene            - Game scene initialized: 640x640
13:37:59.381 [ForkJoinPool.commonPool-worker-25] DEBUG GameWorld            - Game world initialized
13:37:59.417 [ForkJoinPool.commonPool-worker-25] DEBUG PhysicsWorld         - Physics world initialized: appHeight=640, physics.ppm=50.0
13:37:59.427 [ForkJoinPool.commonPool-worker-25] DEBUG Input                - Registered new binding: Pause - Esc
13:37:59.471 [JavaFX Application Thread] DEBUG FXGL                 - Running preInit()
13:37:59.472 [JavaFX Application Thread] DEBUG Input                - Registered new binding: Screenshot - P
13:37:59.473 [JavaFX Application Thread] DEBUG Input                - Registered new binding: Dev Options - CTRL+0
13:37:59.473 [JavaFX Application Thread] DEBUG Input                - Registered new binding: System info dump - CTRL+9
13:37:59.473 [JavaFX Application Thread] DEBUG Input                - Registered new binding: Restart - CTRL+R
13:37:59.473 [JavaFX Application Thread] DEBUG Input                - Registered new binding: Move Right - D
13:37:59.473 [JavaFX Application Thread] DEBUG Input                - Registered new binding: Move Left - A
13:37:59.473 [JavaFX Application Thread] DEBUG Input                - Registered new binding: Move Up - W
13:37:59.473 [JavaFX Application Thread] DEBUG Input                - Registered new binding: Move Down - S
13:37:59.474 [JavaFX Application Thread] DEBUG Input                - Registered new binding: Play Sound - F
13:37:59.474 [JavaFX Application Thread] INFO  FXGL                 - FXGL initialization took: 0.530 sec
13:37:59.474 [JavaFX Application Thread] DEBUG LoopRunner           - Starting loop
13:37:59.481 [JavaFX Application Thread] DEBUG StartupState         - STARTUP
13:37:59.481 [JavaFX Application Thread] DEBUG GameApplication      - Starting new game
13:37:59.481 [JavaFX Application Thread] DEBUG Input                - Clearing active input actions
13:37:59.486 [JavaFX Application Thread] DEBUG AssetLoader          - Loading from disk: /assets/ui/css/fxgl_dark.css
13:37:59.489 [JavaFX Application Thread] DEBUG AppStateMachine      - StartupState -> LoadingState
13:37:59.492 [FXGL Background Thread 1 ] DEBUG InitAppTask          - Clearing previous game
13:37:59.492 [FXGL Background Thread 1 ] DEBUG GameWorld            - Clearing game world
13:37:59.492 [FXGL Background Thread 1 ] DEBUG PhysicsWorld         - Clearing physics world
13:37:59.492 [FXGL Background Thread 1 ] DEBUG GameScene            - Clearing game scene
13:37:59.493 [FXGL Background Thread 1 ] DEBUG InitAppTask          - Initializing Game
13:37:59.505 [FXGL Background Thread 1 ] DEBUG AssetLoader          - Loading from disk: /assets/tmx/level1.tmx
13:37:59.523 [FXGL Background Thread 1 ] WARN  TMXParser            - TiledMap generated from 1.3.3. Supported version: 1.1.2. Some features may not be parsed fully.
13:37:59.532 [FXGL Background Thread 1 ] DEBUG GameWorld            - Clearing removable entities
13:37:59.532 [FXGL Background Thread 1 ] DEBUG GameWorld            - Setting level from map
13:37:59.542 [FXGL Background Thread 1 ] DEBUG AssetLoader          - Loading from disk: /assets/textures/SPRITESHEET.png
13:37:59.549 [FXGL Background Thread 1 ] DEBUG AssetLoader          - Loading from cache: /assets/textures/SPRITESHEET.png
13:37:59.549 [FXGL Background Thread 1 ] DEBUG AssetLoader          - Loading from cache: /assets/textures/SPRITESHEET.png
13:37:59.549 [FXGL Background Thread 1 ] DEBUG AssetLoader          - Loading from cache: /assets/textures/SPRITESHEET.png
13:37:59.549 [FXGL Background Thread 1 ] DEBUG AssetLoader          - Loading from cache: /assets/textures/SPRITESHEET.png
13:37:59.549 [FXGL Background Thread 1 ] DEBUG AssetLoader          - Loading from cache: /assets/textures/SPRITESHEET.png
13:37:59.549 [FXGL Background Thread 1 ] DEBUG AssetLoader          - Loading from cache: /assets/textures/SPRITESHEET.png
13:37:59.549 [FXGL Background Thread 1 ] DEBUG AssetLoader          - Loading from cache: /assets/textures/SPRITESHEET.png
13:37:59.550 [FXGL Background Thread 1 ] DEBUG AssetLoader          - Loading from cache: /assets/textures/SPRITESHEET.png
13:37:59.550 [FXGL Background Thread 1 ] DEBUG AssetLoader          - Loading from cache: /assets/textures/SPRITESHEET.png
13:37:59.550 [FXGL Background Thread 1 ] DEBUG AssetLoader          - Loading from cache: /assets/textures/SPRITESHEET.png
13:37:59.550 [FXGL Background Thread 1 ] DEBUG AssetLoader          - Loading from cache: /assets/textures/SPRITESHEET.png
13:37:59.550 [FXGL Background Thread 1 ] DEBUG AssetLoader          - Loading from cache: /assets/textures/SPRITESHEET.png
13:37:59.550 [FXGL Background Thread 1 ] DEBUG AssetLoader          - Loading from cache: /assets/textures/SPRITESHEET.png
13:37:59.550 [FXGL Background Thread 1 ] DEBUG AssetLoader          - Loading from cache: /assets/textures/SPRITESHEET.png
13:37:59.550 [FXGL Background Thread 1 ] DEBUG AssetLoader          - Loading from cache: /assets/textures/SPRITESHEET.png
13:37:59.550 [FXGL Background Thread 1 ] DEBUG AssetLoader          - Loading from cache: /assets/textures/SPRITESHEET.png
13:37:59.550 [FXGL Background Thread 1 ] DEBUG AssetLoader          - Loading from cache: /assets/textures/SPRITESHEET.png
13:37:59.550 [FXGL Background Thread 1 ] DEBUG AssetLoader          - Loading from cache: /assets/textures/SPRITESHEET.png
13:37:59.551 [FXGL Background Thread 1 ] DEBUG AssetLoader          - Loading from cache: /assets/textures/SPRITESHEET.png
13:37:59.551 [FXGL Background Thread 1 ] DEBUG AssetLoader          - Loading from cache: /assets/textures/SPRITESHEET.png
13:37:59.551 [FXGL Background Thread 1 ] DEBUG AssetLoader          - Loading from cache: /assets/textures/SPRITESHEET.png
13:37:59.551 [FXGL Background Thread 1 ] DEBUG AssetLoader          - Loading from cache: /assets/textures/SPRITESHEET.png
13:37:59.551 [FXGL Background Thread 1 ] DEBUG AssetLoader          - Loading from cache: /assets/textures/SPRITESHEET.png
13:37:59.551 [FXGL Background Thread 1 ] DEBUG AssetLoader          - Loading from cache: /assets/textures/SPRITESHEET.png
13:37:59.551 [FXGL Background Thread 1 ] DEBUG AssetLoader          - Loading from cache: /assets/textures/SPRITESHEET.png
13:37:59.551 [FXGL Background Thread 1 ] DEBUG AssetLoader          - Loading from cache: /assets/textures/SPRITESHEET.png
13:37:59.551 [FXGL Background Thread 1 ] DEBUG AssetLoader          - Loading from cache: /assets/textures/SPRITESHEET.png
13:37:59.551 [FXGL Background Thread 1 ] DEBUG AssetLoader          - Loading from cache: /assets/textures/SPRITESHEET.png
13:37:59.551 [FXGL Background Thread 1 ] DEBUG AssetLoader          - Loading from cache: /assets/textures/SPRITESHEET.png
13:37:59.551 [FXGL Background Thread 1 ] DEBUG AssetLoader          - Loading from cache: /assets/textures/SPRITESHEET.png
13:37:59.552 [FXGL Background Thread 1 ] DEBUG AssetLoader          - Loading from cache: /assets/textures/SPRITESHEET.png
13:37:59.552 [FXGL Background Thread 1 ] DEBUG AssetLoader          - Loading from cache: /assets/textures/SPRITESHEET.png
13:37:59.552 [FXGL Background Thread 1 ] DEBUG AssetLoader          - Loading from cache: /assets/textures/SPRITESHEET.png
13:37:59.552 [FXGL Background Thread 1 ] DEBUG AssetLoader          - Loading from cache: /assets/textures/SPRITESHEET.png
13:37:59.552 [FXGL Background Thread 1 ] DEBUG AssetLoader          - Loading from cache: /assets/textures/SPRITESHEET.png
13:37:59.552 [FXGL Background Thread 1 ] DEBUG AssetLoader          - Loading from cache: /assets/textures/SPRITESHEET.png
13:37:59.552 [FXGL Background Thread 1 ] DEBUG AssetLoader          - Loading from cache: /assets/textures/SPRITESHEET.png
13:37:59.552 [FXGL Background Thread 1 ] DEBUG AssetLoader          - Loading from cache: /assets/textures/SPRITESHEET.png
13:37:59.552 [FXGL Background Thread 1 ] DEBUG AssetLoader          - Loading from cache: /assets/textures/SPRITESHEET.png
13:37:59.552 [FXGL Background Thread 1 ] DEBUG AssetLoader          - Loading from cache: /assets/textures/SPRITESHEET.png
13:37:59.552 [FXGL Background Thread 1 ] DEBUG AssetLoader          - Loading from cache: /assets/textures/SPRITESHEET.png
13:37:59.552 [FXGL Background Thread 1 ] DEBUG AssetLoader          - Loading from cache: /assets/textures/SPRITESHEET.png
13:37:59.553 [FXGL Background Thread 1 ] DEBUG AssetLoader          - Loading from cache: /assets/textures/SPRITESHEET.png
13:37:59.553 [FXGL Background Thread 1 ] DEBUG AssetLoader          - Loading from cache: /assets/textures/SPRITESHEET.png
13:37:59.553 [FXGL Background Thread 1 ] DEBUG AssetLoader          - Loading from cache: /assets/textures/SPRITESHEET.png
13:37:59.553 [FXGL Background Thread 1 ] DEBUG AssetLoader          - Loading from cache: /assets/textures/SPRITESHEET.png
13:37:59.553 [FXGL Background Thread 1 ] DEBUG AssetLoader          - Loading from cache: /assets/textures/SPRITESHEET.png
13:37:59.553 [FXGL Background Thread 1 ] DEBUG AssetLoader          - Loading from cache: /assets/textures/SPRITESHEET.png
13:37:59.553 [FXGL Background Thread 1 ] DEBUG AssetLoader          - Loading from cache: /assets/textures/SPRITESHEET.png
13:37:59.553 [FXGL Background Thread 1 ] DEBUG AssetLoader          - Loading from cache: /assets/textures/SPRITESHEET.png
13:37:59.553 [FXGL Background Thread 1 ] DEBUG AssetLoader          - Loading from cache: /assets/textures/SPRITESHEET.png
13:37:59.553 [FXGL Background Thread 1 ] DEBUG AssetLoader          - Loading from cache: /assets/textures/SPRITESHEET.png
13:37:59.553 [FXGL Background Thread 1 ] DEBUG AssetLoader          - Loading from cache: /assets/textures/SPRITESHEET.png
13:37:59.553 [FXGL Background Thread 1 ] DEBUG AssetLoader          - Loading from cache: /assets/textures/SPRITESHEET.png
13:37:59.553 [FXGL Background Thread 1 ] DEBUG AssetLoader          - Loading from cache: /assets/textures/SPRITESHEET.png
13:37:59.553 [FXGL Background Thread 1 ] DEBUG AssetLoader          - Loading from cache: /assets/textures/SPRITESHEET.png
13:37:59.554 [FXGL Background Thread 1 ] DEBUG AssetLoader          - Loading from cache: /assets/textures/SPRITESHEET.png
13:37:59.554 [FXGL Background Thread 1 ] DEBUG AssetLoader          - Loading from cache: /assets/textures/SPRITESHEET.png
13:37:59.554 [FXGL Background Thread 1 ] DEBUG AssetLoader          - Loading from cache: /assets/textures/SPRITESHEET.png
13:37:59.554 [FXGL Background Thread 1 ] DEBUG AssetLoader          - Loading from cache: /assets/textures/SPRITESHEET.png
13:37:59.554 [FXGL Background Thread 1 ] DEBUG AssetLoader          - Loading from cache: /assets/textures/SPRITESHEET.png
13:37:59.554 [FXGL Background Thread 1 ] DEBUG AssetLoader          - Loading from cache: /assets/textures/SPRITESHEET.png
13:37:59.554 [FXGL Background Thread 1 ] DEBUG AssetLoader          - Loading from cache: /assets/textures/SPRITESHEET.png
13:37:59.554 [FXGL Background Thread 1 ] DEBUG AssetLoader          - Loading from cache: /assets/textures/SPRITESHEET.png
13:37:59.554 [FXGL Background Thread 1 ] DEBUG AssetLoader          - Loading from cache: /assets/textures/SPRITESHEET.png
13:37:59.554 [FXGL Background Thread 1 ] DEBUG AssetLoader          - Loading from cache: /assets/textures/SPRITESHEET.png
13:37:59.554 [FXGL Background Thread 1 ] DEBUG AssetLoader          - Loading from cache: /assets/textures/SPRITESHEET.png
13:37:59.554 [FXGL Background Thread 1 ] DEBUG AssetLoader          - Loading from cache: /assets/textures/SPRITESHEET.png
13:37:59.555 [FXGL Background Thread 1 ] DEBUG AssetLoader          - Loading from cache: /assets/textures/SPRITESHEET.png
13:37:59.555 [FXGL Background Thread 1 ] DEBUG AssetLoader          - Loading from cache: /assets/textures/SPRITESHEET.png
13:37:59.555 [FXGL Background Thread 1 ] DEBUG AssetLoader          - Loading from cache: /assets/textures/SPRITESHEET.png
13:37:59.555 [FXGL Background Thread 1 ] DEBUG AssetLoader          - Loading from cache: /assets/textures/SPRITESHEET.png
13:37:59.555 [FXGL Background Thread 1 ] DEBUG AssetLoader          - Loading from cache: /assets/textures/SPRITESHEET.png
13:37:59.555 [FXGL Background Thread 1 ] DEBUG AssetLoader          - Loading from cache: /assets/textures/SPRITESHEET.png
13:37:59.555 [FXGL Background Thread 1 ] DEBUG AssetLoader          - Loading from cache: /assets/textures/SPRITESHEET.png
13:37:59.555 [FXGL Background Thread 1 ] DEBUG AssetLoader          - Loading from cache: /assets/textures/SPRITESHEET.png
13:37:59.555 [FXGL Background Thread 1 ] DEBUG AssetLoader          - Loading from cache: /assets/textures/SPRITESHEET.png
13:37:59.555 [FXGL Background Thread 1 ] DEBUG AssetLoader          - Loading from cache: /assets/textures/SPRITESHEET.png
13:37:59.555 [FXGL Background Thread 1 ] DEBUG AssetLoader          - Loading from cache: /assets/textures/SPRITESHEET.png
13:37:59.555 [FXGL Background Thread 1 ] DEBUG AssetLoader          - Loading from cache: /assets/textures/SPRITESHEET.png
13:37:59.555 [FXGL Background Thread 1 ] DEBUG AssetLoader          - Loading from cache: /assets/textures/SPRITESHEET.png
13:37:59.556 [FXGL Background Thread 1 ] DEBUG AssetLoader          - Loading from cache: /assets/textures/SPRITESHEET.png
13:37:59.556 [FXGL Background Thread 1 ] DEBUG AssetLoader          - Loading from cache: /assets/textures/SPRITESHEET.png
13:37:59.556 [FXGL Background Thread 1 ] DEBUG AssetLoader          - Loading from cache: /assets/textures/SPRITESHEET.png
13:37:59.556 [FXGL Background Thread 1 ] DEBUG AssetLoader          - Loading from cache: /assets/textures/SPRITESHEET.png
13:37:59.556 [FXGL Background Thread 1 ] DEBUG AssetLoader          - Loading from cache: /assets/textures/SPRITESHEET.png
13:37:59.556 [FXGL Background Thread 1 ] DEBUG AssetLoader          - Loading from cache: /assets/textures/SPRITESHEET.png
13:37:59.556 [FXGL Background Thread 1 ] DEBUG AssetLoader          - Loading from cache: /assets/textures/SPRITESHEET.png
13:37:59.556 [FXGL Background Thread 1 ] DEBUG AssetLoader          - Loading from cache: /assets/textures/SPRITESHEET.png
13:37:59.556 [FXGL Background Thread 1 ] DEBUG AssetLoader          - Loading from cache: /assets/textures/SPRITESHEET.png
13:37:59.556 [FXGL Background Thread 1 ] DEBUG AssetLoader          - Loading from cache: /assets/textures/SPRITESHEET.png
13:37:59.556 [FXGL Background Thread 1 ] DEBUG AssetLoader          - Loading from cache: /assets/textures/SPRITESHEET.png
13:37:59.556 [FXGL Background Thread 1 ] DEBUG AssetLoader          - Loading from cache: /assets/textures/SPRITESHEET.png
13:37:59.556 [FXGL Background Thread 1 ] DEBUG AssetLoader          - Loading from cache: /assets/textures/SPRITESHEET.png
13:37:59.556 [FXGL Background Thread 1 ] DEBUG AssetLoader          - Loading from cache: /assets/textures/SPRITESHEET.png
13:37:59.557 [FXGL Background Thread 1 ] DEBUG AssetLoader          - Loading from cache: /assets/textures/SPRITESHEET.png
13:37:59.557 [FXGL Background Thread 1 ] DEBUG AssetLoader          - Loading from cache: /assets/textures/SPRITESHEET.png
13:37:59.557 [FXGL Background Thread 1 ] DEBUG AssetLoader          - Loading from cache: /assets/textures/SPRITESHEET.png
13:37:59.557 [FXGL Background Thread 1 ] DEBUG AssetLoader          - Loading from cache: /assets/textures/SPRITESHEET.png
13:37:59.557 [FXGL Background Thread 1 ] DEBUG AssetLoader          - Loading from cache: /assets/textures/SPRITESHEET.png
13:37:59.557 [FXGL Background Thread 1 ] DEBUG AssetLoader          - Loading from cache: /assets/textures/SPRITESHEET.png
13:37:59.557 [FXGL Background Thread 1 ] DEBUG AssetLoader          - Loading from cache: /assets/textures/SPRITESHEET.png
13:37:59.557 [FXGL Background Thread 1 ] DEBUG AssetLoader          - Loading from cache: /assets/textures/SPRITESHEET.png
13:37:59.557 [FXGL Background Thread 1 ] DEBUG AssetLoader          - Loading from cache: /assets/textures/SPRITESHEET.png
13:37:59.557 [FXGL Background Thread 1 ] DEBUG AssetLoader          - Loading from cache: /assets/textures/SPRITESHEET.png
13:37:59.557 [FXGL Background Thread 1 ] DEBUG AssetLoader          - Loading from cache: /assets/textures/SPRITESHEET.png
13:37:59.557 [FXGL Background Thread 1 ] DEBUG AssetLoader          - Loading from cache: /assets/textures/SPRITESHEET.png
13:37:59.557 [FXGL Background Thread 1 ] DEBUG AssetLoader          - Loading from cache: /assets/textures/SPRITESHEET.png
13:37:59.558 [FXGL Background Thread 1 ] DEBUG AssetLoader          - Loading from cache: /assets/textures/SPRITESHEET.png
13:37:59.558 [FXGL Background Thread 1 ] DEBUG AssetLoader          - Loading from cache: /assets/textures/SPRITESHEET.png
13:37:59.558 [FXGL Background Thread 1 ] DEBUG AssetLoader          - Loading from cache: /assets/textures/SPRITESHEET.png
13:37:59.558 [FXGL Background Thread 1 ] DEBUG AssetLoader          - Loading from cache: /assets/textures/SPRITESHEET.png
13:37:59.558 [FXGL Background Thread 1 ] DEBUG AssetLoader          - Loading from cache: /assets/textures/SPRITESHEET.png
13:37:59.558 [FXGL Background Thread 1 ] DEBUG AssetLoader          - Loading from cache: /assets/textures/SPRITESHEET.png
13:37:59.558 [FXGL Background Thread 1 ] DEBUG AssetLoader          - Loading from cache: /assets/textures/SPRITESHEET.png
13:37:59.558 [FXGL Background Thread 1 ] DEBUG AssetLoader          - Loading from cache: /assets/textures/SPRITESHEET.png
13:37:59.558 [FXGL Background Thread 1 ] DEBUG AssetLoader          - Loading from cache: /assets/textures/SPRITESHEET.png
13:37:59.558 [FXGL Background Thread 1 ] DEBUG AssetLoader          - Loading from cache: /assets/textures/SPRITESHEET.png
13:37:59.558 [FXGL Background Thread 1 ] DEBUG AssetLoader          - Loading from cache: /assets/textures/SPRITESHEET.png
13:37:59.558 [FXGL Background Thread 1 ] DEBUG AssetLoader          - Loading from cache: /assets/textures/SPRITESHEET.png
13:37:59.558 [FXGL Background Thread 1 ] DEBUG AssetLoader          - Loading from cache: /assets/textures/SPRITESHEET.png
13:37:59.558 [FXGL Background Thread 1 ] DEBUG AssetLoader          - Loading from cache: /assets/textures/SPRITESHEET.png
13:37:59.558 [FXGL Background Thread 1 ] DEBUG AssetLoader          - Loading from cache: /assets/textures/SPRITESHEET.png
13:37:59.559 [FXGL Background Thread 1 ] DEBUG AssetLoader          - Loading from cache: /assets/textures/SPRITESHEET.png
13:37:59.559 [FXGL Background Thread 1 ] DEBUG AssetLoader          - Loading from cache: /assets/textures/SPRITESHEET.png
13:37:59.559 [FXGL Background Thread 1 ] DEBUG AssetLoader          - Loading from cache: /assets/textures/SPRITESHEET.png
13:37:59.559 [FXGL Background Thread 1 ] DEBUG AssetLoader          - Loading from cache: /assets/textures/SPRITESHEET.png
13:37:59.559 [FXGL Background Thread 1 ] DEBUG AssetLoader          - Loading from cache: /assets/textures/SPRITESHEET.png
13:37:59.559 [FXGL Background Thread 1 ] DEBUG AssetLoader          - Loading from cache: /assets/textures/SPRITESHEET.png
13:37:59.559 [FXGL Background Thread 1 ] DEBUG AssetLoader          - Loading from cache: /assets/textures/SPRITESHEET.png
13:37:59.559 [FXGL Background Thread 1 ] DEBUG AssetLoader          - Loading from cache: /assets/textures/SPRITESHEET.png
13:37:59.559 [FXGL Background Thread 1 ] DEBUG AssetLoader          - Loading from cache: /assets/textures/SPRITESHEET.png
13:37:59.559 [FXGL Background Thread 1 ] DEBUG AssetLoader          - Loading from cache: /assets/textures/SPRITESHEET.png
13:37:59.559 [FXGL Background Thread 1 ] DEBUG AssetLoader          - Loading from cache: /assets/textures/SPRITESHEET.png
13:37:59.559 [FXGL Background Thread 1 ] DEBUG AssetLoader          - Loading from cache: /assets/textures/SPRITESHEET.png
13:37:59.559 [FXGL Background Thread 1 ] DEBUG AssetLoader          - Loading from cache: /assets/textures/SPRITESHEET.png
13:37:59.559 [FXGL Background Thread 1 ] DEBUG AssetLoader          - Loading from cache: /assets/textures/SPRITESHEET.png
13:37:59.559 [FXGL Background Thread 1 ] DEBUG AssetLoader          - Loading from cache: /assets/textures/SPRITESHEET.png
13:37:59.560 [FXGL Background Thread 1 ] DEBUG AssetLoader          - Loading from cache: /assets/textures/SPRITESHEET.png
13:37:59.560 [FXGL Background Thread 1 ] DEBUG AssetLoader          - Loading from cache: /assets/textures/SPRITESHEET.png
13:37:59.560 [FXGL Background Thread 1 ] DEBUG AssetLoader          - Loading from cache: /assets/textures/SPRITESHEET.png
13:37:59.560 [FXGL Background Thread 1 ] DEBUG AssetLoader          - Loading from cache: /assets/textures/SPRITESHEET.png
13:37:59.560 [FXGL Background Thread 1 ] DEBUG AssetLoader          - Loading from cache: /assets/textures/SPRITESHEET.png
13:37:59.560 [FXGL Background Thread 1 ] DEBUG AssetLoader          - Loading from cache: /assets/textures/SPRITESHEET.png
13:37:59.560 [FXGL Background Thread 1 ] DEBUG AssetLoader          - Loading from cache: /assets/textures/SPRITESHEET.png
13:37:59.560 [FXGL Background Thread 1 ] DEBUG AssetLoader          - Loading from cache: /assets/textures/SPRITESHEET.png
13:37:59.560 [FXGL Background Thread 1 ] DEBUG AssetLoader          - Loading from cache: /assets/textures/SPRITESHEET.png
13:37:59.560 [FXGL Background Thread 1 ] DEBUG AssetLoader          - Loading from cache: /assets/textures/SPRITESHEET.png
13:37:59.560 [FXGL Background Thread 1 ] DEBUG AssetLoader          - Loading from cache: /assets/textures/SPRITESHEET.png
13:37:59.560 [FXGL Background Thread 1 ] DEBUG AssetLoader          - Loading from cache: /assets/textures/SPRITESHEET.png
13:37:59.560 [FXGL Background Thread 1 ] DEBUG AssetLoader          - Loading from cache: /assets/textures/SPRITESHEET.png
13:37:59.560 [FXGL Background Thread 1 ] DEBUG AssetLoader          - Loading from cache: /assets/textures/SPRITESHEET.png
13:37:59.561 [FXGL Background Thread 1 ] DEBUG AssetLoader          - Loading from cache: /assets/textures/SPRITESHEET.png
13:37:59.561 [FXGL Background Thread 1 ] DEBUG AssetLoader          - Loading from cache: /assets/textures/SPRITESHEET.png
13:37:59.561 [FXGL Background Thread 1 ] DEBUG AssetLoader          - Loading from cache: /assets/textures/SPRITESHEET.png
13:37:59.561 [FXGL Background Thread 1 ] DEBUG AssetLoader          - Loading from cache: /assets/textures/SPRITESHEET.png
13:37:59.561 [FXGL Background Thread 1 ] DEBUG AssetLoader          - Loading from cache: /assets/textures/SPRITESHEET.png
13:37:59.561 [FXGL Background Thread 1 ] DEBUG AssetLoader          - Loading from cache: /assets/textures/SPRITESHEET.png
13:37:59.561 [FXGL Background Thread 1 ] DEBUG AssetLoader          - Loading from cache: /assets/textures/SPRITESHEET.png
13:37:59.561 [FXGL Background Thread 1 ] DEBUG AssetLoader          - Loading from cache: /assets/textures/SPRITESHEET.png
13:37:59.561 [FXGL Background Thread 1 ] DEBUG AssetLoader          - Loading from cache: /assets/textures/SPRITESHEET.png
13:37:59.561 [FXGL Background Thread 1 ] DEBUG AssetLoader          - Loading from cache: /assets/textures/SPRITESHEET.png
13:37:59.561 [FXGL Background Thread 1 ] DEBUG AssetLoader          - Loading from cache: /assets/textures/SPRITESHEET.png
13:37:59.561 [FXGL Background Thread 1 ] DEBUG AssetLoader          - Loading from cache: /assets/textures/SPRITESHEET.png
13:37:59.561 [FXGL Background Thread 1 ] DEBUG AssetLoader          - Loading from cache: /assets/textures/SPRITESHEET.png
13:37:59.561 [FXGL Background Thread 1 ] DEBUG AssetLoader          - Loading from cache: /assets/textures/SPRITESHEET.png
13:37:59.561 [FXGL Background Thread 1 ] DEBUG AssetLoader          - Loading from cache: /assets/textures/SPRITESHEET.png
13:37:59.562 [FXGL Background Thread 1 ] DEBUG AssetLoader          - Loading from cache: /assets/textures/SPRITESHEET.png
13:37:59.562 [FXGL Background Thread 1 ] DEBUG AssetLoader          - Loading from cache: /assets/textures/SPRITESHEET.png
13:37:59.562 [FXGL Background Thread 1 ] DEBUG AssetLoader          - Loading from cache: /assets/textures/SPRITESHEET.png
13:37:59.562 [FXGL Background Thread 1 ] DEBUG AssetLoader          - Loading from cache: /assets/textures/SPRITESHEET.png
13:37:59.562 [FXGL Background Thread 1 ] DEBUG AssetLoader          - Loading from cache: /assets/textures/SPRITESHEET.png
13:37:59.562 [FXGL Background Thread 1 ] DEBUG AssetLoader          - Loading from cache: /assets/textures/SPRITESHEET.png
13:37:59.562 [FXGL Background Thread 1 ] DEBUG AssetLoader          - Loading from cache: /assets/textures/SPRITESHEET.png
13:37:59.562 [FXGL Background Thread 1 ] DEBUG AssetLoader          - Loading from cache: /assets/textures/SPRITESHEET.png
13:37:59.562 [FXGL Background Thread 1 ] DEBUG AssetLoader          - Loading from cache: /assets/textures/SPRITESHEET.png
13:37:59.562 [FXGL Background Thread 1 ] DEBUG AssetLoader          - Loading from cache: /assets/textures/SPRITESHEET.png
13:37:59.562 [FXGL Background Thread 1 ] DEBUG AssetLoader          - Loading from cache: /assets/textures/SPRITESHEET.png
13:37:59.562 [FXGL Background Thread 1 ] DEBUG AssetLoader          - Loading from cache: /assets/textures/SPRITESHEET.png
13:37:59.562 [FXGL Background Thread 1 ] DEBUG AssetLoader          - Loading from cache: /assets/textures/SPRITESHEET.png
13:37:59.562 [FXGL Background Thread 1 ] DEBUG AssetLoader          - Loading from cache: /assets/textures/SPRITESHEET.png
13:37:59.562 [FXGL Background Thread 1 ] DEBUG AssetLoader          - Loading from cache: /assets/textures/SPRITESHEET.png
13:37:59.562 [FXGL Background Thread 1 ] DEBUG AssetLoader          - Loading from cache: /assets/textures/SPRITESHEET.png
13:37:59.563 [FXGL Background Thread 1 ] DEBUG AssetLoader          - Loading from cache: /assets/textures/SPRITESHEET.png
13:37:59.563 [FXGL Background Thread 1 ] DEBUG AssetLoader          - Loading from cache: /assets/textures/SPRITESHEET.png
13:37:59.563 [FXGL Background Thread 1 ] DEBUG AssetLoader          - Loading from cache: /assets/textures/SPRITESHEET.png
13:37:59.563 [FXGL Background Thread 1 ] DEBUG AssetLoader          - Loading from cache: /assets/textures/SPRITESHEET.png
13:37:59.563 [FXGL Background Thread 1 ] DEBUG AssetLoader          - Loading from cache: /assets/textures/SPRITESHEET.png
13:37:59.563 [FXGL Background Thread 1 ] DEBUG AssetLoader          - Loading from cache: /assets/textures/SPRITESHEET.png
13:37:59.563 [FXGL Background Thread 1 ] DEBUG AssetLoader          - Loading from cache: /assets/textures/SPRITESHEET.png
13:37:59.563 [FXGL Background Thread 1 ] DEBUG AssetLoader          - Loading from cache: /assets/textures/SPRITESHEET.png
13:37:59.563 [FXGL Background Thread 1 ] DEBUG AssetLoader          - Loading from cache: /assets/textures/SPRITESHEET.png
13:37:59.563 [FXGL Background Thread 1 ] DEBUG AssetLoader          - Loading from cache: /assets/textures/SPRITESHEET.png
13:37:59.563 [FXGL Background Thread 1 ] DEBUG AssetLoader          - Loading from cache: /assets/textures/SPRITESHEET.png
13:37:59.563 [FXGL Background Thread 1 ] DEBUG AssetLoader          - Loading from cache: /assets/textures/SPRITESHEET.png
13:37:59.563 [FXGL Background Thread 1 ] DEBUG AssetLoader          - Loading from cache: /assets/textures/SPRITESHEET.png
13:37:59.563 [FXGL Background Thread 1 ] DEBUG AssetLoader          - Loading from cache: /assets/textures/SPRITESHEET.png
13:37:59.563 [FXGL Background Thread 1 ] DEBUG AssetLoader          - Loading from cache: /assets/textures/SPRITESHEET.png
13:37:59.563 [FXGL Background Thread 1 ] DEBUG AssetLoader          - Loading from cache: /assets/textures/SPRITESHEET.png
13:37:59.564 [FXGL Background Thread 1 ] DEBUG AssetLoader          - Loading from cache: /assets/textures/SPRITESHEET.png
13:37:59.564 [FXGL Background Thread 1 ] DEBUG AssetLoader          - Loading from cache: /assets/textures/SPRITESHEET.png
13:37:59.564 [FXGL Background Thread 1 ] DEBUG AssetLoader          - Loading from cache: /assets/textures/SPRITESHEET.png
13:37:59.564 [FXGL Background Thread 1 ] DEBUG AssetLoader          - Loading from cache: /assets/textures/SPRITESHEET.png
13:37:59.564 [FXGL Background Thread 1 ] DEBUG AssetLoader          - Loading from cache: /assets/textures/SPRITESHEET.png
13:37:59.564 [FXGL Background Thread 1 ] DEBUG AssetLoader          - Loading from cache: /assets/textures/SPRITESHEET.png
13:37:59.564 [FXGL Background Thread 1 ] DEBUG AssetLoader          - Loading from cache: /assets/textures/SPRITESHEET.png
13:37:59.564 [FXGL Background Thread 1 ] DEBUG AssetLoader          - Loading from cache: /assets/textures/SPRITESHEET.png
13:37:59.564 [FXGL Background Thread 1 ] DEBUG AssetLoader          - Loading from cache: /assets/textures/SPRITESHEET.png
13:37:59.564 [FXGL Background Thread 1 ] DEBUG AssetLoader          - Loading from cache: /assets/textures/SPRITESHEET.png
13:37:59.564 [FXGL Background Thread 1 ] DEBUG AssetLoader          - Loading from cache: /assets/textures/SPRITESHEET.png
13:37:59.564 [FXGL Background Thread 1 ] DEBUG AssetLoader          - Loading from cache: /assets/textures/SPRITESHEET.png
13:37:59.564 [FXGL Background Thread 1 ] DEBUG AssetLoader          - Loading from cache: /assets/textures/SPRITESHEET.png
13:37:59.564 [FXGL Background Thread 1 ] DEBUG AssetLoader          - Loading from cache: /assets/textures/SPRITESHEET.png
13:37:59.564 [FXGL Background Thread 1 ] DEBUG AssetLoader          - Loading from cache: /assets/textures/SPRITESHEET.png
13:37:59.564 [FXGL Background Thread 1 ] DEBUG AssetLoader          - Loading from cache: /assets/textures/SPRITESHEET.png
13:37:59.565 [FXGL Background Thread 1 ] DEBUG AssetLoader          - Loading from cache: /assets/textures/SPRITESHEET.png
13:37:59.565 [FXGL Background Thread 1 ] DEBUG AssetLoader          - Loading from cache: /assets/textures/SPRITESHEET.png
13:37:59.565 [FXGL Background Thread 1 ] DEBUG AssetLoader          - Loading from cache: /assets/textures/SPRITESHEET.png
13:37:59.565 [FXGL Background Thread 1 ] DEBUG AssetLoader          - Loading from cache: /assets/textures/SPRITESHEET.png
13:37:59.565 [FXGL Background Thread 1 ] DEBUG AssetLoader          - Loading from cache: /assets/textures/SPRITESHEET.png
13:37:59.565 [FXGL Background Thread 1 ] DEBUG AssetLoader          - Loading from cache: /assets/textures/SPRITESHEET.png
13:37:59.565 [FXGL Background Thread 1 ] DEBUG AssetLoader          - Loading from cache: /assets/textures/SPRITESHEET.png
13:37:59.565 [FXGL Background Thread 1 ] DEBUG AssetLoader          - Loading from cache: /assets/textures/SPRITESHEET.png
13:37:59.565 [FXGL Background Thread 1 ] DEBUG AssetLoader          - Loading from cache: /assets/textures/SPRITESHEET.png
13:37:59.565 [FXGL Background Thread 1 ] DEBUG AssetLoader          - Loading from cache: /assets/textures/SPRITESHEET.png
13:37:59.565 [FXGL Background Thread 1 ] DEBUG AssetLoader          - Loading from cache: /assets/textures/SPRITESHEET.png
13:37:59.565 [FXGL Background Thread 1 ] DEBUG AssetLoader          - Loading from cache: /assets/textures/SPRITESHEET.png
13:37:59.565 [FXGL Background Thread 1 ] DEBUG AssetLoader          - Loading from cache: /assets/textures/SPRITESHEET.png
13:37:59.565 [FXGL Background Thread 1 ] DEBUG AssetLoader          - Loading from cache: /assets/textures/SPRITESHEET.png
13:37:59.565 [FXGL Background Thread 1 ] DEBUG AssetLoader          - Loading from cache: /assets/textures/SPRITESHEET.png
13:37:59.565 [FXGL Background Thread 1 ] DEBUG AssetLoader          - Loading from cache: /assets/textures/SPRITESHEET.png
13:37:59.565 [FXGL Background Thread 1 ] DEBUG AssetLoader          - Loading from cache: /assets/textures/SPRITESHEET.png
13:37:59.566 [FXGL Background Thread 1 ] DEBUG AssetLoader          - Loading from cache: /assets/textures/SPRITESHEET.png
13:37:59.566 [FXGL Background Thread 1 ] DEBUG AssetLoader          - Loading from cache: /assets/textures/SPRITESHEET.png
13:37:59.566 [FXGL Background Thread 1 ] DEBUG AssetLoader          - Loading from cache: /assets/textures/SPRITESHEET.png
13:37:59.566 [FXGL Background Thread 1 ] DEBUG AssetLoader          - Loading from cache: /assets/textures/SPRITESHEET.png
13:37:59.566 [FXGL Background Thread 1 ] DEBUG AssetLoader          - Loading from cache: /assets/textures/SPRITESHEET.png
13:37:59.566 [FXGL Background Thread 1 ] DEBUG AssetLoader          - Loading from cache: /assets/textures/SPRITESHEET.png
13:37:59.566 [FXGL Background Thread 1 ] DEBUG AssetLoader          - Loading from cache: /assets/textures/SPRITESHEET.png
13:37:59.566 [FXGL Background Thread 1 ] DEBUG AssetLoader          - Loading from cache: /assets/textures/SPRITESHEET.png
13:37:59.566 [FXGL Background Thread 1 ] DEBUG AssetLoader          - Loading from cache: /assets/textures/SPRITESHEET.png
13:37:59.566 [FXGL Background Thread 1 ] DEBUG AssetLoader          - Loading from cache: /assets/textures/SPRITESHEET.png
13:37:59.566 [FXGL Background Thread 1 ] DEBUG AssetLoader          - Loading from cache: /assets/textures/SPRITESHEET.png
13:37:59.566 [FXGL Background Thread 1 ] DEBUG AssetLoader          - Loading from cache: /assets/textures/SPRITESHEET.png
13:37:59.566 [FXGL Background Thread 1 ] DEBUG AssetLoader          - Loading from cache: /assets/textures/SPRITESHEET.png
13:37:59.566 [FXGL Background Thread 1 ] DEBUG AssetLoader          - Loading from cache: /assets/textures/SPRITESHEET.png
13:37:59.566 [FXGL Background Thread 1 ] DEBUG AssetLoader          - Loading from cache: /assets/textures/SPRITESHEET.png
13:37:59.566 [FXGL Background Thread 1 ] DEBUG AssetLoader          - Loading from cache: /assets/textures/SPRITESHEET.png
13:37:59.566 [FXGL Background Thread 1 ] DEBUG AssetLoader          - Loading from cache: /assets/textures/SPRITESHEET.png
13:37:59.567 [FXGL Background Thread 1 ] DEBUG AssetLoader          - Loading from cache: /assets/textures/SPRITESHEET.png
13:37:59.567 [FXGL Background Thread 1 ] DEBUG AssetLoader          - Loading from cache: /assets/textures/SPRITESHEET.png
13:37:59.567 [FXGL Background Thread 1 ] DEBUG AssetLoader          - Loading from cache: /assets/textures/SPRITESHEET.png
13:37:59.567 [FXGL Background Thread 1 ] DEBUG AssetLoader          - Loading from cache: /assets/textures/SPRITESHEET.png
13:37:59.567 [FXGL Background Thread 1 ] DEBUG AssetLoader          - Loading from cache: /assets/textures/SPRITESHEET.png
13:37:59.567 [FXGL Background Thread 1 ] DEBUG AssetLoader          - Loading from cache: /assets/textures/SPRITESHEET.png
13:37:59.567 [FXGL Background Thread 1 ] DEBUG AssetLoader          - Loading from cache: /assets/textures/SPRITESHEET.png
13:37:59.567 [FXGL Background Thread 1 ] DEBUG AssetLoader          - Loading from cache: /assets/textures/SPRITESHEET.png
13:37:59.567 [FXGL Background Thread 1 ] DEBUG AssetLoader          - Loading from cache: /assets/textures/SPRITESHEET.png
13:37:59.567 [FXGL Background Thread 1 ] DEBUG AssetLoader          - Loading from cache: /assets/textures/SPRITESHEET.png
13:37:59.567 [FXGL Background Thread 1 ] DEBUG AssetLoader          - Loading from cache: /assets/textures/SPRITESHEET.png
13:37:59.567 [FXGL Background Thread 1 ] DEBUG AssetLoader          - Loading from cache: /assets/textures/SPRITESHEET.png
13:37:59.567 [FXGL Background Thread 1 ] DEBUG AssetLoader          - Loading from cache: /assets/textures/SPRITESHEET.png
13:37:59.567 [FXGL Background Thread 1 ] DEBUG AssetLoader          - Loading from cache: /assets/textures/SPRITESHEET.png
13:37:59.567 [FXGL Background Thread 1 ] DEBUG AssetLoader          - Loading from cache: /assets/textures/SPRITESHEET.png
13:37:59.567 [FXGL Background Thread 1 ] DEBUG AssetLoader          - Loading from cache: /assets/textures/SPRITESHEET.png
13:37:59.567 [FXGL Background Thread 1 ] DEBUG AssetLoader          - Loading from cache: /assets/textures/SPRITESHEET.png
13:37:59.568 [FXGL Background Thread 1 ] DEBUG AssetLoader          - Loading from cache: /assets/textures/SPRITESHEET.png
13:37:59.568 [FXGL Background Thread 1 ] DEBUG AssetLoader          - Loading from cache: /assets/textures/SPRITESHEET.png
13:37:59.568 [FXGL Background Thread 1 ] DEBUG AssetLoader          - Loading from cache: /assets/textures/SPRITESHEET.png
13:37:59.568 [FXGL Background Thread 1 ] DEBUG AssetLoader          - Loading from cache: /assets/textures/SPRITESHEET.png
13:37:59.568 [FXGL Background Thread 1 ] DEBUG AssetLoader          - Loading from cache: /assets/textures/SPRITESHEET.png
13:37:59.568 [FXGL Background Thread 1 ] DEBUG AssetLoader          - Loading from cache: /assets/textures/SPRITESHEET.png
13:37:59.568 [FXGL Background Thread 1 ] DEBUG AssetLoader          - Loading from cache: /assets/textures/SPRITESHEET.png
13:37:59.568 [FXGL Background Thread 1 ] DEBUG AssetLoader          - Loading from cache: /assets/textures/SPRITESHEET.png
13:37:59.568 [FXGL Background Thread 1 ] DEBUG AssetLoader          - Loading from cache: /assets/textures/SPRITESHEET.png
13:37:59.568 [FXGL Background Thread 1 ] DEBUG AssetLoader          - Loading from cache: /assets/textures/SPRITESHEET.png
13:37:59.568 [FXGL Background Thread 1 ] DEBUG AssetLoader          - Loading from cache: /assets/textures/SPRITESHEET.png
13:37:59.568 [FXGL Background Thread 1 ] DEBUG AssetLoader          - Loading from cache: /assets/textures/SPRITESHEET.png
13:37:59.568 [FXGL Background Thread 1 ] DEBUG AssetLoader          - Loading from cache: /assets/textures/SPRITESHEET.png
13:37:59.568 [FXGL Background Thread 1 ] DEBUG AssetLoader          - Loading from cache: /assets/textures/SPRITESHEET.png
13:37:59.568 [FXGL Background Thread 1 ] DEBUG AssetLoader          - Loading from cache: /assets/textures/SPRITESHEET.png
13:37:59.568 [FXGL Background Thread 1 ] DEBUG AssetLoader          - Loading from cache: /assets/textures/SPRITESHEET.png
13:37:59.568 [FXGL Background Thread 1 ] DEBUG AssetLoader          - Loading from cache: /assets/textures/SPRITESHEET.png
13:37:59.568 [FXGL Background Thread 1 ] DEBUG AssetLoader          - Loading from cache: /assets/textures/SPRITESHEET.png
13:37:59.569 [FXGL Background Thread 1 ] DEBUG AssetLoader          - Loading from cache: /assets/textures/SPRITESHEET.png
13:37:59.569 [FXGL Background Thread 1 ] DEBUG AssetLoader          - Loading from cache: /assets/textures/SPRITESHEET.png
13:37:59.569 [FXGL Background Thread 1 ] DEBUG AssetLoader          - Loading from cache: /assets/textures/SPRITESHEET.png
13:37:59.569 [FXGL Background Thread 1 ] DEBUG AssetLoader          - Loading from cache: /assets/textures/SPRITESHEET.png
13:37:59.569 [FXGL Background Thread 1 ] DEBUG AssetLoader          - Loading from cache: /assets/textures/SPRITESHEET.png
13:37:59.569 [FXGL Background Thread 1 ] DEBUG AssetLoader          - Loading from cache: /assets/textures/SPRITESHEET.png
13:37:59.569 [FXGL Background Thread 1 ] DEBUG AssetLoader          - Loading from cache: /assets/textures/SPRITESHEET.png
13:37:59.569 [FXGL Background Thread 1 ] DEBUG AssetLoader          - Loading from cache: /assets/textures/SPRITESHEET.png
13:37:59.569 [FXGL Background Thread 1 ] DEBUG AssetLoader          - Loading from cache: /assets/textures/SPRITESHEET.png
13:37:59.569 [FXGL Background Thread 1 ] DEBUG AssetLoader          - Loading from cache: /assets/textures/SPRITESHEET.png
13:37:59.569 [FXGL Background Thread 1 ] DEBUG AssetLoader          - Loading from cache: /assets/textures/SPRITESHEET.png
13:37:59.569 [FXGL Background Thread 1 ] DEBUG AssetLoader          - Loading from cache: /assets/textures/SPRITESHEET.png
13:37:59.569 [FXGL Background Thread 1 ] DEBUG AssetLoader          - Loading from cache: /assets/textures/SPRITESHEET.png
13:37:59.569 [FXGL Background Thread 1 ] DEBUG AssetLoader          - Loading from cache: /assets/textures/SPRITESHEET.png
13:37:59.569 [FXGL Background Thread 1 ] DEBUG AssetLoader          - Loading from cache: /assets/textures/SPRITESHEET.png
13:37:59.569 [FXGL Background Thread 1 ] DEBUG AssetLoader          - Loading from cache: /assets/textures/SPRITESHEET.png
13:37:59.570 [FXGL Background Thread 1 ] DEBUG AssetLoader          - Loading from cache: /assets/textures/SPRITESHEET.png
13:37:59.570 [FXGL Background Thread 1 ] DEBUG AssetLoader          - Loading from cache: /assets/textures/SPRITESHEET.png
13:37:59.570 [FXGL Background Thread 1 ] DEBUG AssetLoader          - Loading from cache: /assets/textures/SPRITESHEET.png
13:37:59.570 [FXGL Background Thread 1 ] DEBUG AssetLoader          - Loading from cache: /assets/textures/SPRITESHEET.png
13:37:59.570 [FXGL Background Thread 1 ] DEBUG AssetLoader          - Loading from cache: /assets/textures/SPRITESHEET.png
13:37:59.570 [FXGL Background Thread 1 ] DEBUG AssetLoader          - Loading from cache: /assets/textures/SPRITESHEET.png
13:37:59.570 [FXGL Background Thread 1 ] DEBUG AssetLoader          - Loading from cache: /assets/textures/SPRITESHEET.png
13:37:59.570 [FXGL Background Thread 1 ] DEBUG AssetLoader          - Loading from cache: /assets/textures/SPRITESHEET.png
13:37:59.570 [FXGL Background Thread 1 ] DEBUG AssetLoader          - Loading from cache: /assets/textures/SPRITESHEET.png
13:37:59.570 [FXGL Background Thread 1 ] DEBUG AssetLoader          - Loading from cache: /assets/textures/SPRITESHEET.png
13:37:59.570 [FXGL Background Thread 1 ] DEBUG AssetLoader          - Loading from cache: /assets/textures/SPRITESHEET.png
13:37:59.570 [FXGL Background Thread 1 ] DEBUG AssetLoader          - Loading from cache: /assets/textures/SPRITESHEET.png
13:37:59.570 [FXGL Background Thread 1 ] DEBUG AssetLoader          - Loading from cache: /assets/textures/SPRITESHEET.png
13:37:59.570 [FXGL Background Thread 1 ] DEBUG AssetLoader          - Loading from cache: /assets/textures/SPRITESHEET.png
13:37:59.570 [FXGL Background Thread 1 ] DEBUG AssetLoader          - Loading from cache: /assets/textures/SPRITESHEET.png
13:37:59.570 [FXGL Background Thread 1 ] DEBUG AssetLoader          - Loading from cache: /assets/textures/SPRITESHEET.png
13:37:59.570 [FXGL Background Thread 1 ] DEBUG AssetLoader          - Loading from cache: /assets/textures/SPRITESHEET.png
13:37:59.570 [FXGL Background Thread 1 ] DEBUG AssetLoader          - Loading from cache: /assets/textures/SPRITESHEET.png
13:37:59.571 [FXGL Background Thread 1 ] DEBUG AssetLoader          - Loading from cache: /assets/textures/SPRITESHEET.png
13:37:59.571 [FXGL Background Thread 1 ] DEBUG AssetLoader          - Loading from cache: /assets/textures/SPRITESHEET.png
13:37:59.571 [FXGL Background Thread 1 ] DEBUG AssetLoader          - Loading from cache: /assets/textures/SPRITESHEET.png
13:37:59.571 [FXGL Background Thread 1 ] DEBUG AssetLoader          - Loading from cache: /assets/textures/SPRITESHEET.png
13:37:59.571 [FXGL Background Thread 1 ] DEBUG AssetLoader          - Loading from cache: /assets/textures/SPRITESHEET.png
13:37:59.571 [FXGL Background Thread 1 ] DEBUG AssetLoader          - Loading from cache: /assets/textures/SPRITESHEET.png
13:37:59.571 [FXGL Background Thread 1 ] DEBUG AssetLoader          - Loading from cache: /assets/textures/SPRITESHEET.png
13:37:59.571 [FXGL Background Thread 1 ] DEBUG AssetLoader          - Loading from cache: /assets/textures/SPRITESHEET.png
13:37:59.571 [FXGL Background Thread 1 ] DEBUG AssetLoader          - Loading from cache: /assets/textures/SPRITESHEET.png
13:37:59.571 [FXGL Background Thread 1 ] DEBUG AssetLoader          - Loading from cache: /assets/textures/SPRITESHEET.png
13:37:59.571 [FXGL Background Thread 1 ] DEBUG AssetLoader          - Loading from cache: /assets/textures/SPRITESHEET.png
13:37:59.571 [FXGL Background Thread 1 ] DEBUG AssetLoader          - Loading from cache: /assets/textures/SPRITESHEET.png
13:37:59.571 [FXGL Background Thread 1 ] DEBUG AssetLoader          - Loading from cache: /assets/textures/SPRITESHEET.png
13:37:59.571 [FXGL Background Thread 1 ] DEBUG AssetLoader          - Loading from cache: /assets/textures/SPRITESHEET.png
13:37:59.571 [FXGL Background Thread 1 ] DEBUG AssetLoader          - Loading from cache: /assets/textures/SPRITESHEET.png
13:37:59.571 [FXGL Background Thread 1 ] DEBUG AssetLoader          - Loading from cache: /assets/textures/SPRITESHEET.png
13:37:59.571 [FXGL Background Thread 1 ] DEBUG AssetLoader          - Loading from cache: /assets/textures/SPRITESHEET.png
13:37:59.571 [FXGL Background Thread 1 ] DEBUG AssetLoader          - Loading from cache: /assets/textures/SPRITESHEET.png
13:37:59.572 [FXGL Background Thread 1 ] DEBUG AssetLoader          - Loading from cache: /assets/textures/SPRITESHEET.png
13:37:59.572 [FXGL Background Thread 1 ] DEBUG AssetLoader          - Loading from cache: /assets/textures/SPRITESHEET.png
13:37:59.572 [FXGL Background Thread 1 ] DEBUG AssetLoader          - Loading from cache: /assets/textures/SPRITESHEET.png
13:37:59.572 [FXGL Background Thread 1 ] DEBUG AssetLoader          - Loading from cache: /assets/textures/SPRITESHEET.png
13:37:59.572 [FXGL Background Thread 1 ] DEBUG AssetLoader          - Loading from cache: /assets/textures/SPRITESHEET.png
13:37:59.572 [FXGL Background Thread 1 ] DEBUG AssetLoader          - Loading from cache: /assets/textures/SPRITESHEET.png
13:37:59.572 [FXGL Background Thread 1 ] DEBUG AssetLoader          - Loading from cache: /assets/textures/SPRITESHEET.png
13:37:59.572 [FXGL Background Thread 1 ] DEBUG AssetLoader          - Loading from cache: /assets/textures/SPRITESHEET.png
13:37:59.572 [FXGL Background Thread 1 ] DEBUG AssetLoader          - Loading from cache: /assets/textures/SPRITESHEET.png
13:37:59.572 [FXGL Background Thread 1 ] DEBUG AssetLoader          - Loading from cache: /assets/textures/SPRITESHEET.png
13:37:59.572 [FXGL Background Thread 1 ] DEBUG AssetLoader          - Loading from cache: /assets/textures/SPRITESHEET.png
13:37:59.572 [FXGL Background Thread 1 ] DEBUG AssetLoader          - Loading from cache: /assets/textures/SPRITESHEET.png
13:37:59.572 [FXGL Background Thread 1 ] DEBUG AssetLoader          - Loading from cache: /assets/textures/SPRITESHEET.png
13:37:59.572 [FXGL Background Thread 1 ] DEBUG AssetLoader          - Loading from cache: /assets/textures/SPRITESHEET.png
13:37:59.572 [FXGL Background Thread 1 ] DEBUG AssetLoader          - Loading from cache: /assets/textures/SPRITESHEET.png
13:37:59.572 [FXGL Background Thread 1 ] DEBUG AssetLoader          - Loading from cache: /assets/textures/SPRITESHEET.png
13:37:59.572 [FXGL Background Thread 1 ] DEBUG AssetLoader          - Loading from cache: /assets/textures/SPRITESHEET.png
13:37:59.572 [FXGL Background Thread 1 ] DEBUG AssetLoader          - Loading from cache: /assets/textures/SPRITESHEET.png
13:37:59.573 [FXGL Background Thread 1 ] DEBUG AssetLoader          - Loading from cache: /assets/textures/SPRITESHEET.png
13:37:59.573 [FXGL Background Thread 1 ] DEBUG AssetLoader          - Loading from cache: /assets/textures/SPRITESHEET.png
13:37:59.573 [FXGL Background Thread 1 ] DEBUG AssetLoader          - Loading from cache: /assets/textures/SPRITESHEET.png
13:37:59.573 [FXGL Background Thread 1 ] DEBUG AssetLoader          - Loading from cache: /assets/textures/SPRITESHEET.png
13:37:59.573 [FXGL Background Thread 1 ] DEBUG AssetLoader          - Loading from cache: /assets/textures/SPRITESHEET.png
13:37:59.573 [FXGL Background Thread 1 ] DEBUG AssetLoader          - Loading from cache: /assets/textures/SPRITESHEET.png
13:37:59.573 [FXGL Background Thread 1 ] DEBUG AssetLoader          - Loading from cache: /assets/textures/SPRITESHEET.png
13:37:59.573 [FXGL Background Thread 1 ] DEBUG AssetLoader          - Loading from cache: /assets/textures/SPRITESHEET.png
13:37:59.573 [FXGL Background Thread 1 ] DEBUG AssetLoader          - Loading from cache: /assets/textures/SPRITESHEET.png
13:37:59.573 [FXGL Background Thread 1 ] DEBUG AssetLoader          - Loading from cache: /assets/textures/SPRITESHEET.png
13:37:59.573 [FXGL Background Thread 1 ] DEBUG AssetLoader          - Loading from cache: /assets/textures/SPRITESHEET.png
13:37:59.573 [FXGL Background Thread 1 ] DEBUG AssetLoader          - Loading from cache: /assets/textures/SPRITESHEET.png
13:37:59.573 [FXGL Background Thread 1 ] DEBUG AssetLoader          - Loading from cache: /assets/textures/SPRITESHEET.png
13:37:59.573 [FXGL Background Thread 1 ] DEBUG AssetLoader          - Loading from cache: /assets/textures/SPRITESHEET.png
13:37:59.573 [FXGL Background Thread 1 ] DEBUG AssetLoader          - Loading from cache: /assets/textures/SPRITESHEET.png
13:37:59.573 [FXGL Background Thread 1 ] DEBUG AssetLoader          - Loading from cache: /assets/textures/SPRITESHEET.png
13:37:59.573 [FXGL Background Thread 1 ] DEBUG AssetLoader          - Loading from cache: /assets/textures/SPRITESHEET.png
13:37:59.573 [FXGL Background Thread 1 ] DEBUG AssetLoader          - Loading from cache: /assets/textures/SPRITESHEET.png
13:37:59.573 [FXGL Background Thread 1 ] DEBUG AssetLoader          - Loading from cache: /assets/textures/SPRITESHEET.png
13:37:59.574 [FXGL Background Thread 1 ] DEBUG AssetLoader          - Loading from cache: /assets/textures/SPRITESHEET.png
13:37:59.574 [FXGL Background Thread 1 ] DEBUG AssetLoader          - Loading from cache: /assets/textures/SPRITESHEET.png
13:37:59.574 [FXGL Background Thread 1 ] DEBUG AssetLoader          - Loading from cache: /assets/textures/SPRITESHEET.png
13:37:59.574 [FXGL Background Thread 1 ] DEBUG AssetLoader          - Loading from cache: /assets/textures/SPRITESHEET.png
13:37:59.574 [FXGL Background Thread 1 ] DEBUG AssetLoader          - Loading from cache: /assets/textures/SPRITESHEET.png
13:37:59.574 [FXGL Background Thread 1 ] DEBUG AssetLoader          - Loading from cache: /assets/textures/SPRITESHEET.png
13:37:59.574 [FXGL Background Thread 1 ] DEBUG AssetLoader          - Loading from cache: /assets/textures/SPRITESHEET.png
13:37:59.574 [FXGL Background Thread 1 ] DEBUG AssetLoader          - Loading from cache: /assets/textures/SPRITESHEET.png
13:37:59.574 [FXGL Background Thread 1 ] DEBUG AssetLoader          - Loading from cache: /assets/textures/SPRITESHEET.png
13:37:59.574 [FXGL Background Thread 1 ] DEBUG AssetLoader          - Loading from cache: /assets/textures/SPRITESHEET.png
13:37:59.574 [FXGL Background Thread 1 ] DEBUG AssetLoader          - Loading from cache: /assets/textures/SPRITESHEET.png
13:37:59.574 [FXGL Background Thread 1 ] DEBUG AssetLoader          - Loading from cache: /assets/textures/SPRITESHEET.png
13:37:59.574 [FXGL Background Thread 1 ] DEBUG AssetLoader          - Loading from cache: /assets/textures/SPRITESHEET.png
13:37:59.574 [FXGL Background Thread 1 ] DEBUG AssetLoader          - Loading from cache: /assets/textures/SPRITESHEET.png
13:37:59.574 [FXGL Background Thread 1 ] DEBUG AssetLoader          - Loading from cache: /assets/textures/SPRITESHEET.png
13:37:59.574 [FXGL Background Thread 1 ] DEBUG AssetLoader          - Loading from cache: /assets/textures/SPRITESHEET.png
13:37:59.574 [FXGL Background Thread 1 ] DEBUG AssetLoader          - Loading from cache: /assets/textures/SPRITESHEET.png
13:37:59.574 [FXGL Background Thread 1 ] DEBUG AssetLoader          - Loading from cache: /assets/textures/SPRITESHEET.png
13:37:59.574 [FXGL Background Thread 1 ] DEBUG AssetLoader          - Loading from cache: /assets/textures/SPRITESHEET.png
13:37:59.575 [FXGL Background Thread 1 ] DEBUG AssetLoader          - Loading from cache: /assets/textures/SPRITESHEET.png
13:37:59.575 [FXGL Background Thread 1 ] DEBUG AssetLoader          - Loading from cache: /assets/textures/SPRITESHEET.png
13:37:59.575 [FXGL Background Thread 1 ] DEBUG AssetLoader          - Loading from cache: /assets/textures/SPRITESHEET.png
13:37:59.575 [FXGL Background Thread 1 ] DEBUG AssetLoader          - Loading from cache: /assets/textures/SPRITESHEET.png
13:37:59.575 [FXGL Background Thread 1 ] DEBUG AssetLoader          - Loading from cache: /assets/textures/SPRITESHEET.png
13:37:59.575 [FXGL Background Thread 1 ] DEBUG AssetLoader          - Loading from cache: /assets/textures/SPRITESHEET.png
13:37:59.575 [FXGL Background Thread 1 ] DEBUG AssetLoader          - Loading from cache: /assets/textures/SPRITESHEET.png
13:37:59.576 [FXGL Background Thread 1 ] DEBUG GameScene            - Creating render group for layer: BACKGROUND(1000)
13:37:59.603 [FXGL Background Thread 1 ] DEBUG GameScene            - Creating render group for layer: DEFAULT(100000)
13:37:59.604 [JavaFX Application Thread] FATAL FXGL                 - Uncaught Exception:

Fatal exception occurred: java.lang.IllegalArgumentException : No EntityFactory has a method annotated @Spawns()
E: com.almasb.fxgl.entity.GameWorld.create(GameWorld.kt:430)
E: com.almasb.fxgl.entity.GameWorld.spawn(GameWorld.kt:413)
E: com.almasb.fxgl.entity.GameWorld.setLevelFromMap(GameWorld.kt:283)
E: com.almasb.fxgl.entity.GameWorld.setLevelFromMap(GameWorld.kt:258)
E: application.GameMain.initGame(GameMain.java:74)
E: com.almasb.fxgl.app.GameApplication.internalInitGame(GameApplication.java:238)
E: com.almasb.fxgl.app.LoadingState$InitAppTask.initGame(AppStates.kt:168)
E: com.almasb.fxgl.app.LoadingState$InitAppTask.call(AppStates.kt:138)
E: com.almasb.fxgl.app.LoadingState$InitAppTask.call(AppStates.kt:127)
E: javafx.graphics/javafx.concurrent.Task$TaskCallable.call(Unknown Source)
E: java.base/java.util.concurrent.FutureTask.run(Unknown Source)
E: java.base/java.util.concurrent.Executors$RunnableAdapter.call(Unknown Source)
E: java.base/java.util.concurrent.FutureTask.run(Unknown Source)
E: java.base/java.util.concurrent.ThreadPoolExecutor.runWorker(Unknown Source)
E: java.base/java.util.concurrent.ThreadPoolExecutor$Worker.run(Unknown Source)
E: java.base/java.lang.Thread.run(Unknown Source)

13:37:59.605 [JavaFX Application Thread] FATAL FXGL                 - Application will now exit
13:37:59.605 [JavaFX Application Thread] DEBUG LoopRunner           - Stopping loop
13:38:23.872 [JavaFX Application Thread] DEBUG FXGL                 - Exiting FXGL
13:38:23.872 [JavaFX Application Thread] DEBUG FXGL                 - Shutting down background threads
13:38:23.873 [JavaFX Application Thread] DEBUG FXGL                 - Saving FXGL system data
13:38:23.874 [JavaFX Application Thread] DEBUG DesktopFSService     - Writing to: system\fxgl.bundle
13:38:23.876 [JavaFX Application Thread] DEBUG FXGL                 - Closing logger and exiting JavaFX
