16:35:53.481 [main                     ] DEBUG GameApplication      - Logger initialized
16:35:53.491 [main                     ] DEBUG GameApplication      - Logging settings
Title: FriendMaker2077
Version: 0.1
Width: 640
Height: 640
Fullscreen: false
Intro: false
Menus: false
Profiling: false
Single step:false
App Mode: DEVELOPER
Menu Key: ESCAPE
Stage Style: DECORATED
Scene Factory: class ui.MenuFactory

16:35:53.831 [JavaFX Application Thread] DEBUG GameApplication      - Initializing FXGL
16:35:53.836 [JavaFX Application Thread] INFO  Engine               - FXGL-11.8 (08.03.2020 09.25) on WINDOWS (J:13.0.2 FX:13.0.2)
16:35:53.836 [JavaFX Application Thread] INFO  Engine               - Source code and latest versions at: https://github.com/AlmasB/FXGL
16:35:53.836 [JavaFX Application Thread] INFO  Engine               -              Join the FXGL chat at: https://gitter.im/AlmasB/FXGL
16:35:53.905 [JavaFX Application Thread] DEBUG MainWindow           - Creating a JavaFX scene
16:35:53.945 [JavaFX Application Thread] DEBUG MainWindow           - Target settings size: 640.0 x 640.0
16:35:53.945 [JavaFX Application Thread] DEBUG MainWindow           - Scaled scene size:    640.0 x 640.0
16:35:53.945 [JavaFX Application Thread] DEBUG MainWindow           - Scaled ratio: (1.0, 1.0)
16:35:53.946 [JavaFX Application Thread] DEBUG MainWindow           - Set initial scene to FXGLStartupScene
16:35:53.950 [JavaFX Application Thread] DEBUG MainWindow           - Opening main window
16:35:54.019 [JavaFX Application Thread] DEBUG MainWindow           - Window border size: (16.0, 39.0)
16:35:54.019 [JavaFX Application Thread] DEBUG MainWindow           - Scaled size: 640.0 x 640.0
16:35:54.019 [JavaFX Application Thread] DEBUG MainWindow           - Scaled ratio: (1.0, 1.0)
16:35:54.019 [JavaFX Application Thread] DEBUG MainWindow           - Scene size: 640.0 x 640.0
16:35:54.020 [JavaFX Application Thread] DEBUG MainWindow           - Stage size: 656.0 x 679.0
16:35:54.024 [FXGL Background Thread 1 ] DEBUG Engine               - Initializing environment variables
16:35:54.040 [FXGL Background Thread 1 ] DEBUG WindowService        - Applying CSS: fxgl_dark.css
16:35:54.041 [FXGL Background Thread 1 ] DEBUG AssetLoaderService   - Loading from file system: /assets/ui/css/fxgl_dark.css
16:35:54.069 [FXGL Background Thread 1 ] DEBUG WindowService        - Initializing application scenes
16:35:54.090 [FXGL Background Thread 1 ] DEBUG GameWorld            - Game world initialized
16:35:54.110 [FXGL Background Thread 1 ] DEBUG PhysicsWorld         - Physics world initialized: appHeight=640, physics.ppm=50.0
16:35:54.112 [FXGL Background Thread 1 ] DEBUG GameScene            - Game scene initialized: 640x640
16:35:54.117 [FXGL Background Thread 1 ] DEBUG Input                - Registered new binding: Resume - Esc
16:35:54.125 [FXGL Background Thread 1 ] DEBUG Input                - Registered new binding: Pause - Esc
16:35:54.125 [FXGL Background Thread 1 ] DEBUG WindowService        - Application scenes initialized
16:35:54.132 [FXGL Background Thread 1 ] DEBUG SystemBundleService  - Loading FXGL system data
16:35:54.138 [FXGL Background Thread 1 ] DEBUG FileSystemAccess     - Reading from: C:\Users\Adam Cunard\git\FriendMaker2077-07-03\Project\system\fxgl.bundle
16:35:54.142 [FXGL Background Thread 1 ] DEBUG SystemBundleService  - Bundle FXGL: {}
16:35:54.143 [FXGL Background Thread 1 ] INFO  Engine               - FXGL initialization took: 0.117 sec
16:35:54.144 [FXGL Background Thread 1 ] DEBUG GameApplication      - Loading localizations
16:35:54.144 [FXGL Background Thread 1 ] DEBUG AssetLoaderService   - Loading from file system: /assets/properties/languages/english.properties
16:35:54.145 [FXGL Background Thread 1 ] DEBUG AssetLoaderService   - Loading from file system: /assets/properties/languages/french.properties
16:35:54.146 [FXGL Background Thread 1 ] DEBUG AssetLoaderService   - Loading from file system: /assets/properties/languages/german.properties
16:35:54.147 [FXGL Background Thread 1 ] DEBUG AssetLoaderService   - Loading from file system: /assets/properties/languages/hungarian.properties
16:35:54.147 [FXGL Background Thread 1 ] DEBUG AssetLoaderService   - Loading from file system: /assets/properties/languages/russian.properties
16:35:54.148 [FXGL Background Thread 1 ] DEBUG GameApplication      - Registering font factories with UI factory
16:35:54.149 [FXGL Background Thread 1 ] DEBUG AssetLoaderService   - Loading from file system: /assets/ui/fonts/VarelaRound-Regular.ttf
16:35:54.302 [FXGL Background Thread 1 ] DEBUG AssetLoaderService   - Loading from file system: /assets/ui/fonts/Abel-Regular.ttf
16:35:54.308 [FXGL Background Thread 1 ] DEBUG AssetLoaderService   - Loading from file system: /assets/ui/fonts/lucida_console.ttf
16:35:54.317 [FXGL Background Thread 1 ] DEBUG AssetLoaderService   - Loading from file system: /assets/ui/fonts/Courier-Prime.ttf
16:35:54.325 [JavaFX Application Thread] DEBUG Input                - Registered new binding: Move Right - D
16:35:54.325 [JavaFX Application Thread] DEBUG Input                - Registered new binding: Move Left - A
16:35:54.325 [JavaFX Application Thread] DEBUG Input                - Registered new binding: Move Up - W
16:35:54.325 [JavaFX Application Thread] DEBUG Input                - Registered new binding: Move Down - S
16:35:54.325 [JavaFX Application Thread] DEBUG Input                - Registered new binding: Play Sound - F
16:35:54.326 [JavaFX Application Thread] DEBUG AssetLoaderService   - Loading from file system: /assets/textures/fxgl_icon.png
16:35:54.351 [JavaFX Application Thread] DEBUG AssetLoaderService   - Loading from file system: /assets/ui/cursors/fxgl_default.png
16:35:54.353 [JavaFX Application Thread] DEBUG Input                - Registered new binding: Screenshot - P
16:35:54.353 [JavaFX Application Thread] DEBUG Input                - Registered new binding: System info dump - CTRL+9
16:35:54.353 [JavaFX Application Thread] DEBUG Input                - Registered new binding: Restart - CTRL+R
16:35:54.354 [JavaFX Application Thread] DEBUG LoopRunner           - Starting loop
16:35:54.367 [JavaFX Application Thread] DEBUG FXGLStartupScene     - STARTUP
16:35:54.367 [JavaFX Application Thread] DEBUG WindowService        - Starting new game
16:35:54.368 [JavaFX Application Thread] DEBUG Input                - Clearing active input actions
16:35:54.376 [JavaFX Application Thread] DEBUG WindowService        - Removing overlay from FXGLStartupScene and adding to FXGLLoadingScene
16:35:54.376 [JavaFX Application Thread] DEBUG MainWindow           - FXGLStartupScene -> FXGLLoadingScene
16:35:54.377 [JavaFX Application Thread] DEBUG WindowService        - Clearing previous game
16:35:54.377 [JavaFX Application Thread] DEBUG GameScene            - Clearing game scene
16:35:54.377 [JavaFX Application Thread] DEBUG GameWorld            - Clearing game world
16:35:54.377 [JavaFX Application Thread] DEBUG PhysicsWorld         - Clearing physics world
16:35:54.378 [FXGL Background Thread 1 ] DEBUG GameApplication      - Initializing game
16:35:54.382 [FXGL Background Thread 1 ] DEBUG AssetLoaderService   - Loading from file system: /assets/textures/EmptyMap.png
16:35:54.548 [FXGL Background Thread 1 ] DEBUG AssetLoaderService   - Loading from file system: /assets/music/soundtrack.wav
16:35:54.680 [FXGL Background Thread 1 ] DEBUG AudioPlayer          - Playing music com.almasb.fxgl.audio.Music@ae1583f
16:35:54.688 [FXGL Background Thread 1 ] DEBUG AssetLoaderService   - Loading from file system: /assets/textures/player.png
16:35:54.690 [FXGL Background Thread 1 ] DEBUG AssetLoaderService   - Loading from cache: /assets/textures/player.png
16:35:54.690 [FXGL Background Thread 1 ] DEBUG AssetLoaderService   - Loading from cache: /assets/textures/player.png
16:35:54.690 [FXGL Background Thread 1 ] DEBUG AssetLoaderService   - Loading from cache: /assets/textures/player.png
16:35:54.690 [FXGL Background Thread 1 ] DEBUG AssetLoaderService   - Loading from cache: /assets/textures/player.png
16:35:54.690 [FXGL Background Thread 1 ] DEBUG AssetLoaderService   - Loading from cache: /assets/textures/player.png
16:35:54.693 [FXGL Background Thread 1 ] DEBUG AssetLoaderService   - Loading from file system: /assets/textures/bbox.png
16:35:54.699 [FXGL Background Thread 1 ] DEBUG AssetLoaderService   - Loading from file system: /assets/textures/froggysprite.png
16:35:54.699 [FXGL Background Thread 1 ] DEBUG AssetLoaderService   - Loading from cache: /assets/textures/froggysprite.png
16:35:54.699 [FXGL Background Thread 1 ] DEBUG AssetLoaderService   - Loading from cache: /assets/textures/froggysprite.png
16:35:54.700 [FXGL Background Thread 1 ] DEBUG AssetLoaderService   - Loading from cache: /assets/textures/bbox.png
16:35:54.701 [FXGL Background Thread 1 ] DEBUG AssetLoaderService   - Loading from file system: /assets/textures/bush.png
16:35:54.702 [FXGL Background Thread 1 ] DEBUG AssetLoaderService   - Loading from cache: /assets/textures/bush.png
16:35:54.703 [FXGL Background Thread 1 ] DEBUG AssetLoaderService   - Loading from file system: /assets/textures/rock.png
16:35:54.705 [FXGL Background Thread 1 ] DEBUG AssetLoaderService   - Loading from cache: /assets/textures/rock.png
16:35:54.705 [FXGL Background Thread 1 ] DEBUG AssetLoaderService   - Loading from file system: /assets/textures/tree.png
16:35:54.707 [FXGL Background Thread 1 ] DEBUG AssetLoaderService   - Loading from cache: /assets/textures/bush.png
16:35:54.708 [FXGL Background Thread 1 ] DEBUG AssetLoaderService   - Loading from cache: /assets/textures/tree.png
16:35:54.708 [FXGL Background Thread 1 ] DEBUG AssetLoaderService   - Loading from cache: /assets/textures/bush.png
16:35:54.708 [FXGL Background Thread 1 ] DEBUG AssetLoaderService   - Loading from file system: /assets/textures/appletree.png
16:35:54.711 [FXGL Background Thread 1 ] DEBUG AssetLoaderService   - Loading from cache: /assets/textures/bush.png
16:35:54.711 [FXGL Background Thread 1 ] DEBUG AssetLoaderService   - Loading from cache: /assets/textures/tree.png
16:35:54.712 [FXGL Background Thread 1 ] DEBUG AssetLoaderService   - Loading from cache: /assets/textures/bush.png
16:35:54.712 [FXGL Background Thread 1 ] DEBUG AssetLoaderService   - Loading from cache: /assets/textures/appletree.png
16:35:54.713 [FXGL Background Thread 1 ] DEBUG AssetLoaderService   - Loading from cache: /assets/textures/bush.png
16:35:54.713 [FXGL Background Thread 1 ] DEBUG AssetLoaderService   - Loading from cache: /assets/textures/appletree.png
16:35:54.714 [FXGL Background Thread 1 ] DEBUG AssetLoaderService   - Loading from cache: /assets/textures/bush.png
16:35:54.714 [FXGL Background Thread 1 ] DEBUG AssetLoaderService   - Loading from cache: /assets/textures/tree.png
16:35:54.714 [FXGL Background Thread 1 ] DEBUG AssetLoaderService   - Loading from cache: /assets/textures/bush.png
16:35:54.715 [FXGL Background Thread 1 ] DEBUG AssetLoaderService   - Loading from cache: /assets/textures/tree.png
16:35:54.715 [FXGL Background Thread 1 ] DEBUG AssetLoaderService   - Loading from cache: /assets/textures/bush.png
16:35:54.716 [FXGL Background Thread 1 ] DEBUG AssetLoaderService   - Loading from cache: /assets/textures/tree.png
16:35:54.716 [FXGL Background Thread 1 ] DEBUG AssetLoaderService   - Loading from cache: /assets/textures/bush.png
16:35:54.717 [FXGL Background Thread 1 ] DEBUG AssetLoaderService   - Loading from cache: /assets/textures/bush.png
16:35:54.717 [FXGL Background Thread 1 ] DEBUG AssetLoaderService   - Loading from cache: /assets/textures/tree.png
16:35:54.718 [FXGL Background Thread 1 ] DEBUG AssetLoaderService   - Loading from cache: /assets/textures/tree.png
16:35:54.718 [FXGL Background Thread 1 ] DEBUG AssetLoaderService   - Loading from cache: /assets/textures/tree.png
16:35:54.719 [FXGL Background Thread 1 ] DEBUG AssetLoaderService   - Loading from cache: /assets/textures/bush.png
16:35:54.719 [FXGL Background Thread 1 ] DEBUG AssetLoaderService   - Loading from cache: /assets/textures/tree.png
16:35:54.719 [FXGL Background Thread 1 ] DEBUG AssetLoaderService   - Loading from cache: /assets/textures/bush.png
16:35:54.720 [FXGL Background Thread 1 ] DEBUG AssetLoaderService   - Loading from cache: /assets/textures/appletree.png
16:35:54.720 [FXGL Background Thread 1 ] DEBUG AssetLoaderService   - Loading from cache: /assets/textures/bush.png
16:35:54.721 [FXGL Background Thread 1 ] DEBUG AssetLoaderService   - Loading from cache: /assets/textures/tree.png
16:35:54.721 [FXGL Background Thread 1 ] DEBUG AssetLoaderService   - Loading from cache: /assets/textures/bush.png
16:35:54.722 [FXGL Background Thread 1 ] DEBUG AssetLoaderService   - Loading from cache: /assets/textures/appletree.png
16:35:54.722 [FXGL Background Thread 1 ] DEBUG AssetLoaderService   - Loading from cache: /assets/textures/bush.png
16:35:54.723 [FXGL Background Thread 1 ] DEBUG AssetLoaderService   - Loading from cache: /assets/textures/appletree.png
16:35:54.723 [FXGL Background Thread 1 ] DEBUG AssetLoaderService   - Loading from cache: /assets/textures/appletree.png
16:35:54.723 [FXGL Background Thread 1 ] DEBUG AssetLoaderService   - Loading from cache: /assets/textures/appletree.png
16:35:54.724 [FXGL Background Thread 1 ] DEBUG AssetLoaderService   - Loading from cache: /assets/textures/appletree.png
16:35:54.724 [FXGL Background Thread 1 ] DEBUG AssetLoaderService   - Loading from cache: /assets/textures/appletree.png
16:35:54.725 [FXGL Background Thread 1 ] DEBUG AssetLoaderService   - Loading from cache: /assets/textures/tree.png
16:35:54.725 [FXGL Background Thread 1 ] DEBUG AssetLoaderService   - Loading from cache: /assets/textures/tree.png
16:35:54.726 [FXGL Background Thread 1 ] DEBUG AssetLoaderService   - Loading from cache: /assets/textures/appletree.png
16:35:54.726 [FXGL Background Thread 1 ] DEBUG AssetLoaderService   - Loading from cache: /assets/textures/bush.png
16:35:54.727 [FXGL Background Thread 1 ] DEBUG AssetLoaderService   - Loading from cache: /assets/textures/appletree.png
16:35:54.727 [FXGL Background Thread 1 ] DEBUG AssetLoaderService   - Loading from cache: /assets/textures/bush.png
16:35:54.727 [FXGL Background Thread 1 ] DEBUG AssetLoaderService   - Loading from cache: /assets/textures/rock.png
16:35:54.728 [FXGL Background Thread 1 ] DEBUG AssetLoaderService   - Loading from cache: /assets/textures/tree.png
16:35:54.728 [FXGL Background Thread 1 ] DEBUG AssetLoaderService   - Loading from cache: /assets/textures/rock.png
16:35:54.729 [FXGL Background Thread 1 ] DEBUG AssetLoaderService   - Loading from cache: /assets/textures/appletree.png
16:35:54.729 [FXGL Background Thread 1 ] DEBUG AssetLoaderService   - Loading from cache: /assets/textures/appletree.png
16:35:54.729 [FXGL Background Thread 1 ] DEBUG AssetLoaderService   - Loading from file system: /assets/textures/lighthouse.png
16:35:54.731 [FXGL Background Thread 1 ] DEBUG AssetLoaderService   - Loading from file system: /assets/textures/greenhouse.png
16:35:54.733 [FXGL Background Thread 1 ] DEBUG AssetLoaderService   - Loading from file system: /assets/textures/bluehouse.png
16:35:54.735 [FXGL Background Thread 1 ] DEBUG AssetLoaderService   - Loading from file system: /assets/textures/redhouse.png
16:35:54.736 [FXGL Background Thread 1 ] DEBUG AssetLoaderService   - Loading from cache: /assets/textures/redhouse.png
16:35:54.737 [FXGL Background Thread 1 ] DEBUG AssetLoaderService   - Loading from cache: /assets/textures/bluehouse.png
16:35:54.737 [FXGL Background Thread 1 ] DEBUG AssetLoaderService   - Loading from cache: /assets/textures/bluehouse.png
16:35:54.738 [FXGL Background Thread 1 ] DEBUG AssetLoaderService   - Loading from cache: /assets/textures/redhouse.png
16:35:54.738 [FXGL Background Thread 1 ] DEBUG AssetLoaderService   - Loading from cache: /assets/textures/bluehouse.png
16:35:54.738 [FXGL Background Thread 1 ] DEBUG AssetLoaderService   - Loading from cache: /assets/textures/redhouse.png
16:35:54.739 [FXGL Background Thread 1 ] DEBUG AssetLoaderService   - Loading from cache: /assets/textures/lighthouse.png
16:35:54.739 [FXGL Background Thread 1 ] DEBUG AssetLoaderService   - Loading from cache: /assets/textures/greenhouse.png
16:35:54.740 [FXGL Background Thread 1 ] INFO  GameApplication      - Game initialization took: 0.362 sec
16:35:54.743 [JavaFX Application Thread] DEBUG Input                - Clearing active input actions
16:35:54.765 [JavaFX Application Thread] DEBUG WindowService        - Removing overlay from FXGLLoadingScene and adding to GameScene
16:35:54.765 [JavaFX Application Thread] DEBUG MainWindow           - FXGLLoadingScene -> GameScene
16:35:57.144 [FXGL Background Thread 2 ] DEBUG Engine               - Logging environment variables
16:35:57.144 [FXGL Background Thread 2 ] DEBUG Engine               - achievements: []
16:35:57.144 [FXGL Background Thread 2 ] DEBUG Engine               - language: ObjectProperty [value: ENGLISH]
16:35:57.144 [FXGL Background Thread 2 ] DEBUG Engine               - isCloseConfirmation: false
16:35:57.144 [FXGL Background Thread 2 ] DEBUG Engine               - isProfilingEnabled: false
16:35:57.144 [FXGL Background Thread 2 ] DEBUG Engine               - soundNotification: core/notification.wav
16:35:57.144 [FXGL Background Thread 2 ] DEBUG Engine               - devShowBBoxProperty: BooleanProperty [value: false]
16:35:57.144 [FXGL Background Thread 2 ] DEBUG Engine               - pixelsPerMeter: 50.0
16:35:57.144 [FXGL Background Thread 2 ] DEBUG Engine               - soundMenuBack: menu/back.wav
16:35:57.144 [FXGL Background Thread 2 ] DEBUG Engine               - appIcon: fxgl_icon.png
16:35:57.144 [FXGL Background Thread 2 ] DEBUG Engine               - isFullScreenAllowed: false
16:35:57.144 [FXGL Background Thread 2 ] DEBUG Engine               - isIntroEnabled: false
16:35:57.144 [FXGL Background Thread 2 ] DEBUG Engine               - fontMono: lucida_console.ttf
16:35:57.145 [FXGL Background Thread 2 ] DEBUG Engine               - soundMenuSelect: menu/select.wav
16:35:57.145 [FXGL Background Thread 2 ] DEBUG Engine               - isWindows: true
16:35:57.145 [FXGL Background Thread 2 ] DEBUG Engine               - isMobile: false
16:35:57.145 [FXGL Background Thread 2 ] DEBUG Engine               - isUserProfileEnabled: false
16:35:57.145 [FXGL Background Thread 2 ] DEBUG Engine               - height: 640
16:35:57.145 [FXGL Background Thread 2 ] DEBUG Engine               - isExperimentalNative: false
16:35:57.145 [FXGL Background Thread 2 ] DEBUG Engine               - settings: Title: FriendMaker2077
Version: 0.1
Width: 640
Height: 640
Fullscreen: false
Intro: false
Menus: false
Profiling: false
Single step:false
App Mode: DEVELOPER
Menu Key: ESCAPE
Stage Style: DECORATED
Scene Factory: class ui.MenuFactory

16:35:57.145 [FXGL Background Thread 2 ] DEBUG Engine               - isSingleStep: false
16:35:57.145 [FXGL Background Thread 2 ] DEBUG Engine               - cSSList: [fxgl_dark.css]
16:35:57.145 [FXGL Background Thread 2 ] DEBUG Engine               - fontGame: Abel-Regular.ttf
16:35:57.145 [FXGL Background Thread 2 ] DEBUG Engine               - menuKey: ESCAPE
16:35:57.145 [FXGL Background Thread 2 ] DEBUG Engine               - devShowPositionProperty: BooleanProperty [value: false]
16:35:57.145 [FXGL Background Thread 2 ] DEBUG Engine               - versionCheckDays: 7
16:35:57.145 [FXGL Background Thread 2 ] DEBUG Engine               - configClass: Optional.empty
16:35:57.145 [FXGL Background Thread 2 ] DEBUG Engine               - isFullScreenFromStart: false
16:35:57.146 [FXGL Background Thread 2 ] DEBUG Engine               - version: 0.1
16:35:57.146 [FXGL Background Thread 2 ] DEBUG Engine               - fullScreen: BooleanProperty [value: false]
16:35:57.146 [FXGL Background Thread 2 ] DEBUG Engine               - randomSeed: -1
16:35:57.146 [FXGL Background Thread 2 ] DEBUG Engine               - gameDifficultyProperty: ObjectProperty [value: MEDIUM]
16:35:57.146 [FXGL Background Thread 2 ] DEBUG Engine               - applicationMode: DEVELOPER
16:35:57.146 [FXGL Background Thread 2 ] DEBUG Engine               - isMac: false
16:35:57.146 [FXGL Background Thread 2 ] DEBUG Engine               - isMenuEnabled: false
16:35:57.146 [FXGL Background Thread 2 ] DEBUG Engine               - urlPOM: https://raw.githubusercontent.com/AlmasB/FXGL/master/pom.xml
16:35:57.146 [FXGL Background Thread 2 ] DEBUG Engine               - profileName: StringProperty [value: DEFAULT]
16:35:57.146 [FXGL Background Thread 2 ] DEBUG Engine               - notificationViewClass: class com.almasb.fxgl.notification.view.XboxNotificationView
16:35:57.146 [FXGL Background Thread 2 ] DEBUG Engine               - devSensorColorProperty: ObjectProperty [value: 0xffff00ff]
16:35:57.146 [FXGL Background Thread 2 ] DEBUG Engine               - sceneFactory: ui.MenuFactory@7e9ceb52
16:35:57.146 [FXGL Background Thread 2 ] DEBUG Engine               - stageStyle: DECORATED
16:35:57.146 [FXGL Background Thread 2 ] DEBUG Engine               - isManualResizeEnabled: false
16:35:57.146 [FXGL Background Thread 2 ] DEBUG Engine               - title: FriendMaker2077
16:35:57.146 [FXGL Background Thread 2 ] DEBUG Engine               - platform: WINDOWS
16:35:57.147 [FXGL Background Thread 2 ] DEBUG Engine               - devBBoxColorProperty: ObjectProperty [value: 0xff0000ff]
16:35:57.147 [FXGL Background Thread 2 ] DEBUG Engine               - gameDifficulty: MEDIUM
16:35:57.147 [FXGL Background Thread 2 ] DEBUG Engine               - isDesktop: true
16:35:57.147 [FXGL Background Thread 2 ] DEBUG Engine               - supportedLanguages: [ENGLISH, FRENCH, GERMAN, HUNGARIAN, RUSSIAN]
16:35:57.147 [FXGL Background Thread 2 ] DEBUG Engine               - credits: []
16:35:57.147 [FXGL Background Thread 2 ] DEBUG Engine               - globalMusicVolumeProperty: DoubleProperty [value: 0.5]
16:35:57.147 [FXGL Background Thread 2 ] DEBUG Engine               - isPreserveResizeRatio: false
16:35:57.147 [FXGL Background Thread 2 ] DEBUG Engine               - fontText: Courier-Prime.ttf
16:35:57.147 [FXGL Background Thread 2 ] DEBUG Engine               - isExperimentalTiledLargeMap: false
16:35:57.147 [FXGL Background Thread 2 ] DEBUG Engine               - secondsIn24h: 60
16:35:57.147 [FXGL Background Thread 2 ] DEBUG Engine               - runtimeInfo: RuntimeInfo(platform=WINDOWS, version=11.8, build=08.03.2020 09.25)
16:35:57.147 [FXGL Background Thread 2 ] DEBUG Engine               - isLinux: false
16:35:57.147 [FXGL Background Thread 2 ] DEBUG Engine               - soundMenuPress: menu/press.wav
16:35:57.147 [FXGL Background Thread 2 ] DEBUG Engine               - urlGithub: https://github.com/AlmasB/FXGL
16:35:57.147 [FXGL Background Thread 2 ] DEBUG Engine               - profileDir: profiles/
16:35:57.147 [FXGL Background Thread 2 ] DEBUG Engine               - isDeveloperMenuEnabled: false
16:35:57.148 [FXGL Background Thread 2 ] DEBUG Engine               - globalSoundVolumeProperty: DoubleProperty [value: 0.5]
16:35:57.148 [FXGL Background Thread 2 ] DEBUG Engine               - mainWindow: com.almasb.fxgl.app.MainWindow@7aa36059
16:35:57.148 [FXGL Background Thread 2 ] DEBUG Engine               - isBrowser: false
16:35:57.148 [FXGL Background Thread 2 ] DEBUG Engine               - urlLeaderboard: http://fxgl-top.herokuapp.com/
16:35:57.148 [FXGL Background Thread 2 ] DEBUG Engine               - globalSoundVolume: 0.5
16:35:57.148 [FXGL Background Thread 2 ] DEBUG Engine               - engineServices: [class com.almasb.fxgl.app.GameApplication$GameApplicationService, class com.almasb.fxgl.app.services.WindowService, class com.almasb.fxgl.app.services.FXGLDialogService, class com.almasb.fxgl.app.services.IOTaskExecutorService, class com.almasb.fxgl.event.EventBusService, class com.almasb.fxgl.io.FileSystemService, class com.almasb.fxgl.localization.LocalizationService, class com.almasb.fxgl.app.services.AssetLoaderService, class com.almasb.fxgl.app.services.SystemBundleService, class com.almasb.fxgl.profile.SaveLoadService, class com.almasb.fxgl.ui.FXGLUIFactoryServiceProvider, class com.almasb.fxgl.ui.FXGLDialogFactoryServiceProvider, class com.almasb.fxgl.audio.AudioPlayer, class com.almasb.fxgl.notification.impl.NotificationServiceProvider, class com.almasb.fxgl.achievement.AchievementService, class com.almasb.fxgl.cutscene.CutsceneService, class com.almasb.fxgl.minigames.MiniGameService, class com.almasb.fxgl.net.NetService, class com.almasb.fxgl.app.services.UpdaterService]
16:35:57.148 [FXGL Background Thread 2 ] DEBUG Engine               - globalMusicVolume: 0.5
16:35:57.148 [FXGL Background Thread 2 ] DEBUG Engine               - width: 640
16:35:57.148 [FXGL Background Thread 2 ] DEBUG Engine               - saveFileExt: sav
16:35:57.148 [FXGL Background Thread 2 ] DEBUG Engine               - isAndroid: false
16:35:57.148 [FXGL Background Thread 2 ] DEBUG Engine               - fontUI: VarelaRound-Regular.ttf
16:35:57.148 [FXGL Background Thread 2 ] DEBUG Engine               - enabledMenuItems: []
16:35:57.148 [FXGL Background Thread 2 ] DEBUG Engine               - isIOS: false
16:35:57.148 [FXGL Background Thread 2 ] DEBUG Engine               - Logging services
16:35:57.148 [FXGL Background Thread 2 ] DEBUG Engine               - class com.almasb.fxgl.app.GameApplication$GameApplicationService
16:35:57.148 [FXGL Background Thread 2 ] DEBUG Engine               - class com.almasb.fxgl.app.services.WindowService
16:35:57.149 [FXGL Background Thread 2 ] DEBUG Engine               - class com.almasb.fxgl.app.services.FXGLDialogService
16:35:57.149 [FXGL Background Thread 2 ] DEBUG Engine               - class com.almasb.fxgl.app.services.IOTaskExecutorService
16:35:57.149 [FXGL Background Thread 2 ] DEBUG Engine               - class com.almasb.fxgl.event.EventBusService
16:35:57.149 [FXGL Background Thread 2 ] DEBUG Engine               - class com.almasb.fxgl.io.FileSystemService
16:35:57.149 [FXGL Background Thread 2 ] DEBUG Engine               - class com.almasb.fxgl.localization.LocalizationService
16:35:57.149 [FXGL Background Thread 2 ] DEBUG Engine               - class com.almasb.fxgl.app.services.AssetLoaderService
16:35:57.149 [FXGL Background Thread 2 ] DEBUG Engine               - class com.almasb.fxgl.app.services.SystemBundleService
16:35:57.149 [FXGL Background Thread 2 ] DEBUG Engine               - class com.almasb.fxgl.profile.SaveLoadService
16:35:57.149 [FXGL Background Thread 2 ] DEBUG Engine               - class com.almasb.fxgl.ui.FXGLUIFactoryServiceProvider
16:35:57.149 [FXGL Background Thread 2 ] DEBUG Engine               - class com.almasb.fxgl.ui.FXGLDialogFactoryServiceProvider
16:35:57.149 [FXGL Background Thread 2 ] DEBUG Engine               - class com.almasb.fxgl.audio.AudioPlayer
16:35:57.149 [FXGL Background Thread 2 ] DEBUG Engine               - class com.almasb.fxgl.notification.impl.NotificationServiceProvider
16:35:57.149 [FXGL Background Thread 2 ] DEBUG Engine               - class com.almasb.fxgl.achievement.AchievementService
16:35:57.149 [FXGL Background Thread 2 ] DEBUG Engine               - class com.almasb.fxgl.cutscene.CutsceneService
16:35:57.149 [FXGL Background Thread 2 ] DEBUG Engine               - class com.almasb.fxgl.minigames.MiniGameService
16:35:57.149 [FXGL Background Thread 2 ] DEBUG Engine               - class com.almasb.fxgl.net.NetService
16:35:57.149 [FXGL Background Thread 2 ] DEBUG Engine               - class com.almasb.fxgl.app.services.UpdaterService
16:35:57.359 [JavaFX Application Thread] DEBUG GameApplication      - Exiting FXGL
16:35:57.359 [JavaFX Application Thread] DEBUG LoopRunner           - Stopping loop
16:35:57.359 [JavaFX Application Thread] DEBUG SystemBundleService  - Saving FXGL system data
16:35:57.360 [JavaFX Application Thread] DEBUG FileSystemAccess     - Writing to: C:\Users\Adam Cunard\git\FriendMaker2077-07-03\Project\system\fxgl.bundle
16:35:57.361 [JavaFX Application Thread] DEBUG GameApplication      - Shutting down background threads
16:35:57.362 [JavaFX Application Thread] DEBUG GameApplication      - Closing logger and exiting JavaFX
