21:59:56.603 [main                     ] DEBUG GameApplication      - Logger initialized
21:59:56.614 [main                     ] DEBUG GameApplication      - Logging settings
Title: FriendMaker2077
Version: 0.1
Width: 640
Height: 640
Fullscreen: false
Intro: false
Menus: false
Profiling: false
Single step:false
App Mode: DEVELOPER
Menu Key: ESCAPE
Stage Style: DECORATED
Scene Factory: class ui.MenuFactory

21:59:56.882 [JavaFX Application Thread] DEBUG GameApplication      - Initializing FXGL
21:59:56.886 [JavaFX Application Thread] INFO  Engine               - FXGL-11.8 (08.03.2020 09.25) on WINDOWS (J:13.0.2 FX:13.0.2)
21:59:56.887 [JavaFX Application Thread] INFO  Engine               - Source code and latest versions at: https://github.com/AlmasB/FXGL
21:59:56.887 [JavaFX Application Thread] INFO  Engine               -              Join the FXGL chat at: https://gitter.im/AlmasB/FXGL
21:59:56.954 [JavaFX Application Thread] DEBUG MainWindow           - Creating a JavaFX scene
21:59:56.984 [JavaFX Application Thread] DEBUG MainWindow           - Target settings size: 640.0 x 640.0
21:59:56.984 [JavaFX Application Thread] DEBUG MainWindow           - Scaled scene size:    640.0 x 640.0
21:59:56.984 [JavaFX Application Thread] DEBUG MainWindow           - Scaled ratio: (1.0, 1.0)
21:59:56.985 [JavaFX Application Thread] DEBUG MainWindow           - Set initial scene to FXGLStartupScene
21:59:56.988 [JavaFX Application Thread] DEBUG MainWindow           - Opening main window
21:59:57.054 [JavaFX Application Thread] DEBUG MainWindow           - Window border size: (16.0, 39.0)
21:59:57.055 [JavaFX Application Thread] DEBUG MainWindow           - Scaled size: 640.0 x 640.0
21:59:57.055 [JavaFX Application Thread] DEBUG MainWindow           - Scaled ratio: (1.0, 1.0)
21:59:57.055 [JavaFX Application Thread] DEBUG MainWindow           - Scene size: 640.0 x 640.0
21:59:57.055 [JavaFX Application Thread] DEBUG MainWindow           - Stage size: 656.0 x 679.0
21:59:57.060 [FXGL Background Thread 1 ] DEBUG Engine               - Initializing environment variables
21:59:57.076 [FXGL Background Thread 1 ] DEBUG WindowService        - Applying CSS: fxgl_dark.css
21:59:57.077 [FXGL Background Thread 1 ] DEBUG AssetLoaderService   - Loading from file system: /assets/ui/css/fxgl_dark.css
21:59:57.104 [FXGL Background Thread 1 ] DEBUG WindowService        - Initializing application scenes
21:59:57.124 [FXGL Background Thread 1 ] DEBUG GameWorld            - Game world initialized
21:59:57.143 [FXGL Background Thread 1 ] DEBUG PhysicsWorld         - Physics world initialized: appHeight=640, physics.ppm=50.0
21:59:57.144 [FXGL Background Thread 1 ] DEBUG GameScene            - Game scene initialized: 640x640
21:59:57.149 [FXGL Background Thread 1 ] DEBUG Input                - Registered new binding: Resume - Esc
21:59:57.157 [FXGL Background Thread 1 ] DEBUG Input                - Registered new binding: Pause - Esc
21:59:57.158 [FXGL Background Thread 1 ] DEBUG WindowService        - Application scenes initialized
21:59:57.164 [FXGL Background Thread 1 ] DEBUG SystemBundleService  - Loading FXGL system data
21:59:57.167 [FXGL Background Thread 1 ] DEBUG FileSystemAccess     - Reading from: C:\Users\Adam Cunard\git\FriendMaker2077-07-03\Project\system\fxgl.bundle
21:59:57.171 [FXGL Background Thread 1 ] DEBUG SystemBundleService  - Bundle FXGL: {}
21:59:57.171 [FXGL Background Thread 1 ] INFO  Engine               - FXGL initialization took: 0.110 sec
21:59:57.172 [FXGL Background Thread 1 ] DEBUG GameApplication      - Loading localizations
21:59:57.173 [FXGL Background Thread 1 ] DEBUG AssetLoaderService   - Loading from file system: /assets/properties/languages/english.properties
21:59:57.174 [FXGL Background Thread 1 ] DEBUG AssetLoaderService   - Loading from file system: /assets/properties/languages/french.properties
21:59:57.174 [FXGL Background Thread 1 ] DEBUG AssetLoaderService   - Loading from file system: /assets/properties/languages/german.properties
21:59:57.175 [FXGL Background Thread 1 ] DEBUG AssetLoaderService   - Loading from file system: /assets/properties/languages/hungarian.properties
21:59:57.176 [FXGL Background Thread 1 ] DEBUG AssetLoaderService   - Loading from file system: /assets/properties/languages/russian.properties
21:59:57.177 [FXGL Background Thread 1 ] DEBUG GameApplication      - Registering font factories with UI factory
21:59:57.178 [FXGL Background Thread 1 ] DEBUG AssetLoaderService   - Loading from file system: /assets/ui/fonts/VarelaRound-Regular.ttf
21:59:57.326 [FXGL Background Thread 1 ] DEBUG AssetLoaderService   - Loading from file system: /assets/ui/fonts/Abel-Regular.ttf
21:59:57.332 [FXGL Background Thread 1 ] DEBUG AssetLoaderService   - Loading from file system: /assets/ui/fonts/lucida_console.ttf
21:59:57.340 [FXGL Background Thread 1 ] DEBUG AssetLoaderService   - Loading from file system: /assets/ui/fonts/Courier-Prime.ttf
21:59:57.348 [JavaFX Application Thread] DEBUG Input                - Registered new binding: Move Right - D
21:59:57.348 [JavaFX Application Thread] DEBUG Input                - Registered new binding: Move Left - A
21:59:57.348 [JavaFX Application Thread] DEBUG Input                - Registered new binding: Move Up - W
21:59:57.348 [JavaFX Application Thread] DEBUG Input                - Registered new binding: Move Down - S
21:59:57.348 [JavaFX Application Thread] DEBUG Input                - Registered new binding: Play Sound - F
21:59:57.348 [JavaFX Application Thread] DEBUG AssetLoaderService   - Loading from file system: /assets/textures/fxgl_icon.png
21:59:57.377 [JavaFX Application Thread] DEBUG AssetLoaderService   - Loading from file system: /assets/ui/cursors/fxgl_default.png
21:59:57.378 [JavaFX Application Thread] DEBUG Input                - Registered new binding: Screenshot - P
21:59:57.379 [JavaFX Application Thread] DEBUG Input                - Registered new binding: System info dump - CTRL+9
21:59:57.379 [JavaFX Application Thread] DEBUG Input                - Registered new binding: Restart - CTRL+R
21:59:57.379 [JavaFX Application Thread] DEBUG LoopRunner           - Starting loop
21:59:57.386 [JavaFX Application Thread] DEBUG FXGLStartupScene     - STARTUP
21:59:57.387 [JavaFX Application Thread] DEBUG WindowService        - Starting new game
21:59:57.388 [JavaFX Application Thread] DEBUG Input                - Clearing active input actions
21:59:57.396 [JavaFX Application Thread] DEBUG WindowService        - Removing overlay from FXGLStartupScene and adding to FXGLLoadingScene
21:59:57.396 [JavaFX Application Thread] DEBUG MainWindow           - FXGLStartupScene -> FXGLLoadingScene
21:59:57.396 [JavaFX Application Thread] DEBUG WindowService        - Clearing previous game
21:59:57.397 [JavaFX Application Thread] DEBUG GameScene            - Clearing game scene
21:59:57.397 [JavaFX Application Thread] DEBUG GameWorld            - Clearing game world
21:59:57.397 [JavaFX Application Thread] DEBUG PhysicsWorld         - Clearing physics world
21:59:57.398 [FXGL Background Thread 1 ] DEBUG GameApplication      - Initializing game
21:59:57.405 [FXGL Background Thread 1 ] DEBUG AssetLoaderService   - Loading from file system: /assets/music/soundtrack.wav
21:59:57.501 [FXGL Background Thread 1 ] DEBUG AudioPlayer          - Playing music com.almasb.fxgl.audio.Music@24deeb6f
21:59:57.505 [FXGL Background Thread 1 ] DEBUG AssetLoaderService   - Loading from file system: /assets/textures/Room.png
21:59:57.522 [FXGL Background Thread 1 ] DEBUG AssetLoaderService   - Loading from cache: /assets/textures/Room.png
21:59:57.523 [FXGL Background Thread 1 ] DEBUG AssetLoaderService   - Loading from file system: /assets/textures/EmptyMap.png
21:59:57.648 [FXGL Background Thread 1 ] DEBUG AssetLoaderService   - Loading from file system: /assets/textures/player.png
21:59:57.649 [FXGL Background Thread 1 ] DEBUG AssetLoaderService   - Loading from cache: /assets/textures/player.png
21:59:57.649 [FXGL Background Thread 1 ] DEBUG AssetLoaderService   - Loading from cache: /assets/textures/player.png
21:59:57.649 [FXGL Background Thread 1 ] DEBUG AssetLoaderService   - Loading from cache: /assets/textures/player.png
21:59:57.649 [FXGL Background Thread 1 ] DEBUG AssetLoaderService   - Loading from cache: /assets/textures/player.png
21:59:57.649 [FXGL Background Thread 1 ] DEBUG AssetLoaderService   - Loading from cache: /assets/textures/player.png
21:59:57.650 [FXGL Background Thread 1 ] DEBUG AssetLoaderService   - Loading from file system: /assets/textures/bbox.png
21:59:57.653 [FXGL Background Thread 1 ] DEBUG AssetLoaderService   - Loading from file system: /assets/textures/froggysprite.png
21:59:57.654 [FXGL Background Thread 1 ] DEBUG AssetLoaderService   - Loading from cache: /assets/textures/froggysprite.png
21:59:57.654 [FXGL Background Thread 1 ] DEBUG AssetLoaderService   - Loading from cache: /assets/textures/froggysprite.png
21:59:57.654 [FXGL Background Thread 1 ] DEBUG AssetLoaderService   - Loading from cache: /assets/textures/bbox.png
21:59:57.655 [FXGL Background Thread 1 ] DEBUG AssetLoaderService   - Loading from file system: /assets/textures/bush.png
21:59:57.656 [FXGL Background Thread 1 ] DEBUG AssetLoaderService   - Loading from cache: /assets/textures/bush.png
21:59:57.657 [FXGL Background Thread 1 ] DEBUG AssetLoaderService   - Loading from file system: /assets/textures/rock.png
21:59:57.658 [FXGL Background Thread 1 ] DEBUG AssetLoaderService   - Loading from cache: /assets/textures/rock.png
21:59:57.658 [FXGL Background Thread 1 ] DEBUG AssetLoaderService   - Loading from file system: /assets/textures/tree.png
21:59:57.660 [FXGL Background Thread 1 ] DEBUG AssetLoaderService   - Loading from cache: /assets/textures/bush.png
21:59:57.660 [FXGL Background Thread 1 ] DEBUG AssetLoaderService   - Loading from cache: /assets/textures/tree.png
21:59:57.661 [FXGL Background Thread 1 ] DEBUG AssetLoaderService   - Loading from cache: /assets/textures/bush.png
21:59:57.661 [FXGL Background Thread 1 ] DEBUG AssetLoaderService   - Loading from file system: /assets/textures/appletree.png
21:59:57.662 [FXGL Background Thread 1 ] DEBUG AssetLoaderService   - Loading from cache: /assets/textures/bush.png
21:59:57.663 [FXGL Background Thread 1 ] DEBUG AssetLoaderService   - Loading from cache: /assets/textures/tree.png
21:59:57.663 [FXGL Background Thread 1 ] DEBUG AssetLoaderService   - Loading from cache: /assets/textures/bush.png
21:59:57.664 [FXGL Background Thread 1 ] DEBUG AssetLoaderService   - Loading from cache: /assets/textures/appletree.png
21:59:57.664 [FXGL Background Thread 1 ] DEBUG AssetLoaderService   - Loading from cache: /assets/textures/bush.png
21:59:57.665 [FXGL Background Thread 1 ] DEBUG AssetLoaderService   - Loading from cache: /assets/textures/appletree.png
21:59:57.665 [FXGL Background Thread 1 ] DEBUG AssetLoaderService   - Loading from cache: /assets/textures/bush.png
21:59:57.666 [FXGL Background Thread 1 ] DEBUG AssetLoaderService   - Loading from cache: /assets/textures/tree.png
21:59:57.666 [FXGL Background Thread 1 ] DEBUG AssetLoaderService   - Loading from cache: /assets/textures/bush.png
21:59:57.666 [FXGL Background Thread 1 ] DEBUG AssetLoaderService   - Loading from cache: /assets/textures/tree.png
21:59:57.667 [FXGL Background Thread 1 ] DEBUG AssetLoaderService   - Loading from cache: /assets/textures/bush.png
21:59:57.667 [FXGL Background Thread 1 ] DEBUG AssetLoaderService   - Loading from cache: /assets/textures/tree.png
21:59:57.668 [FXGL Background Thread 1 ] DEBUG AssetLoaderService   - Loading from cache: /assets/textures/bush.png
21:59:57.668 [FXGL Background Thread 1 ] DEBUG AssetLoaderService   - Loading from cache: /assets/textures/bush.png
21:59:57.669 [FXGL Background Thread 1 ] DEBUG AssetLoaderService   - Loading from cache: /assets/textures/tree.png
21:59:57.669 [FXGL Background Thread 1 ] DEBUG AssetLoaderService   - Loading from cache: /assets/textures/tree.png
21:59:57.670 [FXGL Background Thread 1 ] DEBUG AssetLoaderService   - Loading from cache: /assets/textures/tree.png
21:59:57.670 [FXGL Background Thread 1 ] DEBUG AssetLoaderService   - Loading from cache: /assets/textures/bush.png
21:59:57.671 [FXGL Background Thread 1 ] DEBUG AssetLoaderService   - Loading from cache: /assets/textures/tree.png
21:59:57.671 [FXGL Background Thread 1 ] DEBUG AssetLoaderService   - Loading from cache: /assets/textures/bush.png
21:59:57.672 [FXGL Background Thread 1 ] DEBUG AssetLoaderService   - Loading from cache: /assets/textures/appletree.png
21:59:57.672 [FXGL Background Thread 1 ] DEBUG AssetLoaderService   - Loading from cache: /assets/textures/bush.png
21:59:57.673 [FXGL Background Thread 1 ] DEBUG AssetLoaderService   - Loading from cache: /assets/textures/tree.png
21:59:57.673 [FXGL Background Thread 1 ] DEBUG AssetLoaderService   - Loading from cache: /assets/textures/bush.png
21:59:57.674 [FXGL Background Thread 1 ] DEBUG AssetLoaderService   - Loading from cache: /assets/textures/appletree.png
21:59:57.674 [FXGL Background Thread 1 ] DEBUG AssetLoaderService   - Loading from cache: /assets/textures/bush.png
21:59:57.675 [FXGL Background Thread 1 ] DEBUG AssetLoaderService   - Loading from cache: /assets/textures/appletree.png
21:59:57.675 [FXGL Background Thread 1 ] DEBUG AssetLoaderService   - Loading from cache: /assets/textures/appletree.png
21:59:57.676 [FXGL Background Thread 1 ] DEBUG AssetLoaderService   - Loading from cache: /assets/textures/appletree.png
21:59:57.676 [FXGL Background Thread 1 ] DEBUG AssetLoaderService   - Loading from cache: /assets/textures/appletree.png
21:59:57.677 [FXGL Background Thread 1 ] DEBUG AssetLoaderService   - Loading from cache: /assets/textures/appletree.png
21:59:57.677 [FXGL Background Thread 1 ] DEBUG AssetLoaderService   - Loading from cache: /assets/textures/tree.png
21:59:57.678 [FXGL Background Thread 1 ] DEBUG AssetLoaderService   - Loading from cache: /assets/textures/tree.png
21:59:57.678 [FXGL Background Thread 1 ] DEBUG AssetLoaderService   - Loading from cache: /assets/textures/appletree.png
21:59:57.679 [FXGL Background Thread 1 ] DEBUG AssetLoaderService   - Loading from cache: /assets/textures/bush.png
21:59:57.679 [FXGL Background Thread 1 ] DEBUG AssetLoaderService   - Loading from cache: /assets/textures/appletree.png
21:59:57.679 [FXGL Background Thread 1 ] DEBUG AssetLoaderService   - Loading from cache: /assets/textures/bush.png
21:59:57.680 [FXGL Background Thread 1 ] DEBUG AssetLoaderService   - Loading from cache: /assets/textures/rock.png
21:59:57.680 [FXGL Background Thread 1 ] DEBUG AssetLoaderService   - Loading from cache: /assets/textures/tree.png
21:59:57.681 [FXGL Background Thread 1 ] DEBUG AssetLoaderService   - Loading from cache: /assets/textures/rock.png
21:59:57.681 [FXGL Background Thread 1 ] DEBUG AssetLoaderService   - Loading from cache: /assets/textures/appletree.png
21:59:57.682 [FXGL Background Thread 1 ] DEBUG AssetLoaderService   - Loading from cache: /assets/textures/appletree.png
21:59:57.682 [FXGL Background Thread 1 ] DEBUG AssetLoaderService   - Loading from file system: /assets/textures/lighthouse.png
21:59:57.683 [FXGL Background Thread 1 ] DEBUG AssetLoaderService   - Loading from file system: /assets/textures/greenhouse.png
21:59:57.684 [FXGL Background Thread 1 ] DEBUG AssetLoaderService   - Loading from file system: /assets/textures/bluehouse.png
21:59:57.685 [FXGL Background Thread 1 ] DEBUG AssetLoaderService   - Loading from file system: /assets/textures/redhouse.png
21:59:57.687 [FXGL Background Thread 1 ] DEBUG AssetLoaderService   - Loading from cache: /assets/textures/redhouse.png
21:59:57.687 [FXGL Background Thread 1 ] DEBUG AssetLoaderService   - Loading from cache: /assets/textures/bluehouse.png
21:59:57.688 [FXGL Background Thread 1 ] DEBUG AssetLoaderService   - Loading from cache: /assets/textures/bluehouse.png
21:59:57.688 [FXGL Background Thread 1 ] DEBUG AssetLoaderService   - Loading from cache: /assets/textures/redhouse.png
21:59:57.688 [FXGL Background Thread 1 ] DEBUG AssetLoaderService   - Loading from cache: /assets/textures/bluehouse.png
21:59:57.689 [FXGL Background Thread 1 ] DEBUG AssetLoaderService   - Loading from cache: /assets/textures/redhouse.png
21:59:57.689 [FXGL Background Thread 1 ] DEBUG AssetLoaderService   - Loading from cache: /assets/textures/lighthouse.png
21:59:57.690 [FXGL Background Thread 1 ] DEBUG AssetLoaderService   - Loading from cache: /assets/textures/greenhouse.png
21:59:57.690 [FXGL Background Thread 1 ] INFO  GameApplication      - Game initialization took: 0.292 sec
21:59:57.692 [JavaFX Application Thread] DEBUG Input                - Clearing active input actions
21:59:57.713 [JavaFX Application Thread] DEBUG WindowService        - Removing overlay from FXGLLoadingScene and adding to GameScene
21:59:57.713 [JavaFX Application Thread] DEBUG MainWindow           - FXGLLoadingScene -> GameScene
21:59:59.190 [JavaFX Application Thread] DEBUG AssetLoaderService   - Loading from file system: /assets/sounds/bump.wav
21:59:59.925 [JavaFX Application Thread] DEBUG MainWindow           - Push state: CustomPauseMenu
21:59:59.926 [JavaFX Application Thread] DEBUG Input                - Clearing active input actions
21:59:59.928 [JavaFX Application Thread] DEBUG WindowService        - Removing overlay from GameScene and adding to CustomPauseMenu
21:59:59.928 [JavaFX Application Thread] DEBUG MainWindow           - GameScene -> CustomPauseMenu
22:00:00.174 [FXGL Background Thread 2 ] DEBUG Engine               - Logging environment variables
22:00:00.174 [FXGL Background Thread 2 ] DEBUG Engine               - achievements: []
22:00:00.174 [FXGL Background Thread 2 ] DEBUG Engine               - language: ObjectProperty [value: ENGLISH]
22:00:00.174 [FXGL Background Thread 2 ] DEBUG Engine               - isCloseConfirmation: false
22:00:00.174 [FXGL Background Thread 2 ] DEBUG Engine               - isProfilingEnabled: false
22:00:00.174 [FXGL Background Thread 2 ] DEBUG Engine               - soundNotification: core/notification.wav
22:00:00.174 [FXGL Background Thread 2 ] DEBUG Engine               - devShowBBoxProperty: BooleanProperty [value: false]
22:00:00.174 [FXGL Background Thread 2 ] DEBUG Engine               - pixelsPerMeter: 50.0
22:00:00.174 [FXGL Background Thread 2 ] DEBUG Engine               - appIcon: fxgl_icon.png
22:00:00.174 [FXGL Background Thread 2 ] DEBUG Engine               - soundMenuBack: menu/back.wav
22:00:00.174 [FXGL Background Thread 2 ] DEBUG Engine               - isFullScreenAllowed: false
22:00:00.174 [FXGL Background Thread 2 ] DEBUG Engine               - isIntroEnabled: false
22:00:00.174 [FXGL Background Thread 2 ] DEBUG Engine               - fontMono: lucida_console.ttf
22:00:00.174 [FXGL Background Thread 2 ] DEBUG Engine               - soundMenuSelect: menu/select.wav
22:00:00.174 [FXGL Background Thread 2 ] DEBUG Engine               - isWindows: true
22:00:00.174 [FXGL Background Thread 2 ] DEBUG Engine               - isMobile: false
22:00:00.174 [FXGL Background Thread 2 ] DEBUG Engine               - isUserProfileEnabled: false
22:00:00.174 [FXGL Background Thread 2 ] DEBUG Engine               - height: 640
22:00:00.174 [FXGL Background Thread 2 ] DEBUG Engine               - isExperimentalNative: false
22:00:00.174 [FXGL Background Thread 2 ] DEBUG Engine               - settings: Title: FriendMaker2077
Version: 0.1
Width: 640
Height: 640
Fullscreen: false
Intro: false
Menus: false
Profiling: false
Single step:false
App Mode: DEVELOPER
Menu Key: ESCAPE
Stage Style: DECORATED
Scene Factory: class ui.MenuFactory

22:00:00.174 [FXGL Background Thread 2 ] DEBUG Engine               - isSingleStep: false
22:00:00.174 [FXGL Background Thread 2 ] DEBUG Engine               - cSSList: [fxgl_dark.css]
22:00:00.174 [FXGL Background Thread 2 ] DEBUG Engine               - fontGame: Abel-Regular.ttf
22:00:00.175 [FXGL Background Thread 2 ] DEBUG Engine               - menuKey: ESCAPE
22:00:00.175 [FXGL Background Thread 2 ] DEBUG Engine               - devShowPositionProperty: BooleanProperty [value: false]
22:00:00.175 [FXGL Background Thread 2 ] DEBUG Engine               - versionCheckDays: 7
22:00:00.175 [FXGL Background Thread 2 ] DEBUG Engine               - configClass: Optional.empty
22:00:00.175 [FXGL Background Thread 2 ] DEBUG Engine               - isFullScreenFromStart: false
22:00:00.175 [FXGL Background Thread 2 ] DEBUG Engine               - version: 0.1
22:00:00.175 [FXGL Background Thread 2 ] DEBUG Engine               - fullScreen: BooleanProperty [value: false]
22:00:00.175 [FXGL Background Thread 2 ] DEBUG Engine               - randomSeed: -1
22:00:00.175 [FXGL Background Thread 2 ] DEBUG Engine               - gameDifficultyProperty: ObjectProperty [value: MEDIUM]
22:00:00.175 [FXGL Background Thread 2 ] DEBUG Engine               - applicationMode: DEVELOPER
22:00:00.175 [FXGL Background Thread 2 ] DEBUG Engine               - isMac: false
22:00:00.175 [FXGL Background Thread 2 ] DEBUG Engine               - isMenuEnabled: false
22:00:00.176 [FXGL Background Thread 2 ] DEBUG Engine               - urlPOM: https://raw.githubusercontent.com/AlmasB/FXGL/master/pom.xml
22:00:00.176 [FXGL Background Thread 2 ] DEBUG Engine               - profileName: StringProperty [value: DEFAULT]
22:00:00.176 [FXGL Background Thread 2 ] DEBUG Engine               - notificationViewClass: class com.almasb.fxgl.notification.view.XboxNotificationView
22:00:00.176 [FXGL Background Thread 2 ] DEBUG Engine               - devSensorColorProperty: ObjectProperty [value: 0xffff00ff]
22:00:00.176 [FXGL Background Thread 2 ] DEBUG Engine               - sceneFactory: ui.MenuFactory@2ceb142f
22:00:00.176 [FXGL Background Thread 2 ] DEBUG Engine               - stageStyle: DECORATED
22:00:00.176 [FXGL Background Thread 2 ] DEBUG Engine               - isManualResizeEnabled: false
22:00:00.176 [FXGL Background Thread 2 ] DEBUG Engine               - title: FriendMaker2077
22:00:00.177 [FXGL Background Thread 2 ] DEBUG Engine               - platform: WINDOWS
22:00:00.177 [FXGL Background Thread 2 ] DEBUG Engine               - devBBoxColorProperty: ObjectProperty [value: 0xff0000ff]
22:00:00.177 [FXGL Background Thread 2 ] DEBUG Engine               - gameDifficulty: MEDIUM
22:00:00.177 [FXGL Background Thread 2 ] DEBUG Engine               - isDesktop: true
22:00:00.177 [FXGL Background Thread 2 ] DEBUG Engine               - supportedLanguages: [ENGLISH, FRENCH, GERMAN, HUNGARIAN, RUSSIAN]
22:00:00.177 [FXGL Background Thread 2 ] DEBUG Engine               - globalMusicVolumeProperty: DoubleProperty [value: 0.5]
22:00:00.177 [FXGL Background Thread 2 ] DEBUG Engine               - credits: []
22:00:00.177 [FXGL Background Thread 2 ] DEBUG Engine               - isPreserveResizeRatio: false
22:00:00.177 [FXGL Background Thread 2 ] DEBUG Engine               - fontText: Courier-Prime.ttf
22:00:00.177 [FXGL Background Thread 2 ] DEBUG Engine               - isExperimentalTiledLargeMap: false
22:00:00.177 [FXGL Background Thread 2 ] DEBUG Engine               - secondsIn24h: 60
22:00:00.177 [FXGL Background Thread 2 ] DEBUG Engine               - runtimeInfo: RuntimeInfo(platform=WINDOWS, version=11.8, build=08.03.2020 09.25)
22:00:00.177 [FXGL Background Thread 2 ] DEBUG Engine               - isLinux: false
22:00:00.177 [FXGL Background Thread 2 ] DEBUG Engine               - soundMenuPress: menu/press.wav
22:00:00.177 [FXGL Background Thread 2 ] DEBUG Engine               - urlGithub: https://github.com/AlmasB/FXGL
22:00:00.178 [FXGL Background Thread 2 ] DEBUG Engine               - profileDir: profiles/
22:00:00.178 [FXGL Background Thread 2 ] DEBUG Engine               - isDeveloperMenuEnabled: false
22:00:00.178 [FXGL Background Thread 2 ] DEBUG Engine               - globalSoundVolumeProperty: DoubleProperty [value: 0.5]
22:00:00.178 [FXGL Background Thread 2 ] DEBUG Engine               - mainWindow: com.almasb.fxgl.app.MainWindow@28d4956a
22:00:00.178 [FXGL Background Thread 2 ] DEBUG Engine               - isBrowser: false
22:00:00.178 [FXGL Background Thread 2 ] DEBUG Engine               - globalSoundVolume: 0.5
22:00:00.178 [FXGL Background Thread 2 ] DEBUG Engine               - urlLeaderboard: http://fxgl-top.herokuapp.com/
22:00:00.178 [FXGL Background Thread 2 ] DEBUG Engine               - engineServices: [class com.almasb.fxgl.app.GameApplication$GameApplicationService, class com.almasb.fxgl.app.services.WindowService, class com.almasb.fxgl.app.services.FXGLDialogService, class com.almasb.fxgl.app.services.IOTaskExecutorService, class com.almasb.fxgl.event.EventBusService, class com.almasb.fxgl.io.FileSystemService, class com.almasb.fxgl.localization.LocalizationService, class com.almasb.fxgl.app.services.AssetLoaderService, class com.almasb.fxgl.app.services.SystemBundleService, class com.almasb.fxgl.profile.SaveLoadService, class com.almasb.fxgl.ui.FXGLUIFactoryServiceProvider, class com.almasb.fxgl.ui.FXGLDialogFactoryServiceProvider, class com.almasb.fxgl.audio.AudioPlayer, class com.almasb.fxgl.notification.impl.NotificationServiceProvider, class com.almasb.fxgl.achievement.AchievementService, class com.almasb.fxgl.cutscene.CutsceneService, class com.almasb.fxgl.minigames.MiniGameService, class com.almasb.fxgl.net.NetService, class com.almasb.fxgl.app.services.UpdaterService]
22:00:00.178 [FXGL Background Thread 2 ] DEBUG Engine               - globalMusicVolume: 0.5
22:00:00.178 [FXGL Background Thread 2 ] DEBUG Engine               - width: 640
22:00:00.178 [FXGL Background Thread 2 ] DEBUG Engine               - saveFileExt: sav
22:00:00.178 [FXGL Background Thread 2 ] DEBUG Engine               - isAndroid: false
22:00:00.178 [FXGL Background Thread 2 ] DEBUG Engine               - fontUI: VarelaRound-Regular.ttf
22:00:00.178 [FXGL Background Thread 2 ] DEBUG Engine               - enabledMenuItems: [SAVE_LOAD, EXTRA, ONLINE]
22:00:00.178 [FXGL Background Thread 2 ] DEBUG Engine               - isIOS: false
22:00:00.179 [FXGL Background Thread 2 ] DEBUG Engine               - Logging services
22:00:00.179 [FXGL Background Thread 2 ] DEBUG Engine               - class com.almasb.fxgl.app.GameApplication$GameApplicationService
22:00:00.179 [FXGL Background Thread 2 ] DEBUG Engine               - class com.almasb.fxgl.app.services.WindowService
22:00:00.179 [FXGL Background Thread 2 ] DEBUG Engine               - class com.almasb.fxgl.app.services.FXGLDialogService
22:00:00.179 [FXGL Background Thread 2 ] DEBUG Engine               - class com.almasb.fxgl.app.services.IOTaskExecutorService
22:00:00.179 [FXGL Background Thread 2 ] DEBUG Engine               - class com.almasb.fxgl.event.EventBusService
22:00:00.179 [FXGL Background Thread 2 ] DEBUG Engine               - class com.almasb.fxgl.io.FileSystemService
22:00:00.179 [FXGL Background Thread 2 ] DEBUG Engine               - class com.almasb.fxgl.localization.LocalizationService
22:00:00.179 [FXGL Background Thread 2 ] DEBUG Engine               - class com.almasb.fxgl.app.services.AssetLoaderService
22:00:00.179 [FXGL Background Thread 2 ] DEBUG Engine               - class com.almasb.fxgl.app.services.SystemBundleService
22:00:00.179 [FXGL Background Thread 2 ] DEBUG Engine               - class com.almasb.fxgl.profile.SaveLoadService
22:00:00.179 [FXGL Background Thread 2 ] DEBUG Engine               - class com.almasb.fxgl.ui.FXGLUIFactoryServiceProvider
22:00:00.179 [FXGL Background Thread 2 ] DEBUG Engine               - class com.almasb.fxgl.ui.FXGLDialogFactoryServiceProvider
22:00:00.179 [FXGL Background Thread 2 ] DEBUG Engine               - class com.almasb.fxgl.audio.AudioPlayer
22:00:00.179 [FXGL Background Thread 2 ] DEBUG Engine               - class com.almasb.fxgl.notification.impl.NotificationServiceProvider
22:00:00.179 [FXGL Background Thread 2 ] DEBUG Engine               - class com.almasb.fxgl.achievement.AchievementService
22:00:00.179 [FXGL Background Thread 2 ] DEBUG Engine               - class com.almasb.fxgl.cutscene.CutsceneService
22:00:00.179 [FXGL Background Thread 2 ] DEBUG Engine               - class com.almasb.fxgl.minigames.MiniGameService
22:00:00.179 [FXGL Background Thread 2 ] DEBUG Engine               - class com.almasb.fxgl.net.NetService
22:00:00.179 [FXGL Background Thread 2 ] DEBUG Engine               - class com.almasb.fxgl.app.services.UpdaterService
22:00:03.686 [JavaFX Application Thread] DEBUG MainWindow           - Pop state: CustomPauseMenu
22:00:03.686 [JavaFX Application Thread] DEBUG Input                - Clearing active input actions
22:00:03.686 [JavaFX Application Thread] DEBUG WindowService        - Removing overlay from CustomPauseMenu and adding to GameScene
22:00:03.686 [JavaFX Application Thread] DEBUG MainWindow           - GameScene <- CustomPauseMenu
22:00:09.360 [JavaFX Application Thread] DEBUG MainWindow           - Push state: CustomPauseMenu
22:00:09.360 [JavaFX Application Thread] DEBUG Input                - Clearing active input actions
22:00:09.360 [JavaFX Application Thread] DEBUG WindowService        - Removing overlay from GameScene and adding to CustomPauseMenu
22:00:09.361 [JavaFX Application Thread] DEBUG MainWindow           - GameScene -> CustomPauseMenu
22:00:12.711 [JavaFX Application Thread] DEBUG MainWindow           - Pop state: CustomPauseMenu
22:00:12.711 [JavaFX Application Thread] DEBUG Input                - Clearing active input actions
22:00:12.711 [JavaFX Application Thread] DEBUG WindowService        - Removing overlay from CustomPauseMenu and adding to GameScene
22:00:12.711 [JavaFX Application Thread] DEBUG MainWindow           - GameScene <- CustomPauseMenu
22:00:13.237 [JavaFX Application Thread] DEBUG MainWindow           - Push state: CustomPauseMenu
22:00:13.237 [JavaFX Application Thread] DEBUG Input                - Clearing active input actions
22:00:13.238 [JavaFX Application Thread] DEBUG WindowService        - Removing overlay from GameScene and adding to CustomPauseMenu
22:00:13.238 [JavaFX Application Thread] DEBUG MainWindow           - GameScene -> CustomPauseMenu
22:00:15.095 [JavaFX Application Thread] DEBUG MainWindow           - Pop state: CustomPauseMenu
22:00:15.095 [JavaFX Application Thread] DEBUG Input                - Clearing active input actions
22:00:15.095 [JavaFX Application Thread] DEBUG WindowService        - Removing overlay from CustomPauseMenu and adding to GameScene
22:00:15.095 [JavaFX Application Thread] DEBUG MainWindow           - GameScene <- CustomPauseMenu
22:00:17.201 [JavaFX Application Thread] DEBUG MainWindow           - Push state: CustomPauseMenu
22:00:17.201 [JavaFX Application Thread] DEBUG Input                - Clearing active input actions
22:00:17.202 [JavaFX Application Thread] DEBUG WindowService        - Removing overlay from GameScene and adding to CustomPauseMenu
22:00:17.202 [JavaFX Application Thread] DEBUG MainWindow           - GameScene -> CustomPauseMenu
22:00:19.270 [JavaFX Application Thread] DEBUG MainWindow           - Pop state: CustomPauseMenu
22:00:19.270 [JavaFX Application Thread] DEBUG Input                - Clearing active input actions
22:00:19.270 [JavaFX Application Thread] DEBUG WindowService        - Removing overlay from CustomPauseMenu and adding to GameScene
22:00:19.270 [JavaFX Application Thread] DEBUG MainWindow           - GameScene <- CustomPauseMenu
22:00:20.893 [JavaFX Application Thread] DEBUG MainWindow           - Push state: CustomPauseMenu
22:00:20.893 [JavaFX Application Thread] DEBUG Input                - Clearing active input actions
22:00:20.893 [JavaFX Application Thread] DEBUG WindowService        - Removing overlay from GameScene and adding to CustomPauseMenu
22:00:20.893 [JavaFX Application Thread] DEBUG MainWindow           - GameScene -> CustomPauseMenu
22:00:22.886 [JavaFX Application Thread] DEBUG MainWindow           - Pop state: CustomPauseMenu
22:00:22.886 [JavaFX Application Thread] DEBUG Input                - Clearing active input actions
22:00:22.886 [JavaFX Application Thread] DEBUG WindowService        - Removing overlay from CustomPauseMenu and adding to GameScene
22:00:22.886 [JavaFX Application Thread] DEBUG MainWindow           - GameScene <- CustomPauseMenu
22:00:26.037 [JavaFX Application Thread] DEBUG MainWindow           - Push state: CustomPauseMenu
22:00:26.037 [JavaFX Application Thread] DEBUG Input                - Clearing active input actions
22:00:26.038 [JavaFX Application Thread] DEBUG WindowService        - Removing overlay from GameScene and adding to CustomPauseMenu
22:00:26.038 [JavaFX Application Thread] DEBUG MainWindow           - GameScene -> CustomPauseMenu
22:00:27.910 [JavaFX Application Thread] DEBUG MainWindow           - Pop state: CustomPauseMenu
22:00:27.910 [JavaFX Application Thread] DEBUG Input                - Clearing active input actions
22:00:27.910 [JavaFX Application Thread] DEBUG WindowService        - Removing overlay from CustomPauseMenu and adding to GameScene
22:00:27.910 [JavaFX Application Thread] DEBUG MainWindow           - GameScene <- CustomPauseMenu
22:00:30.861 [JavaFX Application Thread] DEBUG MainWindow           - Push state: CustomPauseMenu
22:00:30.861 [JavaFX Application Thread] DEBUG Input                - Clearing active input actions
22:00:30.861 [JavaFX Application Thread] DEBUG WindowService        - Removing overlay from GameScene and adding to CustomPauseMenu
22:00:30.862 [JavaFX Application Thread] DEBUG MainWindow           - GameScene -> CustomPauseMenu
22:00:33.414 [JavaFX Application Thread] DEBUG MainWindow           - Pop state: CustomPauseMenu
22:00:33.414 [JavaFX Application Thread] DEBUG Input                - Clearing active input actions
22:00:33.414 [JavaFX Application Thread] DEBUG WindowService        - Removing overlay from CustomPauseMenu and adding to GameScene
22:00:33.414 [JavaFX Application Thread] DEBUG MainWindow           - GameScene <- CustomPauseMenu
22:00:35.638 [JavaFX Application Thread] DEBUG AssetLoaderService   - Loading from cache: /assets/sounds/bump.wav
22:00:38.774 [JavaFX Application Thread] DEBUG MainWindow           - Push state: CustomPauseMenu
22:00:38.774 [JavaFX Application Thread] DEBUG Input                - Clearing active input actions
22:00:38.774 [JavaFX Application Thread] DEBUG WindowService        - Removing overlay from GameScene and adding to CustomPauseMenu
22:00:38.775 [JavaFX Application Thread] DEBUG MainWindow           - GameScene -> CustomPauseMenu
22:00:40.966 [JavaFX Application Thread] DEBUG MainWindow           - Pop state: CustomPauseMenu
22:00:40.966 [JavaFX Application Thread] DEBUG Input                - Clearing active input actions
22:00:40.966 [JavaFX Application Thread] DEBUG WindowService        - Removing overlay from CustomPauseMenu and adding to GameScene
22:00:40.966 [JavaFX Application Thread] DEBUG MainWindow           - GameScene <- CustomPauseMenu
22:00:42.173 [JavaFX Application Thread] DEBUG GameApplication      - Exiting FXGL
22:00:42.173 [JavaFX Application Thread] DEBUG LoopRunner           - Stopping loop
22:00:42.173 [JavaFX Application Thread] DEBUG SystemBundleService  - Saving FXGL system data
22:00:42.174 [JavaFX Application Thread] DEBUG FileSystemAccess     - Writing to: C:\Users\Adam Cunard\git\FriendMaker2077-07-03\Project\system\fxgl.bundle
22:00:42.175 [JavaFX Application Thread] DEBUG GameApplication      - Shutting down background threads
22:00:42.175 [JavaFX Application Thread] DEBUG GameApplication      - Closing logger and exiting JavaFX
