13:38:42.847 [JavaFX Application Thread] DEBUG GameApplication      - Logger initialized
13:38:42.856 [JavaFX Application Thread] DEBUG GameApplication      - Logging settings
Title: Basic Game App
Version: 0.1
Width: 640
Height: 640
Fullscreen: false
Intro: false
Menus: false
Profiling: false
Single step:false
App Mode: DEVELOPER
Menu Key: ESCAPE
Stage Style: DECORATED
Scene Factory: class com.almasb.fxgl.scene.SceneFactory
Dialog Factory: class com.almasb.fxgl.ui.FXGLDialogFactory
UI Factory: class com.almasb.fxgl.ui.FXGLUIFactory
Notification Service: class com.almasb.fxgl.gameplay.notification.XboxNotificationView
Exception Handler: class com.almasb.fxgl.app.FXGLExceptionHandler
13:38:42.856 [JavaFX Application Thread] DEBUG GameApplication      - Starting FXGL
13:38:42.862 [JavaFX Application Thread] INFO  FXGL                 - FXGL-0.5.4 on DESKTOP
13:38:42.862 [JavaFX Application Thread] INFO  FXGL                 - Source code and latest versions at: https://github.com/AlmasB/FXGL
13:38:42.862 [JavaFX Application Thread] INFO  FXGL                 -              Join the FXGL chat at: https://gitter.im/AlmasB/FXGL
13:38:42.862 [JavaFX Application Thread] DEBUG FXGL                 - FXGL started
13:38:42.862 [JavaFX Application Thread] DEBUG FXGL                 - Initializing FXGL
13:38:42.887 [JavaFX Application Thread] DEBUG AssetLoader          - Loading from disk: /assets/ui/cursors/fxgl_default.png
13:38:42.936 [JavaFX Application Thread] DEBUG AssetLoader          - Loading from disk: /assets/ui/fonts/VarelaRound-Regular.ttf
13:38:43.120 [JavaFX Application Thread] DEBUG MainWindow           - Creating a JavaFX scene
13:38:43.139 [JavaFX Application Thread] DEBUG MainWindow           - Target settings size: 640.0 x 640.0
13:38:43.139 [JavaFX Application Thread] DEBUG MainWindow           - Scaled scene size:    640.0 x 640.0
13:38:43.139 [JavaFX Application Thread] DEBUG MainWindow           - Scaled ratio: (1.0, 1.0)
13:38:43.141 [JavaFX Application Thread] DEBUG AssetLoader          - Loading from disk: /assets/ui/css/fxgl_dark.css
13:38:43.143 [JavaFX Application Thread] DEBUG AssetLoader          - Loading from disk: /assets/textures/fxgl_icon.png
13:38:43.153 [JavaFX Application Thread] DEBUG MainWindow           - Opening main window
13:38:43.243 [JavaFX Application Thread] DEBUG MainWindow           - Window border size: (16.0, 39.0)
13:38:43.244 [JavaFX Application Thread] DEBUG MainWindow           - Scaled size: 640.0 x 640.0
13:38:43.244 [JavaFX Application Thread] DEBUG MainWindow           - Scaled ratio: (1.0, 1.0)
13:38:43.244 [JavaFX Application Thread] DEBUG MainWindow           - Scene size: 640.0 x 640.0
13:38:43.244 [JavaFX Application Thread] DEBUG MainWindow           - Stage size: 656.0 x 679.0
13:38:43.265 [ForkJoinPool.commonPool-worker-25] DEBUG FS                   - Loaded DesktopFSService
13:38:43.266 [ForkJoinPool.commonPool-worker-25] DEBUG FXGL                 - Loading FXGL system data
13:38:43.270 [ForkJoinPool.commonPool-worker-25] DEBUG DesktopFSService     - Reading from: system\fxgl.bundle
13:38:43.275 [ForkJoinPool.commonPool-worker-25] DEBUG Bundle               - Logging bundle: FXGL
13:38:43.276 [ForkJoinPool.commonPool-worker-25] DEBUG Bundle               - FXGL.offline.timer.version.check=2020-03-04T20:18:36.122706300
13:38:43.276 [ForkJoinPool.commonPool-worker-25] DEBUG FXGL                 - Initializing state machine and application states
13:38:43.277 [ForkJoinPool.commonPool-worker-25] DEBUG AssetLoader          - Loading from disk: /assets/ui/cursors/fxgl_default.png
13:38:43.282 [ForkJoinPool.commonPool-worker-25] DEBUG AssetLoader          - Loading from disk: /assets/ui/cursors/fxgl_default.png
13:38:43.286 [ForkJoinPool.commonPool-worker-25] DEBUG AssetLoader          - Loading from cache: /assets/ui/fonts/VarelaRound-Regular.ttf
13:38:43.288 [ForkJoinPool.commonPool-worker-25] DEBUG AssetLoader          - Loading from disk: /assets/ui/cursors/fxgl_default.png
13:38:43.296 [ForkJoinPool.commonPool-worker-25] DEBUG GameScene            - Game scene initialized: 640x640
13:38:43.300 [ForkJoinPool.commonPool-worker-25] DEBUG GameWorld            - Game world initialized
13:38:43.333 [ForkJoinPool.commonPool-worker-25] DEBUG PhysicsWorld         - Physics world initialized: appHeight=640, physics.ppm=50.0
13:38:43.344 [ForkJoinPool.commonPool-worker-25] DEBUG Input                - Registered new binding: Pause - Esc
13:38:43.368 [JavaFX Application Thread] DEBUG FXGL                 - Running preInit()
13:38:43.369 [JavaFX Application Thread] DEBUG Input                - Registered new binding: Screenshot - P
13:38:43.370 [JavaFX Application Thread] DEBUG Input                - Registered new binding: Dev Options - CTRL+0
13:38:43.370 [JavaFX Application Thread] DEBUG Input                - Registered new binding: System info dump - CTRL+9
13:38:43.370 [JavaFX Application Thread] DEBUG Input                - Registered new binding: Restart - CTRL+R
13:38:43.370 [JavaFX Application Thread] DEBUG Input                - Registered new binding: Move Right - D
13:38:43.370 [JavaFX Application Thread] DEBUG Input                - Registered new binding: Move Left - A
13:38:43.370 [JavaFX Application Thread] DEBUG Input                - Registered new binding: Move Up - W
13:38:43.371 [JavaFX Application Thread] DEBUG Input                - Registered new binding: Move Down - S
13:38:43.371 [JavaFX Application Thread] DEBUG Input                - Registered new binding: Play Sound - F
13:38:43.371 [JavaFX Application Thread] INFO  FXGL                 - FXGL initialization took: 0.508 sec
13:38:43.371 [JavaFX Application Thread] DEBUG LoopRunner           - Starting loop
13:38:43.372 [JavaFX Application Thread] DEBUG StartupState         - STARTUP
13:38:43.372 [JavaFX Application Thread] DEBUG GameApplication      - Starting new game
13:38:43.372 [JavaFX Application Thread] DEBUG Input                - Clearing active input actions
13:38:43.376 [JavaFX Application Thread] DEBUG AssetLoader          - Loading from disk: /assets/ui/css/fxgl_dark.css
13:38:43.381 [JavaFX Application Thread] DEBUG AppStateMachine      - StartupState -> LoadingState
13:38:43.384 [FXGL Background Thread 1 ] DEBUG InitAppTask          - Clearing previous game
13:38:43.384 [FXGL Background Thread 1 ] DEBUG GameWorld            - Clearing game world
13:38:43.384 [FXGL Background Thread 1 ] DEBUG PhysicsWorld         - Clearing physics world
13:38:43.384 [FXGL Background Thread 1 ] DEBUG GameScene            - Clearing game scene
13:38:43.385 [FXGL Background Thread 1 ] DEBUG InitAppTask          - Initializing Game
13:38:43.397 [FXGL Background Thread 1 ] DEBUG AssetLoader          - Loading from disk: /assets/tmx/level2.tmx
13:38:43.419 [FXGL Background Thread 1 ] WARN  TMXParser            - TiledMap generated from 1.3.3. Supported version: 1.1.2. Some features may not be parsed fully.
13:38:43.428 [FXGL Background Thread 1 ] DEBUG GameWorld            - Clearing removable entities
13:38:43.428 [FXGL Background Thread 1 ] DEBUG GameWorld            - Setting level from map
13:38:43.439 [JavaFX Application Thread] FATAL FXGL                 - Uncaught Exception:

Fatal exception occurred: java.lang.IllegalArgumentException : Tileset for gid=18 not found
E: com.almasb.fxgl.entity.Entities.findTileset(Entities.java:439)
E: com.almasb.fxgl.entity.Entities.access$300(Entities.java:39)
E: com.almasb.fxgl.entity.Entities$EntityBuilder.tilesToView(Entities.java:316)
E: com.almasb.fxgl.entity.Entities$EntityBuilder.viewFromTiles(Entities.java:284)
E: com.almasb.fxgl.entity.GameWorld.setLevelFromMap(GameWorld.kt:272)
E: com.almasb.fxgl.entity.GameWorld.setLevelFromMap(GameWorld.kt:258)
E: application.GameMain.initGame(GameMain.java:74)
E: com.almasb.fxgl.app.GameApplication.internalInitGame(GameApplication.java:238)
E: com.almasb.fxgl.app.LoadingState$InitAppTask.initGame(AppStates.kt:168)
E: com.almasb.fxgl.app.LoadingState$InitAppTask.call(AppStates.kt:138)
E: com.almasb.fxgl.app.LoadingState$InitAppTask.call(AppStates.kt:127)
E: javafx.graphics/javafx.concurrent.Task$TaskCallable.call(Unknown Source)
E: java.base/java.util.concurrent.FutureTask.run(Unknown Source)
E: java.base/java.util.concurrent.Executors$RunnableAdapter.call(Unknown Source)
E: java.base/java.util.concurrent.FutureTask.run(Unknown Source)
E: java.base/java.util.concurrent.ThreadPoolExecutor.runWorker(Unknown Source)
E: java.base/java.util.concurrent.ThreadPoolExecutor$Worker.run(Unknown Source)
E: java.base/java.lang.Thread.run(Unknown Source)

13:38:43.439 [JavaFX Application Thread] FATAL FXGL                 - Application will now exit
13:38:43.439 [JavaFX Application Thread] DEBUG LoopRunner           - Stopping loop
13:38:46.066 [JavaFX Application Thread] DEBUG FXGL                 - Exiting FXGL
13:38:46.066 [JavaFX Application Thread] DEBUG FXGL                 - Shutting down background threads
13:38:46.066 [JavaFX Application Thread] DEBUG FXGL                 - Saving FXGL system data
13:38:46.068 [JavaFX Application Thread] DEBUG DesktopFSService     - Writing to: system\fxgl.bundle
13:38:46.070 [JavaFX Application Thread] DEBUG FXGL                 - Closing logger and exiting JavaFX
