18:17:58.379 [main                     ] DEBUG GameApplication      - Logger initialized
18:17:58.390 [main                     ] DEBUG GameApplication      - Logging settings
Title: FriendMaker2077
Version: 0.1
Width: 640
Height: 640
Fullscreen: false
Intro: false
Menus: false
Profiling: false
Single step:false
App Mode: DEVELOPER
Menu Key: ESCAPE
Stage Style: DECORATED
Scene Factory: class ui.MenuFactory

18:17:58.672 [JavaFX Application Thread] DEBUG GameApplication      - Initializing FXGL
18:17:58.678 [JavaFX Application Thread] INFO  Engine               - FXGL-11.8 (08.03.2020 09.25) on WINDOWS (J:13.0.2 FX:13.0.2)
18:17:58.678 [JavaFX Application Thread] INFO  Engine               - Source code and latest versions at: https://github.com/AlmasB/FXGL
18:17:58.678 [JavaFX Application Thread] INFO  Engine               -              Join the FXGL chat at: https://gitter.im/AlmasB/FXGL
18:17:58.751 [JavaFX Application Thread] DEBUG MainWindow           - Creating a JavaFX scene
18:17:58.782 [JavaFX Application Thread] DEBUG MainWindow           - Target settings size: 640.0 x 640.0
18:17:58.782 [JavaFX Application Thread] DEBUG MainWindow           - Scaled scene size:    640.0 x 640.0
18:17:58.783 [JavaFX Application Thread] DEBUG MainWindow           - Scaled ratio: (1.0, 1.0)
18:17:58.783 [JavaFX Application Thread] DEBUG MainWindow           - Set initial scene to FXGLStartupScene
18:17:58.787 [JavaFX Application Thread] DEBUG MainWindow           - Opening main window
18:17:58.858 [JavaFX Application Thread] DEBUG MainWindow           - Window border size: (16.0, 39.0)
18:17:58.858 [JavaFX Application Thread] DEBUG MainWindow           - Scaled size: 640.0 x 640.0
18:17:58.858 [JavaFX Application Thread] DEBUG MainWindow           - Scaled ratio: (1.0, 1.0)
18:17:58.859 [JavaFX Application Thread] DEBUG MainWindow           - Scene size: 640.0 x 640.0
18:17:58.859 [JavaFX Application Thread] DEBUG MainWindow           - Stage size: 656.0 x 679.0
18:17:58.863 [FXGL Background Thread 1 ] DEBUG Engine               - Initializing environment variables
18:17:58.879 [FXGL Background Thread 1 ] DEBUG WindowService        - Applying CSS: fxgl_dark.css
18:17:58.880 [FXGL Background Thread 1 ] DEBUG AssetLoaderService   - Loading from file system: /assets/ui/css/fxgl_dark.css
18:17:58.909 [FXGL Background Thread 1 ] DEBUG WindowService        - Initializing application scenes
18:17:58.933 [FXGL Background Thread 1 ] DEBUG GameWorld            - Game world initialized
18:17:58.954 [FXGL Background Thread 1 ] DEBUG PhysicsWorld         - Physics world initialized: appHeight=640, physics.ppm=50.0
18:17:58.955 [FXGL Background Thread 1 ] DEBUG GameScene            - Game scene initialized: 640x640
18:17:58.960 [FXGL Background Thread 1 ] DEBUG Input                - Registered new binding: Resume - Esc
18:17:58.969 [FXGL Background Thread 1 ] DEBUG Input                - Registered new binding: Pause - Esc
18:17:58.969 [FXGL Background Thread 1 ] DEBUG WindowService        - Application scenes initialized
18:17:58.976 [FXGL Background Thread 1 ] DEBUG SystemBundleService  - Loading FXGL system data
18:17:58.979 [FXGL Background Thread 1 ] DEBUG FileSystemAccess     - Reading from: C:\Users\Adam Cunard\git\FriendMaker2077-07-03\Project\system\fxgl.bundle
18:17:58.984 [FXGL Background Thread 1 ] DEBUG SystemBundleService  - Bundle FXGL: {}
18:17:58.985 [FXGL Background Thread 1 ] INFO  Engine               - FXGL initialization took: 0.121 sec
18:17:58.986 [FXGL Background Thread 1 ] DEBUG GameApplication      - Loading localizations
18:17:58.986 [FXGL Background Thread 1 ] DEBUG AssetLoaderService   - Loading from file system: /assets/properties/languages/english.properties
18:17:58.987 [FXGL Background Thread 1 ] DEBUG AssetLoaderService   - Loading from file system: /assets/properties/languages/french.properties
18:17:58.988 [FXGL Background Thread 1 ] DEBUG AssetLoaderService   - Loading from file system: /assets/properties/languages/german.properties
18:17:58.989 [FXGL Background Thread 1 ] DEBUG AssetLoaderService   - Loading from file system: /assets/properties/languages/hungarian.properties
18:17:58.990 [FXGL Background Thread 1 ] DEBUG AssetLoaderService   - Loading from file system: /assets/properties/languages/russian.properties
18:17:58.991 [FXGL Background Thread 1 ] DEBUG GameApplication      - Registering font factories with UI factory
18:17:58.991 [FXGL Background Thread 1 ] DEBUG AssetLoaderService   - Loading from file system: /assets/ui/fonts/VarelaRound-Regular.ttf
18:17:59.180 [FXGL Background Thread 1 ] DEBUG AssetLoaderService   - Loading from file system: /assets/ui/fonts/Abel-Regular.ttf
18:17:59.187 [FXGL Background Thread 1 ] DEBUG AssetLoaderService   - Loading from file system: /assets/ui/fonts/lucida_console.ttf
18:17:59.195 [FXGL Background Thread 1 ] DEBUG AssetLoaderService   - Loading from file system: /assets/ui/fonts/Courier-Prime.ttf
18:17:59.203 [JavaFX Application Thread] DEBUG Input                - Registered new binding: Move Right - D
18:17:59.203 [JavaFX Application Thread] DEBUG Input                - Registered new binding: Move Left - A
18:17:59.203 [JavaFX Application Thread] DEBUG Input                - Registered new binding: Move Up - W
18:17:59.203 [JavaFX Application Thread] DEBUG Input                - Registered new binding: Move Down - S
18:17:59.204 [JavaFX Application Thread] DEBUG Input                - Registered new binding: Play Sound - F
18:17:59.204 [JavaFX Application Thread] DEBUG AssetLoaderService   - Loading from file system: /assets/textures/fxgl_icon.png
18:17:59.228 [JavaFX Application Thread] DEBUG AssetLoaderService   - Loading from file system: /assets/ui/cursors/fxgl_default.png
18:17:59.230 [JavaFX Application Thread] DEBUG Input                - Registered new binding: Screenshot - P
18:17:59.230 [JavaFX Application Thread] DEBUG Input                - Registered new binding: System info dump - CTRL+9
18:17:59.230 [JavaFX Application Thread] DEBUG Input                - Registered new binding: Restart - CTRL+R
18:17:59.231 [JavaFX Application Thread] DEBUG LoopRunner           - Starting loop
18:17:59.243 [JavaFX Application Thread] DEBUG FXGLStartupScene     - STARTUP
18:17:59.243 [JavaFX Application Thread] DEBUG WindowService        - Starting new game
18:17:59.245 [JavaFX Application Thread] DEBUG Input                - Clearing active input actions
18:17:59.251 [JavaFX Application Thread] DEBUG WindowService        - Removing overlay from FXGLStartupScene and adding to FXGLLoadingScene
18:17:59.251 [JavaFX Application Thread] DEBUG MainWindow           - FXGLStartupScene -> FXGLLoadingScene
18:17:59.252 [JavaFX Application Thread] DEBUG WindowService        - Clearing previous game
18:17:59.252 [JavaFX Application Thread] DEBUG GameScene            - Clearing game scene
18:17:59.252 [JavaFX Application Thread] DEBUG GameWorld            - Clearing game world
18:17:59.252 [JavaFX Application Thread] DEBUG PhysicsWorld         - Clearing physics world
18:17:59.253 [FXGL Background Thread 1 ] DEBUG GameApplication      - Initializing game
18:17:59.257 [FXGL Background Thread 1 ] DEBUG AssetLoaderService   - Loading from file system: /assets/textures/EmptyMap.png
18:17:59.417 [FXGL Background Thread 1 ] DEBUG AssetLoaderService   - Loading from file system: /assets/sounds/soundtrack.wav
18:17:59.487 [FXGL Background Thread 1 ] DEBUG AssetLoaderService   - Loading from file system: /assets/textures/CharacterSprite.png
18:17:59.489 [FXGL Background Thread 1 ] DEBUG AssetLoaderService   - Loading from cache: /assets/textures/CharacterSprite.png
18:17:59.489 [FXGL Background Thread 1 ] DEBUG AssetLoaderService   - Loading from cache: /assets/textures/CharacterSprite.png
18:17:59.489 [FXGL Background Thread 1 ] DEBUG AssetLoaderService   - Loading from cache: /assets/textures/CharacterSprite.png
18:17:59.489 [FXGL Background Thread 1 ] DEBUG AssetLoaderService   - Loading from cache: /assets/textures/CharacterSprite.png
18:17:59.489 [FXGL Background Thread 1 ] DEBUG AssetLoaderService   - Loading from cache: /assets/textures/CharacterSprite.png
18:17:59.492 [FXGL Background Thread 1 ] DEBUG AssetLoaderService   - Loading from file system: /assets/textures/bbox.png
18:17:59.496 [FXGL Background Thread 1 ] DEBUG AssetLoaderService   - Loading from file system: /assets/textures/froggysprite.png
18:17:59.497 [FXGL Background Thread 1 ] DEBUG AssetLoaderService   - Loading from cache: /assets/textures/froggysprite.png
18:17:59.497 [FXGL Background Thread 1 ] DEBUG AssetLoaderService   - Loading from cache: /assets/textures/froggysprite.png
18:17:59.497 [FXGL Background Thread 1 ] DEBUG AssetLoaderService   - Loading from cache: /assets/textures/bbox.png
18:17:59.498 [FXGL Background Thread 1 ] DEBUG AssetLoaderService   - Loading from file system: /assets/textures/blueHouse.png
18:17:59.500 [FXGL Background Thread 1 ] INFO  GameApplication      - Game initialization took: 0.247 sec
18:17:59.501 [JavaFX Application Thread] DEBUG Input                - Clearing active input actions
18:17:59.507 [JavaFX Application Thread] DEBUG WindowService        - Removing overlay from FXGLLoadingScene and adding to GameScene
18:17:59.508 [JavaFX Application Thread] DEBUG MainWindow           - FXGLLoadingScene -> GameScene
18:18:01.987 [FXGL Background Thread 2 ] DEBUG Engine               - Logging environment variables
18:18:01.987 [FXGL Background Thread 2 ] DEBUG Engine               - achievements: []
18:18:01.987 [FXGL Background Thread 2 ] DEBUG Engine               - language: ObjectProperty [value: ENGLISH]
18:18:01.987 [FXGL Background Thread 2 ] DEBUG Engine               - isCloseConfirmation: false
18:18:01.987 [FXGL Background Thread 2 ] DEBUG Engine               - isProfilingEnabled: false
18:18:01.987 [FXGL Background Thread 2 ] DEBUG Engine               - soundNotification: core/notification.wav
18:18:01.987 [FXGL Background Thread 2 ] DEBUG Engine               - devShowBBoxProperty: BooleanProperty [value: false]
18:18:01.987 [FXGL Background Thread 2 ] DEBUG Engine               - pixelsPerMeter: 50.0
18:18:01.988 [FXGL Background Thread 2 ] DEBUG Engine               - soundMenuBack: menu/back.wav
18:18:01.988 [FXGL Background Thread 2 ] DEBUG Engine               - appIcon: fxgl_icon.png
18:18:01.988 [FXGL Background Thread 2 ] DEBUG Engine               - isFullScreenAllowed: false
18:18:01.988 [FXGL Background Thread 2 ] DEBUG Engine               - isIntroEnabled: false
18:18:01.988 [FXGL Background Thread 2 ] DEBUG Engine               - fontMono: lucida_console.ttf
18:18:01.988 [FXGL Background Thread 2 ] DEBUG Engine               - soundMenuSelect: menu/select.wav
18:18:01.988 [FXGL Background Thread 2 ] DEBUG Engine               - isWindows: true
18:18:01.988 [FXGL Background Thread 2 ] DEBUG Engine               - isMobile: false
18:18:01.988 [FXGL Background Thread 2 ] DEBUG Engine               - isUserProfileEnabled: false
18:18:01.988 [FXGL Background Thread 2 ] DEBUG Engine               - height: 640
18:18:01.988 [FXGL Background Thread 2 ] DEBUG Engine               - isExperimentalNative: false
18:18:01.988 [FXGL Background Thread 2 ] DEBUG Engine               - settings: Title: FriendMaker2077
Version: 0.1
Width: 640
Height: 640
Fullscreen: false
Intro: false
Menus: false
Profiling: false
Single step:false
App Mode: DEVELOPER
Menu Key: ESCAPE
Stage Style: DECORATED
Scene Factory: class ui.MenuFactory

18:18:01.988 [FXGL Background Thread 2 ] DEBUG Engine               - isSingleStep: false
18:18:01.989 [FXGL Background Thread 2 ] DEBUG Engine               - cSSList: [fxgl_dark.css]
18:18:01.989 [FXGL Background Thread 2 ] DEBUG Engine               - fontGame: Abel-Regular.ttf
18:18:01.989 [FXGL Background Thread 2 ] DEBUG Engine               - menuKey: ESCAPE
18:18:01.989 [FXGL Background Thread 2 ] DEBUG Engine               - devShowPositionProperty: BooleanProperty [value: false]
18:18:01.989 [FXGL Background Thread 2 ] DEBUG Engine               - versionCheckDays: 7
18:18:01.989 [FXGL Background Thread 2 ] DEBUG Engine               - configClass: Optional.empty
18:18:01.989 [FXGL Background Thread 2 ] DEBUG Engine               - isFullScreenFromStart: false
18:18:01.989 [FXGL Background Thread 2 ] DEBUG Engine               - version: 0.1
18:18:01.989 [FXGL Background Thread 2 ] DEBUG Engine               - fullScreen: BooleanProperty [value: false]
18:18:01.989 [FXGL Background Thread 2 ] DEBUG Engine               - randomSeed: -1
18:18:01.989 [FXGL Background Thread 2 ] DEBUG Engine               - gameDifficultyProperty: ObjectProperty [value: MEDIUM]
18:18:01.989 [FXGL Background Thread 2 ] DEBUG Engine               - applicationMode: DEVELOPER
18:18:01.989 [FXGL Background Thread 2 ] DEBUG Engine               - isMac: false
18:18:01.990 [FXGL Background Thread 2 ] DEBUG Engine               - isMenuEnabled: false
18:18:01.990 [FXGL Background Thread 2 ] DEBUG Engine               - urlPOM: https://raw.githubusercontent.com/AlmasB/FXGL/master/pom.xml
18:18:01.990 [FXGL Background Thread 2 ] DEBUG Engine               - profileName: StringProperty [value: DEFAULT]
18:18:01.990 [FXGL Background Thread 2 ] DEBUG Engine               - notificationViewClass: class com.almasb.fxgl.notification.view.XboxNotificationView
18:18:01.990 [FXGL Background Thread 2 ] DEBUG Engine               - devSensorColorProperty: ObjectProperty [value: 0xffff00ff]
18:18:01.990 [FXGL Background Thread 2 ] DEBUG Engine               - sceneFactory: ui.MenuFactory@fb5d5a3
18:18:01.990 [FXGL Background Thread 2 ] DEBUG Engine               - stageStyle: DECORATED
18:18:01.990 [FXGL Background Thread 2 ] DEBUG Engine               - isManualResizeEnabled: false
18:18:01.990 [FXGL Background Thread 2 ] DEBUG Engine               - title: FriendMaker2077
18:18:01.991 [FXGL Background Thread 2 ] DEBUG Engine               - platform: WINDOWS
18:18:01.991 [FXGL Background Thread 2 ] DEBUG Engine               - devBBoxColorProperty: ObjectProperty [value: 0xff0000ff]
18:18:01.991 [FXGL Background Thread 2 ] DEBUG Engine               - gameDifficulty: MEDIUM
18:18:01.991 [FXGL Background Thread 2 ] DEBUG Engine               - isDesktop: true
18:18:01.991 [FXGL Background Thread 2 ] DEBUG Engine               - supportedLanguages: [ENGLISH, FRENCH, GERMAN, HUNGARIAN, RUSSIAN]
18:18:01.991 [FXGL Background Thread 2 ] DEBUG Engine               - credits: []
18:18:01.991 [FXGL Background Thread 2 ] DEBUG Engine               - globalMusicVolumeProperty: DoubleProperty [value: 0.5]
18:18:01.991 [FXGL Background Thread 2 ] DEBUG Engine               - isPreserveResizeRatio: false
18:18:01.991 [FXGL Background Thread 2 ] DEBUG Engine               - fontText: Courier-Prime.ttf
18:18:01.991 [FXGL Background Thread 2 ] DEBUG Engine               - isExperimentalTiledLargeMap: false
18:18:01.991 [FXGL Background Thread 2 ] DEBUG Engine               - secondsIn24h: 60
18:18:01.991 [FXGL Background Thread 2 ] DEBUG Engine               - runtimeInfo: RuntimeInfo(platform=WINDOWS, version=11.8, build=08.03.2020 09.25)
18:18:01.991 [FXGL Background Thread 2 ] DEBUG Engine               - isLinux: false
18:18:01.992 [FXGL Background Thread 2 ] DEBUG Engine               - soundMenuPress: menu/press.wav
18:18:01.992 [FXGL Background Thread 2 ] DEBUG Engine               - urlGithub: https://github.com/AlmasB/FXGL
18:18:01.992 [FXGL Background Thread 2 ] DEBUG Engine               - profileDir: profiles/
18:18:01.992 [FXGL Background Thread 2 ] DEBUG Engine               - isDeveloperMenuEnabled: false
18:18:01.992 [FXGL Background Thread 2 ] DEBUG Engine               - globalSoundVolumeProperty: DoubleProperty [value: 0.5]
18:18:01.992 [FXGL Background Thread 2 ] DEBUG Engine               - mainWindow: com.almasb.fxgl.app.MainWindow@b8a408d
18:18:01.992 [FXGL Background Thread 2 ] DEBUG Engine               - isBrowser: false
18:18:01.992 [FXGL Background Thread 2 ] DEBUG Engine               - urlLeaderboard: http://fxgl-top.herokuapp.com/
18:18:01.992 [FXGL Background Thread 2 ] DEBUG Engine               - globalSoundVolume: 0.5
18:18:01.992 [FXGL Background Thread 2 ] DEBUG Engine               - engineServices: [class com.almasb.fxgl.app.GameApplication$GameApplicationService, class com.almasb.fxgl.app.services.WindowService, class com.almasb.fxgl.app.services.FXGLDialogService, class com.almasb.fxgl.app.services.IOTaskExecutorService, class com.almasb.fxgl.event.EventBusService, class com.almasb.fxgl.io.FileSystemService, class com.almasb.fxgl.localization.LocalizationService, class com.almasb.fxgl.app.services.AssetLoaderService, class com.almasb.fxgl.app.services.SystemBundleService, class com.almasb.fxgl.profile.SaveLoadService, class com.almasb.fxgl.ui.FXGLUIFactoryServiceProvider, class com.almasb.fxgl.ui.FXGLDialogFactoryServiceProvider, class com.almasb.fxgl.audio.AudioPlayer, class com.almasb.fxgl.notification.impl.NotificationServiceProvider, class com.almasb.fxgl.achievement.AchievementService, class com.almasb.fxgl.cutscene.CutsceneService, class com.almasb.fxgl.minigames.MiniGameService, class com.almasb.fxgl.net.NetService, class com.almasb.fxgl.app.services.UpdaterService]
18:18:01.992 [FXGL Background Thread 2 ] DEBUG Engine               - globalMusicVolume: 0.5
18:18:01.992 [FXGL Background Thread 2 ] DEBUG Engine               - width: 640
18:18:01.992 [FXGL Background Thread 2 ] DEBUG Engine               - saveFileExt: sav
18:18:01.992 [FXGL Background Thread 2 ] DEBUG Engine               - isAndroid: false
18:18:01.993 [FXGL Background Thread 2 ] DEBUG Engine               - fontUI: VarelaRound-Regular.ttf
18:18:01.993 [FXGL Background Thread 2 ] DEBUG Engine               - enabledMenuItems: []
18:18:01.993 [FXGL Background Thread 2 ] DEBUG Engine               - isIOS: false
18:18:01.993 [FXGL Background Thread 2 ] DEBUG Engine               - Logging services
18:18:01.993 [FXGL Background Thread 2 ] DEBUG Engine               - class com.almasb.fxgl.app.GameApplication$GameApplicationService
18:18:01.993 [FXGL Background Thread 2 ] DEBUG Engine               - class com.almasb.fxgl.app.services.WindowService
18:18:01.993 [FXGL Background Thread 2 ] DEBUG Engine               - class com.almasb.fxgl.app.services.FXGLDialogService
18:18:01.993 [FXGL Background Thread 2 ] DEBUG Engine               - class com.almasb.fxgl.app.services.IOTaskExecutorService
18:18:01.993 [FXGL Background Thread 2 ] DEBUG Engine               - class com.almasb.fxgl.event.EventBusService
18:18:01.993 [FXGL Background Thread 2 ] DEBUG Engine               - class com.almasb.fxgl.io.FileSystemService
18:18:01.993 [FXGL Background Thread 2 ] DEBUG Engine               - class com.almasb.fxgl.localization.LocalizationService
18:18:01.993 [FXGL Background Thread 2 ] DEBUG Engine               - class com.almasb.fxgl.app.services.AssetLoaderService
18:18:01.993 [FXGL Background Thread 2 ] DEBUG Engine               - class com.almasb.fxgl.app.services.SystemBundleService
18:18:01.993 [FXGL Background Thread 2 ] DEBUG Engine               - class com.almasb.fxgl.profile.SaveLoadService
18:18:01.994 [FXGL Background Thread 2 ] DEBUG Engine               - class com.almasb.fxgl.ui.FXGLUIFactoryServiceProvider
18:18:01.994 [FXGL Background Thread 2 ] DEBUG Engine               - class com.almasb.fxgl.ui.FXGLDialogFactoryServiceProvider
18:18:01.994 [FXGL Background Thread 2 ] DEBUG Engine               - class com.almasb.fxgl.audio.AudioPlayer
18:18:01.994 [FXGL Background Thread 2 ] DEBUG Engine               - class com.almasb.fxgl.notification.impl.NotificationServiceProvider
18:18:01.994 [FXGL Background Thread 2 ] DEBUG Engine               - class com.almasb.fxgl.achievement.AchievementService
18:18:01.994 [FXGL Background Thread 2 ] DEBUG Engine               - class com.almasb.fxgl.cutscene.CutsceneService
18:18:01.994 [FXGL Background Thread 2 ] DEBUG Engine               - class com.almasb.fxgl.minigames.MiniGameService
18:18:01.994 [FXGL Background Thread 2 ] DEBUG Engine               - class com.almasb.fxgl.net.NetService
18:18:01.994 [FXGL Background Thread 2 ] DEBUG Engine               - class com.almasb.fxgl.app.services.UpdaterService
18:18:02.473 [JavaFX Application Thread] DEBUG GameApplication      - Exiting FXGL
18:18:02.473 [JavaFX Application Thread] DEBUG LoopRunner           - Stopping loop
18:18:02.473 [JavaFX Application Thread] DEBUG SystemBundleService  - Saving FXGL system data
18:18:02.474 [JavaFX Application Thread] DEBUG FileSystemAccess     - Writing to: C:\Users\Adam Cunard\git\FriendMaker2077-07-03\Project\system\fxgl.bundle
18:18:02.475 [JavaFX Application Thread] DEBUG GameApplication      - Shutting down background threads
18:18:02.475 [JavaFX Application Thread] DEBUG GameApplication      - Closing logger and exiting JavaFX
