11:59:56.513 [main                     ] DEBUG GameApplication      - Logger initialized
11:59:56.522 [main                     ] DEBUG GameApplication      - Logging settings
Title: FriendMaker2077
Version: 0.1
Width: 640
Height: 640
Fullscreen: false
Intro: false
Menus: false
Profiling: false
Single step:false
App Mode: DEVELOPER
Menu Key: ESCAPE
Stage Style: DECORATED
Scene Factory: class ui.MenuFactory

11:59:56.670 [JavaFX Application Thread] DEBUG GameApplication      - Initializing FXGL
11:59:56.675 [JavaFX Application Thread] INFO  Engine               - FXGL-11.8 (08.03.2020 09.25) on WINDOWS (J:13.0.2 FX:11.0.2)
11:59:56.675 [JavaFX Application Thread] INFO  Engine               - Source code and latest versions at: https://github.com/AlmasB/FXGL
11:59:56.675 [JavaFX Application Thread] INFO  Engine               -              Join the FXGL chat at: https://gitter.im/AlmasB/FXGL
11:59:56.737 [JavaFX Application Thread] DEBUG MainWindow           - Creating a JavaFX scene
11:59:56.765 [JavaFX Application Thread] DEBUG MainWindow           - Target settings size: 640.0 x 640.0
11:59:56.765 [JavaFX Application Thread] DEBUG MainWindow           - Scaled scene size:    640.0 x 640.0
11:59:56.765 [JavaFX Application Thread] DEBUG MainWindow           - Scaled ratio: (1.0, 1.0)
11:59:56.766 [JavaFX Application Thread] DEBUG MainWindow           - Set initial scene to FXGLStartupScene
11:59:56.769 [JavaFX Application Thread] DEBUG MainWindow           - Opening main window
11:59:56.818 [JavaFX Application Thread] DEBUG MainWindow           - Window border size: (16.0, 39.0)
11:59:56.818 [JavaFX Application Thread] DEBUG MainWindow           - Scaled size: 640.0 x 640.0
11:59:56.818 [JavaFX Application Thread] DEBUG MainWindow           - Scaled ratio: (1.0, 1.0)
11:59:56.819 [JavaFX Application Thread] DEBUG MainWindow           - Scene size: 640.0 x 640.0
11:59:56.819 [JavaFX Application Thread] DEBUG MainWindow           - Stage size: 656.0 x 679.0
11:59:56.824 [FXGL Background Thread 1 ] DEBUG Engine               - Initializing environment variables
11:59:56.841 [FXGL Background Thread 1 ] DEBUG WindowService        - Applying CSS: fxgl_dark.css
11:59:56.842 [FXGL Background Thread 1 ] DEBUG AssetLoaderService   - Loading from file system: /assets/ui/css/fxgl_dark.css
11:59:56.871 [FXGL Background Thread 1 ] DEBUG WindowService        - Initializing application scenes
11:59:56.889 [FXGL Background Thread 1 ] DEBUG GameWorld            - Game world initialized
11:59:56.912 [FXGL Background Thread 1 ] DEBUG PhysicsWorld         - Physics world initialized: appHeight=640, physics.ppm=50.0
11:59:56.914 [FXGL Background Thread 1 ] DEBUG GameScene            - Game scene initialized: 640x640
11:59:56.920 [FXGL Background Thread 1 ] DEBUG Input                - Registered new binding: Resume - Esc
11:59:56.928 [FXGL Background Thread 1 ] DEBUG Input                - Registered new binding: Pause - Esc
11:59:56.929 [FXGL Background Thread 1 ] DEBUG WindowService        - Application scenes initialized
11:59:56.935 [FXGL Background Thread 1 ] DEBUG SystemBundleService  - Loading FXGL system data
11:59:56.938 [FXGL Background Thread 1 ] DEBUG FileSystemAccess     - Reading from: C:\Users\otinn\git\FriendMaker2077-07-03\Project\system\fxgl.bundle
11:59:56.944 [FXGL Background Thread 1 ] DEBUG SystemBundleService  - Bundle FXGL: {}
11:59:56.944 [FXGL Background Thread 1 ] INFO  Engine               - FXGL initialization took: 0.119 sec
11:59:56.946 [FXGL Background Thread 1 ] DEBUG GameApplication      - Loading localizations
11:59:56.946 [FXGL Background Thread 1 ] DEBUG AssetLoaderService   - Loading from file system: /assets/properties/languages/english.properties
11:59:56.947 [FXGL Background Thread 1 ] DEBUG AssetLoaderService   - Loading from file system: /assets/properties/languages/french.properties
11:59:56.949 [FXGL Background Thread 1 ] DEBUG AssetLoaderService   - Loading from file system: /assets/properties/languages/german.properties
11:59:56.950 [FXGL Background Thread 1 ] DEBUG AssetLoaderService   - Loading from file system: /assets/properties/languages/hungarian.properties
11:59:56.950 [FXGL Background Thread 1 ] DEBUG AssetLoaderService   - Loading from file system: /assets/properties/languages/russian.properties
11:59:56.951 [FXGL Background Thread 1 ] DEBUG GameApplication      - Registering font factories with UI factory
11:59:56.951 [FXGL Background Thread 1 ] DEBUG AssetLoaderService   - Loading from file system: /assets/ui/fonts/VarelaRound-Regular.ttf
11:59:57.060 [FXGL Background Thread 1 ] DEBUG AssetLoaderService   - Loading from file system: /assets/ui/fonts/Abel-Regular.ttf
11:59:57.066 [FXGL Background Thread 1 ] DEBUG AssetLoaderService   - Loading from file system: /assets/ui/fonts/lucida_console.ttf
11:59:57.073 [FXGL Background Thread 1 ] DEBUG AssetLoaderService   - Loading from file system: /assets/ui/fonts/Courier-Prime.ttf
11:59:57.081 [JavaFX Application Thread] DEBUG Input                - Registered new binding: Move Right - D
11:59:57.081 [JavaFX Application Thread] DEBUG Input                - Registered new binding: Move Left - A
11:59:57.081 [JavaFX Application Thread] DEBUG Input                - Registered new binding: Move Up - W
11:59:57.082 [JavaFX Application Thread] DEBUG Input                - Registered new binding: Move Down - S
11:59:57.082 [JavaFX Application Thread] DEBUG Input                - Registered new binding: Play Sound - F
11:59:57.082 [JavaFX Application Thread] DEBUG AssetLoaderService   - Loading from file system: /assets/textures/fxgl_icon.png
11:59:57.110 [JavaFX Application Thread] DEBUG AssetLoaderService   - Loading from file system: /assets/ui/cursors/fxgl_default.png
11:59:57.112 [JavaFX Application Thread] DEBUG Input                - Registered new binding: Screenshot - P
11:59:57.112 [JavaFX Application Thread] DEBUG Input                - Registered new binding: System info dump - CTRL+9
11:59:57.112 [JavaFX Application Thread] DEBUG Input                - Registered new binding: Restart - CTRL+R
11:59:57.113 [JavaFX Application Thread] DEBUG LoopRunner           - Starting loop
11:59:57.129 [JavaFX Application Thread] DEBUG FXGLStartupScene     - STARTUP
11:59:57.129 [JavaFX Application Thread] DEBUG WindowService        - Starting new game
11:59:57.130 [JavaFX Application Thread] DEBUG Input                - Clearing active input actions
11:59:57.138 [JavaFX Application Thread] DEBUG WindowService        - Removing overlay from FXGLStartupScene and adding to FXGLLoadingScene
11:59:57.138 [JavaFX Application Thread] DEBUG MainWindow           - FXGLStartupScene -> FXGLLoadingScene
11:59:57.138 [JavaFX Application Thread] DEBUG WindowService        - Clearing previous game
11:59:57.138 [JavaFX Application Thread] DEBUG GameScene            - Clearing game scene
11:59:57.139 [JavaFX Application Thread] DEBUG GameWorld            - Clearing game world
11:59:57.139 [JavaFX Application Thread] DEBUG PhysicsWorld         - Clearing physics world
11:59:57.139 [FXGL Background Thread 1 ] DEBUG GameApplication      - Initializing game
11:59:57.145 [FXGL Background Thread 1 ] DEBUG AssetLoaderService   - Loading from file system: /assets/music/soundtrack.wav
11:59:57.215 [FXGL Background Thread 1 ] DEBUG AudioPlayer          - Playing music com.almasb.fxgl.audio.Music@13216536
11:59:57.219 [FXGL Background Thread 1 ] DEBUG AssetLoaderService   - Loading from file system: /assets/textures/Room.png
11:59:57.233 [FXGL Background Thread 1 ] DEBUG AssetLoaderService   - Loading from cache: /assets/textures/Room.png
11:59:57.234 [FXGL Background Thread 1 ] DEBUG AssetLoaderService   - Loading from file system: /assets/textures/EmptyMap.png
11:59:57.361 [FXGL Background Thread 1 ] DEBUG AssetLoaderService   - Loading from file system: /assets/textures/player.png
11:59:57.363 [FXGL Background Thread 1 ] DEBUG AssetLoaderService   - Loading from cache: /assets/textures/player.png
11:59:57.363 [FXGL Background Thread 1 ] DEBUG AssetLoaderService   - Loading from cache: /assets/textures/player.png
11:59:57.363 [FXGL Background Thread 1 ] DEBUG AssetLoaderService   - Loading from cache: /assets/textures/player.png
11:59:57.363 [FXGL Background Thread 1 ] DEBUG AssetLoaderService   - Loading from cache: /assets/textures/player.png
11:59:57.363 [FXGL Background Thread 1 ] DEBUG AssetLoaderService   - Loading from cache: /assets/textures/player.png
11:59:57.364 [FXGL Background Thread 1 ] DEBUG AssetLoaderService   - Loading from file system: /assets/textures/bbox.png
11:59:57.367 [FXGL Background Thread 1 ] DEBUG AssetLoaderService   - Loading from file system: /assets/textures/froggysprite.png
11:59:57.367 [FXGL Background Thread 1 ] DEBUG AssetLoaderService   - Loading from cache: /assets/textures/froggysprite.png
11:59:57.367 [FXGL Background Thread 1 ] DEBUG AssetLoaderService   - Loading from cache: /assets/textures/froggysprite.png
11:59:57.368 [FXGL Background Thread 1 ] DEBUG AssetLoaderService   - Loading from cache: /assets/textures/bbox.png
11:59:57.369 [FXGL Background Thread 1 ] DEBUG AssetLoaderService   - Loading from file system: /assets/textures/bush.png
11:59:57.370 [FXGL Background Thread 1 ] DEBUG AssetLoaderService   - Loading from cache: /assets/textures/bush.png
11:59:57.370 [FXGL Background Thread 1 ] DEBUG AssetLoaderService   - Loading from file system: /assets/textures/rock.png
11:59:57.371 [FXGL Background Thread 1 ] DEBUG AssetLoaderService   - Loading from cache: /assets/textures/rock.png
11:59:57.371 [FXGL Background Thread 1 ] DEBUG AssetLoaderService   - Loading from file system: /assets/textures/tree.png
11:59:57.372 [FXGL Background Thread 1 ] DEBUG AssetLoaderService   - Loading from cache: /assets/textures/bush.png
11:59:57.373 [FXGL Background Thread 1 ] DEBUG AssetLoaderService   - Loading from cache: /assets/textures/tree.png
11:59:57.373 [FXGL Background Thread 1 ] DEBUG AssetLoaderService   - Loading from cache: /assets/textures/bush.png
11:59:57.374 [FXGL Background Thread 1 ] DEBUG AssetLoaderService   - Loading from file system: /assets/textures/appletree.png
11:59:57.375 [FXGL Background Thread 1 ] DEBUG AssetLoaderService   - Loading from cache: /assets/textures/bush.png
11:59:57.375 [FXGL Background Thread 1 ] DEBUG AssetLoaderService   - Loading from cache: /assets/textures/tree.png
11:59:57.376 [FXGL Background Thread 1 ] DEBUG AssetLoaderService   - Loading from cache: /assets/textures/bush.png
11:59:57.376 [FXGL Background Thread 1 ] DEBUG AssetLoaderService   - Loading from cache: /assets/textures/appletree.png
11:59:57.377 [FXGL Background Thread 1 ] DEBUG AssetLoaderService   - Loading from cache: /assets/textures/bush.png
11:59:57.378 [FXGL Background Thread 1 ] DEBUG AssetLoaderService   - Loading from cache: /assets/textures/appletree.png
11:59:57.378 [FXGL Background Thread 1 ] DEBUG AssetLoaderService   - Loading from cache: /assets/textures/bush.png
11:59:57.379 [FXGL Background Thread 1 ] DEBUG AssetLoaderService   - Loading from cache: /assets/textures/tree.png
11:59:57.379 [FXGL Background Thread 1 ] DEBUG AssetLoaderService   - Loading from cache: /assets/textures/bush.png
11:59:57.379 [FXGL Background Thread 1 ] DEBUG AssetLoaderService   - Loading from cache: /assets/textures/tree.png
11:59:57.380 [FXGL Background Thread 1 ] DEBUG AssetLoaderService   - Loading from cache: /assets/textures/bush.png
11:59:57.380 [FXGL Background Thread 1 ] DEBUG AssetLoaderService   - Loading from cache: /assets/textures/tree.png
11:59:57.381 [FXGL Background Thread 1 ] DEBUG AssetLoaderService   - Loading from cache: /assets/textures/bush.png
11:59:57.381 [FXGL Background Thread 1 ] DEBUG AssetLoaderService   - Loading from cache: /assets/textures/bush.png
11:59:57.382 [FXGL Background Thread 1 ] DEBUG AssetLoaderService   - Loading from cache: /assets/textures/tree.png
11:59:57.382 [FXGL Background Thread 1 ] DEBUG AssetLoaderService   - Loading from cache: /assets/textures/tree.png
11:59:57.383 [FXGL Background Thread 1 ] DEBUG AssetLoaderService   - Loading from cache: /assets/textures/tree.png
11:59:57.383 [FXGL Background Thread 1 ] DEBUG AssetLoaderService   - Loading from cache: /assets/textures/bush.png
11:59:57.384 [FXGL Background Thread 1 ] DEBUG AssetLoaderService   - Loading from cache: /assets/textures/tree.png
11:59:57.384 [FXGL Background Thread 1 ] DEBUG AssetLoaderService   - Loading from cache: /assets/textures/bush.png
11:59:57.385 [FXGL Background Thread 1 ] DEBUG AssetLoaderService   - Loading from cache: /assets/textures/appletree.png
11:59:57.385 [FXGL Background Thread 1 ] DEBUG AssetLoaderService   - Loading from cache: /assets/textures/bush.png
11:59:57.386 [FXGL Background Thread 1 ] DEBUG AssetLoaderService   - Loading from cache: /assets/textures/tree.png
11:59:57.386 [FXGL Background Thread 1 ] DEBUG AssetLoaderService   - Loading from cache: /assets/textures/bush.png
11:59:57.387 [FXGL Background Thread 1 ] DEBUG AssetLoaderService   - Loading from cache: /assets/textures/appletree.png
11:59:57.387 [FXGL Background Thread 1 ] DEBUG AssetLoaderService   - Loading from cache: /assets/textures/bush.png
11:59:57.388 [FXGL Background Thread 1 ] DEBUG AssetLoaderService   - Loading from cache: /assets/textures/appletree.png
11:59:57.388 [FXGL Background Thread 1 ] DEBUG AssetLoaderService   - Loading from cache: /assets/textures/appletree.png
11:59:57.388 [FXGL Background Thread 1 ] DEBUG AssetLoaderService   - Loading from cache: /assets/textures/appletree.png
11:59:57.389 [FXGL Background Thread 1 ] DEBUG AssetLoaderService   - Loading from cache: /assets/textures/appletree.png
11:59:57.389 [FXGL Background Thread 1 ] DEBUG AssetLoaderService   - Loading from cache: /assets/textures/appletree.png
11:59:57.390 [FXGL Background Thread 1 ] DEBUG AssetLoaderService   - Loading from cache: /assets/textures/tree.png
11:59:57.390 [FXGL Background Thread 1 ] DEBUG AssetLoaderService   - Loading from cache: /assets/textures/tree.png
11:59:57.391 [FXGL Background Thread 1 ] DEBUG AssetLoaderService   - Loading from cache: /assets/textures/appletree.png
11:59:57.391 [FXGL Background Thread 1 ] DEBUG AssetLoaderService   - Loading from cache: /assets/textures/bush.png
11:59:57.392 [FXGL Background Thread 1 ] DEBUG AssetLoaderService   - Loading from cache: /assets/textures/appletree.png
11:59:57.392 [FXGL Background Thread 1 ] DEBUG AssetLoaderService   - Loading from cache: /assets/textures/bush.png
11:59:57.393 [FXGL Background Thread 1 ] DEBUG AssetLoaderService   - Loading from cache: /assets/textures/rock.png
11:59:57.393 [FXGL Background Thread 1 ] DEBUG AssetLoaderService   - Loading from cache: /assets/textures/tree.png
11:59:57.394 [FXGL Background Thread 1 ] DEBUG AssetLoaderService   - Loading from cache: /assets/textures/rock.png
11:59:57.394 [FXGL Background Thread 1 ] DEBUG AssetLoaderService   - Loading from cache: /assets/textures/appletree.png
11:59:57.395 [FXGL Background Thread 1 ] DEBUG AssetLoaderService   - Loading from cache: /assets/textures/appletree.png
11:59:57.395 [FXGL Background Thread 1 ] DEBUG AssetLoaderService   - Loading from file system: /assets/textures/lighthouse.png
11:59:57.396 [FXGL Background Thread 1 ] DEBUG AssetLoaderService   - Loading from file system: /assets/textures/greenhouse.png
11:59:57.397 [FXGL Background Thread 1 ] DEBUG AssetLoaderService   - Loading from file system: /assets/textures/bluehouse.png
11:59:57.398 [FXGL Background Thread 1 ] DEBUG AssetLoaderService   - Loading from file system: /assets/textures/redhouse.png
11:59:57.400 [FXGL Background Thread 1 ] DEBUG AssetLoaderService   - Loading from cache: /assets/textures/redhouse.png
11:59:57.400 [FXGL Background Thread 1 ] DEBUG AssetLoaderService   - Loading from cache: /assets/textures/bluehouse.png
11:59:57.401 [FXGL Background Thread 1 ] DEBUG AssetLoaderService   - Loading from cache: /assets/textures/bluehouse.png
11:59:57.401 [FXGL Background Thread 1 ] DEBUG AssetLoaderService   - Loading from cache: /assets/textures/redhouse.png
11:59:57.401 [FXGL Background Thread 1 ] DEBUG AssetLoaderService   - Loading from cache: /assets/textures/bluehouse.png
11:59:57.402 [FXGL Background Thread 1 ] DEBUG AssetLoaderService   - Loading from cache: /assets/textures/redhouse.png
11:59:57.402 [FXGL Background Thread 1 ] DEBUG AssetLoaderService   - Loading from cache: /assets/textures/lighthouse.png
11:59:57.403 [FXGL Background Thread 1 ] DEBUG AssetLoaderService   - Loading from cache: /assets/textures/greenhouse.png
11:59:57.403 [FXGL Background Thread 1 ] INFO  GameApplication      - Game initialization took: 0.263 sec
11:59:57.410 [JavaFX Application Thread] DEBUG Input                - Clearing active input actions
11:59:57.433 [JavaFX Application Thread] DEBUG WindowService        - Removing overlay from FXGLLoadingScene and adding to GameScene
11:59:57.434 [JavaFX Application Thread] DEBUG MainWindow           - FXGLLoadingScene -> GameScene
11:59:59.383 [JavaFX Application Thread] DEBUG AssetLoaderService   - Loading from file system: /assets/sounds/bump.wav
11:59:59.947 [FXGL Background Thread 2 ] DEBUG Engine               - Logging environment variables
11:59:59.947 [FXGL Background Thread 2 ] DEBUG Engine               - achievements: []
11:59:59.947 [FXGL Background Thread 2 ] DEBUG Engine               - language: ObjectProperty [value: ENGLISH]
11:59:59.947 [FXGL Background Thread 2 ] DEBUG Engine               - isCloseConfirmation: false
11:59:59.947 [FXGL Background Thread 2 ] DEBUG Engine               - isProfilingEnabled: false
11:59:59.947 [FXGL Background Thread 2 ] DEBUG Engine               - soundNotification: core/notification.wav
11:59:59.947 [FXGL Background Thread 2 ] DEBUG Engine               - devShowBBoxProperty: BooleanProperty [value: false]
11:59:59.947 [FXGL Background Thread 2 ] DEBUG Engine               - pixelsPerMeter: 50.0
11:59:59.947 [FXGL Background Thread 2 ] DEBUG Engine               - soundMenuBack: menu/back.wav
11:59:59.947 [FXGL Background Thread 2 ] DEBUG Engine               - appIcon: fxgl_icon.png
11:59:59.947 [FXGL Background Thread 2 ] DEBUG Engine               - isFullScreenAllowed: false
11:59:59.947 [FXGL Background Thread 2 ] DEBUG Engine               - isIntroEnabled: false
11:59:59.947 [FXGL Background Thread 2 ] DEBUG Engine               - fontMono: lucida_console.ttf
11:59:59.947 [FXGL Background Thread 2 ] DEBUG Engine               - soundMenuSelect: menu/select.wav
11:59:59.948 [FXGL Background Thread 2 ] DEBUG Engine               - isWindows: true
11:59:59.948 [FXGL Background Thread 2 ] DEBUG Engine               - isUserProfileEnabled: false
11:59:59.948 [FXGL Background Thread 2 ] DEBUG Engine               - isMobile: false
11:59:59.948 [FXGL Background Thread 2 ] DEBUG Engine               - height: 640
11:59:59.948 [FXGL Background Thread 2 ] DEBUG Engine               - isExperimentalNative: false
11:59:59.948 [FXGL Background Thread 2 ] DEBUG Engine               - settings: Title: FriendMaker2077
Version: 0.1
Width: 640
Height: 640
Fullscreen: false
Intro: false
Menus: false
Profiling: false
Single step:false
App Mode: DEVELOPER
Menu Key: ESCAPE
Stage Style: DECORATED
Scene Factory: class ui.MenuFactory

11:59:59.948 [FXGL Background Thread 2 ] DEBUG Engine               - isSingleStep: false
11:59:59.948 [FXGL Background Thread 2 ] DEBUG Engine               - cSSList: [fxgl_dark.css]
11:59:59.948 [FXGL Background Thread 2 ] DEBUG Engine               - fontGame: Abel-Regular.ttf
11:59:59.948 [FXGL Background Thread 2 ] DEBUG Engine               - menuKey: ESCAPE
11:59:59.948 [FXGL Background Thread 2 ] DEBUG Engine               - devShowPositionProperty: BooleanProperty [value: false]
11:59:59.948 [FXGL Background Thread 2 ] DEBUG Engine               - versionCheckDays: 7
11:59:59.948 [FXGL Background Thread 2 ] DEBUG Engine               - configClass: Optional.empty
11:59:59.948 [FXGL Background Thread 2 ] DEBUG Engine               - isFullScreenFromStart: false
11:59:59.948 [FXGL Background Thread 2 ] DEBUG Engine               - version: 0.1
11:59:59.948 [FXGL Background Thread 2 ] DEBUG Engine               - fullScreen: BooleanProperty [value: false]
11:59:59.948 [FXGL Background Thread 2 ] DEBUG Engine               - randomSeed: -1
11:59:59.949 [FXGL Background Thread 2 ] DEBUG Engine               - gameDifficultyProperty: ObjectProperty [value: MEDIUM]
11:59:59.949 [FXGL Background Thread 2 ] DEBUG Engine               - applicationMode: DEVELOPER
11:59:59.949 [FXGL Background Thread 2 ] DEBUG Engine               - isMac: false
11:59:59.949 [FXGL Background Thread 2 ] DEBUG Engine               - isMenuEnabled: false
11:59:59.949 [FXGL Background Thread 2 ] DEBUG Engine               - urlPOM: https://raw.githubusercontent.com/AlmasB/FXGL/master/pom.xml
11:59:59.949 [FXGL Background Thread 2 ] DEBUG Engine               - profileName: StringProperty [value: DEFAULT]
11:59:59.949 [FXGL Background Thread 2 ] DEBUG Engine               - notificationViewClass: class com.almasb.fxgl.notification.view.XboxNotificationView
11:59:59.949 [FXGL Background Thread 2 ] DEBUG Engine               - devSensorColorProperty: ObjectProperty [value: 0xffff00ff]
11:59:59.949 [FXGL Background Thread 2 ] DEBUG Engine               - sceneFactory: ui.MenuFactory@624890bc
11:59:59.949 [FXGL Background Thread 2 ] DEBUG Engine               - stageStyle: DECORATED
11:59:59.949 [FXGL Background Thread 2 ] DEBUG Engine               - isManualResizeEnabled: false
11:59:59.949 [FXGL Background Thread 2 ] DEBUG Engine               - title: FriendMaker2077
11:59:59.949 [FXGL Background Thread 2 ] DEBUG Engine               - platform: WINDOWS
11:59:59.949 [FXGL Background Thread 2 ] DEBUG Engine               - devBBoxColorProperty: ObjectProperty [value: 0xff0000ff]
11:59:59.949 [FXGL Background Thread 2 ] DEBUG Engine               - gameDifficulty: MEDIUM
11:59:59.949 [FXGL Background Thread 2 ] DEBUG Engine               - isDesktop: true
11:59:59.949 [FXGL Background Thread 2 ] DEBUG Engine               - supportedLanguages: [ENGLISH, FRENCH, GERMAN, HUNGARIAN, RUSSIAN]
11:59:59.950 [FXGL Background Thread 2 ] DEBUG Engine               - credits: []
11:59:59.950 [FXGL Background Thread 2 ] DEBUG Engine               - globalMusicVolumeProperty: DoubleProperty [value: 0.5]
11:59:59.950 [FXGL Background Thread 2 ] DEBUG Engine               - isPreserveResizeRatio: false
11:59:59.950 [FXGL Background Thread 2 ] DEBUG Engine               - fontText: Courier-Prime.ttf
11:59:59.950 [FXGL Background Thread 2 ] DEBUG Engine               - isExperimentalTiledLargeMap: false
11:59:59.950 [FXGL Background Thread 2 ] DEBUG Engine               - secondsIn24h: 60
11:59:59.950 [FXGL Background Thread 2 ] DEBUG Engine               - runtimeInfo: RuntimeInfo(platform=WINDOWS, version=11.8, build=08.03.2020 09.25)
11:59:59.950 [FXGL Background Thread 2 ] DEBUG Engine               - urlGithub: https://github.com/AlmasB/FXGL
11:59:59.950 [FXGL Background Thread 2 ] DEBUG Engine               - soundMenuPress: menu/press.wav
11:59:59.950 [FXGL Background Thread 2 ] DEBUG Engine               - isLinux: false
11:59:59.950 [FXGL Background Thread 2 ] DEBUG Engine               - profileDir: profiles/
11:59:59.950 [FXGL Background Thread 2 ] DEBUG Engine               - isDeveloperMenuEnabled: false
11:59:59.950 [FXGL Background Thread 2 ] DEBUG Engine               - globalSoundVolumeProperty: DoubleProperty [value: 0.5]
11:59:59.950 [FXGL Background Thread 2 ] DEBUG Engine               - mainWindow: com.almasb.fxgl.app.MainWindow@6677182d
11:59:59.950 [FXGL Background Thread 2 ] DEBUG Engine               - urlLeaderboard: http://fxgl-top.herokuapp.com/
11:59:59.950 [FXGL Background Thread 2 ] DEBUG Engine               - isBrowser: false
11:59:59.950 [FXGL Background Thread 2 ] DEBUG Engine               - globalSoundVolume: 0.5
11:59:59.950 [FXGL Background Thread 2 ] DEBUG Engine               - engineServices: [class com.almasb.fxgl.app.GameApplication$GameApplicationService, class com.almasb.fxgl.app.services.WindowService, class com.almasb.fxgl.app.services.FXGLDialogService, class com.almasb.fxgl.app.services.IOTaskExecutorService, class com.almasb.fxgl.event.EventBusService, class com.almasb.fxgl.io.FileSystemService, class com.almasb.fxgl.localization.LocalizationService, class com.almasb.fxgl.app.services.AssetLoaderService, class com.almasb.fxgl.app.services.SystemBundleService, class com.almasb.fxgl.profile.SaveLoadService, class com.almasb.fxgl.ui.FXGLUIFactoryServiceProvider, class com.almasb.fxgl.ui.FXGLDialogFactoryServiceProvider, class com.almasb.fxgl.audio.AudioPlayer, class com.almasb.fxgl.notification.impl.NotificationServiceProvider, class com.almasb.fxgl.achievement.AchievementService, class com.almasb.fxgl.cutscene.CutsceneService, class com.almasb.fxgl.minigames.MiniGameService, class com.almasb.fxgl.net.NetService, class com.almasb.fxgl.app.services.UpdaterService]
11:59:59.950 [FXGL Background Thread 2 ] DEBUG Engine               - globalMusicVolume: 0.5
11:59:59.951 [FXGL Background Thread 2 ] DEBUG Engine               - width: 640
11:59:59.951 [FXGL Background Thread 2 ] DEBUG Engine               - saveFileExt: sav
11:59:59.951 [FXGL Background Thread 2 ] DEBUG Engine               - isAndroid: false
11:59:59.951 [FXGL Background Thread 2 ] DEBUG Engine               - fontUI: VarelaRound-Regular.ttf
11:59:59.951 [FXGL Background Thread 2 ] DEBUG Engine               - isIOS: false
11:59:59.951 [FXGL Background Thread 2 ] DEBUG Engine               - enabledMenuItems: [SAVE_LOAD, EXTRA, ONLINE]
11:59:59.951 [FXGL Background Thread 2 ] DEBUG Engine               - Logging services
11:59:59.951 [FXGL Background Thread 2 ] DEBUG Engine               - class com.almasb.fxgl.app.GameApplication$GameApplicationService
11:59:59.951 [FXGL Background Thread 2 ] DEBUG Engine               - class com.almasb.fxgl.app.services.WindowService
11:59:59.951 [FXGL Background Thread 2 ] DEBUG Engine               - class com.almasb.fxgl.app.services.FXGLDialogService
11:59:59.951 [FXGL Background Thread 2 ] DEBUG Engine               - class com.almasb.fxgl.app.services.IOTaskExecutorService
11:59:59.951 [FXGL Background Thread 2 ] DEBUG Engine               - class com.almasb.fxgl.event.EventBusService
11:59:59.951 [FXGL Background Thread 2 ] DEBUG Engine               - class com.almasb.fxgl.io.FileSystemService
11:59:59.951 [FXGL Background Thread 2 ] DEBUG Engine               - class com.almasb.fxgl.localization.LocalizationService
11:59:59.951 [FXGL Background Thread 2 ] DEBUG Engine               - class com.almasb.fxgl.app.services.AssetLoaderService
11:59:59.951 [FXGL Background Thread 2 ] DEBUG Engine               - class com.almasb.fxgl.app.services.SystemBundleService
11:59:59.951 [FXGL Background Thread 2 ] DEBUG Engine               - class com.almasb.fxgl.profile.SaveLoadService
11:59:59.951 [FXGL Background Thread 2 ] DEBUG Engine               - class com.almasb.fxgl.ui.FXGLUIFactoryServiceProvider
11:59:59.952 [FXGL Background Thread 2 ] DEBUG Engine               - class com.almasb.fxgl.ui.FXGLDialogFactoryServiceProvider
11:59:59.952 [FXGL Background Thread 2 ] DEBUG Engine               - class com.almasb.fxgl.audio.AudioPlayer
11:59:59.952 [FXGL Background Thread 2 ] DEBUG Engine               - class com.almasb.fxgl.notification.impl.NotificationServiceProvider
11:59:59.952 [FXGL Background Thread 2 ] DEBUG Engine               - class com.almasb.fxgl.achievement.AchievementService
11:59:59.952 [FXGL Background Thread 2 ] DEBUG Engine               - class com.almasb.fxgl.cutscene.CutsceneService
11:59:59.952 [FXGL Background Thread 2 ] DEBUG Engine               - class com.almasb.fxgl.minigames.MiniGameService
11:59:59.952 [FXGL Background Thread 2 ] DEBUG Engine               - class com.almasb.fxgl.net.NetService
11:59:59.952 [FXGL Background Thread 2 ] DEBUG Engine               - class com.almasb.fxgl.app.services.UpdaterService
12:00:00.119 [JavaFX Application Thread] DEBUG AssetLoaderService   - Loading from cache: /assets/sounds/bump.wav
12:00:00.535 [JavaFX Application Thread] DEBUG AssetLoaderService   - Loading from cache: /assets/sounds/bump.wav
12:00:01.479 [JavaFX Application Thread] DEBUG AssetLoaderService   - Loading from cache: /assets/sounds/bump.wav
12:00:01.927 [JavaFX Application Thread] DEBUG AssetLoaderService   - Loading from cache: /assets/sounds/bump.wav
12:00:03.185 [JavaFX Application Thread] DEBUG GameApplication      - Exiting FXGL
12:00:03.185 [JavaFX Application Thread] DEBUG LoopRunner           - Stopping loop
12:00:03.185 [JavaFX Application Thread] DEBUG SystemBundleService  - Saving FXGL system data
12:00:03.186 [JavaFX Application Thread] DEBUG FileSystemAccess     - Writing to: C:\Users\otinn\git\FriendMaker2077-07-03\Project\system\fxgl.bundle
12:00:03.187 [JavaFX Application Thread] DEBUG GameApplication      - Shutting down background threads
12:00:03.187 [JavaFX Application Thread] DEBUG GameApplication      - Closing logger and exiting JavaFX
