20:45:03.591 [main                     ] DEBUG GameApplication      - Logger initialized
20:45:03.601 [main                     ] DEBUG GameApplication      - Logging settings
Title: FriendMaker2077
Version: 0.1
Width: 640
Height: 640
Fullscreen: false
Intro: false
Menus: false
Profiling: false
Single step:false
App Mode: DEVELOPER
Menu Key: ESCAPE
Stage Style: DECORATED
Scene Factory: class application.MenuFactory

20:45:03.749 [JavaFX Application Thread] DEBUG GameApplication      - Initializing FXGL
20:45:03.754 [JavaFX Application Thread] INFO  Engine               - FXGL-11.8 (08.03.2020 09.25) on WINDOWS (J:13.0.2 FX:11.0.2)
20:45:03.755 [JavaFX Application Thread] INFO  Engine               - Source code and latest versions at: https://github.com/AlmasB/FXGL
20:45:03.755 [JavaFX Application Thread] INFO  Engine               -              Join the FXGL chat at: https://gitter.im/AlmasB/FXGL
20:45:03.817 [JavaFX Application Thread] DEBUG MainWindow           - Creating a JavaFX scene
20:45:03.845 [JavaFX Application Thread] DEBUG MainWindow           - Target settings size: 640.0 x 640.0
20:45:03.845 [JavaFX Application Thread] DEBUG MainWindow           - Scaled scene size:    640.0 x 640.0
20:45:03.846 [JavaFX Application Thread] DEBUG MainWindow           - Scaled ratio: (1.0, 1.0)
20:45:03.846 [JavaFX Application Thread] DEBUG MainWindow           - Set initial scene to FXGLStartupScene
20:45:03.850 [JavaFX Application Thread] DEBUG MainWindow           - Opening main window
20:45:03.907 [JavaFX Application Thread] DEBUG MainWindow           - Window border size: (16.0, 39.0)
20:45:03.908 [JavaFX Application Thread] DEBUG MainWindow           - Scaled size: 640.0 x 640.0
20:45:03.908 [JavaFX Application Thread] DEBUG MainWindow           - Scaled ratio: (1.0, 1.0)
20:45:03.908 [JavaFX Application Thread] DEBUG MainWindow           - Scene size: 640.0 x 640.0
20:45:03.908 [JavaFX Application Thread] DEBUG MainWindow           - Stage size: 656.0 x 679.0
20:45:03.912 [FXGL Background Thread 1 ] DEBUG Engine               - Initializing environment variables
20:45:03.931 [FXGL Background Thread 1 ] DEBUG WindowService        - Applying CSS: fxgl_dark.css
20:45:03.931 [FXGL Background Thread 1 ] DEBUG AssetLoaderService   - Loading from file system: /assets/ui/css/fxgl_dark.css
20:45:03.961 [FXGL Background Thread 1 ] DEBUG WindowService        - Initializing application scenes
20:45:03.982 [FXGL Background Thread 1 ] DEBUG GameWorld            - Game world initialized
20:45:04.003 [FXGL Background Thread 1 ] DEBUG PhysicsWorld         - Physics world initialized: appHeight=640, physics.ppm=50.0
20:45:04.005 [FXGL Background Thread 1 ] DEBUG GameScene            - Game scene initialized: 640x640
20:45:04.010 [FXGL Background Thread 1 ] DEBUG Input                - Registered new binding: Resume - Esc
20:45:04.018 [FXGL Background Thread 1 ] DEBUG Input                - Registered new binding: Pause - Esc
20:45:04.018 [FXGL Background Thread 1 ] DEBUG WindowService        - Application scenes initialized
20:45:04.026 [FXGL Background Thread 1 ] DEBUG SystemBundleService  - Loading FXGL system data
20:45:04.029 [FXGL Background Thread 1 ] DEBUG FileSystemAccess     - Reading from: C:\Users\otinn\git\FriendMaker2077-07-03\Project\system\fxgl.bundle
20:45:04.035 [FXGL Background Thread 1 ] DEBUG SystemBundleService  - Bundle FXGL: {}
20:45:04.035 [FXGL Background Thread 1 ] INFO  Engine               - FXGL initialization took: 0.122 sec
20:45:04.036 [FXGL Background Thread 1 ] DEBUG GameApplication      - Loading localizations
20:45:04.037 [FXGL Background Thread 1 ] DEBUG AssetLoaderService   - Loading from file system: /assets/properties/languages/english.properties
20:45:04.038 [FXGL Background Thread 1 ] DEBUG AssetLoaderService   - Loading from file system: /assets/properties/languages/french.properties
20:45:04.039 [FXGL Background Thread 1 ] DEBUG AssetLoaderService   - Loading from file system: /assets/properties/languages/german.properties
20:45:04.040 [FXGL Background Thread 1 ] DEBUG AssetLoaderService   - Loading from file system: /assets/properties/languages/hungarian.properties
20:45:04.041 [FXGL Background Thread 1 ] DEBUG AssetLoaderService   - Loading from file system: /assets/properties/languages/russian.properties
20:45:04.042 [FXGL Background Thread 1 ] DEBUG GameApplication      - Registering font factories with UI factory
20:45:04.042 [FXGL Background Thread 1 ] DEBUG AssetLoaderService   - Loading from file system: /assets/ui/fonts/VarelaRound-Regular.ttf
20:45:04.157 [FXGL Background Thread 1 ] DEBUG AssetLoaderService   - Loading from file system: /assets/ui/fonts/Abel-Regular.ttf
20:45:04.164 [FXGL Background Thread 1 ] DEBUG AssetLoaderService   - Loading from file system: /assets/ui/fonts/lucida_console.ttf
20:45:04.172 [FXGL Background Thread 1 ] DEBUG AssetLoaderService   - Loading from file system: /assets/ui/fonts/Courier-Prime.ttf
20:45:04.179 [JavaFX Application Thread] DEBUG Input                - Registered new binding: Move Right - D
20:45:04.180 [JavaFX Application Thread] DEBUG Input                - Registered new binding: Move Left - A
20:45:04.180 [JavaFX Application Thread] DEBUG Input                - Registered new binding: Move Up - W
20:45:04.180 [JavaFX Application Thread] DEBUG Input                - Registered new binding: Move Down - S
20:45:04.180 [JavaFX Application Thread] DEBUG Input                - Registered new binding: Play Sound - F
20:45:04.180 [JavaFX Application Thread] DEBUG AssetLoaderService   - Loading from file system: /assets/textures/fxgl_icon.png
20:45:04.210 [JavaFX Application Thread] DEBUG AssetLoaderService   - Loading from file system: /assets/ui/cursors/fxgl_default.png
20:45:04.211 [JavaFX Application Thread] DEBUG Input                - Registered new binding: Screenshot - P
20:45:04.212 [JavaFX Application Thread] DEBUG Input                - Registered new binding: System info dump - CTRL+9
20:45:04.212 [JavaFX Application Thread] DEBUG Input                - Registered new binding: Restart - CTRL+R
20:45:04.213 [JavaFX Application Thread] DEBUG LoopRunner           - Starting loop
20:45:04.224 [JavaFX Application Thread] DEBUG FXGLStartupScene     - STARTUP
20:45:04.224 [JavaFX Application Thread] DEBUG WindowService        - Starting new game
20:45:04.225 [JavaFX Application Thread] DEBUG Input                - Clearing active input actions
20:45:04.233 [JavaFX Application Thread] DEBUG WindowService        - Removing overlay from FXGLStartupScene and adding to FXGLLoadingScene
20:45:04.233 [JavaFX Application Thread] DEBUG MainWindow           - FXGLStartupScene -> FXGLLoadingScene
20:45:04.233 [JavaFX Application Thread] DEBUG WindowService        - Clearing previous game
20:45:04.233 [JavaFX Application Thread] DEBUG GameScene            - Clearing game scene
20:45:04.233 [JavaFX Application Thread] DEBUG GameWorld            - Clearing game world
20:45:04.233 [JavaFX Application Thread] DEBUG PhysicsWorld         - Clearing physics world
20:45:04.234 [FXGL Background Thread 1 ] DEBUG GameApplication      - Initializing game
20:45:04.238 [FXGL Background Thread 1 ] DEBUG AssetLoaderService   - Loading from file system: /assets/textures/EmptyMap.png
20:45:04.397 [FXGL Background Thread 1 ] DEBUG AssetLoaderService   - Loading from file system: /assets/textures/CharacterSprite.png
20:45:04.398 [FXGL Background Thread 1 ] DEBUG AssetLoaderService   - Loading from cache: /assets/textures/CharacterSprite.png
20:45:04.398 [FXGL Background Thread 1 ] DEBUG AssetLoaderService   - Loading from cache: /assets/textures/CharacterSprite.png
20:45:04.398 [FXGL Background Thread 1 ] DEBUG AssetLoaderService   - Loading from cache: /assets/textures/CharacterSprite.png
20:45:04.398 [FXGL Background Thread 1 ] DEBUG AssetLoaderService   - Loading from cache: /assets/textures/CharacterSprite.png
20:45:04.398 [FXGL Background Thread 1 ] DEBUG AssetLoaderService   - Loading from cache: /assets/textures/CharacterSprite.png
20:45:04.398 [FXGL Background Thread 1 ] DEBUG AssetLoaderService   - Loading from cache: /assets/textures/CharacterSprite.png
20:45:04.399 [FXGL Background Thread 1 ] DEBUG AssetLoaderService   - Loading from cache: /assets/textures/CharacterSprite.png
20:45:04.401 [FXGL Background Thread 1 ] DEBUG AssetLoaderService   - Loading from file system: /assets/textures/bbox.png
20:45:04.405 [FXGL Background Thread 1 ] DEBUG AssetLoaderService   - Loading from file system: /assets/textures/froggysprite.png
20:45:04.406 [FXGL Background Thread 1 ] DEBUG AssetLoaderService   - Loading from file system: /assets/textures/blueHouse.png
20:45:04.408 [FXGL Background Thread 1 ] DEBUG AssetLoaderService   - Loading from file system: /assets/textures/brick.png
20:45:04.408 [FXGL Background Thread 1 ] INFO  GameApplication      - Game initialization took: 0.175 sec
20:45:04.409 [JavaFX Application Thread] DEBUG Input                - Clearing active input actions
20:45:04.416 [JavaFX Application Thread] DEBUG WindowService        - Removing overlay from FXGLLoadingScene and adding to GameScene
20:45:04.417 [JavaFX Application Thread] DEBUG MainWindow           - FXGLLoadingScene -> GameScene
20:45:07.037 [FXGL Background Thread 2 ] DEBUG Engine               - Logging environment variables
20:45:07.037 [FXGL Background Thread 2 ] DEBUG Engine               - achievements: []
20:45:07.037 [FXGL Background Thread 2 ] DEBUG Engine               - language: ObjectProperty [value: ENGLISH]
20:45:07.037 [FXGL Background Thread 2 ] DEBUG Engine               - isCloseConfirmation: false
20:45:07.037 [FXGL Background Thread 2 ] DEBUG Engine               - isProfilingEnabled: false
20:45:07.037 [FXGL Background Thread 2 ] DEBUG Engine               - soundNotification: core/notification.wav
20:45:07.037 [FXGL Background Thread 2 ] DEBUG Engine               - devShowBBoxProperty: BooleanProperty [value: false]
20:45:07.037 [FXGL Background Thread 2 ] DEBUG Engine               - pixelsPerMeter: 50.0
20:45:07.037 [FXGL Background Thread 2 ] DEBUG Engine               - appIcon: fxgl_icon.png
20:45:07.037 [FXGL Background Thread 2 ] DEBUG Engine               - soundMenuBack: menu/back.wav
20:45:07.038 [FXGL Background Thread 2 ] DEBUG Engine               - isFullScreenAllowed: false
20:45:07.038 [FXGL Background Thread 2 ] DEBUG Engine               - isIntroEnabled: false
20:45:07.038 [FXGL Background Thread 2 ] DEBUG Engine               - fontMono: lucida_console.ttf
20:45:07.038 [FXGL Background Thread 2 ] DEBUG Engine               - soundMenuSelect: menu/select.wav
20:45:07.038 [FXGL Background Thread 2 ] DEBUG Engine               - isWindows: true
20:45:07.038 [FXGL Background Thread 2 ] DEBUG Engine               - isMobile: false
20:45:07.038 [FXGL Background Thread 2 ] DEBUG Engine               - isUserProfileEnabled: false
20:45:07.038 [FXGL Background Thread 2 ] DEBUG Engine               - height: 640
20:45:07.038 [FXGL Background Thread 2 ] DEBUG Engine               - isExperimentalNative: false
20:45:07.038 [FXGL Background Thread 2 ] DEBUG Engine               - settings: Title: FriendMaker2077
Version: 0.1
Width: 640
Height: 640
Fullscreen: false
Intro: false
Menus: false
Profiling: false
Single step:false
App Mode: DEVELOPER
Menu Key: ESCAPE
Stage Style: DECORATED
Scene Factory: class application.MenuFactory

20:45:07.038 [FXGL Background Thread 2 ] DEBUG Engine               - isSingleStep: false
20:45:07.038 [FXGL Background Thread 2 ] DEBUG Engine               - cSSList: [fxgl_dark.css]
20:45:07.038 [FXGL Background Thread 2 ] DEBUG Engine               - fontGame: Abel-Regular.ttf
20:45:07.038 [FXGL Background Thread 2 ] DEBUG Engine               - menuKey: ESCAPE
20:45:07.039 [FXGL Background Thread 2 ] DEBUG Engine               - devShowPositionProperty: BooleanProperty [value: false]
20:45:07.039 [FXGL Background Thread 2 ] DEBUG Engine               - versionCheckDays: 7
20:45:07.039 [FXGL Background Thread 2 ] DEBUG Engine               - configClass: Optional.empty
20:45:07.039 [FXGL Background Thread 2 ] DEBUG Engine               - isFullScreenFromStart: false
20:45:07.039 [FXGL Background Thread 2 ] DEBUG Engine               - version: 0.1
20:45:07.039 [FXGL Background Thread 2 ] DEBUG Engine               - fullScreen: BooleanProperty [value: false]
20:45:07.039 [FXGL Background Thread 2 ] DEBUG Engine               - randomSeed: -1
20:45:07.039 [FXGL Background Thread 2 ] DEBUG Engine               - gameDifficultyProperty: ObjectProperty [value: MEDIUM]
20:45:07.039 [FXGL Background Thread 2 ] DEBUG Engine               - applicationMode: DEVELOPER
20:45:07.039 [FXGL Background Thread 2 ] DEBUG Engine               - isMac: false
20:45:07.039 [FXGL Background Thread 2 ] DEBUG Engine               - isMenuEnabled: false
20:45:07.039 [FXGL Background Thread 2 ] DEBUG Engine               - urlPOM: https://raw.githubusercontent.com/AlmasB/FXGL/master/pom.xml
20:45:07.039 [FXGL Background Thread 2 ] DEBUG Engine               - profileName: StringProperty [value: DEFAULT]
20:45:07.040 [FXGL Background Thread 2 ] DEBUG Engine               - devSensorColorProperty: ObjectProperty [value: 0xffff00ff]
20:45:07.040 [FXGL Background Thread 2 ] DEBUG Engine               - notificationViewClass: class com.almasb.fxgl.notification.view.XboxNotificationView
20:45:07.040 [FXGL Background Thread 2 ] DEBUG Engine               - sceneFactory: application.MenuFactory@2cfbe05a
20:45:07.040 [FXGL Background Thread 2 ] DEBUG Engine               - stageStyle: DECORATED
20:45:07.040 [FXGL Background Thread 2 ] DEBUG Engine               - isManualResizeEnabled: false
20:45:07.040 [FXGL Background Thread 2 ] DEBUG Engine               - title: FriendMaker2077
20:45:07.040 [FXGL Background Thread 2 ] DEBUG Engine               - platform: WINDOWS
20:45:07.040 [FXGL Background Thread 2 ] DEBUG Engine               - devBBoxColorProperty: ObjectProperty [value: 0xff0000ff]
20:45:07.040 [FXGL Background Thread 2 ] DEBUG Engine               - gameDifficulty: MEDIUM
20:45:07.040 [FXGL Background Thread 2 ] DEBUG Engine               - isDesktop: true
20:45:07.040 [FXGL Background Thread 2 ] DEBUG Engine               - supportedLanguages: [ENGLISH, FRENCH, GERMAN, HUNGARIAN, RUSSIAN]
20:45:07.040 [FXGL Background Thread 2 ] DEBUG Engine               - globalMusicVolumeProperty: DoubleProperty [value: 0.5]
20:45:07.040 [FXGL Background Thread 2 ] DEBUG Engine               - credits: []
20:45:07.041 [FXGL Background Thread 2 ] DEBUG Engine               - isPreserveResizeRatio: false
20:45:07.041 [FXGL Background Thread 2 ] DEBUG Engine               - fontText: Courier-Prime.ttf
20:45:07.041 [FXGL Background Thread 2 ] DEBUG Engine               - isExperimentalTiledLargeMap: false
20:45:07.041 [FXGL Background Thread 2 ] DEBUG Engine               - secondsIn24h: 60
20:45:07.041 [FXGL Background Thread 2 ] DEBUG Engine               - runtimeInfo: RuntimeInfo(platform=WINDOWS, version=11.8, build=08.03.2020 09.25)
20:45:07.041 [FXGL Background Thread 2 ] DEBUG Engine               - isLinux: false
20:45:07.041 [FXGL Background Thread 2 ] DEBUG Engine               - soundMenuPress: menu/press.wav
20:45:07.041 [FXGL Background Thread 2 ] DEBUG Engine               - urlGithub: https://github.com/AlmasB/FXGL
20:45:07.041 [FXGL Background Thread 2 ] DEBUG Engine               - profileDir: profiles/
20:45:07.041 [FXGL Background Thread 2 ] DEBUG Engine               - globalSoundVolumeProperty: DoubleProperty [value: 0.5]
20:45:07.041 [FXGL Background Thread 2 ] DEBUG Engine               - isDeveloperMenuEnabled: false
20:45:07.041 [FXGL Background Thread 2 ] DEBUG Engine               - mainWindow: com.almasb.fxgl.app.MainWindow@28c4711d
20:45:07.041 [FXGL Background Thread 2 ] DEBUG Engine               - isBrowser: false
20:45:07.041 [FXGL Background Thread 2 ] DEBUG Engine               - globalSoundVolume: 0.5
20:45:07.041 [FXGL Background Thread 2 ] DEBUG Engine               - urlLeaderboard: http://fxgl-top.herokuapp.com/
20:45:07.041 [FXGL Background Thread 2 ] DEBUG Engine               - engineServices: [class com.almasb.fxgl.app.GameApplication$GameApplicationService, class com.almasb.fxgl.app.services.WindowService, class com.almasb.fxgl.app.services.FXGLDialogService, class com.almasb.fxgl.app.services.IOTaskExecutorService, class com.almasb.fxgl.event.EventBusService, class com.almasb.fxgl.io.FileSystemService, class com.almasb.fxgl.localization.LocalizationService, class com.almasb.fxgl.app.services.AssetLoaderService, class com.almasb.fxgl.app.services.SystemBundleService, class com.almasb.fxgl.profile.SaveLoadService, class com.almasb.fxgl.ui.FXGLUIFactoryServiceProvider, class com.almasb.fxgl.ui.FXGLDialogFactoryServiceProvider, class com.almasb.fxgl.audio.AudioPlayer, class com.almasb.fxgl.notification.impl.NotificationServiceProvider, class com.almasb.fxgl.achievement.AchievementService, class com.almasb.fxgl.cutscene.CutsceneService, class com.almasb.fxgl.minigames.MiniGameService, class com.almasb.fxgl.net.NetService, class com.almasb.fxgl.app.services.UpdaterService]
20:45:07.042 [FXGL Background Thread 2 ] DEBUG Engine               - globalMusicVolume: 0.5
20:45:07.042 [FXGL Background Thread 2 ] DEBUG Engine               - width: 640
20:45:07.042 [FXGL Background Thread 2 ] DEBUG Engine               - saveFileExt: sav
20:45:07.042 [FXGL Background Thread 2 ] DEBUG Engine               - isAndroid: false
20:45:07.042 [FXGL Background Thread 2 ] DEBUG Engine               - fontUI: VarelaRound-Regular.ttf
20:45:07.042 [FXGL Background Thread 2 ] DEBUG Engine               - enabledMenuItems: []
20:45:07.042 [FXGL Background Thread 2 ] DEBUG Engine               - isIOS: false
20:45:07.042 [FXGL Background Thread 2 ] DEBUG Engine               - Logging services
20:45:07.042 [FXGL Background Thread 2 ] DEBUG Engine               - class com.almasb.fxgl.app.GameApplication$GameApplicationService
20:45:07.042 [FXGL Background Thread 2 ] DEBUG Engine               - class com.almasb.fxgl.app.services.WindowService
20:45:07.042 [FXGL Background Thread 2 ] DEBUG Engine               - class com.almasb.fxgl.app.services.FXGLDialogService
20:45:07.042 [FXGL Background Thread 2 ] DEBUG Engine               - class com.almasb.fxgl.app.services.IOTaskExecutorService
20:45:07.042 [FXGL Background Thread 2 ] DEBUG Engine               - class com.almasb.fxgl.event.EventBusService
20:45:07.042 [FXGL Background Thread 2 ] DEBUG Engine               - class com.almasb.fxgl.io.FileSystemService
20:45:07.042 [FXGL Background Thread 2 ] DEBUG Engine               - class com.almasb.fxgl.localization.LocalizationService
20:45:07.042 [FXGL Background Thread 2 ] DEBUG Engine               - class com.almasb.fxgl.app.services.AssetLoaderService
20:45:07.043 [FXGL Background Thread 2 ] DEBUG Engine               - class com.almasb.fxgl.app.services.SystemBundleService
20:45:07.043 [FXGL Background Thread 2 ] DEBUG Engine               - class com.almasb.fxgl.profile.SaveLoadService
20:45:07.043 [FXGL Background Thread 2 ] DEBUG Engine               - class com.almasb.fxgl.ui.FXGLUIFactoryServiceProvider
20:45:07.043 [FXGL Background Thread 2 ] DEBUG Engine               - class com.almasb.fxgl.ui.FXGLDialogFactoryServiceProvider
20:45:07.043 [FXGL Background Thread 2 ] DEBUG Engine               - class com.almasb.fxgl.audio.AudioPlayer
20:45:07.043 [FXGL Background Thread 2 ] DEBUG Engine               - class com.almasb.fxgl.notification.impl.NotificationServiceProvider
20:45:07.043 [FXGL Background Thread 2 ] DEBUG Engine               - class com.almasb.fxgl.achievement.AchievementService
20:45:07.043 [FXGL Background Thread 2 ] DEBUG Engine               - class com.almasb.fxgl.cutscene.CutsceneService
20:45:07.043 [FXGL Background Thread 2 ] DEBUG Engine               - class com.almasb.fxgl.minigames.MiniGameService
20:45:07.043 [FXGL Background Thread 2 ] DEBUG Engine               - class com.almasb.fxgl.net.NetService
20:45:07.043 [FXGL Background Thread 2 ] DEBUG Engine               - class com.almasb.fxgl.app.services.UpdaterService
20:45:39.692 [JavaFX Application Thread] DEBUG GameApplication      - Exiting FXGL
20:45:39.692 [JavaFX Application Thread] DEBUG LoopRunner           - Stopping loop
20:45:39.692 [JavaFX Application Thread] DEBUG SystemBundleService  - Saving FXGL system data
20:45:39.693 [JavaFX Application Thread] DEBUG FileSystemAccess     - Writing to: C:\Users\otinn\git\FriendMaker2077-07-03\Project\system\fxgl.bundle
20:45:39.694 [JavaFX Application Thread] DEBUG GameApplication      - Shutting down background threads
20:45:39.695 [JavaFX Application Thread] DEBUG GameApplication      - Closing logger and exiting JavaFX
