14:44:18.085 [main                     ] DEBUG GameApplication      - Logger initialized
14:44:18.098 [main                     ] DEBUG GameApplication      - Logging settings
Title: FriendMaker2077
Version: 0.1
Width: 640
Height: 640
Fullscreen: false
Intro: false
Menus: true
Profiling: false
Single step:false
App Mode: DEVELOPER
Menu Key: ESCAPE
Stage Style: DECORATED
Scene Factory: class ui.MenuFactory

14:44:18.250 [JavaFX Application Thread] DEBUG GameApplication      - Initializing FXGL
14:44:18.255 [JavaFX Application Thread] INFO  Engine               - FXGL-11.8 (08.03.2020 09.25) on WINDOWS (J:13.0.2 FX:11.0.2)
14:44:18.256 [JavaFX Application Thread] INFO  Engine               - Source code and latest versions at: https://github.com/AlmasB/FXGL
14:44:18.256 [JavaFX Application Thread] INFO  Engine               -              Join the FXGL chat at: https://gitter.im/AlmasB/FXGL
14:44:18.320 [JavaFX Application Thread] DEBUG MainWindow           - Creating a JavaFX scene
14:44:18.350 [JavaFX Application Thread] DEBUG MainWindow           - Target settings size: 640.0 x 640.0
14:44:18.350 [JavaFX Application Thread] DEBUG MainWindow           - Scaled scene size:    640.0 x 640.0
14:44:18.350 [JavaFX Application Thread] DEBUG MainWindow           - Scaled ratio: (1.0, 1.0)
14:44:18.351 [JavaFX Application Thread] DEBUG MainWindow           - Set initial scene to FXGLStartupScene
14:44:18.354 [JavaFX Application Thread] DEBUG MainWindow           - Opening main window
14:44:18.405 [JavaFX Application Thread] DEBUG MainWindow           - Window border size: (16.0, 39.0)
14:44:18.405 [JavaFX Application Thread] DEBUG MainWindow           - Scaled size: 640.0 x 640.0
14:44:18.406 [JavaFX Application Thread] DEBUG MainWindow           - Scaled ratio: (1.0, 1.0)
14:44:18.406 [JavaFX Application Thread] DEBUG MainWindow           - Scene size: 640.0 x 640.0
14:44:18.406 [JavaFX Application Thread] DEBUG MainWindow           - Stage size: 656.0 x 679.0
14:44:18.411 [FXGL Background Thread 1 ] DEBUG Engine               - Initializing environment variables
14:44:18.429 [FXGL Background Thread 1 ] DEBUG WindowService        - Applying CSS: fxgl_dark.css
14:44:18.429 [FXGL Background Thread 1 ] DEBUG AssetLoaderService   - Loading from file system: /assets/ui/css/fxgl_dark.css
14:44:18.460 [FXGL Background Thread 1 ] DEBUG WindowService        - Initializing application scenes
14:44:18.480 [FXGL Background Thread 1 ] DEBUG GameWorld            - Game world initialized
14:44:18.505 [FXGL Background Thread 1 ] DEBUG PhysicsWorld         - Physics world initialized: appHeight=640, physics.ppm=50.0
14:44:18.507 [FXGL Background Thread 1 ] DEBUG GameScene            - Game scene initialized: 640x640
14:44:18.522 [FXGL Background Thread 1 ] DEBUG AssetLoaderService   - Loading from file system: /assets/textures/particles/trace_horizontal.png
14:44:18.567 [FXGL Background Thread 1 ] WARN  FXGL.DefaultMenu     - FXGLDefaultMenu is not designed for resolutions < 800x600
14:44:18.567 [FXGL Background Thread 1 ] DEBUG FXGL.DefaultMenu     - createMenuBodyMainMenu()
14:44:18.576 [FXGL Background Thread 1 ] DEBUG FXGL.DefaultMenu     - createOptionsMenu()
14:44:18.579 [FXGL Background Thread 1 ] DEBUG FXGL.DefaultMenu     - createExtraMenu()
14:44:18.581 [FXGL Background Thread 1 ] DEBUG AssetLoaderService   - Loading from file system: /assets/textures/particles/smoke.png
14:44:18.628 [FXGL Background Thread 1 ] DEBUG AssetLoaderService   - Loading from cache: /assets/textures/particles/trace_horizontal.png@64.0x64.0
14:44:18.629 [FXGL Background Thread 1 ] WARN  FXGL.DefaultMenu     - FXGLDefaultMenu is not designed for resolutions < 800x600
14:44:18.629 [FXGL Background Thread 1 ] DEBUG FXGL.DefaultMenu     - createMenuBodyGameMenu()
14:44:18.630 [FXGL Background Thread 1 ] DEBUG FXGL.DefaultMenu     - createOptionsMenu()
14:44:18.632 [FXGL Background Thread 1 ] DEBUG FXGL.DefaultMenu     - createExtraMenu()
14:44:18.633 [FXGL Background Thread 1 ] DEBUG AssetLoaderService   - Loading from cache: /assets/textures/particles/smoke.png@128.0x128.0
14:44:18.646 [FXGL Background Thread 1 ] DEBUG WindowService        - Application scenes initialized
14:44:18.651 [FXGL Background Thread 1 ] DEBUG SystemBundleService  - Loading FXGL system data
14:44:18.653 [FXGL Background Thread 1 ] DEBUG FileSystemAccess     - Reading from: C:\Users\otinn\git\FriendMaker2077-07-03\Project\system\fxgl.bundle
14:44:18.659 [FXGL Background Thread 1 ] DEBUG SystemBundleService  - Bundle FXGL: {}
14:44:18.659 [FXGL Background Thread 1 ] INFO  Engine               - FXGL initialization took: 0.246 sec
14:44:18.660 [FXGL Background Thread 1 ] DEBUG GameApplication      - Loading localizations
14:44:18.661 [FXGL Background Thread 1 ] DEBUG AssetLoaderService   - Loading from file system: /assets/properties/languages/english.properties
14:44:18.662 [FXGL Background Thread 1 ] DEBUG AssetLoaderService   - Loading from file system: /assets/properties/languages/french.properties
14:44:18.663 [FXGL Background Thread 1 ] DEBUG AssetLoaderService   - Loading from file system: /assets/properties/languages/german.properties
14:44:18.664 [FXGL Background Thread 1 ] DEBUG AssetLoaderService   - Loading from file system: /assets/properties/languages/hungarian.properties
14:44:18.665 [FXGL Background Thread 1 ] DEBUG AssetLoaderService   - Loading from file system: /assets/properties/languages/russian.properties
14:44:18.666 [FXGL Background Thread 1 ] DEBUG GameApplication      - Registering font factories with UI factory
14:44:18.666 [FXGL Background Thread 1 ] DEBUG AssetLoaderService   - Loading from file system: /assets/ui/fonts/VarelaRound-Regular.ttf
14:44:18.780 [FXGL Background Thread 1 ] DEBUG AssetLoaderService   - Loading from file system: /assets/ui/fonts/Abel-Regular.ttf
14:44:18.786 [FXGL Background Thread 1 ] DEBUG AssetLoaderService   - Loading from file system: /assets/ui/fonts/lucida_console.ttf
14:44:18.795 [FXGL Background Thread 1 ] DEBUG AssetLoaderService   - Loading from file system: /assets/ui/fonts/Courier-Prime.ttf
14:44:18.809 [JavaFX Application Thread] DEBUG Input                - Registered new binding: Move Right - D
14:44:18.809 [JavaFX Application Thread] DEBUG Input                - Registered new binding: Move Left - A
14:44:18.809 [JavaFX Application Thread] DEBUG Input                - Registered new binding: Move Up - W
14:44:18.809 [JavaFX Application Thread] DEBUG Input                - Registered new binding: Move Down - S
14:44:18.809 [JavaFX Application Thread] DEBUG Input                - Registered new binding: Play Sound - F
14:44:18.809 [JavaFX Application Thread] DEBUG AssetLoaderService   - Loading from file system: /assets/textures/fxgl_icon.png
14:44:18.824 [JavaFX Application Thread] DEBUG AssetLoaderService   - Loading from file system: /assets/ui/cursors/fxgl_default.png
14:44:18.826 [JavaFX Application Thread] DEBUG Input                - Registered new binding: Screenshot - P
14:44:18.826 [JavaFX Application Thread] DEBUG Input                - Registered new binding: System info dump - CTRL+9
14:44:18.826 [JavaFX Application Thread] DEBUG Input                - Registered new binding: Restart - CTRL+R
14:44:18.827 [JavaFX Application Thread] DEBUG LoopRunner           - Starting loop
14:44:18.837 [JavaFX Application Thread] DEBUG FXGLStartupScene     - STARTUP
14:44:18.839 [JavaFX Application Thread] DEBUG Input                - Clearing active input actions
14:44:18.853 [JavaFX Application Thread] DEBUG WindowService        - Removing overlay from FXGLStartupScene and adding to FXGLDefaultMenu
14:44:18.853 [JavaFX Application Thread] DEBUG MainWindow           - FXGLStartupScene -> FXGLDefaultMenu
14:44:19.547 [JavaFX Application Thread] DEBUG Menu                 - fireNewGame()
14:44:19.548 [JavaFX Application Thread] DEBUG WindowService        - Starting new game
14:44:19.548 [JavaFX Application Thread] DEBUG Input                - Clearing active input actions
14:44:19.554 [JavaFX Application Thread] DEBUG WindowService        - Removing overlay from FXGLDefaultMenu and adding to FXGLLoadingScene
14:44:19.554 [JavaFX Application Thread] DEBUG MainWindow           - FXGLDefaultMenu -> FXGLLoadingScene
14:44:19.554 [JavaFX Application Thread] DEBUG WindowService        - Clearing previous game
14:44:19.555 [JavaFX Application Thread] DEBUG GameScene            - Clearing game scene
14:44:19.555 [JavaFX Application Thread] DEBUG GameWorld            - Clearing game world
14:44:19.555 [JavaFX Application Thread] DEBUG PhysicsWorld         - Clearing physics world
14:44:19.556 [FXGL Background Thread 1 ] DEBUG GameApplication      - Initializing game
14:44:19.562 [FXGL Background Thread 1 ] DEBUG AssetLoaderService   - Loading from file system: /assets/music/soundtrack.wav
14:44:19.633 [FXGL Background Thread 1 ] DEBUG AudioPlayer          - Playing music com.almasb.fxgl.audio.Music@1723c0c7
14:44:19.634 [FXGL Background Thread 1 ] DEBUG AssetLoaderService   - Loading from file system: /assets/textures/Room.png
14:44:19.647 [FXGL Background Thread 1 ] DEBUG AssetLoaderService   - Loading from cache: /assets/textures/Room.png
14:44:19.647 [FXGL Background Thread 1 ] DEBUG AssetLoaderService   - Loading from file system: /assets/textures/EmptyMap.png
14:44:19.777 [FXGL Background Thread 1 ] DEBUG AssetLoaderService   - Loading from file system: /assets/textures/player.png
14:44:19.778 [FXGL Background Thread 1 ] DEBUG AssetLoaderService   - Loading from cache: /assets/textures/player.png
14:44:19.778 [FXGL Background Thread 1 ] DEBUG AssetLoaderService   - Loading from cache: /assets/textures/player.png
14:44:19.778 [FXGL Background Thread 1 ] DEBUG AssetLoaderService   - Loading from cache: /assets/textures/player.png
14:44:19.778 [FXGL Background Thread 1 ] DEBUG AssetLoaderService   - Loading from cache: /assets/textures/player.png
14:44:19.778 [FXGL Background Thread 1 ] DEBUG AssetLoaderService   - Loading from cache: /assets/textures/player.png
14:44:19.779 [FXGL Background Thread 1 ] DEBUG AssetLoaderService   - Loading from file system: /assets/textures/bbox.png
14:44:19.782 [FXGL Background Thread 1 ] DEBUG AssetLoaderService   - Loading from file system: /assets/textures/froggysprite.png
14:44:19.782 [FXGL Background Thread 1 ] DEBUG AssetLoaderService   - Loading from cache: /assets/textures/froggysprite.png
14:44:19.783 [FXGL Background Thread 1 ] DEBUG AssetLoaderService   - Loading from cache: /assets/textures/froggysprite.png
14:44:19.783 [FXGL Background Thread 1 ] DEBUG AssetLoaderService   - Loading from cache: /assets/textures/bbox.png
14:44:19.784 [FXGL Background Thread 1 ] DEBUG AssetLoaderService   - Loading from file system: /assets/textures/bush.png
14:44:19.784 [FXGL Background Thread 1 ] DEBUG AssetLoaderService   - Loading from cache: /assets/textures/bush.png
14:44:19.785 [FXGL Background Thread 1 ] DEBUG AssetLoaderService   - Loading from file system: /assets/textures/rock.png
14:44:19.786 [FXGL Background Thread 1 ] DEBUG AssetLoaderService   - Loading from cache: /assets/textures/rock.png
14:44:19.786 [FXGL Background Thread 1 ] DEBUG AssetLoaderService   - Loading from file system: /assets/textures/tree.png
14:44:19.787 [FXGL Background Thread 1 ] DEBUG AssetLoaderService   - Loading from cache: /assets/textures/bush.png
14:44:19.787 [FXGL Background Thread 1 ] DEBUG AssetLoaderService   - Loading from cache: /assets/textures/tree.png
14:44:19.788 [FXGL Background Thread 1 ] DEBUG AssetLoaderService   - Loading from cache: /assets/textures/bush.png
14:44:19.788 [FXGL Background Thread 1 ] DEBUG AssetLoaderService   - Loading from file system: /assets/textures/appletree.png
14:44:19.789 [FXGL Background Thread 1 ] DEBUG AssetLoaderService   - Loading from cache: /assets/textures/bush.png
14:44:19.790 [FXGL Background Thread 1 ] DEBUG AssetLoaderService   - Loading from cache: /assets/textures/tree.png
14:44:19.791 [FXGL Background Thread 1 ] DEBUG AssetLoaderService   - Loading from cache: /assets/textures/bush.png
14:44:19.791 [FXGL Background Thread 1 ] DEBUG AssetLoaderService   - Loading from cache: /assets/textures/appletree.png
14:44:19.792 [FXGL Background Thread 1 ] DEBUG AssetLoaderService   - Loading from cache: /assets/textures/bush.png
14:44:19.792 [FXGL Background Thread 1 ] DEBUG AssetLoaderService   - Loading from cache: /assets/textures/appletree.png
14:44:19.793 [FXGL Background Thread 1 ] DEBUG AssetLoaderService   - Loading from cache: /assets/textures/bush.png
14:44:19.793 [FXGL Background Thread 1 ] DEBUG AssetLoaderService   - Loading from cache: /assets/textures/tree.png
14:44:19.793 [FXGL Background Thread 1 ] DEBUG AssetLoaderService   - Loading from cache: /assets/textures/bush.png
14:44:19.794 [FXGL Background Thread 1 ] DEBUG AssetLoaderService   - Loading from cache: /assets/textures/tree.png
14:44:19.794 [FXGL Background Thread 1 ] DEBUG AssetLoaderService   - Loading from cache: /assets/textures/bush.png
14:44:19.794 [FXGL Background Thread 1 ] DEBUG AssetLoaderService   - Loading from cache: /assets/textures/tree.png
14:44:19.795 [FXGL Background Thread 1 ] DEBUG AssetLoaderService   - Loading from cache: /assets/textures/bush.png
14:44:19.795 [FXGL Background Thread 1 ] DEBUG AssetLoaderService   - Loading from cache: /assets/textures/bush.png
14:44:19.795 [FXGL Background Thread 1 ] DEBUG AssetLoaderService   - Loading from cache: /assets/textures/tree.png
14:44:19.796 [FXGL Background Thread 1 ] DEBUG AssetLoaderService   - Loading from cache: /assets/textures/tree.png
14:44:19.796 [FXGL Background Thread 1 ] DEBUG AssetLoaderService   - Loading from cache: /assets/textures/tree.png
14:44:19.797 [FXGL Background Thread 1 ] DEBUG AssetLoaderService   - Loading from cache: /assets/textures/bush.png
14:44:19.797 [FXGL Background Thread 1 ] DEBUG AssetLoaderService   - Loading from cache: /assets/textures/tree.png
14:44:19.797 [FXGL Background Thread 1 ] DEBUG AssetLoaderService   - Loading from cache: /assets/textures/bush.png
14:44:19.798 [FXGL Background Thread 1 ] DEBUG AssetLoaderService   - Loading from cache: /assets/textures/appletree.png
14:44:19.798 [FXGL Background Thread 1 ] DEBUG AssetLoaderService   - Loading from cache: /assets/textures/bush.png
14:44:19.798 [FXGL Background Thread 1 ] DEBUG AssetLoaderService   - Loading from cache: /assets/textures/tree.png
14:44:19.799 [FXGL Background Thread 1 ] DEBUG AssetLoaderService   - Loading from cache: /assets/textures/bush.png
14:44:19.799 [FXGL Background Thread 1 ] DEBUG AssetLoaderService   - Loading from cache: /assets/textures/appletree.png
14:44:19.800 [FXGL Background Thread 1 ] DEBUG AssetLoaderService   - Loading from cache: /assets/textures/bush.png
14:44:19.800 [FXGL Background Thread 1 ] DEBUG AssetLoaderService   - Loading from cache: /assets/textures/appletree.png
14:44:19.800 [FXGL Background Thread 1 ] DEBUG AssetLoaderService   - Loading from cache: /assets/textures/appletree.png
14:44:19.801 [FXGL Background Thread 1 ] DEBUG AssetLoaderService   - Loading from cache: /assets/textures/appletree.png
14:44:19.801 [FXGL Background Thread 1 ] DEBUG AssetLoaderService   - Loading from cache: /assets/textures/appletree.png
14:44:19.801 [FXGL Background Thread 1 ] DEBUG AssetLoaderService   - Loading from cache: /assets/textures/appletree.png
14:44:19.801 [FXGL Background Thread 1 ] DEBUG AssetLoaderService   - Loading from cache: /assets/textures/tree.png
14:44:19.802 [FXGL Background Thread 1 ] DEBUG AssetLoaderService   - Loading from cache: /assets/textures/tree.png
14:44:19.802 [FXGL Background Thread 1 ] DEBUG AssetLoaderService   - Loading from cache: /assets/textures/appletree.png
14:44:19.802 [FXGL Background Thread 1 ] DEBUG AssetLoaderService   - Loading from cache: /assets/textures/bush.png
14:44:19.803 [FXGL Background Thread 1 ] DEBUG AssetLoaderService   - Loading from cache: /assets/textures/appletree.png
14:44:19.803 [FXGL Background Thread 1 ] DEBUG AssetLoaderService   - Loading from cache: /assets/textures/bush.png
14:44:19.803 [FXGL Background Thread 1 ] DEBUG AssetLoaderService   - Loading from cache: /assets/textures/rock.png
14:44:19.804 [FXGL Background Thread 1 ] DEBUG AssetLoaderService   - Loading from cache: /assets/textures/tree.png
14:44:19.804 [FXGL Background Thread 1 ] DEBUG AssetLoaderService   - Loading from cache: /assets/textures/rock.png
14:44:19.804 [FXGL Background Thread 1 ] DEBUG AssetLoaderService   - Loading from cache: /assets/textures/appletree.png
14:44:19.805 [FXGL Background Thread 1 ] DEBUG AssetLoaderService   - Loading from cache: /assets/textures/appletree.png
14:44:19.805 [FXGL Background Thread 1 ] DEBUG AssetLoaderService   - Loading from file system: /assets/textures/lighthouse.png
14:44:19.806 [FXGL Background Thread 1 ] DEBUG AssetLoaderService   - Loading from file system: /assets/textures/greenhouse.png
14:44:19.807 [FXGL Background Thread 1 ] DEBUG AssetLoaderService   - Loading from file system: /assets/textures/bluehouse.png
14:44:19.808 [FXGL Background Thread 1 ] DEBUG AssetLoaderService   - Loading from file system: /assets/textures/redhouse.png
14:44:19.809 [FXGL Background Thread 1 ] DEBUG AssetLoaderService   - Loading from cache: /assets/textures/redhouse.png
14:44:19.809 [FXGL Background Thread 1 ] DEBUG AssetLoaderService   - Loading from cache: /assets/textures/bluehouse.png
14:44:19.810 [FXGL Background Thread 1 ] DEBUG AssetLoaderService   - Loading from cache: /assets/textures/bluehouse.png
14:44:19.810 [FXGL Background Thread 1 ] DEBUG AssetLoaderService   - Loading from cache: /assets/textures/redhouse.png
14:44:19.810 [FXGL Background Thread 1 ] DEBUG AssetLoaderService   - Loading from cache: /assets/textures/bluehouse.png
14:44:19.811 [FXGL Background Thread 1 ] DEBUG AssetLoaderService   - Loading from cache: /assets/textures/redhouse.png
14:44:19.811 [FXGL Background Thread 1 ] DEBUG AssetLoaderService   - Loading from cache: /assets/textures/lighthouse.png
14:44:19.811 [FXGL Background Thread 1 ] DEBUG AssetLoaderService   - Loading from cache: /assets/textures/greenhouse.png
14:44:19.812 [FXGL Background Thread 1 ] INFO  GameApplication      - Game initialization took: 0.256 sec
14:44:19.824 [JavaFX Application Thread] DEBUG Input                - Clearing active input actions
14:44:19.841 [JavaFX Application Thread] DEBUG WindowService        - Removing overlay from FXGLLoadingScene and adding to GameScene
14:44:19.841 [JavaFX Application Thread] DEBUG MainWindow           - FXGLLoadingScene -> GameScene
14:44:21.661 [FXGL Background Thread 2 ] DEBUG Engine               - Logging environment variables
14:44:21.661 [FXGL Background Thread 2 ] DEBUG Engine               - achievements: []
14:44:21.661 [FXGL Background Thread 2 ] DEBUG Engine               - language: ObjectProperty [value: ENGLISH]
14:44:21.661 [FXGL Background Thread 2 ] DEBUG Engine               - isCloseConfirmation: false
14:44:21.661 [FXGL Background Thread 2 ] DEBUG Engine               - isProfilingEnabled: false
14:44:21.661 [FXGL Background Thread 2 ] DEBUG Engine               - soundNotification: core/notification.wav
14:44:21.661 [FXGL Background Thread 2 ] DEBUG Engine               - devShowBBoxProperty: BooleanProperty [value: false]
14:44:21.661 [FXGL Background Thread 2 ] DEBUG Engine               - pixelsPerMeter: 50.0
14:44:21.661 [FXGL Background Thread 2 ] DEBUG Engine               - appIcon: fxgl_icon.png
14:44:21.661 [FXGL Background Thread 2 ] DEBUG Engine               - soundMenuBack: menu/back.wav
14:44:21.661 [FXGL Background Thread 2 ] DEBUG Engine               - isFullScreenAllowed: false
14:44:21.661 [FXGL Background Thread 2 ] DEBUG Engine               - isIntroEnabled: false
14:44:21.661 [FXGL Background Thread 2 ] DEBUG Engine               - fontMono: lucida_console.ttf
14:44:21.662 [FXGL Background Thread 2 ] DEBUG Engine               - soundMenuSelect: menu/select.wav
14:44:21.662 [FXGL Background Thread 2 ] DEBUG Engine               - isWindows: true
14:44:21.662 [FXGL Background Thread 2 ] DEBUG Engine               - isMobile: false
14:44:21.662 [FXGL Background Thread 2 ] DEBUG Engine               - isUserProfileEnabled: false
14:44:21.662 [FXGL Background Thread 2 ] DEBUG Engine               - height: 640
14:44:21.662 [FXGL Background Thread 2 ] DEBUG Engine               - isExperimentalNative: false
14:44:21.662 [FXGL Background Thread 2 ] DEBUG Engine               - settings: Title: FriendMaker2077
Version: 0.1
Width: 640
Height: 640
Fullscreen: false
Intro: false
Menus: true
Profiling: false
Single step:false
App Mode: DEVELOPER
Menu Key: ESCAPE
Stage Style: DECORATED
Scene Factory: class ui.MenuFactory

14:44:21.662 [FXGL Background Thread 2 ] DEBUG Engine               - isSingleStep: false
14:44:21.662 [FXGL Background Thread 2 ] DEBUG Engine               - cSSList: [fxgl_dark.css]
14:44:21.662 [FXGL Background Thread 2 ] DEBUG Engine               - fontGame: Abel-Regular.ttf
14:44:21.662 [FXGL Background Thread 2 ] DEBUG Engine               - menuKey: ESCAPE
14:44:21.662 [FXGL Background Thread 2 ] DEBUG Engine               - devShowPositionProperty: BooleanProperty [value: false]
14:44:21.662 [FXGL Background Thread 2 ] DEBUG Engine               - versionCheckDays: 7
14:44:21.662 [FXGL Background Thread 2 ] DEBUG Engine               - configClass: Optional.empty
14:44:21.662 [FXGL Background Thread 2 ] DEBUG Engine               - isFullScreenFromStart: false
14:44:21.662 [FXGL Background Thread 2 ] DEBUG Engine               - version: 0.1
14:44:21.662 [FXGL Background Thread 2 ] DEBUG Engine               - fullScreen: BooleanProperty [value: false]
14:44:21.662 [FXGL Background Thread 2 ] DEBUG Engine               - randomSeed: -1
14:44:21.662 [FXGL Background Thread 2 ] DEBUG Engine               - gameDifficultyProperty: ObjectProperty [value: MEDIUM]
14:44:21.662 [FXGL Background Thread 2 ] DEBUG Engine               - applicationMode: DEVELOPER
14:44:21.663 [FXGL Background Thread 2 ] DEBUG Engine               - isMac: false
14:44:21.663 [FXGL Background Thread 2 ] DEBUG Engine               - isMenuEnabled: true
14:44:21.663 [FXGL Background Thread 2 ] DEBUG Engine               - urlPOM: https://raw.githubusercontent.com/AlmasB/FXGL/master/pom.xml
14:44:21.663 [FXGL Background Thread 2 ] DEBUG Engine               - profileName: StringProperty [value: DEFAULT]
14:44:21.663 [FXGL Background Thread 2 ] DEBUG Engine               - devSensorColorProperty: ObjectProperty [value: 0xffff00ff]
14:44:21.663 [FXGL Background Thread 2 ] DEBUG Engine               - notificationViewClass: class com.almasb.fxgl.notification.view.XboxNotificationView
14:44:21.663 [FXGL Background Thread 2 ] DEBUG Engine               - sceneFactory: ui.MenuFactory@46dfd0ec
14:44:21.663 [FXGL Background Thread 2 ] DEBUG Engine               - stageStyle: DECORATED
14:44:21.663 [FXGL Background Thread 2 ] DEBUG Engine               - isManualResizeEnabled: false
14:44:21.663 [FXGL Background Thread 2 ] DEBUG Engine               - title: FriendMaker2077
14:44:21.663 [FXGL Background Thread 2 ] DEBUG Engine               - platform: WINDOWS
14:44:21.663 [FXGL Background Thread 2 ] DEBUG Engine               - devBBoxColorProperty: ObjectProperty [value: 0xff0000ff]
14:44:21.663 [FXGL Background Thread 2 ] DEBUG Engine               - gameDifficulty: MEDIUM
14:44:21.664 [FXGL Background Thread 2 ] DEBUG Engine               - isDesktop: true
14:44:21.664 [FXGL Background Thread 2 ] DEBUG Engine               - supportedLanguages: [ENGLISH, FRENCH, GERMAN, HUNGARIAN, RUSSIAN]
14:44:21.664 [FXGL Background Thread 2 ] DEBUG Engine               - credits: []
14:44:21.664 [FXGL Background Thread 2 ] DEBUG Engine               - globalMusicVolumeProperty: DoubleProperty [value: 0.5]
14:44:21.664 [FXGL Background Thread 2 ] DEBUG Engine               - isPreserveResizeRatio: false
14:44:21.664 [FXGL Background Thread 2 ] DEBUG Engine               - fontText: Courier-Prime.ttf
14:44:21.664 [FXGL Background Thread 2 ] DEBUG Engine               - isExperimentalTiledLargeMap: false
14:44:21.664 [FXGL Background Thread 2 ] DEBUG Engine               - secondsIn24h: 60
14:44:21.664 [FXGL Background Thread 2 ] DEBUG Engine               - runtimeInfo: RuntimeInfo(platform=WINDOWS, version=11.8, build=08.03.2020 09.25)
14:44:21.664 [FXGL Background Thread 2 ] DEBUG Engine               - isLinux: false
14:44:21.664 [FXGL Background Thread 2 ] DEBUG Engine               - soundMenuPress: menu/press.wav
14:44:21.664 [FXGL Background Thread 2 ] DEBUG Engine               - urlGithub: https://github.com/AlmasB/FXGL
14:44:21.664 [FXGL Background Thread 2 ] DEBUG Engine               - profileDir: profiles/
14:44:21.664 [FXGL Background Thread 2 ] DEBUG Engine               - isDeveloperMenuEnabled: false
14:44:21.664 [FXGL Background Thread 2 ] DEBUG Engine               - globalSoundVolumeProperty: DoubleProperty [value: 0.5]
14:44:21.664 [FXGL Background Thread 2 ] DEBUG Engine               - mainWindow: com.almasb.fxgl.app.MainWindow@42e05cef
14:44:21.664 [FXGL Background Thread 2 ] DEBUG Engine               - globalSoundVolume: 0.5
14:44:21.664 [FXGL Background Thread 2 ] DEBUG Engine               - isBrowser: false
14:44:21.664 [FXGL Background Thread 2 ] DEBUG Engine               - urlLeaderboard: http://fxgl-top.herokuapp.com/
14:44:21.665 [FXGL Background Thread 2 ] DEBUG Engine               - engineServices: [class com.almasb.fxgl.app.GameApplication$GameApplicationService, class com.almasb.fxgl.app.services.WindowService, class com.almasb.fxgl.app.services.FXGLDialogService, class com.almasb.fxgl.app.services.IOTaskExecutorService, class com.almasb.fxgl.event.EventBusService, class com.almasb.fxgl.io.FileSystemService, class com.almasb.fxgl.localization.LocalizationService, class com.almasb.fxgl.app.services.AssetLoaderService, class com.almasb.fxgl.app.services.SystemBundleService, class com.almasb.fxgl.profile.SaveLoadService, class com.almasb.fxgl.ui.FXGLUIFactoryServiceProvider, class com.almasb.fxgl.ui.FXGLDialogFactoryServiceProvider, class com.almasb.fxgl.audio.AudioPlayer, class com.almasb.fxgl.notification.impl.NotificationServiceProvider, class com.almasb.fxgl.achievement.AchievementService, class com.almasb.fxgl.cutscene.CutsceneService, class com.almasb.fxgl.minigames.MiniGameService, class com.almasb.fxgl.net.NetService, class com.almasb.fxgl.app.services.UpdaterService]
14:44:21.665 [FXGL Background Thread 2 ] DEBUG Engine               - globalMusicVolume: 0.5
14:44:21.665 [FXGL Background Thread 2 ] DEBUG Engine               - width: 640
14:44:21.665 [FXGL Background Thread 2 ] DEBUG Engine               - saveFileExt: sav
14:44:21.665 [FXGL Background Thread 2 ] DEBUG Engine               - isAndroid: false
14:44:21.665 [FXGL Background Thread 2 ] DEBUG Engine               - fontUI: VarelaRound-Regular.ttf
14:44:21.665 [FXGL Background Thread 2 ] DEBUG Engine               - enabledMenuItems: [SAVE_LOAD, EXTRA, ONLINE]
14:44:21.665 [FXGL Background Thread 2 ] DEBUG Engine               - isIOS: false
14:44:21.665 [FXGL Background Thread 2 ] DEBUG Engine               - Logging services
14:44:21.665 [FXGL Background Thread 2 ] DEBUG Engine               - class com.almasb.fxgl.app.GameApplication$GameApplicationService
14:44:21.665 [FXGL Background Thread 2 ] DEBUG Engine               - class com.almasb.fxgl.app.services.WindowService
14:44:21.665 [FXGL Background Thread 2 ] DEBUG Engine               - class com.almasb.fxgl.app.services.FXGLDialogService
14:44:21.665 [FXGL Background Thread 2 ] DEBUG Engine               - class com.almasb.fxgl.app.services.IOTaskExecutorService
14:44:21.665 [FXGL Background Thread 2 ] DEBUG Engine               - class com.almasb.fxgl.event.EventBusService
14:44:21.665 [FXGL Background Thread 2 ] DEBUG Engine               - class com.almasb.fxgl.io.FileSystemService
14:44:21.665 [FXGL Background Thread 2 ] DEBUG Engine               - class com.almasb.fxgl.localization.LocalizationService
14:44:21.665 [FXGL Background Thread 2 ] DEBUG Engine               - class com.almasb.fxgl.app.services.AssetLoaderService
14:44:21.665 [FXGL Background Thread 2 ] DEBUG Engine               - class com.almasb.fxgl.app.services.SystemBundleService
14:44:21.665 [FXGL Background Thread 2 ] DEBUG Engine               - class com.almasb.fxgl.profile.SaveLoadService
14:44:21.665 [FXGL Background Thread 2 ] DEBUG Engine               - class com.almasb.fxgl.ui.FXGLUIFactoryServiceProvider
14:44:21.666 [FXGL Background Thread 2 ] DEBUG Engine               - class com.almasb.fxgl.ui.FXGLDialogFactoryServiceProvider
14:44:21.666 [FXGL Background Thread 2 ] DEBUG Engine               - class com.almasb.fxgl.audio.AudioPlayer
14:44:21.666 [FXGL Background Thread 2 ] DEBUG Engine               - class com.almasb.fxgl.notification.impl.NotificationServiceProvider
14:44:21.666 [FXGL Background Thread 2 ] DEBUG Engine               - class com.almasb.fxgl.achievement.AchievementService
14:44:21.666 [FXGL Background Thread 2 ] DEBUG Engine               - class com.almasb.fxgl.cutscene.CutsceneService
14:44:21.666 [FXGL Background Thread 2 ] DEBUG Engine               - class com.almasb.fxgl.minigames.MiniGameService
14:44:21.666 [FXGL Background Thread 2 ] DEBUG Engine               - class com.almasb.fxgl.net.NetService
14:44:21.666 [FXGL Background Thread 2 ] DEBUG Engine               - class com.almasb.fxgl.app.services.UpdaterService
14:44:24.193 [JavaFX Application Thread] DEBUG AssetLoaderService   - Loading from file system: /assets/sounds/move.wav
14:44:24.202 [JavaFX Application Thread] DEBUG Input                - Registered new binding: Next RPG Line - Enter
14:44:24.202 [JavaFX Application Thread] DEBUG MainWindow           - Push state: CutsceneScene
14:44:24.202 [JavaFX Application Thread] DEBUG Input                - Clearing active input actions
14:44:24.203 [JavaFX Application Thread] DEBUG WindowService        - Removing overlay from GameScene and adding to CutsceneScene
14:44:24.203 [JavaFX Application Thread] DEBUG MainWindow           - GameScene -> CutsceneScene
14:44:24.203 [JavaFX Application Thread] DEBUG AssetLoaderService   - Loading from file system: /assets/textures/battleMap.png
14:44:27.154 [JavaFX Application Thread] DEBUG MainWindow           - Pop state: CutsceneScene
14:44:27.154 [JavaFX Application Thread] DEBUG Input                - Clearing active input actions
14:44:27.154 [JavaFX Application Thread] DEBUG WindowService        - Removing overlay from CutsceneScene and adding to GameScene
14:44:27.154 [JavaFX Application Thread] DEBUG MainWindow           - GameScene <- CutsceneScene
14:44:41.187 [JavaFX Application Thread] DEBUG MainWindow           - Push state: CutsceneScene
14:44:41.187 [JavaFX Application Thread] DEBUG Input                - Clearing active input actions
14:44:41.187 [JavaFX Application Thread] DEBUG WindowService        - Removing overlay from GameScene and adding to CutsceneScene
14:44:41.187 [JavaFX Application Thread] DEBUG MainWindow           - GameScene -> CutsceneScene
14:44:48.338 [JavaFX Application Thread] DEBUG MainWindow           - Pop state: CutsceneScene
14:44:48.338 [JavaFX Application Thread] DEBUG Input                - Clearing active input actions
14:44:48.338 [JavaFX Application Thread] DEBUG WindowService        - Removing overlay from CutsceneScene and adding to GameScene
14:44:48.338 [JavaFX Application Thread] DEBUG MainWindow           - GameScene <- CutsceneScene
14:44:50.286 [JavaFX Application Thread] DEBUG GameApplication      - Exiting FXGL
14:44:50.286 [JavaFX Application Thread] DEBUG LoopRunner           - Stopping loop
14:44:50.286 [JavaFX Application Thread] DEBUG SystemBundleService  - Saving FXGL system data
14:44:50.287 [JavaFX Application Thread] DEBUG FileSystemAccess     - Writing to: C:\Users\otinn\git\FriendMaker2077-07-03\Project\system\fxgl.bundle
14:44:50.288 [JavaFX Application Thread] DEBUG GameApplication      - Shutting down background threads
14:44:50.288 [JavaFX Application Thread] DEBUG GameApplication      - Closing logger and exiting JavaFX
