12:31:48.930 [JavaFX Application Thread] DEBUG GameApplication      - Logger initialized
12:31:48.937 [JavaFX Application Thread] DEBUG GameApplication      - Logging settings
Title: Basic Game App
Version: 0.1
Width: 640
Height: 640
Fullscreen: false
Intro: false
Menus: false
Profiling: false
Single step:false
App Mode: DEVELOPER
Menu Key: ESCAPE
Stage Style: DECORATED
Scene Factory: class com.almasb.fxgl.scene.SceneFactory
Dialog Factory: class com.almasb.fxgl.ui.FXGLDialogFactory
UI Factory: class com.almasb.fxgl.ui.FXGLUIFactory
Notification Service: class com.almasb.fxgl.gameplay.notification.XboxNotificationView
Exception Handler: class com.almasb.fxgl.app.FXGLExceptionHandler
12:31:48.938 [JavaFX Application Thread] DEBUG GameApplication      - Starting FXGL
12:31:48.945 [JavaFX Application Thread] INFO  FXGL                 - FXGL-0.5.4 on DESKTOP
12:31:48.945 [JavaFX Application Thread] INFO  FXGL                 - Source code and latest versions at: https://github.com/AlmasB/FXGL
12:31:48.945 [JavaFX Application Thread] INFO  FXGL                 -              Join the FXGL chat at: https://gitter.im/AlmasB/FXGL
12:31:48.945 [JavaFX Application Thread] DEBUG FXGL                 - FXGL started
12:31:48.945 [JavaFX Application Thread] DEBUG FXGL                 - Initializing FXGL
12:31:48.976 [JavaFX Application Thread] DEBUG AssetLoader          - Loading from disk: /assets/ui/cursors/fxgl_default.png
12:31:49.006 [JavaFX Application Thread] DEBUG AssetLoader          - Loading from disk: /assets/ui/fonts/VarelaRound-Regular.ttf
12:31:49.133 [JavaFX Application Thread] DEBUG MainWindow           - Creating a JavaFX scene
12:31:49.156 [JavaFX Application Thread] DEBUG MainWindow           - Target settings size: 640.0 x 640.0
12:31:49.157 [JavaFX Application Thread] DEBUG MainWindow           - Scaled scene size:    640.0 x 640.0
12:31:49.157 [JavaFX Application Thread] DEBUG MainWindow           - Scaled ratio: (1.0, 1.0)
12:31:49.158 [JavaFX Application Thread] DEBUG AssetLoader          - Loading from disk: /assets/ui/css/fxgl_dark.css
12:31:49.160 [JavaFX Application Thread] DEBUG AssetLoader          - Loading from disk: /assets/textures/fxgl_icon.png
12:31:49.174 [JavaFX Application Thread] DEBUG MainWindow           - Opening main window
12:31:49.260 [JavaFX Application Thread] DEBUG MainWindow           - Window border size: (16.0, 39.0)
12:31:49.260 [JavaFX Application Thread] DEBUG MainWindow           - Scaled size: 640.0 x 640.0
12:31:49.260 [JavaFX Application Thread] DEBUG MainWindow           - Scaled ratio: (1.0, 1.0)
12:31:49.260 [JavaFX Application Thread] DEBUG MainWindow           - Scene size: 640.0 x 640.0
12:31:49.261 [JavaFX Application Thread] DEBUG MainWindow           - Stage size: 656.0 x 679.0
12:31:49.276 [ForkJoinPool.commonPool-worker-19] DEBUG FS                   - Loaded DesktopFSService
12:31:49.277 [ForkJoinPool.commonPool-worker-19] DEBUG FXGL                 - Loading FXGL system data
12:31:49.281 [ForkJoinPool.commonPool-worker-19] DEBUG DesktopFSService     - Reading from: system\fxgl.bundle
12:31:49.288 [ForkJoinPool.commonPool-worker-19] DEBUG Bundle               - Logging bundle: FXGL
12:31:49.288 [ForkJoinPool.commonPool-worker-19] DEBUG Bundle               - FXGL.offline.timer.version.check=2020-03-04T20:18:36.122706300
12:31:49.289 [ForkJoinPool.commonPool-worker-19] DEBUG FXGL                 - Initializing state machine and application states
12:31:49.290 [ForkJoinPool.commonPool-worker-19] DEBUG AssetLoader          - Loading from disk: /assets/ui/cursors/fxgl_default.png
12:31:49.295 [ForkJoinPool.commonPool-worker-19] DEBUG AssetLoader          - Loading from disk: /assets/ui/cursors/fxgl_default.png
12:31:49.300 [ForkJoinPool.commonPool-worker-19] DEBUG AssetLoader          - Loading from cache: /assets/ui/fonts/VarelaRound-Regular.ttf
12:31:49.301 [ForkJoinPool.commonPool-worker-19] DEBUG AssetLoader          - Loading from disk: /assets/ui/cursors/fxgl_default.png
12:31:49.303 [ForkJoinPool.commonPool-worker-19] DEBUG GameScene            - Game scene initialized: 640x640
12:31:49.306 [ForkJoinPool.commonPool-worker-19] DEBUG GameWorld            - Game world initialized
12:31:49.329 [ForkJoinPool.commonPool-worker-19] DEBUG PhysicsWorld         - Physics world initialized: appHeight=640, physics.ppm=50.0
12:31:49.339 [ForkJoinPool.commonPool-worker-19] DEBUG Input                - Registered new binding: Pause - Esc
12:31:49.361 [JavaFX Application Thread] DEBUG FXGL                 - Running preInit()
12:31:49.362 [JavaFX Application Thread] DEBUG Input                - Registered new binding: Screenshot - P
12:31:49.363 [JavaFX Application Thread] DEBUG Input                - Registered new binding: Dev Options - CTRL+0
12:31:49.363 [JavaFX Application Thread] DEBUG Input                - Registered new binding: System info dump - CTRL+9
12:31:49.363 [JavaFX Application Thread] DEBUG Input                - Registered new binding: Restart - CTRL+R
12:31:49.363 [JavaFX Application Thread] DEBUG Input                - Registered new binding: Move Right - D
12:31:49.363 [JavaFX Application Thread] DEBUG Input                - Registered new binding: Move Left - A
12:31:49.364 [JavaFX Application Thread] DEBUG Input                - Registered new binding: Move Up - W
12:31:49.364 [JavaFX Application Thread] DEBUG Input                - Registered new binding: Move Down - S
12:31:49.364 [JavaFX Application Thread] DEBUG Input                - Registered new binding: Play Sound - F
12:31:49.364 [JavaFX Application Thread] INFO  FXGL                 - FXGL initialization took: 0.419 sec
12:31:49.364 [JavaFX Application Thread] DEBUG LoopRunner           - Starting loop
12:31:49.367 [JavaFX Application Thread] DEBUG StartupState         - STARTUP
12:31:49.367 [JavaFX Application Thread] DEBUG GameApplication      - Starting new game
12:31:49.367 [JavaFX Application Thread] DEBUG Input                - Clearing active input actions
12:31:49.368 [JavaFX Application Thread] DEBUG AssetLoader          - Loading from disk: /assets/ui/css/fxgl_dark.css
12:31:49.373 [JavaFX Application Thread] DEBUG AppStateMachine      - StartupState -> LoadingState
12:31:49.376 [FXGL Background Thread 1 ] DEBUG InitAppTask          - Clearing previous game
12:31:49.376 [FXGL Background Thread 1 ] DEBUG GameWorld            - Clearing game world
12:31:49.376 [FXGL Background Thread 1 ] DEBUG PhysicsWorld         - Clearing physics world
12:31:49.376 [FXGL Background Thread 1 ] DEBUG GameScene            - Clearing game scene
12:31:49.377 [FXGL Background Thread 1 ] DEBUG InitAppTask          - Initializing Game
12:31:49.388 [FXGL Background Thread 1 ] DEBUG AssetLoader          - Loading from disk: /assets/tmx/level1.tmx
12:31:49.402 [FXGL Background Thread 1 ] WARN  TMXParser            - TiledMap generated from 1.3.3. Supported version: 1.1.2. Some features may not be parsed fully.
12:31:49.410 [FXGL Background Thread 1 ] DEBUG GameWorld            - Clearing removable entities
12:31:49.411 [FXGL Background Thread 1 ] DEBUG GameWorld            - Setting level from map
12:31:49.421 [FXGL Background Thread 1 ] DEBUG AssetLoader          - Loading from disk: /assets/textures/SPRITESHEET.png
12:31:49.429 [FXGL Background Thread 1 ] DEBUG AssetLoader          - Loading from cache: /assets/textures/SPRITESHEET.png
12:31:49.429 [FXGL Background Thread 1 ] DEBUG AssetLoader          - Loading from cache: /assets/textures/SPRITESHEET.png
12:31:49.429 [FXGL Background Thread 1 ] DEBUG AssetLoader          - Loading from cache: /assets/textures/SPRITESHEET.png
12:31:49.429 [FXGL Background Thread 1 ] DEBUG AssetLoader          - Loading from cache: /assets/textures/SPRITESHEET.png
12:31:49.429 [FXGL Background Thread 1 ] DEBUG AssetLoader          - Loading from cache: /assets/textures/SPRITESHEET.png
12:31:49.429 [FXGL Background Thread 1 ] DEBUG AssetLoader          - Loading from cache: /assets/textures/SPRITESHEET.png
12:31:49.430 [FXGL Background Thread 1 ] DEBUG AssetLoader          - Loading from cache: /assets/textures/SPRITESHEET.png
12:31:49.430 [FXGL Background Thread 1 ] DEBUG AssetLoader          - Loading from cache: /assets/textures/SPRITESHEET.png
12:31:49.430 [FXGL Background Thread 1 ] DEBUG AssetLoader          - Loading from cache: /assets/textures/SPRITESHEET.png
12:31:49.430 [FXGL Background Thread 1 ] DEBUG AssetLoader          - Loading from cache: /assets/textures/SPRITESHEET.png
12:31:49.430 [FXGL Background Thread 1 ] DEBUG AssetLoader          - Loading from cache: /assets/textures/SPRITESHEET.png
12:31:49.430 [FXGL Background Thread 1 ] DEBUG AssetLoader          - Loading from cache: /assets/textures/SPRITESHEET.png
12:31:49.430 [FXGL Background Thread 1 ] DEBUG AssetLoader          - Loading from cache: /assets/textures/SPRITESHEET.png
12:31:49.430 [FXGL Background Thread 1 ] DEBUG AssetLoader          - Loading from cache: /assets/textures/SPRITESHEET.png
12:31:49.430 [FXGL Background Thread 1 ] DEBUG AssetLoader          - Loading from cache: /assets/textures/SPRITESHEET.png
12:31:49.431 [FXGL Background Thread 1 ] DEBUG AssetLoader          - Loading from cache: /assets/textures/SPRITESHEET.png
12:31:49.431 [FXGL Background Thread 1 ] DEBUG AssetLoader          - Loading from cache: /assets/textures/SPRITESHEET.png
12:31:49.431 [FXGL Background Thread 1 ] DEBUG AssetLoader          - Loading from cache: /assets/textures/SPRITESHEET.png
12:31:49.431 [FXGL Background Thread 1 ] DEBUG AssetLoader          - Loading from cache: /assets/textures/SPRITESHEET.png
12:31:49.431 [FXGL Background Thread 1 ] DEBUG AssetLoader          - Loading from cache: /assets/textures/SPRITESHEET.png
12:31:49.431 [FXGL Background Thread 1 ] DEBUG AssetLoader          - Loading from cache: /assets/textures/SPRITESHEET.png
12:31:49.431 [FXGL Background Thread 1 ] DEBUG AssetLoader          - Loading from cache: /assets/textures/SPRITESHEET.png
12:31:49.431 [FXGL Background Thread 1 ] DEBUG AssetLoader          - Loading from cache: /assets/textures/SPRITESHEET.png
12:31:49.431 [FXGL Background Thread 1 ] DEBUG AssetLoader          - Loading from cache: /assets/textures/SPRITESHEET.png
12:31:49.432 [FXGL Background Thread 1 ] DEBUG AssetLoader          - Loading from cache: /assets/textures/SPRITESHEET.png
12:31:49.432 [FXGL Background Thread 1 ] DEBUG AssetLoader          - Loading from cache: /assets/textures/SPRITESHEET.png
12:31:49.432 [FXGL Background Thread 1 ] DEBUG AssetLoader          - Loading from cache: /assets/textures/SPRITESHEET.png
12:31:49.432 [FXGL Background Thread 1 ] DEBUG AssetLoader          - Loading from cache: /assets/textures/SPRITESHEET.png
12:31:49.432 [FXGL Background Thread 1 ] DEBUG AssetLoader          - Loading from cache: /assets/textures/SPRITESHEET.png
12:31:49.432 [FXGL Background Thread 1 ] DEBUG AssetLoader          - Loading from cache: /assets/textures/SPRITESHEET.png
12:31:49.432 [FXGL Background Thread 1 ] DEBUG AssetLoader          - Loading from cache: /assets/textures/SPRITESHEET.png
12:31:49.432 [FXGL Background Thread 1 ] DEBUG AssetLoader          - Loading from cache: /assets/textures/SPRITESHEET.png
12:31:49.432 [FXGL Background Thread 1 ] DEBUG AssetLoader          - Loading from cache: /assets/textures/SPRITESHEET.png
12:31:49.432 [FXGL Background Thread 1 ] DEBUG AssetLoader          - Loading from cache: /assets/textures/SPRITESHEET.png
12:31:49.433 [FXGL Background Thread 1 ] DEBUG AssetLoader          - Loading from cache: /assets/textures/SPRITESHEET.png
12:31:49.433 [FXGL Background Thread 1 ] DEBUG AssetLoader          - Loading from cache: /assets/textures/SPRITESHEET.png
12:31:49.433 [FXGL Background Thread 1 ] DEBUG AssetLoader          - Loading from cache: /assets/textures/SPRITESHEET.png
12:31:49.433 [FXGL Background Thread 1 ] DEBUG AssetLoader          - Loading from cache: /assets/textures/SPRITESHEET.png
12:31:49.433 [FXGL Background Thread 1 ] DEBUG AssetLoader          - Loading from cache: /assets/textures/SPRITESHEET.png
12:31:49.433 [FXGL Background Thread 1 ] DEBUG AssetLoader          - Loading from cache: /assets/textures/SPRITESHEET.png
12:31:49.433 [FXGL Background Thread 1 ] DEBUG AssetLoader          - Loading from cache: /assets/textures/SPRITESHEET.png
12:31:49.433 [FXGL Background Thread 1 ] DEBUG AssetLoader          - Loading from cache: /assets/textures/SPRITESHEET.png
12:31:49.433 [FXGL Background Thread 1 ] DEBUG AssetLoader          - Loading from cache: /assets/textures/SPRITESHEET.png
12:31:49.433 [FXGL Background Thread 1 ] DEBUG AssetLoader          - Loading from cache: /assets/textures/SPRITESHEET.png
12:31:49.434 [FXGL Background Thread 1 ] DEBUG AssetLoader          - Loading from cache: /assets/textures/SPRITESHEET.png
12:31:49.434 [FXGL Background Thread 1 ] DEBUG AssetLoader          - Loading from cache: /assets/textures/SPRITESHEET.png
12:31:49.434 [FXGL Background Thread 1 ] DEBUG AssetLoader          - Loading from cache: /assets/textures/SPRITESHEET.png
12:31:49.434 [FXGL Background Thread 1 ] DEBUG AssetLoader          - Loading from cache: /assets/textures/SPRITESHEET.png
12:31:49.434 [FXGL Background Thread 1 ] DEBUG AssetLoader          - Loading from cache: /assets/textures/SPRITESHEET.png
12:31:49.434 [FXGL Background Thread 1 ] DEBUG AssetLoader          - Loading from cache: /assets/textures/SPRITESHEET.png
12:31:49.434 [FXGL Background Thread 1 ] DEBUG AssetLoader          - Loading from cache: /assets/textures/SPRITESHEET.png
12:31:49.434 [FXGL Background Thread 1 ] DEBUG AssetLoader          - Loading from cache: /assets/textures/SPRITESHEET.png
12:31:49.434 [FXGL Background Thread 1 ] DEBUG AssetLoader          - Loading from cache: /assets/textures/SPRITESHEET.png
12:31:49.434 [FXGL Background Thread 1 ] DEBUG AssetLoader          - Loading from cache: /assets/textures/SPRITESHEET.png
12:31:49.435 [FXGL Background Thread 1 ] DEBUG AssetLoader          - Loading from cache: /assets/textures/SPRITESHEET.png
12:31:49.435 [FXGL Background Thread 1 ] DEBUG AssetLoader          - Loading from cache: /assets/textures/SPRITESHEET.png
12:31:49.435 [FXGL Background Thread 1 ] DEBUG AssetLoader          - Loading from cache: /assets/textures/SPRITESHEET.png
12:31:49.435 [FXGL Background Thread 1 ] DEBUG AssetLoader          - Loading from cache: /assets/textures/SPRITESHEET.png
12:31:49.435 [FXGL Background Thread 1 ] DEBUG AssetLoader          - Loading from cache: /assets/textures/SPRITESHEET.png
12:31:49.435 [FXGL Background Thread 1 ] DEBUG AssetLoader          - Loading from cache: /assets/textures/SPRITESHEET.png
12:31:49.435 [FXGL Background Thread 1 ] DEBUG AssetLoader          - Loading from cache: /assets/textures/SPRITESHEET.png
12:31:49.435 [FXGL Background Thread 1 ] DEBUG AssetLoader          - Loading from cache: /assets/textures/SPRITESHEET.png
12:31:49.435 [FXGL Background Thread 1 ] DEBUG AssetLoader          - Loading from cache: /assets/textures/SPRITESHEET.png
12:31:49.435 [FXGL Background Thread 1 ] DEBUG AssetLoader          - Loading from cache: /assets/textures/SPRITESHEET.png
12:31:49.435 [FXGL Background Thread 1 ] DEBUG AssetLoader          - Loading from cache: /assets/textures/SPRITESHEET.png
12:31:49.436 [FXGL Background Thread 1 ] DEBUG AssetLoader          - Loading from cache: /assets/textures/SPRITESHEET.png
12:31:49.436 [FXGL Background Thread 1 ] DEBUG AssetLoader          - Loading from cache: /assets/textures/SPRITESHEET.png
12:31:49.436 [FXGL Background Thread 1 ] DEBUG AssetLoader          - Loading from cache: /assets/textures/SPRITESHEET.png
12:31:49.436 [FXGL Background Thread 1 ] DEBUG AssetLoader          - Loading from cache: /assets/textures/SPRITESHEET.png
12:31:49.436 [FXGL Background Thread 1 ] DEBUG AssetLoader          - Loading from cache: /assets/textures/SPRITESHEET.png
12:31:49.436 [FXGL Background Thread 1 ] DEBUG AssetLoader          - Loading from cache: /assets/textures/SPRITESHEET.png
12:31:49.436 [FXGL Background Thread 1 ] DEBUG AssetLoader          - Loading from cache: /assets/textures/SPRITESHEET.png
12:31:49.436 [FXGL Background Thread 1 ] DEBUG AssetLoader          - Loading from cache: /assets/textures/SPRITESHEET.png
12:31:49.436 [FXGL Background Thread 1 ] DEBUG AssetLoader          - Loading from cache: /assets/textures/SPRITESHEET.png
12:31:49.436 [FXGL Background Thread 1 ] DEBUG AssetLoader          - Loading from cache: /assets/textures/SPRITESHEET.png
12:31:49.437 [FXGL Background Thread 1 ] DEBUG AssetLoader          - Loading from cache: /assets/textures/SPRITESHEET.png
12:31:49.437 [FXGL Background Thread 1 ] DEBUG AssetLoader          - Loading from cache: /assets/textures/SPRITESHEET.png
12:31:49.437 [FXGL Background Thread 1 ] DEBUG AssetLoader          - Loading from cache: /assets/textures/SPRITESHEET.png
12:31:49.437 [FXGL Background Thread 1 ] DEBUG AssetLoader          - Loading from cache: /assets/textures/SPRITESHEET.png
12:31:49.437 [FXGL Background Thread 1 ] DEBUG AssetLoader          - Loading from cache: /assets/textures/SPRITESHEET.png
12:31:49.437 [FXGL Background Thread 1 ] DEBUG AssetLoader          - Loading from cache: /assets/textures/SPRITESHEET.png
12:31:49.437 [FXGL Background Thread 1 ] DEBUG AssetLoader          - Loading from cache: /assets/textures/SPRITESHEET.png
12:31:49.437 [FXGL Background Thread 1 ] DEBUG AssetLoader          - Loading from cache: /assets/textures/SPRITESHEET.png
12:31:49.437 [FXGL Background Thread 1 ] DEBUG AssetLoader          - Loading from cache: /assets/textures/SPRITESHEET.png
12:31:49.437 [FXGL Background Thread 1 ] DEBUG AssetLoader          - Loading from cache: /assets/textures/SPRITESHEET.png
12:31:49.437 [FXGL Background Thread 1 ] DEBUG AssetLoader          - Loading from cache: /assets/textures/SPRITESHEET.png
12:31:49.438 [FXGL Background Thread 1 ] DEBUG AssetLoader          - Loading from cache: /assets/textures/SPRITESHEET.png
12:31:49.438 [FXGL Background Thread 1 ] DEBUG AssetLoader          - Loading from cache: /assets/textures/SPRITESHEET.png
12:31:49.438 [FXGL Background Thread 1 ] DEBUG AssetLoader          - Loading from cache: /assets/textures/SPRITESHEET.png
12:31:49.438 [FXGL Background Thread 1 ] DEBUG AssetLoader          - Loading from cache: /assets/textures/SPRITESHEET.png
12:31:49.438 [FXGL Background Thread 1 ] DEBUG AssetLoader          - Loading from cache: /assets/textures/SPRITESHEET.png
12:31:49.438 [FXGL Background Thread 1 ] DEBUG AssetLoader          - Loading from cache: /assets/textures/SPRITESHEET.png
12:31:49.438 [FXGL Background Thread 1 ] DEBUG AssetLoader          - Loading from cache: /assets/textures/SPRITESHEET.png
12:31:49.438 [FXGL Background Thread 1 ] DEBUG AssetLoader          - Loading from cache: /assets/textures/SPRITESHEET.png
12:31:49.438 [FXGL Background Thread 1 ] DEBUG AssetLoader          - Loading from cache: /assets/textures/SPRITESHEET.png
12:31:49.438 [FXGL Background Thread 1 ] DEBUG AssetLoader          - Loading from cache: /assets/textures/SPRITESHEET.png
12:31:49.438 [FXGL Background Thread 1 ] DEBUG AssetLoader          - Loading from cache: /assets/textures/SPRITESHEET.png
12:31:49.439 [FXGL Background Thread 1 ] DEBUG AssetLoader          - Loading from cache: /assets/textures/SPRITESHEET.png
12:31:49.439 [FXGL Background Thread 1 ] DEBUG AssetLoader          - Loading from cache: /assets/textures/SPRITESHEET.png
12:31:49.439 [FXGL Background Thread 1 ] DEBUG AssetLoader          - Loading from cache: /assets/textures/SPRITESHEET.png
12:31:49.439 [FXGL Background Thread 1 ] DEBUG AssetLoader          - Loading from cache: /assets/textures/SPRITESHEET.png
12:31:49.439 [FXGL Background Thread 1 ] DEBUG AssetLoader          - Loading from cache: /assets/textures/SPRITESHEET.png
12:31:49.439 [FXGL Background Thread 1 ] DEBUG AssetLoader          - Loading from cache: /assets/textures/SPRITESHEET.png
12:31:49.439 [FXGL Background Thread 1 ] DEBUG AssetLoader          - Loading from cache: /assets/textures/SPRITESHEET.png
12:31:49.439 [FXGL Background Thread 1 ] DEBUG AssetLoader          - Loading from cache: /assets/textures/SPRITESHEET.png
12:31:49.439 [FXGL Background Thread 1 ] DEBUG AssetLoader          - Loading from cache: /assets/textures/SPRITESHEET.png
12:31:49.439 [FXGL Background Thread 1 ] DEBUG AssetLoader          - Loading from cache: /assets/textures/SPRITESHEET.png
12:31:49.439 [FXGL Background Thread 1 ] DEBUG AssetLoader          - Loading from cache: /assets/textures/SPRITESHEET.png
12:31:49.440 [FXGL Background Thread 1 ] DEBUG AssetLoader          - Loading from cache: /assets/textures/SPRITESHEET.png
12:31:49.440 [FXGL Background Thread 1 ] DEBUG AssetLoader          - Loading from cache: /assets/textures/SPRITESHEET.png
12:31:49.440 [FXGL Background Thread 1 ] DEBUG AssetLoader          - Loading from cache: /assets/textures/SPRITESHEET.png
12:31:49.440 [FXGL Background Thread 1 ] DEBUG AssetLoader          - Loading from cache: /assets/textures/SPRITESHEET.png
12:31:49.440 [FXGL Background Thread 1 ] DEBUG AssetLoader          - Loading from cache: /assets/textures/SPRITESHEET.png
12:31:49.440 [FXGL Background Thread 1 ] DEBUG AssetLoader          - Loading from cache: /assets/textures/SPRITESHEET.png
12:31:49.440 [FXGL Background Thread 1 ] DEBUG AssetLoader          - Loading from cache: /assets/textures/SPRITESHEET.png
12:31:49.440 [FXGL Background Thread 1 ] DEBUG AssetLoader          - Loading from cache: /assets/textures/SPRITESHEET.png
12:31:49.440 [FXGL Background Thread 1 ] DEBUG AssetLoader          - Loading from cache: /assets/textures/SPRITESHEET.png
12:31:49.440 [FXGL Background Thread 1 ] DEBUG AssetLoader          - Loading from cache: /assets/textures/SPRITESHEET.png
12:31:49.441 [FXGL Background Thread 1 ] DEBUG AssetLoader          - Loading from cache: /assets/textures/SPRITESHEET.png
12:31:49.441 [FXGL Background Thread 1 ] DEBUG AssetLoader          - Loading from cache: /assets/textures/SPRITESHEET.png
12:31:49.441 [FXGL Background Thread 1 ] DEBUG AssetLoader          - Loading from cache: /assets/textures/SPRITESHEET.png
12:31:49.441 [FXGL Background Thread 1 ] DEBUG AssetLoader          - Loading from cache: /assets/textures/SPRITESHEET.png
12:31:49.441 [FXGL Background Thread 1 ] DEBUG AssetLoader          - Loading from cache: /assets/textures/SPRITESHEET.png
12:31:49.441 [FXGL Background Thread 1 ] DEBUG AssetLoader          - Loading from cache: /assets/textures/SPRITESHEET.png
12:31:49.441 [FXGL Background Thread 1 ] DEBUG AssetLoader          - Loading from cache: /assets/textures/SPRITESHEET.png
12:31:49.441 [FXGL Background Thread 1 ] DEBUG AssetLoader          - Loading from cache: /assets/textures/SPRITESHEET.png
12:31:49.441 [FXGL Background Thread 1 ] DEBUG AssetLoader          - Loading from cache: /assets/textures/SPRITESHEET.png
12:31:49.441 [FXGL Background Thread 1 ] DEBUG AssetLoader          - Loading from cache: /assets/textures/SPRITESHEET.png
12:31:49.441 [FXGL Background Thread 1 ] DEBUG AssetLoader          - Loading from cache: /assets/textures/SPRITESHEET.png
12:31:49.442 [FXGL Background Thread 1 ] DEBUG AssetLoader          - Loading from cache: /assets/textures/SPRITESHEET.png
12:31:49.442 [FXGL Background Thread 1 ] DEBUG AssetLoader          - Loading from cache: /assets/textures/SPRITESHEET.png
12:31:49.442 [FXGL Background Thread 1 ] DEBUG AssetLoader          - Loading from cache: /assets/textures/SPRITESHEET.png
12:31:49.442 [FXGL Background Thread 1 ] DEBUG AssetLoader          - Loading from cache: /assets/textures/SPRITESHEET.png
12:31:49.442 [FXGL Background Thread 1 ] DEBUG AssetLoader          - Loading from cache: /assets/textures/SPRITESHEET.png
12:31:49.442 [FXGL Background Thread 1 ] DEBUG AssetLoader          - Loading from cache: /assets/textures/SPRITESHEET.png
12:31:49.442 [FXGL Background Thread 1 ] DEBUG AssetLoader          - Loading from cache: /assets/textures/SPRITESHEET.png
12:31:49.442 [FXGL Background Thread 1 ] DEBUG AssetLoader          - Loading from cache: /assets/textures/SPRITESHEET.png
12:31:49.442 [FXGL Background Thread 1 ] DEBUG AssetLoader          - Loading from cache: /assets/textures/SPRITESHEET.png
12:31:49.442 [FXGL Background Thread 1 ] DEBUG AssetLoader          - Loading from cache: /assets/textures/SPRITESHEET.png
12:31:49.442 [FXGL Background Thread 1 ] DEBUG AssetLoader          - Loading from cache: /assets/textures/SPRITESHEET.png
12:31:49.442 [FXGL Background Thread 1 ] DEBUG AssetLoader          - Loading from cache: /assets/textures/SPRITESHEET.png
12:31:49.442 [FXGL Background Thread 1 ] DEBUG AssetLoader          - Loading from cache: /assets/textures/SPRITESHEET.png
12:31:49.443 [FXGL Background Thread 1 ] DEBUG AssetLoader          - Loading from cache: /assets/textures/SPRITESHEET.png
12:31:49.443 [FXGL Background Thread 1 ] DEBUG AssetLoader          - Loading from cache: /assets/textures/SPRITESHEET.png
12:31:49.443 [FXGL Background Thread 1 ] DEBUG AssetLoader          - Loading from cache: /assets/textures/SPRITESHEET.png
12:31:49.443 [FXGL Background Thread 1 ] DEBUG AssetLoader          - Loading from cache: /assets/textures/SPRITESHEET.png
12:31:49.443 [FXGL Background Thread 1 ] DEBUG AssetLoader          - Loading from cache: /assets/textures/SPRITESHEET.png
12:31:49.443 [FXGL Background Thread 1 ] DEBUG AssetLoader          - Loading from cache: /assets/textures/SPRITESHEET.png
12:31:49.443 [FXGL Background Thread 1 ] DEBUG AssetLoader          - Loading from cache: /assets/textures/SPRITESHEET.png
12:31:49.443 [FXGL Background Thread 1 ] DEBUG AssetLoader          - Loading from cache: /assets/textures/SPRITESHEET.png
12:31:49.443 [FXGL Background Thread 1 ] DEBUG AssetLoader          - Loading from cache: /assets/textures/SPRITESHEET.png
12:31:49.443 [FXGL Background Thread 1 ] DEBUG AssetLoader          - Loading from cache: /assets/textures/SPRITESHEET.png
12:31:49.444 [FXGL Background Thread 1 ] DEBUG AssetLoader          - Loading from cache: /assets/textures/SPRITESHEET.png
12:31:49.444 [FXGL Background Thread 1 ] DEBUG AssetLoader          - Loading from cache: /assets/textures/SPRITESHEET.png
12:31:49.444 [FXGL Background Thread 1 ] DEBUG AssetLoader          - Loading from cache: /assets/textures/SPRITESHEET.png
12:31:49.444 [FXGL Background Thread 1 ] DEBUG AssetLoader          - Loading from cache: /assets/textures/SPRITESHEET.png
12:31:49.444 [FXGL Background Thread 1 ] DEBUG AssetLoader          - Loading from cache: /assets/textures/SPRITESHEET.png
12:31:49.444 [FXGL Background Thread 1 ] DEBUG AssetLoader          - Loading from cache: /assets/textures/SPRITESHEET.png
12:31:49.444 [FXGL Background Thread 1 ] DEBUG AssetLoader          - Loading from cache: /assets/textures/SPRITESHEET.png
12:31:49.444 [FXGL Background Thread 1 ] DEBUG AssetLoader          - Loading from cache: /assets/textures/SPRITESHEET.png
12:31:49.444 [FXGL Background Thread 1 ] DEBUG AssetLoader          - Loading from cache: /assets/textures/SPRITESHEET.png
12:31:49.444 [FXGL Background Thread 1 ] DEBUG AssetLoader          - Loading from cache: /assets/textures/SPRITESHEET.png
12:31:49.445 [FXGL Background Thread 1 ] DEBUG AssetLoader          - Loading from cache: /assets/textures/SPRITESHEET.png
12:31:49.445 [FXGL Background Thread 1 ] DEBUG AssetLoader          - Loading from cache: /assets/textures/SPRITESHEET.png
12:31:49.445 [FXGL Background Thread 1 ] DEBUG AssetLoader          - Loading from cache: /assets/textures/SPRITESHEET.png
12:31:49.445 [FXGL Background Thread 1 ] DEBUG AssetLoader          - Loading from cache: /assets/textures/SPRITESHEET.png
12:31:49.445 [FXGL Background Thread 1 ] DEBUG AssetLoader          - Loading from cache: /assets/textures/SPRITESHEET.png
12:31:49.445 [FXGL Background Thread 1 ] DEBUG AssetLoader          - Loading from cache: /assets/textures/SPRITESHEET.png
12:31:49.445 [FXGL Background Thread 1 ] DEBUG AssetLoader          - Loading from cache: /assets/textures/SPRITESHEET.png
12:31:49.445 [FXGL Background Thread 1 ] DEBUG AssetLoader          - Loading from cache: /assets/textures/SPRITESHEET.png
12:31:49.445 [FXGL Background Thread 1 ] DEBUG AssetLoader          - Loading from cache: /assets/textures/SPRITESHEET.png
12:31:49.445 [FXGL Background Thread 1 ] DEBUG AssetLoader          - Loading from cache: /assets/textures/SPRITESHEET.png
12:31:49.446 [FXGL Background Thread 1 ] DEBUG AssetLoader          - Loading from cache: /assets/textures/SPRITESHEET.png
12:31:49.446 [FXGL Background Thread 1 ] DEBUG AssetLoader          - Loading from cache: /assets/textures/SPRITESHEET.png
12:31:49.446 [FXGL Background Thread 1 ] DEBUG AssetLoader          - Loading from cache: /assets/textures/SPRITESHEET.png
12:31:49.446 [FXGL Background Thread 1 ] DEBUG AssetLoader          - Loading from cache: /assets/textures/SPRITESHEET.png
12:31:49.446 [FXGL Background Thread 1 ] DEBUG AssetLoader          - Loading from cache: /assets/textures/SPRITESHEET.png
12:31:49.446 [FXGL Background Thread 1 ] DEBUG AssetLoader          - Loading from cache: /assets/textures/SPRITESHEET.png
12:31:49.446 [FXGL Background Thread 1 ] DEBUG AssetLoader          - Loading from cache: /assets/textures/SPRITESHEET.png
12:31:49.446 [FXGL Background Thread 1 ] DEBUG AssetLoader          - Loading from cache: /assets/textures/SPRITESHEET.png
12:31:49.446 [FXGL Background Thread 1 ] DEBUG AssetLoader          - Loading from cache: /assets/textures/SPRITESHEET.png
12:31:49.446 [FXGL Background Thread 1 ] DEBUG AssetLoader          - Loading from cache: /assets/textures/SPRITESHEET.png
12:31:49.446 [FXGL Background Thread 1 ] DEBUG AssetLoader          - Loading from cache: /assets/textures/SPRITESHEET.png
12:31:49.447 [FXGL Background Thread 1 ] DEBUG AssetLoader          - Loading from cache: /assets/textures/SPRITESHEET.png
12:31:49.447 [FXGL Background Thread 1 ] DEBUG AssetLoader          - Loading from cache: /assets/textures/SPRITESHEET.png
12:31:49.447 [FXGL Background Thread 1 ] DEBUG AssetLoader          - Loading from cache: /assets/textures/SPRITESHEET.png
12:31:49.447 [FXGL Background Thread 1 ] DEBUG AssetLoader          - Loading from cache: /assets/textures/SPRITESHEET.png
12:31:49.447 [FXGL Background Thread 1 ] DEBUG AssetLoader          - Loading from cache: /assets/textures/SPRITESHEET.png
12:31:49.447 [FXGL Background Thread 1 ] DEBUG AssetLoader          - Loading from cache: /assets/textures/SPRITESHEET.png
12:31:49.447 [FXGL Background Thread 1 ] DEBUG AssetLoader          - Loading from cache: /assets/textures/SPRITESHEET.png
12:31:49.447 [FXGL Background Thread 1 ] DEBUG AssetLoader          - Loading from cache: /assets/textures/SPRITESHEET.png
12:31:49.447 [FXGL Background Thread 1 ] DEBUG AssetLoader          - Loading from cache: /assets/textures/SPRITESHEET.png
12:31:49.447 [FXGL Background Thread 1 ] DEBUG AssetLoader          - Loading from cache: /assets/textures/SPRITESHEET.png
12:31:49.448 [FXGL Background Thread 1 ] DEBUG AssetLoader          - Loading from cache: /assets/textures/SPRITESHEET.png
12:31:49.448 [FXGL Background Thread 1 ] DEBUG AssetLoader          - Loading from cache: /assets/textures/SPRITESHEET.png
12:31:49.448 [FXGL Background Thread 1 ] DEBUG AssetLoader          - Loading from cache: /assets/textures/SPRITESHEET.png
12:31:49.448 [FXGL Background Thread 1 ] DEBUG AssetLoader          - Loading from cache: /assets/textures/SPRITESHEET.png
12:31:49.448 [FXGL Background Thread 1 ] DEBUG AssetLoader          - Loading from cache: /assets/textures/SPRITESHEET.png
12:31:49.448 [FXGL Background Thread 1 ] DEBUG AssetLoader          - Loading from cache: /assets/textures/SPRITESHEET.png
12:31:49.448 [FXGL Background Thread 1 ] DEBUG AssetLoader          - Loading from cache: /assets/textures/SPRITESHEET.png
12:31:49.448 [FXGL Background Thread 1 ] DEBUG AssetLoader          - Loading from cache: /assets/textures/SPRITESHEET.png
12:31:49.448 [FXGL Background Thread 1 ] DEBUG AssetLoader          - Loading from cache: /assets/textures/SPRITESHEET.png
12:31:49.448 [FXGL Background Thread 1 ] DEBUG AssetLoader          - Loading from cache: /assets/textures/SPRITESHEET.png
12:31:49.448 [FXGL Background Thread 1 ] DEBUG AssetLoader          - Loading from cache: /assets/textures/SPRITESHEET.png
12:31:49.449 [FXGL Background Thread 1 ] DEBUG AssetLoader          - Loading from cache: /assets/textures/SPRITESHEET.png
12:31:49.449 [FXGL Background Thread 1 ] DEBUG AssetLoader          - Loading from cache: /assets/textures/SPRITESHEET.png
12:31:49.449 [FXGL Background Thread 1 ] DEBUG AssetLoader          - Loading from cache: /assets/textures/SPRITESHEET.png
12:31:49.449 [FXGL Background Thread 1 ] DEBUG AssetLoader          - Loading from cache: /assets/textures/SPRITESHEET.png
12:31:49.449 [FXGL Background Thread 1 ] DEBUG AssetLoader          - Loading from cache: /assets/textures/SPRITESHEET.png
12:31:49.449 [FXGL Background Thread 1 ] DEBUG AssetLoader          - Loading from cache: /assets/textures/SPRITESHEET.png
12:31:49.449 [FXGL Background Thread 1 ] DEBUG AssetLoader          - Loading from cache: /assets/textures/SPRITESHEET.png
12:31:49.449 [FXGL Background Thread 1 ] DEBUG AssetLoader          - Loading from cache: /assets/textures/SPRITESHEET.png
12:31:49.449 [FXGL Background Thread 1 ] DEBUG AssetLoader          - Loading from cache: /assets/textures/SPRITESHEET.png
12:31:49.449 [FXGL Background Thread 1 ] DEBUG AssetLoader          - Loading from cache: /assets/textures/SPRITESHEET.png
12:31:49.449 [FXGL Background Thread 1 ] DEBUG AssetLoader          - Loading from cache: /assets/textures/SPRITESHEET.png
12:31:49.450 [FXGL Background Thread 1 ] DEBUG AssetLoader          - Loading from cache: /assets/textures/SPRITESHEET.png
12:31:49.450 [FXGL Background Thread 1 ] DEBUG AssetLoader          - Loading from cache: /assets/textures/SPRITESHEET.png
12:31:49.450 [FXGL Background Thread 1 ] DEBUG AssetLoader          - Loading from cache: /assets/textures/SPRITESHEET.png
12:31:49.450 [FXGL Background Thread 1 ] DEBUG AssetLoader          - Loading from cache: /assets/textures/SPRITESHEET.png
12:31:49.450 [FXGL Background Thread 1 ] DEBUG AssetLoader          - Loading from cache: /assets/textures/SPRITESHEET.png
12:31:49.450 [FXGL Background Thread 1 ] DEBUG AssetLoader          - Loading from cache: /assets/textures/SPRITESHEET.png
12:31:49.450 [FXGL Background Thread 1 ] DEBUG AssetLoader          - Loading from cache: /assets/textures/SPRITESHEET.png
12:31:49.450 [FXGL Background Thread 1 ] DEBUG AssetLoader          - Loading from cache: /assets/textures/SPRITESHEET.png
12:31:49.450 [FXGL Background Thread 1 ] DEBUG AssetLoader          - Loading from cache: /assets/textures/SPRITESHEET.png
12:31:49.450 [FXGL Background Thread 1 ] DEBUG AssetLoader          - Loading from cache: /assets/textures/SPRITESHEET.png
12:31:49.450 [FXGL Background Thread 1 ] DEBUG AssetLoader          - Loading from cache: /assets/textures/SPRITESHEET.png
12:31:49.451 [FXGL Background Thread 1 ] DEBUG AssetLoader          - Loading from cache: /assets/textures/SPRITESHEET.png
12:31:49.451 [FXGL Background Thread 1 ] DEBUG AssetLoader          - Loading from cache: /assets/textures/SPRITESHEET.png
12:31:49.451 [FXGL Background Thread 1 ] DEBUG AssetLoader          - Loading from cache: /assets/textures/SPRITESHEET.png
12:31:49.451 [FXGL Background Thread 1 ] DEBUG AssetLoader          - Loading from cache: /assets/textures/SPRITESHEET.png
12:31:49.451 [FXGL Background Thread 1 ] DEBUG AssetLoader          - Loading from cache: /assets/textures/SPRITESHEET.png
12:31:49.451 [FXGL Background Thread 1 ] DEBUG AssetLoader          - Loading from cache: /assets/textures/SPRITESHEET.png
12:31:49.451 [FXGL Background Thread 1 ] DEBUG AssetLoader          - Loading from cache: /assets/textures/SPRITESHEET.png
12:31:49.451 [FXGL Background Thread 1 ] DEBUG AssetLoader          - Loading from cache: /assets/textures/SPRITESHEET.png
12:31:49.451 [FXGL Background Thread 1 ] DEBUG AssetLoader          - Loading from cache: /assets/textures/SPRITESHEET.png
12:31:49.451 [FXGL Background Thread 1 ] DEBUG AssetLoader          - Loading from cache: /assets/textures/SPRITESHEET.png
12:31:49.451 [FXGL Background Thread 1 ] DEBUG AssetLoader          - Loading from cache: /assets/textures/SPRITESHEET.png
12:31:49.452 [FXGL Background Thread 1 ] DEBUG AssetLoader          - Loading from cache: /assets/textures/SPRITESHEET.png
12:31:49.452 [FXGL Background Thread 1 ] DEBUG AssetLoader          - Loading from cache: /assets/textures/SPRITESHEET.png
12:31:49.452 [FXGL Background Thread 1 ] DEBUG AssetLoader          - Loading from cache: /assets/textures/SPRITESHEET.png
12:31:49.452 [FXGL Background Thread 1 ] DEBUG AssetLoader          - Loading from cache: /assets/textures/SPRITESHEET.png
12:31:49.452 [FXGL Background Thread 1 ] DEBUG AssetLoader          - Loading from cache: /assets/textures/SPRITESHEET.png
12:31:49.452 [FXGL Background Thread 1 ] DEBUG AssetLoader          - Loading from cache: /assets/textures/SPRITESHEET.png
12:31:49.452 [FXGL Background Thread 1 ] DEBUG AssetLoader          - Loading from cache: /assets/textures/SPRITESHEET.png
12:31:49.452 [FXGL Background Thread 1 ] DEBUG AssetLoader          - Loading from cache: /assets/textures/SPRITESHEET.png
12:31:49.452 [FXGL Background Thread 1 ] DEBUG AssetLoader          - Loading from cache: /assets/textures/SPRITESHEET.png
12:31:49.452 [FXGL Background Thread 1 ] DEBUG AssetLoader          - Loading from cache: /assets/textures/SPRITESHEET.png
12:31:49.452 [FXGL Background Thread 1 ] DEBUG AssetLoader          - Loading from cache: /assets/textures/SPRITESHEET.png
12:31:49.452 [FXGL Background Thread 1 ] DEBUG AssetLoader          - Loading from cache: /assets/textures/SPRITESHEET.png
12:31:49.452 [FXGL Background Thread 1 ] DEBUG AssetLoader          - Loading from cache: /assets/textures/SPRITESHEET.png
12:31:49.452 [FXGL Background Thread 1 ] DEBUG AssetLoader          - Loading from cache: /assets/textures/SPRITESHEET.png
12:31:49.453 [FXGL Background Thread 1 ] DEBUG AssetLoader          - Loading from cache: /assets/textures/SPRITESHEET.png
12:31:49.453 [FXGL Background Thread 1 ] DEBUG AssetLoader          - Loading from cache: /assets/textures/SPRITESHEET.png
12:31:49.453 [FXGL Background Thread 1 ] DEBUG AssetLoader          - Loading from cache: /assets/textures/SPRITESHEET.png
12:31:49.453 [FXGL Background Thread 1 ] DEBUG AssetLoader          - Loading from cache: /assets/textures/SPRITESHEET.png
12:31:49.453 [FXGL Background Thread 1 ] DEBUG AssetLoader          - Loading from cache: /assets/textures/SPRITESHEET.png
12:31:49.453 [FXGL Background Thread 1 ] DEBUG AssetLoader          - Loading from cache: /assets/textures/SPRITESHEET.png
12:31:49.453 [FXGL Background Thread 1 ] DEBUG AssetLoader          - Loading from cache: /assets/textures/SPRITESHEET.png
12:31:49.453 [FXGL Background Thread 1 ] DEBUG AssetLoader          - Loading from cache: /assets/textures/SPRITESHEET.png
12:31:49.453 [FXGL Background Thread 1 ] DEBUG AssetLoader          - Loading from cache: /assets/textures/SPRITESHEET.png
12:31:49.453 [FXGL Background Thread 1 ] DEBUG AssetLoader          - Loading from cache: /assets/textures/SPRITESHEET.png
12:31:49.453 [FXGL Background Thread 1 ] DEBUG AssetLoader          - Loading from cache: /assets/textures/SPRITESHEET.png
12:31:49.453 [FXGL Background Thread 1 ] DEBUG AssetLoader          - Loading from cache: /assets/textures/SPRITESHEET.png
12:31:49.453 [FXGL Background Thread 1 ] DEBUG AssetLoader          - Loading from cache: /assets/textures/SPRITESHEET.png
12:31:49.453 [FXGL Background Thread 1 ] DEBUG AssetLoader          - Loading from cache: /assets/textures/SPRITESHEET.png
12:31:49.454 [FXGL Background Thread 1 ] DEBUG AssetLoader          - Loading from cache: /assets/textures/SPRITESHEET.png
12:31:49.454 [FXGL Background Thread 1 ] DEBUG AssetLoader          - Loading from cache: /assets/textures/SPRITESHEET.png
12:31:49.454 [FXGL Background Thread 1 ] DEBUG AssetLoader          - Loading from cache: /assets/textures/SPRITESHEET.png
12:31:49.454 [FXGL Background Thread 1 ] DEBUG AssetLoader          - Loading from cache: /assets/textures/SPRITESHEET.png
12:31:49.454 [FXGL Background Thread 1 ] DEBUG AssetLoader          - Loading from cache: /assets/textures/SPRITESHEET.png
12:31:49.454 [FXGL Background Thread 1 ] DEBUG AssetLoader          - Loading from cache: /assets/textures/SPRITESHEET.png
12:31:49.454 [FXGL Background Thread 1 ] DEBUG AssetLoader          - Loading from cache: /assets/textures/SPRITESHEET.png
12:31:49.454 [FXGL Background Thread 1 ] DEBUG AssetLoader          - Loading from cache: /assets/textures/SPRITESHEET.png
12:31:49.454 [FXGL Background Thread 1 ] DEBUG AssetLoader          - Loading from cache: /assets/textures/SPRITESHEET.png
12:31:49.454 [FXGL Background Thread 1 ] DEBUG AssetLoader          - Loading from cache: /assets/textures/SPRITESHEET.png
12:31:49.454 [FXGL Background Thread 1 ] DEBUG AssetLoader          - Loading from cache: /assets/textures/SPRITESHEET.png
12:31:49.454 [FXGL Background Thread 1 ] DEBUG AssetLoader          - Loading from cache: /assets/textures/SPRITESHEET.png
12:31:49.454 [FXGL Background Thread 1 ] DEBUG AssetLoader          - Loading from cache: /assets/textures/SPRITESHEET.png
12:31:49.454 [FXGL Background Thread 1 ] DEBUG AssetLoader          - Loading from cache: /assets/textures/SPRITESHEET.png
12:31:49.454 [FXGL Background Thread 1 ] DEBUG AssetLoader          - Loading from cache: /assets/textures/SPRITESHEET.png
12:31:49.455 [FXGL Background Thread 1 ] DEBUG AssetLoader          - Loading from cache: /assets/textures/SPRITESHEET.png
12:31:49.455 [FXGL Background Thread 1 ] DEBUG AssetLoader          - Loading from cache: /assets/textures/SPRITESHEET.png
12:31:49.455 [FXGL Background Thread 1 ] DEBUG AssetLoader          - Loading from cache: /assets/textures/SPRITESHEET.png
12:31:49.455 [FXGL Background Thread 1 ] DEBUG AssetLoader          - Loading from cache: /assets/textures/SPRITESHEET.png
12:31:49.455 [FXGL Background Thread 1 ] DEBUG AssetLoader          - Loading from cache: /assets/textures/SPRITESHEET.png
12:31:49.455 [FXGL Background Thread 1 ] DEBUG AssetLoader          - Loading from cache: /assets/textures/SPRITESHEET.png
12:31:49.455 [FXGL Background Thread 1 ] DEBUG AssetLoader          - Loading from cache: /assets/textures/SPRITESHEET.png
12:31:49.455 [FXGL Background Thread 1 ] DEBUG AssetLoader          - Loading from cache: /assets/textures/SPRITESHEET.png
12:31:49.455 [FXGL Background Thread 1 ] DEBUG AssetLoader          - Loading from cache: /assets/textures/SPRITESHEET.png
12:31:49.455 [FXGL Background Thread 1 ] DEBUG AssetLoader          - Loading from cache: /assets/textures/SPRITESHEET.png
12:31:49.455 [FXGL Background Thread 1 ] DEBUG AssetLoader          - Loading from cache: /assets/textures/SPRITESHEET.png
12:31:49.455 [FXGL Background Thread 1 ] DEBUG AssetLoader          - Loading from cache: /assets/textures/SPRITESHEET.png
12:31:49.455 [FXGL Background Thread 1 ] DEBUG AssetLoader          - Loading from cache: /assets/textures/SPRITESHEET.png
12:31:49.455 [FXGL Background Thread 1 ] DEBUG AssetLoader          - Loading from cache: /assets/textures/SPRITESHEET.png
12:31:49.455 [FXGL Background Thread 1 ] DEBUG AssetLoader          - Loading from cache: /assets/textures/SPRITESHEET.png
12:31:49.456 [FXGL Background Thread 1 ] DEBUG AssetLoader          - Loading from cache: /assets/textures/SPRITESHEET.png
12:31:49.456 [FXGL Background Thread 1 ] DEBUG AssetLoader          - Loading from cache: /assets/textures/SPRITESHEET.png
12:31:49.456 [FXGL Background Thread 1 ] DEBUG AssetLoader          - Loading from cache: /assets/textures/SPRITESHEET.png
12:31:49.456 [FXGL Background Thread 1 ] DEBUG AssetLoader          - Loading from cache: /assets/textures/SPRITESHEET.png
12:31:49.456 [FXGL Background Thread 1 ] DEBUG AssetLoader          - Loading from cache: /assets/textures/SPRITESHEET.png
12:31:49.456 [FXGL Background Thread 1 ] DEBUG AssetLoader          - Loading from cache: /assets/textures/SPRITESHEET.png
12:31:49.456 [FXGL Background Thread 1 ] DEBUG AssetLoader          - Loading from cache: /assets/textures/SPRITESHEET.png
12:31:49.456 [FXGL Background Thread 1 ] DEBUG AssetLoader          - Loading from cache: /assets/textures/SPRITESHEET.png
12:31:49.456 [FXGL Background Thread 1 ] DEBUG AssetLoader          - Loading from cache: /assets/textures/SPRITESHEET.png
12:31:49.456 [FXGL Background Thread 1 ] DEBUG AssetLoader          - Loading from cache: /assets/textures/SPRITESHEET.png
12:31:49.456 [FXGL Background Thread 1 ] DEBUG AssetLoader          - Loading from cache: /assets/textures/SPRITESHEET.png
12:31:49.456 [FXGL Background Thread 1 ] DEBUG AssetLoader          - Loading from cache: /assets/textures/SPRITESHEET.png
12:31:49.456 [FXGL Background Thread 1 ] DEBUG AssetLoader          - Loading from cache: /assets/textures/SPRITESHEET.png
12:31:49.456 [FXGL Background Thread 1 ] DEBUG AssetLoader          - Loading from cache: /assets/textures/SPRITESHEET.png
12:31:49.456 [FXGL Background Thread 1 ] DEBUG AssetLoader          - Loading from cache: /assets/textures/SPRITESHEET.png
12:31:49.456 [FXGL Background Thread 1 ] DEBUG AssetLoader          - Loading from cache: /assets/textures/SPRITESHEET.png
12:31:49.457 [FXGL Background Thread 1 ] DEBUG AssetLoader          - Loading from cache: /assets/textures/SPRITESHEET.png
12:31:49.457 [FXGL Background Thread 1 ] DEBUG AssetLoader          - Loading from cache: /assets/textures/SPRITESHEET.png
12:31:49.457 [FXGL Background Thread 1 ] DEBUG AssetLoader          - Loading from cache: /assets/textures/SPRITESHEET.png
12:31:49.457 [FXGL Background Thread 1 ] DEBUG AssetLoader          - Loading from cache: /assets/textures/SPRITESHEET.png
12:31:49.457 [FXGL Background Thread 1 ] DEBUG AssetLoader          - Loading from cache: /assets/textures/SPRITESHEET.png
12:31:49.457 [FXGL Background Thread 1 ] DEBUG AssetLoader          - Loading from cache: /assets/textures/SPRITESHEET.png
12:31:49.457 [FXGL Background Thread 1 ] DEBUG AssetLoader          - Loading from cache: /assets/textures/SPRITESHEET.png
12:31:49.457 [FXGL Background Thread 1 ] DEBUG AssetLoader          - Loading from cache: /assets/textures/SPRITESHEET.png
12:31:49.457 [FXGL Background Thread 1 ] DEBUG AssetLoader          - Loading from cache: /assets/textures/SPRITESHEET.png
12:31:49.457 [FXGL Background Thread 1 ] DEBUG AssetLoader          - Loading from cache: /assets/textures/SPRITESHEET.png
12:31:49.457 [FXGL Background Thread 1 ] DEBUG AssetLoader          - Loading from cache: /assets/textures/SPRITESHEET.png
12:31:49.457 [FXGL Background Thread 1 ] DEBUG AssetLoader          - Loading from cache: /assets/textures/SPRITESHEET.png
12:31:49.457 [FXGL Background Thread 1 ] DEBUG AssetLoader          - Loading from cache: /assets/textures/SPRITESHEET.png
12:31:49.457 [FXGL Background Thread 1 ] DEBUG AssetLoader          - Loading from cache: /assets/textures/SPRITESHEET.png
12:31:49.457 [FXGL Background Thread 1 ] DEBUG AssetLoader          - Loading from cache: /assets/textures/SPRITESHEET.png
12:31:49.457 [FXGL Background Thread 1 ] DEBUG AssetLoader          - Loading from cache: /assets/textures/SPRITESHEET.png
12:31:49.458 [FXGL Background Thread 1 ] DEBUG AssetLoader          - Loading from cache: /assets/textures/SPRITESHEET.png
12:31:49.458 [FXGL Background Thread 1 ] DEBUG AssetLoader          - Loading from cache: /assets/textures/SPRITESHEET.png
12:31:49.458 [FXGL Background Thread 1 ] DEBUG AssetLoader          - Loading from cache: /assets/textures/SPRITESHEET.png
12:31:49.458 [FXGL Background Thread 1 ] DEBUG AssetLoader          - Loading from cache: /assets/textures/SPRITESHEET.png
12:31:49.458 [FXGL Background Thread 1 ] DEBUG AssetLoader          - Loading from cache: /assets/textures/SPRITESHEET.png
12:31:49.458 [FXGL Background Thread 1 ] DEBUG AssetLoader          - Loading from cache: /assets/textures/SPRITESHEET.png
12:31:49.458 [FXGL Background Thread 1 ] DEBUG AssetLoader          - Loading from cache: /assets/textures/SPRITESHEET.png
12:31:49.458 [FXGL Background Thread 1 ] DEBUG AssetLoader          - Loading from cache: /assets/textures/SPRITESHEET.png
12:31:49.458 [FXGL Background Thread 1 ] DEBUG AssetLoader          - Loading from cache: /assets/textures/SPRITESHEET.png
12:31:49.458 [FXGL Background Thread 1 ] DEBUG AssetLoader          - Loading from cache: /assets/textures/SPRITESHEET.png
12:31:49.458 [FXGL Background Thread 1 ] DEBUG AssetLoader          - Loading from cache: /assets/textures/SPRITESHEET.png
12:31:49.458 [FXGL Background Thread 1 ] DEBUG AssetLoader          - Loading from cache: /assets/textures/SPRITESHEET.png
12:31:49.458 [FXGL Background Thread 1 ] DEBUG AssetLoader          - Loading from cache: /assets/textures/SPRITESHEET.png
12:31:49.458 [FXGL Background Thread 1 ] DEBUG AssetLoader          - Loading from cache: /assets/textures/SPRITESHEET.png
12:31:49.458 [FXGL Background Thread 1 ] DEBUG AssetLoader          - Loading from cache: /assets/textures/SPRITESHEET.png
12:31:49.458 [FXGL Background Thread 1 ] DEBUG AssetLoader          - Loading from cache: /assets/textures/SPRITESHEET.png
12:31:49.459 [FXGL Background Thread 1 ] DEBUG AssetLoader          - Loading from cache: /assets/textures/SPRITESHEET.png
12:31:49.459 [FXGL Background Thread 1 ] DEBUG AssetLoader          - Loading from cache: /assets/textures/SPRITESHEET.png
12:31:49.459 [FXGL Background Thread 1 ] DEBUG AssetLoader          - Loading from cache: /assets/textures/SPRITESHEET.png
12:31:49.459 [FXGL Background Thread 1 ] DEBUG AssetLoader          - Loading from cache: /assets/textures/SPRITESHEET.png
12:31:49.459 [FXGL Background Thread 1 ] DEBUG AssetLoader          - Loading from cache: /assets/textures/SPRITESHEET.png
12:31:49.459 [FXGL Background Thread 1 ] DEBUG AssetLoader          - Loading from cache: /assets/textures/SPRITESHEET.png
12:31:49.459 [FXGL Background Thread 1 ] DEBUG AssetLoader          - Loading from cache: /assets/textures/SPRITESHEET.png
12:31:49.459 [FXGL Background Thread 1 ] DEBUG AssetLoader          - Loading from cache: /assets/textures/SPRITESHEET.png
12:31:49.459 [FXGL Background Thread 1 ] DEBUG AssetLoader          - Loading from cache: /assets/textures/SPRITESHEET.png
12:31:49.459 [FXGL Background Thread 1 ] DEBUG AssetLoader          - Loading from cache: /assets/textures/SPRITESHEET.png
12:31:49.459 [FXGL Background Thread 1 ] DEBUG AssetLoader          - Loading from cache: /assets/textures/SPRITESHEET.png
12:31:49.459 [FXGL Background Thread 1 ] DEBUG AssetLoader          - Loading from cache: /assets/textures/SPRITESHEET.png
12:31:49.459 [FXGL Background Thread 1 ] DEBUG AssetLoader          - Loading from cache: /assets/textures/SPRITESHEET.png
12:31:49.459 [FXGL Background Thread 1 ] DEBUG AssetLoader          - Loading from cache: /assets/textures/SPRITESHEET.png
12:31:49.459 [FXGL Background Thread 1 ] DEBUG AssetLoader          - Loading from cache: /assets/textures/SPRITESHEET.png
12:31:49.459 [FXGL Background Thread 1 ] DEBUG AssetLoader          - Loading from cache: /assets/textures/SPRITESHEET.png
12:31:49.460 [FXGL Background Thread 1 ] DEBUG AssetLoader          - Loading from cache: /assets/textures/SPRITESHEET.png
12:31:49.460 [FXGL Background Thread 1 ] DEBUG AssetLoader          - Loading from cache: /assets/textures/SPRITESHEET.png
12:31:49.460 [FXGL Background Thread 1 ] DEBUG AssetLoader          - Loading from cache: /assets/textures/SPRITESHEET.png
12:31:49.460 [FXGL Background Thread 1 ] DEBUG AssetLoader          - Loading from cache: /assets/textures/SPRITESHEET.png
12:31:49.460 [FXGL Background Thread 1 ] DEBUG AssetLoader          - Loading from cache: /assets/textures/SPRITESHEET.png
12:31:49.460 [FXGL Background Thread 1 ] DEBUG AssetLoader          - Loading from cache: /assets/textures/SPRITESHEET.png
12:31:49.460 [FXGL Background Thread 1 ] DEBUG AssetLoader          - Loading from cache: /assets/textures/SPRITESHEET.png
12:31:49.460 [FXGL Background Thread 1 ] DEBUG AssetLoader          - Loading from cache: /assets/textures/SPRITESHEET.png
12:31:49.460 [FXGL Background Thread 1 ] DEBUG AssetLoader          - Loading from cache: /assets/textures/SPRITESHEET.png
12:31:49.460 [FXGL Background Thread 1 ] DEBUG AssetLoader          - Loading from cache: /assets/textures/SPRITESHEET.png
12:31:49.460 [FXGL Background Thread 1 ] DEBUG AssetLoader          - Loading from cache: /assets/textures/SPRITESHEET.png
12:31:49.460 [FXGL Background Thread 1 ] DEBUG AssetLoader          - Loading from cache: /assets/textures/SPRITESHEET.png
12:31:49.460 [FXGL Background Thread 1 ] DEBUG AssetLoader          - Loading from cache: /assets/textures/SPRITESHEET.png
12:31:49.460 [FXGL Background Thread 1 ] DEBUG AssetLoader          - Loading from cache: /assets/textures/SPRITESHEET.png
12:31:49.460 [FXGL Background Thread 1 ] DEBUG AssetLoader          - Loading from cache: /assets/textures/SPRITESHEET.png
12:31:49.460 [FXGL Background Thread 1 ] DEBUG AssetLoader          - Loading from cache: /assets/textures/SPRITESHEET.png
12:31:49.461 [FXGL Background Thread 1 ] DEBUG AssetLoader          - Loading from cache: /assets/textures/SPRITESHEET.png
12:31:49.461 [FXGL Background Thread 1 ] DEBUG AssetLoader          - Loading from cache: /assets/textures/SPRITESHEET.png
12:31:49.461 [FXGL Background Thread 1 ] DEBUG AssetLoader          - Loading from cache: /assets/textures/SPRITESHEET.png
12:31:49.461 [FXGL Background Thread 1 ] DEBUG AssetLoader          - Loading from cache: /assets/textures/SPRITESHEET.png
12:31:49.461 [FXGL Background Thread 1 ] DEBUG AssetLoader          - Loading from cache: /assets/textures/SPRITESHEET.png
12:31:49.461 [FXGL Background Thread 1 ] DEBUG AssetLoader          - Loading from cache: /assets/textures/SPRITESHEET.png
12:31:49.461 [FXGL Background Thread 1 ] DEBUG AssetLoader          - Loading from cache: /assets/textures/SPRITESHEET.png
12:31:49.461 [FXGL Background Thread 1 ] DEBUG AssetLoader          - Loading from cache: /assets/textures/SPRITESHEET.png
12:31:49.461 [FXGL Background Thread 1 ] DEBUG AssetLoader          - Loading from cache: /assets/textures/SPRITESHEET.png
12:31:49.461 [FXGL Background Thread 1 ] DEBUG AssetLoader          - Loading from cache: /assets/textures/SPRITESHEET.png
12:31:49.461 [FXGL Background Thread 1 ] DEBUG AssetLoader          - Loading from cache: /assets/textures/SPRITESHEET.png
12:31:49.461 [FXGL Background Thread 1 ] DEBUG AssetLoader          - Loading from cache: /assets/textures/SPRITESHEET.png
12:31:49.461 [FXGL Background Thread 1 ] DEBUG AssetLoader          - Loading from cache: /assets/textures/SPRITESHEET.png
12:31:49.461 [FXGL Background Thread 1 ] DEBUG AssetLoader          - Loading from cache: /assets/textures/SPRITESHEET.png
12:31:49.461 [FXGL Background Thread 1 ] DEBUG AssetLoader          - Loading from cache: /assets/textures/SPRITESHEET.png
12:31:49.461 [FXGL Background Thread 1 ] DEBUG AssetLoader          - Loading from cache: /assets/textures/SPRITESHEET.png
12:31:49.461 [FXGL Background Thread 1 ] DEBUG AssetLoader          - Loading from cache: /assets/textures/SPRITESHEET.png
12:31:49.462 [FXGL Background Thread 1 ] DEBUG AssetLoader          - Loading from cache: /assets/textures/SPRITESHEET.png
12:31:49.462 [FXGL Background Thread 1 ] DEBUG AssetLoader          - Loading from cache: /assets/textures/SPRITESHEET.png
12:31:49.462 [FXGL Background Thread 1 ] DEBUG AssetLoader          - Loading from cache: /assets/textures/SPRITESHEET.png
12:31:49.462 [FXGL Background Thread 1 ] DEBUG AssetLoader          - Loading from cache: /assets/textures/SPRITESHEET.png
12:31:49.462 [FXGL Background Thread 1 ] DEBUG AssetLoader          - Loading from cache: /assets/textures/SPRITESHEET.png
12:31:49.462 [FXGL Background Thread 1 ] DEBUG AssetLoader          - Loading from cache: /assets/textures/SPRITESHEET.png
12:31:49.462 [FXGL Background Thread 1 ] DEBUG AssetLoader          - Loading from cache: /assets/textures/SPRITESHEET.png
12:31:49.463 [FXGL Background Thread 1 ] DEBUG GameScene            - Creating render group for layer: BACKGROUND(1000)
12:31:49.484 [FXGL Background Thread 1 ] DEBUG GameScene            - Creating render group for layer: DEFAULT(100000)
12:31:49.486 [FXGL Background Thread 1 ] DEBUG AssetLoader          - Loading from disk: /assets/textures/CharacterSprite.png
12:31:49.487 [FXGL Background Thread 1 ] DEBUG AssetLoader          - Loading from cache: /assets/textures/CharacterSprite.png
12:31:49.488 [FXGL Background Thread 1 ] DEBUG AssetLoader          - Loading from cache: /assets/textures/CharacterSprite.png
12:31:49.488 [FXGL Background Thread 1 ] DEBUG AssetLoader          - Loading from cache: /assets/textures/CharacterSprite.png
12:31:49.488 [FXGL Background Thread 1 ] DEBUG AssetLoader          - Loading from cache: /assets/textures/CharacterSprite.png
12:31:49.488 [FXGL Background Thread 1 ] DEBUG AssetLoader          - Loading from cache: /assets/textures/CharacterSprite.png
12:31:49.488 [FXGL Background Thread 1 ] DEBUG AssetLoader          - Loading from cache: /assets/textures/CharacterSprite.png
12:31:49.488 [FXGL Background Thread 1 ] DEBUG AssetLoader          - Loading from cache: /assets/textures/CharacterSprite.png
12:31:49.490 [FXGL Background Thread 1 ] DEBUG InitAppTask          - Initializing Physics
12:31:49.490 [FXGL Background Thread 1 ] DEBUG InitAppTask          - Initializing UI
12:31:49.490 [FXGL Background Thread 1 ] DEBUG AssetLoader          - Loading from disk: /assets/textures/brick.png
12:31:49.492 [FXGL Background Thread 1 ] DEBUG InitAppTask          - Initialization Complete
12:31:49.492 [FXGL Background Thread 1 ] INFO  InitAppTask          - Game initialization took: 0.116 sec
12:31:49.495 [JavaFX Application Thread] DEBUG Input                - Clearing active input actions
12:31:49.495 [JavaFX Application Thread] DEBUG AssetLoader          - Loading from disk: /assets/ui/css/fxgl_dark.css
12:31:49.502 [JavaFX Application Thread] DEBUG AppStateMachine      - LoadingState -> PlayState
12:31:55.776 [JavaFX Application Thread] DEBUG FXGL                 - Exiting FXGL
12:31:55.776 [JavaFX Application Thread] DEBUG FXGL                 - Shutting down background threads
12:31:55.777 [JavaFX Application Thread] DEBUG FXGL                 - Saving FXGL system data
12:31:55.778 [JavaFX Application Thread] DEBUG DesktopFSService     - Writing to: system\fxgl.bundle
12:31:55.780 [JavaFX Application Thread] DEBUG FXGL                 - Closing logger and exiting JavaFX
