15:16:18.612 [main                     ] DEBUG GameApplication      - Logger initialized
15:16:18.623 [main                     ] DEBUG GameApplication      - Logging settings
Title: Basic Game App
Version: 0.1
Width: 640
Height: 640
Fullscreen: false
Intro: false
Menus: false
Profiling: false
Single step:false
App Mode: DEVELOPER
Menu Key: ESCAPE
Stage Style: DECORATED
Scene Factory: class com.almasb.fxgl.app.scene.SceneFactory

15:16:18.892 [JavaFX Application Thread] DEBUG GameApplication      - Initializing FXGL
15:16:18.897 [JavaFX Application Thread] INFO  Engine               - FXGL-11.8 (08.03.2020 09.25) on WINDOWS (J:13.0.2 FX:13.0.2)
15:16:18.897 [JavaFX Application Thread] INFO  Engine               - Source code and latest versions at: https://github.com/AlmasB/FXGL
15:16:18.898 [JavaFX Application Thread] INFO  Engine               -              Join the FXGL chat at: https://gitter.im/AlmasB/FXGL
15:16:18.968 [JavaFX Application Thread] DEBUG MainWindow           - Creating a JavaFX scene
15:16:18.998 [JavaFX Application Thread] DEBUG MainWindow           - Target settings size: 640.0 x 640.0
15:16:18.999 [JavaFX Application Thread] DEBUG MainWindow           - Scaled scene size:    640.0 x 640.0
15:16:18.999 [JavaFX Application Thread] DEBUG MainWindow           - Scaled ratio: (1.0, 1.0)
15:16:19.000 [JavaFX Application Thread] DEBUG MainWindow           - Set initial scene to FXGLStartupScene
15:16:19.003 [JavaFX Application Thread] DEBUG MainWindow           - Opening main window
15:16:19.074 [JavaFX Application Thread] DEBUG MainWindow           - Window border size: (16.0, 39.0)
15:16:19.074 [JavaFX Application Thread] DEBUG MainWindow           - Scaled size: 640.0 x 640.0
15:16:19.074 [JavaFX Application Thread] DEBUG MainWindow           - Scaled ratio: (1.0, 1.0)
15:16:19.074 [JavaFX Application Thread] DEBUG MainWindow           - Scene size: 640.0 x 640.0
15:16:19.074 [JavaFX Application Thread] DEBUG MainWindow           - Stage size: 656.0 x 679.0
15:16:19.080 [FXGL Background Thread 1 ] DEBUG Engine               - Initializing environment variables
15:16:19.097 [FXGL Background Thread 1 ] DEBUG WindowService        - Applying CSS: fxgl_dark.css
15:16:19.097 [FXGL Background Thread 1 ] DEBUG AssetLoaderService   - Loading from file system: /assets/ui/css/fxgl_dark.css
15:16:19.126 [FXGL Background Thread 1 ] DEBUG WindowService        - Initializing application scenes
15:16:19.145 [FXGL Background Thread 1 ] DEBUG GameWorld            - Game world initialized
15:16:19.165 [FXGL Background Thread 1 ] DEBUG PhysicsWorld         - Physics world initialized: appHeight=640, physics.ppm=50.0
15:16:19.166 [FXGL Background Thread 1 ] DEBUG GameScene            - Game scene initialized: 640x640
15:16:19.171 [FXGL Background Thread 1 ] DEBUG Input                - Registered new binding: Resume - Esc
15:16:19.174 [FXGL Background Thread 1 ] DEBUG AssetLoaderService   - Loading from file system: /assets/textures/pause_menu_bg.png
15:16:19.200 [FXGL Background Thread 1 ] DEBUG Input                - Registered new binding: Pause - Esc
15:16:19.200 [FXGL Background Thread 1 ] DEBUG WindowService        - Application scenes initialized
15:16:19.206 [FXGL Background Thread 1 ] DEBUG SystemBundleService  - Loading FXGL system data
15:16:19.212 [FXGL Background Thread 1 ] DEBUG FileSystemAccess     - Reading from: C:\Users\Adam Cunard\git\FriendMaker2077-07-03\Project\system\fxgl.bundle
15:16:19.216 [FXGL Background Thread 1 ] DEBUG SystemBundleService  - Bundle FXGL: {}
15:16:19.216 [FXGL Background Thread 1 ] INFO  Engine               - FXGL initialization took: 0.136 sec
15:16:19.217 [FXGL Background Thread 1 ] DEBUG GameApplication      - Loading localizations
15:16:19.218 [FXGL Background Thread 1 ] DEBUG AssetLoaderService   - Loading from file system: /assets/properties/languages/english.properties
15:16:19.219 [FXGL Background Thread 1 ] DEBUG AssetLoaderService   - Loading from file system: /assets/properties/languages/french.properties
15:16:19.220 [FXGL Background Thread 1 ] DEBUG AssetLoaderService   - Loading from file system: /assets/properties/languages/german.properties
15:16:19.221 [FXGL Background Thread 1 ] DEBUG AssetLoaderService   - Loading from file system: /assets/properties/languages/hungarian.properties
15:16:19.221 [FXGL Background Thread 1 ] DEBUG AssetLoaderService   - Loading from file system: /assets/properties/languages/russian.properties
15:16:19.222 [FXGL Background Thread 1 ] DEBUG GameApplication      - Registering font factories with UI factory
15:16:19.222 [FXGL Background Thread 1 ] DEBUG AssetLoaderService   - Loading from file system: /assets/ui/fonts/VarelaRound-Regular.ttf
15:16:19.352 [FXGL Background Thread 1 ] DEBUG AssetLoaderService   - Loading from file system: /assets/ui/fonts/Abel-Regular.ttf
15:16:19.359 [FXGL Background Thread 1 ] DEBUG AssetLoaderService   - Loading from file system: /assets/ui/fonts/lucida_console.ttf
15:16:19.367 [FXGL Background Thread 1 ] DEBUG AssetLoaderService   - Loading from file system: /assets/ui/fonts/Courier-Prime.ttf
15:16:19.375 [JavaFX Application Thread] DEBUG Input                - Registered new binding: Move Right - D
15:16:19.375 [JavaFX Application Thread] DEBUG Input                - Registered new binding: Move Left - A
15:16:19.375 [JavaFX Application Thread] DEBUG Input                - Registered new binding: Move Up - W
15:16:19.375 [JavaFX Application Thread] DEBUG Input                - Registered new binding: Move Down - S
15:16:19.376 [JavaFX Application Thread] DEBUG Input                - Registered new binding: Play Sound - F
15:16:19.376 [JavaFX Application Thread] DEBUG AssetLoaderService   - Loading from file system: /assets/textures/fxgl_icon.png
15:16:19.386 [JavaFX Application Thread] DEBUG AssetLoaderService   - Loading from file system: /assets/ui/cursors/fxgl_default.png
15:16:19.388 [JavaFX Application Thread] DEBUG Input                - Registered new binding: Screenshot - P
15:16:19.388 [JavaFX Application Thread] DEBUG Input                - Registered new binding: System info dump - CTRL+9
15:16:19.388 [JavaFX Application Thread] DEBUG Input                - Registered new binding: Restart - CTRL+R
15:16:19.389 [JavaFX Application Thread] DEBUG LoopRunner           - Starting loop
15:16:19.396 [JavaFX Application Thread] DEBUG FXGLStartupScene     - STARTUP
15:16:19.396 [JavaFX Application Thread] DEBUG WindowService        - Starting new game
15:16:19.397 [JavaFX Application Thread] DEBUG Input                - Clearing active input actions
15:16:19.404 [JavaFX Application Thread] DEBUG WindowService        - Removing overlay from FXGLStartupScene and adding to FXGLLoadingScene
15:16:19.405 [JavaFX Application Thread] DEBUG MainWindow           - FXGLStartupScene -> FXGLLoadingScene
15:16:19.405 [JavaFX Application Thread] DEBUG WindowService        - Clearing previous game
15:16:19.405 [JavaFX Application Thread] DEBUG GameScene            - Clearing game scene
15:16:19.405 [JavaFX Application Thread] DEBUG GameWorld            - Clearing game world
15:16:19.405 [JavaFX Application Thread] DEBUG PhysicsWorld         - Clearing physics world
15:16:19.406 [FXGL Background Thread 1 ] DEBUG GameApplication      - Initializing game
15:16:19.408 [FXGL Background Thread 1 ] DEBUG AssetLoaderService   - Loading from file system: /assets/textures/BigMap.png
15:16:19.565 [FXGL Background Thread 1 ] DEBUG AssetLoaderService   - Loading from file system: /assets/textures/CharacterSprite.png
15:16:19.567 [FXGL Background Thread 1 ] DEBUG AssetLoaderService   - Loading from cache: /assets/textures/CharacterSprite.png
15:16:19.567 [FXGL Background Thread 1 ] DEBUG AssetLoaderService   - Loading from cache: /assets/textures/CharacterSprite.png
15:16:19.567 [FXGL Background Thread 1 ] DEBUG AssetLoaderService   - Loading from cache: /assets/textures/CharacterSprite.png
15:16:19.567 [FXGL Background Thread 1 ] DEBUG AssetLoaderService   - Loading from cache: /assets/textures/CharacterSprite.png
15:16:19.567 [FXGL Background Thread 1 ] DEBUG AssetLoaderService   - Loading from cache: /assets/textures/CharacterSprite.png
15:16:19.567 [FXGL Background Thread 1 ] DEBUG AssetLoaderService   - Loading from cache: /assets/textures/CharacterSprite.png
15:16:19.567 [FXGL Background Thread 1 ] DEBUG AssetLoaderService   - Loading from cache: /assets/textures/CharacterSprite.png
15:16:19.572 [FXGL Background Thread 1 ] DEBUG AssetLoaderService   - Loading from file system: /assets/textures/froggySprite.png
15:16:19.573 [FXGL Background Thread 1 ] DEBUG AssetLoaderService   - Loading from cache: /assets/textures/froggySprite.png
15:16:19.573 [FXGL Background Thread 1 ] DEBUG AssetLoaderService   - Loading from cache: /assets/textures/froggySprite.png
15:16:19.573 [FXGL Background Thread 1 ] DEBUG AssetLoaderService   - Loading from cache: /assets/textures/froggySprite.png
15:16:19.573 [FXGL Background Thread 1 ] DEBUG AssetLoaderService   - Loading from cache: /assets/textures/froggySprite.png
15:16:19.573 [FXGL Background Thread 1 ] DEBUG AssetLoaderService   - Loading from cache: /assets/textures/froggySprite.png
15:16:19.573 [FXGL Background Thread 1 ] DEBUG AssetLoaderService   - Loading from cache: /assets/textures/froggySprite.png
15:16:19.573 [FXGL Background Thread 1 ] DEBUG AssetLoaderService   - Loading from cache: /assets/textures/froggySprite.png
15:16:19.573 [FXGL Background Thread 1 ] DEBUG AssetLoaderService   - Loading from file system: /assets/textures/brick.png
15:16:19.574 [FXGL Background Thread 1 ] INFO  GameApplication      - Game initialization took: 0.168 sec
15:16:19.574 [JavaFX Application Thread] DEBUG Input                - Clearing active input actions
15:16:19.580 [JavaFX Application Thread] DEBUG WindowService        - Removing overlay from FXGLLoadingScene and adding to GameScene
15:16:19.581 [JavaFX Application Thread] DEBUG MainWindow           - FXGLLoadingScene -> GameScene
15:16:21.585 [JavaFX Application Thread] DEBUG GameApplication      - Exiting FXGL
15:16:21.585 [JavaFX Application Thread] DEBUG LoopRunner           - Stopping loop
15:16:21.585 [JavaFX Application Thread] DEBUG SystemBundleService  - Saving FXGL system data
15:16:21.586 [JavaFX Application Thread] DEBUG FileSystemAccess     - Writing to: C:\Users\Adam Cunard\git\FriendMaker2077-07-03\Project\system\fxgl.bundle
15:16:21.587 [JavaFX Application Thread] DEBUG GameApplication      - Shutting down background threads
15:16:21.588 [JavaFX Application Thread] DEBUG GameApplication      - Closing logger and exiting JavaFX
