11:05:04.675 [main                     ] DEBUG GameApplication      - Logger initialized
11:05:04.688 [main                     ] DEBUG GameApplication      - Logging settings
Title: FriendMaker2077
Version: 0.1
Width: 640
Height: 640
Fullscreen: false
Intro: false
Menus: false
Profiling: false
Single step:false
App Mode: DEVELOPER
Menu Key: ESCAPE
Stage Style: DECORATED
Scene Factory: class ui.MenuFactory

11:05:05.936 [JavaFX Application Thread] DEBUG GameApplication      - Initializing FXGL
11:05:05.941 [JavaFX Application Thread] INFO  Engine               - FXGL-11.8 (08.03.2020 09.25) on WINDOWS (J:13.0.2 FX:11.0.2)
11:05:05.941 [JavaFX Application Thread] INFO  Engine               - Source code and latest versions at: https://github.com/AlmasB/FXGL
11:05:05.941 [JavaFX Application Thread] INFO  Engine               -              Join the FXGL chat at: https://gitter.im/AlmasB/FXGL
11:05:06.000 [JavaFX Application Thread] DEBUG MainWindow           - Creating a JavaFX scene
11:05:06.390 [JavaFX Application Thread] DEBUG MainWindow           - Target settings size: 640.0 x 640.0
11:05:06.390 [JavaFX Application Thread] DEBUG MainWindow           - Scaled scene size:    640.0 x 640.0
11:05:06.390 [JavaFX Application Thread] DEBUG MainWindow           - Scaled ratio: (1.0, 1.0)
11:05:06.391 [JavaFX Application Thread] DEBUG MainWindow           - Set initial scene to FXGLStartupScene
11:05:06.394 [JavaFX Application Thread] DEBUG MainWindow           - Opening main window
11:05:06.450 [JavaFX Application Thread] DEBUG MainWindow           - Window border size: (16.0, 39.0)
11:05:06.450 [JavaFX Application Thread] DEBUG MainWindow           - Scaled size: 640.0 x 640.0
11:05:06.450 [JavaFX Application Thread] DEBUG MainWindow           - Scaled ratio: (1.0, 1.0)
11:05:06.451 [JavaFX Application Thread] DEBUG MainWindow           - Scene size: 640.0 x 640.0
11:05:06.451 [JavaFX Application Thread] DEBUG MainWindow           - Stage size: 656.0 x 679.0
11:05:06.455 [FXGL Background Thread 1 ] DEBUG Engine               - Initializing environment variables
11:05:06.471 [FXGL Background Thread 1 ] DEBUG WindowService        - Applying CSS: fxgl_dark.css
11:05:06.471 [FXGL Background Thread 1 ] DEBUG AssetLoaderService   - Loading from file system: /assets/ui/css/fxgl_dark.css
11:05:06.499 [FXGL Background Thread 1 ] DEBUG WindowService        - Initializing application scenes
11:05:06.518 [FXGL Background Thread 1 ] DEBUG GameWorld            - Game world initialized
11:05:06.539 [FXGL Background Thread 1 ] DEBUG PhysicsWorld         - Physics world initialized: appHeight=640, physics.ppm=50.0
11:05:06.541 [FXGL Background Thread 1 ] DEBUG GameScene            - Game scene initialized: 640x640
11:05:06.545 [FXGL Background Thread 1 ] DEBUG Input                - Registered new binding: Resume - Esc
11:05:06.566 [FXGL Background Thread 1 ] DEBUG Input                - Registered new binding: Pause - Esc
11:05:06.566 [FXGL Background Thread 1 ] DEBUG WindowService        - Application scenes initialized
11:05:06.572 [FXGL Background Thread 1 ] DEBUG SystemBundleService  - Loading FXGL system data
11:05:06.574 [FXGL Background Thread 1 ] DEBUG FileSystemAccess     - Reading from: C:\Users\otinn\git\FriendMaker2077-07-03\Project\system\fxgl.bundle
11:05:06.580 [FXGL Background Thread 1 ] DEBUG SystemBundleService  - Bundle FXGL: {}
11:05:06.580 [FXGL Background Thread 1 ] INFO  Engine               - FXGL initialization took: 0.124 sec
11:05:06.581 [FXGL Background Thread 1 ] DEBUG GameApplication      - Loading localizations
11:05:06.581 [FXGL Background Thread 1 ] DEBUG AssetLoaderService   - Loading from file system: /assets/properties/languages/english.properties
11:05:06.583 [FXGL Background Thread 1 ] DEBUG AssetLoaderService   - Loading from file system: /assets/properties/languages/french.properties
11:05:06.584 [FXGL Background Thread 1 ] DEBUG AssetLoaderService   - Loading from file system: /assets/properties/languages/german.properties
11:05:06.585 [FXGL Background Thread 1 ] DEBUG AssetLoaderService   - Loading from file system: /assets/properties/languages/hungarian.properties
11:05:06.586 [FXGL Background Thread 1 ] DEBUG AssetLoaderService   - Loading from file system: /assets/properties/languages/russian.properties
11:05:06.587 [FXGL Background Thread 1 ] DEBUG GameApplication      - Registering font factories with UI factory
11:05:06.587 [FXGL Background Thread 1 ] DEBUG AssetLoaderService   - Loading from file system: /assets/ui/fonts/VarelaRound-Regular.ttf
11:05:06.695 [FXGL Background Thread 1 ] DEBUG AssetLoaderService   - Loading from file system: /assets/ui/fonts/Abel-Regular.ttf
11:05:06.702 [FXGL Background Thread 1 ] DEBUG AssetLoaderService   - Loading from file system: /assets/ui/fonts/lucida_console.ttf
11:05:06.709 [FXGL Background Thread 1 ] DEBUG AssetLoaderService   - Loading from file system: /assets/ui/fonts/Courier-Prime.ttf
11:05:06.717 [JavaFX Application Thread] DEBUG Input                - Registered new binding: Move Right - D
11:05:06.717 [JavaFX Application Thread] DEBUG Input                - Registered new binding: Move Left - A
11:05:06.717 [JavaFX Application Thread] DEBUG Input                - Registered new binding: Move Up - W
11:05:06.717 [JavaFX Application Thread] DEBUG Input                - Registered new binding: Move Down - S
11:05:06.718 [JavaFX Application Thread] DEBUG Input                - Registered new binding: Play Sound - F
11:05:06.718 [JavaFX Application Thread] DEBUG AssetLoaderService   - Loading from file system: /assets/textures/fxgl_icon.png
11:05:06.748 [JavaFX Application Thread] DEBUG AssetLoaderService   - Loading from file system: /assets/ui/cursors/fxgl_default.png
11:05:06.750 [JavaFX Application Thread] DEBUG Input                - Registered new binding: Screenshot - P
11:05:06.750 [JavaFX Application Thread] DEBUG Input                - Registered new binding: System info dump - CTRL+9
11:05:06.750 [JavaFX Application Thread] DEBUG Input                - Registered new binding: Restart - CTRL+R
11:05:06.751 [JavaFX Application Thread] DEBUG LoopRunner           - Starting loop
11:05:06.763 [JavaFX Application Thread] DEBUG FXGLStartupScene     - STARTUP
11:05:06.764 [JavaFX Application Thread] DEBUG WindowService        - Starting new game
11:05:06.765 [JavaFX Application Thread] DEBUG Input                - Clearing active input actions
11:05:06.772 [JavaFX Application Thread] DEBUG WindowService        - Removing overlay from FXGLStartupScene and adding to FXGLLoadingScene
11:05:06.772 [JavaFX Application Thread] DEBUG MainWindow           - FXGLStartupScene -> FXGLLoadingScene
11:05:06.772 [JavaFX Application Thread] DEBUG WindowService        - Clearing previous game
11:05:06.772 [JavaFX Application Thread] DEBUG GameScene            - Clearing game scene
11:05:06.772 [JavaFX Application Thread] DEBUG GameWorld            - Clearing game world
11:05:06.772 [JavaFX Application Thread] DEBUG PhysicsWorld         - Clearing physics world
11:05:06.773 [FXGL Background Thread 1 ] DEBUG GameApplication      - Initializing game
11:05:06.779 [FXGL Background Thread 1 ] DEBUG AssetLoaderService   - Loading from file system: /assets/music/soundtrack.wav
11:05:06.869 [FXGL Background Thread 1 ] DEBUG AudioPlayer          - Playing music com.almasb.fxgl.audio.Music@1b7e2b63
11:05:06.873 [FXGL Background Thread 1 ] DEBUG AssetLoaderService   - Loading from file system: /assets/textures/Room.png
11:05:06.889 [FXGL Background Thread 1 ] DEBUG AssetLoaderService   - Loading from cache: /assets/textures/Room.png
11:05:06.890 [FXGL Background Thread 1 ] DEBUG AssetLoaderService   - Loading from file system: /assets/textures/EmptyMap.png
11:05:07.014 [FXGL Background Thread 1 ] DEBUG AssetLoaderService   - Loading from file system: /assets/textures/player.png
11:05:07.017 [FXGL Background Thread 1 ] DEBUG AssetLoaderService   - Loading from cache: /assets/textures/player.png
11:05:07.017 [FXGL Background Thread 1 ] DEBUG AssetLoaderService   - Loading from cache: /assets/textures/player.png
11:05:07.017 [FXGL Background Thread 1 ] DEBUG AssetLoaderService   - Loading from cache: /assets/textures/player.png
11:05:07.017 [FXGL Background Thread 1 ] DEBUG AssetLoaderService   - Loading from cache: /assets/textures/player.png
11:05:07.017 [FXGL Background Thread 1 ] DEBUG AssetLoaderService   - Loading from cache: /assets/textures/player.png
11:05:07.018 [FXGL Background Thread 1 ] DEBUG AssetLoaderService   - Loading from file system: /assets/textures/bbox.png
11:05:07.021 [FXGL Background Thread 1 ] DEBUG AssetLoaderService   - Loading from file system: /assets/textures/froggysprite.png
11:05:07.023 [FXGL Background Thread 1 ] DEBUG AssetLoaderService   - Loading from cache: /assets/textures/froggysprite.png
11:05:07.023 [FXGL Background Thread 1 ] DEBUG AssetLoaderService   - Loading from cache: /assets/textures/froggysprite.png
11:05:07.023 [FXGL Background Thread 1 ] DEBUG AssetLoaderService   - Loading from cache: /assets/textures/bbox.png
11:05:07.027 [FXGL Background Thread 1 ] DEBUG AssetLoaderService   - Loading from file system: /assets/textures/bush.png
11:05:07.029 [FXGL Background Thread 1 ] DEBUG AssetLoaderService   - Loading from cache: /assets/textures/bush.png
11:05:07.029 [FXGL Background Thread 1 ] DEBUG AssetLoaderService   - Loading from file system: /assets/textures/rock.png
11:05:07.031 [FXGL Background Thread 1 ] DEBUG AssetLoaderService   - Loading from cache: /assets/textures/rock.png
11:05:07.032 [FXGL Background Thread 1 ] DEBUG AssetLoaderService   - Loading from file system: /assets/textures/tree.png
11:05:07.033 [FXGL Background Thread 1 ] DEBUG AssetLoaderService   - Loading from cache: /assets/textures/bush.png
11:05:07.034 [FXGL Background Thread 1 ] DEBUG AssetLoaderService   - Loading from cache: /assets/textures/tree.png
11:05:07.034 [FXGL Background Thread 1 ] DEBUG AssetLoaderService   - Loading from cache: /assets/textures/bush.png
11:05:07.035 [FXGL Background Thread 1 ] DEBUG AssetLoaderService   - Loading from file system: /assets/textures/appletree.png
11:05:07.036 [FXGL Background Thread 1 ] DEBUG AssetLoaderService   - Loading from cache: /assets/textures/bush.png
11:05:07.036 [FXGL Background Thread 1 ] DEBUG AssetLoaderService   - Loading from cache: /assets/textures/tree.png
11:05:07.037 [FXGL Background Thread 1 ] DEBUG AssetLoaderService   - Loading from cache: /assets/textures/bush.png
11:05:07.037 [FXGL Background Thread 1 ] DEBUG AssetLoaderService   - Loading from cache: /assets/textures/appletree.png
11:05:07.038 [FXGL Background Thread 1 ] DEBUG AssetLoaderService   - Loading from cache: /assets/textures/bush.png
11:05:07.038 [FXGL Background Thread 1 ] DEBUG AssetLoaderService   - Loading from cache: /assets/textures/appletree.png
11:05:07.039 [FXGL Background Thread 1 ] DEBUG AssetLoaderService   - Loading from cache: /assets/textures/bush.png
11:05:07.039 [FXGL Background Thread 1 ] DEBUG AssetLoaderService   - Loading from cache: /assets/textures/tree.png
11:05:07.040 [FXGL Background Thread 1 ] DEBUG AssetLoaderService   - Loading from cache: /assets/textures/bush.png
11:05:07.040 [FXGL Background Thread 1 ] DEBUG AssetLoaderService   - Loading from cache: /assets/textures/tree.png
11:05:07.040 [FXGL Background Thread 1 ] DEBUG AssetLoaderService   - Loading from cache: /assets/textures/bush.png
11:05:07.041 [FXGL Background Thread 1 ] DEBUG AssetLoaderService   - Loading from cache: /assets/textures/tree.png
11:05:07.041 [FXGL Background Thread 1 ] DEBUG AssetLoaderService   - Loading from cache: /assets/textures/bush.png
11:05:07.042 [FXGL Background Thread 1 ] DEBUG AssetLoaderService   - Loading from cache: /assets/textures/bush.png
11:05:07.042 [FXGL Background Thread 1 ] DEBUG AssetLoaderService   - Loading from cache: /assets/textures/tree.png
11:05:07.042 [FXGL Background Thread 1 ] DEBUG AssetLoaderService   - Loading from cache: /assets/textures/tree.png
11:05:07.043 [FXGL Background Thread 1 ] DEBUG AssetLoaderService   - Loading from cache: /assets/textures/tree.png
11:05:07.043 [FXGL Background Thread 1 ] DEBUG AssetLoaderService   - Loading from cache: /assets/textures/bush.png
11:05:07.044 [FXGL Background Thread 1 ] DEBUG AssetLoaderService   - Loading from cache: /assets/textures/tree.png
11:05:07.044 [FXGL Background Thread 1 ] DEBUG AssetLoaderService   - Loading from cache: /assets/textures/bush.png
11:05:07.044 [FXGL Background Thread 1 ] DEBUG AssetLoaderService   - Loading from cache: /assets/textures/appletree.png
11:05:07.045 [FXGL Background Thread 1 ] DEBUG AssetLoaderService   - Loading from cache: /assets/textures/bush.png
11:05:07.045 [FXGL Background Thread 1 ] DEBUG AssetLoaderService   - Loading from cache: /assets/textures/tree.png
11:05:07.046 [FXGL Background Thread 1 ] DEBUG AssetLoaderService   - Loading from cache: /assets/textures/bush.png
11:05:07.046 [FXGL Background Thread 1 ] DEBUG AssetLoaderService   - Loading from cache: /assets/textures/appletree.png
11:05:07.047 [FXGL Background Thread 1 ] DEBUG AssetLoaderService   - Loading from cache: /assets/textures/bush.png
11:05:07.047 [FXGL Background Thread 1 ] DEBUG AssetLoaderService   - Loading from cache: /assets/textures/appletree.png
11:05:07.047 [FXGL Background Thread 1 ] DEBUG AssetLoaderService   - Loading from cache: /assets/textures/appletree.png
11:05:07.048 [FXGL Background Thread 1 ] DEBUG AssetLoaderService   - Loading from cache: /assets/textures/appletree.png
11:05:07.048 [FXGL Background Thread 1 ] DEBUG AssetLoaderService   - Loading from cache: /assets/textures/appletree.png
11:05:07.049 [FXGL Background Thread 1 ] DEBUG AssetLoaderService   - Loading from cache: /assets/textures/appletree.png
11:05:07.049 [FXGL Background Thread 1 ] DEBUG AssetLoaderService   - Loading from cache: /assets/textures/tree.png
11:05:07.049 [FXGL Background Thread 1 ] DEBUG AssetLoaderService   - Loading from cache: /assets/textures/tree.png
11:05:07.050 [FXGL Background Thread 1 ] DEBUG AssetLoaderService   - Loading from cache: /assets/textures/appletree.png
11:05:07.050 [FXGL Background Thread 1 ] DEBUG AssetLoaderService   - Loading from cache: /assets/textures/bush.png
11:05:07.050 [FXGL Background Thread 1 ] DEBUG AssetLoaderService   - Loading from cache: /assets/textures/appletree.png
11:05:07.051 [FXGL Background Thread 1 ] DEBUG AssetLoaderService   - Loading from cache: /assets/textures/bush.png
11:05:07.051 [FXGL Background Thread 1 ] DEBUG AssetLoaderService   - Loading from cache: /assets/textures/rock.png
11:05:07.051 [FXGL Background Thread 1 ] DEBUG AssetLoaderService   - Loading from cache: /assets/textures/tree.png
11:05:07.052 [FXGL Background Thread 1 ] DEBUG AssetLoaderService   - Loading from cache: /assets/textures/rock.png
11:05:07.052 [FXGL Background Thread 1 ] DEBUG AssetLoaderService   - Loading from cache: /assets/textures/appletree.png
11:05:07.053 [FXGL Background Thread 1 ] DEBUG AssetLoaderService   - Loading from cache: /assets/textures/appletree.png
11:05:07.053 [FXGL Background Thread 1 ] DEBUG AssetLoaderService   - Loading from file system: /assets/textures/lighthouse.png
11:05:07.055 [FXGL Background Thread 1 ] DEBUG AssetLoaderService   - Loading from file system: /assets/textures/greenhouse.png
11:05:07.056 [FXGL Background Thread 1 ] DEBUG AssetLoaderService   - Loading from file system: /assets/textures/bluehouse.png
11:05:07.058 [FXGL Background Thread 1 ] DEBUG AssetLoaderService   - Loading from file system: /assets/textures/redhouse.png
11:05:07.060 [FXGL Background Thread 1 ] DEBUG AssetLoaderService   - Loading from cache: /assets/textures/redhouse.png
11:05:07.060 [FXGL Background Thread 1 ] DEBUG AssetLoaderService   - Loading from cache: /assets/textures/bluehouse.png
11:05:07.060 [FXGL Background Thread 1 ] DEBUG AssetLoaderService   - Loading from cache: /assets/textures/bluehouse.png
11:05:07.061 [FXGL Background Thread 1 ] DEBUG AssetLoaderService   - Loading from cache: /assets/textures/redhouse.png
11:05:07.061 [FXGL Background Thread 1 ] DEBUG AssetLoaderService   - Loading from cache: /assets/textures/bluehouse.png
11:05:07.061 [FXGL Background Thread 1 ] DEBUG AssetLoaderService   - Loading from cache: /assets/textures/redhouse.png
11:05:07.062 [FXGL Background Thread 1 ] DEBUG AssetLoaderService   - Loading from cache: /assets/textures/lighthouse.png
11:05:07.062 [FXGL Background Thread 1 ] DEBUG AssetLoaderService   - Loading from cache: /assets/textures/greenhouse.png
11:05:07.063 [FXGL Background Thread 1 ] INFO  GameApplication      - Game initialization took: 0.290 sec
11:05:07.063 [JavaFX Application Thread] DEBUG Input                - Clearing active input actions
11:05:07.084 [JavaFX Application Thread] DEBUG WindowService        - Removing overlay from FXGLLoadingScene and adding to GameScene
11:05:07.085 [JavaFX Application Thread] DEBUG MainWindow           - FXGLLoadingScene -> GameScene
11:05:09.582 [FXGL Background Thread 2 ] DEBUG Engine               - Logging environment variables
11:05:09.582 [FXGL Background Thread 2 ] DEBUG Engine               - achievements: []
11:05:09.582 [FXGL Background Thread 2 ] DEBUG Engine               - language: ObjectProperty [value: ENGLISH]
11:05:09.582 [FXGL Background Thread 2 ] DEBUG Engine               - isCloseConfirmation: false
11:05:09.582 [FXGL Background Thread 2 ] DEBUG Engine               - isProfilingEnabled: false
11:05:09.582 [FXGL Background Thread 2 ] DEBUG Engine               - soundNotification: core/notification.wav
11:05:09.582 [FXGL Background Thread 2 ] DEBUG Engine               - devShowBBoxProperty: BooleanProperty [value: false]
11:05:09.582 [FXGL Background Thread 2 ] DEBUG Engine               - pixelsPerMeter: 50.0
11:05:09.582 [FXGL Background Thread 2 ] DEBUG Engine               - appIcon: fxgl_icon.png
11:05:09.582 [FXGL Background Thread 2 ] DEBUG Engine               - soundMenuBack: menu/back.wav
11:05:09.582 [FXGL Background Thread 2 ] DEBUG Engine               - isFullScreenAllowed: false
11:05:09.582 [FXGL Background Thread 2 ] DEBUG Engine               - isIntroEnabled: false
11:05:09.582 [FXGL Background Thread 2 ] DEBUG Engine               - fontMono: lucida_console.ttf
11:05:09.582 [FXGL Background Thread 2 ] DEBUG Engine               - soundMenuSelect: menu/select.wav
11:05:09.582 [FXGL Background Thread 2 ] DEBUG Engine               - isWindows: true
11:05:09.583 [FXGL Background Thread 2 ] DEBUG Engine               - isUserProfileEnabled: false
11:05:09.583 [FXGL Background Thread 2 ] DEBUG Engine               - isMobile: false
11:05:09.583 [FXGL Background Thread 2 ] DEBUG Engine               - height: 640
11:05:09.583 [FXGL Background Thread 2 ] DEBUG Engine               - isExperimentalNative: false
11:05:09.583 [FXGL Background Thread 2 ] DEBUG Engine               - settings: Title: FriendMaker2077
Version: 0.1
Width: 640
Height: 640
Fullscreen: false
Intro: false
Menus: false
Profiling: false
Single step:false
App Mode: DEVELOPER
Menu Key: ESCAPE
Stage Style: DECORATED
Scene Factory: class ui.MenuFactory

11:05:09.583 [FXGL Background Thread 2 ] DEBUG Engine               - cSSList: [fxgl_dark.css]
11:05:09.583 [FXGL Background Thread 2 ] DEBUG Engine               - isSingleStep: false
11:05:09.583 [FXGL Background Thread 2 ] DEBUG Engine               - fontGame: Abel-Regular.ttf
11:05:09.583 [FXGL Background Thread 2 ] DEBUG Engine               - menuKey: ESCAPE
11:05:09.583 [FXGL Background Thread 2 ] DEBUG Engine               - devShowPositionProperty: BooleanProperty [value: false]
11:05:09.583 [FXGL Background Thread 2 ] DEBUG Engine               - versionCheckDays: 7
11:05:09.583 [FXGL Background Thread 2 ] DEBUG Engine               - configClass: Optional.empty
11:05:09.583 [FXGL Background Thread 2 ] DEBUG Engine               - isFullScreenFromStart: false
11:05:09.583 [FXGL Background Thread 2 ] DEBUG Engine               - version: 0.1
11:05:09.583 [FXGL Background Thread 2 ] DEBUG Engine               - fullScreen: BooleanProperty [value: false]
11:05:09.583 [FXGL Background Thread 2 ] DEBUG Engine               - randomSeed: -1
11:05:09.583 [FXGL Background Thread 2 ] DEBUG Engine               - gameDifficultyProperty: ObjectProperty [value: MEDIUM]
11:05:09.584 [FXGL Background Thread 2 ] DEBUG Engine               - applicationMode: DEVELOPER
11:05:09.584 [FXGL Background Thread 2 ] DEBUG Engine               - isMac: false
11:05:09.584 [FXGL Background Thread 2 ] DEBUG Engine               - isMenuEnabled: false
11:05:09.584 [FXGL Background Thread 2 ] DEBUG Engine               - urlPOM: https://raw.githubusercontent.com/AlmasB/FXGL/master/pom.xml
11:05:09.584 [FXGL Background Thread 2 ] DEBUG Engine               - profileName: StringProperty [value: DEFAULT]
11:05:09.584 [FXGL Background Thread 2 ] DEBUG Engine               - notificationViewClass: class com.almasb.fxgl.notification.view.XboxNotificationView
11:05:09.584 [FXGL Background Thread 2 ] DEBUG Engine               - devSensorColorProperty: ObjectProperty [value: 0xffff00ff]
11:05:09.584 [FXGL Background Thread 2 ] DEBUG Engine               - sceneFactory: ui.MenuFactory@624890bc
11:05:09.584 [FXGL Background Thread 2 ] DEBUG Engine               - stageStyle: DECORATED
11:05:09.584 [FXGL Background Thread 2 ] DEBUG Engine               - isManualResizeEnabled: false
11:05:09.584 [FXGL Background Thread 2 ] DEBUG Engine               - title: FriendMaker2077
11:05:09.584 [FXGL Background Thread 2 ] DEBUG Engine               - platform: WINDOWS
11:05:09.584 [FXGL Background Thread 2 ] DEBUG Engine               - devBBoxColorProperty: ObjectProperty [value: 0xff0000ff]
11:05:09.584 [FXGL Background Thread 2 ] DEBUG Engine               - gameDifficulty: MEDIUM
11:05:09.584 [FXGL Background Thread 2 ] DEBUG Engine               - isDesktop: true
11:05:09.584 [FXGL Background Thread 2 ] DEBUG Engine               - supportedLanguages: [ENGLISH, FRENCH, GERMAN, HUNGARIAN, RUSSIAN]
11:05:09.584 [FXGL Background Thread 2 ] DEBUG Engine               - credits: []
11:05:09.585 [FXGL Background Thread 2 ] DEBUG Engine               - globalMusicVolumeProperty: DoubleProperty [value: 0.5]
11:05:09.585 [FXGL Background Thread 2 ] DEBUG Engine               - isPreserveResizeRatio: false
11:05:09.585 [FXGL Background Thread 2 ] DEBUG Engine               - fontText: Courier-Prime.ttf
11:05:09.585 [FXGL Background Thread 2 ] DEBUG Engine               - isExperimentalTiledLargeMap: false
11:05:09.585 [FXGL Background Thread 2 ] DEBUG Engine               - secondsIn24h: 60
11:05:09.585 [FXGL Background Thread 2 ] DEBUG Engine               - runtimeInfo: RuntimeInfo(platform=WINDOWS, version=11.8, build=08.03.2020 09.25)
11:05:09.585 [FXGL Background Thread 2 ] DEBUG Engine               - isLinux: false
11:05:09.585 [FXGL Background Thread 2 ] DEBUG Engine               - soundMenuPress: menu/press.wav
11:05:09.585 [FXGL Background Thread 2 ] DEBUG Engine               - urlGithub: https://github.com/AlmasB/FXGL
11:05:09.585 [FXGL Background Thread 2 ] DEBUG Engine               - profileDir: profiles/
11:05:09.585 [FXGL Background Thread 2 ] DEBUG Engine               - isDeveloperMenuEnabled: false
11:05:09.585 [FXGL Background Thread 2 ] DEBUG Engine               - globalSoundVolumeProperty: DoubleProperty [value: 0.5]
11:05:09.585 [FXGL Background Thread 2 ] DEBUG Engine               - mainWindow: com.almasb.fxgl.app.MainWindow@6677182d
11:05:09.585 [FXGL Background Thread 2 ] DEBUG Engine               - isBrowser: false
11:05:09.585 [FXGL Background Thread 2 ] DEBUG Engine               - urlLeaderboard: http://fxgl-top.herokuapp.com/
11:05:09.585 [FXGL Background Thread 2 ] DEBUG Engine               - globalSoundVolume: 0.5
11:05:09.585 [FXGL Background Thread 2 ] DEBUG Engine               - engineServices: [class com.almasb.fxgl.app.GameApplication$GameApplicationService, class com.almasb.fxgl.app.services.WindowService, class com.almasb.fxgl.app.services.FXGLDialogService, class com.almasb.fxgl.app.services.IOTaskExecutorService, class com.almasb.fxgl.event.EventBusService, class com.almasb.fxgl.io.FileSystemService, class com.almasb.fxgl.localization.LocalizationService, class com.almasb.fxgl.app.services.AssetLoaderService, class com.almasb.fxgl.app.services.SystemBundleService, class com.almasb.fxgl.profile.SaveLoadService, class com.almasb.fxgl.ui.FXGLUIFactoryServiceProvider, class com.almasb.fxgl.ui.FXGLDialogFactoryServiceProvider, class com.almasb.fxgl.audio.AudioPlayer, class com.almasb.fxgl.notification.impl.NotificationServiceProvider, class com.almasb.fxgl.achievement.AchievementService, class com.almasb.fxgl.cutscene.CutsceneService, class com.almasb.fxgl.minigames.MiniGameService, class com.almasb.fxgl.net.NetService, class com.almasb.fxgl.app.services.UpdaterService]
11:05:09.585 [FXGL Background Thread 2 ] DEBUG Engine               - globalMusicVolume: 0.5
11:05:09.586 [FXGL Background Thread 2 ] DEBUG Engine               - width: 640
11:05:09.586 [FXGL Background Thread 2 ] DEBUG Engine               - saveFileExt: sav
11:05:09.586 [FXGL Background Thread 2 ] DEBUG Engine               - isAndroid: false
11:05:09.586 [FXGL Background Thread 2 ] DEBUG Engine               - fontUI: VarelaRound-Regular.ttf
11:05:09.586 [FXGL Background Thread 2 ] DEBUG Engine               - enabledMenuItems: [SAVE_LOAD, EXTRA, ONLINE]
11:05:09.586 [FXGL Background Thread 2 ] DEBUG Engine               - isIOS: false
11:05:09.586 [FXGL Background Thread 2 ] DEBUG Engine               - Logging services
11:05:09.586 [FXGL Background Thread 2 ] DEBUG Engine               - class com.almasb.fxgl.app.GameApplication$GameApplicationService
11:05:09.586 [FXGL Background Thread 2 ] DEBUG Engine               - class com.almasb.fxgl.app.services.WindowService
11:05:09.586 [FXGL Background Thread 2 ] DEBUG Engine               - class com.almasb.fxgl.app.services.FXGLDialogService
11:05:09.586 [FXGL Background Thread 2 ] DEBUG Engine               - class com.almasb.fxgl.app.services.IOTaskExecutorService
11:05:09.586 [FXGL Background Thread 2 ] DEBUG Engine               - class com.almasb.fxgl.event.EventBusService
11:05:09.586 [FXGL Background Thread 2 ] DEBUG Engine               - class com.almasb.fxgl.io.FileSystemService
11:05:09.586 [FXGL Background Thread 2 ] DEBUG Engine               - class com.almasb.fxgl.localization.LocalizationService
11:05:09.586 [FXGL Background Thread 2 ] DEBUG Engine               - class com.almasb.fxgl.app.services.AssetLoaderService
11:05:09.586 [FXGL Background Thread 2 ] DEBUG Engine               - class com.almasb.fxgl.app.services.SystemBundleService
11:05:09.586 [FXGL Background Thread 2 ] DEBUG Engine               - class com.almasb.fxgl.profile.SaveLoadService
11:05:09.586 [FXGL Background Thread 2 ] DEBUG Engine               - class com.almasb.fxgl.ui.FXGLUIFactoryServiceProvider
11:05:09.586 [FXGL Background Thread 2 ] DEBUG Engine               - class com.almasb.fxgl.ui.FXGLDialogFactoryServiceProvider
11:05:09.587 [FXGL Background Thread 2 ] DEBUG Engine               - class com.almasb.fxgl.audio.AudioPlayer
11:05:09.587 [FXGL Background Thread 2 ] DEBUG Engine               - class com.almasb.fxgl.notification.impl.NotificationServiceProvider
11:05:09.587 [FXGL Background Thread 2 ] DEBUG Engine               - class com.almasb.fxgl.achievement.AchievementService
11:05:09.587 [FXGL Background Thread 2 ] DEBUG Engine               - class com.almasb.fxgl.cutscene.CutsceneService
11:05:09.587 [FXGL Background Thread 2 ] DEBUG Engine               - class com.almasb.fxgl.minigames.MiniGameService
11:05:09.587 [FXGL Background Thread 2 ] DEBUG Engine               - class com.almasb.fxgl.net.NetService
11:05:09.587 [FXGL Background Thread 2 ] DEBUG Engine               - class com.almasb.fxgl.app.services.UpdaterService
11:05:11.481 [JavaFX Application Thread] DEBUG AssetLoaderService   - Loading from file system: /assets/sounds/move.wav
11:05:11.502 [JavaFX Application Thread] DEBUG Input                - Registered new binding: Next RPG Line - Enter
11:05:11.502 [JavaFX Application Thread] DEBUG MainWindow           - Push state: CutsceneScene
11:05:11.503 [JavaFX Application Thread] DEBUG Input                - Clearing active input actions
11:05:11.503 [JavaFX Application Thread] DEBUG WindowService        - Removing overlay from GameScene and adding to CutsceneScene
11:05:11.504 [JavaFX Application Thread] DEBUG MainWindow           - GameScene -> CutsceneScene
11:05:14.057 [JavaFX Application Thread] DEBUG MainWindow           - Pop state: CutsceneScene
11:05:14.057 [JavaFX Application Thread] DEBUG Input                - Clearing active input actions
11:05:14.057 [JavaFX Application Thread] DEBUG WindowService        - Removing overlay from CutsceneScene and adding to GameScene
11:05:14.057 [JavaFX Application Thread] DEBUG MainWindow           - GameScene <- CutsceneScene
11:05:17.591 [JavaFX Application Thread] DEBUG GameApplication      - Exiting FXGL
11:05:17.591 [JavaFX Application Thread] DEBUG LoopRunner           - Stopping loop
11:05:17.591 [JavaFX Application Thread] DEBUG SystemBundleService  - Saving FXGL system data
11:05:17.592 [JavaFX Application Thread] DEBUG FileSystemAccess     - Writing to: C:\Users\otinn\git\FriendMaker2077-07-03\Project\system\fxgl.bundle
11:05:17.593 [JavaFX Application Thread] DEBUG GameApplication      - Shutting down background threads
11:05:17.593 [JavaFX Application Thread] DEBUG GameApplication      - Closing logger and exiting JavaFX
