18:32:42.666 [main                     ] DEBUG GameApplication      - Logger initialized
18:32:42.666 [main                     ] DEBUG GameApplication      - Logging settings
Title: FriendMaker2077
Version: 0.1
Width: 640
Height: 640
Fullscreen: false
Intro: false
Menus: false
Profiling: false
Single step:false
App Mode: DEVELOPER
Menu Key: ESCAPE
Stage Style: DECORATED
Scene Factory: class ui.MenuFactory

18:32:42.946 [JavaFX Application Thread] DEBUG GameApplication      - Initializing FXGL
18:32:42.951 [JavaFX Application Thread] INFO  Engine               - FXGL-11.8 (08.03.2020 09.25) on WINDOWS (J:13.0.2 FX:13.0.2)
18:32:42.952 [JavaFX Application Thread] INFO  Engine               - Source code and latest versions at: https://github.com/AlmasB/FXGL
18:32:42.952 [JavaFX Application Thread] INFO  Engine               -              Join the FXGL chat at: https://gitter.im/AlmasB/FXGL
18:32:43.020 [JavaFX Application Thread] DEBUG MainWindow           - Creating a JavaFX scene
18:32:43.049 [JavaFX Application Thread] DEBUG MainWindow           - Target settings size: 640.0 x 640.0
18:32:43.049 [JavaFX Application Thread] DEBUG MainWindow           - Scaled scene size:    640.0 x 640.0
18:32:43.050 [JavaFX Application Thread] DEBUG MainWindow           - Scaled ratio: (1.0, 1.0)
18:32:43.050 [JavaFX Application Thread] DEBUG MainWindow           - Set initial scene to FXGLStartupScene
18:32:43.054 [JavaFX Application Thread] DEBUG MainWindow           - Opening main window
18:32:43.122 [JavaFX Application Thread] DEBUG MainWindow           - Window border size: (16.0, 39.0)
18:32:43.123 [JavaFX Application Thread] DEBUG MainWindow           - Scaled size: 640.0 x 640.0
18:32:43.123 [JavaFX Application Thread] DEBUG MainWindow           - Scaled ratio: (1.0, 1.0)
18:32:43.123 [JavaFX Application Thread] DEBUG MainWindow           - Scene size: 640.0 x 640.0
18:32:43.123 [JavaFX Application Thread] DEBUG MainWindow           - Stage size: 656.0 x 679.0
18:32:43.128 [FXGL Background Thread 1 ] DEBUG Engine               - Initializing environment variables
18:32:43.145 [FXGL Background Thread 1 ] DEBUG WindowService        - Applying CSS: fxgl_dark.css
18:32:43.145 [FXGL Background Thread 1 ] DEBUG AssetLoaderService   - Loading from file system: /assets/ui/css/fxgl_dark.css
18:32:43.172 [FXGL Background Thread 1 ] DEBUG WindowService        - Initializing application scenes
18:32:43.192 [FXGL Background Thread 1 ] DEBUG GameWorld            - Game world initialized
18:32:43.212 [FXGL Background Thread 1 ] DEBUG PhysicsWorld         - Physics world initialized: appHeight=640, physics.ppm=50.0
18:32:43.214 [FXGL Background Thread 1 ] DEBUG GameScene            - Game scene initialized: 640x640
18:32:43.219 [FXGL Background Thread 1 ] DEBUG Input                - Registered new binding: Resume - Esc
18:32:43.226 [FXGL Background Thread 1 ] DEBUG Input                - Registered new binding: Pause - Esc
18:32:43.227 [FXGL Background Thread 1 ] DEBUG WindowService        - Application scenes initialized
18:32:43.233 [FXGL Background Thread 1 ] DEBUG SystemBundleService  - Loading FXGL system data
18:32:43.236 [FXGL Background Thread 1 ] DEBUG FileSystemAccess     - Reading from: C:\Users\Adam Cunard\git\FriendMaker2077-07-03\Project\system\fxgl.bundle
18:32:43.240 [FXGL Background Thread 1 ] DEBUG SystemBundleService  - Bundle FXGL: {}
18:32:43.241 [FXGL Background Thread 1 ] INFO  Engine               - FXGL initialization took: 0.111 sec
18:32:43.242 [FXGL Background Thread 1 ] DEBUG GameApplication      - Loading localizations
18:32:43.242 [FXGL Background Thread 1 ] DEBUG AssetLoaderService   - Loading from file system: /assets/properties/languages/english.properties
18:32:43.243 [FXGL Background Thread 1 ] DEBUG AssetLoaderService   - Loading from file system: /assets/properties/languages/french.properties
18:32:43.244 [FXGL Background Thread 1 ] DEBUG AssetLoaderService   - Loading from file system: /assets/properties/languages/german.properties
18:32:43.245 [FXGL Background Thread 1 ] DEBUG AssetLoaderService   - Loading from file system: /assets/properties/languages/hungarian.properties
18:32:43.245 [FXGL Background Thread 1 ] DEBUG AssetLoaderService   - Loading from file system: /assets/properties/languages/russian.properties
18:32:43.246 [FXGL Background Thread 1 ] DEBUG GameApplication      - Registering font factories with UI factory
18:32:43.246 [FXGL Background Thread 1 ] DEBUG AssetLoaderService   - Loading from file system: /assets/ui/fonts/VarelaRound-Regular.ttf
18:32:43.420 [FXGL Background Thread 1 ] DEBUG AssetLoaderService   - Loading from file system: /assets/ui/fonts/Abel-Regular.ttf
18:32:43.426 [FXGL Background Thread 1 ] DEBUG AssetLoaderService   - Loading from file system: /assets/ui/fonts/lucida_console.ttf
18:32:43.434 [FXGL Background Thread 1 ] DEBUG AssetLoaderService   - Loading from file system: /assets/ui/fonts/Courier-Prime.ttf
18:32:43.441 [JavaFX Application Thread] DEBUG Input                - Registered new binding: Move Right - D
18:32:43.441 [JavaFX Application Thread] DEBUG Input                - Registered new binding: Move Left - A
18:32:43.442 [JavaFX Application Thread] DEBUG Input                - Registered new binding: Move Up - W
18:32:43.442 [JavaFX Application Thread] DEBUG Input                - Registered new binding: Move Down - S
18:32:43.442 [JavaFX Application Thread] DEBUG Input                - Registered new binding: Play Sound - F
18:32:43.442 [JavaFX Application Thread] DEBUG AssetLoaderService   - Loading from file system: /assets/textures/fxgl_icon.png
18:32:43.467 [JavaFX Application Thread] DEBUG AssetLoaderService   - Loading from file system: /assets/ui/cursors/fxgl_default.png
18:32:43.469 [JavaFX Application Thread] DEBUG Input                - Registered new binding: Screenshot - P
18:32:43.469 [JavaFX Application Thread] DEBUG Input                - Registered new binding: System info dump - CTRL+9
18:32:43.469 [JavaFX Application Thread] DEBUG Input                - Registered new binding: Restart - CTRL+R
18:32:43.470 [JavaFX Application Thread] DEBUG LoopRunner           - Starting loop
18:32:43.482 [JavaFX Application Thread] DEBUG FXGLStartupScene     - STARTUP
18:32:43.482 [JavaFX Application Thread] DEBUG WindowService        - Starting new game
18:32:43.483 [JavaFX Application Thread] DEBUG Input                - Clearing active input actions
18:32:43.491 [JavaFX Application Thread] DEBUG WindowService        - Removing overlay from FXGLStartupScene and adding to FXGLLoadingScene
18:32:43.491 [JavaFX Application Thread] DEBUG MainWindow           - FXGLStartupScene -> FXGLLoadingScene
18:32:43.491 [JavaFX Application Thread] DEBUG WindowService        - Clearing previous game
18:32:43.491 [JavaFX Application Thread] DEBUG GameScene            - Clearing game scene
18:32:43.491 [JavaFX Application Thread] DEBUG GameWorld            - Clearing game world
18:32:43.491 [JavaFX Application Thread] DEBUG PhysicsWorld         - Clearing physics world
18:32:43.492 [FXGL Background Thread 1 ] DEBUG GameApplication      - Initializing game
18:32:43.496 [FXGL Background Thread 1 ] DEBUG AssetLoaderService   - Loading from file system: /assets/textures/EmptyMap.png
18:32:43.655 [FXGL Background Thread 1 ] DEBUG AssetLoaderService   - Loading from file system: /assets/sounds/soundtrack.wav
18:32:43.722 [FXGL Background Thread 1 ] DEBUG AssetLoaderService   - Loading from file system: /assets/textures/CharacterSprite.png
18:32:43.724 [FXGL Background Thread 1 ] DEBUG AssetLoaderService   - Loading from cache: /assets/textures/CharacterSprite.png
18:32:43.724 [FXGL Background Thread 1 ] DEBUG AssetLoaderService   - Loading from cache: /assets/textures/CharacterSprite.png
18:32:43.724 [FXGL Background Thread 1 ] DEBUG AssetLoaderService   - Loading from cache: /assets/textures/CharacterSprite.png
18:32:43.724 [FXGL Background Thread 1 ] DEBUG AssetLoaderService   - Loading from cache: /assets/textures/CharacterSprite.png
18:32:43.724 [FXGL Background Thread 1 ] DEBUG AssetLoaderService   - Loading from cache: /assets/textures/CharacterSprite.png
18:32:43.727 [FXGL Background Thread 1 ] DEBUG AssetLoaderService   - Loading from file system: /assets/textures/bbox.png
18:32:43.732 [FXGL Background Thread 1 ] DEBUG AssetLoaderService   - Loading from file system: /assets/textures/froggysprite.png
18:32:43.733 [FXGL Background Thread 1 ] DEBUG AssetLoaderService   - Loading from cache: /assets/textures/froggysprite.png
18:32:43.733 [FXGL Background Thread 1 ] DEBUG AssetLoaderService   - Loading from cache: /assets/textures/froggysprite.png
18:32:43.733 [FXGL Background Thread 1 ] DEBUG AssetLoaderService   - Loading from cache: /assets/textures/bbox.png
18:32:43.735 [FXGL Background Thread 1 ] DEBUG AssetLoaderService   - Loading from file system: /assets/textures/blueHouse.png
18:32:43.737 [FXGL Background Thread 1 ] INFO  GameApplication      - Game initialization took: 0.244 sec
18:32:43.751 [JavaFX Application Thread] DEBUG Input                - Clearing active input actions
18:32:43.760 [JavaFX Application Thread] DEBUG WindowService        - Removing overlay from FXGLLoadingScene and adding to GameScene
18:32:43.760 [JavaFX Application Thread] DEBUG MainWindow           - FXGLLoadingScene -> GameScene
18:32:44.424 [JavaFX Application Thread] DEBUG AssetLoaderService   - Loading from file system: /assets/sounds/sound.wav
18:32:46.242 [FXGL Background Thread 2 ] DEBUG Engine               - Logging environment variables
18:32:46.242 [FXGL Background Thread 2 ] DEBUG Engine               - achievements: []
18:32:46.242 [FXGL Background Thread 2 ] DEBUG Engine               - language: ObjectProperty [value: ENGLISH]
18:32:46.242 [FXGL Background Thread 2 ] DEBUG Engine               - isCloseConfirmation: false
18:32:46.242 [FXGL Background Thread 2 ] DEBUG Engine               - isProfilingEnabled: false
18:32:46.242 [FXGL Background Thread 2 ] DEBUG Engine               - soundNotification: core/notification.wav
18:32:46.242 [FXGL Background Thread 2 ] DEBUG Engine               - devShowBBoxProperty: BooleanProperty [value: false]
18:32:46.242 [FXGL Background Thread 2 ] DEBUG Engine               - pixelsPerMeter: 50.0
18:32:46.242 [FXGL Background Thread 2 ] DEBUG Engine               - appIcon: fxgl_icon.png
18:32:46.243 [FXGL Background Thread 2 ] DEBUG Engine               - soundMenuBack: menu/back.wav
18:32:46.243 [FXGL Background Thread 2 ] DEBUG Engine               - isFullScreenAllowed: false
18:32:46.243 [FXGL Background Thread 2 ] DEBUG Engine               - isIntroEnabled: false
18:32:46.243 [FXGL Background Thread 2 ] DEBUG Engine               - fontMono: lucida_console.ttf
18:32:46.243 [FXGL Background Thread 2 ] DEBUG Engine               - soundMenuSelect: menu/select.wav
18:32:46.243 [FXGL Background Thread 2 ] DEBUG Engine               - isWindows: true
18:32:46.243 [FXGL Background Thread 2 ] DEBUG Engine               - isMobile: false
18:32:46.243 [FXGL Background Thread 2 ] DEBUG Engine               - isUserProfileEnabled: false
18:32:46.243 [FXGL Background Thread 2 ] DEBUG Engine               - height: 640
18:32:46.243 [FXGL Background Thread 2 ] DEBUG Engine               - isExperimentalNative: false
18:32:46.243 [FXGL Background Thread 2 ] DEBUG Engine               - settings: Title: FriendMaker2077
Version: 0.1
Width: 640
Height: 640
Fullscreen: false
Intro: false
Menus: false
Profiling: false
Single step:false
App Mode: DEVELOPER
Menu Key: ESCAPE
Stage Style: DECORATED
Scene Factory: class ui.MenuFactory

18:32:46.243 [FXGL Background Thread 2 ] DEBUG Engine               - cSSList: [fxgl_dark.css]
18:32:46.244 [FXGL Background Thread 2 ] DEBUG Engine               - isSingleStep: false
18:32:46.244 [FXGL Background Thread 2 ] DEBUG Engine               - fontGame: Abel-Regular.ttf
18:32:46.244 [FXGL Background Thread 2 ] DEBUG Engine               - menuKey: ESCAPE
18:32:46.244 [FXGL Background Thread 2 ] DEBUG Engine               - devShowPositionProperty: BooleanProperty [value: false]
18:32:46.244 [FXGL Background Thread 2 ] DEBUG Engine               - versionCheckDays: 7
18:32:46.244 [FXGL Background Thread 2 ] DEBUG Engine               - configClass: Optional.empty
18:32:46.244 [FXGL Background Thread 2 ] DEBUG Engine               - isFullScreenFromStart: false
18:32:46.244 [FXGL Background Thread 2 ] DEBUG Engine               - version: 0.1
18:32:46.244 [FXGL Background Thread 2 ] DEBUG Engine               - fullScreen: BooleanProperty [value: false]
18:32:46.244 [FXGL Background Thread 2 ] DEBUG Engine               - randomSeed: -1
18:32:46.244 [FXGL Background Thread 2 ] DEBUG Engine               - gameDifficultyProperty: ObjectProperty [value: MEDIUM]
18:32:46.244 [FXGL Background Thread 2 ] DEBUG Engine               - applicationMode: DEVELOPER
18:32:46.244 [FXGL Background Thread 2 ] DEBUG Engine               - isMac: false
18:32:46.245 [FXGL Background Thread 2 ] DEBUG Engine               - isMenuEnabled: false
18:32:46.245 [FXGL Background Thread 2 ] DEBUG Engine               - profileName: StringProperty [value: DEFAULT]
18:32:46.245 [FXGL Background Thread 2 ] DEBUG Engine               - urlPOM: https://raw.githubusercontent.com/AlmasB/FXGL/master/pom.xml
18:32:46.245 [FXGL Background Thread 2 ] DEBUG Engine               - notificationViewClass: class com.almasb.fxgl.notification.view.XboxNotificationView
18:32:46.245 [FXGL Background Thread 2 ] DEBUG Engine               - devSensorColorProperty: ObjectProperty [value: 0xffff00ff]
18:32:46.245 [FXGL Background Thread 2 ] DEBUG Engine               - sceneFactory: ui.MenuFactory@74f60985
18:32:46.245 [FXGL Background Thread 2 ] DEBUG Engine               - stageStyle: DECORATED
18:32:46.245 [FXGL Background Thread 2 ] DEBUG Engine               - isManualResizeEnabled: false
18:32:46.245 [FXGL Background Thread 2 ] DEBUG Engine               - title: FriendMaker2077
18:32:46.245 [FXGL Background Thread 2 ] DEBUG Engine               - platform: WINDOWS
18:32:46.245 [FXGL Background Thread 2 ] DEBUG Engine               - devBBoxColorProperty: ObjectProperty [value: 0xff0000ff]
18:32:46.246 [FXGL Background Thread 2 ] DEBUG Engine               - gameDifficulty: MEDIUM
18:32:46.246 [FXGL Background Thread 2 ] DEBUG Engine               - isDesktop: true
18:32:46.246 [FXGL Background Thread 2 ] DEBUG Engine               - supportedLanguages: [ENGLISH, FRENCH, GERMAN, HUNGARIAN, RUSSIAN]
18:32:46.246 [FXGL Background Thread 2 ] DEBUG Engine               - credits: []
18:32:46.246 [FXGL Background Thread 2 ] DEBUG Engine               - globalMusicVolumeProperty: DoubleProperty [value: 0.5]
18:32:46.246 [FXGL Background Thread 2 ] DEBUG Engine               - isPreserveResizeRatio: false
18:32:46.246 [FXGL Background Thread 2 ] DEBUG Engine               - fontText: Courier-Prime.ttf
18:32:46.246 [FXGL Background Thread 2 ] DEBUG Engine               - isExperimentalTiledLargeMap: false
18:32:46.246 [FXGL Background Thread 2 ] DEBUG Engine               - secondsIn24h: 60
18:32:46.246 [FXGL Background Thread 2 ] DEBUG Engine               - runtimeInfo: RuntimeInfo(platform=WINDOWS, version=11.8, build=08.03.2020 09.25)
18:32:46.246 [FXGL Background Thread 2 ] DEBUG Engine               - isLinux: false
18:32:46.246 [FXGL Background Thread 2 ] DEBUG Engine               - soundMenuPress: menu/press.wav
18:32:46.246 [FXGL Background Thread 2 ] DEBUG Engine               - urlGithub: https://github.com/AlmasB/FXGL
18:32:46.246 [FXGL Background Thread 2 ] DEBUG Engine               - profileDir: profiles/
18:32:46.247 [FXGL Background Thread 2 ] DEBUG Engine               - isDeveloperMenuEnabled: false
18:32:46.247 [FXGL Background Thread 2 ] DEBUG Engine               - globalSoundVolumeProperty: DoubleProperty [value: 0.5]
18:32:46.247 [FXGL Background Thread 2 ] DEBUG Engine               - mainWindow: com.almasb.fxgl.app.MainWindow@70c993c3
18:32:46.247 [FXGL Background Thread 2 ] DEBUG Engine               - isBrowser: false
18:32:46.247 [FXGL Background Thread 2 ] DEBUG Engine               - globalSoundVolume: 0.5
18:32:46.247 [FXGL Background Thread 2 ] DEBUG Engine               - urlLeaderboard: http://fxgl-top.herokuapp.com/
18:32:46.247 [FXGL Background Thread 2 ] DEBUG Engine               - engineServices: [class com.almasb.fxgl.app.GameApplication$GameApplicationService, class com.almasb.fxgl.app.services.WindowService, class com.almasb.fxgl.app.services.FXGLDialogService, class com.almasb.fxgl.app.services.IOTaskExecutorService, class com.almasb.fxgl.event.EventBusService, class com.almasb.fxgl.io.FileSystemService, class com.almasb.fxgl.localization.LocalizationService, class com.almasb.fxgl.app.services.AssetLoaderService, class com.almasb.fxgl.app.services.SystemBundleService, class com.almasb.fxgl.profile.SaveLoadService, class com.almasb.fxgl.ui.FXGLUIFactoryServiceProvider, class com.almasb.fxgl.ui.FXGLDialogFactoryServiceProvider, class com.almasb.fxgl.audio.AudioPlayer, class com.almasb.fxgl.notification.impl.NotificationServiceProvider, class com.almasb.fxgl.achievement.AchievementService, class com.almasb.fxgl.cutscene.CutsceneService, class com.almasb.fxgl.minigames.MiniGameService, class com.almasb.fxgl.net.NetService, class com.almasb.fxgl.app.services.UpdaterService]
18:32:46.247 [FXGL Background Thread 2 ] DEBUG Engine               - globalMusicVolume: 0.5
18:32:46.247 [FXGL Background Thread 2 ] DEBUG Engine               - width: 640
18:32:46.247 [FXGL Background Thread 2 ] DEBUG Engine               - saveFileExt: sav
18:32:46.247 [FXGL Background Thread 2 ] DEBUG Engine               - isAndroid: false
18:32:46.247 [FXGL Background Thread 2 ] DEBUG Engine               - fontUI: VarelaRound-Regular.ttf
18:32:46.247 [FXGL Background Thread 2 ] DEBUG Engine               - enabledMenuItems: []
18:32:46.248 [FXGL Background Thread 2 ] DEBUG Engine               - isIOS: false
18:32:46.248 [FXGL Background Thread 2 ] DEBUG Engine               - Logging services
18:32:46.248 [FXGL Background Thread 2 ] DEBUG Engine               - class com.almasb.fxgl.app.GameApplication$GameApplicationService
18:32:46.248 [FXGL Background Thread 2 ] DEBUG Engine               - class com.almasb.fxgl.app.services.WindowService
18:32:46.248 [FXGL Background Thread 2 ] DEBUG Engine               - class com.almasb.fxgl.app.services.FXGLDialogService
18:32:46.248 [FXGL Background Thread 2 ] DEBUG Engine               - class com.almasb.fxgl.app.services.IOTaskExecutorService
18:32:46.248 [FXGL Background Thread 2 ] DEBUG Engine               - class com.almasb.fxgl.event.EventBusService
18:32:46.248 [FXGL Background Thread 2 ] DEBUG Engine               - class com.almasb.fxgl.io.FileSystemService
18:32:46.248 [FXGL Background Thread 2 ] DEBUG Engine               - class com.almasb.fxgl.localization.LocalizationService
18:32:46.248 [FXGL Background Thread 2 ] DEBUG Engine               - class com.almasb.fxgl.app.services.AssetLoaderService
18:32:46.248 [FXGL Background Thread 2 ] DEBUG Engine               - class com.almasb.fxgl.app.services.SystemBundleService
18:32:46.248 [FXGL Background Thread 2 ] DEBUG Engine               - class com.almasb.fxgl.profile.SaveLoadService
18:32:46.248 [FXGL Background Thread 2 ] DEBUG Engine               - class com.almasb.fxgl.ui.FXGLUIFactoryServiceProvider
18:32:46.248 [FXGL Background Thread 2 ] DEBUG Engine               - class com.almasb.fxgl.ui.FXGLDialogFactoryServiceProvider
18:32:46.249 [FXGL Background Thread 2 ] DEBUG Engine               - class com.almasb.fxgl.audio.AudioPlayer
18:32:46.249 [FXGL Background Thread 2 ] DEBUG Engine               - class com.almasb.fxgl.notification.impl.NotificationServiceProvider
18:32:46.249 [FXGL Background Thread 2 ] DEBUG Engine               - class com.almasb.fxgl.achievement.AchievementService
18:32:46.249 [FXGL Background Thread 2 ] DEBUG Engine               - class com.almasb.fxgl.cutscene.CutsceneService
18:32:46.249 [FXGL Background Thread 2 ] DEBUG Engine               - class com.almasb.fxgl.minigames.MiniGameService
18:32:46.249 [FXGL Background Thread 2 ] DEBUG Engine               - class com.almasb.fxgl.net.NetService
18:32:46.249 [FXGL Background Thread 2 ] DEBUG Engine               - class com.almasb.fxgl.app.services.UpdaterService
18:32:48.134 [JavaFX Application Thread] DEBUG AssetLoaderService   - Loading from cache: /assets/sounds/sound.wav
18:32:48.285 [JavaFX Application Thread] DEBUG AssetLoaderService   - Loading from cache: /assets/sounds/sound.wav
18:32:48.451 [JavaFX Application Thread] DEBUG AssetLoaderService   - Loading from cache: /assets/sounds/sound.wav
18:32:48.611 [JavaFX Application Thread] DEBUG AssetLoaderService   - Loading from cache: /assets/sounds/sound.wav
18:32:48.739 [JavaFX Application Thread] DEBUG AssetLoaderService   - Loading from cache: /assets/sounds/sound.wav
18:32:48.934 [JavaFX Application Thread] DEBUG AssetLoaderService   - Loading from cache: /assets/sounds/sound.wav
18:32:49.684 [JavaFX Application Thread] DEBUG AssetLoaderService   - Loading from cache: /assets/sounds/sound.wav
18:32:49.935 [JavaFX Application Thread] DEBUG AssetLoaderService   - Loading from cache: /assets/sounds/sound.wav
18:32:50.199 [JavaFX Application Thread] DEBUG AssetLoaderService   - Loading from cache: /assets/sounds/sound.wav
18:32:50.434 [JavaFX Application Thread] DEBUG AssetLoaderService   - Loading from cache: /assets/sounds/sound.wav
18:32:50.958 [JavaFX Application Thread] DEBUG AssetLoaderService   - Loading from cache: /assets/sounds/sound.wav
18:32:51.655 [JavaFX Application Thread] DEBUG AssetLoaderService   - Loading from cache: /assets/sounds/sound.wav
18:32:52.455 [JavaFX Application Thread] DEBUG AssetLoaderService   - Loading from cache: /assets/sounds/sound.wav
18:33:01.100 [JavaFX Application Thread] DEBUG AssetLoaderService   - Loading from cache: /assets/sounds/sound.wav
18:33:01.251 [JavaFX Application Thread] DEBUG AssetLoaderService   - Loading from cache: /assets/sounds/sound.wav
18:33:01.423 [JavaFX Application Thread] DEBUG AssetLoaderService   - Loading from cache: /assets/sounds/sound.wav
18:33:01.584 [JavaFX Application Thread] DEBUG AssetLoaderService   - Loading from cache: /assets/sounds/sound.wav
18:33:01.768 [JavaFX Application Thread] DEBUG AssetLoaderService   - Loading from cache: /assets/sounds/sound.wav
18:33:02.201 [JavaFX Application Thread] DEBUG AssetLoaderService   - Loading from cache: /assets/sounds/sound.wav
18:33:02.384 [JavaFX Application Thread] DEBUG AssetLoaderService   - Loading from cache: /assets/sounds/sound.wav
18:33:04.424 [JavaFX Application Thread] DEBUG GameApplication      - Exiting FXGL
18:33:04.424 [JavaFX Application Thread] DEBUG LoopRunner           - Stopping loop
18:33:04.425 [JavaFX Application Thread] DEBUG SystemBundleService  - Saving FXGL system data
18:33:04.426 [JavaFX Application Thread] DEBUG FileSystemAccess     - Writing to: C:\Users\Adam Cunard\git\FriendMaker2077-07-03\Project\system\fxgl.bundle
18:33:04.427 [JavaFX Application Thread] DEBUG GameApplication      - Shutting down background threads
18:33:04.427 [JavaFX Application Thread] DEBUG GameApplication      - Closing logger and exiting JavaFX
