14:36:11.641 [main                     ] DEBUG GameApplication      - Logger initialized
14:36:11.651 [main                     ] DEBUG GameApplication      - Logging settings
Title: FriendMaker2077
Version: 0.1
Width: 640
Height: 640
Fullscreen: false
Intro: false
Menus: true
Profiling: false
Single step:false
App Mode: DEVELOPER
Menu Key: ESCAPE
Stage Style: DECORATED
Scene Factory: class ui.MenuFactory

14:36:11.805 [JavaFX Application Thread] DEBUG GameApplication      - Initializing FXGL
14:36:11.810 [JavaFX Application Thread] INFO  Engine               - FXGL-11.8 (08.03.2020 09.25) on WINDOWS (J:13.0.2 FX:11.0.2)
14:36:11.810 [JavaFX Application Thread] INFO  Engine               - Source code and latest versions at: https://github.com/AlmasB/FXGL
14:36:11.810 [JavaFX Application Thread] INFO  Engine               -              Join the FXGL chat at: https://gitter.im/AlmasB/FXGL
14:36:11.873 [JavaFX Application Thread] DEBUG MainWindow           - Creating a JavaFX scene
14:36:11.902 [JavaFX Application Thread] DEBUG MainWindow           - Target settings size: 640.0 x 640.0
14:36:11.902 [JavaFX Application Thread] DEBUG MainWindow           - Scaled scene size:    640.0 x 640.0
14:36:11.902 [JavaFX Application Thread] DEBUG MainWindow           - Scaled ratio: (1.0, 1.0)
14:36:11.903 [JavaFX Application Thread] DEBUG MainWindow           - Set initial scene to FXGLStartupScene
14:36:11.906 [JavaFX Application Thread] DEBUG MainWindow           - Opening main window
14:36:11.956 [JavaFX Application Thread] DEBUG MainWindow           - Window border size: (16.0, 39.0)
14:36:11.956 [JavaFX Application Thread] DEBUG MainWindow           - Scaled size: 640.0 x 640.0
14:36:11.956 [JavaFX Application Thread] DEBUG MainWindow           - Scaled ratio: (1.0, 1.0)
14:36:11.956 [JavaFX Application Thread] DEBUG MainWindow           - Scene size: 640.0 x 640.0
14:36:11.957 [JavaFX Application Thread] DEBUG MainWindow           - Stage size: 656.0 x 679.0
14:36:11.962 [FXGL Background Thread 1 ] DEBUG Engine               - Initializing environment variables
14:36:11.979 [FXGL Background Thread 1 ] DEBUG WindowService        - Applying CSS: fxgl_dark.css
14:36:11.980 [FXGL Background Thread 1 ] DEBUG AssetLoaderService   - Loading from file system: /assets/ui/css/fxgl_dark.css
14:36:12.010 [FXGL Background Thread 1 ] DEBUG WindowService        - Initializing application scenes
14:36:12.029 [FXGL Background Thread 1 ] DEBUG GameWorld            - Game world initialized
14:36:12.052 [FXGL Background Thread 1 ] DEBUG PhysicsWorld         - Physics world initialized: appHeight=640, physics.ppm=50.0
14:36:12.054 [FXGL Background Thread 1 ] DEBUG GameScene            - Game scene initialized: 640x640
14:36:12.071 [FXGL Background Thread 1 ] DEBUG AssetLoaderService   - Loading from file system: /assets/textures/particles/trace_horizontal.png
14:36:12.112 [FXGL Background Thread 1 ] WARN  FXGL.DefaultMenu     - FXGLDefaultMenu is not designed for resolutions < 800x600
14:36:12.113 [FXGL Background Thread 1 ] DEBUG FXGL.DefaultMenu     - createMenuBodyMainMenu()
14:36:12.121 [FXGL Background Thread 1 ] DEBUG FXGL.DefaultMenu     - createOptionsMenu()
14:36:12.124 [FXGL Background Thread 1 ] DEBUG FXGL.DefaultMenu     - createExtraMenu()
14:36:12.127 [FXGL Background Thread 1 ] DEBUG AssetLoaderService   - Loading from file system: /assets/textures/particles/smoke.png
14:36:12.172 [FXGL Background Thread 1 ] DEBUG AssetLoaderService   - Loading from cache: /assets/textures/particles/trace_horizontal.png@64.0x64.0
14:36:12.172 [FXGL Background Thread 1 ] WARN  FXGL.DefaultMenu     - FXGLDefaultMenu is not designed for resolutions < 800x600
14:36:12.172 [FXGL Background Thread 1 ] DEBUG FXGL.DefaultMenu     - createMenuBodyGameMenu()
14:36:12.174 [FXGL Background Thread 1 ] DEBUG FXGL.DefaultMenu     - createOptionsMenu()
14:36:12.175 [FXGL Background Thread 1 ] DEBUG FXGL.DefaultMenu     - createExtraMenu()
14:36:12.177 [FXGL Background Thread 1 ] DEBUG AssetLoaderService   - Loading from cache: /assets/textures/particles/smoke.png@128.0x128.0
14:36:12.193 [FXGL Background Thread 1 ] DEBUG WindowService        - Application scenes initialized
14:36:12.198 [FXGL Background Thread 1 ] DEBUG SystemBundleService  - Loading FXGL system data
14:36:12.201 [FXGL Background Thread 1 ] DEBUG FileSystemAccess     - Reading from: C:\Users\otinn\git\FriendMaker2077-07-03\Project\system\fxgl.bundle
14:36:12.205 [FXGL Background Thread 1 ] DEBUG SystemBundleService  - Bundle FXGL: {}
14:36:12.205 [FXGL Background Thread 1 ] INFO  Engine               - FXGL initialization took: 0.242 sec
14:36:12.206 [FXGL Background Thread 1 ] DEBUG GameApplication      - Loading localizations
14:36:12.207 [FXGL Background Thread 1 ] DEBUG AssetLoaderService   - Loading from file system: /assets/properties/languages/english.properties
14:36:12.208 [FXGL Background Thread 1 ] DEBUG AssetLoaderService   - Loading from file system: /assets/properties/languages/french.properties
14:36:12.209 [FXGL Background Thread 1 ] DEBUG AssetLoaderService   - Loading from file system: /assets/properties/languages/german.properties
14:36:12.210 [FXGL Background Thread 1 ] DEBUG AssetLoaderService   - Loading from file system: /assets/properties/languages/hungarian.properties
14:36:12.210 [FXGL Background Thread 1 ] DEBUG AssetLoaderService   - Loading from file system: /assets/properties/languages/russian.properties
14:36:12.211 [FXGL Background Thread 1 ] DEBUG GameApplication      - Registering font factories with UI factory
14:36:12.211 [FXGL Background Thread 1 ] DEBUG AssetLoaderService   - Loading from file system: /assets/ui/fonts/VarelaRound-Regular.ttf
14:36:12.324 [FXGL Background Thread 1 ] DEBUG AssetLoaderService   - Loading from file system: /assets/ui/fonts/Abel-Regular.ttf
14:36:12.331 [FXGL Background Thread 1 ] DEBUG AssetLoaderService   - Loading from file system: /assets/ui/fonts/lucida_console.ttf
14:36:12.339 [FXGL Background Thread 1 ] DEBUG AssetLoaderService   - Loading from file system: /assets/ui/fonts/Courier-Prime.ttf
14:36:12.352 [JavaFX Application Thread] DEBUG Input                - Registered new binding: Move Right - D
14:36:12.352 [JavaFX Application Thread] DEBUG Input                - Registered new binding: Move Left - A
14:36:12.352 [JavaFX Application Thread] DEBUG Input                - Registered new binding: Move Up - W
14:36:12.352 [JavaFX Application Thread] DEBUG Input                - Registered new binding: Move Down - S
14:36:12.352 [JavaFX Application Thread] DEBUG Input                - Registered new binding: Play Sound - F
14:36:12.352 [JavaFX Application Thread] DEBUG AssetLoaderService   - Loading from file system: /assets/textures/fxgl_icon.png
14:36:12.365 [JavaFX Application Thread] DEBUG AssetLoaderService   - Loading from file system: /assets/ui/cursors/fxgl_default.png
14:36:12.366 [JavaFX Application Thread] DEBUG Input                - Registered new binding: Screenshot - P
14:36:12.367 [JavaFX Application Thread] DEBUG Input                - Registered new binding: System info dump - CTRL+9
14:36:12.367 [JavaFX Application Thread] DEBUG Input                - Registered new binding: Restart - CTRL+R
14:36:12.367 [JavaFX Application Thread] DEBUG LoopRunner           - Starting loop
14:36:12.375 [JavaFX Application Thread] DEBUG FXGLStartupScene     - STARTUP
14:36:12.377 [JavaFX Application Thread] DEBUG Input                - Clearing active input actions
14:36:12.391 [JavaFX Application Thread] DEBUG WindowService        - Removing overlay from FXGLStartupScene and adding to FXGLDefaultMenu
14:36:12.391 [JavaFX Application Thread] DEBUG MainWindow           - FXGLStartupScene -> FXGLDefaultMenu
14:36:13.983 [JavaFX Application Thread] DEBUG Menu                 - fireNewGame()
14:36:13.983 [JavaFX Application Thread] DEBUG WindowService        - Starting new game
14:36:13.984 [JavaFX Application Thread] DEBUG Input                - Clearing active input actions
14:36:13.991 [JavaFX Application Thread] DEBUG WindowService        - Removing overlay from FXGLDefaultMenu and adding to FXGLLoadingScene
14:36:13.991 [JavaFX Application Thread] DEBUG MainWindow           - FXGLDefaultMenu -> FXGLLoadingScene
14:36:13.991 [JavaFX Application Thread] DEBUG WindowService        - Clearing previous game
14:36:13.992 [JavaFX Application Thread] DEBUG GameScene            - Clearing game scene
14:36:13.992 [JavaFX Application Thread] DEBUG GameWorld            - Clearing game world
14:36:13.992 [JavaFX Application Thread] DEBUG PhysicsWorld         - Clearing physics world
14:36:13.993 [FXGL Background Thread 1 ] DEBUG GameApplication      - Initializing game
14:36:13.998 [FXGL Background Thread 1 ] DEBUG AssetLoaderService   - Loading from file system: /assets/music/soundtrack.wav
14:36:14.069 [FXGL Background Thread 1 ] DEBUG AudioPlayer          - Playing music com.almasb.fxgl.audio.Music@5a9c37da
14:36:14.070 [FXGL Background Thread 1 ] DEBUG AssetLoaderService   - Loading from file system: /assets/textures/Room.png
14:36:14.083 [FXGL Background Thread 1 ] DEBUG AssetLoaderService   - Loading from cache: /assets/textures/Room.png
14:36:14.083 [FXGL Background Thread 1 ] DEBUG AssetLoaderService   - Loading from file system: /assets/textures/EmptyMap.png
14:36:14.218 [FXGL Background Thread 1 ] DEBUG AssetLoaderService   - Loading from file system: /assets/textures/player.png
14:36:14.219 [FXGL Background Thread 1 ] DEBUG AssetLoaderService   - Loading from cache: /assets/textures/player.png
14:36:14.220 [FXGL Background Thread 1 ] DEBUG AssetLoaderService   - Loading from cache: /assets/textures/player.png
14:36:14.220 [FXGL Background Thread 1 ] DEBUG AssetLoaderService   - Loading from cache: /assets/textures/player.png
14:36:14.220 [FXGL Background Thread 1 ] DEBUG AssetLoaderService   - Loading from cache: /assets/textures/player.png
14:36:14.220 [FXGL Background Thread 1 ] DEBUG AssetLoaderService   - Loading from cache: /assets/textures/player.png
14:36:14.220 [FXGL Background Thread 1 ] DEBUG AssetLoaderService   - Loading from file system: /assets/textures/bbox.png
14:36:14.223 [FXGL Background Thread 1 ] DEBUG AssetLoaderService   - Loading from file system: /assets/textures/froggysprite.png
14:36:14.224 [FXGL Background Thread 1 ] DEBUG AssetLoaderService   - Loading from cache: /assets/textures/froggysprite.png
14:36:14.224 [FXGL Background Thread 1 ] DEBUG AssetLoaderService   - Loading from cache: /assets/textures/froggysprite.png
14:36:14.225 [FXGL Background Thread 1 ] DEBUG AssetLoaderService   - Loading from cache: /assets/textures/bbox.png
14:36:14.226 [FXGL Background Thread 1 ] DEBUG AssetLoaderService   - Loading from file system: /assets/textures/bush.png
14:36:14.227 [FXGL Background Thread 1 ] DEBUG AssetLoaderService   - Loading from cache: /assets/textures/bush.png
14:36:14.228 [FXGL Background Thread 1 ] DEBUG AssetLoaderService   - Loading from file system: /assets/textures/rock.png
14:36:14.228 [FXGL Background Thread 1 ] DEBUG AssetLoaderService   - Loading from cache: /assets/textures/rock.png
14:36:14.229 [FXGL Background Thread 1 ] DEBUG AssetLoaderService   - Loading from file system: /assets/textures/tree.png
14:36:14.229 [FXGL Background Thread 1 ] DEBUG AssetLoaderService   - Loading from cache: /assets/textures/bush.png
14:36:14.230 [FXGL Background Thread 1 ] DEBUG AssetLoaderService   - Loading from cache: /assets/textures/tree.png
14:36:14.230 [FXGL Background Thread 1 ] DEBUG AssetLoaderService   - Loading from cache: /assets/textures/bush.png
14:36:14.231 [FXGL Background Thread 1 ] DEBUG AssetLoaderService   - Loading from file system: /assets/textures/appletree.png
14:36:14.231 [FXGL Background Thread 1 ] DEBUG AssetLoaderService   - Loading from cache: /assets/textures/bush.png
14:36:14.232 [FXGL Background Thread 1 ] DEBUG AssetLoaderService   - Loading from cache: /assets/textures/tree.png
14:36:14.232 [FXGL Background Thread 1 ] DEBUG AssetLoaderService   - Loading from cache: /assets/textures/bush.png
14:36:14.232 [FXGL Background Thread 1 ] DEBUG AssetLoaderService   - Loading from cache: /assets/textures/appletree.png
14:36:14.233 [FXGL Background Thread 1 ] DEBUG AssetLoaderService   - Loading from cache: /assets/textures/bush.png
14:36:14.233 [FXGL Background Thread 1 ] DEBUG AssetLoaderService   - Loading from cache: /assets/textures/appletree.png
14:36:14.240 [FXGL Background Thread 1 ] DEBUG AssetLoaderService   - Loading from cache: /assets/textures/bush.png
14:36:14.241 [FXGL Background Thread 1 ] DEBUG AssetLoaderService   - Loading from cache: /assets/textures/tree.png
14:36:14.241 [FXGL Background Thread 1 ] DEBUG AssetLoaderService   - Loading from cache: /assets/textures/bush.png
14:36:14.241 [FXGL Background Thread 1 ] DEBUG AssetLoaderService   - Loading from cache: /assets/textures/tree.png
14:36:14.242 [FXGL Background Thread 1 ] DEBUG AssetLoaderService   - Loading from cache: /assets/textures/bush.png
14:36:14.242 [FXGL Background Thread 1 ] DEBUG AssetLoaderService   - Loading from cache: /assets/textures/tree.png
14:36:14.243 [FXGL Background Thread 1 ] DEBUG AssetLoaderService   - Loading from cache: /assets/textures/bush.png
14:36:14.243 [FXGL Background Thread 1 ] DEBUG AssetLoaderService   - Loading from cache: /assets/textures/bush.png
14:36:14.249 [FXGL Background Thread 1 ] DEBUG AssetLoaderService   - Loading from cache: /assets/textures/tree.png
14:36:14.249 [FXGL Background Thread 1 ] DEBUG AssetLoaderService   - Loading from cache: /assets/textures/tree.png
14:36:14.250 [FXGL Background Thread 1 ] DEBUG AssetLoaderService   - Loading from cache: /assets/textures/tree.png
14:36:14.250 [FXGL Background Thread 1 ] DEBUG AssetLoaderService   - Loading from cache: /assets/textures/bush.png
14:36:14.251 [FXGL Background Thread 1 ] DEBUG AssetLoaderService   - Loading from cache: /assets/textures/tree.png
14:36:14.251 [FXGL Background Thread 1 ] DEBUG AssetLoaderService   - Loading from cache: /assets/textures/bush.png
14:36:14.252 [FXGL Background Thread 1 ] DEBUG AssetLoaderService   - Loading from cache: /assets/textures/appletree.png
14:36:14.252 [FXGL Background Thread 1 ] DEBUG AssetLoaderService   - Loading from cache: /assets/textures/bush.png
14:36:14.252 [FXGL Background Thread 1 ] DEBUG AssetLoaderService   - Loading from cache: /assets/textures/tree.png
14:36:14.253 [FXGL Background Thread 1 ] DEBUG AssetLoaderService   - Loading from cache: /assets/textures/bush.png
14:36:14.253 [FXGL Background Thread 1 ] DEBUG AssetLoaderService   - Loading from cache: /assets/textures/appletree.png
14:36:14.253 [FXGL Background Thread 1 ] DEBUG AssetLoaderService   - Loading from cache: /assets/textures/bush.png
14:36:14.254 [FXGL Background Thread 1 ] DEBUG AssetLoaderService   - Loading from cache: /assets/textures/appletree.png
14:36:14.254 [FXGL Background Thread 1 ] DEBUG AssetLoaderService   - Loading from cache: /assets/textures/appletree.png
14:36:14.255 [FXGL Background Thread 1 ] DEBUG AssetLoaderService   - Loading from cache: /assets/textures/appletree.png
14:36:14.255 [FXGL Background Thread 1 ] DEBUG AssetLoaderService   - Loading from cache: /assets/textures/appletree.png
14:36:14.255 [FXGL Background Thread 1 ] DEBUG AssetLoaderService   - Loading from cache: /assets/textures/appletree.png
14:36:14.255 [FXGL Background Thread 1 ] DEBUG AssetLoaderService   - Loading from cache: /assets/textures/tree.png
14:36:14.256 [FXGL Background Thread 1 ] DEBUG AssetLoaderService   - Loading from cache: /assets/textures/tree.png
14:36:14.256 [FXGL Background Thread 1 ] DEBUG AssetLoaderService   - Loading from cache: /assets/textures/appletree.png
14:36:14.257 [FXGL Background Thread 1 ] DEBUG AssetLoaderService   - Loading from cache: /assets/textures/bush.png
14:36:14.257 [FXGL Background Thread 1 ] DEBUG AssetLoaderService   - Loading from cache: /assets/textures/appletree.png
14:36:14.258 [FXGL Background Thread 1 ] DEBUG AssetLoaderService   - Loading from cache: /assets/textures/bush.png
14:36:14.258 [FXGL Background Thread 1 ] DEBUG AssetLoaderService   - Loading from cache: /assets/textures/rock.png
14:36:14.258 [FXGL Background Thread 1 ] DEBUG AssetLoaderService   - Loading from cache: /assets/textures/tree.png
14:36:14.259 [FXGL Background Thread 1 ] DEBUG AssetLoaderService   - Loading from cache: /assets/textures/rock.png
14:36:14.259 [FXGL Background Thread 1 ] DEBUG AssetLoaderService   - Loading from cache: /assets/textures/appletree.png
14:36:14.260 [FXGL Background Thread 1 ] DEBUG AssetLoaderService   - Loading from cache: /assets/textures/appletree.png
14:36:14.260 [FXGL Background Thread 1 ] DEBUG AssetLoaderService   - Loading from file system: /assets/textures/lighthouse.png
14:36:14.261 [FXGL Background Thread 1 ] DEBUG AssetLoaderService   - Loading from file system: /assets/textures/greenhouse.png
14:36:14.262 [FXGL Background Thread 1 ] DEBUG AssetLoaderService   - Loading from file system: /assets/textures/bluehouse.png
14:36:14.263 [FXGL Background Thread 1 ] DEBUG AssetLoaderService   - Loading from file system: /assets/textures/redhouse.png
14:36:14.264 [FXGL Background Thread 1 ] DEBUG AssetLoaderService   - Loading from cache: /assets/textures/redhouse.png
14:36:14.264 [FXGL Background Thread 1 ] DEBUG AssetLoaderService   - Loading from cache: /assets/textures/bluehouse.png
14:36:14.265 [FXGL Background Thread 1 ] DEBUG AssetLoaderService   - Loading from cache: /assets/textures/bluehouse.png
14:36:14.265 [FXGL Background Thread 1 ] DEBUG AssetLoaderService   - Loading from cache: /assets/textures/redhouse.png
14:36:14.265 [FXGL Background Thread 1 ] DEBUG AssetLoaderService   - Loading from cache: /assets/textures/bluehouse.png
14:36:14.265 [FXGL Background Thread 1 ] DEBUG AssetLoaderService   - Loading from cache: /assets/textures/redhouse.png
14:36:14.266 [FXGL Background Thread 1 ] DEBUG AssetLoaderService   - Loading from cache: /assets/textures/lighthouse.png
14:36:14.266 [FXGL Background Thread 1 ] DEBUG AssetLoaderService   - Loading from cache: /assets/textures/greenhouse.png
14:36:14.266 [FXGL Background Thread 1 ] INFO  GameApplication      - Game initialization took: 0.274 sec
14:36:14.275 [JavaFX Application Thread] DEBUG Input                - Clearing active input actions
14:36:14.291 [JavaFX Application Thread] DEBUG WindowService        - Removing overlay from FXGLLoadingScene and adding to GameScene
14:36:14.291 [JavaFX Application Thread] DEBUG MainWindow           - FXGLLoadingScene -> GameScene
14:36:15.208 [FXGL Background Thread 2 ] DEBUG Engine               - Logging environment variables
14:36:15.208 [FXGL Background Thread 2 ] DEBUG Engine               - achievements: []
14:36:15.208 [FXGL Background Thread 2 ] DEBUG Engine               - language: ObjectProperty [value: ENGLISH]
14:36:15.208 [FXGL Background Thread 2 ] DEBUG Engine               - isCloseConfirmation: false
14:36:15.208 [FXGL Background Thread 2 ] DEBUG Engine               - isProfilingEnabled: false
14:36:15.208 [FXGL Background Thread 2 ] DEBUG Engine               - soundNotification: core/notification.wav
14:36:15.208 [FXGL Background Thread 2 ] DEBUG Engine               - devShowBBoxProperty: BooleanProperty [value: false]
14:36:15.208 [FXGL Background Thread 2 ] DEBUG Engine               - pixelsPerMeter: 50.0
14:36:15.208 [FXGL Background Thread 2 ] DEBUG Engine               - appIcon: fxgl_icon.png
14:36:15.208 [FXGL Background Thread 2 ] DEBUG Engine               - soundMenuBack: menu/back.wav
14:36:15.208 [FXGL Background Thread 2 ] DEBUG Engine               - isFullScreenAllowed: false
14:36:15.208 [FXGL Background Thread 2 ] DEBUG Engine               - isIntroEnabled: false
14:36:15.209 [FXGL Background Thread 2 ] DEBUG Engine               - fontMono: lucida_console.ttf
14:36:15.209 [FXGL Background Thread 2 ] DEBUG Engine               - soundMenuSelect: menu/select.wav
14:36:15.209 [FXGL Background Thread 2 ] DEBUG Engine               - isWindows: true
14:36:15.209 [FXGL Background Thread 2 ] DEBUG Engine               - isUserProfileEnabled: false
14:36:15.209 [FXGL Background Thread 2 ] DEBUG Engine               - isMobile: false
14:36:15.209 [FXGL Background Thread 2 ] DEBUG Engine               - height: 640
14:36:15.209 [FXGL Background Thread 2 ] DEBUG Engine               - isExperimentalNative: false
14:36:15.209 [FXGL Background Thread 2 ] DEBUG Engine               - settings: Title: FriendMaker2077
Version: 0.1
Width: 640
Height: 640
Fullscreen: false
Intro: false
Menus: true
Profiling: false
Single step:false
App Mode: DEVELOPER
Menu Key: ESCAPE
Stage Style: DECORATED
Scene Factory: class ui.MenuFactory

14:36:15.209 [FXGL Background Thread 2 ] DEBUG Engine               - isSingleStep: false
14:36:15.209 [FXGL Background Thread 2 ] DEBUG Engine               - cSSList: [fxgl_dark.css]
14:36:15.209 [FXGL Background Thread 2 ] DEBUG Engine               - fontGame: Abel-Regular.ttf
14:36:15.209 [FXGL Background Thread 2 ] DEBUG Engine               - menuKey: ESCAPE
14:36:15.209 [FXGL Background Thread 2 ] DEBUG Engine               - devShowPositionProperty: BooleanProperty [value: false]
14:36:15.209 [FXGL Background Thread 2 ] DEBUG Engine               - versionCheckDays: 7
14:36:15.209 [FXGL Background Thread 2 ] DEBUG Engine               - configClass: Optional.empty
14:36:15.209 [FXGL Background Thread 2 ] DEBUG Engine               - isFullScreenFromStart: false
14:36:15.209 [FXGL Background Thread 2 ] DEBUG Engine               - version: 0.1
14:36:15.209 [FXGL Background Thread 2 ] DEBUG Engine               - fullScreen: BooleanProperty [value: false]
14:36:15.209 [FXGL Background Thread 2 ] DEBUG Engine               - randomSeed: -1
14:36:15.210 [FXGL Background Thread 2 ] DEBUG Engine               - gameDifficultyProperty: ObjectProperty [value: MEDIUM]
14:36:15.210 [FXGL Background Thread 2 ] DEBUG Engine               - applicationMode: DEVELOPER
14:36:15.210 [FXGL Background Thread 2 ] DEBUG Engine               - isMac: false
14:36:15.210 [FXGL Background Thread 2 ] DEBUG Engine               - isMenuEnabled: true
14:36:15.210 [FXGL Background Thread 2 ] DEBUG Engine               - urlPOM: https://raw.githubusercontent.com/AlmasB/FXGL/master/pom.xml
14:36:15.210 [FXGL Background Thread 2 ] DEBUG Engine               - profileName: StringProperty [value: DEFAULT]
14:36:15.210 [FXGL Background Thread 2 ] DEBUG Engine               - notificationViewClass: class com.almasb.fxgl.notification.view.XboxNotificationView
14:36:15.210 [FXGL Background Thread 2 ] DEBUG Engine               - devSensorColorProperty: ObjectProperty [value: 0xffff00ff]
14:36:15.210 [FXGL Background Thread 2 ] DEBUG Engine               - sceneFactory: ui.MenuFactory@35c73ce7
14:36:15.210 [FXGL Background Thread 2 ] DEBUG Engine               - stageStyle: DECORATED
14:36:15.210 [FXGL Background Thread 2 ] DEBUG Engine               - isManualResizeEnabled: false
14:36:15.210 [FXGL Background Thread 2 ] DEBUG Engine               - title: FriendMaker2077
14:36:15.210 [FXGL Background Thread 2 ] DEBUG Engine               - platform: WINDOWS
14:36:15.211 [FXGL Background Thread 2 ] DEBUG Engine               - devBBoxColorProperty: ObjectProperty [value: 0xff0000ff]
14:36:15.211 [FXGL Background Thread 2 ] DEBUG Engine               - gameDifficulty: MEDIUM
14:36:15.211 [FXGL Background Thread 2 ] DEBUG Engine               - isDesktop: true
14:36:15.211 [FXGL Background Thread 2 ] DEBUG Engine               - supportedLanguages: [ENGLISH, FRENCH, GERMAN, HUNGARIAN, RUSSIAN]
14:36:15.211 [FXGL Background Thread 2 ] DEBUG Engine               - globalMusicVolumeProperty: DoubleProperty [value: 0.5]
14:36:15.211 [FXGL Background Thread 2 ] DEBUG Engine               - credits: []
14:36:15.211 [FXGL Background Thread 2 ] DEBUG Engine               - isPreserveResizeRatio: false
14:36:15.211 [FXGL Background Thread 2 ] DEBUG Engine               - fontText: Courier-Prime.ttf
14:36:15.211 [FXGL Background Thread 2 ] DEBUG Engine               - isExperimentalTiledLargeMap: false
14:36:15.211 [FXGL Background Thread 2 ] DEBUG Engine               - secondsIn24h: 60
14:36:15.211 [FXGL Background Thread 2 ] DEBUG Engine               - runtimeInfo: RuntimeInfo(platform=WINDOWS, version=11.8, build=08.03.2020 09.25)
14:36:15.211 [FXGL Background Thread 2 ] DEBUG Engine               - isLinux: false
14:36:15.211 [FXGL Background Thread 2 ] DEBUG Engine               - soundMenuPress: menu/press.wav
14:36:15.211 [FXGL Background Thread 2 ] DEBUG Engine               - urlGithub: https://github.com/AlmasB/FXGL
14:36:15.211 [FXGL Background Thread 2 ] DEBUG Engine               - profileDir: profiles/
14:36:15.211 [FXGL Background Thread 2 ] DEBUG Engine               - isDeveloperMenuEnabled: false
14:36:15.212 [FXGL Background Thread 2 ] DEBUG Engine               - globalSoundVolumeProperty: DoubleProperty [value: 0.5]
14:36:15.212 [FXGL Background Thread 2 ] DEBUG Engine               - mainWindow: com.almasb.fxgl.app.MainWindow@31f8be87
14:36:15.212 [FXGL Background Thread 2 ] DEBUG Engine               - isBrowser: false
14:36:15.212 [FXGL Background Thread 2 ] DEBUG Engine               - globalSoundVolume: 0.5
14:36:15.212 [FXGL Background Thread 2 ] DEBUG Engine               - urlLeaderboard: http://fxgl-top.herokuapp.com/
14:36:15.212 [FXGL Background Thread 2 ] DEBUG Engine               - engineServices: [class com.almasb.fxgl.app.GameApplication$GameApplicationService, class com.almasb.fxgl.app.services.WindowService, class com.almasb.fxgl.app.services.FXGLDialogService, class com.almasb.fxgl.app.services.IOTaskExecutorService, class com.almasb.fxgl.event.EventBusService, class com.almasb.fxgl.io.FileSystemService, class com.almasb.fxgl.localization.LocalizationService, class com.almasb.fxgl.app.services.AssetLoaderService, class com.almasb.fxgl.app.services.SystemBundleService, class com.almasb.fxgl.profile.SaveLoadService, class com.almasb.fxgl.ui.FXGLUIFactoryServiceProvider, class com.almasb.fxgl.ui.FXGLDialogFactoryServiceProvider, class com.almasb.fxgl.audio.AudioPlayer, class com.almasb.fxgl.notification.impl.NotificationServiceProvider, class com.almasb.fxgl.achievement.AchievementService, class com.almasb.fxgl.cutscene.CutsceneService, class com.almasb.fxgl.minigames.MiniGameService, class com.almasb.fxgl.net.NetService, class com.almasb.fxgl.app.services.UpdaterService]
14:36:15.212 [FXGL Background Thread 2 ] DEBUG Engine               - globalMusicVolume: 0.5
14:36:15.212 [FXGL Background Thread 2 ] DEBUG Engine               - width: 640
14:36:15.212 [FXGL Background Thread 2 ] DEBUG Engine               - saveFileExt: sav
14:36:15.212 [FXGL Background Thread 2 ] DEBUG Engine               - isAndroid: false
14:36:15.212 [FXGL Background Thread 2 ] DEBUG Engine               - fontUI: VarelaRound-Regular.ttf
14:36:15.212 [FXGL Background Thread 2 ] DEBUG Engine               - enabledMenuItems: [SAVE_LOAD, EXTRA, ONLINE]
14:36:15.212 [FXGL Background Thread 2 ] DEBUG Engine               - isIOS: false
14:36:15.212 [FXGL Background Thread 2 ] DEBUG Engine               - Logging services
14:36:15.212 [FXGL Background Thread 2 ] DEBUG Engine               - class com.almasb.fxgl.app.GameApplication$GameApplicationService
14:36:15.212 [FXGL Background Thread 2 ] DEBUG Engine               - class com.almasb.fxgl.app.services.WindowService
14:36:15.212 [FXGL Background Thread 2 ] DEBUG Engine               - class com.almasb.fxgl.app.services.FXGLDialogService
14:36:15.212 [FXGL Background Thread 2 ] DEBUG Engine               - class com.almasb.fxgl.app.services.IOTaskExecutorService
14:36:15.213 [FXGL Background Thread 2 ] DEBUG Engine               - class com.almasb.fxgl.event.EventBusService
14:36:15.213 [FXGL Background Thread 2 ] DEBUG Engine               - class com.almasb.fxgl.io.FileSystemService
14:36:15.213 [FXGL Background Thread 2 ] DEBUG Engine               - class com.almasb.fxgl.localization.LocalizationService
14:36:15.213 [FXGL Background Thread 2 ] DEBUG Engine               - class com.almasb.fxgl.app.services.AssetLoaderService
14:36:15.213 [FXGL Background Thread 2 ] DEBUG Engine               - class com.almasb.fxgl.app.services.SystemBundleService
14:36:15.213 [FXGL Background Thread 2 ] DEBUG Engine               - class com.almasb.fxgl.profile.SaveLoadService
14:36:15.213 [FXGL Background Thread 2 ] DEBUG Engine               - class com.almasb.fxgl.ui.FXGLUIFactoryServiceProvider
14:36:15.213 [FXGL Background Thread 2 ] DEBUG Engine               - class com.almasb.fxgl.ui.FXGLDialogFactoryServiceProvider
14:36:15.213 [FXGL Background Thread 2 ] DEBUG Engine               - class com.almasb.fxgl.audio.AudioPlayer
14:36:15.213 [FXGL Background Thread 2 ] DEBUG Engine               - class com.almasb.fxgl.notification.impl.NotificationServiceProvider
14:36:15.213 [FXGL Background Thread 2 ] DEBUG Engine               - class com.almasb.fxgl.achievement.AchievementService
14:36:15.213 [FXGL Background Thread 2 ] DEBUG Engine               - class com.almasb.fxgl.cutscene.CutsceneService
14:36:15.213 [FXGL Background Thread 2 ] DEBUG Engine               - class com.almasb.fxgl.minigames.MiniGameService
14:36:15.213 [FXGL Background Thread 2 ] DEBUG Engine               - class com.almasb.fxgl.net.NetService
14:36:15.213 [FXGL Background Thread 2 ] DEBUG Engine               - class com.almasb.fxgl.app.services.UpdaterService
14:36:18.821 [JavaFX Application Thread] DEBUG AssetLoaderService   - Loading from file system: /assets/sounds/move.wav
14:36:18.829 [JavaFX Application Thread] DEBUG Input                - Registered new binding: Next RPG Line - Enter
14:36:18.830 [JavaFX Application Thread] DEBUG MainWindow           - Push state: CutsceneScene
14:36:18.830 [JavaFX Application Thread] DEBUG Input                - Clearing active input actions
14:36:18.831 [JavaFX Application Thread] DEBUG WindowService        - Removing overlay from GameScene and adding to CutsceneScene
14:36:18.831 [JavaFX Application Thread] DEBUG MainWindow           - GameScene -> CutsceneScene
14:36:18.831 [JavaFX Application Thread] DEBUG AssetLoaderService   - Loading from file system: /assets/textures/battleMap.png
14:36:21.444 [JavaFX Application Thread] DEBUG MainWindow           - Pop state: CutsceneScene
14:36:21.444 [JavaFX Application Thread] DEBUG Input                - Clearing active input actions
14:36:21.444 [JavaFX Application Thread] DEBUG WindowService        - Removing overlay from CutsceneScene and adding to GameScene
14:36:21.444 [JavaFX Application Thread] DEBUG MainWindow           - GameScene <- CutsceneScene
14:36:36.870 [JavaFX Application Thread] DEBUG LoopRunner           - Stopping loop
14:36:42.239 [JavaFX Application Thread] FATAL GameApplication      - Uncaught Exception:

Fatal exception occurred: java.lang.StringIndexOutOfBoundsException : begin 0, end -1, length 19
E: java.base/java.lang.String.checkBoundsBeginEnd(String.java:3720)
E: java.base/java.lang.String.substring(String.java:1909)
E: com.almasb.fxgl.cutscene.Cutscene.<init>(Cutscene.kt:18)
E: application.GameApp.finishBattle(GameApp.java:478)
E: application.GameApp.onUpdate(GameApp.java:324)
E: com.almasb.fxgl.app.GameApplication$GameApplicationService.onGameUpdate(GameApplication.java:384)
E: com.almasb.fxgl.app.Engine.onGameUpdate(Engine.kt:133)
E: com.almasb.fxgl.app.GameApplication$FXGLApplication.lambda$postServicesInit$4(GameApplication.java:268)
E: com.almasb.fxgl.scene.Scene.update(Scene.kt:77)
E: com.almasb.fxgl.app.MainWindow$update$1.invoke(MainWindow.kt:208)
E: com.almasb.fxgl.app.MainWindow$update$1.invoke(MainWindow.kt:38)
E: com.almasb.fxgl.core.fsm.StateMachine.runOnActiveStates(StateMachine.kt:60)
E: com.almasb.fxgl.app.MainWindow.update(MainWindow.kt:208)
E: com.almasb.fxgl.app.services.WindowService.onUpdate(WindowService.kt:115)
E: com.almasb.fxgl.app.Engine.loop(Engine.kt:129)
E: com.almasb.fxgl.app.Engine.access$loop(Engine.kt:25)
E: com.almasb.fxgl.app.Engine$loop$1.invoke(Engine.kt:29)
E: com.almasb.fxgl.app.Engine$loop$1.invoke(Engine.kt:25)
E: com.almasb.fxgl.app.LoopRunner.frame(LoopRunner.kt:86)
E: com.almasb.fxgl.app.LoopRunner.access$frame(LoopRunner.kt:17)
E: com.almasb.fxgl.app.LoopRunner$impl$2$1.handle(LoopRunner.kt:37)
E: javafx.graphics/javafx.animation.AnimationTimer$AnimationTimerReceiver.lambda$handle$0(AnimationTimer.java:57)
E: java.base/java.security.AccessController.doPrivileged(AccessController.java:391)
E: javafx.graphics/javafx.animation.AnimationTimer$AnimationTimerReceiver.handle(AnimationTimer.java:56)
E: javafx.graphics/com.sun.scenario.animation.AbstractMasterTimer.timePulseImpl(AbstractMasterTimer.java:357)
E: javafx.graphics/com.sun.scenario.animation.AbstractMasterTimer$MainLoop.run(AbstractMasterTimer.java:267)
E: javafx.graphics/com.sun.javafx.tk.quantum.QuantumToolkit.pulse(QuantumToolkit.java:515)
E: javafx.graphics/com.sun.javafx.tk.quantum.QuantumToolkit.pulse(QuantumToolkit.java:499)
E: javafx.graphics/com.sun.javafx.tk.quantum.QuantumToolkit.pulseFromQueue(QuantumToolkit.java:492)
E: javafx.graphics/com.sun.javafx.tk.quantum.QuantumToolkit.lambda$runToolkit$11(QuantumToolkit.java:320)
E: javafx.graphics/com.sun.glass.ui.InvokeLaterDispatcher$Future.run(InvokeLaterDispatcher.java:96)
E: javafx.graphics/com.sun.glass.ui.win.WinApplication._runLoop(Native Method)
E: javafx.graphics/com.sun.glass.ui.win.WinApplication.lambda$runLoop$3(WinApplication.java:174)
E: java.base/java.lang.Thread.run(Thread.java:830)

14:36:42.239 [JavaFX Application Thread] FATAL GameApplication      - Application will now exit
14:36:42.239 [JavaFX Application Thread] DEBUG GameApplication      - Exiting FXGL
14:36:42.239 [JavaFX Application Thread] DEBUG GameApplication      - Shutting down background threads
14:36:42.240 [JavaFX Application Thread] DEBUG GameApplication      - Closing logger and exiting JavaFX
