11:19:32.224 [main                     ] DEBUG GameApplication      - Logger initialized
11:19:32.233 [main                     ] DEBUG GameApplication      - Logging settings
Title: FriendMaker2077
Version: 0.1
Width: 640
Height: 640
Fullscreen: false
Intro: false
Menus: false
Profiling: false
Single step:false
App Mode: DEVELOPER
Menu Key: ESCAPE
Stage Style: DECORATED
Scene Factory: class ui.MenuFactory

11:19:32.380 [JavaFX Application Thread] DEBUG GameApplication      - Initializing FXGL
11:19:32.385 [JavaFX Application Thread] INFO  Engine               - FXGL-11.8 (08.03.2020 09.25) on WINDOWS (J:13.0.2 FX:11.0.2)
11:19:32.385 [JavaFX Application Thread] INFO  Engine               - Source code and latest versions at: https://github.com/AlmasB/FXGL
11:19:32.385 [JavaFX Application Thread] INFO  Engine               -              Join the FXGL chat at: https://gitter.im/AlmasB/FXGL
11:19:32.444 [JavaFX Application Thread] DEBUG MainWindow           - Creating a JavaFX scene
11:19:32.471 [JavaFX Application Thread] DEBUG MainWindow           - Target settings size: 640.0 x 640.0
11:19:32.471 [JavaFX Application Thread] DEBUG MainWindow           - Scaled scene size:    640.0 x 640.0
11:19:32.471 [JavaFX Application Thread] DEBUG MainWindow           - Scaled ratio: (1.0, 1.0)
11:19:32.472 [JavaFX Application Thread] DEBUG MainWindow           - Set initial scene to FXGLStartupScene
11:19:32.475 [JavaFX Application Thread] DEBUG MainWindow           - Opening main window
11:19:32.531 [JavaFX Application Thread] DEBUG MainWindow           - Window border size: (16.0, 39.0)
11:19:32.531 [JavaFX Application Thread] DEBUG MainWindow           - Scaled size: 640.0 x 640.0
11:19:32.531 [JavaFX Application Thread] DEBUG MainWindow           - Scaled ratio: (1.0, 1.0)
11:19:32.531 [JavaFX Application Thread] DEBUG MainWindow           - Scene size: 640.0 x 640.0
11:19:32.531 [JavaFX Application Thread] DEBUG MainWindow           - Stage size: 656.0 x 679.0
11:19:32.536 [FXGL Background Thread 1 ] DEBUG Engine               - Initializing environment variables
11:19:32.555 [FXGL Background Thread 1 ] DEBUG WindowService        - Applying CSS: fxgl_dark.css
11:19:32.556 [FXGL Background Thread 1 ] DEBUG AssetLoaderService   - Loading from file system: /assets/ui/css/fxgl_dark.css
11:19:32.586 [FXGL Background Thread 1 ] DEBUG WindowService        - Initializing application scenes
11:19:32.605 [FXGL Background Thread 1 ] DEBUG GameWorld            - Game world initialized
11:19:32.628 [FXGL Background Thread 1 ] DEBUG PhysicsWorld         - Physics world initialized: appHeight=640, physics.ppm=50.0
11:19:32.629 [FXGL Background Thread 1 ] DEBUG GameScene            - Game scene initialized: 640x640
11:19:32.633 [FXGL Background Thread 1 ] DEBUG Input                - Registered new binding: Resume - Esc
11:19:32.644 [FXGL Background Thread 1 ] DEBUG Input                - Registered new binding: Pause - Esc
11:19:32.644 [FXGL Background Thread 1 ] DEBUG WindowService        - Application scenes initialized
11:19:32.652 [FXGL Background Thread 1 ] DEBUG SystemBundleService  - Loading FXGL system data
11:19:32.654 [FXGL Background Thread 1 ] DEBUG FileSystemAccess     - Reading from: C:\Users\otinn\git\FriendMaker2077-07-03\Project\system\fxgl.bundle
11:19:32.660 [FXGL Background Thread 1 ] DEBUG SystemBundleService  - Bundle FXGL: {}
11:19:32.660 [FXGL Background Thread 1 ] INFO  Engine               - FXGL initialization took: 0.122 sec
11:19:32.661 [FXGL Background Thread 1 ] DEBUG GameApplication      - Loading localizations
11:19:32.662 [FXGL Background Thread 1 ] DEBUG AssetLoaderService   - Loading from file system: /assets/properties/languages/english.properties
11:19:32.663 [FXGL Background Thread 1 ] DEBUG AssetLoaderService   - Loading from file system: /assets/properties/languages/french.properties
11:19:32.664 [FXGL Background Thread 1 ] DEBUG AssetLoaderService   - Loading from file system: /assets/properties/languages/german.properties
11:19:32.665 [FXGL Background Thread 1 ] DEBUG AssetLoaderService   - Loading from file system: /assets/properties/languages/hungarian.properties
11:19:32.667 [FXGL Background Thread 1 ] DEBUG AssetLoaderService   - Loading from file system: /assets/properties/languages/russian.properties
11:19:32.668 [FXGL Background Thread 1 ] DEBUG GameApplication      - Registering font factories with UI factory
11:19:32.668 [FXGL Background Thread 1 ] DEBUG AssetLoaderService   - Loading from file system: /assets/ui/fonts/VarelaRound-Regular.ttf
11:19:32.776 [FXGL Background Thread 1 ] DEBUG AssetLoaderService   - Loading from file system: /assets/ui/fonts/Abel-Regular.ttf
11:19:32.783 [FXGL Background Thread 1 ] DEBUG AssetLoaderService   - Loading from file system: /assets/ui/fonts/lucida_console.ttf
11:19:32.791 [FXGL Background Thread 1 ] DEBUG AssetLoaderService   - Loading from file system: /assets/ui/fonts/Courier-Prime.ttf
11:19:32.799 [JavaFX Application Thread] DEBUG Input                - Registered new binding: Move Right - D
11:19:32.799 [JavaFX Application Thread] DEBUG Input                - Registered new binding: Move Left - A
11:19:32.799 [JavaFX Application Thread] DEBUG Input                - Registered new binding: Move Up - W
11:19:32.799 [JavaFX Application Thread] DEBUG Input                - Registered new binding: Move Down - S
11:19:32.799 [JavaFX Application Thread] DEBUG Input                - Registered new binding: Play Sound - F
11:19:32.799 [JavaFX Application Thread] DEBUG AssetLoaderService   - Loading from file system: /assets/textures/fxgl_icon.png
11:19:32.828 [JavaFX Application Thread] DEBUG AssetLoaderService   - Loading from file system: /assets/ui/cursors/fxgl_default.png
11:19:32.830 [JavaFX Application Thread] DEBUG Input                - Registered new binding: Screenshot - P
11:19:32.830 [JavaFX Application Thread] DEBUG Input                - Registered new binding: System info dump - CTRL+9
11:19:32.830 [JavaFX Application Thread] DEBUG Input                - Registered new binding: Restart - CTRL+R
11:19:32.830 [JavaFX Application Thread] DEBUG LoopRunner           - Starting loop
11:19:32.839 [JavaFX Application Thread] DEBUG FXGLStartupScene     - STARTUP
11:19:32.839 [JavaFX Application Thread] DEBUG WindowService        - Starting new game
11:19:32.840 [JavaFX Application Thread] DEBUG Input                - Clearing active input actions
11:19:32.848 [JavaFX Application Thread] DEBUG WindowService        - Removing overlay from FXGLStartupScene and adding to FXGLLoadingScene
11:19:32.848 [JavaFX Application Thread] DEBUG MainWindow           - FXGLStartupScene -> FXGLLoadingScene
11:19:32.848 [JavaFX Application Thread] DEBUG WindowService        - Clearing previous game
11:19:32.848 [JavaFX Application Thread] DEBUG GameScene            - Clearing game scene
11:19:32.848 [JavaFX Application Thread] DEBUG GameWorld            - Clearing game world
11:19:32.848 [JavaFX Application Thread] DEBUG PhysicsWorld         - Clearing physics world
11:19:32.849 [FXGL Background Thread 1 ] DEBUG GameApplication      - Initializing game
11:19:32.854 [FXGL Background Thread 1 ] DEBUG AssetLoaderService   - Loading from file system: /assets/music/soundtrack.wav
11:19:32.926 [FXGL Background Thread 1 ] DEBUG AudioPlayer          - Playing music com.almasb.fxgl.audio.Music@7598c3bf
11:19:32.931 [FXGL Background Thread 1 ] DEBUG AssetLoaderService   - Loading from file system: /assets/textures/Room.png
11:19:32.945 [FXGL Background Thread 1 ] DEBUG AssetLoaderService   - Loading from cache: /assets/textures/Room.png
11:19:32.946 [FXGL Background Thread 1 ] DEBUG AssetLoaderService   - Loading from file system: /assets/textures/EmptyMap.png
11:19:33.074 [FXGL Background Thread 1 ] DEBUG AssetLoaderService   - Loading from file system: /assets/textures/player.png
11:19:33.076 [FXGL Background Thread 1 ] DEBUG AssetLoaderService   - Loading from cache: /assets/textures/player.png
11:19:33.076 [FXGL Background Thread 1 ] DEBUG AssetLoaderService   - Loading from cache: /assets/textures/player.png
11:19:33.076 [FXGL Background Thread 1 ] DEBUG AssetLoaderService   - Loading from cache: /assets/textures/player.png
11:19:33.076 [FXGL Background Thread 1 ] DEBUG AssetLoaderService   - Loading from cache: /assets/textures/player.png
11:19:33.076 [FXGL Background Thread 1 ] DEBUG AssetLoaderService   - Loading from cache: /assets/textures/player.png
11:19:33.077 [FXGL Background Thread 1 ] DEBUG AssetLoaderService   - Loading from file system: /assets/textures/bbox.png
11:19:33.080 [FXGL Background Thread 1 ] DEBUG AssetLoaderService   - Loading from file system: /assets/textures/froggysprite.png
11:19:33.080 [FXGL Background Thread 1 ] DEBUG AssetLoaderService   - Loading from cache: /assets/textures/froggysprite.png
11:19:33.080 [FXGL Background Thread 1 ] DEBUG AssetLoaderService   - Loading from cache: /assets/textures/froggysprite.png
11:19:33.081 [FXGL Background Thread 1 ] DEBUG AssetLoaderService   - Loading from cache: /assets/textures/bbox.png
11:19:33.081 [FXGL Background Thread 1 ] DEBUG AssetLoaderService   - Loading from file system: /assets/textures/bush.png
11:19:33.082 [FXGL Background Thread 1 ] DEBUG AssetLoaderService   - Loading from cache: /assets/textures/bush.png
11:19:33.083 [FXGL Background Thread 1 ] DEBUG AssetLoaderService   - Loading from file system: /assets/textures/rock.png
11:19:33.084 [FXGL Background Thread 1 ] DEBUG AssetLoaderService   - Loading from cache: /assets/textures/rock.png
11:19:33.084 [FXGL Background Thread 1 ] DEBUG AssetLoaderService   - Loading from file system: /assets/textures/tree.png
11:19:33.085 [FXGL Background Thread 1 ] DEBUG AssetLoaderService   - Loading from cache: /assets/textures/bush.png
11:19:33.085 [FXGL Background Thread 1 ] DEBUG AssetLoaderService   - Loading from cache: /assets/textures/tree.png
11:19:33.086 [FXGL Background Thread 1 ] DEBUG AssetLoaderService   - Loading from cache: /assets/textures/bush.png
11:19:33.086 [FXGL Background Thread 1 ] DEBUG AssetLoaderService   - Loading from file system: /assets/textures/appletree.png
11:19:33.087 [FXGL Background Thread 1 ] DEBUG AssetLoaderService   - Loading from cache: /assets/textures/bush.png
11:19:33.088 [FXGL Background Thread 1 ] DEBUG AssetLoaderService   - Loading from cache: /assets/textures/tree.png
11:19:33.088 [FXGL Background Thread 1 ] DEBUG AssetLoaderService   - Loading from cache: /assets/textures/bush.png
11:19:33.088 [FXGL Background Thread 1 ] DEBUG AssetLoaderService   - Loading from cache: /assets/textures/appletree.png
11:19:33.089 [FXGL Background Thread 1 ] DEBUG AssetLoaderService   - Loading from cache: /assets/textures/bush.png
11:19:33.089 [FXGL Background Thread 1 ] DEBUG AssetLoaderService   - Loading from cache: /assets/textures/appletree.png
11:19:33.090 [FXGL Background Thread 1 ] DEBUG AssetLoaderService   - Loading from cache: /assets/textures/bush.png
11:19:33.090 [FXGL Background Thread 1 ] DEBUG AssetLoaderService   - Loading from cache: /assets/textures/tree.png
11:19:33.091 [FXGL Background Thread 1 ] DEBUG AssetLoaderService   - Loading from cache: /assets/textures/bush.png
11:19:33.091 [FXGL Background Thread 1 ] DEBUG AssetLoaderService   - Loading from cache: /assets/textures/tree.png
11:19:33.091 [FXGL Background Thread 1 ] DEBUG AssetLoaderService   - Loading from cache: /assets/textures/bush.png
11:19:33.092 [FXGL Background Thread 1 ] DEBUG AssetLoaderService   - Loading from cache: /assets/textures/tree.png
11:19:33.092 [FXGL Background Thread 1 ] DEBUG AssetLoaderService   - Loading from cache: /assets/textures/bush.png
11:19:33.093 [FXGL Background Thread 1 ] DEBUG AssetLoaderService   - Loading from cache: /assets/textures/bush.png
11:19:33.093 [FXGL Background Thread 1 ] DEBUG AssetLoaderService   - Loading from cache: /assets/textures/tree.png
11:19:33.093 [FXGL Background Thread 1 ] DEBUG AssetLoaderService   - Loading from cache: /assets/textures/tree.png
11:19:33.094 [FXGL Background Thread 1 ] DEBUG AssetLoaderService   - Loading from cache: /assets/textures/tree.png
11:19:33.094 [FXGL Background Thread 1 ] DEBUG AssetLoaderService   - Loading from cache: /assets/textures/bush.png
11:19:33.095 [FXGL Background Thread 1 ] DEBUG AssetLoaderService   - Loading from cache: /assets/textures/tree.png
11:19:33.095 [FXGL Background Thread 1 ] DEBUG AssetLoaderService   - Loading from cache: /assets/textures/bush.png
11:19:33.095 [FXGL Background Thread 1 ] DEBUG AssetLoaderService   - Loading from cache: /assets/textures/appletree.png
11:19:33.096 [FXGL Background Thread 1 ] DEBUG AssetLoaderService   - Loading from cache: /assets/textures/bush.png
11:19:33.096 [FXGL Background Thread 1 ] DEBUG AssetLoaderService   - Loading from cache: /assets/textures/tree.png
11:19:33.097 [FXGL Background Thread 1 ] DEBUG AssetLoaderService   - Loading from cache: /assets/textures/bush.png
11:19:33.097 [FXGL Background Thread 1 ] DEBUG AssetLoaderService   - Loading from cache: /assets/textures/appletree.png
11:19:33.098 [FXGL Background Thread 1 ] DEBUG AssetLoaderService   - Loading from cache: /assets/textures/bush.png
11:19:33.098 [FXGL Background Thread 1 ] DEBUG AssetLoaderService   - Loading from cache: /assets/textures/appletree.png
11:19:33.098 [FXGL Background Thread 1 ] DEBUG AssetLoaderService   - Loading from cache: /assets/textures/appletree.png
11:19:33.099 [FXGL Background Thread 1 ] DEBUG AssetLoaderService   - Loading from cache: /assets/textures/appletree.png
11:19:33.099 [FXGL Background Thread 1 ] DEBUG AssetLoaderService   - Loading from cache: /assets/textures/appletree.png
11:19:33.100 [FXGL Background Thread 1 ] DEBUG AssetLoaderService   - Loading from cache: /assets/textures/appletree.png
11:19:33.100 [FXGL Background Thread 1 ] DEBUG AssetLoaderService   - Loading from cache: /assets/textures/tree.png
11:19:33.100 [FXGL Background Thread 1 ] DEBUG AssetLoaderService   - Loading from cache: /assets/textures/tree.png
11:19:33.101 [FXGL Background Thread 1 ] DEBUG AssetLoaderService   - Loading from cache: /assets/textures/appletree.png
11:19:33.101 [FXGL Background Thread 1 ] DEBUG AssetLoaderService   - Loading from cache: /assets/textures/bush.png
11:19:33.102 [FXGL Background Thread 1 ] DEBUG AssetLoaderService   - Loading from cache: /assets/textures/appletree.png
11:19:33.102 [FXGL Background Thread 1 ] DEBUG AssetLoaderService   - Loading from cache: /assets/textures/bush.png
11:19:33.102 [FXGL Background Thread 1 ] DEBUG AssetLoaderService   - Loading from cache: /assets/textures/rock.png
11:19:33.103 [FXGL Background Thread 1 ] DEBUG AssetLoaderService   - Loading from cache: /assets/textures/tree.png
11:19:33.103 [FXGL Background Thread 1 ] DEBUG AssetLoaderService   - Loading from cache: /assets/textures/rock.png
11:19:33.103 [FXGL Background Thread 1 ] DEBUG AssetLoaderService   - Loading from cache: /assets/textures/appletree.png
11:19:33.104 [FXGL Background Thread 1 ] DEBUG AssetLoaderService   - Loading from cache: /assets/textures/appletree.png
11:19:33.104 [FXGL Background Thread 1 ] DEBUG AssetLoaderService   - Loading from file system: /assets/textures/lighthouse.png
11:19:33.106 [FXGL Background Thread 1 ] DEBUG AssetLoaderService   - Loading from file system: /assets/textures/greenhouse.png
11:19:33.107 [FXGL Background Thread 1 ] DEBUG AssetLoaderService   - Loading from file system: /assets/textures/bluehouse.png
11:19:33.108 [FXGL Background Thread 1 ] DEBUG AssetLoaderService   - Loading from file system: /assets/textures/redhouse.png
11:19:33.109 [FXGL Background Thread 1 ] DEBUG AssetLoaderService   - Loading from cache: /assets/textures/redhouse.png
11:19:33.109 [FXGL Background Thread 1 ] DEBUG AssetLoaderService   - Loading from cache: /assets/textures/bluehouse.png
11:19:33.110 [FXGL Background Thread 1 ] DEBUG AssetLoaderService   - Loading from cache: /assets/textures/bluehouse.png
11:19:33.110 [FXGL Background Thread 1 ] DEBUG AssetLoaderService   - Loading from cache: /assets/textures/redhouse.png
11:19:33.111 [FXGL Background Thread 1 ] DEBUG AssetLoaderService   - Loading from cache: /assets/textures/bluehouse.png
11:19:33.111 [FXGL Background Thread 1 ] DEBUG AssetLoaderService   - Loading from cache: /assets/textures/redhouse.png
11:19:33.111 [FXGL Background Thread 1 ] DEBUG AssetLoaderService   - Loading from cache: /assets/textures/lighthouse.png
11:19:33.112 [FXGL Background Thread 1 ] DEBUG AssetLoaderService   - Loading from cache: /assets/textures/greenhouse.png
11:19:33.112 [FXGL Background Thread 1 ] INFO  GameApplication      - Game initialization took: 0.263 sec
11:19:33.122 [JavaFX Application Thread] DEBUG Input                - Clearing active input actions
11:19:33.144 [JavaFX Application Thread] DEBUG WindowService        - Removing overlay from FXGLLoadingScene and adding to GameScene
11:19:33.145 [JavaFX Application Thread] DEBUG MainWindow           - FXGLLoadingScene -> GameScene
11:19:34.548 [JavaFX Application Thread] DEBUG AssetLoaderService   - Loading from file system: /assets/sounds/bump.wav
11:19:34.580 [JavaFX Application Thread] DEBUG AssetLoaderService   - Loading from cache: /assets/sounds/bump.wav
11:19:35.661 [FXGL Background Thread 2 ] DEBUG Engine               - Logging environment variables
11:19:35.661 [FXGL Background Thread 2 ] DEBUG Engine               - achievements: []
11:19:35.661 [FXGL Background Thread 2 ] DEBUG Engine               - language: ObjectProperty [value: ENGLISH]
11:19:35.661 [FXGL Background Thread 2 ] DEBUG Engine               - isCloseConfirmation: false
11:19:35.661 [FXGL Background Thread 2 ] DEBUG Engine               - isProfilingEnabled: false
11:19:35.661 [FXGL Background Thread 2 ] DEBUG Engine               - soundNotification: core/notification.wav
11:19:35.661 [FXGL Background Thread 2 ] DEBUG Engine               - devShowBBoxProperty: BooleanProperty [value: false]
11:19:35.661 [FXGL Background Thread 2 ] DEBUG Engine               - pixelsPerMeter: 50.0
11:19:35.661 [FXGL Background Thread 2 ] DEBUG Engine               - appIcon: fxgl_icon.png
11:19:35.661 [FXGL Background Thread 2 ] DEBUG Engine               - soundMenuBack: menu/back.wav
11:19:35.661 [FXGL Background Thread 2 ] DEBUG Engine               - isFullScreenAllowed: false
11:19:35.661 [FXGL Background Thread 2 ] DEBUG Engine               - isIntroEnabled: false
11:19:35.661 [FXGL Background Thread 2 ] DEBUG Engine               - fontMono: lucida_console.ttf
11:19:35.662 [FXGL Background Thread 2 ] DEBUG Engine               - soundMenuSelect: menu/select.wav
11:19:35.662 [FXGL Background Thread 2 ] DEBUG Engine               - isWindows: true
11:19:35.662 [FXGL Background Thread 2 ] DEBUG Engine               - isMobile: false
11:19:35.662 [FXGL Background Thread 2 ] DEBUG Engine               - isUserProfileEnabled: false
11:19:35.662 [FXGL Background Thread 2 ] DEBUG Engine               - height: 640
11:19:35.662 [FXGL Background Thread 2 ] DEBUG Engine               - isExperimentalNative: false
11:19:35.662 [FXGL Background Thread 2 ] DEBUG Engine               - settings: Title: FriendMaker2077
Version: 0.1
Width: 640
Height: 640
Fullscreen: false
Intro: false
Menus: false
Profiling: false
Single step:false
App Mode: DEVELOPER
Menu Key: ESCAPE
Stage Style: DECORATED
Scene Factory: class ui.MenuFactory

11:19:35.662 [FXGL Background Thread 2 ] DEBUG Engine               - isSingleStep: false
11:19:35.662 [FXGL Background Thread 2 ] DEBUG Engine               - cSSList: [fxgl_dark.css]
11:19:35.662 [FXGL Background Thread 2 ] DEBUG Engine               - fontGame: Abel-Regular.ttf
11:19:35.662 [FXGL Background Thread 2 ] DEBUG Engine               - menuKey: ESCAPE
11:19:35.662 [FXGL Background Thread 2 ] DEBUG Engine               - devShowPositionProperty: BooleanProperty [value: false]
11:19:35.662 [FXGL Background Thread 2 ] DEBUG Engine               - versionCheckDays: 7
11:19:35.662 [FXGL Background Thread 2 ] DEBUG Engine               - configClass: Optional.empty
11:19:35.662 [FXGL Background Thread 2 ] DEBUG Engine               - isFullScreenFromStart: false
11:19:35.662 [FXGL Background Thread 2 ] DEBUG Engine               - version: 0.1
11:19:35.662 [FXGL Background Thread 2 ] DEBUG Engine               - fullScreen: BooleanProperty [value: false]
11:19:35.663 [FXGL Background Thread 2 ] DEBUG Engine               - randomSeed: -1
11:19:35.663 [FXGL Background Thread 2 ] DEBUG Engine               - gameDifficultyProperty: ObjectProperty [value: MEDIUM]
11:19:35.663 [FXGL Background Thread 2 ] DEBUG Engine               - applicationMode: DEVELOPER
11:19:35.663 [FXGL Background Thread 2 ] DEBUG Engine               - isMac: false
11:19:35.663 [FXGL Background Thread 2 ] DEBUG Engine               - isMenuEnabled: false
11:19:35.663 [FXGL Background Thread 2 ] DEBUG Engine               - urlPOM: https://raw.githubusercontent.com/AlmasB/FXGL/master/pom.xml
11:19:35.663 [FXGL Background Thread 2 ] DEBUG Engine               - profileName: StringProperty [value: DEFAULT]
11:19:35.663 [FXGL Background Thread 2 ] DEBUG Engine               - notificationViewClass: class com.almasb.fxgl.notification.view.XboxNotificationView
11:19:35.663 [FXGL Background Thread 2 ] DEBUG Engine               - devSensorColorProperty: ObjectProperty [value: 0xffff00ff]
11:19:35.663 [FXGL Background Thread 2 ] DEBUG Engine               - sceneFactory: ui.MenuFactory@24fefcb0
11:19:35.663 [FXGL Background Thread 2 ] DEBUG Engine               - stageStyle: DECORATED
11:19:35.663 [FXGL Background Thread 2 ] DEBUG Engine               - isManualResizeEnabled: false
11:19:35.663 [FXGL Background Thread 2 ] DEBUG Engine               - title: FriendMaker2077
11:19:35.663 [FXGL Background Thread 2 ] DEBUG Engine               - platform: WINDOWS
11:19:35.663 [FXGL Background Thread 2 ] DEBUG Engine               - devBBoxColorProperty: ObjectProperty [value: 0xff0000ff]
11:19:35.663 [FXGL Background Thread 2 ] DEBUG Engine               - gameDifficulty: MEDIUM
11:19:35.663 [FXGL Background Thread 2 ] DEBUG Engine               - isDesktop: true
11:19:35.663 [FXGL Background Thread 2 ] DEBUG Engine               - supportedLanguages: [ENGLISH, FRENCH, GERMAN, HUNGARIAN, RUSSIAN]
11:19:35.664 [FXGL Background Thread 2 ] DEBUG Engine               - globalMusicVolumeProperty: DoubleProperty [value: 0.5]
11:19:35.664 [FXGL Background Thread 2 ] DEBUG Engine               - credits: []
11:19:35.664 [FXGL Background Thread 2 ] DEBUG Engine               - isPreserveResizeRatio: false
11:19:35.664 [FXGL Background Thread 2 ] DEBUG Engine               - fontText: Courier-Prime.ttf
11:19:35.664 [FXGL Background Thread 2 ] DEBUG Engine               - isExperimentalTiledLargeMap: false
11:19:35.664 [FXGL Background Thread 2 ] DEBUG Engine               - secondsIn24h: 60
11:19:35.664 [FXGL Background Thread 2 ] DEBUG Engine               - runtimeInfo: RuntimeInfo(platform=WINDOWS, version=11.8, build=08.03.2020 09.25)
11:19:35.664 [FXGL Background Thread 2 ] DEBUG Engine               - isLinux: false
11:19:35.664 [FXGL Background Thread 2 ] DEBUG Engine               - soundMenuPress: menu/press.wav
11:19:35.664 [FXGL Background Thread 2 ] DEBUG Engine               - urlGithub: https://github.com/AlmasB/FXGL
11:19:35.664 [FXGL Background Thread 2 ] DEBUG Engine               - profileDir: profiles/
11:19:35.664 [FXGL Background Thread 2 ] DEBUG Engine               - globalSoundVolumeProperty: DoubleProperty [value: 0.5]
11:19:35.664 [FXGL Background Thread 2 ] DEBUG Engine               - isDeveloperMenuEnabled: false
11:19:35.664 [FXGL Background Thread 2 ] DEBUG Engine               - mainWindow: com.almasb.fxgl.app.MainWindow@20c16cf7
11:19:35.664 [FXGL Background Thread 2 ] DEBUG Engine               - isBrowser: false
11:19:35.664 [FXGL Background Thread 2 ] DEBUG Engine               - globalSoundVolume: 0.5
11:19:35.664 [FXGL Background Thread 2 ] DEBUG Engine               - urlLeaderboard: http://fxgl-top.herokuapp.com/
11:19:35.664 [FXGL Background Thread 2 ] DEBUG Engine               - engineServices: [class com.almasb.fxgl.app.GameApplication$GameApplicationService, class com.almasb.fxgl.app.services.WindowService, class com.almasb.fxgl.app.services.FXGLDialogService, class com.almasb.fxgl.app.services.IOTaskExecutorService, class com.almasb.fxgl.event.EventBusService, class com.almasb.fxgl.io.FileSystemService, class com.almasb.fxgl.localization.LocalizationService, class com.almasb.fxgl.app.services.AssetLoaderService, class com.almasb.fxgl.app.services.SystemBundleService, class com.almasb.fxgl.profile.SaveLoadService, class com.almasb.fxgl.ui.FXGLUIFactoryServiceProvider, class com.almasb.fxgl.ui.FXGLDialogFactoryServiceProvider, class com.almasb.fxgl.audio.AudioPlayer, class com.almasb.fxgl.notification.impl.NotificationServiceProvider, class com.almasb.fxgl.achievement.AchievementService, class com.almasb.fxgl.cutscene.CutsceneService, class com.almasb.fxgl.minigames.MiniGameService, class com.almasb.fxgl.net.NetService, class com.almasb.fxgl.app.services.UpdaterService]
11:19:35.665 [FXGL Background Thread 2 ] DEBUG Engine               - globalMusicVolume: 0.5
11:19:35.665 [FXGL Background Thread 2 ] DEBUG Engine               - width: 640
11:19:35.665 [FXGL Background Thread 2 ] DEBUG Engine               - saveFileExt: sav
11:19:35.665 [FXGL Background Thread 2 ] DEBUG Engine               - isAndroid: false
11:19:35.665 [FXGL Background Thread 2 ] DEBUG Engine               - fontUI: VarelaRound-Regular.ttf
11:19:35.665 [FXGL Background Thread 2 ] DEBUG Engine               - enabledMenuItems: [SAVE_LOAD, EXTRA, ONLINE]
11:19:35.665 [FXGL Background Thread 2 ] DEBUG Engine               - isIOS: false
11:19:35.665 [FXGL Background Thread 2 ] DEBUG Engine               - Logging services
11:19:35.665 [FXGL Background Thread 2 ] DEBUG Engine               - class com.almasb.fxgl.app.GameApplication$GameApplicationService
11:19:35.665 [FXGL Background Thread 2 ] DEBUG Engine               - class com.almasb.fxgl.app.services.WindowService
11:19:35.665 [FXGL Background Thread 2 ] DEBUG Engine               - class com.almasb.fxgl.app.services.FXGLDialogService
11:19:35.665 [FXGL Background Thread 2 ] DEBUG Engine               - class com.almasb.fxgl.app.services.IOTaskExecutorService
11:19:35.665 [FXGL Background Thread 2 ] DEBUG Engine               - class com.almasb.fxgl.event.EventBusService
11:19:35.665 [FXGL Background Thread 2 ] DEBUG Engine               - class com.almasb.fxgl.io.FileSystemService
11:19:35.665 [FXGL Background Thread 2 ] DEBUG Engine               - class com.almasb.fxgl.localization.LocalizationService
11:19:35.665 [FXGL Background Thread 2 ] DEBUG Engine               - class com.almasb.fxgl.app.services.AssetLoaderService
11:19:35.665 [FXGL Background Thread 2 ] DEBUG Engine               - class com.almasb.fxgl.app.services.SystemBundleService
11:19:35.665 [FXGL Background Thread 2 ] DEBUG Engine               - class com.almasb.fxgl.profile.SaveLoadService
11:19:35.665 [FXGL Background Thread 2 ] DEBUG Engine               - class com.almasb.fxgl.ui.FXGLUIFactoryServiceProvider
11:19:35.666 [FXGL Background Thread 2 ] DEBUG Engine               - class com.almasb.fxgl.ui.FXGLDialogFactoryServiceProvider
11:19:35.666 [FXGL Background Thread 2 ] DEBUG Engine               - class com.almasb.fxgl.audio.AudioPlayer
11:19:35.666 [FXGL Background Thread 2 ] DEBUG Engine               - class com.almasb.fxgl.notification.impl.NotificationServiceProvider
11:19:35.666 [FXGL Background Thread 2 ] DEBUG Engine               - class com.almasb.fxgl.achievement.AchievementService
11:19:35.666 [FXGL Background Thread 2 ] DEBUG Engine               - class com.almasb.fxgl.cutscene.CutsceneService
11:19:35.666 [FXGL Background Thread 2 ] DEBUG Engine               - class com.almasb.fxgl.minigames.MiniGameService
11:19:35.666 [FXGL Background Thread 2 ] DEBUG Engine               - class com.almasb.fxgl.net.NetService
11:19:35.666 [FXGL Background Thread 2 ] DEBUG Engine               - class com.almasb.fxgl.app.services.UpdaterService
11:19:38.852 [JavaFX Application Thread] DEBUG AssetLoaderService   - Loading from file system: /assets/sounds/move.wav
11:19:38.857 [JavaFX Application Thread] DEBUG Input                - Registered new binding: Next RPG Line - Enter
11:19:38.857 [JavaFX Application Thread] DEBUG MainWindow           - Push state: CutsceneScene
11:19:38.857 [JavaFX Application Thread] DEBUG Input                - Clearing active input actions
11:19:38.858 [JavaFX Application Thread] DEBUG WindowService        - Removing overlay from GameScene and adding to CutsceneScene
11:19:38.858 [JavaFX Application Thread] DEBUG MainWindow           - GameScene -> CutsceneScene
11:19:40.657 [JavaFX Application Thread] DEBUG GameApplication      - Exiting FXGL
11:19:40.657 [JavaFX Application Thread] DEBUG LoopRunner           - Stopping loop
11:19:40.657 [JavaFX Application Thread] DEBUG SystemBundleService  - Saving FXGL system data
11:19:40.658 [JavaFX Application Thread] DEBUG FileSystemAccess     - Writing to: C:\Users\otinn\git\FriendMaker2077-07-03\Project\system\fxgl.bundle
11:19:40.659 [JavaFX Application Thread] DEBUG GameApplication      - Shutting down background threads
11:19:40.659 [JavaFX Application Thread] DEBUG GameApplication      - Closing logger and exiting JavaFX
