18:28:50.656 [main                     ] DEBUG GameApplication      - Logger initialized
18:28:50.671 [main                     ] DEBUG GameApplication      - Logging settings
Title: FriendMaker2077
Version: 0.1
Width: 640
Height: 640
Fullscreen: false
Intro: false
Menus: false
Profiling: false
Single step:false
App Mode: DEVELOPER
Menu Key: ESCAPE
Stage Style: DECORATED
Scene Factory: class ui.MenuFactory

18:28:50.948 [JavaFX Application Thread] DEBUG GameApplication      - Initializing FXGL
18:28:50.953 [JavaFX Application Thread] INFO  Engine               - FXGL-11.8 (08.03.2020 09.25) on WINDOWS (J:13.0.2 FX:13.0.2)
18:28:50.954 [JavaFX Application Thread] INFO  Engine               - Source code and latest versions at: https://github.com/AlmasB/FXGL
18:28:50.954 [JavaFX Application Thread] INFO  Engine               -              Join the FXGL chat at: https://gitter.im/AlmasB/FXGL
18:28:51.024 [JavaFX Application Thread] DEBUG MainWindow           - Creating a JavaFX scene
18:28:51.053 [JavaFX Application Thread] DEBUG MainWindow           - Target settings size: 640.0 x 640.0
18:28:51.053 [JavaFX Application Thread] DEBUG MainWindow           - Scaled scene size:    640.0 x 640.0
18:28:51.054 [JavaFX Application Thread] DEBUG MainWindow           - Scaled ratio: (1.0, 1.0)
18:28:51.054 [JavaFX Application Thread] DEBUG MainWindow           - Set initial scene to FXGLStartupScene
18:28:51.058 [JavaFX Application Thread] DEBUG MainWindow           - Opening main window
18:28:51.126 [JavaFX Application Thread] DEBUG MainWindow           - Window border size: (16.0, 39.0)
18:28:51.126 [JavaFX Application Thread] DEBUG MainWindow           - Scaled size: 640.0 x 640.0
18:28:51.127 [JavaFX Application Thread] DEBUG MainWindow           - Scaled ratio: (1.0, 1.0)
18:28:51.127 [JavaFX Application Thread] DEBUG MainWindow           - Scene size: 640.0 x 640.0
18:28:51.127 [JavaFX Application Thread] DEBUG MainWindow           - Stage size: 656.0 x 679.0
18:28:51.132 [FXGL Background Thread 1 ] DEBUG Engine               - Initializing environment variables
18:28:51.151 [FXGL Background Thread 1 ] DEBUG WindowService        - Applying CSS: fxgl_dark.css
18:28:51.151 [FXGL Background Thread 1 ] DEBUG AssetLoaderService   - Loading from file system: /assets/ui/css/fxgl_dark.css
18:28:51.178 [FXGL Background Thread 1 ] DEBUG WindowService        - Initializing application scenes
18:28:51.198 [FXGL Background Thread 1 ] DEBUG GameWorld            - Game world initialized
18:28:51.217 [FXGL Background Thread 1 ] DEBUG PhysicsWorld         - Physics world initialized: appHeight=640, physics.ppm=50.0
18:28:51.219 [FXGL Background Thread 1 ] DEBUG GameScene            - Game scene initialized: 640x640
18:28:51.224 [FXGL Background Thread 1 ] DEBUG Input                - Registered new binding: Resume - Esc
18:28:51.231 [FXGL Background Thread 1 ] DEBUG Input                - Registered new binding: Pause - Esc
18:28:51.231 [FXGL Background Thread 1 ] DEBUG WindowService        - Application scenes initialized
18:28:51.238 [FXGL Background Thread 1 ] DEBUG SystemBundleService  - Loading FXGL system data
18:28:51.241 [FXGL Background Thread 1 ] DEBUG FileSystemAccess     - Reading from: C:\Users\Adam Cunard\git\FriendMaker2077-07-03\Project\system\fxgl.bundle
18:28:51.245 [FXGL Background Thread 1 ] DEBUG SystemBundleService  - Bundle FXGL: {}
18:28:51.245 [FXGL Background Thread 1 ] INFO  Engine               - FXGL initialization took: 0.110 sec
18:28:51.246 [FXGL Background Thread 1 ] DEBUG GameApplication      - Loading localizations
18:28:51.247 [FXGL Background Thread 1 ] DEBUG AssetLoaderService   - Loading from file system: /assets/properties/languages/english.properties
18:28:51.247 [FXGL Background Thread 1 ] DEBUG AssetLoaderService   - Loading from file system: /assets/properties/languages/french.properties
18:28:51.248 [FXGL Background Thread 1 ] DEBUG AssetLoaderService   - Loading from file system: /assets/properties/languages/german.properties
18:28:51.249 [FXGL Background Thread 1 ] DEBUG AssetLoaderService   - Loading from file system: /assets/properties/languages/hungarian.properties
18:28:51.250 [FXGL Background Thread 1 ] DEBUG AssetLoaderService   - Loading from file system: /assets/properties/languages/russian.properties
18:28:51.251 [FXGL Background Thread 1 ] DEBUG GameApplication      - Registering font factories with UI factory
18:28:51.251 [FXGL Background Thread 1 ] DEBUG AssetLoaderService   - Loading from file system: /assets/ui/fonts/VarelaRound-Regular.ttf
18:28:51.426 [FXGL Background Thread 1 ] DEBUG AssetLoaderService   - Loading from file system: /assets/ui/fonts/Abel-Regular.ttf
18:28:51.432 [FXGL Background Thread 1 ] DEBUG AssetLoaderService   - Loading from file system: /assets/ui/fonts/lucida_console.ttf
18:28:51.440 [FXGL Background Thread 1 ] DEBUG AssetLoaderService   - Loading from file system: /assets/ui/fonts/Courier-Prime.ttf
18:28:51.448 [JavaFX Application Thread] DEBUG Input                - Registered new binding: Move Right - D
18:28:51.448 [JavaFX Application Thread] DEBUG Input                - Registered new binding: Move Left - A
18:28:51.448 [JavaFX Application Thread] DEBUG Input                - Registered new binding: Move Up - W
18:28:51.448 [JavaFX Application Thread] DEBUG Input                - Registered new binding: Move Down - S
18:28:51.448 [JavaFX Application Thread] DEBUG Input                - Registered new binding: Play Sound - F
18:28:51.448 [JavaFX Application Thread] DEBUG AssetLoaderService   - Loading from file system: /assets/textures/fxgl_icon.png
18:28:51.472 [JavaFX Application Thread] DEBUG AssetLoaderService   - Loading from file system: /assets/ui/cursors/fxgl_default.png
18:28:51.474 [JavaFX Application Thread] DEBUG Input                - Registered new binding: Screenshot - P
18:28:51.474 [JavaFX Application Thread] DEBUG Input                - Registered new binding: System info dump - CTRL+9
18:28:51.474 [JavaFX Application Thread] DEBUG Input                - Registered new binding: Restart - CTRL+R
18:28:51.475 [JavaFX Application Thread] DEBUG LoopRunner           - Starting loop
18:28:51.484 [JavaFX Application Thread] DEBUG FXGLStartupScene     - STARTUP
18:28:51.484 [JavaFX Application Thread] DEBUG WindowService        - Starting new game
18:28:51.485 [JavaFX Application Thread] DEBUG Input                - Clearing active input actions
18:28:51.492 [JavaFX Application Thread] DEBUG WindowService        - Removing overlay from FXGLStartupScene and adding to FXGLLoadingScene
18:28:51.492 [JavaFX Application Thread] DEBUG MainWindow           - FXGLStartupScene -> FXGLLoadingScene
18:28:51.492 [JavaFX Application Thread] DEBUG WindowService        - Clearing previous game
18:28:51.492 [JavaFX Application Thread] DEBUG GameScene            - Clearing game scene
18:28:51.492 [JavaFX Application Thread] DEBUG GameWorld            - Clearing game world
18:28:51.492 [JavaFX Application Thread] DEBUG PhysicsWorld         - Clearing physics world
18:28:51.493 [FXGL Background Thread 1 ] DEBUG GameApplication      - Initializing game
18:28:51.497 [FXGL Background Thread 1 ] DEBUG AssetLoaderService   - Loading from file system: /assets/textures/EmptyMap.png
18:28:51.645 [FXGL Background Thread 1 ] DEBUG AssetLoaderService   - Loading from file system: /assets/sounds/soundtrack.wav
18:28:51.709 [FXGL Background Thread 1 ] DEBUG AssetLoaderService   - Loading from file system: /assets/textures/CharacterSprite.png
18:28:51.710 [FXGL Background Thread 1 ] DEBUG AssetLoaderService   - Loading from cache: /assets/textures/CharacterSprite.png
18:28:51.710 [FXGL Background Thread 1 ] DEBUG AssetLoaderService   - Loading from cache: /assets/textures/CharacterSprite.png
18:28:51.710 [FXGL Background Thread 1 ] DEBUG AssetLoaderService   - Loading from cache: /assets/textures/CharacterSprite.png
18:28:51.711 [FXGL Background Thread 1 ] DEBUG AssetLoaderService   - Loading from cache: /assets/textures/CharacterSprite.png
18:28:51.711 [FXGL Background Thread 1 ] DEBUG AssetLoaderService   - Loading from cache: /assets/textures/CharacterSprite.png
18:28:51.713 [FXGL Background Thread 1 ] DEBUG AssetLoaderService   - Loading from file system: /assets/textures/bbox.png
18:28:51.718 [FXGL Background Thread 1 ] DEBUG AssetLoaderService   - Loading from file system: /assets/textures/froggysprite.png
18:28:51.719 [FXGL Background Thread 1 ] DEBUG AssetLoaderService   - Loading from cache: /assets/textures/froggysprite.png
18:28:51.719 [FXGL Background Thread 1 ] DEBUG AssetLoaderService   - Loading from cache: /assets/textures/froggysprite.png
18:28:51.720 [FXGL Background Thread 1 ] DEBUG AssetLoaderService   - Loading from cache: /assets/textures/bbox.png
18:28:51.721 [FXGL Background Thread 1 ] DEBUG AssetLoaderService   - Loading from file system: /assets/textures/blueHouse.png
18:28:51.723 [FXGL Background Thread 1 ] INFO  GameApplication      - Game initialization took: 0.229 sec
18:28:51.723 [JavaFX Application Thread] DEBUG Input                - Clearing active input actions
18:28:51.732 [JavaFX Application Thread] DEBUG WindowService        - Removing overlay from FXGLLoadingScene and adding to GameScene
18:28:51.733 [JavaFX Application Thread] DEBUG MainWindow           - FXGLLoadingScene -> GameScene
18:28:54.246 [FXGL Background Thread 2 ] DEBUG Engine               - Logging environment variables
18:28:54.246 [FXGL Background Thread 2 ] DEBUG Engine               - achievements: []
18:28:54.246 [FXGL Background Thread 2 ] DEBUG Engine               - language: ObjectProperty [value: ENGLISH]
18:28:54.246 [FXGL Background Thread 2 ] DEBUG Engine               - isCloseConfirmation: false
18:28:54.246 [FXGL Background Thread 2 ] DEBUG Engine               - isProfilingEnabled: false
18:28:54.246 [FXGL Background Thread 2 ] DEBUG Engine               - soundNotification: core/notification.wav
18:28:54.246 [FXGL Background Thread 2 ] DEBUG Engine               - devShowBBoxProperty: BooleanProperty [value: false]
18:28:54.246 [FXGL Background Thread 2 ] DEBUG Engine               - pixelsPerMeter: 50.0
18:28:54.246 [FXGL Background Thread 2 ] DEBUG Engine               - soundMenuBack: menu/back.wav
18:28:54.246 [FXGL Background Thread 2 ] DEBUG Engine               - appIcon: fxgl_icon.png
18:28:54.247 [FXGL Background Thread 2 ] DEBUG Engine               - isFullScreenAllowed: false
18:28:54.247 [FXGL Background Thread 2 ] DEBUG Engine               - isIntroEnabled: false
18:28:54.247 [FXGL Background Thread 2 ] DEBUG Engine               - fontMono: lucida_console.ttf
18:28:54.247 [FXGL Background Thread 2 ] DEBUG Engine               - soundMenuSelect: menu/select.wav
18:28:54.247 [FXGL Background Thread 2 ] DEBUG Engine               - isWindows: true
18:28:54.247 [FXGL Background Thread 2 ] DEBUG Engine               - isMobile: false
18:28:54.247 [FXGL Background Thread 2 ] DEBUG Engine               - isUserProfileEnabled: false
18:28:54.247 [FXGL Background Thread 2 ] DEBUG Engine               - height: 640
18:28:54.247 [FXGL Background Thread 2 ] DEBUG Engine               - isExperimentalNative: false
18:28:54.247 [FXGL Background Thread 2 ] DEBUG Engine               - settings: Title: FriendMaker2077
Version: 0.1
Width: 640
Height: 640
Fullscreen: false
Intro: false
Menus: false
Profiling: false
Single step:false
App Mode: DEVELOPER
Menu Key: ESCAPE
Stage Style: DECORATED
Scene Factory: class ui.MenuFactory

18:28:54.247 [FXGL Background Thread 2 ] DEBUG Engine               - isSingleStep: false
18:28:54.247 [FXGL Background Thread 2 ] DEBUG Engine               - cSSList: [fxgl_dark.css]
18:28:54.247 [FXGL Background Thread 2 ] DEBUG Engine               - fontGame: Abel-Regular.ttf
18:28:54.248 [FXGL Background Thread 2 ] DEBUG Engine               - menuKey: ESCAPE
18:28:54.248 [FXGL Background Thread 2 ] DEBUG Engine               - devShowPositionProperty: BooleanProperty [value: false]
18:28:54.248 [FXGL Background Thread 2 ] DEBUG Engine               - versionCheckDays: 7
18:28:54.248 [FXGL Background Thread 2 ] DEBUG Engine               - configClass: Optional.empty
18:28:54.248 [FXGL Background Thread 2 ] DEBUG Engine               - isFullScreenFromStart: false
18:28:54.248 [FXGL Background Thread 2 ] DEBUG Engine               - version: 0.1
18:28:54.248 [FXGL Background Thread 2 ] DEBUG Engine               - fullScreen: BooleanProperty [value: false]
18:28:54.248 [FXGL Background Thread 2 ] DEBUG Engine               - randomSeed: -1
18:28:54.248 [FXGL Background Thread 2 ] DEBUG Engine               - gameDifficultyProperty: ObjectProperty [value: MEDIUM]
18:28:54.248 [FXGL Background Thread 2 ] DEBUG Engine               - applicationMode: DEVELOPER
18:28:54.248 [FXGL Background Thread 2 ] DEBUG Engine               - isMac: false
18:28:54.248 [FXGL Background Thread 2 ] DEBUG Engine               - isMenuEnabled: false
18:28:54.248 [FXGL Background Thread 2 ] DEBUG Engine               - urlPOM: https://raw.githubusercontent.com/AlmasB/FXGL/master/pom.xml
18:28:54.248 [FXGL Background Thread 2 ] DEBUG Engine               - profileName: StringProperty [value: DEFAULT]
18:28:54.249 [FXGL Background Thread 2 ] DEBUG Engine               - notificationViewClass: class com.almasb.fxgl.notification.view.XboxNotificationView
18:28:54.249 [FXGL Background Thread 2 ] DEBUG Engine               - devSensorColorProperty: ObjectProperty [value: 0xffff00ff]
18:28:54.249 [FXGL Background Thread 2 ] DEBUG Engine               - sceneFactory: ui.MenuFactory@fb5d5a3
18:28:54.249 [FXGL Background Thread 2 ] DEBUG Engine               - stageStyle: DECORATED
18:28:54.249 [FXGL Background Thread 2 ] DEBUG Engine               - isManualResizeEnabled: false
18:28:54.249 [FXGL Background Thread 2 ] DEBUG Engine               - title: FriendMaker2077
18:28:54.249 [FXGL Background Thread 2 ] DEBUG Engine               - platform: WINDOWS
18:28:54.249 [FXGL Background Thread 2 ] DEBUG Engine               - devBBoxColorProperty: ObjectProperty [value: 0xff0000ff]
18:28:54.249 [FXGL Background Thread 2 ] DEBUG Engine               - gameDifficulty: MEDIUM
18:28:54.249 [FXGL Background Thread 2 ] DEBUG Engine               - isDesktop: true
18:28:54.250 [FXGL Background Thread 2 ] DEBUG Engine               - supportedLanguages: [ENGLISH, FRENCH, GERMAN, HUNGARIAN, RUSSIAN]
18:28:54.250 [FXGL Background Thread 2 ] DEBUG Engine               - credits: []
18:28:54.250 [FXGL Background Thread 2 ] DEBUG Engine               - globalMusicVolumeProperty: DoubleProperty [value: 0.5]
18:28:54.250 [FXGL Background Thread 2 ] DEBUG Engine               - isPreserveResizeRatio: false
18:28:54.250 [FXGL Background Thread 2 ] DEBUG Engine               - fontText: Courier-Prime.ttf
18:28:54.250 [FXGL Background Thread 2 ] DEBUG Engine               - isExperimentalTiledLargeMap: false
18:28:54.250 [FXGL Background Thread 2 ] DEBUG Engine               - secondsIn24h: 60
18:28:54.250 [FXGL Background Thread 2 ] DEBUG Engine               - runtimeInfo: RuntimeInfo(platform=WINDOWS, version=11.8, build=08.03.2020 09.25)
18:28:54.250 [FXGL Background Thread 2 ] DEBUG Engine               - isLinux: false
18:28:54.250 [FXGL Background Thread 2 ] DEBUG Engine               - soundMenuPress: menu/press.wav
18:28:54.250 [FXGL Background Thread 2 ] DEBUG Engine               - urlGithub: https://github.com/AlmasB/FXGL
18:28:54.250 [FXGL Background Thread 2 ] DEBUG Engine               - profileDir: profiles/
18:28:54.250 [FXGL Background Thread 2 ] DEBUG Engine               - isDeveloperMenuEnabled: false
18:28:54.250 [FXGL Background Thread 2 ] DEBUG Engine               - globalSoundVolumeProperty: DoubleProperty [value: 0.5]
18:28:54.250 [FXGL Background Thread 2 ] DEBUG Engine               - mainWindow: com.almasb.fxgl.app.MainWindow@b8a408d
18:28:54.251 [FXGL Background Thread 2 ] DEBUG Engine               - isBrowser: false
18:28:54.251 [FXGL Background Thread 2 ] DEBUG Engine               - urlLeaderboard: http://fxgl-top.herokuapp.com/
18:28:54.251 [FXGL Background Thread 2 ] DEBUG Engine               - globalSoundVolume: 0.5
18:28:54.251 [FXGL Background Thread 2 ] DEBUG Engine               - engineServices: [class com.almasb.fxgl.app.GameApplication$GameApplicationService, class com.almasb.fxgl.app.services.WindowService, class com.almasb.fxgl.app.services.FXGLDialogService, class com.almasb.fxgl.app.services.IOTaskExecutorService, class com.almasb.fxgl.event.EventBusService, class com.almasb.fxgl.io.FileSystemService, class com.almasb.fxgl.localization.LocalizationService, class com.almasb.fxgl.app.services.AssetLoaderService, class com.almasb.fxgl.app.services.SystemBundleService, class com.almasb.fxgl.profile.SaveLoadService, class com.almasb.fxgl.ui.FXGLUIFactoryServiceProvider, class com.almasb.fxgl.ui.FXGLDialogFactoryServiceProvider, class com.almasb.fxgl.audio.AudioPlayer, class com.almasb.fxgl.notification.impl.NotificationServiceProvider, class com.almasb.fxgl.achievement.AchievementService, class com.almasb.fxgl.cutscene.CutsceneService, class com.almasb.fxgl.minigames.MiniGameService, class com.almasb.fxgl.net.NetService, class com.almasb.fxgl.app.services.UpdaterService]
18:28:54.251 [FXGL Background Thread 2 ] DEBUG Engine               - globalMusicVolume: 0.5
18:28:54.251 [FXGL Background Thread 2 ] DEBUG Engine               - width: 640
18:28:54.251 [FXGL Background Thread 2 ] DEBUG Engine               - saveFileExt: sav
18:28:54.251 [FXGL Background Thread 2 ] DEBUG Engine               - isAndroid: false
18:28:54.251 [FXGL Background Thread 2 ] DEBUG Engine               - fontUI: VarelaRound-Regular.ttf
18:28:54.251 [FXGL Background Thread 2 ] DEBUG Engine               - enabledMenuItems: []
18:28:54.251 [FXGL Background Thread 2 ] DEBUG Engine               - isIOS: false
18:28:54.251 [FXGL Background Thread 2 ] DEBUG Engine               - Logging services
18:28:54.252 [FXGL Background Thread 2 ] DEBUG Engine               - class com.almasb.fxgl.app.GameApplication$GameApplicationService
18:28:54.252 [FXGL Background Thread 2 ] DEBUG Engine               - class com.almasb.fxgl.app.services.WindowService
18:28:54.252 [FXGL Background Thread 2 ] DEBUG Engine               - class com.almasb.fxgl.app.services.FXGLDialogService
18:28:54.252 [FXGL Background Thread 2 ] DEBUG Engine               - class com.almasb.fxgl.app.services.IOTaskExecutorService
18:28:54.252 [FXGL Background Thread 2 ] DEBUG Engine               - class com.almasb.fxgl.event.EventBusService
18:28:54.252 [FXGL Background Thread 2 ] DEBUG Engine               - class com.almasb.fxgl.io.FileSystemService
18:28:54.252 [FXGL Background Thread 2 ] DEBUG Engine               - class com.almasb.fxgl.localization.LocalizationService
18:28:54.252 [FXGL Background Thread 2 ] DEBUG Engine               - class com.almasb.fxgl.app.services.AssetLoaderService
18:28:54.252 [FXGL Background Thread 2 ] DEBUG Engine               - class com.almasb.fxgl.app.services.SystemBundleService
18:28:54.252 [FXGL Background Thread 2 ] DEBUG Engine               - class com.almasb.fxgl.profile.SaveLoadService
18:28:54.252 [FXGL Background Thread 2 ] DEBUG Engine               - class com.almasb.fxgl.ui.FXGLUIFactoryServiceProvider
18:28:54.252 [FXGL Background Thread 2 ] DEBUG Engine               - class com.almasb.fxgl.ui.FXGLDialogFactoryServiceProvider
18:28:54.253 [FXGL Background Thread 2 ] DEBUG Engine               - class com.almasb.fxgl.audio.AudioPlayer
18:28:54.253 [FXGL Background Thread 2 ] DEBUG Engine               - class com.almasb.fxgl.notification.impl.NotificationServiceProvider
18:28:54.253 [FXGL Background Thread 2 ] DEBUG Engine               - class com.almasb.fxgl.achievement.AchievementService
18:28:54.253 [FXGL Background Thread 2 ] DEBUG Engine               - class com.almasb.fxgl.cutscene.CutsceneService
18:28:54.253 [FXGL Background Thread 2 ] DEBUG Engine               - class com.almasb.fxgl.minigames.MiniGameService
18:28:54.253 [FXGL Background Thread 2 ] DEBUG Engine               - class com.almasb.fxgl.net.NetService
18:28:54.253 [FXGL Background Thread 2 ] DEBUG Engine               - class com.almasb.fxgl.app.services.UpdaterService
18:29:24.889 [JavaFX Application Thread] DEBUG AssetLoaderService   - Loading from file system: /assets/sounds/bump.wav
18:29:36.504 [JavaFX Application Thread] DEBUG AssetLoaderService   - Loading from file system: /assets/sounds/sound.wav
18:29:38.738 [JavaFX Application Thread] DEBUG AssetLoaderService   - Loading from cache: /assets/sounds/sound.wav
18:29:39.854 [JavaFX Application Thread] DEBUG AssetLoaderService   - Loading from cache: /assets/sounds/sound.wav
18:29:40.627 [JavaFX Application Thread] DEBUG AssetLoaderService   - Loading from cache: /assets/sounds/sound.wav
18:29:41.237 [JavaFX Application Thread] DEBUG AssetLoaderService   - Loading from cache: /assets/sounds/sound.wav
18:29:41.378 [JavaFX Application Thread] DEBUG AssetLoaderService   - Loading from cache: /assets/sounds/sound.wav
18:29:41.671 [JavaFX Application Thread] DEBUG AssetLoaderService   - Loading from cache: /assets/sounds/sound.wav
18:29:41.807 [JavaFX Application Thread] DEBUG AssetLoaderService   - Loading from cache: /assets/sounds/sound.wav
18:29:41.921 [JavaFX Application Thread] DEBUG AssetLoaderService   - Loading from cache: /assets/sounds/sound.wav
18:29:42.071 [JavaFX Application Thread] DEBUG AssetLoaderService   - Loading from cache: /assets/sounds/sound.wav
18:29:42.191 [JavaFX Application Thread] DEBUG AssetLoaderService   - Loading from cache: /assets/sounds/sound.wav
18:29:42.321 [JavaFX Application Thread] DEBUG AssetLoaderService   - Loading from cache: /assets/sounds/sound.wav
18:29:42.455 [JavaFX Application Thread] DEBUG AssetLoaderService   - Loading from cache: /assets/sounds/sound.wav
18:29:42.599 [JavaFX Application Thread] DEBUG AssetLoaderService   - Loading from cache: /assets/sounds/sound.wav
18:29:42.720 [JavaFX Application Thread] DEBUG AssetLoaderService   - Loading from cache: /assets/sounds/sound.wav
18:29:42.839 [JavaFX Application Thread] DEBUG AssetLoaderService   - Loading from cache: /assets/sounds/sound.wav
18:29:42.975 [JavaFX Application Thread] DEBUG AssetLoaderService   - Loading from cache: /assets/sounds/sound.wav
18:29:43.127 [JavaFX Application Thread] DEBUG AssetLoaderService   - Loading from cache: /assets/sounds/sound.wav
18:29:43.287 [JavaFX Application Thread] DEBUG AssetLoaderService   - Loading from cache: /assets/sounds/sound.wav
18:29:43.439 [JavaFX Application Thread] DEBUG AssetLoaderService   - Loading from cache: /assets/sounds/sound.wav
18:29:43.588 [JavaFX Application Thread] DEBUG AssetLoaderService   - Loading from cache: /assets/sounds/sound.wav
18:29:43.727 [JavaFX Application Thread] DEBUG AssetLoaderService   - Loading from cache: /assets/sounds/sound.wav
18:29:43.879 [JavaFX Application Thread] DEBUG AssetLoaderService   - Loading from cache: /assets/sounds/sound.wav
18:29:44.007 [JavaFX Application Thread] DEBUG AssetLoaderService   - Loading from cache: /assets/sounds/sound.wav
18:29:44.167 [JavaFX Application Thread] DEBUG AssetLoaderService   - Loading from cache: /assets/sounds/sound.wav
18:29:44.311 [JavaFX Application Thread] DEBUG AssetLoaderService   - Loading from cache: /assets/sounds/sound.wav
18:29:44.470 [JavaFX Application Thread] DEBUG AssetLoaderService   - Loading from cache: /assets/sounds/sound.wav
18:29:44.607 [JavaFX Application Thread] DEBUG AssetLoaderService   - Loading from cache: /assets/sounds/sound.wav
18:29:44.743 [JavaFX Application Thread] DEBUG AssetLoaderService   - Loading from cache: /assets/sounds/sound.wav
18:29:44.904 [JavaFX Application Thread] DEBUG AssetLoaderService   - Loading from cache: /assets/sounds/sound.wav
18:29:45.047 [JavaFX Application Thread] DEBUG AssetLoaderService   - Loading from cache: /assets/sounds/sound.wav
18:29:45.204 [JavaFX Application Thread] DEBUG AssetLoaderService   - Loading from cache: /assets/sounds/sound.wav
18:29:45.327 [JavaFX Application Thread] DEBUG AssetLoaderService   - Loading from cache: /assets/sounds/sound.wav
18:29:45.471 [JavaFX Application Thread] DEBUG AssetLoaderService   - Loading from cache: /assets/sounds/sound.wav
18:29:45.638 [JavaFX Application Thread] DEBUG AssetLoaderService   - Loading from cache: /assets/sounds/sound.wav
18:29:45.815 [JavaFX Application Thread] DEBUG AssetLoaderService   - Loading from cache: /assets/sounds/sound.wav
18:29:46.004 [JavaFX Application Thread] DEBUG AssetLoaderService   - Loading from cache: /assets/sounds/sound.wav
18:29:46.183 [JavaFX Application Thread] DEBUG AssetLoaderService   - Loading from cache: /assets/sounds/sound.wav
18:29:46.370 [JavaFX Application Thread] DEBUG AssetLoaderService   - Loading from cache: /assets/sounds/sound.wav
18:29:46.535 [JavaFX Application Thread] DEBUG AssetLoaderService   - Loading from cache: /assets/sounds/sound.wav
18:29:46.759 [JavaFX Application Thread] DEBUG AssetLoaderService   - Loading from cache: /assets/sounds/sound.wav
18:30:01.937 [JavaFX Application Thread] DEBUG AssetLoaderService   - Loading from cache: /assets/sounds/sound.wav
18:30:02.103 [JavaFX Application Thread] DEBUG AssetLoaderService   - Loading from cache: /assets/sounds/sound.wav
18:30:02.220 [JavaFX Application Thread] DEBUG AssetLoaderService   - Loading from cache: /assets/sounds/sound.wav
18:30:02.370 [JavaFX Application Thread] DEBUG AssetLoaderService   - Loading from cache: /assets/sounds/sound.wav
18:30:02.504 [JavaFX Application Thread] DEBUG AssetLoaderService   - Loading from cache: /assets/sounds/sound.wav
18:30:02.637 [JavaFX Application Thread] DEBUG AssetLoaderService   - Loading from cache: /assets/sounds/sound.wav
18:30:02.787 [JavaFX Application Thread] DEBUG AssetLoaderService   - Loading from cache: /assets/sounds/sound.wav
18:30:02.923 [JavaFX Application Thread] DEBUG AssetLoaderService   - Loading from cache: /assets/sounds/sound.wav
18:30:03.059 [JavaFX Application Thread] DEBUG AssetLoaderService   - Loading from cache: /assets/sounds/sound.wav
18:30:03.220 [JavaFX Application Thread] DEBUG AssetLoaderService   - Loading from cache: /assets/sounds/sound.wav
18:30:03.363 [JavaFX Application Thread] DEBUG AssetLoaderService   - Loading from cache: /assets/sounds/sound.wav
18:30:03.504 [JavaFX Application Thread] DEBUG AssetLoaderService   - Loading from cache: /assets/sounds/sound.wav
18:30:03.653 [JavaFX Application Thread] DEBUG AssetLoaderService   - Loading from cache: /assets/sounds/sound.wav
18:30:03.804 [JavaFX Application Thread] DEBUG AssetLoaderService   - Loading from cache: /assets/sounds/sound.wav
18:30:04.903 [JavaFX Application Thread] DEBUG AssetLoaderService   - Loading from cache: /assets/sounds/sound.wav
18:30:06.520 [JavaFX Application Thread] DEBUG AssetLoaderService   - Loading from cache: /assets/sounds/sound.wav
18:30:08.611 [JavaFX Application Thread] DEBUG AssetLoaderService   - Loading from cache: /assets/sounds/sound.wav
18:30:10.086 [JavaFX Application Thread] DEBUG AssetLoaderService   - Loading from cache: /assets/sounds/sound.wav
18:30:10.259 [JavaFX Application Thread] DEBUG AssetLoaderService   - Loading from cache: /assets/sounds/sound.wav
18:30:10.420 [JavaFX Application Thread] DEBUG AssetLoaderService   - Loading from cache: /assets/sounds/sound.wav
18:30:10.571 [JavaFX Application Thread] DEBUG AssetLoaderService   - Loading from cache: /assets/sounds/sound.wav
18:30:10.723 [JavaFX Application Thread] DEBUG AssetLoaderService   - Loading from cache: /assets/sounds/sound.wav
18:30:10.870 [JavaFX Application Thread] DEBUG AssetLoaderService   - Loading from cache: /assets/sounds/sound.wav
18:30:11.003 [JavaFX Application Thread] DEBUG AssetLoaderService   - Loading from cache: /assets/sounds/sound.wav
18:30:11.171 [JavaFX Application Thread] DEBUG AssetLoaderService   - Loading from cache: /assets/sounds/sound.wav
18:30:11.336 [JavaFX Application Thread] DEBUG AssetLoaderService   - Loading from cache: /assets/sounds/sound.wav
18:30:14.792 [JavaFX Application Thread] DEBUG GameApplication      - Exiting FXGL
18:30:14.792 [JavaFX Application Thread] DEBUG LoopRunner           - Stopping loop
18:30:14.792 [JavaFX Application Thread] DEBUG SystemBundleService  - Saving FXGL system data
18:30:14.794 [JavaFX Application Thread] DEBUG FileSystemAccess     - Writing to: C:\Users\Adam Cunard\git\FriendMaker2077-07-03\Project\system\fxgl.bundle
18:30:14.795 [JavaFX Application Thread] DEBUG GameApplication      - Shutting down background threads
18:30:14.795 [JavaFX Application Thread] DEBUG GameApplication      - Closing logger and exiting JavaFX
