12:30:50.744 [main                     ] DEBUG GameApplication      - Logger initialized
12:30:50.754 [main                     ] DEBUG GameApplication      - Logging settings
Title: FriendMaker2077
Version: 0.1
Width: 640
Height: 640
Fullscreen: false
Intro: false
Menus: false
Profiling: false
Single step:false
App Mode: DEVELOPER
Menu Key: ESCAPE
Stage Style: DECORATED
Scene Factory: class ui.MenuFactory

12:30:50.899 [JavaFX Application Thread] DEBUG GameApplication      - Initializing FXGL
12:30:50.905 [JavaFX Application Thread] INFO  Engine               - FXGL-11.8 (08.03.2020 09.25) on WINDOWS (J:13.0.2 FX:11.0.2)
12:30:50.905 [JavaFX Application Thread] INFO  Engine               - Source code and latest versions at: https://github.com/AlmasB/FXGL
12:30:50.905 [JavaFX Application Thread] INFO  Engine               -              Join the FXGL chat at: https://gitter.im/AlmasB/FXGL
12:30:50.965 [JavaFX Application Thread] DEBUG MainWindow           - Creating a JavaFX scene
12:30:50.993 [JavaFX Application Thread] DEBUG MainWindow           - Target settings size: 640.0 x 640.0
12:30:50.993 [JavaFX Application Thread] DEBUG MainWindow           - Scaled scene size:    640.0 x 640.0
12:30:50.993 [JavaFX Application Thread] DEBUG MainWindow           - Scaled ratio: (1.0, 1.0)
12:30:50.994 [JavaFX Application Thread] DEBUG MainWindow           - Set initial scene to FXGLStartupScene
12:30:50.997 [JavaFX Application Thread] DEBUG MainWindow           - Opening main window
12:30:51.045 [JavaFX Application Thread] DEBUG MainWindow           - Window border size: (16.0, 39.0)
12:30:51.045 [JavaFX Application Thread] DEBUG MainWindow           - Scaled size: 640.0 x 640.0
12:30:51.045 [JavaFX Application Thread] DEBUG MainWindow           - Scaled ratio: (1.0, 1.0)
12:30:51.045 [JavaFX Application Thread] DEBUG MainWindow           - Scene size: 640.0 x 640.0
12:30:51.045 [JavaFX Application Thread] DEBUG MainWindow           - Stage size: 656.0 x 679.0
12:30:51.049 [FXGL Background Thread 1 ] DEBUG Engine               - Initializing environment variables
12:30:51.065 [FXGL Background Thread 1 ] DEBUG WindowService        - Applying CSS: fxgl_dark.css
12:30:51.065 [FXGL Background Thread 1 ] DEBUG AssetLoaderService   - Loading from file system: /assets/ui/css/fxgl_dark.css
12:30:51.093 [FXGL Background Thread 1 ] DEBUG WindowService        - Initializing application scenes
12:30:51.111 [FXGL Background Thread 1 ] DEBUG GameWorld            - Game world initialized
12:30:51.133 [FXGL Background Thread 1 ] DEBUG PhysicsWorld         - Physics world initialized: appHeight=640, physics.ppm=50.0
12:30:51.135 [FXGL Background Thread 1 ] DEBUG GameScene            - Game scene initialized: 640x640
12:30:51.140 [FXGL Background Thread 1 ] DEBUG Input                - Registered new binding: Resume - Esc
12:30:51.148 [FXGL Background Thread 1 ] DEBUG Input                - Registered new binding: Pause - Esc
12:30:51.148 [FXGL Background Thread 1 ] DEBUG WindowService        - Application scenes initialized
12:30:51.155 [FXGL Background Thread 1 ] DEBUG SystemBundleService  - Loading FXGL system data
12:30:51.157 [FXGL Background Thread 1 ] DEBUG FileSystemAccess     - Reading from: C:\Users\otinn\git\FriendMaker2077-07-03\Project\system\fxgl.bundle
12:30:51.162 [FXGL Background Thread 1 ] DEBUG SystemBundleService  - Bundle FXGL: {}
12:30:51.162 [FXGL Background Thread 1 ] INFO  Engine               - FXGL initialization took: 0.112 sec
12:30:51.164 [FXGL Background Thread 1 ] DEBUG GameApplication      - Loading localizations
12:30:51.164 [FXGL Background Thread 1 ] DEBUG AssetLoaderService   - Loading from file system: /assets/properties/languages/english.properties
12:30:51.166 [FXGL Background Thread 1 ] DEBUG AssetLoaderService   - Loading from file system: /assets/properties/languages/french.properties
12:30:51.167 [FXGL Background Thread 1 ] DEBUG AssetLoaderService   - Loading from file system: /assets/properties/languages/german.properties
12:30:51.168 [FXGL Background Thread 1 ] DEBUG AssetLoaderService   - Loading from file system: /assets/properties/languages/hungarian.properties
12:30:51.170 [FXGL Background Thread 1 ] DEBUG AssetLoaderService   - Loading from file system: /assets/properties/languages/russian.properties
12:30:51.171 [FXGL Background Thread 1 ] DEBUG GameApplication      - Registering font factories with UI factory
12:30:51.171 [FXGL Background Thread 1 ] DEBUG AssetLoaderService   - Loading from file system: /assets/ui/fonts/VarelaRound-Regular.ttf
12:30:51.280 [FXGL Background Thread 1 ] DEBUG AssetLoaderService   - Loading from file system: /assets/ui/fonts/Abel-Regular.ttf
12:30:51.286 [FXGL Background Thread 1 ] DEBUG AssetLoaderService   - Loading from file system: /assets/ui/fonts/lucida_console.ttf
12:30:51.294 [FXGL Background Thread 1 ] DEBUG AssetLoaderService   - Loading from file system: /assets/ui/fonts/Courier-Prime.ttf
12:30:51.301 [JavaFX Application Thread] DEBUG Input                - Registered new binding: Move Right - D
12:30:51.302 [JavaFX Application Thread] DEBUG Input                - Registered new binding: Move Left - A
12:30:51.302 [JavaFX Application Thread] DEBUG Input                - Registered new binding: Move Up - W
12:30:51.302 [JavaFX Application Thread] DEBUG Input                - Registered new binding: Move Down - S
12:30:51.302 [JavaFX Application Thread] DEBUG Input                - Registered new binding: Play Sound - F
12:30:51.302 [JavaFX Application Thread] DEBUG AssetLoaderService   - Loading from file system: /assets/textures/fxgl_icon.png
12:30:51.332 [JavaFX Application Thread] DEBUG AssetLoaderService   - Loading from file system: /assets/ui/cursors/fxgl_default.png
12:30:51.333 [JavaFX Application Thread] DEBUG Input                - Registered new binding: Screenshot - P
12:30:51.334 [JavaFX Application Thread] DEBUG Input                - Registered new binding: System info dump - CTRL+9
12:30:51.334 [JavaFX Application Thread] DEBUG Input                - Registered new binding: Restart - CTRL+R
12:30:51.334 [JavaFX Application Thread] DEBUG LoopRunner           - Starting loop
12:30:51.341 [JavaFX Application Thread] DEBUG FXGLStartupScene     - STARTUP
12:30:51.342 [JavaFX Application Thread] DEBUG WindowService        - Starting new game
12:30:51.343 [JavaFX Application Thread] DEBUG Input                - Clearing active input actions
12:30:51.352 [JavaFX Application Thread] DEBUG WindowService        - Removing overlay from FXGLStartupScene and adding to FXGLLoadingScene
12:30:51.352 [JavaFX Application Thread] DEBUG MainWindow           - FXGLStartupScene -> FXGLLoadingScene
12:30:51.352 [JavaFX Application Thread] DEBUG WindowService        - Clearing previous game
12:30:51.352 [JavaFX Application Thread] DEBUG GameScene            - Clearing game scene
12:30:51.352 [JavaFX Application Thread] DEBUG GameWorld            - Clearing game world
12:30:51.352 [JavaFX Application Thread] DEBUG PhysicsWorld         - Clearing physics world
12:30:51.353 [FXGL Background Thread 1 ] DEBUG GameApplication      - Initializing game
12:30:51.357 [FXGL Background Thread 1 ] DEBUG AssetLoaderService   - Loading from file system: /assets/textures/EmptyMap.png
12:30:51.514 [FXGL Background Thread 1 ] DEBUG AssetLoaderService   - Loading from file system: /assets/textures/CharacterSprite.png
12:30:51.516 [FXGL Background Thread 1 ] DEBUG AssetLoaderService   - Loading from cache: /assets/textures/CharacterSprite.png
12:30:51.516 [FXGL Background Thread 1 ] DEBUG AssetLoaderService   - Loading from cache: /assets/textures/CharacterSprite.png
12:30:51.516 [FXGL Background Thread 1 ] DEBUG AssetLoaderService   - Loading from cache: /assets/textures/CharacterSprite.png
12:30:51.516 [FXGL Background Thread 1 ] DEBUG AssetLoaderService   - Loading from cache: /assets/textures/CharacterSprite.png
12:30:51.516 [FXGL Background Thread 1 ] DEBUG AssetLoaderService   - Loading from cache: /assets/textures/CharacterSprite.png
12:30:51.519 [FXGL Background Thread 1 ] DEBUG AssetLoaderService   - Loading from file system: /assets/textures/bbox.png
12:30:51.523 [FXGL Background Thread 1 ] DEBUG AssetLoaderService   - Loading from file system: /assets/textures/froggysprite.png
12:30:51.524 [FXGL Background Thread 1 ] DEBUG AssetLoaderService   - Loading from cache: /assets/textures/froggysprite.png
12:30:51.524 [FXGL Background Thread 1 ] DEBUG AssetLoaderService   - Loading from cache: /assets/textures/froggysprite.png
12:30:51.524 [FXGL Background Thread 1 ] DEBUG AssetLoaderService   - Loading from cache: /assets/textures/bbox.png
12:30:51.525 [FXGL Background Thread 1 ] DEBUG AssetLoaderService   - Loading from file system: /assets/textures/lighthouse.png
12:30:51.526 [FXGL Background Thread 1 ] DEBUG AssetLoaderService   - Loading from file system: /assets/textures/bush.png
12:30:51.527 [FXGL Background Thread 1 ] DEBUG AssetLoaderService   - Loading from cache: /assets/textures/bush.png
12:30:51.527 [FXGL Background Thread 1 ] DEBUG AssetLoaderService   - Loading from file system: /assets/textures/rock.png
12:30:51.528 [FXGL Background Thread 1 ] DEBUG AssetLoaderService   - Loading from cache: /assets/textures/rock.png
12:30:51.529 [FXGL Background Thread 1 ] DEBUG AssetLoaderService   - Loading from file system: /assets/textures/greenhouse.png
12:30:51.530 [FXGL Background Thread 1 ] DEBUG AssetLoaderService   - Loading from file system: /assets/textures/tree.png
12:30:51.531 [FXGL Background Thread 1 ] DEBUG AssetLoaderService   - Loading from cache: /assets/textures/bush.png
12:30:51.532 [FXGL Background Thread 1 ] DEBUG AssetLoaderService   - Loading from cache: /assets/textures/tree.png
12:30:51.532 [FXGL Background Thread 1 ] DEBUG AssetLoaderService   - Loading from cache: /assets/textures/bush.png
12:30:51.533 [FXGL Background Thread 1 ] DEBUG AssetLoaderService   - Loading from file system: /assets/textures/appletree.png
12:30:51.534 [FXGL Background Thread 1 ] DEBUG AssetLoaderService   - Loading from cache: /assets/textures/bush.png
12:30:51.534 [FXGL Background Thread 1 ] DEBUG AssetLoaderService   - Loading from cache: /assets/textures/tree.png
12:30:51.535 [FXGL Background Thread 1 ] DEBUG AssetLoaderService   - Loading from cache: /assets/textures/bush.png
12:30:51.535 [FXGL Background Thread 1 ] DEBUG AssetLoaderService   - Loading from cache: /assets/textures/appletree.png
12:30:51.536 [FXGL Background Thread 1 ] DEBUG AssetLoaderService   - Loading from cache: /assets/textures/bush.png
12:30:51.536 [FXGL Background Thread 1 ] DEBUG AssetLoaderService   - Loading from cache: /assets/textures/appletree.png
12:30:51.537 [FXGL Background Thread 1 ] DEBUG AssetLoaderService   - Loading from cache: /assets/textures/bush.png
12:30:51.537 [FXGL Background Thread 1 ] DEBUG AssetLoaderService   - Loading from cache: /assets/textures/tree.png
12:30:51.537 [FXGL Background Thread 1 ] DEBUG AssetLoaderService   - Loading from cache: /assets/textures/bush.png
12:30:51.538 [FXGL Background Thread 1 ] DEBUG AssetLoaderService   - Loading from cache: /assets/textures/tree.png
12:30:51.538 [FXGL Background Thread 1 ] DEBUG AssetLoaderService   - Loading from cache: /assets/textures/bush.png
12:30:51.539 [FXGL Background Thread 1 ] DEBUG AssetLoaderService   - Loading from cache: /assets/textures/tree.png
12:30:51.539 [FXGL Background Thread 1 ] DEBUG AssetLoaderService   - Loading from cache: /assets/textures/bush.png
12:30:51.540 [FXGL Background Thread 1 ] DEBUG AssetLoaderService   - Loading from cache: /assets/textures/bush.png
12:30:51.540 [FXGL Background Thread 1 ] DEBUG AssetLoaderService   - Loading from cache: /assets/textures/tree.png
12:30:51.540 [FXGL Background Thread 1 ] DEBUG AssetLoaderService   - Loading from cache: /assets/textures/tree.png
12:30:51.541 [FXGL Background Thread 1 ] DEBUG AssetLoaderService   - Loading from cache: /assets/textures/tree.png
12:30:51.541 [FXGL Background Thread 1 ] DEBUG AssetLoaderService   - Loading from cache: /assets/textures/bush.png
12:30:51.542 [FXGL Background Thread 1 ] DEBUG AssetLoaderService   - Loading from cache: /assets/textures/tree.png
12:30:51.542 [FXGL Background Thread 1 ] DEBUG AssetLoaderService   - Loading from cache: /assets/textures/bush.png
12:30:51.543 [FXGL Background Thread 1 ] DEBUG AssetLoaderService   - Loading from cache: /assets/textures/appletree.png
12:30:51.543 [FXGL Background Thread 1 ] DEBUG AssetLoaderService   - Loading from cache: /assets/textures/bush.png
12:30:51.543 [FXGL Background Thread 1 ] DEBUG AssetLoaderService   - Loading from cache: /assets/textures/tree.png
12:30:51.544 [FXGL Background Thread 1 ] DEBUG AssetLoaderService   - Loading from cache: /assets/textures/bush.png
12:30:51.545 [FXGL Background Thread 1 ] DEBUG AssetLoaderService   - Loading from cache: /assets/textures/appletree.png
12:30:51.545 [FXGL Background Thread 1 ] DEBUG AssetLoaderService   - Loading from cache: /assets/textures/bush.png
12:30:51.546 [FXGL Background Thread 1 ] DEBUG AssetLoaderService   - Loading from cache: /assets/textures/appletree.png
12:30:51.546 [FXGL Background Thread 1 ] DEBUG AssetLoaderService   - Loading from file system: /assets/textures/bluehouse.png
12:30:51.547 [FXGL Background Thread 1 ] DEBUG AssetLoaderService   - Loading from cache: /assets/textures/appletree.png
12:30:51.547 [FXGL Background Thread 1 ] DEBUG AssetLoaderService   - Loading from file system: /assets/textures/redhouse.png
12:30:51.548 [FXGL Background Thread 1 ] DEBUG AssetLoaderService   - Loading from cache: /assets/textures/appletree.png
12:30:51.549 [FXGL Background Thread 1 ] DEBUG AssetLoaderService   - Loading from cache: /assets/textures/redhouse.png
12:30:51.549 [FXGL Background Thread 1 ] DEBUG AssetLoaderService   - Loading from cache: /assets/textures/appletree.png
12:30:51.549 [FXGL Background Thread 1 ] DEBUG AssetLoaderService   - Loading from cache: /assets/textures/bluehouse.png
12:30:51.550 [FXGL Background Thread 1 ] DEBUG AssetLoaderService   - Loading from cache: /assets/textures/appletree.png
12:30:51.550 [FXGL Background Thread 1 ] DEBUG AssetLoaderService   - Loading from cache: /assets/textures/appletree.png
12:30:51.551 [FXGL Background Thread 1 ] DEBUG AssetLoaderService   - Loading from cache: /assets/textures/bush.png
12:30:51.551 [FXGL Background Thread 1 ] DEBUG AssetLoaderService   - Loading from cache: /assets/textures/rock.png
12:30:51.551 [FXGL Background Thread 1 ] DEBUG AssetLoaderService   - Loading from cache: /assets/textures/tree.png
12:30:51.552 [FXGL Background Thread 1 ] INFO  GameApplication      - Game initialization took: 0.199 sec
12:30:51.553 [JavaFX Application Thread] DEBUG Input                - Clearing active input actions
12:30:51.574 [JavaFX Application Thread] DEBUG WindowService        - Removing overlay from FXGLLoadingScene and adding to GameScene
12:30:51.574 [JavaFX Application Thread] DEBUG MainWindow           - FXGLLoadingScene -> GameScene
12:30:51.837 [JavaFX Application Thread] DEBUG MainWindow           - Push state: CustomPauseMenu
12:30:51.837 [JavaFX Application Thread] DEBUG Input                - Clearing active input actions
12:30:51.839 [JavaFX Application Thread] DEBUG WindowService        - Removing overlay from GameScene and adding to CustomPauseMenu
12:30:51.839 [JavaFX Application Thread] DEBUG MainWindow           - GameScene -> CustomPauseMenu
12:30:52.595 [JavaFX Application Thread] DEBUG GameApplication      - Exiting FXGL
12:30:52.595 [JavaFX Application Thread] DEBUG LoopRunner           - Stopping loop
12:30:52.595 [JavaFX Application Thread] DEBUG SystemBundleService  - Saving FXGL system data
12:30:52.596 [JavaFX Application Thread] DEBUG FileSystemAccess     - Writing to: C:\Users\otinn\git\FriendMaker2077-07-03\Project\system\fxgl.bundle
12:30:52.597 [JavaFX Application Thread] DEBUG GameApplication      - Shutting down background threads
12:30:52.598 [JavaFX Application Thread] DEBUG GameApplication      - Closing logger and exiting JavaFX
