17:19:02.951 [main                     ] DEBUG GameApplication      - Logger initialized
17:19:02.962 [main                     ] DEBUG GameApplication      - Logging settings
Title: Basic Game App
Version: 0.1
Width: 640
Height: 640
Fullscreen: false
Intro: false
Menus: false
Profiling: false
Single step:false
App Mode: DEVELOPER
Menu Key: ESCAPE
Stage Style: DECORATED
Scene Factory: class com.almasb.fxgl.app.scene.SceneFactory

17:19:03.323 [JavaFX Application Thread] DEBUG GameApplication      - Initializing FXGL
17:19:03.329 [JavaFX Application Thread] INFO  Engine               - FXGL-11.8 (08.03.2020 09.25) on WINDOWS (J:14 FX:13.0.2)
17:19:03.329 [JavaFX Application Thread] INFO  Engine               - Source code and latest versions at: https://github.com/AlmasB/FXGL
17:19:03.329 [JavaFX Application Thread] INFO  Engine               -              Join the FXGL chat at: https://gitter.im/AlmasB/FXGL
17:19:03.422 [JavaFX Application Thread] DEBUG MainWindow           - Creating a JavaFX scene
17:19:03.462 [JavaFX Application Thread] DEBUG MainWindow           - Target settings size: 640.0 x 640.0
17:19:03.462 [JavaFX Application Thread] DEBUG MainWindow           - Scaled scene size:    640.0 x 640.0
17:19:03.463 [JavaFX Application Thread] DEBUG MainWindow           - Scaled ratio: (1.0, 1.0)
17:19:03.464 [JavaFX Application Thread] DEBUG MainWindow           - Set initial scene to FXGLStartupScene
17:19:03.469 [JavaFX Application Thread] DEBUG MainWindow           - Opening main window
17:19:03.557 [JavaFX Application Thread] DEBUG MainWindow           - Window border size: (16.0, 39.0)
17:19:03.557 [JavaFX Application Thread] DEBUG MainWindow           - Scaled size: 640.0 x 640.0
17:19:03.557 [JavaFX Application Thread] DEBUG MainWindow           - Scaled ratio: (1.0, 1.0)
17:19:03.557 [JavaFX Application Thread] DEBUG MainWindow           - Scene size: 640.0 x 640.0
17:19:03.557 [JavaFX Application Thread] DEBUG MainWindow           - Stage size: 656.0 x 679.0
17:19:03.563 [FXGL Background Thread 1 ] DEBUG Engine               - Initializing environment variables
17:19:03.582 [FXGL Background Thread 1 ] DEBUG WindowService        - Applying CSS: fxgl_dark.css
17:19:03.582 [FXGL Background Thread 1 ] DEBUG AssetLoaderService   - Loading from file system: /assets/ui/css/fxgl_dark.css
17:19:03.615 [FXGL Background Thread 1 ] DEBUG WindowService        - Initializing application scenes
17:19:03.641 [FXGL Background Thread 1 ] DEBUG GameWorld            - Game world initialized
17:19:03.669 [FXGL Background Thread 1 ] DEBUG PhysicsWorld         - Physics world initialized: appHeight=640, physics.ppm=50.0
17:19:03.671 [FXGL Background Thread 1 ] DEBUG GameScene            - Game scene initialized: 640x640
17:19:03.677 [FXGL Background Thread 1 ] DEBUG Input                - Registered new binding: Resume - Esc
17:19:03.681 [FXGL Background Thread 1 ] DEBUG AssetLoaderService   - Loading from file system: /assets/textures/pause_menu_bg.png
17:19:03.718 [FXGL Background Thread 1 ] DEBUG Input                - Registered new binding: Pause - Esc
17:19:03.718 [FXGL Background Thread 1 ] DEBUG WindowService        - Application scenes initialized
17:19:03.727 [FXGL Background Thread 1 ] DEBUG SystemBundleService  - Loading FXGL system data
17:19:03.733 [FXGL Background Thread 1 ] DEBUG FileSystemAccess     - Reading from: C:\Users\Liana\git\FriendMaker2077-07-03\Project\system\fxgl.bundle
17:19:03.738 [FXGL Background Thread 1 ] DEBUG SystemBundleService  - Bundle FXGL: {}
17:19:03.738 [FXGL Background Thread 1 ] INFO  Engine               - FXGL initialization took: 0.174 sec
17:19:03.740 [FXGL Background Thread 1 ] DEBUG GameApplication      - Loading localizations
17:19:03.740 [FXGL Background Thread 1 ] DEBUG AssetLoaderService   - Loading from file system: /assets/properties/languages/english.properties
17:19:03.741 [FXGL Background Thread 1 ] DEBUG AssetLoaderService   - Loading from file system: /assets/properties/languages/french.properties
17:19:03.742 [FXGL Background Thread 1 ] DEBUG AssetLoaderService   - Loading from file system: /assets/properties/languages/german.properties
17:19:03.743 [FXGL Background Thread 1 ] DEBUG AssetLoaderService   - Loading from file system: /assets/properties/languages/hungarian.properties
17:19:03.744 [FXGL Background Thread 1 ] DEBUG AssetLoaderService   - Loading from file system: /assets/properties/languages/russian.properties
17:19:03.745 [FXGL Background Thread 1 ] DEBUG GameApplication      - Registering font factories with UI factory
17:19:03.745 [FXGL Background Thread 1 ] DEBUG AssetLoaderService   - Loading from file system: /assets/ui/fonts/VarelaRound-Regular.ttf
17:19:03.798 [FXGL Background Thread 1 ] DEBUG AssetLoaderService   - Loading from file system: /assets/ui/fonts/Abel-Regular.ttf
17:19:03.808 [FXGL Background Thread 1 ] DEBUG AssetLoaderService   - Loading from file system: /assets/ui/fonts/lucida_console.ttf
17:19:03.824 [FXGL Background Thread 1 ] DEBUG AssetLoaderService   - Loading from file system: /assets/ui/fonts/Courier-Prime.ttf
17:19:03.837 [JavaFX Application Thread] DEBUG Input                - Registered new binding: Move Right - D
17:19:03.837 [JavaFX Application Thread] DEBUG Input                - Registered new binding: Move Left - A
17:19:03.837 [JavaFX Application Thread] DEBUG Input                - Registered new binding: Move Up - W
17:19:03.837 [JavaFX Application Thread] DEBUG Input                - Registered new binding: Move Down - S
17:19:03.837 [JavaFX Application Thread] DEBUG Input                - Registered new binding: Play Sound - F
17:19:03.837 [JavaFX Application Thread] DEBUG AssetLoaderService   - Loading from file system: /assets/textures/fxgl_icon.png
17:19:03.850 [JavaFX Application Thread] DEBUG AssetLoaderService   - Loading from file system: /assets/ui/cursors/fxgl_default.png
17:19:03.852 [JavaFX Application Thread] DEBUG Input                - Registered new binding: Screenshot - P
17:19:03.853 [JavaFX Application Thread] DEBUG Input                - Registered new binding: System info dump - CTRL+9
17:19:03.853 [JavaFX Application Thread] DEBUG Input                - Registered new binding: Restart - CTRL+R
17:19:03.854 [JavaFX Application Thread] DEBUG LoopRunner           - Starting loop
17:19:03.872 [JavaFX Application Thread] DEBUG FXGLStartupScene     - STARTUP
17:19:03.872 [JavaFX Application Thread] DEBUG WindowService        - Starting new game
17:19:03.874 [JavaFX Application Thread] DEBUG Input                - Clearing active input actions
17:19:03.883 [JavaFX Application Thread] DEBUG WindowService        - Removing overlay from FXGLStartupScene and adding to FXGLLoadingScene
17:19:03.883 [JavaFX Application Thread] DEBUG MainWindow           - FXGLStartupScene -> FXGLLoadingScene
17:19:03.883 [JavaFX Application Thread] DEBUG WindowService        - Clearing previous game
17:19:03.883 [JavaFX Application Thread] DEBUG GameScene            - Clearing game scene
17:19:03.884 [JavaFX Application Thread] DEBUG GameWorld            - Clearing game world
17:19:03.884 [JavaFX Application Thread] DEBUG PhysicsWorld         - Clearing physics world
17:19:03.885 [FXGL Background Thread 1 ] DEBUG GameApplication      - Initializing game
17:19:03.886 [FXGL Background Thread 1 ] DEBUG AssetLoaderService   - Loading from file system: /assets/textures/BigMap.png
17:19:04.121 [FXGL Background Thread 1 ] DEBUG AssetLoaderService   - Loading from file system: /assets/textures/CharacterSprite.png
17:19:04.124 [FXGL Background Thread 1 ] DEBUG AssetLoaderService   - Loading from cache: /assets/textures/CharacterSprite.png
17:19:04.124 [FXGL Background Thread 1 ] DEBUG AssetLoaderService   - Loading from cache: /assets/textures/CharacterSprite.png
17:19:04.124 [FXGL Background Thread 1 ] DEBUG AssetLoaderService   - Loading from cache: /assets/textures/CharacterSprite.png
17:19:04.124 [FXGL Background Thread 1 ] DEBUG AssetLoaderService   - Loading from cache: /assets/textures/CharacterSprite.png
17:19:04.125 [FXGL Background Thread 1 ] DEBUG AssetLoaderService   - Loading from cache: /assets/textures/CharacterSprite.png
17:19:04.125 [FXGL Background Thread 1 ] DEBUG AssetLoaderService   - Loading from cache: /assets/textures/CharacterSprite.png
17:19:04.125 [FXGL Background Thread 1 ] DEBUG AssetLoaderService   - Loading from cache: /assets/textures/CharacterSprite.png
17:19:04.131 [FXGL Background Thread 1 ] DEBUG AssetLoaderService   - Loading from file system: /assets/textures/froggySprite.png
17:19:04.132 [FXGL Background Thread 1 ] DEBUG AssetLoaderService   - Loading from cache: /assets/textures/froggySprite.png
17:19:04.133 [FXGL Background Thread 1 ] DEBUG AssetLoaderService   - Loading from cache: /assets/textures/froggySprite.png
17:19:04.133 [FXGL Background Thread 1 ] DEBUG AssetLoaderService   - Loading from cache: /assets/textures/froggySprite.png
17:19:04.133 [FXGL Background Thread 1 ] DEBUG AssetLoaderService   - Loading from cache: /assets/textures/froggySprite.png
17:19:04.133 [FXGL Background Thread 1 ] DEBUG AssetLoaderService   - Loading from cache: /assets/textures/froggySprite.png
17:19:04.133 [FXGL Background Thread 1 ] DEBUG AssetLoaderService   - Loading from cache: /assets/textures/froggySprite.png
17:19:04.133 [FXGL Background Thread 1 ] DEBUG AssetLoaderService   - Loading from cache: /assets/textures/froggySprite.png
17:19:04.134 [FXGL Background Thread 1 ] DEBUG AssetLoaderService   - Loading from file system: /assets/textures/brick.png
17:19:04.136 [FXGL Background Thread 1 ] INFO  GameApplication      - Game initialization took: 0.251 sec
17:19:04.137 [JavaFX Application Thread] DEBUG Input                - Clearing active input actions
17:19:04.144 [JavaFX Application Thread] DEBUG WindowService        - Removing overlay from FXGLLoadingScene and adding to GameScene
17:19:04.144 [JavaFX Application Thread] DEBUG MainWindow           - FXGLLoadingScene -> GameScene
17:19:06.741 [FXGL Background Thread 2 ] DEBUG Engine               - Logging environment variables
17:19:06.741 [FXGL Background Thread 2 ] DEBUG Engine               - achievements: []
17:19:06.741 [FXGL Background Thread 2 ] DEBUG Engine               - language: ObjectProperty [value: ENGLISH]
17:19:06.741 [FXGL Background Thread 2 ] DEBUG Engine               - isCloseConfirmation: false
17:19:06.741 [FXGL Background Thread 2 ] DEBUG Engine               - isProfilingEnabled: false
17:19:06.741 [FXGL Background Thread 2 ] DEBUG Engine               - soundNotification: core/notification.wav
17:19:06.741 [FXGL Background Thread 2 ] DEBUG Engine               - devShowBBoxProperty: BooleanProperty [value: false]
17:19:06.741 [FXGL Background Thread 2 ] DEBUG Engine               - pixelsPerMeter: 50.0
17:19:06.742 [FXGL Background Thread 2 ] DEBUG Engine               - soundMenuBack: menu/back.wav
17:19:06.742 [FXGL Background Thread 2 ] DEBUG Engine               - appIcon: fxgl_icon.png
17:19:06.742 [FXGL Background Thread 2 ] DEBUG Engine               - isFullScreenAllowed: false
17:19:06.742 [FXGL Background Thread 2 ] DEBUG Engine               - isIntroEnabled: false
17:19:06.742 [FXGL Background Thread 2 ] DEBUG Engine               - fontMono: lucida_console.ttf
17:19:06.742 [FXGL Background Thread 2 ] DEBUG Engine               - soundMenuSelect: menu/select.wav
17:19:06.742 [FXGL Background Thread 2 ] DEBUG Engine               - isWindows: true
17:19:06.742 [FXGL Background Thread 2 ] DEBUG Engine               - isMobile: false
17:19:06.742 [FXGL Background Thread 2 ] DEBUG Engine               - isUserProfileEnabled: false
17:19:06.742 [FXGL Background Thread 2 ] DEBUG Engine               - height: 640
17:19:06.742 [FXGL Background Thread 2 ] DEBUG Engine               - isExperimentalNative: false
17:19:06.743 [FXGL Background Thread 2 ] DEBUG Engine               - settings: Title: Basic Game App
Version: 0.1
Width: 640
Height: 640
Fullscreen: false
Intro: false
Menus: false
Profiling: false
Single step:false
App Mode: DEVELOPER
Menu Key: ESCAPE
Stage Style: DECORATED
Scene Factory: class com.almasb.fxgl.app.scene.SceneFactory

17:19:06.743 [FXGL Background Thread 2 ] DEBUG Engine               - cSSList: [fxgl_dark.css]
17:19:06.743 [FXGL Background Thread 2 ] DEBUG Engine               - isSingleStep: false
17:19:06.743 [FXGL Background Thread 2 ] DEBUG Engine               - fontGame: Abel-Regular.ttf
17:19:06.743 [FXGL Background Thread 2 ] DEBUG Engine               - menuKey: ESCAPE
17:19:06.743 [FXGL Background Thread 2 ] DEBUG Engine               - devShowPositionProperty: BooleanProperty [value: false]
17:19:06.743 [FXGL Background Thread 2 ] DEBUG Engine               - versionCheckDays: 7
17:19:06.743 [FXGL Background Thread 2 ] DEBUG Engine               - configClass: Optional.empty
17:19:06.743 [FXGL Background Thread 2 ] DEBUG Engine               - isFullScreenFromStart: false
17:19:06.743 [FXGL Background Thread 2 ] DEBUG Engine               - version: 0.1
17:19:06.743 [FXGL Background Thread 2 ] DEBUG Engine               - fullScreen: BooleanProperty [value: false]
17:19:06.743 [FXGL Background Thread 2 ] DEBUG Engine               - randomSeed: -1
17:19:06.743 [FXGL Background Thread 2 ] DEBUG Engine               - gameDifficultyProperty: ObjectProperty [value: MEDIUM]
17:19:06.743 [FXGL Background Thread 2 ] DEBUG Engine               - applicationMode: DEVELOPER
17:19:06.743 [FXGL Background Thread 2 ] DEBUG Engine               - isMac: false
17:19:06.743 [FXGL Background Thread 2 ] DEBUG Engine               - isMenuEnabled: false
17:19:06.743 [FXGL Background Thread 2 ] DEBUG Engine               - urlPOM: https://raw.githubusercontent.com/AlmasB/FXGL/master/pom.xml
17:19:06.743 [FXGL Background Thread 2 ] DEBUG Engine               - profileName: StringProperty [value: DEFAULT]
17:19:06.743 [FXGL Background Thread 2 ] DEBUG Engine               - notificationViewClass: class com.almasb.fxgl.notification.view.XboxNotificationView
17:19:06.743 [FXGL Background Thread 2 ] DEBUG Engine               - devSensorColorProperty: ObjectProperty [value: 0xffff00ff]
17:19:06.743 [FXGL Background Thread 2 ] DEBUG Engine               - sceneFactory: com.almasb.fxgl.app.scene.SceneFactory@191dabb8
17:19:06.743 [FXGL Background Thread 2 ] DEBUG Engine               - stageStyle: DECORATED
17:19:06.743 [FXGL Background Thread 2 ] DEBUG Engine               - isManualResizeEnabled: false
17:19:06.745 [FXGL Background Thread 2 ] DEBUG Engine               - title: Basic Game App
17:19:06.745 [FXGL Background Thread 2 ] DEBUG Engine               - platform: WINDOWS
17:19:06.745 [FXGL Background Thread 2 ] DEBUG Engine               - devBBoxColorProperty: ObjectProperty [value: 0xff0000ff]
17:19:06.745 [FXGL Background Thread 2 ] DEBUG Engine               - gameDifficulty: MEDIUM
17:19:06.745 [FXGL Background Thread 2 ] DEBUG Engine               - isDesktop: true
17:19:06.745 [FXGL Background Thread 2 ] DEBUG Engine               - supportedLanguages: [ENGLISH, FRENCH, GERMAN, HUNGARIAN, RUSSIAN]
17:19:06.745 [FXGL Background Thread 2 ] DEBUG Engine               - credits: []
17:19:06.745 [FXGL Background Thread 2 ] DEBUG Engine               - globalMusicVolumeProperty: DoubleProperty [value: 0.5]
17:19:06.745 [FXGL Background Thread 2 ] DEBUG Engine               - isPreserveResizeRatio: false
17:19:06.745 [FXGL Background Thread 2 ] DEBUG Engine               - fontText: Courier-Prime.ttf
17:19:06.745 [FXGL Background Thread 2 ] DEBUG Engine               - isExperimentalTiledLargeMap: false
17:19:06.745 [FXGL Background Thread 2 ] DEBUG Engine               - secondsIn24h: 60
17:19:06.745 [FXGL Background Thread 2 ] DEBUG Engine               - runtimeInfo: RuntimeInfo(platform=WINDOWS, version=11.8, build=08.03.2020 09.25)
17:19:06.745 [FXGL Background Thread 2 ] DEBUG Engine               - urlGithub: https://github.com/AlmasB/FXGL
17:19:06.745 [FXGL Background Thread 2 ] DEBUG Engine               - isLinux: false
17:19:06.745 [FXGL Background Thread 2 ] DEBUG Engine               - soundMenuPress: menu/press.wav
17:19:06.745 [FXGL Background Thread 2 ] DEBUG Engine               - profileDir: profiles/
17:19:06.745 [FXGL Background Thread 2 ] DEBUG Engine               - isDeveloperMenuEnabled: false
17:19:06.745 [FXGL Background Thread 2 ] DEBUG Engine               - globalSoundVolumeProperty: DoubleProperty [value: 0.5]
17:19:06.745 [FXGL Background Thread 2 ] DEBUG Engine               - mainWindow: com.almasb.fxgl.app.MainWindow@1d223c43
17:19:06.745 [FXGL Background Thread 2 ] DEBUG Engine               - urlLeaderboard: http://fxgl-top.herokuapp.com/
17:19:06.745 [FXGL Background Thread 2 ] DEBUG Engine               - isBrowser: false
17:19:06.745 [FXGL Background Thread 2 ] DEBUG Engine               - globalSoundVolume: 0.5
17:19:06.745 [FXGL Background Thread 2 ] DEBUG Engine               - engineServices: [class com.almasb.fxgl.app.GameApplication$GameApplicationService, class com.almasb.fxgl.app.services.WindowService, class com.almasb.fxgl.app.services.FXGLDialogService, class com.almasb.fxgl.app.services.IOTaskExecutorService, class com.almasb.fxgl.event.EventBusService, class com.almasb.fxgl.io.FileSystemService, class com.almasb.fxgl.localization.LocalizationService, class com.almasb.fxgl.app.services.AssetLoaderService, class com.almasb.fxgl.app.services.SystemBundleService, class com.almasb.fxgl.profile.SaveLoadService, class com.almasb.fxgl.ui.FXGLUIFactoryServiceProvider, class com.almasb.fxgl.ui.FXGLDialogFactoryServiceProvider, class com.almasb.fxgl.audio.AudioPlayer, class com.almasb.fxgl.notification.impl.NotificationServiceProvider, class com.almasb.fxgl.achievement.AchievementService, class com.almasb.fxgl.cutscene.CutsceneService, class com.almasb.fxgl.minigames.MiniGameService, class com.almasb.fxgl.net.NetService, class com.almasb.fxgl.app.services.UpdaterService]
17:19:06.745 [FXGL Background Thread 2 ] DEBUG Engine               - globalMusicVolume: 0.5
17:19:06.746 [FXGL Background Thread 2 ] DEBUG Engine               - width: 640
17:19:06.746 [FXGL Background Thread 2 ] DEBUG Engine               - saveFileExt: sav
17:19:06.746 [FXGL Background Thread 2 ] DEBUG Engine               - isAndroid: false
17:19:06.746 [FXGL Background Thread 2 ] DEBUG Engine               - fontUI: VarelaRound-Regular.ttf
17:19:06.746 [FXGL Background Thread 2 ] DEBUG Engine               - isIOS: false
17:19:06.746 [FXGL Background Thread 2 ] DEBUG Engine               - enabledMenuItems: []
17:19:06.746 [FXGL Background Thread 2 ] DEBUG Engine               - Logging services
17:19:06.746 [FXGL Background Thread 2 ] DEBUG Engine               - class com.almasb.fxgl.app.GameApplication$GameApplicationService
17:19:06.746 [FXGL Background Thread 2 ] DEBUG Engine               - class com.almasb.fxgl.app.services.WindowService
17:19:06.746 [FXGL Background Thread 2 ] DEBUG Engine               - class com.almasb.fxgl.app.services.FXGLDialogService
17:19:06.746 [FXGL Background Thread 2 ] DEBUG Engine               - class com.almasb.fxgl.app.services.IOTaskExecutorService
17:19:06.747 [FXGL Background Thread 2 ] DEBUG Engine               - class com.almasb.fxgl.event.EventBusService
17:19:06.747 [FXGL Background Thread 2 ] DEBUG Engine               - class com.almasb.fxgl.io.FileSystemService
17:19:06.747 [FXGL Background Thread 2 ] DEBUG Engine               - class com.almasb.fxgl.localization.LocalizationService
17:19:06.747 [FXGL Background Thread 2 ] DEBUG Engine               - class com.almasb.fxgl.app.services.AssetLoaderService
17:19:06.747 [FXGL Background Thread 2 ] DEBUG Engine               - class com.almasb.fxgl.app.services.SystemBundleService
17:19:06.747 [FXGL Background Thread 2 ] DEBUG Engine               - class com.almasb.fxgl.profile.SaveLoadService
17:19:06.747 [FXGL Background Thread 2 ] DEBUG Engine               - class com.almasb.fxgl.ui.FXGLUIFactoryServiceProvider
17:19:06.747 [FXGL Background Thread 2 ] DEBUG Engine               - class com.almasb.fxgl.ui.FXGLDialogFactoryServiceProvider
17:19:06.747 [FXGL Background Thread 2 ] DEBUG Engine               - class com.almasb.fxgl.audio.AudioPlayer
17:19:06.747 [FXGL Background Thread 2 ] DEBUG Engine               - class com.almasb.fxgl.notification.impl.NotificationServiceProvider
17:19:06.747 [FXGL Background Thread 2 ] DEBUG Engine               - class com.almasb.fxgl.achievement.AchievementService
17:19:06.747 [FXGL Background Thread 2 ] DEBUG Engine               - class com.almasb.fxgl.cutscene.CutsceneService
17:19:06.747 [FXGL Background Thread 2 ] DEBUG Engine               - class com.almasb.fxgl.minigames.MiniGameService
17:19:06.748 [FXGL Background Thread 2 ] DEBUG Engine               - class com.almasb.fxgl.net.NetService
17:19:06.748 [FXGL Background Thread 2 ] DEBUG Engine               - class com.almasb.fxgl.app.services.UpdaterService
17:19:10.216 [JavaFX Application Thread] DEBUG GameApplication      - Exiting FXGL
17:19:10.216 [JavaFX Application Thread] DEBUG LoopRunner           - Stopping loop
17:19:10.217 [JavaFX Application Thread] DEBUG SystemBundleService  - Saving FXGL system data
17:19:10.218 [JavaFX Application Thread] DEBUG FileSystemAccess     - Writing to: C:\Users\Liana\git\FriendMaker2077-07-03\Project\system\fxgl.bundle
17:19:10.219 [JavaFX Application Thread] DEBUG GameApplication      - Shutting down background threads
17:19:10.219 [JavaFX Application Thread] DEBUG GameApplication      - Closing logger and exiting JavaFX
