12:03:43.147 [main                     ] DEBUG GameApplication      - Logger initialized
12:03:43.159 [main                     ] DEBUG GameApplication      - Logging settings
Title: FriendMaker2077
Version: 0.1
Width: 640
Height: 640
Fullscreen: false
Intro: false
Menus: false
Profiling: false
Single step:false
App Mode: DEVELOPER
Menu Key: ESCAPE
Stage Style: DECORATED
Scene Factory: class ui.MenuFactory

12:03:43.306 [JavaFX Application Thread] DEBUG GameApplication      - Initializing FXGL
12:03:43.311 [JavaFX Application Thread] INFO  Engine               - FXGL-11.8 (08.03.2020 09.25) on WINDOWS (J:13.0.2 FX:11.0.2)
12:03:43.311 [JavaFX Application Thread] INFO  Engine               - Source code and latest versions at: https://github.com/AlmasB/FXGL
12:03:43.312 [JavaFX Application Thread] INFO  Engine               -              Join the FXGL chat at: https://gitter.im/AlmasB/FXGL
12:03:43.372 [JavaFX Application Thread] DEBUG MainWindow           - Creating a JavaFX scene
12:03:43.400 [JavaFX Application Thread] DEBUG MainWindow           - Target settings size: 640.0 x 640.0
12:03:43.400 [JavaFX Application Thread] DEBUG MainWindow           - Scaled scene size:    640.0 x 640.0
12:03:43.400 [JavaFX Application Thread] DEBUG MainWindow           - Scaled ratio: (1.0, 1.0)
12:03:43.401 [JavaFX Application Thread] DEBUG MainWindow           - Set initial scene to FXGLStartupScene
12:03:43.404 [JavaFX Application Thread] DEBUG MainWindow           - Opening main window
12:03:43.453 [JavaFX Application Thread] DEBUG MainWindow           - Window border size: (16.0, 39.0)
12:03:43.453 [JavaFX Application Thread] DEBUG MainWindow           - Scaled size: 640.0 x 640.0
12:03:43.453 [JavaFX Application Thread] DEBUG MainWindow           - Scaled ratio: (1.0, 1.0)
12:03:43.453 [JavaFX Application Thread] DEBUG MainWindow           - Scene size: 640.0 x 640.0
12:03:43.454 [JavaFX Application Thread] DEBUG MainWindow           - Stage size: 656.0 x 679.0
12:03:43.458 [FXGL Background Thread 1 ] DEBUG Engine               - Initializing environment variables
12:03:43.473 [FXGL Background Thread 1 ] DEBUG WindowService        - Applying CSS: fxgl_dark.css
12:03:43.473 [FXGL Background Thread 1 ] DEBUG AssetLoaderService   - Loading from file system: /assets/ui/css/fxgl_dark.css
12:03:43.501 [FXGL Background Thread 1 ] DEBUG WindowService        - Initializing application scenes
12:03:43.518 [FXGL Background Thread 1 ] DEBUG GameWorld            - Game world initialized
12:03:43.539 [FXGL Background Thread 1 ] DEBUG PhysicsWorld         - Physics world initialized: appHeight=640, physics.ppm=50.0
12:03:43.540 [FXGL Background Thread 1 ] DEBUG GameScene            - Game scene initialized: 640x640
12:03:43.545 [FXGL Background Thread 1 ] DEBUG Input                - Registered new binding: Resume - Esc
12:03:43.553 [FXGL Background Thread 1 ] DEBUG Input                - Registered new binding: Pause - Esc
12:03:43.554 [FXGL Background Thread 1 ] DEBUG WindowService        - Application scenes initialized
12:03:43.561 [FXGL Background Thread 1 ] DEBUG SystemBundleService  - Loading FXGL system data
12:03:43.564 [FXGL Background Thread 1 ] DEBUG FileSystemAccess     - Reading from: C:\Users\otinn\git\FriendMaker2077-07-03\Project\system\fxgl.bundle
12:03:43.569 [FXGL Background Thread 1 ] DEBUG SystemBundleService  - Bundle FXGL: {}
12:03:43.569 [FXGL Background Thread 1 ] INFO  Engine               - FXGL initialization took: 0.109 sec
12:03:43.570 [FXGL Background Thread 1 ] DEBUG GameApplication      - Loading localizations
12:03:43.571 [FXGL Background Thread 1 ] DEBUG AssetLoaderService   - Loading from file system: /assets/properties/languages/english.properties
12:03:43.572 [FXGL Background Thread 1 ] DEBUG AssetLoaderService   - Loading from file system: /assets/properties/languages/french.properties
12:03:43.573 [FXGL Background Thread 1 ] DEBUG AssetLoaderService   - Loading from file system: /assets/properties/languages/german.properties
12:03:43.574 [FXGL Background Thread 1 ] DEBUG AssetLoaderService   - Loading from file system: /assets/properties/languages/hungarian.properties
12:03:43.575 [FXGL Background Thread 1 ] DEBUG AssetLoaderService   - Loading from file system: /assets/properties/languages/russian.properties
12:03:43.576 [FXGL Background Thread 1 ] DEBUG GameApplication      - Registering font factories with UI factory
12:03:43.576 [FXGL Background Thread 1 ] DEBUG AssetLoaderService   - Loading from file system: /assets/ui/fonts/VarelaRound-Regular.ttf
12:03:43.682 [FXGL Background Thread 1 ] DEBUG AssetLoaderService   - Loading from file system: /assets/ui/fonts/Abel-Regular.ttf
12:03:43.689 [FXGL Background Thread 1 ] DEBUG AssetLoaderService   - Loading from file system: /assets/ui/fonts/lucida_console.ttf
12:03:43.696 [FXGL Background Thread 1 ] DEBUG AssetLoaderService   - Loading from file system: /assets/ui/fonts/Courier-Prime.ttf
12:03:43.704 [JavaFX Application Thread] DEBUG Input                - Registered new binding: Move Right - D
12:03:43.704 [JavaFX Application Thread] DEBUG Input                - Registered new binding: Move Left - A
12:03:43.704 [JavaFX Application Thread] DEBUG Input                - Registered new binding: Move Up - W
12:03:43.705 [JavaFX Application Thread] DEBUG Input                - Registered new binding: Move Down - S
12:03:43.705 [JavaFX Application Thread] DEBUG Input                - Registered new binding: Play Sound - F
12:03:43.705 [JavaFX Application Thread] DEBUG AssetLoaderService   - Loading from file system: /assets/textures/fxgl_icon.png
12:03:43.734 [JavaFX Application Thread] DEBUG AssetLoaderService   - Loading from file system: /assets/ui/cursors/fxgl_default.png
12:03:43.736 [JavaFX Application Thread] DEBUG Input                - Registered new binding: Screenshot - P
12:03:43.736 [JavaFX Application Thread] DEBUG Input                - Registered new binding: System info dump - CTRL+9
12:03:43.737 [JavaFX Application Thread] DEBUG Input                - Registered new binding: Restart - CTRL+R
12:03:43.737 [JavaFX Application Thread] DEBUG LoopRunner           - Starting loop
12:03:43.749 [JavaFX Application Thread] DEBUG FXGLStartupScene     - STARTUP
12:03:43.750 [JavaFX Application Thread] DEBUG WindowService        - Starting new game
12:03:43.751 [JavaFX Application Thread] DEBUG Input                - Clearing active input actions
12:03:43.758 [JavaFX Application Thread] DEBUG WindowService        - Removing overlay from FXGLStartupScene and adding to FXGLLoadingScene
12:03:43.759 [JavaFX Application Thread] DEBUG MainWindow           - FXGLStartupScene -> FXGLLoadingScene
12:03:43.759 [JavaFX Application Thread] DEBUG WindowService        - Clearing previous game
12:03:43.759 [JavaFX Application Thread] DEBUG GameScene            - Clearing game scene
12:03:43.759 [JavaFX Application Thread] DEBUG GameWorld            - Clearing game world
12:03:43.759 [JavaFX Application Thread] DEBUG PhysicsWorld         - Clearing physics world
12:03:43.760 [FXGL Background Thread 1 ] DEBUG GameApplication      - Initializing game
12:03:43.763 [FXGL Background Thread 1 ] DEBUG AssetLoaderService   - Loading from file system: /assets/textures/EmptyMap.png
12:03:43.925 [FXGL Background Thread 1 ] DEBUG AssetLoaderService   - Loading from file system: /assets/textures/CharacterSprite.png
12:03:43.926 [FXGL Background Thread 1 ] DEBUG AssetLoaderService   - Loading from cache: /assets/textures/CharacterSprite.png
12:03:43.926 [FXGL Background Thread 1 ] DEBUG AssetLoaderService   - Loading from cache: /assets/textures/CharacterSprite.png
12:03:43.927 [FXGL Background Thread 1 ] DEBUG AssetLoaderService   - Loading from cache: /assets/textures/CharacterSprite.png
12:03:43.927 [FXGL Background Thread 1 ] DEBUG AssetLoaderService   - Loading from cache: /assets/textures/CharacterSprite.png
12:03:43.927 [FXGL Background Thread 1 ] DEBUG AssetLoaderService   - Loading from cache: /assets/textures/CharacterSprite.png
12:03:43.929 [FXGL Background Thread 1 ] DEBUG AssetLoaderService   - Loading from file system: /assets/textures/bbox.png
12:03:43.933 [FXGL Background Thread 1 ] DEBUG AssetLoaderService   - Loading from file system: /assets/textures/froggysprite.png
12:03:43.934 [FXGL Background Thread 1 ] DEBUG AssetLoaderService   - Loading from cache: /assets/textures/froggysprite.png
12:03:43.934 [FXGL Background Thread 1 ] DEBUG AssetLoaderService   - Loading from cache: /assets/textures/froggysprite.png
12:03:43.934 [FXGL Background Thread 1 ] DEBUG AssetLoaderService   - Loading from cache: /assets/textures/bbox.png
12:03:43.935 [FXGL Background Thread 1 ] DEBUG AssetLoaderService   - Loading from file system: /assets/textures/lighthouse.png
12:03:43.936 [FXGL Background Thread 1 ] DEBUG AssetLoaderService   - Loading from file system: /assets/textures/bush.png
12:03:43.937 [FXGL Background Thread 1 ] DEBUG AssetLoaderService   - Loading from cache: /assets/textures/bush.png
12:03:43.937 [FXGL Background Thread 1 ] DEBUG AssetLoaderService   - Loading from file system: /assets/textures/rock.png
12:03:43.938 [FXGL Background Thread 1 ] DEBUG AssetLoaderService   - Loading from cache: /assets/textures/rock.png
12:03:43.939 [FXGL Background Thread 1 ] DEBUG AssetLoaderService   - Loading from file system: /assets/textures/greenhouse.png
12:03:43.940 [FXGL Background Thread 1 ] DEBUG AssetLoaderService   - Loading from file system: /assets/textures/tree.png
12:03:43.941 [FXGL Background Thread 1 ] DEBUG AssetLoaderService   - Loading from cache: /assets/textures/bush.png
12:03:43.941 [FXGL Background Thread 1 ] DEBUG AssetLoaderService   - Loading from cache: /assets/textures/tree.png
12:03:43.942 [FXGL Background Thread 1 ] DEBUG AssetLoaderService   - Loading from cache: /assets/textures/bush.png
12:03:43.942 [FXGL Background Thread 1 ] DEBUG AssetLoaderService   - Loading from file system: /assets/textures/appletree.png
12:03:43.943 [FXGL Background Thread 1 ] DEBUG AssetLoaderService   - Loading from cache: /assets/textures/bush.png
12:03:43.943 [FXGL Background Thread 1 ] DEBUG AssetLoaderService   - Loading from cache: /assets/textures/tree.png
12:03:43.944 [FXGL Background Thread 1 ] DEBUG AssetLoaderService   - Loading from cache: /assets/textures/bush.png
12:03:43.944 [FXGL Background Thread 1 ] DEBUG AssetLoaderService   - Loading from cache: /assets/textures/appletree.png
12:03:43.945 [FXGL Background Thread 1 ] DEBUG AssetLoaderService   - Loading from cache: /assets/textures/bush.png
12:03:43.945 [FXGL Background Thread 1 ] DEBUG AssetLoaderService   - Loading from cache: /assets/textures/appletree.png
12:03:43.946 [FXGL Background Thread 1 ] DEBUG AssetLoaderService   - Loading from cache: /assets/textures/bush.png
12:03:43.946 [FXGL Background Thread 1 ] DEBUG AssetLoaderService   - Loading from cache: /assets/textures/tree.png
12:03:43.947 [FXGL Background Thread 1 ] DEBUG AssetLoaderService   - Loading from cache: /assets/textures/bush.png
12:03:43.947 [FXGL Background Thread 1 ] DEBUG AssetLoaderService   - Loading from cache: /assets/textures/tree.png
12:03:43.947 [FXGL Background Thread 1 ] DEBUG AssetLoaderService   - Loading from cache: /assets/textures/bush.png
12:03:43.948 [FXGL Background Thread 1 ] DEBUG AssetLoaderService   - Loading from cache: /assets/textures/tree.png
12:03:43.948 [FXGL Background Thread 1 ] DEBUG AssetLoaderService   - Loading from cache: /assets/textures/bush.png
12:03:43.949 [FXGL Background Thread 1 ] DEBUG AssetLoaderService   - Loading from cache: /assets/textures/bush.png
12:03:43.949 [FXGL Background Thread 1 ] DEBUG AssetLoaderService   - Loading from cache: /assets/textures/tree.png
12:03:43.950 [FXGL Background Thread 1 ] DEBUG AssetLoaderService   - Loading from cache: /assets/textures/tree.png
12:03:43.950 [FXGL Background Thread 1 ] DEBUG AssetLoaderService   - Loading from cache: /assets/textures/tree.png
12:03:43.950 [FXGL Background Thread 1 ] DEBUG AssetLoaderService   - Loading from cache: /assets/textures/bush.png
12:03:43.951 [FXGL Background Thread 1 ] DEBUG AssetLoaderService   - Loading from cache: /assets/textures/tree.png
12:03:43.951 [FXGL Background Thread 1 ] DEBUG AssetLoaderService   - Loading from cache: /assets/textures/bush.png
12:03:43.952 [FXGL Background Thread 1 ] DEBUG AssetLoaderService   - Loading from cache: /assets/textures/appletree.png
12:03:43.952 [FXGL Background Thread 1 ] DEBUG AssetLoaderService   - Loading from cache: /assets/textures/bush.png
12:03:43.952 [FXGL Background Thread 1 ] DEBUG AssetLoaderService   - Loading from cache: /assets/textures/tree.png
12:03:43.953 [FXGL Background Thread 1 ] DEBUG AssetLoaderService   - Loading from cache: /assets/textures/bush.png
12:03:43.954 [FXGL Background Thread 1 ] DEBUG AssetLoaderService   - Loading from cache: /assets/textures/appletree.png
12:03:43.954 [FXGL Background Thread 1 ] DEBUG AssetLoaderService   - Loading from cache: /assets/textures/bush.png
12:03:43.954 [FXGL Background Thread 1 ] DEBUG AssetLoaderService   - Loading from cache: /assets/textures/appletree.png
12:03:43.955 [FXGL Background Thread 1 ] DEBUG AssetLoaderService   - Loading from file system: /assets/textures/bluehouse.png
12:03:43.956 [FXGL Background Thread 1 ] DEBUG AssetLoaderService   - Loading from cache: /assets/textures/appletree.png
12:03:43.956 [FXGL Background Thread 1 ] DEBUG AssetLoaderService   - Loading from file system: /assets/textures/redhouse.png
12:03:43.957 [FXGL Background Thread 1 ] DEBUG AssetLoaderService   - Loading from cache: /assets/textures/appletree.png
12:03:43.957 [FXGL Background Thread 1 ] DEBUG AssetLoaderService   - Loading from cache: /assets/textures/redhouse.png
12:03:43.958 [FXGL Background Thread 1 ] DEBUG AssetLoaderService   - Loading from cache: /assets/textures/appletree.png
12:03:43.958 [FXGL Background Thread 1 ] DEBUG AssetLoaderService   - Loading from cache: /assets/textures/bluehouse.png
12:03:43.959 [FXGL Background Thread 1 ] DEBUG AssetLoaderService   - Loading from cache: /assets/textures/appletree.png
12:03:43.959 [FXGL Background Thread 1 ] DEBUG AssetLoaderService   - Loading from cache: /assets/textures/appletree.png
12:03:43.959 [FXGL Background Thread 1 ] DEBUG AssetLoaderService   - Loading from cache: /assets/textures/bush.png
12:03:43.960 [FXGL Background Thread 1 ] DEBUG AssetLoaderService   - Loading from cache: /assets/textures/rock.png
12:03:43.960 [FXGL Background Thread 1 ] DEBUG AssetLoaderService   - Loading from cache: /assets/textures/tree.png
12:03:43.961 [FXGL Background Thread 1 ] INFO  GameApplication      - Game initialization took: 0.201 sec
12:03:43.969 [JavaFX Application Thread] DEBUG Input                - Clearing active input actions
12:03:43.992 [JavaFX Application Thread] DEBUG WindowService        - Removing overlay from FXGLLoadingScene and adding to GameScene
12:03:43.993 [JavaFX Application Thread] DEBUG MainWindow           - FXGLLoadingScene -> GameScene
12:03:46.571 [FXGL Background Thread 2 ] DEBUG Engine               - Logging environment variables
12:03:46.571 [FXGL Background Thread 2 ] DEBUG Engine               - achievements: []
12:03:46.571 [FXGL Background Thread 2 ] DEBUG Engine               - language: ObjectProperty [value: ENGLISH]
12:03:46.571 [FXGL Background Thread 2 ] DEBUG Engine               - isCloseConfirmation: false
12:03:46.571 [FXGL Background Thread 2 ] DEBUG Engine               - isProfilingEnabled: false
12:03:46.571 [FXGL Background Thread 2 ] DEBUG Engine               - soundNotification: core/notification.wav
12:03:46.571 [FXGL Background Thread 2 ] DEBUG Engine               - devShowBBoxProperty: BooleanProperty [value: false]
12:03:46.571 [FXGL Background Thread 2 ] DEBUG Engine               - pixelsPerMeter: 50.0
12:03:46.571 [FXGL Background Thread 2 ] DEBUG Engine               - soundMenuBack: menu/back.wav
12:03:46.571 [FXGL Background Thread 2 ] DEBUG Engine               - appIcon: fxgl_icon.png
12:03:46.571 [FXGL Background Thread 2 ] DEBUG Engine               - isFullScreenAllowed: false
12:03:46.571 [FXGL Background Thread 2 ] DEBUG Engine               - isIntroEnabled: false
12:03:46.571 [FXGL Background Thread 2 ] DEBUG Engine               - fontMono: lucida_console.ttf
12:03:46.572 [FXGL Background Thread 2 ] DEBUG Engine               - soundMenuSelect: menu/select.wav
12:03:46.572 [FXGL Background Thread 2 ] DEBUG Engine               - isWindows: true
12:03:46.572 [FXGL Background Thread 2 ] DEBUG Engine               - isMobile: false
12:03:46.572 [FXGL Background Thread 2 ] DEBUG Engine               - isUserProfileEnabled: false
12:03:46.572 [FXGL Background Thread 2 ] DEBUG Engine               - height: 640
12:03:46.572 [FXGL Background Thread 2 ] DEBUG Engine               - isExperimentalNative: false
12:03:46.572 [FXGL Background Thread 2 ] DEBUG Engine               - settings: Title: FriendMaker2077
Version: 0.1
Width: 640
Height: 640
Fullscreen: false
Intro: false
Menus: false
Profiling: false
Single step:false
App Mode: DEVELOPER
Menu Key: ESCAPE
Stage Style: DECORATED
Scene Factory: class ui.MenuFactory

12:03:46.572 [FXGL Background Thread 2 ] DEBUG Engine               - isSingleStep: false
12:03:46.572 [FXGL Background Thread 2 ] DEBUG Engine               - cSSList: [fxgl_dark.css]
12:03:46.572 [FXGL Background Thread 2 ] DEBUG Engine               - fontGame: Abel-Regular.ttf
12:03:46.572 [FXGL Background Thread 2 ] DEBUG Engine               - menuKey: ESCAPE
12:03:46.572 [FXGL Background Thread 2 ] DEBUG Engine               - devShowPositionProperty: BooleanProperty [value: false]
12:03:46.572 [FXGL Background Thread 2 ] DEBUG Engine               - versionCheckDays: 7
12:03:46.572 [FXGL Background Thread 2 ] DEBUG Engine               - configClass: Optional.empty
12:03:46.573 [FXGL Background Thread 2 ] DEBUG Engine               - isFullScreenFromStart: false
12:03:46.573 [FXGL Background Thread 2 ] DEBUG Engine               - version: 0.1
12:03:46.573 [FXGL Background Thread 2 ] DEBUG Engine               - fullScreen: BooleanProperty [value: false]
12:03:46.573 [FXGL Background Thread 2 ] DEBUG Engine               - randomSeed: -1
12:03:46.573 [FXGL Background Thread 2 ] DEBUG Engine               - gameDifficultyProperty: ObjectProperty [value: MEDIUM]
12:03:46.573 [FXGL Background Thread 2 ] DEBUG Engine               - applicationMode: DEVELOPER
12:03:46.573 [FXGL Background Thread 2 ] DEBUG Engine               - isMac: false
12:03:46.573 [FXGL Background Thread 2 ] DEBUG Engine               - isMenuEnabled: false
12:03:46.573 [FXGL Background Thread 2 ] DEBUG Engine               - profileName: StringProperty [value: DEFAULT]
12:03:46.573 [FXGL Background Thread 2 ] DEBUG Engine               - urlPOM: https://raw.githubusercontent.com/AlmasB/FXGL/master/pom.xml
12:03:46.573 [FXGL Background Thread 2 ] DEBUG Engine               - devSensorColorProperty: ObjectProperty [value: 0xffff00ff]
12:03:46.573 [FXGL Background Thread 2 ] DEBUG Engine               - notificationViewClass: class com.almasb.fxgl.notification.view.XboxNotificationView
12:03:46.573 [FXGL Background Thread 2 ] DEBUG Engine               - sceneFactory: ui.MenuFactory@44b25259
12:03:46.574 [FXGL Background Thread 2 ] DEBUG Engine               - stageStyle: DECORATED
12:03:46.574 [FXGL Background Thread 2 ] DEBUG Engine               - isManualResizeEnabled: false
12:03:46.574 [FXGL Background Thread 2 ] DEBUG Engine               - title: FriendMaker2077
12:03:46.574 [FXGL Background Thread 2 ] DEBUG Engine               - platform: WINDOWS
12:03:46.574 [FXGL Background Thread 2 ] DEBUG Engine               - devBBoxColorProperty: ObjectProperty [value: 0xff0000ff]
12:03:46.574 [FXGL Background Thread 2 ] DEBUG Engine               - gameDifficulty: MEDIUM
12:03:46.574 [FXGL Background Thread 2 ] DEBUG Engine               - isDesktop: true
12:03:46.574 [FXGL Background Thread 2 ] DEBUG Engine               - supportedLanguages: [ENGLISH, FRENCH, GERMAN, HUNGARIAN, RUSSIAN]
12:03:46.574 [FXGL Background Thread 2 ] DEBUG Engine               - credits: []
12:03:46.574 [FXGL Background Thread 2 ] DEBUG Engine               - globalMusicVolumeProperty: DoubleProperty [value: 0.5]
12:03:46.574 [FXGL Background Thread 2 ] DEBUG Engine               - isPreserveResizeRatio: false
12:03:46.574 [FXGL Background Thread 2 ] DEBUG Engine               - fontText: Courier-Prime.ttf
12:03:46.574 [FXGL Background Thread 2 ] DEBUG Engine               - isExperimentalTiledLargeMap: false
12:03:46.574 [FXGL Background Thread 2 ] DEBUG Engine               - secondsIn24h: 60
12:03:46.575 [FXGL Background Thread 2 ] DEBUG Engine               - runtimeInfo: RuntimeInfo(platform=WINDOWS, version=11.8, build=08.03.2020 09.25)
12:03:46.575 [FXGL Background Thread 2 ] DEBUG Engine               - urlGithub: https://github.com/AlmasB/FXGL
12:03:46.575 [FXGL Background Thread 2 ] DEBUG Engine               - isLinux: false
12:03:46.575 [FXGL Background Thread 2 ] DEBUG Engine               - soundMenuPress: menu/press.wav
12:03:46.575 [FXGL Background Thread 2 ] DEBUG Engine               - profileDir: profiles/
12:03:46.575 [FXGL Background Thread 2 ] DEBUG Engine               - globalSoundVolumeProperty: DoubleProperty [value: 0.5]
12:03:46.575 [FXGL Background Thread 2 ] DEBUG Engine               - isDeveloperMenuEnabled: false
12:03:46.575 [FXGL Background Thread 2 ] DEBUG Engine               - mainWindow: com.almasb.fxgl.app.MainWindow@408dde17
12:03:46.575 [FXGL Background Thread 2 ] DEBUG Engine               - urlLeaderboard: http://fxgl-top.herokuapp.com/
12:03:46.575 [FXGL Background Thread 2 ] DEBUG Engine               - isBrowser: false
12:03:46.575 [FXGL Background Thread 2 ] DEBUG Engine               - globalSoundVolume: 0.5
12:03:46.575 [FXGL Background Thread 2 ] DEBUG Engine               - engineServices: [class com.almasb.fxgl.app.GameApplication$GameApplicationService, class com.almasb.fxgl.app.services.WindowService, class com.almasb.fxgl.app.services.FXGLDialogService, class com.almasb.fxgl.app.services.IOTaskExecutorService, class com.almasb.fxgl.event.EventBusService, class com.almasb.fxgl.io.FileSystemService, class com.almasb.fxgl.localization.LocalizationService, class com.almasb.fxgl.app.services.AssetLoaderService, class com.almasb.fxgl.app.services.SystemBundleService, class com.almasb.fxgl.profile.SaveLoadService, class com.almasb.fxgl.ui.FXGLUIFactoryServiceProvider, class com.almasb.fxgl.ui.FXGLDialogFactoryServiceProvider, class com.almasb.fxgl.audio.AudioPlayer, class com.almasb.fxgl.notification.impl.NotificationServiceProvider, class com.almasb.fxgl.achievement.AchievementService, class com.almasb.fxgl.cutscene.CutsceneService, class com.almasb.fxgl.minigames.MiniGameService, class com.almasb.fxgl.net.NetService, class com.almasb.fxgl.app.services.UpdaterService]
12:03:46.575 [FXGL Background Thread 2 ] DEBUG Engine               - globalMusicVolume: 0.5
12:03:46.575 [FXGL Background Thread 2 ] DEBUG Engine               - width: 640
12:03:46.575 [FXGL Background Thread 2 ] DEBUG Engine               - saveFileExt: sav
12:03:46.575 [FXGL Background Thread 2 ] DEBUG Engine               - isAndroid: false
12:03:46.575 [FXGL Background Thread 2 ] DEBUG Engine               - fontUI: VarelaRound-Regular.ttf
12:03:46.575 [FXGL Background Thread 2 ] DEBUG Engine               - isIOS: false
12:03:46.576 [FXGL Background Thread 2 ] DEBUG Engine               - enabledMenuItems: []
12:03:46.576 [FXGL Background Thread 2 ] DEBUG Engine               - Logging services
12:03:46.576 [FXGL Background Thread 2 ] DEBUG Engine               - class com.almasb.fxgl.app.GameApplication$GameApplicationService
12:03:46.576 [FXGL Background Thread 2 ] DEBUG Engine               - class com.almasb.fxgl.app.services.WindowService
12:03:46.576 [FXGL Background Thread 2 ] DEBUG Engine               - class com.almasb.fxgl.app.services.FXGLDialogService
12:03:46.576 [FXGL Background Thread 2 ] DEBUG Engine               - class com.almasb.fxgl.app.services.IOTaskExecutorService
12:03:46.576 [FXGL Background Thread 2 ] DEBUG Engine               - class com.almasb.fxgl.event.EventBusService
12:03:46.576 [FXGL Background Thread 2 ] DEBUG Engine               - class com.almasb.fxgl.io.FileSystemService
12:03:46.576 [FXGL Background Thread 2 ] DEBUG Engine               - class com.almasb.fxgl.localization.LocalizationService
12:03:46.576 [FXGL Background Thread 2 ] DEBUG Engine               - class com.almasb.fxgl.app.services.AssetLoaderService
12:03:46.576 [FXGL Background Thread 2 ] DEBUG Engine               - class com.almasb.fxgl.app.services.SystemBundleService
12:03:46.576 [FXGL Background Thread 2 ] DEBUG Engine               - class com.almasb.fxgl.profile.SaveLoadService
12:03:46.576 [FXGL Background Thread 2 ] DEBUG Engine               - class com.almasb.fxgl.ui.FXGLUIFactoryServiceProvider
12:03:46.576 [FXGL Background Thread 2 ] DEBUG Engine               - class com.almasb.fxgl.ui.FXGLDialogFactoryServiceProvider
12:03:46.576 [FXGL Background Thread 2 ] DEBUG Engine               - class com.almasb.fxgl.audio.AudioPlayer
12:03:46.576 [FXGL Background Thread 2 ] DEBUG Engine               - class com.almasb.fxgl.notification.impl.NotificationServiceProvider
12:03:46.577 [FXGL Background Thread 2 ] DEBUG Engine               - class com.almasb.fxgl.achievement.AchievementService
12:03:46.577 [FXGL Background Thread 2 ] DEBUG Engine               - class com.almasb.fxgl.cutscene.CutsceneService
12:03:46.577 [FXGL Background Thread 2 ] DEBUG Engine               - class com.almasb.fxgl.minigames.MiniGameService
12:03:46.577 [FXGL Background Thread 2 ] DEBUG Engine               - class com.almasb.fxgl.net.NetService
12:03:46.577 [FXGL Background Thread 2 ] DEBUG Engine               - class com.almasb.fxgl.app.services.UpdaterService
12:03:49.123 [JavaFX Application Thread] DEBUG AssetLoaderService   - Loading from file system: /assets/sounds/src\sounds\bump.wav
12:03:49.124 [JavaFX Application Thread] WARN  AssetLoaderService   - Failed to load sound src\sounds\bump.wav Error: java.lang.IllegalArgumentException: Asset "/assets/sounds/src\sounds\bump.wav" was not found!
12:03:50.323 [JavaFX Application Thread] DEBUG AssetLoaderService   - Loading from file system: /assets/sounds/src\sounds\bump.wav
12:03:50.323 [JavaFX Application Thread] WARN  AssetLoaderService   - Failed to load sound src\sounds\bump.wav Error: java.lang.IllegalArgumentException: Asset "/assets/sounds/src\sounds\bump.wav" was not found!
12:03:58.973 [JavaFX Application Thread] DEBUG MainWindow           - Push state: CustomPauseMenu
12:03:58.973 [JavaFX Application Thread] DEBUG Input                - Clearing active input actions
12:03:58.976 [JavaFX Application Thread] DEBUG WindowService        - Removing overlay from GameScene and adding to CustomPauseMenu
12:03:58.976 [JavaFX Application Thread] DEBUG MainWindow           - GameScene -> CustomPauseMenu
12:03:59.931 [JavaFX Application Thread] DEBUG GameApplication      - Exiting FXGL
12:03:59.931 [JavaFX Application Thread] DEBUG LoopRunner           - Stopping loop
12:03:59.931 [JavaFX Application Thread] DEBUG SystemBundleService  - Saving FXGL system data
12:03:59.932 [JavaFX Application Thread] DEBUG FileSystemAccess     - Writing to: C:\Users\otinn\git\FriendMaker2077-07-03\Project\system\fxgl.bundle
12:03:59.933 [JavaFX Application Thread] DEBUG GameApplication      - Shutting down background threads
12:03:59.933 [JavaFX Application Thread] DEBUG GameApplication      - Closing logger and exiting JavaFX
