12:02:49.572 [main                     ] DEBUG GameApplication      - Logger initialized
12:02:49.587 [main                     ] DEBUG GameApplication      - Logging settings
Title: FriendMaker2077
Version: 0.1
Width: 640
Height: 640
Fullscreen: false
Intro: false
Menus: false
Profiling: false
Single step:false
App Mode: DEVELOPER
Menu Key: ESCAPE
Stage Style: DECORATED
Scene Factory: class ui.MenuFactory

12:02:50.750 [JavaFX Application Thread] DEBUG GameApplication      - Initializing FXGL
12:02:50.758 [JavaFX Application Thread] INFO  Engine               - FXGL-11.8 (08.03.2020 09.25) on WINDOWS (J:13.0.2 FX:11.0.2)
12:02:50.758 [JavaFX Application Thread] INFO  Engine               - Source code and latest versions at: https://github.com/AlmasB/FXGL
12:02:50.758 [JavaFX Application Thread] INFO  Engine               -              Join the FXGL chat at: https://gitter.im/AlmasB/FXGL
12:02:50.875 [JavaFX Application Thread] DEBUG MainWindow           - Creating a JavaFX scene
12:02:51.122 [JavaFX Application Thread] DEBUG MainWindow           - Target settings size: 640.0 x 640.0
12:02:51.122 [JavaFX Application Thread] DEBUG MainWindow           - Scaled scene size:    640.0 x 640.0
12:02:51.122 [JavaFX Application Thread] DEBUG MainWindow           - Scaled ratio: (1.0, 1.0)
12:02:51.123 [JavaFX Application Thread] DEBUG MainWindow           - Set initial scene to FXGLStartupScene
12:02:51.129 [JavaFX Application Thread] DEBUG MainWindow           - Opening main window
12:02:51.204 [JavaFX Application Thread] DEBUG MainWindow           - Window border size: (16.0, 39.0)
12:02:51.204 [JavaFX Application Thread] DEBUG MainWindow           - Scaled size: 640.0 x 640.0
12:02:51.204 [JavaFX Application Thread] DEBUG MainWindow           - Scaled ratio: (1.0, 1.0)
12:02:51.204 [JavaFX Application Thread] DEBUG MainWindow           - Scene size: 640.0 x 640.0
12:02:51.204 [JavaFX Application Thread] DEBUG MainWindow           - Stage size: 656.0 x 679.0
12:02:51.210 [FXGL Background Thread 1 ] DEBUG Engine               - Initializing environment variables
12:02:51.230 [FXGL Background Thread 1 ] DEBUG WindowService        - Applying CSS: fxgl_dark.css
12:02:51.231 [FXGL Background Thread 1 ] DEBUG AssetLoaderService   - Loading from file system: /assets/ui/css/fxgl_dark.css
12:02:51.270 [FXGL Background Thread 1 ] DEBUG WindowService        - Initializing application scenes
12:02:51.298 [FXGL Background Thread 1 ] DEBUG GameWorld            - Game world initialized
12:02:51.336 [FXGL Background Thread 1 ] DEBUG PhysicsWorld         - Physics world initialized: appHeight=640, physics.ppm=50.0
12:02:51.337 [FXGL Background Thread 1 ] DEBUG GameScene            - Game scene initialized: 640x640
12:02:51.343 [FXGL Background Thread 1 ] DEBUG Input                - Registered new binding: Resume - Esc
12:02:51.358 [FXGL Background Thread 1 ] DEBUG Input                - Registered new binding: Pause - Esc
12:02:51.358 [FXGL Background Thread 1 ] DEBUG WindowService        - Application scenes initialized
12:02:51.367 [FXGL Background Thread 1 ] DEBUG SystemBundleService  - Loading FXGL system data
12:02:51.370 [FXGL Background Thread 1 ] DEBUG FileSystemAccess     - Reading from: C:\Users\otinn\git\FriendMaker2077-07-03\Project\system\fxgl.bundle
12:02:51.376 [FXGL Background Thread 1 ] DEBUG SystemBundleService  - Bundle FXGL: {}
12:02:51.376 [FXGL Background Thread 1 ] INFO  Engine               - FXGL initialization took: 0.165 sec
12:02:51.377 [FXGL Background Thread 1 ] DEBUG GameApplication      - Loading localizations
12:02:51.378 [FXGL Background Thread 1 ] DEBUG AssetLoaderService   - Loading from file system: /assets/properties/languages/english.properties
12:02:51.380 [FXGL Background Thread 1 ] DEBUG AssetLoaderService   - Loading from file system: /assets/properties/languages/french.properties
12:02:51.381 [FXGL Background Thread 1 ] DEBUG AssetLoaderService   - Loading from file system: /assets/properties/languages/german.properties
12:02:51.383 [FXGL Background Thread 1 ] DEBUG AssetLoaderService   - Loading from file system: /assets/properties/languages/hungarian.properties
12:02:51.384 [FXGL Background Thread 1 ] DEBUG AssetLoaderService   - Loading from file system: /assets/properties/languages/russian.properties
12:02:51.385 [FXGL Background Thread 1 ] DEBUG GameApplication      - Registering font factories with UI factory
12:02:51.385 [FXGL Background Thread 1 ] DEBUG AssetLoaderService   - Loading from file system: /assets/ui/fonts/VarelaRound-Regular.ttf
12:02:51.503 [FXGL Background Thread 1 ] DEBUG AssetLoaderService   - Loading from file system: /assets/ui/fonts/Abel-Regular.ttf
12:02:51.510 [FXGL Background Thread 1 ] DEBUG AssetLoaderService   - Loading from file system: /assets/ui/fonts/lucida_console.ttf
12:02:51.518 [FXGL Background Thread 1 ] DEBUG AssetLoaderService   - Loading from file system: /assets/ui/fonts/Courier-Prime.ttf
12:02:51.527 [JavaFX Application Thread] DEBUG Input                - Registered new binding: Move Right - D
12:02:51.528 [JavaFX Application Thread] DEBUG Input                - Registered new binding: Move Left - A
12:02:51.528 [JavaFX Application Thread] DEBUG Input                - Registered new binding: Move Up - W
12:02:51.528 [JavaFX Application Thread] DEBUG Input                - Registered new binding: Move Down - S
12:02:51.528 [JavaFX Application Thread] DEBUG Input                - Registered new binding: Play Sound - F
12:02:51.528 [JavaFX Application Thread] DEBUG AssetLoaderService   - Loading from file system: /assets/textures/fxgl_icon.png
12:02:51.565 [JavaFX Application Thread] DEBUG AssetLoaderService   - Loading from file system: /assets/ui/cursors/fxgl_default.png
12:02:51.568 [JavaFX Application Thread] DEBUG Input                - Registered new binding: Screenshot - P
12:02:51.568 [JavaFX Application Thread] DEBUG Input                - Registered new binding: System info dump - CTRL+9
12:02:51.568 [JavaFX Application Thread] DEBUG Input                - Registered new binding: Restart - CTRL+R
12:02:51.569 [JavaFX Application Thread] DEBUG LoopRunner           - Starting loop
12:02:51.589 [JavaFX Application Thread] DEBUG FXGLStartupScene     - STARTUP
12:02:51.589 [JavaFX Application Thread] DEBUG WindowService        - Starting new game
12:02:51.591 [JavaFX Application Thread] DEBUG Input                - Clearing active input actions
12:02:51.602 [JavaFX Application Thread] DEBUG WindowService        - Removing overlay from FXGLStartupScene and adding to FXGLLoadingScene
12:02:51.602 [JavaFX Application Thread] DEBUG MainWindow           - FXGLStartupScene -> FXGLLoadingScene
12:02:51.602 [JavaFX Application Thread] DEBUG WindowService        - Clearing previous game
12:02:51.602 [JavaFX Application Thread] DEBUG GameScene            - Clearing game scene
12:02:51.602 [JavaFX Application Thread] DEBUG GameWorld            - Clearing game world
12:02:51.602 [JavaFX Application Thread] DEBUG PhysicsWorld         - Clearing physics world
12:02:51.604 [FXGL Background Thread 1 ] DEBUG GameApplication      - Initializing game
12:02:51.611 [FXGL Background Thread 1 ] DEBUG AssetLoaderService   - Loading from file system: /assets/textures/EmptyMap.png
12:02:51.806 [FXGL Background Thread 1 ] DEBUG AssetLoaderService   - Loading from file system: /assets/textures/CharacterSprite.png
12:02:51.809 [FXGL Background Thread 1 ] DEBUG AssetLoaderService   - Loading from cache: /assets/textures/CharacterSprite.png
12:02:51.809 [FXGL Background Thread 1 ] DEBUG AssetLoaderService   - Loading from cache: /assets/textures/CharacterSprite.png
12:02:51.809 [FXGL Background Thread 1 ] DEBUG AssetLoaderService   - Loading from cache: /assets/textures/CharacterSprite.png
12:02:51.809 [FXGL Background Thread 1 ] DEBUG AssetLoaderService   - Loading from cache: /assets/textures/CharacterSprite.png
12:02:51.809 [FXGL Background Thread 1 ] DEBUG AssetLoaderService   - Loading from cache: /assets/textures/CharacterSprite.png
12:02:51.813 [FXGL Background Thread 1 ] DEBUG AssetLoaderService   - Loading from file system: /assets/textures/bbox.png
12:02:51.820 [FXGL Background Thread 1 ] DEBUG AssetLoaderService   - Loading from file system: /assets/textures/froggysprite.png
12:02:51.820 [FXGL Background Thread 1 ] DEBUG AssetLoaderService   - Loading from cache: /assets/textures/froggysprite.png
12:02:51.821 [FXGL Background Thread 1 ] DEBUG AssetLoaderService   - Loading from cache: /assets/textures/froggysprite.png
12:02:51.821 [FXGL Background Thread 1 ] DEBUG AssetLoaderService   - Loading from cache: /assets/textures/bbox.png
12:02:51.822 [FXGL Background Thread 1 ] DEBUG AssetLoaderService   - Loading from file system: /assets/textures/lighthouse.png
12:02:51.823 [FXGL Background Thread 1 ] DEBUG AssetLoaderService   - Loading from file system: /assets/textures/bush.png
12:02:51.825 [FXGL Background Thread 1 ] DEBUG AssetLoaderService   - Loading from cache: /assets/textures/bush.png
12:02:51.826 [FXGL Background Thread 1 ] DEBUG AssetLoaderService   - Loading from file system: /assets/textures/rock.png
12:02:51.827 [FXGL Background Thread 1 ] DEBUG AssetLoaderService   - Loading from cache: /assets/textures/rock.png
12:02:51.828 [FXGL Background Thread 1 ] DEBUG AssetLoaderService   - Loading from file system: /assets/textures/greenhouse.png
12:02:51.829 [FXGL Background Thread 1 ] DEBUG AssetLoaderService   - Loading from file system: /assets/textures/tree.png
12:02:51.831 [FXGL Background Thread 1 ] DEBUG AssetLoaderService   - Loading from cache: /assets/textures/bush.png
12:02:51.831 [FXGL Background Thread 1 ] DEBUG AssetLoaderService   - Loading from cache: /assets/textures/tree.png
12:02:51.832 [FXGL Background Thread 1 ] DEBUG AssetLoaderService   - Loading from cache: /assets/textures/bush.png
12:02:51.833 [FXGL Background Thread 1 ] DEBUG AssetLoaderService   - Loading from file system: /assets/textures/appletree.png
12:02:51.834 [FXGL Background Thread 1 ] DEBUG AssetLoaderService   - Loading from cache: /assets/textures/bush.png
12:02:51.835 [FXGL Background Thread 1 ] DEBUG AssetLoaderService   - Loading from cache: /assets/textures/tree.png
12:02:51.835 [FXGL Background Thread 1 ] DEBUG AssetLoaderService   - Loading from cache: /assets/textures/bush.png
12:02:51.836 [FXGL Background Thread 1 ] DEBUG AssetLoaderService   - Loading from cache: /assets/textures/appletree.png
12:02:51.837 [FXGL Background Thread 1 ] DEBUG AssetLoaderService   - Loading from cache: /assets/textures/bush.png
12:02:51.837 [FXGL Background Thread 1 ] DEBUG AssetLoaderService   - Loading from cache: /assets/textures/appletree.png
12:02:51.838 [FXGL Background Thread 1 ] DEBUG AssetLoaderService   - Loading from cache: /assets/textures/bush.png
12:02:51.838 [FXGL Background Thread 1 ] DEBUG AssetLoaderService   - Loading from cache: /assets/textures/tree.png
12:02:51.839 [FXGL Background Thread 1 ] DEBUG AssetLoaderService   - Loading from cache: /assets/textures/bush.png
12:02:51.840 [FXGL Background Thread 1 ] DEBUG AssetLoaderService   - Loading from cache: /assets/textures/tree.png
12:02:51.840 [FXGL Background Thread 1 ] DEBUG AssetLoaderService   - Loading from cache: /assets/textures/bush.png
12:02:51.841 [FXGL Background Thread 1 ] DEBUG AssetLoaderService   - Loading from cache: /assets/textures/tree.png
12:02:51.842 [FXGL Background Thread 1 ] DEBUG AssetLoaderService   - Loading from cache: /assets/textures/bush.png
12:02:51.842 [FXGL Background Thread 1 ] DEBUG AssetLoaderService   - Loading from cache: /assets/textures/bush.png
12:02:51.843 [FXGL Background Thread 1 ] DEBUG AssetLoaderService   - Loading from cache: /assets/textures/tree.png
12:02:51.843 [FXGL Background Thread 1 ] DEBUG AssetLoaderService   - Loading from cache: /assets/textures/tree.png
12:02:51.844 [FXGL Background Thread 1 ] DEBUG AssetLoaderService   - Loading from cache: /assets/textures/tree.png
12:02:51.844 [FXGL Background Thread 1 ] DEBUG AssetLoaderService   - Loading from cache: /assets/textures/bush.png
12:02:51.845 [FXGL Background Thread 1 ] DEBUG AssetLoaderService   - Loading from cache: /assets/textures/tree.png
12:02:51.845 [FXGL Background Thread 1 ] DEBUG AssetLoaderService   - Loading from cache: /assets/textures/bush.png
12:02:51.846 [FXGL Background Thread 1 ] DEBUG AssetLoaderService   - Loading from cache: /assets/textures/appletree.png
12:02:51.846 [FXGL Background Thread 1 ] DEBUG AssetLoaderService   - Loading from cache: /assets/textures/bush.png
12:02:51.847 [FXGL Background Thread 1 ] DEBUG AssetLoaderService   - Loading from cache: /assets/textures/tree.png
12:02:51.848 [FXGL Background Thread 1 ] DEBUG AssetLoaderService   - Loading from cache: /assets/textures/bush.png
12:02:51.848 [FXGL Background Thread 1 ] DEBUG AssetLoaderService   - Loading from cache: /assets/textures/appletree.png
12:02:51.849 [FXGL Background Thread 1 ] DEBUG AssetLoaderService   - Loading from cache: /assets/textures/bush.png
12:02:51.849 [FXGL Background Thread 1 ] DEBUG AssetLoaderService   - Loading from cache: /assets/textures/appletree.png
12:02:51.850 [FXGL Background Thread 1 ] DEBUG AssetLoaderService   - Loading from file system: /assets/textures/bluehouse.png
12:02:51.851 [FXGL Background Thread 1 ] DEBUG AssetLoaderService   - Loading from cache: /assets/textures/appletree.png
12:02:51.852 [FXGL Background Thread 1 ] DEBUG AssetLoaderService   - Loading from file system: /assets/textures/redhouse.png
12:02:51.853 [FXGL Background Thread 1 ] DEBUG AssetLoaderService   - Loading from cache: /assets/textures/appletree.png
12:02:51.854 [FXGL Background Thread 1 ] DEBUG AssetLoaderService   - Loading from cache: /assets/textures/redhouse.png
12:02:51.854 [FXGL Background Thread 1 ] DEBUG AssetLoaderService   - Loading from cache: /assets/textures/appletree.png
12:02:51.855 [FXGL Background Thread 1 ] DEBUG AssetLoaderService   - Loading from cache: /assets/textures/bluehouse.png
12:02:51.856 [FXGL Background Thread 1 ] DEBUG AssetLoaderService   - Loading from cache: /assets/textures/appletree.png
12:02:51.856 [FXGL Background Thread 1 ] DEBUG AssetLoaderService   - Loading from cache: /assets/textures/appletree.png
12:02:51.857 [FXGL Background Thread 1 ] DEBUG AssetLoaderService   - Loading from cache: /assets/textures/bush.png
12:02:51.857 [FXGL Background Thread 1 ] DEBUG AssetLoaderService   - Loading from cache: /assets/textures/rock.png
12:02:51.858 [FXGL Background Thread 1 ] DEBUG AssetLoaderService   - Loading from cache: /assets/textures/tree.png
12:02:51.859 [FXGL Background Thread 1 ] INFO  GameApplication      - Game initialization took: 0.255 sec
12:02:51.867 [JavaFX Application Thread] DEBUG Input                - Clearing active input actions
12:02:51.890 [JavaFX Application Thread] DEBUG WindowService        - Removing overlay from FXGLLoadingScene and adding to GameScene
12:02:51.890 [JavaFX Application Thread] DEBUG MainWindow           - FXGLLoadingScene -> GameScene
12:02:54.378 [FXGL Background Thread 2 ] DEBUG Engine               - Logging environment variables
12:02:54.378 [FXGL Background Thread 2 ] DEBUG Engine               - achievements: []
12:02:54.378 [FXGL Background Thread 2 ] DEBUG Engine               - language: ObjectProperty [value: ENGLISH]
12:02:54.378 [FXGL Background Thread 2 ] DEBUG Engine               - isCloseConfirmation: false
12:02:54.378 [FXGL Background Thread 2 ] DEBUG Engine               - isProfilingEnabled: false
12:02:54.379 [FXGL Background Thread 2 ] DEBUG Engine               - soundNotification: core/notification.wav
12:02:54.379 [FXGL Background Thread 2 ] DEBUG Engine               - devShowBBoxProperty: BooleanProperty [value: false]
12:02:54.379 [FXGL Background Thread 2 ] DEBUG Engine               - pixelsPerMeter: 50.0
12:02:54.379 [FXGL Background Thread 2 ] DEBUG Engine               - soundMenuBack: menu/back.wav
12:02:54.379 [FXGL Background Thread 2 ] DEBUG Engine               - appIcon: fxgl_icon.png
12:02:54.379 [FXGL Background Thread 2 ] DEBUG Engine               - isFullScreenAllowed: false
12:02:54.379 [FXGL Background Thread 2 ] DEBUG Engine               - isIntroEnabled: false
12:02:54.380 [FXGL Background Thread 2 ] DEBUG Engine               - fontMono: lucida_console.ttf
12:02:54.380 [FXGL Background Thread 2 ] DEBUG Engine               - soundMenuSelect: menu/select.wav
12:02:54.380 [FXGL Background Thread 2 ] DEBUG Engine               - isWindows: true
12:02:54.380 [FXGL Background Thread 2 ] DEBUG Engine               - isMobile: false
12:02:54.380 [FXGL Background Thread 2 ] DEBUG Engine               - isUserProfileEnabled: false
12:02:54.380 [FXGL Background Thread 2 ] DEBUG Engine               - height: 640
12:02:54.380 [FXGL Background Thread 2 ] DEBUG Engine               - isExperimentalNative: false
12:02:54.380 [FXGL Background Thread 2 ] DEBUG Engine               - settings: Title: FriendMaker2077
Version: 0.1
Width: 640
Height: 640
Fullscreen: false
Intro: false
Menus: false
Profiling: false
Single step:false
App Mode: DEVELOPER
Menu Key: ESCAPE
Stage Style: DECORATED
Scene Factory: class ui.MenuFactory

12:02:54.380 [FXGL Background Thread 2 ] DEBUG Engine               - isSingleStep: false
12:02:54.380 [FXGL Background Thread 2 ] DEBUG Engine               - cSSList: [fxgl_dark.css]
12:02:54.380 [FXGL Background Thread 2 ] DEBUG Engine               - fontGame: Abel-Regular.ttf
12:02:54.380 [FXGL Background Thread 2 ] DEBUG Engine               - menuKey: ESCAPE
12:02:54.381 [FXGL Background Thread 2 ] DEBUG Engine               - devShowPositionProperty: BooleanProperty [value: false]
12:02:54.381 [FXGL Background Thread 2 ] DEBUG Engine               - versionCheckDays: 7
12:02:54.381 [FXGL Background Thread 2 ] DEBUG Engine               - configClass: Optional.empty
12:02:54.381 [FXGL Background Thread 2 ] DEBUG Engine               - isFullScreenFromStart: false
12:02:54.381 [FXGL Background Thread 2 ] DEBUG Engine               - version: 0.1
12:02:54.381 [FXGL Background Thread 2 ] DEBUG Engine               - fullScreen: BooleanProperty [value: false]
12:02:54.381 [FXGL Background Thread 2 ] DEBUG Engine               - randomSeed: -1
12:02:54.381 [FXGL Background Thread 2 ] DEBUG Engine               - gameDifficultyProperty: ObjectProperty [value: MEDIUM]
12:02:54.381 [FXGL Background Thread 2 ] DEBUG Engine               - applicationMode: DEVELOPER
12:02:54.381 [FXGL Background Thread 2 ] DEBUG Engine               - isMac: false
12:02:54.382 [FXGL Background Thread 2 ] DEBUG Engine               - isMenuEnabled: false
12:02:54.382 [FXGL Background Thread 2 ] DEBUG Engine               - profileName: StringProperty [value: DEFAULT]
12:02:54.382 [FXGL Background Thread 2 ] DEBUG Engine               - urlPOM: https://raw.githubusercontent.com/AlmasB/FXGL/master/pom.xml
12:02:54.382 [FXGL Background Thread 2 ] DEBUG Engine               - devSensorColorProperty: ObjectProperty [value: 0xffff00ff]
12:02:54.382 [FXGL Background Thread 2 ] DEBUG Engine               - notificationViewClass: class com.almasb.fxgl.notification.view.XboxNotificationView
12:02:54.382 [FXGL Background Thread 2 ] DEBUG Engine               - sceneFactory: ui.MenuFactory@6b4d1b3d
12:02:54.382 [FXGL Background Thread 2 ] DEBUG Engine               - stageStyle: DECORATED
12:02:54.382 [FXGL Background Thread 2 ] DEBUG Engine               - isManualResizeEnabled: false
12:02:54.402 [FXGL Background Thread 2 ] DEBUG Engine               - title: FriendMaker2077
12:02:54.402 [FXGL Background Thread 2 ] DEBUG Engine               - platform: WINDOWS
12:02:54.402 [FXGL Background Thread 2 ] DEBUG Engine               - devBBoxColorProperty: ObjectProperty [value: 0xff0000ff]
12:02:54.402 [FXGL Background Thread 2 ] DEBUG Engine               - gameDifficulty: MEDIUM
12:02:54.402 [FXGL Background Thread 2 ] DEBUG Engine               - isDesktop: true
12:02:54.403 [FXGL Background Thread 2 ] DEBUG Engine               - supportedLanguages: [ENGLISH, FRENCH, GERMAN, HUNGARIAN, RUSSIAN]
12:02:54.403 [FXGL Background Thread 2 ] DEBUG Engine               - credits: []
12:02:54.403 [FXGL Background Thread 2 ] DEBUG Engine               - globalMusicVolumeProperty: DoubleProperty [value: 0.5]
12:02:54.403 [FXGL Background Thread 2 ] DEBUG Engine               - isPreserveResizeRatio: false
12:02:54.403 [FXGL Background Thread 2 ] DEBUG Engine               - fontText: Courier-Prime.ttf
12:02:54.403 [FXGL Background Thread 2 ] DEBUG Engine               - isExperimentalTiledLargeMap: false
12:02:54.403 [FXGL Background Thread 2 ] DEBUG Engine               - secondsIn24h: 60
12:02:54.403 [FXGL Background Thread 2 ] DEBUG Engine               - runtimeInfo: RuntimeInfo(platform=WINDOWS, version=11.8, build=08.03.2020 09.25)
12:02:54.403 [FXGL Background Thread 2 ] DEBUG Engine               - soundMenuPress: menu/press.wav
12:02:54.403 [FXGL Background Thread 2 ] DEBUG Engine               - isLinux: false
12:02:54.404 [FXGL Background Thread 2 ] DEBUG Engine               - urlGithub: https://github.com/AlmasB/FXGL
12:02:54.404 [FXGL Background Thread 2 ] DEBUG Engine               - profileDir: profiles/
12:02:54.404 [FXGL Background Thread 2 ] DEBUG Engine               - globalSoundVolumeProperty: DoubleProperty [value: 0.5]
12:02:54.404 [FXGL Background Thread 2 ] DEBUG Engine               - isDeveloperMenuEnabled: false
12:02:54.404 [FXGL Background Thread 2 ] DEBUG Engine               - mainWindow: com.almasb.fxgl.app.MainWindow@6f72828c
12:02:54.404 [FXGL Background Thread 2 ] DEBUG Engine               - isBrowser: false
12:02:54.404 [FXGL Background Thread 2 ] DEBUG Engine               - globalSoundVolume: 0.5
12:02:54.404 [FXGL Background Thread 2 ] DEBUG Engine               - urlLeaderboard: http://fxgl-top.herokuapp.com/
12:02:54.404 [FXGL Background Thread 2 ] DEBUG Engine               - engineServices: [class com.almasb.fxgl.app.GameApplication$GameApplicationService, class com.almasb.fxgl.app.services.WindowService, class com.almasb.fxgl.app.services.FXGLDialogService, class com.almasb.fxgl.app.services.IOTaskExecutorService, class com.almasb.fxgl.event.EventBusService, class com.almasb.fxgl.io.FileSystemService, class com.almasb.fxgl.localization.LocalizationService, class com.almasb.fxgl.app.services.AssetLoaderService, class com.almasb.fxgl.app.services.SystemBundleService, class com.almasb.fxgl.profile.SaveLoadService, class com.almasb.fxgl.ui.FXGLUIFactoryServiceProvider, class com.almasb.fxgl.ui.FXGLDialogFactoryServiceProvider, class com.almasb.fxgl.audio.AudioPlayer, class com.almasb.fxgl.notification.impl.NotificationServiceProvider, class com.almasb.fxgl.achievement.AchievementService, class com.almasb.fxgl.cutscene.CutsceneService, class com.almasb.fxgl.minigames.MiniGameService, class com.almasb.fxgl.net.NetService, class com.almasb.fxgl.app.services.UpdaterService]
12:02:54.404 [FXGL Background Thread 2 ] DEBUG Engine               - globalMusicVolume: 0.5
12:02:54.405 [FXGL Background Thread 2 ] DEBUG Engine               - width: 640
12:02:54.405 [FXGL Background Thread 2 ] DEBUG Engine               - saveFileExt: sav
12:02:54.405 [FXGL Background Thread 2 ] DEBUG Engine               - isAndroid: false
12:02:54.405 [FXGL Background Thread 2 ] DEBUG Engine               - fontUI: VarelaRound-Regular.ttf
12:02:54.405 [FXGL Background Thread 2 ] DEBUG Engine               - enabledMenuItems: []
12:02:54.405 [FXGL Background Thread 2 ] DEBUG Engine               - isIOS: false
12:02:54.405 [FXGL Background Thread 2 ] DEBUG Engine               - Logging services
12:02:54.405 [FXGL Background Thread 2 ] DEBUG Engine               - class com.almasb.fxgl.app.GameApplication$GameApplicationService
12:02:54.406 [FXGL Background Thread 2 ] DEBUG Engine               - class com.almasb.fxgl.app.services.WindowService
12:02:54.406 [FXGL Background Thread 2 ] DEBUG Engine               - class com.almasb.fxgl.app.services.FXGLDialogService
12:02:54.406 [FXGL Background Thread 2 ] DEBUG Engine               - class com.almasb.fxgl.app.services.IOTaskExecutorService
12:02:54.406 [FXGL Background Thread 2 ] DEBUG Engine               - class com.almasb.fxgl.event.EventBusService
12:02:54.406 [FXGL Background Thread 2 ] DEBUG Engine               - class com.almasb.fxgl.io.FileSystemService
12:02:54.406 [FXGL Background Thread 2 ] DEBUG Engine               - class com.almasb.fxgl.localization.LocalizationService
12:02:54.406 [FXGL Background Thread 2 ] DEBUG Engine               - class com.almasb.fxgl.app.services.AssetLoaderService
12:02:54.406 [FXGL Background Thread 2 ] DEBUG Engine               - class com.almasb.fxgl.app.services.SystemBundleService
12:02:54.406 [FXGL Background Thread 2 ] DEBUG Engine               - class com.almasb.fxgl.profile.SaveLoadService
12:02:54.406 [FXGL Background Thread 2 ] DEBUG Engine               - class com.almasb.fxgl.ui.FXGLUIFactoryServiceProvider
12:02:54.406 [FXGL Background Thread 2 ] DEBUG Engine               - class com.almasb.fxgl.ui.FXGLDialogFactoryServiceProvider
12:02:54.406 [FXGL Background Thread 2 ] DEBUG Engine               - class com.almasb.fxgl.audio.AudioPlayer
12:02:54.407 [FXGL Background Thread 2 ] DEBUG Engine               - class com.almasb.fxgl.notification.impl.NotificationServiceProvider
12:02:54.407 [FXGL Background Thread 2 ] DEBUG Engine               - class com.almasb.fxgl.achievement.AchievementService
12:02:54.407 [FXGL Background Thread 2 ] DEBUG Engine               - class com.almasb.fxgl.cutscene.CutsceneService
12:02:54.407 [FXGL Background Thread 2 ] DEBUG Engine               - class com.almasb.fxgl.minigames.MiniGameService
12:02:54.407 [FXGL Background Thread 2 ] DEBUG Engine               - class com.almasb.fxgl.net.NetService
12:02:54.407 [FXGL Background Thread 2 ] DEBUG Engine               - class com.almasb.fxgl.app.services.UpdaterService
12:02:57.324 [JavaFX Application Thread] DEBUG GameApplication      - Exiting FXGL
12:02:57.325 [JavaFX Application Thread] DEBUG LoopRunner           - Stopping loop
12:02:57.325 [JavaFX Application Thread] DEBUG SystemBundleService  - Saving FXGL system data
12:02:57.341 [JavaFX Application Thread] DEBUG FileSystemAccess     - Writing to: C:\Users\otinn\git\FriendMaker2077-07-03\Project\system\fxgl.bundle
12:02:57.342 [JavaFX Application Thread] DEBUG GameApplication      - Shutting down background threads
12:02:57.342 [JavaFX Application Thread] DEBUG GameApplication      - Closing logger and exiting JavaFX
