22:04:34.243 [main                     ] DEBUG GameApplication      - Logger initialized
22:04:34.255 [main                     ] DEBUG GameApplication      - Logging settings
Title: Basic Game App
Version: 0.1
Width: 640
Height: 640
Fullscreen: false
Intro: false
Menus: true
Profiling: false
Single step:false
App Mode: DEVELOPER
Menu Key: ESCAPE
Stage Style: DECORATED
Scene Factory: class application.MenuFactory

22:04:34.624 [JavaFX Application Thread] DEBUG GameApplication      - Initializing FXGL
22:04:34.630 [JavaFX Application Thread] INFO  Engine               - FXGL-11.8 (08.03.2020 09.25) on WINDOWS (J:14 FX:13.0.2)
22:04:34.631 [JavaFX Application Thread] INFO  Engine               - Source code and latest versions at: https://github.com/AlmasB/FXGL
22:04:34.631 [JavaFX Application Thread] INFO  Engine               -              Join the FXGL chat at: https://gitter.im/AlmasB/FXGL
22:04:34.728 [JavaFX Application Thread] DEBUG MainWindow           - Creating a JavaFX scene
22:04:34.771 [JavaFX Application Thread] DEBUG MainWindow           - Target settings size: 640.0 x 640.0
22:04:34.771 [JavaFX Application Thread] DEBUG MainWindow           - Scaled scene size:    640.0 x 640.0
22:04:34.771 [JavaFX Application Thread] DEBUG MainWindow           - Scaled ratio: (1.0, 1.0)
22:04:34.772 [JavaFX Application Thread] DEBUG MainWindow           - Set initial scene to FXGLStartupScene
22:04:34.778 [JavaFX Application Thread] DEBUG MainWindow           - Opening main window
22:04:34.866 [JavaFX Application Thread] DEBUG MainWindow           - Window border size: (16.0, 39.0)
22:04:34.867 [JavaFX Application Thread] DEBUG MainWindow           - Scaled size: 640.0 x 640.0
22:04:34.867 [JavaFX Application Thread] DEBUG MainWindow           - Scaled ratio: (1.0, 1.0)
22:04:34.867 [JavaFX Application Thread] DEBUG MainWindow           - Scene size: 640.0 x 640.0
22:04:34.867 [JavaFX Application Thread] DEBUG MainWindow           - Stage size: 656.0 x 679.0
22:04:34.873 [FXGL Background Thread 1 ] DEBUG Engine               - Initializing environment variables
22:04:34.894 [FXGL Background Thread 1 ] DEBUG WindowService        - Applying CSS: fxgl_dark.css
22:04:34.895 [FXGL Background Thread 1 ] DEBUG AssetLoaderService   - Loading from file system: /assets/ui/css/fxgl_dark.css
22:04:34.927 [FXGL Background Thread 1 ] DEBUG WindowService        - Initializing application scenes
22:04:34.953 [FXGL Background Thread 1 ] DEBUG GameWorld            - Game world initialized
22:04:34.981 [FXGL Background Thread 1 ] DEBUG PhysicsWorld         - Physics world initialized: appHeight=640, physics.ppm=50.0
22:04:34.982 [FXGL Background Thread 1 ] DEBUG GameScene            - Game scene initialized: 640x640
22:04:34.990 [FXGL Background Thread 1 ] DEBUG WindowService        - Application scenes initialized
22:04:34.999 [FXGL Background Thread 1 ] DEBUG SystemBundleService  - Loading FXGL system data
22:04:35.002 [FXGL Background Thread 1 ] DEBUG FileSystemAccess     - Reading from: C:\Users\Liana\git\FriendMaker2077-07-03\Project\system\fxgl.bundle
22:04:35.008 [FXGL Background Thread 1 ] DEBUG SystemBundleService  - Bundle FXGL: {}
22:04:35.008 [FXGL Background Thread 1 ] INFO  Engine               - FXGL initialization took: 0.134 sec
22:04:35.009 [FXGL Background Thread 1 ] DEBUG GameApplication      - Loading localizations
22:04:35.010 [FXGL Background Thread 1 ] DEBUG AssetLoaderService   - Loading from file system: /assets/properties/languages/english.properties
22:04:35.011 [FXGL Background Thread 1 ] DEBUG AssetLoaderService   - Loading from file system: /assets/properties/languages/french.properties
22:04:35.013 [FXGL Background Thread 1 ] DEBUG AssetLoaderService   - Loading from file system: /assets/properties/languages/german.properties
22:04:35.014 [FXGL Background Thread 1 ] DEBUG AssetLoaderService   - Loading from file system: /assets/properties/languages/hungarian.properties
22:04:35.015 [FXGL Background Thread 1 ] DEBUG AssetLoaderService   - Loading from file system: /assets/properties/languages/russian.properties
22:04:35.016 [FXGL Background Thread 1 ] DEBUG GameApplication      - Registering font factories with UI factory
22:04:35.016 [FXGL Background Thread 1 ] DEBUG AssetLoaderService   - Loading from file system: /assets/ui/fonts/VarelaRound-Regular.ttf
22:04:35.071 [FXGL Background Thread 1 ] DEBUG AssetLoaderService   - Loading from file system: /assets/ui/fonts/Abel-Regular.ttf
22:04:35.081 [FXGL Background Thread 1 ] DEBUG AssetLoaderService   - Loading from file system: /assets/ui/fonts/lucida_console.ttf
22:04:35.096 [FXGL Background Thread 1 ] DEBUG AssetLoaderService   - Loading from file system: /assets/ui/fonts/Courier-Prime.ttf
22:04:35.115 [JavaFX Application Thread] DEBUG Input                - Registered new binding: Move Right - D
22:04:35.115 [JavaFX Application Thread] DEBUG Input                - Registered new binding: Move Left - A
22:04:35.115 [JavaFX Application Thread] DEBUG Input                - Registered new binding: Move Up - W
22:04:35.115 [JavaFX Application Thread] DEBUG Input                - Registered new binding: Move Down - S
22:04:35.115 [JavaFX Application Thread] DEBUG Input                - Registered new binding: Play Sound - F
22:04:35.116 [JavaFX Application Thread] DEBUG AssetLoaderService   - Loading from file system: /assets/textures/fxgl_icon.png
22:04:35.148 [JavaFX Application Thread] DEBUG AssetLoaderService   - Loading from file system: /assets/ui/cursors/fxgl_default.png
22:04:35.150 [JavaFX Application Thread] DEBUG Input                - Registered new binding: Screenshot - P
22:04:35.151 [JavaFX Application Thread] DEBUG Input                - Registered new binding: System info dump - CTRL+9
22:04:35.151 [JavaFX Application Thread] DEBUG Input                - Registered new binding: Restart - CTRL+R
22:04:35.151 [JavaFX Application Thread] DEBUG LoopRunner           - Starting loop
22:04:35.157 [JavaFX Application Thread] DEBUG FXGLStartupScene     - STARTUP
22:04:35.159 [JavaFX Application Thread] DEBUG Input                - Clearing active input actions
22:04:35.168 [JavaFX Application Thread] DEBUG WindowService        - Removing overlay from FXGLStartupScene and adding to TestMenu
22:04:35.168 [JavaFX Application Thread] DEBUG MainWindow           - FXGLStartupScene -> TestMenu
22:04:37.790 [JavaFX Application Thread] DEBUG GameApplication      - Exiting FXGL
22:04:37.790 [JavaFX Application Thread] DEBUG LoopRunner           - Stopping loop
22:04:37.790 [JavaFX Application Thread] DEBUG SystemBundleService  - Saving FXGL system data
22:04:37.792 [JavaFX Application Thread] DEBUG FileSystemAccess     - Writing to: C:\Users\Liana\git\FriendMaker2077-07-03\Project\system\fxgl.bundle
22:04:37.793 [JavaFX Application Thread] DEBUG GameApplication      - Shutting down background threads
22:04:37.793 [JavaFX Application Thread] DEBUG GameApplication      - Closing logger and exiting JavaFX
