22:05:20.309 [main                     ] DEBUG GameApplication      - Logger initialized
22:05:20.322 [main                     ] DEBUG GameApplication      - Logging settings
Title: Basic Game App
Version: 0.1
Width: 640
Height: 640
Fullscreen: false
Intro: false
Menus: true
Profiling: false
Single step:false
App Mode: DEVELOPER
Menu Key: ESCAPE
Stage Style: DECORATED
Scene Factory: class application.MenuFactory

22:05:20.687 [JavaFX Application Thread] DEBUG GameApplication      - Initializing FXGL
22:05:20.693 [JavaFX Application Thread] INFO  Engine               - FXGL-11.8 (08.03.2020 09.25) on WINDOWS (J:14 FX:13.0.2)
22:05:20.693 [JavaFX Application Thread] INFO  Engine               - Source code and latest versions at: https://github.com/AlmasB/FXGL
22:05:20.693 [JavaFX Application Thread] INFO  Engine               -              Join the FXGL chat at: https://gitter.im/AlmasB/FXGL
22:05:20.787 [JavaFX Application Thread] DEBUG MainWindow           - Creating a JavaFX scene
22:05:20.829 [JavaFX Application Thread] DEBUG MainWindow           - Target settings size: 640.0 x 640.0
22:05:20.829 [JavaFX Application Thread] DEBUG MainWindow           - Scaled scene size:    640.0 x 640.0
22:05:20.829 [JavaFX Application Thread] DEBUG MainWindow           - Scaled ratio: (1.0, 1.0)
22:05:20.830 [JavaFX Application Thread] DEBUG MainWindow           - Set initial scene to FXGLStartupScene
22:05:20.836 [JavaFX Application Thread] DEBUG MainWindow           - Opening main window
22:05:20.927 [JavaFX Application Thread] DEBUG MainWindow           - Window border size: (16.0, 39.0)
22:05:20.927 [JavaFX Application Thread] DEBUG MainWindow           - Scaled size: 640.0 x 640.0
22:05:20.927 [JavaFX Application Thread] DEBUG MainWindow           - Scaled ratio: (1.0, 1.0)
22:05:20.927 [JavaFX Application Thread] DEBUG MainWindow           - Scene size: 640.0 x 640.0
22:05:20.927 [JavaFX Application Thread] DEBUG MainWindow           - Stage size: 656.0 x 679.0
22:05:20.933 [FXGL Background Thread 1 ] DEBUG Engine               - Initializing environment variables
22:05:20.956 [FXGL Background Thread 1 ] DEBUG WindowService        - Applying CSS: fxgl_dark.css
22:05:20.957 [FXGL Background Thread 1 ] DEBUG AssetLoaderService   - Loading from file system: /assets/ui/css/fxgl_dark.css
22:05:20.994 [FXGL Background Thread 1 ] DEBUG WindowService        - Initializing application scenes
22:05:21.020 [FXGL Background Thread 1 ] DEBUG GameWorld            - Game world initialized
22:05:21.048 [FXGL Background Thread 1 ] DEBUG PhysicsWorld         - Physics world initialized: appHeight=640, physics.ppm=50.0
22:05:21.050 [FXGL Background Thread 1 ] DEBUG GameScene            - Game scene initialized: 640x640
22:05:21.071 [FXGL Background Thread 1 ] DEBUG AssetLoaderService   - Loading from file system: /assets/textures/particles/trace_horizontal.png
22:05:21.114 [FXGL Background Thread 1 ] WARN  FXGL.DefaultMenu     - FXGLDefaultMenu is not designed for resolutions < 800x600
22:05:21.115 [FXGL Background Thread 1 ] DEBUG FXGL.DefaultMenu     - createMenuBodyMainMenu()
22:05:21.127 [FXGL Background Thread 1 ] DEBUG FXGL.DefaultMenu     - createOptionsMenu()
22:05:21.130 [FXGL Background Thread 1 ] DEBUG AssetLoaderService   - Loading from file system: /assets/textures/particles/smoke.png
22:05:21.177 [FXGL Background Thread 1 ] DEBUG WindowService        - Application scenes initialized
22:05:21.183 [FXGL Background Thread 1 ] DEBUG SystemBundleService  - Loading FXGL system data
22:05:21.187 [FXGL Background Thread 1 ] DEBUG FileSystemAccess     - Reading from: C:\Users\Liana\git\FriendMaker2077-07-03\Project\system\fxgl.bundle
22:05:21.192 [FXGL Background Thread 1 ] DEBUG SystemBundleService  - Bundle FXGL: {}
22:05:21.192 [FXGL Background Thread 1 ] INFO  Engine               - FXGL initialization took: 0.258 sec
22:05:21.194 [FXGL Background Thread 1 ] DEBUG GameApplication      - Loading localizations
22:05:21.194 [FXGL Background Thread 1 ] DEBUG AssetLoaderService   - Loading from file system: /assets/properties/languages/english.properties
22:05:21.196 [FXGL Background Thread 1 ] DEBUG AssetLoaderService   - Loading from file system: /assets/properties/languages/french.properties
22:05:21.197 [FXGL Background Thread 1 ] DEBUG AssetLoaderService   - Loading from file system: /assets/properties/languages/german.properties
22:05:21.198 [FXGL Background Thread 1 ] DEBUG AssetLoaderService   - Loading from file system: /assets/properties/languages/hungarian.properties
22:05:21.199 [FXGL Background Thread 1 ] DEBUG AssetLoaderService   - Loading from file system: /assets/properties/languages/russian.properties
22:05:21.200 [FXGL Background Thread 1 ] DEBUG GameApplication      - Registering font factories with UI factory
22:05:21.200 [FXGL Background Thread 1 ] DEBUG AssetLoaderService   - Loading from file system: /assets/ui/fonts/VarelaRound-Regular.ttf
22:05:21.254 [FXGL Background Thread 1 ] DEBUG AssetLoaderService   - Loading from file system: /assets/ui/fonts/Abel-Regular.ttf
22:05:21.264 [FXGL Background Thread 1 ] DEBUG AssetLoaderService   - Loading from file system: /assets/ui/fonts/lucida_console.ttf
22:05:21.279 [FXGL Background Thread 1 ] DEBUG AssetLoaderService   - Loading from file system: /assets/ui/fonts/Courier-Prime.ttf
22:05:21.298 [JavaFX Application Thread] DEBUG Input                - Registered new binding: Move Right - D
22:05:21.299 [JavaFX Application Thread] DEBUG Input                - Registered new binding: Move Left - A
22:05:21.299 [JavaFX Application Thread] DEBUG Input                - Registered new binding: Move Up - W
22:05:21.299 [JavaFX Application Thread] DEBUG Input                - Registered new binding: Move Down - S
22:05:21.299 [JavaFX Application Thread] DEBUG Input                - Registered new binding: Play Sound - F
22:05:21.299 [JavaFX Application Thread] DEBUG AssetLoaderService   - Loading from file system: /assets/textures/fxgl_icon.png
22:05:21.313 [JavaFX Application Thread] DEBUG AssetLoaderService   - Loading from file system: /assets/ui/cursors/fxgl_default.png
22:05:21.314 [JavaFX Application Thread] DEBUG Input                - Registered new binding: Screenshot - P
22:05:21.315 [JavaFX Application Thread] DEBUG Input                - Registered new binding: System info dump - CTRL+9
22:05:21.315 [JavaFX Application Thread] DEBUG Input                - Registered new binding: Restart - CTRL+R
22:05:21.316 [JavaFX Application Thread] DEBUG LoopRunner           - Starting loop
22:05:21.333 [JavaFX Application Thread] DEBUG FXGLStartupScene     - STARTUP
22:05:21.337 [JavaFX Application Thread] DEBUG Input                - Clearing active input actions
22:05:21.353 [JavaFX Application Thread] DEBUG WindowService        - Removing overlay from FXGLStartupScene and adding to FXGLDefaultMenu
22:05:21.353 [JavaFX Application Thread] DEBUG MainWindow           - FXGLStartupScene -> FXGLDefaultMenu
22:05:22.244 [JavaFX Application Thread] DEBUG Menu                 - fireNewGame()
22:05:22.244 [JavaFX Application Thread] DEBUG WindowService        - Starting new game
22:05:22.245 [JavaFX Application Thread] DEBUG Input                - Clearing active input actions
22:05:22.251 [JavaFX Application Thread] DEBUG WindowService        - Removing overlay from FXGLDefaultMenu and adding to FXGLLoadingScene
22:05:22.252 [JavaFX Application Thread] DEBUG MainWindow           - FXGLDefaultMenu -> FXGLLoadingScene
22:05:22.252 [JavaFX Application Thread] DEBUG WindowService        - Clearing previous game
22:05:22.252 [JavaFX Application Thread] DEBUG GameScene            - Clearing game scene
22:05:22.252 [JavaFX Application Thread] DEBUG GameWorld            - Clearing game world
22:05:22.252 [JavaFX Application Thread] DEBUG PhysicsWorld         - Clearing physics world
22:05:22.253 [FXGL Background Thread 1 ] DEBUG GameApplication      - Initializing game
22:05:22.257 [FXGL Background Thread 1 ] DEBUG AssetLoaderService   - Loading from file system: /assets/textures/CharacterSprite.png
22:05:22.260 [FXGL Background Thread 1 ] DEBUG AssetLoaderService   - Loading from cache: /assets/textures/CharacterSprite.png
22:05:22.261 [FXGL Background Thread 1 ] DEBUG AssetLoaderService   - Loading from cache: /assets/textures/CharacterSprite.png
22:05:22.261 [FXGL Background Thread 1 ] DEBUG AssetLoaderService   - Loading from cache: /assets/textures/CharacterSprite.png
22:05:22.261 [FXGL Background Thread 1 ] DEBUG AssetLoaderService   - Loading from cache: /assets/textures/CharacterSprite.png
22:05:22.261 [FXGL Background Thread 1 ] DEBUG AssetLoaderService   - Loading from cache: /assets/textures/CharacterSprite.png
22:05:22.261 [FXGL Background Thread 1 ] DEBUG AssetLoaderService   - Loading from cache: /assets/textures/CharacterSprite.png
22:05:22.261 [FXGL Background Thread 1 ] DEBUG AssetLoaderService   - Loading from cache: /assets/textures/CharacterSprite.png
22:05:22.268 [FXGL Background Thread 1 ] DEBUG AssetLoaderService   - Loading from file system: /assets/textures/brick.png
22:05:22.271 [FXGL Background Thread 1 ] INFO  GameApplication      - Game initialization took: 0.018 sec
22:05:22.272 [JavaFX Application Thread] DEBUG Input                - Clearing active input actions
22:05:22.277 [JavaFX Application Thread] DEBUG WindowService        - Removing overlay from FXGLLoadingScene and adding to GameScene
22:05:22.277 [JavaFX Application Thread] DEBUG MainWindow           - FXGLLoadingScene -> GameScene
22:05:23.677 [JavaFX Application Thread] DEBUG Input                - Clearing active input actions
22:05:23.681 [JavaFX Application Thread] DEBUG WindowService        - Removing overlay from GameScene and adding to TestMenu
22:05:23.682 [JavaFX Application Thread] DEBUG MainWindow           - GameScene -> TestMenu
22:05:24.194 [FXGL Background Thread 2 ] DEBUG Engine               - Logging environment variables
22:05:24.194 [FXGL Background Thread 2 ] DEBUG Engine               - achievements: []
22:05:24.194 [FXGL Background Thread 2 ] DEBUG Engine               - language: ObjectProperty [value: ENGLISH]
22:05:24.194 [FXGL Background Thread 2 ] DEBUG Engine               - isCloseConfirmation: false
22:05:24.194 [FXGL Background Thread 2 ] DEBUG Engine               - isProfilingEnabled: false
22:05:24.194 [FXGL Background Thread 2 ] DEBUG Engine               - soundNotification: core/notification.wav
22:05:24.194 [FXGL Background Thread 2 ] DEBUG Engine               - devShowBBoxProperty: BooleanProperty [value: false]
22:05:24.195 [FXGL Background Thread 2 ] DEBUG Engine               - pixelsPerMeter: 50.0
22:05:24.195 [FXGL Background Thread 2 ] DEBUG Engine               - appIcon: fxgl_icon.png
22:05:24.195 [FXGL Background Thread 2 ] DEBUG Engine               - soundMenuBack: menu/back.wav
22:05:24.195 [FXGL Background Thread 2 ] DEBUG Engine               - isFullScreenAllowed: false
22:05:24.195 [FXGL Background Thread 2 ] DEBUG Engine               - isIntroEnabled: false
22:05:24.195 [FXGL Background Thread 2 ] DEBUG Engine               - fontMono: lucida_console.ttf
22:05:24.195 [FXGL Background Thread 2 ] DEBUG Engine               - soundMenuSelect: menu/select.wav
22:05:24.195 [FXGL Background Thread 2 ] DEBUG Engine               - isWindows: true
22:05:24.195 [FXGL Background Thread 2 ] DEBUG Engine               - isMobile: false
22:05:24.195 [FXGL Background Thread 2 ] DEBUG Engine               - isUserProfileEnabled: false
22:05:24.195 [FXGL Background Thread 2 ] DEBUG Engine               - height: 640
22:05:24.196 [FXGL Background Thread 2 ] DEBUG Engine               - isExperimentalNative: false
22:05:24.196 [FXGL Background Thread 2 ] DEBUG Engine               - settings: Title: Basic Game App
Version: 0.1
Width: 640
Height: 640
Fullscreen: false
Intro: false
Menus: true
Profiling: false
Single step:false
App Mode: DEVELOPER
Menu Key: ESCAPE
Stage Style: DECORATED
Scene Factory: class application.MenuFactory

22:05:24.196 [FXGL Background Thread 2 ] DEBUG Engine               - isSingleStep: false
22:05:24.196 [FXGL Background Thread 2 ] DEBUG Engine               - cSSList: [fxgl_dark.css]
22:05:24.196 [FXGL Background Thread 2 ] DEBUG Engine               - fontGame: Abel-Regular.ttf
22:05:24.196 [FXGL Background Thread 2 ] DEBUG Engine               - menuKey: ESCAPE
22:05:24.196 [FXGL Background Thread 2 ] DEBUG Engine               - devShowPositionProperty: BooleanProperty [value: false]
22:05:24.196 [FXGL Background Thread 2 ] DEBUG Engine               - versionCheckDays: 7
22:05:24.196 [FXGL Background Thread 2 ] DEBUG Engine               - configClass: Optional.empty
22:05:24.196 [FXGL Background Thread 2 ] DEBUG Engine               - isFullScreenFromStart: false
22:05:24.197 [FXGL Background Thread 2 ] DEBUG Engine               - version: 0.1
22:05:24.197 [FXGL Background Thread 2 ] DEBUG Engine               - fullScreen: BooleanProperty [value: false]
22:05:24.197 [FXGL Background Thread 2 ] DEBUG Engine               - randomSeed: -1
22:05:24.197 [FXGL Background Thread 2 ] DEBUG Engine               - gameDifficultyProperty: ObjectProperty [value: MEDIUM]
22:05:24.197 [FXGL Background Thread 2 ] DEBUG Engine               - applicationMode: DEVELOPER
22:05:24.197 [FXGL Background Thread 2 ] DEBUG Engine               - isMac: false
22:05:24.197 [FXGL Background Thread 2 ] DEBUG Engine               - isMenuEnabled: true
22:05:24.197 [FXGL Background Thread 2 ] DEBUG Engine               - profileName: StringProperty [value: DEFAULT]
22:05:24.197 [FXGL Background Thread 2 ] DEBUG Engine               - urlPOM: https://raw.githubusercontent.com/AlmasB/FXGL/master/pom.xml
22:05:24.197 [FXGL Background Thread 2 ] DEBUG Engine               - notificationViewClass: class com.almasb.fxgl.notification.view.XboxNotificationView
22:05:24.198 [FXGL Background Thread 2 ] DEBUG Engine               - devSensorColorProperty: ObjectProperty [value: 0xffff00ff]
22:05:24.198 [FXGL Background Thread 2 ] DEBUG Engine               - sceneFactory: application.MenuFactory@5f7de266
22:05:24.198 [FXGL Background Thread 2 ] DEBUG Engine               - stageStyle: DECORATED
22:05:24.198 [FXGL Background Thread 2 ] DEBUG Engine               - isManualResizeEnabled: false
22:05:24.198 [FXGL Background Thread 2 ] DEBUG Engine               - title: Basic Game App
22:05:24.198 [FXGL Background Thread 2 ] DEBUG Engine               - platform: WINDOWS
22:05:24.198 [FXGL Background Thread 2 ] DEBUG Engine               - devBBoxColorProperty: ObjectProperty [value: 0xff0000ff]
22:05:24.198 [FXGL Background Thread 2 ] DEBUG Engine               - gameDifficulty: MEDIUM
22:05:24.198 [FXGL Background Thread 2 ] DEBUG Engine               - isDesktop: true
22:05:24.199 [FXGL Background Thread 2 ] DEBUG Engine               - supportedLanguages: [ENGLISH, FRENCH, GERMAN, HUNGARIAN, RUSSIAN]
22:05:24.199 [FXGL Background Thread 2 ] DEBUG Engine               - credits: []
22:05:24.199 [FXGL Background Thread 2 ] DEBUG Engine               - globalMusicVolumeProperty: DoubleProperty [value: 0.5]
22:05:24.199 [FXGL Background Thread 2 ] DEBUG Engine               - isPreserveResizeRatio: false
22:05:24.199 [FXGL Background Thread 2 ] DEBUG Engine               - fontText: Courier-Prime.ttf
22:05:24.199 [FXGL Background Thread 2 ] DEBUG Engine               - isExperimentalTiledLargeMap: false
22:05:24.199 [FXGL Background Thread 2 ] DEBUG Engine               - secondsIn24h: 60
22:05:24.199 [FXGL Background Thread 2 ] DEBUG Engine               - runtimeInfo: RuntimeInfo(platform=WINDOWS, version=11.8, build=08.03.2020 09.25)
22:05:24.199 [FXGL Background Thread 2 ] DEBUG Engine               - isLinux: false
22:05:24.199 [FXGL Background Thread 2 ] DEBUG Engine               - soundMenuPress: menu/press.wav
22:05:24.199 [FXGL Background Thread 2 ] DEBUG Engine               - urlGithub: https://github.com/AlmasB/FXGL
22:05:24.199 [FXGL Background Thread 2 ] DEBUG Engine               - profileDir: profiles/
22:05:24.200 [FXGL Background Thread 2 ] DEBUG Engine               - isDeveloperMenuEnabled: false
22:05:24.200 [FXGL Background Thread 2 ] DEBUG Engine               - globalSoundVolumeProperty: DoubleProperty [value: 0.5]
22:05:24.200 [FXGL Background Thread 2 ] DEBUG Engine               - mainWindow: com.almasb.fxgl.app.MainWindow@5b426d51
22:05:24.200 [FXGL Background Thread 2 ] DEBUG Engine               - isBrowser: false
22:05:24.200 [FXGL Background Thread 2 ] DEBUG Engine               - urlLeaderboard: http://fxgl-top.herokuapp.com/
22:05:24.200 [FXGL Background Thread 2 ] DEBUG Engine               - globalSoundVolume: 0.5
22:05:24.200 [FXGL Background Thread 2 ] DEBUG Engine               - engineServices: [class com.almasb.fxgl.app.GameApplication$GameApplicationService, class com.almasb.fxgl.app.services.WindowService, class com.almasb.fxgl.app.services.FXGLDialogService, class com.almasb.fxgl.app.services.IOTaskExecutorService, class com.almasb.fxgl.event.EventBusService, class com.almasb.fxgl.io.FileSystemService, class com.almasb.fxgl.localization.LocalizationService, class com.almasb.fxgl.app.services.AssetLoaderService, class com.almasb.fxgl.app.services.SystemBundleService, class com.almasb.fxgl.profile.SaveLoadService, class com.almasb.fxgl.ui.FXGLUIFactoryServiceProvider, class com.almasb.fxgl.ui.FXGLDialogFactoryServiceProvider, class com.almasb.fxgl.audio.AudioPlayer, class com.almasb.fxgl.notification.impl.NotificationServiceProvider, class com.almasb.fxgl.achievement.AchievementService, class com.almasb.fxgl.cutscene.CutsceneService, class com.almasb.fxgl.minigames.MiniGameService, class com.almasb.fxgl.net.NetService, class com.almasb.fxgl.app.services.UpdaterService]
22:05:24.200 [FXGL Background Thread 2 ] DEBUG Engine               - globalMusicVolume: 0.5
22:05:24.200 [FXGL Background Thread 2 ] DEBUG Engine               - width: 640
22:05:24.200 [FXGL Background Thread 2 ] DEBUG Engine               - saveFileExt: sav
22:05:24.200 [FXGL Background Thread 2 ] DEBUG Engine               - isAndroid: false
22:05:24.200 [FXGL Background Thread 2 ] DEBUG Engine               - fontUI: VarelaRound-Regular.ttf
22:05:24.200 [FXGL Background Thread 2 ] DEBUG Engine               - enabledMenuItems: []
22:05:24.201 [FXGL Background Thread 2 ] DEBUG Engine               - isIOS: false
22:05:24.201 [FXGL Background Thread 2 ] DEBUG Engine               - Logging services
22:05:24.201 [FXGL Background Thread 2 ] DEBUG Engine               - class com.almasb.fxgl.app.GameApplication$GameApplicationService
22:05:24.201 [FXGL Background Thread 2 ] DEBUG Engine               - class com.almasb.fxgl.app.services.WindowService
22:05:24.201 [FXGL Background Thread 2 ] DEBUG Engine               - class com.almasb.fxgl.app.services.FXGLDialogService
22:05:24.201 [FXGL Background Thread 2 ] DEBUG Engine               - class com.almasb.fxgl.app.services.IOTaskExecutorService
22:05:24.201 [FXGL Background Thread 2 ] DEBUG Engine               - class com.almasb.fxgl.event.EventBusService
22:05:24.201 [FXGL Background Thread 2 ] DEBUG Engine               - class com.almasb.fxgl.io.FileSystemService
22:05:24.201 [FXGL Background Thread 2 ] DEBUG Engine               - class com.almasb.fxgl.localization.LocalizationService
22:05:24.201 [FXGL Background Thread 2 ] DEBUG Engine               - class com.almasb.fxgl.app.services.AssetLoaderService
22:05:24.201 [FXGL Background Thread 2 ] DEBUG Engine               - class com.almasb.fxgl.app.services.SystemBundleService
22:05:24.201 [FXGL Background Thread 2 ] DEBUG Engine               - class com.almasb.fxgl.profile.SaveLoadService
22:05:24.201 [FXGL Background Thread 2 ] DEBUG Engine               - class com.almasb.fxgl.ui.FXGLUIFactoryServiceProvider
22:05:24.202 [FXGL Background Thread 2 ] DEBUG Engine               - class com.almasb.fxgl.ui.FXGLDialogFactoryServiceProvider
22:05:24.202 [FXGL Background Thread 2 ] DEBUG Engine               - class com.almasb.fxgl.audio.AudioPlayer
22:05:24.202 [FXGL Background Thread 2 ] DEBUG Engine               - class com.almasb.fxgl.notification.impl.NotificationServiceProvider
22:05:24.202 [FXGL Background Thread 2 ] DEBUG Engine               - class com.almasb.fxgl.achievement.AchievementService
22:05:24.202 [FXGL Background Thread 2 ] DEBUG Engine               - class com.almasb.fxgl.cutscene.CutsceneService
22:05:24.202 [FXGL Background Thread 2 ] DEBUG Engine               - class com.almasb.fxgl.minigames.MiniGameService
22:05:24.202 [FXGL Background Thread 2 ] DEBUG Engine               - class com.almasb.fxgl.net.NetService
22:05:24.202 [FXGL Background Thread 2 ] DEBUG Engine               - class com.almasb.fxgl.app.services.UpdaterService
22:05:24.850 [JavaFX Application Thread] DEBUG GameApplication      - Exiting FXGL
22:05:24.850 [JavaFX Application Thread] DEBUG LoopRunner           - Stopping loop
22:05:24.850 [JavaFX Application Thread] DEBUG SystemBundleService  - Saving FXGL system data
22:05:24.851 [JavaFX Application Thread] DEBUG FileSystemAccess     - Writing to: C:\Users\Liana\git\FriendMaker2077-07-03\Project\system\fxgl.bundle
22:05:24.853 [JavaFX Application Thread] DEBUG GameApplication      - Shutting down background threads
22:05:24.853 [JavaFX Application Thread] DEBUG GameApplication      - Closing logger and exiting JavaFX
