13:56:28.405 [main                     ] DEBUG GameApplication      - Logger initialized
13:56:28.417 [main                     ] DEBUG GameApplication      - Logging settings
Title: FriendMaker2077
Version: 0.1
Width: 640
Height: 640
Fullscreen: false
Intro: false
Menus: false
Profiling: false
Single step:false
App Mode: DEVELOPER
Menu Key: ESCAPE
Stage Style: DECORATED
Scene Factory: class ui.MenuFactory

13:56:29.386 [JavaFX Application Thread] DEBUG GameApplication      - Initializing FXGL
13:56:29.391 [JavaFX Application Thread] INFO  Engine               - FXGL-11.8 (08.03.2020 09.25) on WINDOWS (J:13.0.2 FX:11.0.2)
13:56:29.391 [JavaFX Application Thread] INFO  Engine               - Source code and latest versions at: https://github.com/AlmasB/FXGL
13:56:29.391 [JavaFX Application Thread] INFO  Engine               -              Join the FXGL chat at: https://gitter.im/AlmasB/FXGL
13:56:29.454 [JavaFX Application Thread] DEBUG MainWindow           - Creating a JavaFX scene
13:56:29.726 [JavaFX Application Thread] DEBUG MainWindow           - Target settings size: 640.0 x 640.0
13:56:29.726 [JavaFX Application Thread] DEBUG MainWindow           - Scaled scene size:    640.0 x 640.0
13:56:29.726 [JavaFX Application Thread] DEBUG MainWindow           - Scaled ratio: (1.0, 1.0)
13:56:29.727 [JavaFX Application Thread] DEBUG MainWindow           - Set initial scene to FXGLStartupScene
13:56:29.730 [JavaFX Application Thread] DEBUG MainWindow           - Opening main window
13:56:29.791 [JavaFX Application Thread] DEBUG MainWindow           - Window border size: (16.0, 39.0)
13:56:29.791 [JavaFX Application Thread] DEBUG MainWindow           - Scaled size: 640.0 x 640.0
13:56:29.791 [JavaFX Application Thread] DEBUG MainWindow           - Scaled ratio: (1.0, 1.0)
13:56:29.791 [JavaFX Application Thread] DEBUG MainWindow           - Scene size: 640.0 x 640.0
13:56:29.792 [JavaFX Application Thread] DEBUG MainWindow           - Stage size: 656.0 x 679.0
13:56:29.795 [FXGL Background Thread 1 ] DEBUG Engine               - Initializing environment variables
13:56:29.813 [FXGL Background Thread 1 ] DEBUG WindowService        - Applying CSS: fxgl_dark.css
13:56:29.813 [FXGL Background Thread 1 ] DEBUG AssetLoaderService   - Loading from file system: /assets/ui/css/fxgl_dark.css
13:56:29.841 [FXGL Background Thread 1 ] DEBUG WindowService        - Initializing application scenes
13:56:29.860 [FXGL Background Thread 1 ] DEBUG GameWorld            - Game world initialized
13:56:29.883 [FXGL Background Thread 1 ] DEBUG PhysicsWorld         - Physics world initialized: appHeight=640, physics.ppm=50.0
13:56:29.885 [FXGL Background Thread 1 ] DEBUG GameScene            - Game scene initialized: 640x640
13:56:29.889 [FXGL Background Thread 1 ] DEBUG Input                - Registered new binding: Resume - Esc
13:56:29.897 [FXGL Background Thread 1 ] DEBUG Input                - Registered new binding: Pause - Esc
13:56:29.898 [FXGL Background Thread 1 ] DEBUG WindowService        - Application scenes initialized
13:56:29.905 [FXGL Background Thread 1 ] DEBUG SystemBundleService  - Loading FXGL system data
13:56:29.907 [FXGL Background Thread 1 ] DEBUG FileSystemAccess     - Reading from: C:\Users\otinn\git\FriendMaker2077-07-03\Project\system\fxgl.bundle
13:56:29.913 [FXGL Background Thread 1 ] DEBUG SystemBundleService  - Bundle FXGL: {}
13:56:29.913 [FXGL Background Thread 1 ] INFO  Engine               - FXGL initialization took: 0.116 sec
13:56:29.914 [FXGL Background Thread 1 ] DEBUG GameApplication      - Loading localizations
13:56:29.915 [FXGL Background Thread 1 ] DEBUG AssetLoaderService   - Loading from file system: /assets/properties/languages/english.properties
13:56:29.916 [FXGL Background Thread 1 ] DEBUG AssetLoaderService   - Loading from file system: /assets/properties/languages/french.properties
13:56:29.918 [FXGL Background Thread 1 ] DEBUG AssetLoaderService   - Loading from file system: /assets/properties/languages/german.properties
13:56:29.918 [FXGL Background Thread 1 ] DEBUG AssetLoaderService   - Loading from file system: /assets/properties/languages/hungarian.properties
13:56:29.919 [FXGL Background Thread 1 ] DEBUG AssetLoaderService   - Loading from file system: /assets/properties/languages/russian.properties
13:56:29.920 [FXGL Background Thread 1 ] DEBUG GameApplication      - Registering font factories with UI factory
13:56:29.921 [FXGL Background Thread 1 ] DEBUG AssetLoaderService   - Loading from file system: /assets/ui/fonts/VarelaRound-Regular.ttf
13:56:30.031 [FXGL Background Thread 1 ] DEBUG AssetLoaderService   - Loading from file system: /assets/ui/fonts/Abel-Regular.ttf
13:56:30.037 [FXGL Background Thread 1 ] DEBUG AssetLoaderService   - Loading from file system: /assets/ui/fonts/lucida_console.ttf
13:56:30.045 [FXGL Background Thread 1 ] DEBUG AssetLoaderService   - Loading from file system: /assets/ui/fonts/Courier-Prime.ttf
13:56:30.052 [JavaFX Application Thread] DEBUG Input                - Registered new binding: Move Right - D
13:56:30.053 [JavaFX Application Thread] DEBUG Input                - Registered new binding: Move Left - A
13:56:30.053 [JavaFX Application Thread] DEBUG Input                - Registered new binding: Move Up - W
13:56:30.053 [JavaFX Application Thread] DEBUG Input                - Registered new binding: Move Down - S
13:56:30.053 [JavaFX Application Thread] DEBUG Input                - Registered new binding: Play Sound - F
13:56:30.053 [JavaFX Application Thread] DEBUG AssetLoaderService   - Loading from file system: /assets/textures/fxgl_icon.png
13:56:30.083 [JavaFX Application Thread] DEBUG AssetLoaderService   - Loading from file system: /assets/ui/cursors/fxgl_default.png
13:56:30.085 [JavaFX Application Thread] DEBUG Input                - Registered new binding: Screenshot - P
13:56:30.085 [JavaFX Application Thread] DEBUG Input                - Registered new binding: System info dump - CTRL+9
13:56:30.086 [JavaFX Application Thread] DEBUG Input                - Registered new binding: Restart - CTRL+R
13:56:30.086 [JavaFX Application Thread] DEBUG LoopRunner           - Starting loop
13:56:30.100 [JavaFX Application Thread] DEBUG FXGLStartupScene     - STARTUP
13:56:30.101 [JavaFX Application Thread] DEBUG WindowService        - Starting new game
13:56:30.102 [JavaFX Application Thread] DEBUG Input                - Clearing active input actions
13:56:30.109 [JavaFX Application Thread] DEBUG WindowService        - Removing overlay from FXGLStartupScene and adding to FXGLLoadingScene
13:56:30.109 [JavaFX Application Thread] DEBUG MainWindow           - FXGLStartupScene -> FXGLLoadingScene
13:56:30.109 [JavaFX Application Thread] DEBUG WindowService        - Clearing previous game
13:56:30.109 [JavaFX Application Thread] DEBUG GameScene            - Clearing game scene
13:56:30.109 [JavaFX Application Thread] DEBUG GameWorld            - Clearing game world
13:56:30.109 [JavaFX Application Thread] DEBUG PhysicsWorld         - Clearing physics world
13:56:30.110 [FXGL Background Thread 1 ] DEBUG GameApplication      - Initializing game
13:56:30.114 [FXGL Background Thread 1 ] DEBUG AssetLoaderService   - Loading from file system: /assets/textures/EmptyMap.png
13:56:30.268 [FXGL Background Thread 1 ] DEBUG AssetLoaderService   - Loading from file system: /assets/sounds/soundtrack.wav
13:56:30.317 [FXGL Background Thread 1 ] DEBUG AssetLoaderService   - Loading from file system: /assets/textures/CharacterSprite.png
13:56:30.320 [FXGL Background Thread 1 ] DEBUG AssetLoaderService   - Loading from cache: /assets/textures/CharacterSprite.png
13:56:30.320 [FXGL Background Thread 1 ] DEBUG AssetLoaderService   - Loading from cache: /assets/textures/CharacterSprite.png
13:56:30.320 [FXGL Background Thread 1 ] DEBUG AssetLoaderService   - Loading from cache: /assets/textures/CharacterSprite.png
13:56:30.320 [FXGL Background Thread 1 ] DEBUG AssetLoaderService   - Loading from cache: /assets/textures/CharacterSprite.png
13:56:30.320 [FXGL Background Thread 1 ] DEBUG AssetLoaderService   - Loading from cache: /assets/textures/CharacterSprite.png
13:56:30.323 [FXGL Background Thread 1 ] DEBUG AssetLoaderService   - Loading from file system: /assets/textures/bbox.png
13:56:30.332 [FXGL Background Thread 1 ] DEBUG AssetLoaderService   - Loading from file system: /assets/textures/froggysprite.png
13:56:30.333 [FXGL Background Thread 1 ] DEBUG AssetLoaderService   - Loading from cache: /assets/textures/froggysprite.png
13:56:30.333 [FXGL Background Thread 1 ] DEBUG AssetLoaderService   - Loading from cache: /assets/textures/froggysprite.png
13:56:30.333 [FXGL Background Thread 1 ] DEBUG AssetLoaderService   - Loading from cache: /assets/textures/bbox.png
13:56:30.337 [FXGL Background Thread 1 ] DEBUG AssetLoaderService   - Loading from file system: /assets/textures/lighthouse.png
13:56:30.339 [FXGL Background Thread 1 ] DEBUG AssetLoaderService   - Loading from file system: /assets/textures/bush.png
13:56:30.341 [FXGL Background Thread 1 ] DEBUG AssetLoaderService   - Loading from cache: /assets/textures/bush.png
13:56:30.342 [FXGL Background Thread 1 ] DEBUG AssetLoaderService   - Loading from file system: /assets/textures/rock.png
13:56:30.343 [FXGL Background Thread 1 ] DEBUG AssetLoaderService   - Loading from cache: /assets/textures/rock.png
13:56:30.344 [FXGL Background Thread 1 ] DEBUG AssetLoaderService   - Loading from file system: /assets/textures/greenhouse.png
13:56:30.345 [FXGL Background Thread 1 ] DEBUG AssetLoaderService   - Loading from file system: /assets/textures/tree.png
13:56:30.346 [FXGL Background Thread 1 ] DEBUG AssetLoaderService   - Loading from cache: /assets/textures/bush.png
13:56:30.347 [FXGL Background Thread 1 ] DEBUG AssetLoaderService   - Loading from cache: /assets/textures/tree.png
13:56:30.348 [FXGL Background Thread 1 ] DEBUG AssetLoaderService   - Loading from cache: /assets/textures/bush.png
13:56:30.348 [FXGL Background Thread 1 ] DEBUG AssetLoaderService   - Loading from file system: /assets/textures/appletree.png
13:56:30.349 [FXGL Background Thread 1 ] DEBUG AssetLoaderService   - Loading from cache: /assets/textures/bush.png
13:56:30.350 [FXGL Background Thread 1 ] DEBUG AssetLoaderService   - Loading from cache: /assets/textures/tree.png
13:56:30.350 [FXGL Background Thread 1 ] DEBUG AssetLoaderService   - Loading from cache: /assets/textures/bush.png
13:56:30.351 [FXGL Background Thread 1 ] DEBUG AssetLoaderService   - Loading from cache: /assets/textures/appletree.png
13:56:30.351 [FXGL Background Thread 1 ] DEBUG AssetLoaderService   - Loading from cache: /assets/textures/bush.png
13:56:30.352 [FXGL Background Thread 1 ] DEBUG AssetLoaderService   - Loading from cache: /assets/textures/appletree.png
13:56:30.352 [FXGL Background Thread 1 ] DEBUG AssetLoaderService   - Loading from cache: /assets/textures/bush.png
13:56:30.353 [FXGL Background Thread 1 ] DEBUG AssetLoaderService   - Loading from cache: /assets/textures/tree.png
13:56:30.353 [FXGL Background Thread 1 ] DEBUG AssetLoaderService   - Loading from cache: /assets/textures/bush.png
13:56:30.353 [FXGL Background Thread 1 ] DEBUG AssetLoaderService   - Loading from cache: /assets/textures/tree.png
13:56:30.354 [FXGL Background Thread 1 ] DEBUG AssetLoaderService   - Loading from cache: /assets/textures/bush.png
13:56:30.354 [FXGL Background Thread 1 ] DEBUG AssetLoaderService   - Loading from cache: /assets/textures/tree.png
13:56:30.355 [FXGL Background Thread 1 ] DEBUG AssetLoaderService   - Loading from cache: /assets/textures/bush.png
13:56:30.355 [FXGL Background Thread 1 ] DEBUG AssetLoaderService   - Loading from cache: /assets/textures/bush.png
13:56:30.355 [FXGL Background Thread 1 ] DEBUG AssetLoaderService   - Loading from cache: /assets/textures/tree.png
13:56:30.356 [FXGL Background Thread 1 ] DEBUG AssetLoaderService   - Loading from cache: /assets/textures/tree.png
13:56:30.356 [FXGL Background Thread 1 ] DEBUG AssetLoaderService   - Loading from cache: /assets/textures/tree.png
13:56:30.357 [FXGL Background Thread 1 ] DEBUG AssetLoaderService   - Loading from cache: /assets/textures/bush.png
13:56:30.357 [FXGL Background Thread 1 ] DEBUG AssetLoaderService   - Loading from cache: /assets/textures/tree.png
13:56:30.358 [FXGL Background Thread 1 ] DEBUG AssetLoaderService   - Loading from cache: /assets/textures/bush.png
13:56:30.358 [FXGL Background Thread 1 ] DEBUG AssetLoaderService   - Loading from cache: /assets/textures/appletree.png
13:56:30.359 [FXGL Background Thread 1 ] DEBUG AssetLoaderService   - Loading from cache: /assets/textures/bush.png
13:56:30.360 [FXGL Background Thread 1 ] DEBUG AssetLoaderService   - Loading from cache: /assets/textures/tree.png
13:56:30.360 [FXGL Background Thread 1 ] DEBUG AssetLoaderService   - Loading from cache: /assets/textures/bush.png
13:56:30.361 [FXGL Background Thread 1 ] DEBUG AssetLoaderService   - Loading from cache: /assets/textures/appletree.png
13:56:30.361 [FXGL Background Thread 1 ] DEBUG AssetLoaderService   - Loading from cache: /assets/textures/bush.png
13:56:30.362 [FXGL Background Thread 1 ] DEBUG AssetLoaderService   - Loading from cache: /assets/textures/appletree.png
13:56:30.362 [FXGL Background Thread 1 ] DEBUG AssetLoaderService   - Loading from file system: /assets/textures/bluehouse.png
13:56:30.364 [FXGL Background Thread 1 ] DEBUG AssetLoaderService   - Loading from cache: /assets/textures/appletree.png
13:56:30.364 [FXGL Background Thread 1 ] DEBUG AssetLoaderService   - Loading from file system: /assets/textures/redhouse.png
13:56:30.366 [FXGL Background Thread 1 ] DEBUG AssetLoaderService   - Loading from cache: /assets/textures/appletree.png
13:56:30.366 [FXGL Background Thread 1 ] DEBUG AssetLoaderService   - Loading from cache: /assets/textures/redhouse.png
13:56:30.367 [FXGL Background Thread 1 ] DEBUG AssetLoaderService   - Loading from cache: /assets/textures/appletree.png
13:56:30.367 [FXGL Background Thread 1 ] DEBUG AssetLoaderService   - Loading from cache: /assets/textures/bluehouse.png
13:56:30.367 [FXGL Background Thread 1 ] DEBUG AssetLoaderService   - Loading from cache: /assets/textures/appletree.png
13:56:30.368 [FXGL Background Thread 1 ] DEBUG AssetLoaderService   - Loading from cache: /assets/textures/appletree.png
13:56:30.368 [FXGL Background Thread 1 ] DEBUG AssetLoaderService   - Loading from cache: /assets/textures/bush.png
13:56:30.368 [FXGL Background Thread 1 ] DEBUG AssetLoaderService   - Loading from cache: /assets/textures/rock.png
13:56:30.369 [FXGL Background Thread 1 ] DEBUG AssetLoaderService   - Loading from cache: /assets/textures/tree.png
13:56:30.370 [FXGL Background Thread 1 ] INFO  GameApplication      - Game initialization took: 0.259 sec
13:56:30.370 [JavaFX Application Thread] DEBUG Input                - Clearing active input actions
13:56:30.392 [JavaFX Application Thread] DEBUG WindowService        - Removing overlay from FXGLLoadingScene and adding to GameScene
13:56:30.392 [JavaFX Application Thread] DEBUG MainWindow           - FXGLLoadingScene -> GameScene
13:56:32.915 [FXGL Background Thread 2 ] DEBUG Engine               - Logging environment variables
13:56:32.915 [FXGL Background Thread 2 ] DEBUG Engine               - achievements: []
13:56:32.915 [FXGL Background Thread 2 ] DEBUG Engine               - language: ObjectProperty [value: ENGLISH]
13:56:32.915 [FXGL Background Thread 2 ] DEBUG Engine               - isCloseConfirmation: false
13:56:32.915 [FXGL Background Thread 2 ] DEBUG Engine               - isProfilingEnabled: false
13:56:32.915 [FXGL Background Thread 2 ] DEBUG Engine               - soundNotification: core/notification.wav
13:56:32.915 [FXGL Background Thread 2 ] DEBUG Engine               - devShowBBoxProperty: BooleanProperty [value: false]
13:56:32.915 [FXGL Background Thread 2 ] DEBUG Engine               - pixelsPerMeter: 50.0
13:56:32.915 [FXGL Background Thread 2 ] DEBUG Engine               - appIcon: fxgl_icon.png
13:56:32.915 [FXGL Background Thread 2 ] DEBUG Engine               - soundMenuBack: menu/back.wav
13:56:32.915 [FXGL Background Thread 2 ] DEBUG Engine               - isFullScreenAllowed: false
13:56:32.915 [FXGL Background Thread 2 ] DEBUG Engine               - isIntroEnabled: false
13:56:32.915 [FXGL Background Thread 2 ] DEBUG Engine               - fontMono: lucida_console.ttf
13:56:32.915 [FXGL Background Thread 2 ] DEBUG Engine               - soundMenuSelect: menu/select.wav
13:56:32.915 [FXGL Background Thread 2 ] DEBUG Engine               - isWindows: true
13:56:32.916 [FXGL Background Thread 2 ] DEBUG Engine               - isMobile: false
13:56:32.916 [FXGL Background Thread 2 ] DEBUG Engine               - isUserProfileEnabled: false
13:56:32.916 [FXGL Background Thread 2 ] DEBUG Engine               - height: 640
13:56:32.916 [FXGL Background Thread 2 ] DEBUG Engine               - isExperimentalNative: false
13:56:32.916 [FXGL Background Thread 2 ] DEBUG Engine               - settings: Title: FriendMaker2077
Version: 0.1
Width: 640
Height: 640
Fullscreen: false
Intro: false
Menus: false
Profiling: false
Single step:false
App Mode: DEVELOPER
Menu Key: ESCAPE
Stage Style: DECORATED
Scene Factory: class ui.MenuFactory

13:56:32.916 [FXGL Background Thread 2 ] DEBUG Engine               - isSingleStep: false
13:56:32.916 [FXGL Background Thread 2 ] DEBUG Engine               - cSSList: [fxgl_dark.css]
13:56:32.916 [FXGL Background Thread 2 ] DEBUG Engine               - fontGame: Abel-Regular.ttf
13:56:32.916 [FXGL Background Thread 2 ] DEBUG Engine               - menuKey: ESCAPE
13:56:32.916 [FXGL Background Thread 2 ] DEBUG Engine               - devShowPositionProperty: BooleanProperty [value: false]
13:56:32.916 [FXGL Background Thread 2 ] DEBUG Engine               - versionCheckDays: 7
13:56:32.916 [FXGL Background Thread 2 ] DEBUG Engine               - configClass: Optional.empty
13:56:32.916 [FXGL Background Thread 2 ] DEBUG Engine               - isFullScreenFromStart: false
13:56:32.916 [FXGL Background Thread 2 ] DEBUG Engine               - version: 0.1
13:56:32.916 [FXGL Background Thread 2 ] DEBUG Engine               - fullScreen: BooleanProperty [value: false]
13:56:32.916 [FXGL Background Thread 2 ] DEBUG Engine               - randomSeed: -1
13:56:32.916 [FXGL Background Thread 2 ] DEBUG Engine               - gameDifficultyProperty: ObjectProperty [value: MEDIUM]
13:56:32.916 [FXGL Background Thread 2 ] DEBUG Engine               - applicationMode: DEVELOPER
13:56:32.916 [FXGL Background Thread 2 ] DEBUG Engine               - isMac: false
13:56:32.917 [FXGL Background Thread 2 ] DEBUG Engine               - isMenuEnabled: false
13:56:32.917 [FXGL Background Thread 2 ] DEBUG Engine               - urlPOM: https://raw.githubusercontent.com/AlmasB/FXGL/master/pom.xml
13:56:32.917 [FXGL Background Thread 2 ] DEBUG Engine               - profileName: StringProperty [value: DEFAULT]
13:56:32.917 [FXGL Background Thread 2 ] DEBUG Engine               - devSensorColorProperty: ObjectProperty [value: 0xffff00ff]
13:56:32.917 [FXGL Background Thread 2 ] DEBUG Engine               - notificationViewClass: class com.almasb.fxgl.notification.view.XboxNotificationView
13:56:32.917 [FXGL Background Thread 2 ] DEBUG Engine               - sceneFactory: ui.MenuFactory@6e022027
13:56:32.917 [FXGL Background Thread 2 ] DEBUG Engine               - stageStyle: DECORATED
13:56:32.917 [FXGL Background Thread 2 ] DEBUG Engine               - isManualResizeEnabled: false
13:56:32.917 [FXGL Background Thread 2 ] DEBUG Engine               - title: FriendMaker2077
13:56:32.917 [FXGL Background Thread 2 ] DEBUG Engine               - platform: WINDOWS
13:56:32.917 [FXGL Background Thread 2 ] DEBUG Engine               - devBBoxColorProperty: ObjectProperty [value: 0xff0000ff]
13:56:32.917 [FXGL Background Thread 2 ] DEBUG Engine               - gameDifficulty: MEDIUM
13:56:32.917 [FXGL Background Thread 2 ] DEBUG Engine               - isDesktop: true
13:56:32.917 [FXGL Background Thread 2 ] DEBUG Engine               - supportedLanguages: [ENGLISH, FRENCH, GERMAN, HUNGARIAN, RUSSIAN]
13:56:32.917 [FXGL Background Thread 2 ] DEBUG Engine               - credits: []
13:56:32.918 [FXGL Background Thread 2 ] DEBUG Engine               - globalMusicVolumeProperty: DoubleProperty [value: 0.5]
13:56:32.918 [FXGL Background Thread 2 ] DEBUG Engine               - isPreserveResizeRatio: false
13:56:32.918 [FXGL Background Thread 2 ] DEBUG Engine               - fontText: Courier-Prime.ttf
13:56:32.918 [FXGL Background Thread 2 ] DEBUG Engine               - isExperimentalTiledLargeMap: false
13:56:32.918 [FXGL Background Thread 2 ] DEBUG Engine               - secondsIn24h: 60
13:56:32.918 [FXGL Background Thread 2 ] DEBUG Engine               - runtimeInfo: RuntimeInfo(platform=WINDOWS, version=11.8, build=08.03.2020 09.25)
13:56:32.918 [FXGL Background Thread 2 ] DEBUG Engine               - soundMenuPress: menu/press.wav
13:56:32.918 [FXGL Background Thread 2 ] DEBUG Engine               - isLinux: false
13:56:32.918 [FXGL Background Thread 2 ] DEBUG Engine               - urlGithub: https://github.com/AlmasB/FXGL
13:56:32.918 [FXGL Background Thread 2 ] DEBUG Engine               - profileDir: profiles/
13:56:32.918 [FXGL Background Thread 2 ] DEBUG Engine               - globalSoundVolumeProperty: DoubleProperty [value: 0.5]
13:56:32.918 [FXGL Background Thread 2 ] DEBUG Engine               - isDeveloperMenuEnabled: false
13:56:32.918 [FXGL Background Thread 2 ] DEBUG Engine               - mainWindow: com.almasb.fxgl.app.MainWindow@6a3db93f
13:56:32.918 [FXGL Background Thread 2 ] DEBUG Engine               - isBrowser: false
13:56:32.918 [FXGL Background Thread 2 ] DEBUG Engine               - globalSoundVolume: 0.5
13:56:32.918 [FXGL Background Thread 2 ] DEBUG Engine               - urlLeaderboard: http://fxgl-top.herokuapp.com/
13:56:32.918 [FXGL Background Thread 2 ] DEBUG Engine               - engineServices: [class com.almasb.fxgl.app.GameApplication$GameApplicationService, class com.almasb.fxgl.app.services.WindowService, class com.almasb.fxgl.app.services.FXGLDialogService, class com.almasb.fxgl.app.services.IOTaskExecutorService, class com.almasb.fxgl.event.EventBusService, class com.almasb.fxgl.io.FileSystemService, class com.almasb.fxgl.localization.LocalizationService, class com.almasb.fxgl.app.services.AssetLoaderService, class com.almasb.fxgl.app.services.SystemBundleService, class com.almasb.fxgl.profile.SaveLoadService, class com.almasb.fxgl.ui.FXGLUIFactoryServiceProvider, class com.almasb.fxgl.ui.FXGLDialogFactoryServiceProvider, class com.almasb.fxgl.audio.AudioPlayer, class com.almasb.fxgl.notification.impl.NotificationServiceProvider, class com.almasb.fxgl.achievement.AchievementService, class com.almasb.fxgl.cutscene.CutsceneService, class com.almasb.fxgl.minigames.MiniGameService, class com.almasb.fxgl.net.NetService, class com.almasb.fxgl.app.services.UpdaterService]
13:56:32.918 [FXGL Background Thread 2 ] DEBUG Engine               - globalMusicVolume: 0.5
13:56:32.918 [FXGL Background Thread 2 ] DEBUG Engine               - width: 640
13:56:32.918 [FXGL Background Thread 2 ] DEBUG Engine               - saveFileExt: sav
13:56:32.919 [FXGL Background Thread 2 ] DEBUG Engine               - isAndroid: false
13:56:32.919 [FXGL Background Thread 2 ] DEBUG Engine               - fontUI: VarelaRound-Regular.ttf
13:56:32.919 [FXGL Background Thread 2 ] DEBUG Engine               - enabledMenuItems: []
13:56:32.919 [FXGL Background Thread 2 ] DEBUG Engine               - isIOS: false
13:56:32.919 [FXGL Background Thread 2 ] DEBUG Engine               - Logging services
13:56:32.919 [FXGL Background Thread 2 ] DEBUG Engine               - class com.almasb.fxgl.app.GameApplication$GameApplicationService
13:56:32.919 [FXGL Background Thread 2 ] DEBUG Engine               - class com.almasb.fxgl.app.services.WindowService
13:56:32.919 [FXGL Background Thread 2 ] DEBUG Engine               - class com.almasb.fxgl.app.services.FXGLDialogService
13:56:32.919 [FXGL Background Thread 2 ] DEBUG Engine               - class com.almasb.fxgl.app.services.IOTaskExecutorService
13:56:32.919 [FXGL Background Thread 2 ] DEBUG Engine               - class com.almasb.fxgl.event.EventBusService
13:56:32.919 [FXGL Background Thread 2 ] DEBUG Engine               - class com.almasb.fxgl.io.FileSystemService
13:56:32.919 [FXGL Background Thread 2 ] DEBUG Engine               - class com.almasb.fxgl.localization.LocalizationService
13:56:32.919 [FXGL Background Thread 2 ] DEBUG Engine               - class com.almasb.fxgl.app.services.AssetLoaderService
13:56:32.919 [FXGL Background Thread 2 ] DEBUG Engine               - class com.almasb.fxgl.app.services.SystemBundleService
13:56:32.919 [FXGL Background Thread 2 ] DEBUG Engine               - class com.almasb.fxgl.profile.SaveLoadService
13:56:32.919 [FXGL Background Thread 2 ] DEBUG Engine               - class com.almasb.fxgl.ui.FXGLUIFactoryServiceProvider
13:56:32.919 [FXGL Background Thread 2 ] DEBUG Engine               - class com.almasb.fxgl.ui.FXGLDialogFactoryServiceProvider
13:56:32.919 [FXGL Background Thread 2 ] DEBUG Engine               - class com.almasb.fxgl.audio.AudioPlayer
13:56:32.919 [FXGL Background Thread 2 ] DEBUG Engine               - class com.almasb.fxgl.notification.impl.NotificationServiceProvider
13:56:32.920 [FXGL Background Thread 2 ] DEBUG Engine               - class com.almasb.fxgl.achievement.AchievementService
13:56:32.920 [FXGL Background Thread 2 ] DEBUG Engine               - class com.almasb.fxgl.cutscene.CutsceneService
13:56:32.920 [FXGL Background Thread 2 ] DEBUG Engine               - class com.almasb.fxgl.minigames.MiniGameService
13:56:32.920 [FXGL Background Thread 2 ] DEBUG Engine               - class com.almasb.fxgl.net.NetService
13:56:32.920 [FXGL Background Thread 2 ] DEBUG Engine               - class com.almasb.fxgl.app.services.UpdaterService
13:56:39.970 [JavaFX Application Thread] DEBUG AssetLoaderService   - Loading from file system: /assets/sounds/bump.wav
13:56:40.002 [JavaFX Application Thread] DEBUG AssetLoaderService   - Loading from cache: /assets/sounds/bump.wav
13:56:40.050 [JavaFX Application Thread] DEBUG AssetLoaderService   - Loading from cache: /assets/sounds/bump.wav
13:56:41.235 [JavaFX Application Thread] DEBUG AssetLoaderService   - Loading from cache: /assets/sounds/bump.wav
13:56:41.875 [JavaFX Application Thread] DEBUG AssetLoaderService   - Loading from cache: /assets/sounds/bump.wav
13:56:42.947 [JavaFX Application Thread] DEBUG AssetLoaderService   - Loading from cache: /assets/sounds/bump.wav
13:56:43.299 [JavaFX Application Thread] DEBUG AssetLoaderService   - Loading from cache: /assets/sounds/bump.wav
13:56:43.923 [JavaFX Application Thread] DEBUG AssetLoaderService   - Loading from cache: /assets/sounds/bump.wav
13:56:44.530 [JavaFX Application Thread] DEBUG AssetLoaderService   - Loading from cache: /assets/sounds/bump.wav
13:56:44.562 [JavaFX Application Thread] DEBUG AssetLoaderService   - Loading from cache: /assets/sounds/bump.wav
13:56:44.594 [JavaFX Application Thread] DEBUG AssetLoaderService   - Loading from cache: /assets/sounds/bump.wav
13:56:44.626 [JavaFX Application Thread] DEBUG AssetLoaderService   - Loading from cache: /assets/sounds/bump.wav
13:56:44.658 [JavaFX Application Thread] DEBUG AssetLoaderService   - Loading from cache: /assets/sounds/bump.wav
13:56:44.706 [JavaFX Application Thread] DEBUG AssetLoaderService   - Loading from cache: /assets/sounds/bump.wav
13:56:44.738 [JavaFX Application Thread] DEBUG AssetLoaderService   - Loading from cache: /assets/sounds/bump.wav
13:56:44.770 [JavaFX Application Thread] DEBUG AssetLoaderService   - Loading from cache: /assets/sounds/bump.wav
13:56:44.802 [JavaFX Application Thread] DEBUG AssetLoaderService   - Loading from cache: /assets/sounds/bump.wav
13:56:44.850 [JavaFX Application Thread] DEBUG AssetLoaderService   - Loading from cache: /assets/sounds/bump.wav
13:56:44.882 [JavaFX Application Thread] DEBUG AssetLoaderService   - Loading from cache: /assets/sounds/bump.wav
13:56:44.914 [JavaFX Application Thread] DEBUG AssetLoaderService   - Loading from cache: /assets/sounds/bump.wav
13:56:44.946 [JavaFX Application Thread] DEBUG AssetLoaderService   - Loading from cache: /assets/sounds/bump.wav
13:56:44.978 [JavaFX Application Thread] DEBUG AssetLoaderService   - Loading from cache: /assets/sounds/bump.wav
13:56:45.010 [JavaFX Application Thread] DEBUG AssetLoaderService   - Loading from cache: /assets/sounds/bump.wav
13:56:45.058 [JavaFX Application Thread] DEBUG AssetLoaderService   - Loading from cache: /assets/sounds/bump.wav
13:56:45.090 [JavaFX Application Thread] DEBUG AssetLoaderService   - Loading from cache: /assets/sounds/bump.wav
13:56:45.122 [JavaFX Application Thread] DEBUG AssetLoaderService   - Loading from cache: /assets/sounds/bump.wav
13:56:45.154 [JavaFX Application Thread] DEBUG AssetLoaderService   - Loading from cache: /assets/sounds/bump.wav
13:56:45.186 [JavaFX Application Thread] DEBUG AssetLoaderService   - Loading from cache: /assets/sounds/bump.wav
13:56:46.723 [JavaFX Application Thread] DEBUG AssetLoaderService   - Loading from cache: /assets/sounds/bump.wav
13:56:47.315 [JavaFX Application Thread] DEBUG AssetLoaderService   - Loading from cache: /assets/sounds/bump.wav
13:56:47.923 [JavaFX Application Thread] DEBUG AssetLoaderService   - Loading from cache: /assets/sounds/bump.wav
13:56:47.955 [JavaFX Application Thread] DEBUG AssetLoaderService   - Loading from cache: /assets/sounds/bump.wav
13:56:48.003 [JavaFX Application Thread] DEBUG AssetLoaderService   - Loading from cache: /assets/sounds/bump.wav
13:56:48.034 [JavaFX Application Thread] DEBUG AssetLoaderService   - Loading from cache: /assets/sounds/bump.wav
13:56:48.066 [JavaFX Application Thread] DEBUG AssetLoaderService   - Loading from cache: /assets/sounds/bump.wav
13:56:48.114 [JavaFX Application Thread] DEBUG AssetLoaderService   - Loading from cache: /assets/sounds/bump.wav
13:56:48.146 [JavaFX Application Thread] DEBUG AssetLoaderService   - Loading from cache: /assets/sounds/bump.wav
13:56:48.178 [JavaFX Application Thread] DEBUG AssetLoaderService   - Loading from cache: /assets/sounds/bump.wav
13:56:48.210 [JavaFX Application Thread] DEBUG AssetLoaderService   - Loading from cache: /assets/sounds/bump.wav
13:56:49.058 [JavaFX Application Thread] DEBUG AssetLoaderService   - Loading from cache: /assets/sounds/bump.wav
13:56:49.090 [JavaFX Application Thread] DEBUG AssetLoaderService   - Loading from cache: /assets/sounds/bump.wav
13:56:49.122 [JavaFX Application Thread] DEBUG AssetLoaderService   - Loading from cache: /assets/sounds/bump.wav
13:56:49.170 [JavaFX Application Thread] DEBUG AssetLoaderService   - Loading from cache: /assets/sounds/bump.wav
13:56:49.682 [JavaFX Application Thread] DEBUG AssetLoaderService   - Loading from cache: /assets/sounds/bump.wav
13:56:49.714 [JavaFX Application Thread] DEBUG AssetLoaderService   - Loading from cache: /assets/sounds/bump.wav
13:56:49.762 [JavaFX Application Thread] DEBUG AssetLoaderService   - Loading from cache: /assets/sounds/bump.wav
13:56:49.794 [JavaFX Application Thread] DEBUG AssetLoaderService   - Loading from cache: /assets/sounds/bump.wav
13:56:49.826 [JavaFX Application Thread] DEBUG AssetLoaderService   - Loading from cache: /assets/sounds/bump.wav
13:56:49.858 [JavaFX Application Thread] DEBUG AssetLoaderService   - Loading from cache: /assets/sounds/bump.wav
13:56:49.890 [JavaFX Application Thread] DEBUG AssetLoaderService   - Loading from cache: /assets/sounds/bump.wav
13:56:49.938 [JavaFX Application Thread] DEBUG AssetLoaderService   - Loading from cache: /assets/sounds/bump.wav
13:56:49.970 [JavaFX Application Thread] DEBUG AssetLoaderService   - Loading from cache: /assets/sounds/bump.wav
13:56:50.002 [JavaFX Application Thread] DEBUG AssetLoaderService   - Loading from cache: /assets/sounds/bump.wav
13:56:50.034 [JavaFX Application Thread] DEBUG AssetLoaderService   - Loading from cache: /assets/sounds/bump.wav
13:56:50.066 [JavaFX Application Thread] DEBUG AssetLoaderService   - Loading from cache: /assets/sounds/bump.wav
13:56:50.946 [JavaFX Application Thread] DEBUG AssetLoaderService   - Loading from cache: /assets/sounds/bump.wav
13:56:52.162 [JavaFX Application Thread] DEBUG AssetLoaderService   - Loading from cache: /assets/sounds/bump.wav
13:56:52.738 [JavaFX Application Thread] DEBUG AssetLoaderService   - Loading from cache: /assets/sounds/bump.wav
13:56:53.251 [JavaFX Application Thread] DEBUG AssetLoaderService   - Loading from cache: /assets/sounds/bump.wav
13:57:19.187 [JavaFX Application Thread] DEBUG AssetLoaderService   - Loading from cache: /assets/sounds/bump.wav
13:57:19.219 [JavaFX Application Thread] DEBUG AssetLoaderService   - Loading from cache: /assets/sounds/bump.wav
13:57:19.266 [JavaFX Application Thread] DEBUG AssetLoaderService   - Loading from cache: /assets/sounds/bump.wav
13:57:19.314 [JavaFX Application Thread] DEBUG AssetLoaderService   - Loading from cache: /assets/sounds/bump.wav
13:57:19.346 [JavaFX Application Thread] DEBUG AssetLoaderService   - Loading from cache: /assets/sounds/bump.wav
13:57:19.378 [JavaFX Application Thread] DEBUG AssetLoaderService   - Loading from cache: /assets/sounds/bump.wav
13:57:19.410 [JavaFX Application Thread] DEBUG AssetLoaderService   - Loading from cache: /assets/sounds/bump.wav
13:57:19.442 [JavaFX Application Thread] DEBUG AssetLoaderService   - Loading from cache: /assets/sounds/bump.wav
13:57:19.474 [JavaFX Application Thread] DEBUG AssetLoaderService   - Loading from cache: /assets/sounds/bump.wav
13:57:22.802 [JavaFX Application Thread] DEBUG AssetLoaderService   - Loading from file system: /assets/sounds/sound.wav
13:57:22.825 [JavaFX Application Thread] DEBUG AssetLoaderService   - Loading from file system: /assets/sounds/move.wav
13:57:35.170 [JavaFX Application Thread] DEBUG AssetLoaderService   - Loading from cache: /assets/sounds/sound.wav
13:57:35.170 [JavaFX Application Thread] DEBUG AssetLoaderService   - Loading from cache: /assets/sounds/move.wav
13:57:38.648 [JavaFX Application Thread] DEBUG GameApplication      - Exiting FXGL
13:57:38.648 [JavaFX Application Thread] DEBUG LoopRunner           - Stopping loop
13:57:38.648 [JavaFX Application Thread] DEBUG SystemBundleService  - Saving FXGL system data
13:57:38.649 [JavaFX Application Thread] DEBUG FileSystemAccess     - Writing to: C:\Users\otinn\git\FriendMaker2077-07-03\Project\system\fxgl.bundle
13:57:38.650 [JavaFX Application Thread] DEBUG GameApplication      - Shutting down background threads
13:57:38.650 [JavaFX Application Thread] DEBUG GameApplication      - Closing logger and exiting JavaFX
