18:12:24.800 [main                     ] DEBUG GameApplication      - Logger initialized
18:12:24.800 [main                     ] DEBUG GameApplication      - Logging settings
Title: FriendMaker2077
Version: 0.1
Width: 640
Height: 640
Fullscreen: false
Intro: false
Menus: false
Profiling: false
Single step:false
App Mode: DEVELOPER
Menu Key: ESCAPE
Stage Style: DECORATED
Scene Factory: class ui.MenuFactory

18:12:25.073 [JavaFX Application Thread] DEBUG GameApplication      - Initializing FXGL
18:12:25.077 [JavaFX Application Thread] INFO  Engine               - FXGL-11.8 (08.03.2020 09.25) on WINDOWS (J:13.0.2 FX:13.0.2)
18:12:25.077 [JavaFX Application Thread] INFO  Engine               - Source code and latest versions at: https://github.com/AlmasB/FXGL
18:12:25.078 [JavaFX Application Thread] INFO  Engine               -              Join the FXGL chat at: https://gitter.im/AlmasB/FXGL
18:12:25.147 [JavaFX Application Thread] DEBUG MainWindow           - Creating a JavaFX scene
18:12:25.176 [JavaFX Application Thread] DEBUG MainWindow           - Target settings size: 640.0 x 640.0
18:12:25.176 [JavaFX Application Thread] DEBUG MainWindow           - Scaled scene size:    640.0 x 640.0
18:12:25.176 [JavaFX Application Thread] DEBUG MainWindow           - Scaled ratio: (1.0, 1.0)
18:12:25.177 [JavaFX Application Thread] DEBUG MainWindow           - Set initial scene to FXGLStartupScene
18:12:25.180 [JavaFX Application Thread] DEBUG MainWindow           - Opening main window
18:12:25.254 [JavaFX Application Thread] DEBUG MainWindow           - Window border size: (16.0, 39.0)
18:12:25.254 [JavaFX Application Thread] DEBUG MainWindow           - Scaled size: 640.0 x 640.0
18:12:25.254 [JavaFX Application Thread] DEBUG MainWindow           - Scaled ratio: (1.0, 1.0)
18:12:25.254 [JavaFX Application Thread] DEBUG MainWindow           - Scene size: 640.0 x 640.0
18:12:25.254 [JavaFX Application Thread] DEBUG MainWindow           - Stage size: 656.0 x 679.0
18:12:25.259 [FXGL Background Thread 1 ] DEBUG Engine               - Initializing environment variables
18:12:25.276 [FXGL Background Thread 1 ] DEBUG WindowService        - Applying CSS: fxgl_dark.css
18:12:25.277 [FXGL Background Thread 1 ] DEBUG AssetLoaderService   - Loading from file system: /assets/ui/css/fxgl_dark.css
18:12:25.303 [FXGL Background Thread 1 ] DEBUG WindowService        - Initializing application scenes
18:12:25.323 [FXGL Background Thread 1 ] DEBUG GameWorld            - Game world initialized
18:12:25.343 [FXGL Background Thread 1 ] DEBUG PhysicsWorld         - Physics world initialized: appHeight=640, physics.ppm=50.0
18:12:25.345 [FXGL Background Thread 1 ] DEBUG GameScene            - Game scene initialized: 640x640
18:12:25.349 [FXGL Background Thread 1 ] DEBUG Input                - Registered new binding: Resume - Esc
18:12:25.357 [FXGL Background Thread 1 ] DEBUG Input                - Registered new binding: Pause - Esc
18:12:25.357 [FXGL Background Thread 1 ] DEBUG WindowService        - Application scenes initialized
18:12:25.364 [FXGL Background Thread 1 ] DEBUG SystemBundleService  - Loading FXGL system data
18:12:25.367 [FXGL Background Thread 1 ] DEBUG FileSystemAccess     - Reading from: C:\Users\Adam Cunard\git\FriendMaker2077-07-03\Project\system\fxgl.bundle
18:12:25.371 [FXGL Background Thread 1 ] DEBUG SystemBundleService  - Bundle FXGL: {}
18:12:25.371 [FXGL Background Thread 1 ] INFO  Engine               - FXGL initialization took: 0.110 sec
18:12:25.372 [FXGL Background Thread 1 ] DEBUG GameApplication      - Loading localizations
18:12:25.373 [FXGL Background Thread 1 ] DEBUG AssetLoaderService   - Loading from file system: /assets/properties/languages/english.properties
18:12:25.374 [FXGL Background Thread 1 ] DEBUG AssetLoaderService   - Loading from file system: /assets/properties/languages/french.properties
18:12:25.375 [FXGL Background Thread 1 ] DEBUG AssetLoaderService   - Loading from file system: /assets/properties/languages/german.properties
18:12:25.376 [FXGL Background Thread 1 ] DEBUG AssetLoaderService   - Loading from file system: /assets/properties/languages/hungarian.properties
18:12:25.376 [FXGL Background Thread 1 ] DEBUG AssetLoaderService   - Loading from file system: /assets/properties/languages/russian.properties
18:12:25.377 [FXGL Background Thread 1 ] DEBUG GameApplication      - Registering font factories with UI factory
18:12:25.377 [FXGL Background Thread 1 ] DEBUG AssetLoaderService   - Loading from file system: /assets/ui/fonts/VarelaRound-Regular.ttf
18:12:25.551 [FXGL Background Thread 1 ] DEBUG AssetLoaderService   - Loading from file system: /assets/ui/fonts/Abel-Regular.ttf
18:12:25.558 [FXGL Background Thread 1 ] DEBUG AssetLoaderService   - Loading from file system: /assets/ui/fonts/lucida_console.ttf
18:12:25.565 [FXGL Background Thread 1 ] DEBUG AssetLoaderService   - Loading from file system: /assets/ui/fonts/Courier-Prime.ttf
18:12:25.573 [JavaFX Application Thread] DEBUG Input                - Registered new binding: Move Right - D
18:12:25.573 [JavaFX Application Thread] DEBUG Input                - Registered new binding: Move Left - A
18:12:25.573 [JavaFX Application Thread] DEBUG Input                - Registered new binding: Move Up - W
18:12:25.573 [JavaFX Application Thread] DEBUG Input                - Registered new binding: Move Down - S
18:12:25.573 [JavaFX Application Thread] DEBUG Input                - Registered new binding: Play Sound - F
18:12:25.573 [JavaFX Application Thread] DEBUG AssetLoaderService   - Loading from file system: /assets/textures/fxgl_icon.png
18:12:25.597 [JavaFX Application Thread] DEBUG AssetLoaderService   - Loading from file system: /assets/ui/cursors/fxgl_default.png
18:12:25.599 [JavaFX Application Thread] DEBUG Input                - Registered new binding: Screenshot - P
18:12:25.599 [JavaFX Application Thread] DEBUG Input                - Registered new binding: System info dump - CTRL+9
18:12:25.600 [JavaFX Application Thread] DEBUG Input                - Registered new binding: Restart - CTRL+R
18:12:25.600 [JavaFX Application Thread] DEBUG LoopRunner           - Starting loop
18:12:25.608 [JavaFX Application Thread] DEBUG FXGLStartupScene     - STARTUP
18:12:25.608 [JavaFX Application Thread] DEBUG WindowService        - Starting new game
18:12:25.609 [JavaFX Application Thread] DEBUG Input                - Clearing active input actions
18:12:25.616 [JavaFX Application Thread] DEBUG WindowService        - Removing overlay from FXGLStartupScene and adding to FXGLLoadingScene
18:12:25.616 [JavaFX Application Thread] DEBUG MainWindow           - FXGLStartupScene -> FXGLLoadingScene
18:12:25.616 [JavaFX Application Thread] DEBUG WindowService        - Clearing previous game
18:12:25.616 [JavaFX Application Thread] DEBUG GameScene            - Clearing game scene
18:12:25.616 [JavaFX Application Thread] DEBUG GameWorld            - Clearing game world
18:12:25.617 [JavaFX Application Thread] DEBUG PhysicsWorld         - Clearing physics world
18:12:25.618 [FXGL Background Thread 1 ] DEBUG GameApplication      - Initializing game
18:12:25.622 [FXGL Background Thread 1 ] DEBUG AssetLoaderService   - Loading from file system: /assets/textures/EmptyMap.png
18:12:25.787 [FXGL Background Thread 1 ] DEBUG AssetLoaderService   - Loading from file system: /assets/sounds/soundtrack.wav
18:12:25.851 [FXGL Background Thread 1 ] DEBUG AssetLoaderService   - Loading from file system: /assets/textures/CharacterSprite.png
18:12:25.852 [FXGL Background Thread 1 ] DEBUG AssetLoaderService   - Loading from cache: /assets/textures/CharacterSprite.png
18:12:25.852 [FXGL Background Thread 1 ] DEBUG AssetLoaderService   - Loading from cache: /assets/textures/CharacterSprite.png
18:12:25.853 [FXGL Background Thread 1 ] DEBUG AssetLoaderService   - Loading from cache: /assets/textures/CharacterSprite.png
18:12:25.853 [FXGL Background Thread 1 ] DEBUG AssetLoaderService   - Loading from cache: /assets/textures/CharacterSprite.png
18:12:25.853 [FXGL Background Thread 1 ] DEBUG AssetLoaderService   - Loading from cache: /assets/textures/CharacterSprite.png
18:12:25.856 [FXGL Background Thread 1 ] DEBUG AssetLoaderService   - Loading from file system: /assets/textures/bbox.png
18:12:25.861 [FXGL Background Thread 1 ] DEBUG AssetLoaderService   - Loading from file system: /assets/textures/froggysprite.png
18:12:25.862 [FXGL Background Thread 1 ] DEBUG AssetLoaderService   - Loading from cache: /assets/textures/froggysprite.png
18:12:25.862 [FXGL Background Thread 1 ] DEBUG AssetLoaderService   - Loading from cache: /assets/textures/froggysprite.png
18:12:25.862 [FXGL Background Thread 1 ] DEBUG AssetLoaderService   - Loading from cache: /assets/textures/bbox.png
18:12:25.863 [FXGL Background Thread 1 ] DEBUG AssetLoaderService   - Loading from file system: /assets/textures/blueHouse.png
18:12:25.864 [FXGL Background Thread 1 ] INFO  GameApplication      - Game initialization took: 0.246 sec
18:12:25.872 [JavaFX Application Thread] DEBUG Input                - Clearing active input actions
18:12:25.880 [JavaFX Application Thread] DEBUG WindowService        - Removing overlay from FXGLLoadingScene and adding to GameScene
18:12:25.881 [JavaFX Application Thread] DEBUG MainWindow           - FXGLLoadingScene -> GameScene
18:12:28.373 [FXGL Background Thread 2 ] DEBUG Engine               - Logging environment variables
18:12:28.373 [FXGL Background Thread 2 ] DEBUG Engine               - achievements: []
18:12:28.373 [FXGL Background Thread 2 ] DEBUG Engine               - language: ObjectProperty [value: ENGLISH]
18:12:28.373 [FXGL Background Thread 2 ] DEBUG Engine               - isCloseConfirmation: false
18:12:28.373 [FXGL Background Thread 2 ] DEBUG Engine               - isProfilingEnabled: false
18:12:28.373 [FXGL Background Thread 2 ] DEBUG Engine               - soundNotification: core/notification.wav
18:12:28.373 [FXGL Background Thread 2 ] DEBUG Engine               - devShowBBoxProperty: BooleanProperty [value: false]
18:12:28.373 [FXGL Background Thread 2 ] DEBUG Engine               - pixelsPerMeter: 50.0
18:12:28.374 [FXGL Background Thread 2 ] DEBUG Engine               - appIcon: fxgl_icon.png
18:12:28.374 [FXGL Background Thread 2 ] DEBUG Engine               - soundMenuBack: menu/back.wav
18:12:28.374 [FXGL Background Thread 2 ] DEBUG Engine               - isFullScreenAllowed: false
18:12:28.374 [FXGL Background Thread 2 ] DEBUG Engine               - isIntroEnabled: false
18:12:28.374 [FXGL Background Thread 2 ] DEBUG Engine               - fontMono: lucida_console.ttf
18:12:28.374 [FXGL Background Thread 2 ] DEBUG Engine               - soundMenuSelect: menu/select.wav
18:12:28.374 [FXGL Background Thread 2 ] DEBUG Engine               - isWindows: true
18:12:28.374 [FXGL Background Thread 2 ] DEBUG Engine               - isMobile: false
18:12:28.374 [FXGL Background Thread 2 ] DEBUG Engine               - isUserProfileEnabled: false
18:12:28.374 [FXGL Background Thread 2 ] DEBUG Engine               - height: 640
18:12:28.374 [FXGL Background Thread 2 ] DEBUG Engine               - isExperimentalNative: false
18:12:28.374 [FXGL Background Thread 2 ] DEBUG Engine               - settings: Title: FriendMaker2077
Version: 0.1
Width: 640
Height: 640
Fullscreen: false
Intro: false
Menus: false
Profiling: false
Single step:false
App Mode: DEVELOPER
Menu Key: ESCAPE
Stage Style: DECORATED
Scene Factory: class ui.MenuFactory

18:12:28.374 [FXGL Background Thread 2 ] DEBUG Engine               - isSingleStep: false
18:12:28.374 [FXGL Background Thread 2 ] DEBUG Engine               - cSSList: [fxgl_dark.css]
18:12:28.374 [FXGL Background Thread 2 ] DEBUG Engine               - fontGame: Abel-Regular.ttf
18:12:28.375 [FXGL Background Thread 2 ] DEBUG Engine               - menuKey: ESCAPE
18:12:28.375 [FXGL Background Thread 2 ] DEBUG Engine               - devShowPositionProperty: BooleanProperty [value: false]
18:12:28.375 [FXGL Background Thread 2 ] DEBUG Engine               - versionCheckDays: 7
18:12:28.375 [FXGL Background Thread 2 ] DEBUG Engine               - configClass: Optional.empty
18:12:28.375 [FXGL Background Thread 2 ] DEBUG Engine               - isFullScreenFromStart: false
18:12:28.375 [FXGL Background Thread 2 ] DEBUG Engine               - version: 0.1
18:12:28.375 [FXGL Background Thread 2 ] DEBUG Engine               - fullScreen: BooleanProperty [value: false]
18:12:28.375 [FXGL Background Thread 2 ] DEBUG Engine               - randomSeed: -1
18:12:28.375 [FXGL Background Thread 2 ] DEBUG Engine               - gameDifficultyProperty: ObjectProperty [value: MEDIUM]
18:12:28.375 [FXGL Background Thread 2 ] DEBUG Engine               - applicationMode: DEVELOPER
18:12:28.375 [FXGL Background Thread 2 ] DEBUG Engine               - isMac: false
18:12:28.375 [FXGL Background Thread 2 ] DEBUG Engine               - isMenuEnabled: false
18:12:28.375 [FXGL Background Thread 2 ] DEBUG Engine               - profileName: StringProperty [value: DEFAULT]
18:12:28.376 [FXGL Background Thread 2 ] DEBUG Engine               - urlPOM: https://raw.githubusercontent.com/AlmasB/FXGL/master/pom.xml
18:12:28.376 [FXGL Background Thread 2 ] DEBUG Engine               - notificationViewClass: class com.almasb.fxgl.notification.view.XboxNotificationView
18:12:28.376 [FXGL Background Thread 2 ] DEBUG Engine               - devSensorColorProperty: ObjectProperty [value: 0xffff00ff]
18:12:28.376 [FXGL Background Thread 2 ] DEBUG Engine               - sceneFactory: ui.MenuFactory@1dddbe47
18:12:28.376 [FXGL Background Thread 2 ] DEBUG Engine               - stageStyle: DECORATED
18:12:28.376 [FXGL Background Thread 2 ] DEBUG Engine               - isManualResizeEnabled: false
18:12:28.376 [FXGL Background Thread 2 ] DEBUG Engine               - title: FriendMaker2077
18:12:28.376 [FXGL Background Thread 2 ] DEBUG Engine               - platform: WINDOWS
18:12:28.376 [FXGL Background Thread 2 ] DEBUG Engine               - devBBoxColorProperty: ObjectProperty [value: 0xff0000ff]
18:12:28.376 [FXGL Background Thread 2 ] DEBUG Engine               - gameDifficulty: MEDIUM
18:12:28.376 [FXGL Background Thread 2 ] DEBUG Engine               - isDesktop: true
18:12:28.376 [FXGL Background Thread 2 ] DEBUG Engine               - supportedLanguages: [ENGLISH, FRENCH, GERMAN, HUNGARIAN, RUSSIAN]
18:12:28.377 [FXGL Background Thread 2 ] DEBUG Engine               - credits: []
18:12:28.377 [FXGL Background Thread 2 ] DEBUG Engine               - globalMusicVolumeProperty: DoubleProperty [value: 0.5]
18:12:28.377 [FXGL Background Thread 2 ] DEBUG Engine               - isPreserveResizeRatio: false
18:12:28.377 [FXGL Background Thread 2 ] DEBUG Engine               - fontText: Courier-Prime.ttf
18:12:28.377 [FXGL Background Thread 2 ] DEBUG Engine               - isExperimentalTiledLargeMap: false
18:12:28.377 [FXGL Background Thread 2 ] DEBUG Engine               - secondsIn24h: 60
18:12:28.377 [FXGL Background Thread 2 ] DEBUG Engine               - runtimeInfo: RuntimeInfo(platform=WINDOWS, version=11.8, build=08.03.2020 09.25)
18:12:28.377 [FXGL Background Thread 2 ] DEBUG Engine               - isLinux: false
18:12:28.377 [FXGL Background Thread 2 ] DEBUG Engine               - soundMenuPress: menu/press.wav
18:12:28.377 [FXGL Background Thread 2 ] DEBUG Engine               - urlGithub: https://github.com/AlmasB/FXGL
18:12:28.377 [FXGL Background Thread 2 ] DEBUG Engine               - profileDir: profiles/
18:12:28.377 [FXGL Background Thread 2 ] DEBUG Engine               - isDeveloperMenuEnabled: false
18:12:28.377 [FXGL Background Thread 2 ] DEBUG Engine               - globalSoundVolumeProperty: DoubleProperty [value: 0.5]
18:12:28.377 [FXGL Background Thread 2 ] DEBUG Engine               - mainWindow: com.almasb.fxgl.app.MainWindow@19e22924
18:12:28.377 [FXGL Background Thread 2 ] DEBUG Engine               - isBrowser: false
18:12:28.377 [FXGL Background Thread 2 ] DEBUG Engine               - urlLeaderboard: http://fxgl-top.herokuapp.com/
18:12:28.378 [FXGL Background Thread 2 ] DEBUG Engine               - globalSoundVolume: 0.5
18:12:28.378 [FXGL Background Thread 2 ] DEBUG Engine               - engineServices: [class com.almasb.fxgl.app.GameApplication$GameApplicationService, class com.almasb.fxgl.app.services.WindowService, class com.almasb.fxgl.app.services.FXGLDialogService, class com.almasb.fxgl.app.services.IOTaskExecutorService, class com.almasb.fxgl.event.EventBusService, class com.almasb.fxgl.io.FileSystemService, class com.almasb.fxgl.localization.LocalizationService, class com.almasb.fxgl.app.services.AssetLoaderService, class com.almasb.fxgl.app.services.SystemBundleService, class com.almasb.fxgl.profile.SaveLoadService, class com.almasb.fxgl.ui.FXGLUIFactoryServiceProvider, class com.almasb.fxgl.ui.FXGLDialogFactoryServiceProvider, class com.almasb.fxgl.audio.AudioPlayer, class com.almasb.fxgl.notification.impl.NotificationServiceProvider, class com.almasb.fxgl.achievement.AchievementService, class com.almasb.fxgl.cutscene.CutsceneService, class com.almasb.fxgl.minigames.MiniGameService, class com.almasb.fxgl.net.NetService, class com.almasb.fxgl.app.services.UpdaterService]
18:12:28.378 [FXGL Background Thread 2 ] DEBUG Engine               - globalMusicVolume: 0.5
18:12:28.378 [FXGL Background Thread 2 ] DEBUG Engine               - width: 640
18:12:28.378 [FXGL Background Thread 2 ] DEBUG Engine               - saveFileExt: sav
18:12:28.378 [FXGL Background Thread 2 ] DEBUG Engine               - isAndroid: false
18:12:28.378 [FXGL Background Thread 2 ] DEBUG Engine               - fontUI: VarelaRound-Regular.ttf
18:12:28.378 [FXGL Background Thread 2 ] DEBUG Engine               - enabledMenuItems: []
18:12:28.378 [FXGL Background Thread 2 ] DEBUG Engine               - isIOS: false
18:12:28.378 [FXGL Background Thread 2 ] DEBUG Engine               - Logging services
18:12:28.378 [FXGL Background Thread 2 ] DEBUG Engine               - class com.almasb.fxgl.app.GameApplication$GameApplicationService
18:12:28.378 [FXGL Background Thread 2 ] DEBUG Engine               - class com.almasb.fxgl.app.services.WindowService
18:12:28.378 [FXGL Background Thread 2 ] DEBUG Engine               - class com.almasb.fxgl.app.services.FXGLDialogService
18:12:28.378 [FXGL Background Thread 2 ] DEBUG Engine               - class com.almasb.fxgl.app.services.IOTaskExecutorService
18:12:28.379 [FXGL Background Thread 2 ] DEBUG Engine               - class com.almasb.fxgl.event.EventBusService
18:12:28.379 [FXGL Background Thread 2 ] DEBUG Engine               - class com.almasb.fxgl.io.FileSystemService
18:12:28.379 [FXGL Background Thread 2 ] DEBUG Engine               - class com.almasb.fxgl.localization.LocalizationService
18:12:28.379 [FXGL Background Thread 2 ] DEBUG Engine               - class com.almasb.fxgl.app.services.AssetLoaderService
18:12:28.379 [FXGL Background Thread 2 ] DEBUG Engine               - class com.almasb.fxgl.app.services.SystemBundleService
18:12:28.379 [FXGL Background Thread 2 ] DEBUG Engine               - class com.almasb.fxgl.profile.SaveLoadService
18:12:28.379 [FXGL Background Thread 2 ] DEBUG Engine               - class com.almasb.fxgl.ui.FXGLUIFactoryServiceProvider
18:12:28.379 [FXGL Background Thread 2 ] DEBUG Engine               - class com.almasb.fxgl.ui.FXGLDialogFactoryServiceProvider
18:12:28.379 [FXGL Background Thread 2 ] DEBUG Engine               - class com.almasb.fxgl.audio.AudioPlayer
18:12:28.379 [FXGL Background Thread 2 ] DEBUG Engine               - class com.almasb.fxgl.notification.impl.NotificationServiceProvider
18:12:28.379 [FXGL Background Thread 2 ] DEBUG Engine               - class com.almasb.fxgl.achievement.AchievementService
18:12:28.379 [FXGL Background Thread 2 ] DEBUG Engine               - class com.almasb.fxgl.cutscene.CutsceneService
18:12:28.379 [FXGL Background Thread 2 ] DEBUG Engine               - class com.almasb.fxgl.minigames.MiniGameService
18:12:28.379 [FXGL Background Thread 2 ] DEBUG Engine               - class com.almasb.fxgl.net.NetService
18:12:28.379 [FXGL Background Thread 2 ] DEBUG Engine               - class com.almasb.fxgl.app.services.UpdaterService
18:12:28.453 [JavaFX Application Thread] DEBUG AssetLoaderService   - Loading from file system: /assets/sounds/bump.wav
18:12:28.501 [JavaFX Application Thread] DEBUG AssetLoaderService   - Loading from cache: /assets/sounds/bump.wav
18:12:28.549 [JavaFX Application Thread] DEBUG AssetLoaderService   - Loading from cache: /assets/sounds/bump.wav
18:12:28.597 [JavaFX Application Thread] DEBUG AssetLoaderService   - Loading from cache: /assets/sounds/bump.wav
18:12:30.278 [JavaFX Application Thread] DEBUG AssetLoaderService   - Loading from cache: /assets/sounds/bump.wav
18:12:31.941 [JavaFX Application Thread] DEBUG AssetLoaderService   - Loading from cache: /assets/sounds/bump.wav
18:12:37.637 [JavaFX Application Thread] DEBUG AssetLoaderService   - Loading from cache: /assets/sounds/bump.wav
18:12:40.325 [JavaFX Application Thread] DEBUG AssetLoaderService   - Loading from cache: /assets/sounds/bump.wav
18:12:42.725 [JavaFX Application Thread] DEBUG AssetLoaderService   - Loading from cache: /assets/sounds/bump.wav
18:12:56.405 [JavaFX Application Thread] DEBUG AssetLoaderService   - Loading from cache: /assets/sounds/bump.wav
18:12:57.445 [JavaFX Application Thread] DEBUG AssetLoaderService   - Loading from cache: /assets/sounds/bump.wav
18:12:58.149 [JavaFX Application Thread] DEBUG AssetLoaderService   - Loading from cache: /assets/sounds/bump.wav
18:12:58.725 [JavaFX Application Thread] DEBUG AssetLoaderService   - Loading from cache: /assets/sounds/bump.wav
18:13:00.053 [JavaFX Application Thread] DEBUG AssetLoaderService   - Loading from cache: /assets/sounds/bump.wav
18:13:00.645 [JavaFX Application Thread] DEBUG AssetLoaderService   - Loading from cache: /assets/sounds/bump.wav
18:13:03.477 [JavaFX Application Thread] DEBUG AssetLoaderService   - Loading from cache: /assets/sounds/bump.wav
18:13:05.205 [JavaFX Application Thread] DEBUG AssetLoaderService   - Loading from cache: /assets/sounds/bump.wav
18:13:05.269 [JavaFX Application Thread] DEBUG AssetLoaderService   - Loading from cache: /assets/sounds/bump.wav
18:13:05.749 [JavaFX Application Thread] DEBUG AssetLoaderService   - Loading from cache: /assets/sounds/bump.wav
18:13:06.357 [JavaFX Application Thread] DEBUG AssetLoaderService   - Loading from cache: /assets/sounds/bump.wav
18:13:07.029 [JavaFX Application Thread] DEBUG AssetLoaderService   - Loading from cache: /assets/sounds/bump.wav
18:13:07.286 [JavaFX Application Thread] DEBUG AssetLoaderService   - Loading from cache: /assets/sounds/bump.wav
18:13:07.845 [JavaFX Application Thread] DEBUG AssetLoaderService   - Loading from cache: /assets/sounds/bump.wav
18:13:08.069 [JavaFX Application Thread] DEBUG AssetLoaderService   - Loading from cache: /assets/sounds/bump.wav
18:13:08.373 [JavaFX Application Thread] DEBUG AssetLoaderService   - Loading from cache: /assets/sounds/bump.wav
18:13:08.517 [JavaFX Application Thread] DEBUG AssetLoaderService   - Loading from cache: /assets/sounds/bump.wav
18:13:08.693 [JavaFX Application Thread] DEBUG AssetLoaderService   - Loading from cache: /assets/sounds/bump.wav
18:13:08.869 [JavaFX Application Thread] DEBUG AssetLoaderService   - Loading from cache: /assets/sounds/bump.wav
18:13:09.077 [JavaFX Application Thread] DEBUG AssetLoaderService   - Loading from cache: /assets/sounds/bump.wav
18:13:09.285 [JavaFX Application Thread] DEBUG AssetLoaderService   - Loading from cache: /assets/sounds/bump.wav
18:13:09.509 [JavaFX Application Thread] DEBUG AssetLoaderService   - Loading from cache: /assets/sounds/bump.wav
18:13:10.181 [JavaFX Application Thread] DEBUG AssetLoaderService   - Loading from cache: /assets/sounds/bump.wav
18:13:10.453 [JavaFX Application Thread] DEBUG AssetLoaderService   - Loading from cache: /assets/sounds/bump.wav
18:13:10.581 [JavaFX Application Thread] DEBUG AssetLoaderService   - Loading from cache: /assets/sounds/bump.wav
18:13:10.725 [JavaFX Application Thread] DEBUG AssetLoaderService   - Loading from cache: /assets/sounds/bump.wav
18:13:11.045 [JavaFX Application Thread] DEBUG AssetLoaderService   - Loading from cache: /assets/sounds/bump.wav
18:13:11.205 [JavaFX Application Thread] DEBUG AssetLoaderService   - Loading from cache: /assets/sounds/bump.wav
18:13:11.349 [JavaFX Application Thread] DEBUG AssetLoaderService   - Loading from cache: /assets/sounds/bump.wav
18:13:11.493 [JavaFX Application Thread] DEBUG AssetLoaderService   - Loading from cache: /assets/sounds/bump.wav
18:13:11.653 [JavaFX Application Thread] DEBUG AssetLoaderService   - Loading from cache: /assets/sounds/bump.wav
18:13:11.797 [JavaFX Application Thread] DEBUG AssetLoaderService   - Loading from cache: /assets/sounds/bump.wav
18:13:11.941 [JavaFX Application Thread] DEBUG AssetLoaderService   - Loading from cache: /assets/sounds/bump.wav
18:13:12.101 [JavaFX Application Thread] DEBUG AssetLoaderService   - Loading from cache: /assets/sounds/bump.wav
18:13:12.229 [JavaFX Application Thread] DEBUG AssetLoaderService   - Loading from cache: /assets/sounds/bump.wav
18:13:12.389 [JavaFX Application Thread] DEBUG AssetLoaderService   - Loading from cache: /assets/sounds/bump.wav
18:13:12.517 [JavaFX Application Thread] DEBUG AssetLoaderService   - Loading from cache: /assets/sounds/bump.wav
18:13:12.661 [JavaFX Application Thread] DEBUG AssetLoaderService   - Loading from cache: /assets/sounds/bump.wav
18:13:12.805 [JavaFX Application Thread] DEBUG AssetLoaderService   - Loading from cache: /assets/sounds/bump.wav
18:13:12.950 [JavaFX Application Thread] DEBUG AssetLoaderService   - Loading from cache: /assets/sounds/bump.wav
18:13:13.125 [JavaFX Application Thread] DEBUG AssetLoaderService   - Loading from cache: /assets/sounds/bump.wav
18:13:13.381 [JavaFX Application Thread] DEBUG AssetLoaderService   - Loading from cache: /assets/sounds/bump.wav
18:13:13.573 [JavaFX Application Thread] DEBUG AssetLoaderService   - Loading from cache: /assets/sounds/bump.wav
18:13:13.717 [JavaFX Application Thread] DEBUG AssetLoaderService   - Loading from cache: /assets/sounds/bump.wav
18:13:13.861 [JavaFX Application Thread] DEBUG AssetLoaderService   - Loading from cache: /assets/sounds/bump.wav
18:13:14.229 [JavaFX Application Thread] DEBUG AssetLoaderService   - Loading from cache: /assets/sounds/bump.wav
18:13:14.406 [JavaFX Application Thread] DEBUG AssetLoaderService   - Loading from cache: /assets/sounds/bump.wav
18:13:14.549 [JavaFX Application Thread] DEBUG AssetLoaderService   - Loading from cache: /assets/sounds/bump.wav
18:13:14.709 [JavaFX Application Thread] DEBUG AssetLoaderService   - Loading from cache: /assets/sounds/bump.wav
18:13:14.981 [JavaFX Application Thread] DEBUG AssetLoaderService   - Loading from cache: /assets/sounds/bump.wav
18:13:15.237 [JavaFX Application Thread] DEBUG AssetLoaderService   - Loading from cache: /assets/sounds/bump.wav
18:13:15.365 [JavaFX Application Thread] DEBUG AssetLoaderService   - Loading from cache: /assets/sounds/bump.wav
18:13:15.525 [JavaFX Application Thread] DEBUG AssetLoaderService   - Loading from cache: /assets/sounds/bump.wav
18:13:15.861 [JavaFX Application Thread] DEBUG AssetLoaderService   - Loading from cache: /assets/sounds/bump.wav
18:13:16.037 [JavaFX Application Thread] DEBUG AssetLoaderService   - Loading from cache: /assets/sounds/bump.wav
18:13:16.197 [JavaFX Application Thread] DEBUG AssetLoaderService   - Loading from cache: /assets/sounds/bump.wav
18:13:19.286 [JavaFX Application Thread] DEBUG AssetLoaderService   - Loading from cache: /assets/sounds/bump.wav
18:13:19.941 [JavaFX Application Thread] DEBUG AssetLoaderService   - Loading from cache: /assets/sounds/bump.wav
18:13:20.997 [JavaFX Application Thread] DEBUG AssetLoaderService   - Loading from cache: /assets/sounds/bump.wav
18:13:22.933 [JavaFX Application Thread] DEBUG AssetLoaderService   - Loading from cache: /assets/sounds/bump.wav
18:13:23.605 [JavaFX Application Thread] DEBUG AssetLoaderService   - Loading from cache: /assets/sounds/bump.wav
18:13:24.310 [JavaFX Application Thread] DEBUG AssetLoaderService   - Loading from cache: /assets/sounds/bump.wav
18:13:24.805 [JavaFX Application Thread] DEBUG AssetLoaderService   - Loading from cache: /assets/sounds/bump.wav
18:13:24.869 [JavaFX Application Thread] DEBUG AssetLoaderService   - Loading from cache: /assets/sounds/bump.wav
18:13:25.701 [JavaFX Application Thread] DEBUG AssetLoaderService   - Loading from cache: /assets/sounds/bump.wav
18:13:26.901 [JavaFX Application Thread] DEBUG AssetLoaderService   - Loading from cache: /assets/sounds/bump.wav
18:13:29.861 [JavaFX Application Thread] DEBUG AssetLoaderService   - Loading from cache: /assets/sounds/bump.wav
18:13:31.429 [JavaFX Application Thread] DEBUG AssetLoaderService   - Loading from cache: /assets/sounds/bump.wav
18:13:32.677 [JavaFX Application Thread] DEBUG AssetLoaderService   - Loading from cache: /assets/sounds/bump.wav
18:13:36.549 [JavaFX Application Thread] DEBUG AssetLoaderService   - Loading from cache: /assets/sounds/bump.wav
18:13:37.573 [JavaFX Application Thread] DEBUG AssetLoaderService   - Loading from cache: /assets/sounds/bump.wav
18:13:44.325 [JavaFX Application Thread] DEBUG AssetLoaderService   - Loading from cache: /assets/sounds/bump.wav
18:13:51.173 [JavaFX Application Thread] DEBUG AssetLoaderService   - Loading from cache: /assets/sounds/bump.wav
18:13:54.741 [JavaFX Application Thread] DEBUG AssetLoaderService   - Loading from cache: /assets/sounds/bump.wav
18:14:10.322 [JavaFX Application Thread] DEBUG GameApplication      - Exiting FXGL
18:14:10.322 [JavaFX Application Thread] DEBUG LoopRunner           - Stopping loop
18:14:10.322 [JavaFX Application Thread] DEBUG SystemBundleService  - Saving FXGL system data
18:14:10.323 [JavaFX Application Thread] DEBUG FileSystemAccess     - Writing to: C:\Users\Adam Cunard\git\FriendMaker2077-07-03\Project\system\fxgl.bundle
18:14:10.324 [JavaFX Application Thread] DEBUG GameApplication      - Shutting down background threads
18:14:10.324 [JavaFX Application Thread] DEBUG GameApplication      - Closing logger and exiting JavaFX
