12:26:53.967 [JavaFX Application Thread] DEBUG GameApplication      - Logger initialized
12:26:53.975 [JavaFX Application Thread] DEBUG GameApplication      - Logging settings
Title: Basic Game App
Version: 0.1
Width: 640
Height: 640
Fullscreen: false
Intro: false
Menus: false
Profiling: false
Single step:false
App Mode: DEVELOPER
Menu Key: ESCAPE
Stage Style: DECORATED
Scene Factory: class com.almasb.fxgl.scene.SceneFactory
Dialog Factory: class com.almasb.fxgl.ui.FXGLDialogFactory
UI Factory: class com.almasb.fxgl.ui.FXGLUIFactory
Notification Service: class com.almasb.fxgl.gameplay.notification.XboxNotificationView
Exception Handler: class com.almasb.fxgl.app.FXGLExceptionHandler
12:26:53.975 [JavaFX Application Thread] DEBUG GameApplication      - Starting FXGL
12:26:53.982 [JavaFX Application Thread] INFO  FXGL                 - FXGL-0.5.4 on DESKTOP
12:26:53.983 [JavaFX Application Thread] INFO  FXGL                 - Source code and latest versions at: https://github.com/AlmasB/FXGL
12:26:53.983 [JavaFX Application Thread] INFO  FXGL                 -              Join the FXGL chat at: https://gitter.im/AlmasB/FXGL
12:26:53.983 [JavaFX Application Thread] DEBUG FXGL                 - FXGL started
12:26:53.983 [JavaFX Application Thread] DEBUG FXGL                 - Initializing FXGL
12:26:54.014 [JavaFX Application Thread] DEBUG AssetLoader          - Loading from disk: /assets/ui/cursors/fxgl_default.png
12:26:54.045 [JavaFX Application Thread] DEBUG AssetLoader          - Loading from disk: /assets/ui/fonts/VarelaRound-Regular.ttf
12:26:54.173 [JavaFX Application Thread] DEBUG MainWindow           - Creating a JavaFX scene
12:26:54.198 [JavaFX Application Thread] DEBUG MainWindow           - Target settings size: 640.0 x 640.0
12:26:54.198 [JavaFX Application Thread] DEBUG MainWindow           - Scaled scene size:    640.0 x 640.0
12:26:54.198 [JavaFX Application Thread] DEBUG MainWindow           - Scaled ratio: (1.0, 1.0)
12:26:54.200 [JavaFX Application Thread] DEBUG AssetLoader          - Loading from disk: /assets/ui/css/fxgl_dark.css
12:26:54.202 [JavaFX Application Thread] DEBUG AssetLoader          - Loading from disk: /assets/textures/fxgl_icon.png
12:26:54.216 [JavaFX Application Thread] DEBUG MainWindow           - Opening main window
12:26:54.300 [JavaFX Application Thread] DEBUG MainWindow           - Window border size: (16.0, 39.0)
12:26:54.301 [JavaFX Application Thread] DEBUG MainWindow           - Scaled size: 640.0 x 640.0
12:26:54.301 [JavaFX Application Thread] DEBUG MainWindow           - Scaled ratio: (1.0, 1.0)
12:26:54.301 [JavaFX Application Thread] DEBUG MainWindow           - Scene size: 640.0 x 640.0
12:26:54.301 [JavaFX Application Thread] DEBUG MainWindow           - Stage size: 656.0 x 679.0
12:26:54.316 [ForkJoinPool.commonPool-worker-19] DEBUG FS                   - Loaded DesktopFSService
12:26:54.317 [ForkJoinPool.commonPool-worker-19] DEBUG FXGL                 - Loading FXGL system data
12:26:54.321 [ForkJoinPool.commonPool-worker-19] DEBUG DesktopFSService     - Reading from: system\fxgl.bundle
12:26:54.328 [ForkJoinPool.commonPool-worker-19] DEBUG Bundle               - Logging bundle: FXGL
12:26:54.328 [ForkJoinPool.commonPool-worker-19] DEBUG Bundle               - FXGL.offline.timer.version.check=2020-03-04T20:18:36.122706300
12:26:54.329 [ForkJoinPool.commonPool-worker-19] DEBUG FXGL                 - Initializing state machine and application states
12:26:54.329 [ForkJoinPool.commonPool-worker-19] DEBUG AssetLoader          - Loading from disk: /assets/ui/cursors/fxgl_default.png
12:26:54.333 [ForkJoinPool.commonPool-worker-19] DEBUG AssetLoader          - Loading from disk: /assets/ui/cursors/fxgl_default.png
12:26:54.338 [ForkJoinPool.commonPool-worker-19] DEBUG AssetLoader          - Loading from cache: /assets/ui/fonts/VarelaRound-Regular.ttf
12:26:54.340 [ForkJoinPool.commonPool-worker-19] DEBUG AssetLoader          - Loading from disk: /assets/ui/cursors/fxgl_default.png
12:26:54.341 [ForkJoinPool.commonPool-worker-19] DEBUG GameScene            - Game scene initialized: 640x640
12:26:54.344 [ForkJoinPool.commonPool-worker-19] DEBUG GameWorld            - Game world initialized
12:26:54.367 [ForkJoinPool.commonPool-worker-19] DEBUG PhysicsWorld         - Physics world initialized: appHeight=640, physics.ppm=50.0
12:26:54.378 [ForkJoinPool.commonPool-worker-19] DEBUG Input                - Registered new binding: Pause - Esc
12:26:54.398 [JavaFX Application Thread] DEBUG FXGL                 - Running preInit()
12:26:54.399 [JavaFX Application Thread] DEBUG Input                - Registered new binding: Screenshot - P
12:26:54.399 [JavaFX Application Thread] DEBUG Input                - Registered new binding: Dev Options - CTRL+0
12:26:54.399 [JavaFX Application Thread] DEBUG Input                - Registered new binding: System info dump - CTRL+9
12:26:54.400 [JavaFX Application Thread] DEBUG Input                - Registered new binding: Restart - CTRL+R
12:26:54.400 [JavaFX Application Thread] DEBUG Input                - Registered new binding: Move Right - D
12:26:54.400 [JavaFX Application Thread] DEBUG Input                - Registered new binding: Move Left - A
12:26:54.400 [JavaFX Application Thread] DEBUG Input                - Registered new binding: Move Up - W
12:26:54.400 [JavaFX Application Thread] DEBUG Input                - Registered new binding: Move Down - S
12:26:54.400 [JavaFX Application Thread] DEBUG Input                - Registered new binding: Play Sound - F
12:26:54.401 [JavaFX Application Thread] INFO  FXGL                 - FXGL initialization took: 0.417 sec
12:26:54.401 [JavaFX Application Thread] DEBUG LoopRunner           - Starting loop
12:26:54.405 [JavaFX Application Thread] DEBUG StartupState         - STARTUP
12:26:54.405 [JavaFX Application Thread] DEBUG GameApplication      - Starting new game
12:26:54.405 [JavaFX Application Thread] DEBUG Input                - Clearing active input actions
12:26:54.406 [JavaFX Application Thread] DEBUG AssetLoader          - Loading from disk: /assets/ui/css/fxgl_dark.css
12:26:54.411 [JavaFX Application Thread] DEBUG AppStateMachine      - StartupState -> LoadingState
12:26:54.414 [FXGL Background Thread 1 ] DEBUG InitAppTask          - Clearing previous game
12:26:54.414 [FXGL Background Thread 1 ] DEBUG GameWorld            - Clearing game world
12:26:54.414 [FXGL Background Thread 1 ] DEBUG PhysicsWorld         - Clearing physics world
12:26:54.414 [FXGL Background Thread 1 ] DEBUG GameScene            - Clearing game scene
12:26:54.415 [FXGL Background Thread 1 ] DEBUG InitAppTask          - Initializing Game
12:26:54.426 [FXGL Background Thread 1 ] DEBUG AssetLoader          - Loading from disk: /assets/tmx/level1.tmx
12:26:54.441 [FXGL Background Thread 1 ] WARN  TMXParser            - TiledMap generated from 1.3.3. Supported version: 1.1.2. Some features may not be parsed fully.
12:26:54.450 [FXGL Background Thread 1 ] DEBUG GameWorld            - Clearing removable entities
12:26:54.450 [FXGL Background Thread 1 ] DEBUG GameWorld            - Setting level from map
12:26:54.460 [FXGL Background Thread 1 ] DEBUG AssetLoader          - Loading from disk: /assets/textures/SPRITESHEET.png
12:26:54.469 [FXGL Background Thread 1 ] DEBUG AssetLoader          - Loading from cache: /assets/textures/SPRITESHEET.png
12:26:54.469 [FXGL Background Thread 1 ] DEBUG AssetLoader          - Loading from cache: /assets/textures/SPRITESHEET.png
12:26:54.470 [FXGL Background Thread 1 ] DEBUG AssetLoader          - Loading from cache: /assets/textures/SPRITESHEET.png
12:26:54.470 [FXGL Background Thread 1 ] DEBUG AssetLoader          - Loading from cache: /assets/textures/SPRITESHEET.png
12:26:54.470 [FXGL Background Thread 1 ] DEBUG AssetLoader          - Loading from cache: /assets/textures/SPRITESHEET.png
12:26:54.470 [FXGL Background Thread 1 ] DEBUG AssetLoader          - Loading from cache: /assets/textures/SPRITESHEET.png
12:26:54.470 [FXGL Background Thread 1 ] DEBUG AssetLoader          - Loading from cache: /assets/textures/SPRITESHEET.png
12:26:54.470 [FXGL Background Thread 1 ] DEBUG AssetLoader          - Loading from cache: /assets/textures/SPRITESHEET.png
12:26:54.470 [FXGL Background Thread 1 ] DEBUG AssetLoader          - Loading from cache: /assets/textures/SPRITESHEET.png
12:26:54.470 [FXGL Background Thread 1 ] DEBUG AssetLoader          - Loading from cache: /assets/textures/SPRITESHEET.png
12:26:54.470 [FXGL Background Thread 1 ] DEBUG AssetLoader          - Loading from cache: /assets/textures/SPRITESHEET.png
12:26:54.471 [FXGL Background Thread 1 ] DEBUG AssetLoader          - Loading from cache: /assets/textures/SPRITESHEET.png
12:26:54.471 [FXGL Background Thread 1 ] DEBUG AssetLoader          - Loading from cache: /assets/textures/SPRITESHEET.png
12:26:54.471 [FXGL Background Thread 1 ] DEBUG AssetLoader          - Loading from cache: /assets/textures/SPRITESHEET.png
12:26:54.471 [FXGL Background Thread 1 ] DEBUG AssetLoader          - Loading from cache: /assets/textures/SPRITESHEET.png
12:26:54.471 [FXGL Background Thread 1 ] DEBUG AssetLoader          - Loading from cache: /assets/textures/SPRITESHEET.png
12:26:54.471 [FXGL Background Thread 1 ] DEBUG AssetLoader          - Loading from cache: /assets/textures/SPRITESHEET.png
12:26:54.471 [FXGL Background Thread 1 ] DEBUG AssetLoader          - Loading from cache: /assets/textures/SPRITESHEET.png
12:26:54.471 [FXGL Background Thread 1 ] DEBUG AssetLoader          - Loading from cache: /assets/textures/SPRITESHEET.png
12:26:54.471 [FXGL Background Thread 1 ] DEBUG AssetLoader          - Loading from cache: /assets/textures/SPRITESHEET.png
12:26:54.471 [FXGL Background Thread 1 ] DEBUG AssetLoader          - Loading from cache: /assets/textures/SPRITESHEET.png
12:26:54.472 [FXGL Background Thread 1 ] DEBUG AssetLoader          - Loading from cache: /assets/textures/SPRITESHEET.png
12:26:54.472 [FXGL Background Thread 1 ] DEBUG AssetLoader          - Loading from cache: /assets/textures/SPRITESHEET.png
12:26:54.472 [FXGL Background Thread 1 ] DEBUG AssetLoader          - Loading from cache: /assets/textures/SPRITESHEET.png
12:26:54.472 [FXGL Background Thread 1 ] DEBUG AssetLoader          - Loading from cache: /assets/textures/SPRITESHEET.png
12:26:54.472 [FXGL Background Thread 1 ] DEBUG AssetLoader          - Loading from cache: /assets/textures/SPRITESHEET.png
12:26:54.472 [FXGL Background Thread 1 ] DEBUG AssetLoader          - Loading from cache: /assets/textures/SPRITESHEET.png
12:26:54.472 [FXGL Background Thread 1 ] DEBUG AssetLoader          - Loading from cache: /assets/textures/SPRITESHEET.png
12:26:54.473 [FXGL Background Thread 1 ] DEBUG AssetLoader          - Loading from cache: /assets/textures/SPRITESHEET.png
12:26:54.473 [FXGL Background Thread 1 ] DEBUG AssetLoader          - Loading from cache: /assets/textures/SPRITESHEET.png
12:26:54.473 [FXGL Background Thread 1 ] DEBUG AssetLoader          - Loading from cache: /assets/textures/SPRITESHEET.png
12:26:54.473 [FXGL Background Thread 1 ] DEBUG AssetLoader          - Loading from cache: /assets/textures/SPRITESHEET.png
12:26:54.473 [FXGL Background Thread 1 ] DEBUG AssetLoader          - Loading from cache: /assets/textures/SPRITESHEET.png
12:26:54.473 [FXGL Background Thread 1 ] DEBUG AssetLoader          - Loading from cache: /assets/textures/SPRITESHEET.png
12:26:54.473 [FXGL Background Thread 1 ] DEBUG AssetLoader          - Loading from cache: /assets/textures/SPRITESHEET.png
12:26:54.473 [FXGL Background Thread 1 ] DEBUG AssetLoader          - Loading from cache: /assets/textures/SPRITESHEET.png
12:26:54.473 [FXGL Background Thread 1 ] DEBUG AssetLoader          - Loading from cache: /assets/textures/SPRITESHEET.png
12:26:54.473 [FXGL Background Thread 1 ] DEBUG AssetLoader          - Loading from cache: /assets/textures/SPRITESHEET.png
12:26:54.474 [FXGL Background Thread 1 ] DEBUG AssetLoader          - Loading from cache: /assets/textures/SPRITESHEET.png
12:26:54.474 [FXGL Background Thread 1 ] DEBUG AssetLoader          - Loading from cache: /assets/textures/SPRITESHEET.png
12:26:54.474 [FXGL Background Thread 1 ] DEBUG AssetLoader          - Loading from cache: /assets/textures/SPRITESHEET.png
12:26:54.474 [FXGL Background Thread 1 ] DEBUG AssetLoader          - Loading from cache: /assets/textures/SPRITESHEET.png
12:26:54.474 [FXGL Background Thread 1 ] DEBUG AssetLoader          - Loading from cache: /assets/textures/SPRITESHEET.png
12:26:54.474 [FXGL Background Thread 1 ] DEBUG AssetLoader          - Loading from cache: /assets/textures/SPRITESHEET.png
12:26:54.474 [FXGL Background Thread 1 ] DEBUG AssetLoader          - Loading from cache: /assets/textures/SPRITESHEET.png
12:26:54.474 [FXGL Background Thread 1 ] DEBUG AssetLoader          - Loading from cache: /assets/textures/SPRITESHEET.png
12:26:54.474 [FXGL Background Thread 1 ] DEBUG AssetLoader          - Loading from cache: /assets/textures/SPRITESHEET.png
12:26:54.475 [FXGL Background Thread 1 ] DEBUG AssetLoader          - Loading from cache: /assets/textures/SPRITESHEET.png
12:26:54.475 [FXGL Background Thread 1 ] DEBUG AssetLoader          - Loading from cache: /assets/textures/SPRITESHEET.png
12:26:54.475 [FXGL Background Thread 1 ] DEBUG AssetLoader          - Loading from cache: /assets/textures/SPRITESHEET.png
12:26:54.475 [FXGL Background Thread 1 ] DEBUG AssetLoader          - Loading from cache: /assets/textures/SPRITESHEET.png
12:26:54.475 [FXGL Background Thread 1 ] DEBUG AssetLoader          - Loading from cache: /assets/textures/SPRITESHEET.png
12:26:54.475 [FXGL Background Thread 1 ] DEBUG AssetLoader          - Loading from cache: /assets/textures/SPRITESHEET.png
12:26:54.475 [FXGL Background Thread 1 ] DEBUG AssetLoader          - Loading from cache: /assets/textures/SPRITESHEET.png
12:26:54.475 [FXGL Background Thread 1 ] DEBUG AssetLoader          - Loading from cache: /assets/textures/SPRITESHEET.png
12:26:54.475 [FXGL Background Thread 1 ] DEBUG AssetLoader          - Loading from cache: /assets/textures/SPRITESHEET.png
12:26:54.475 [FXGL Background Thread 1 ] DEBUG AssetLoader          - Loading from cache: /assets/textures/SPRITESHEET.png
12:26:54.476 [FXGL Background Thread 1 ] DEBUG AssetLoader          - Loading from cache: /assets/textures/SPRITESHEET.png
12:26:54.476 [FXGL Background Thread 1 ] DEBUG AssetLoader          - Loading from cache: /assets/textures/SPRITESHEET.png
12:26:54.476 [FXGL Background Thread 1 ] DEBUG AssetLoader          - Loading from cache: /assets/textures/SPRITESHEET.png
12:26:54.476 [FXGL Background Thread 1 ] DEBUG AssetLoader          - Loading from cache: /assets/textures/SPRITESHEET.png
12:26:54.476 [FXGL Background Thread 1 ] DEBUG AssetLoader          - Loading from cache: /assets/textures/SPRITESHEET.png
12:26:54.476 [FXGL Background Thread 1 ] DEBUG AssetLoader          - Loading from cache: /assets/textures/SPRITESHEET.png
12:26:54.476 [FXGL Background Thread 1 ] DEBUG AssetLoader          - Loading from cache: /assets/textures/SPRITESHEET.png
12:26:54.476 [FXGL Background Thread 1 ] DEBUG AssetLoader          - Loading from cache: /assets/textures/SPRITESHEET.png
12:26:54.477 [FXGL Background Thread 1 ] DEBUG AssetLoader          - Loading from cache: /assets/textures/SPRITESHEET.png
12:26:54.477 [FXGL Background Thread 1 ] DEBUG AssetLoader          - Loading from cache: /assets/textures/SPRITESHEET.png
12:26:54.477 [FXGL Background Thread 1 ] DEBUG AssetLoader          - Loading from cache: /assets/textures/SPRITESHEET.png
12:26:54.477 [FXGL Background Thread 1 ] DEBUG AssetLoader          - Loading from cache: /assets/textures/SPRITESHEET.png
12:26:54.477 [FXGL Background Thread 1 ] DEBUG AssetLoader          - Loading from cache: /assets/textures/SPRITESHEET.png
12:26:54.477 [FXGL Background Thread 1 ] DEBUG AssetLoader          - Loading from cache: /assets/textures/SPRITESHEET.png
12:26:54.477 [FXGL Background Thread 1 ] DEBUG AssetLoader          - Loading from cache: /assets/textures/SPRITESHEET.png
12:26:54.477 [FXGL Background Thread 1 ] DEBUG AssetLoader          - Loading from cache: /assets/textures/SPRITESHEET.png
12:26:54.477 [FXGL Background Thread 1 ] DEBUG AssetLoader          - Loading from cache: /assets/textures/SPRITESHEET.png
12:26:54.477 [FXGL Background Thread 1 ] DEBUG AssetLoader          - Loading from cache: /assets/textures/SPRITESHEET.png
12:26:54.478 [FXGL Background Thread 1 ] DEBUG AssetLoader          - Loading from cache: /assets/textures/SPRITESHEET.png
12:26:54.478 [FXGL Background Thread 1 ] DEBUG AssetLoader          - Loading from cache: /assets/textures/SPRITESHEET.png
12:26:54.478 [FXGL Background Thread 1 ] DEBUG AssetLoader          - Loading from cache: /assets/textures/SPRITESHEET.png
12:26:54.478 [FXGL Background Thread 1 ] DEBUG AssetLoader          - Loading from cache: /assets/textures/SPRITESHEET.png
12:26:54.478 [FXGL Background Thread 1 ] DEBUG AssetLoader          - Loading from cache: /assets/textures/SPRITESHEET.png
12:26:54.478 [FXGL Background Thread 1 ] DEBUG AssetLoader          - Loading from cache: /assets/textures/SPRITESHEET.png
12:26:54.478 [FXGL Background Thread 1 ] DEBUG AssetLoader          - Loading from cache: /assets/textures/SPRITESHEET.png
12:26:54.478 [FXGL Background Thread 1 ] DEBUG AssetLoader          - Loading from cache: /assets/textures/SPRITESHEET.png
12:26:54.478 [FXGL Background Thread 1 ] DEBUG AssetLoader          - Loading from cache: /assets/textures/SPRITESHEET.png
12:26:54.478 [FXGL Background Thread 1 ] DEBUG AssetLoader          - Loading from cache: /assets/textures/SPRITESHEET.png
12:26:54.478 [FXGL Background Thread 1 ] DEBUG AssetLoader          - Loading from cache: /assets/textures/SPRITESHEET.png
12:26:54.479 [FXGL Background Thread 1 ] DEBUG AssetLoader          - Loading from cache: /assets/textures/SPRITESHEET.png
12:26:54.479 [FXGL Background Thread 1 ] DEBUG AssetLoader          - Loading from cache: /assets/textures/SPRITESHEET.png
12:26:54.479 [FXGL Background Thread 1 ] DEBUG AssetLoader          - Loading from cache: /assets/textures/SPRITESHEET.png
12:26:54.479 [FXGL Background Thread 1 ] DEBUG AssetLoader          - Loading from cache: /assets/textures/SPRITESHEET.png
12:26:54.479 [FXGL Background Thread 1 ] DEBUG AssetLoader          - Loading from cache: /assets/textures/SPRITESHEET.png
12:26:54.479 [FXGL Background Thread 1 ] DEBUG AssetLoader          - Loading from cache: /assets/textures/SPRITESHEET.png
12:26:54.479 [FXGL Background Thread 1 ] DEBUG AssetLoader          - Loading from cache: /assets/textures/SPRITESHEET.png
12:26:54.479 [FXGL Background Thread 1 ] DEBUG AssetLoader          - Loading from cache: /assets/textures/SPRITESHEET.png
12:26:54.479 [FXGL Background Thread 1 ] DEBUG AssetLoader          - Loading from cache: /assets/textures/SPRITESHEET.png
12:26:54.479 [FXGL Background Thread 1 ] DEBUG AssetLoader          - Loading from cache: /assets/textures/SPRITESHEET.png
12:26:54.480 [FXGL Background Thread 1 ] DEBUG AssetLoader          - Loading from cache: /assets/textures/SPRITESHEET.png
12:26:54.480 [FXGL Background Thread 1 ] DEBUG AssetLoader          - Loading from cache: /assets/textures/SPRITESHEET.png
12:26:54.480 [FXGL Background Thread 1 ] DEBUG AssetLoader          - Loading from cache: /assets/textures/SPRITESHEET.png
12:26:54.480 [FXGL Background Thread 1 ] DEBUG AssetLoader          - Loading from cache: /assets/textures/SPRITESHEET.png
12:26:54.480 [FXGL Background Thread 1 ] DEBUG AssetLoader          - Loading from cache: /assets/textures/SPRITESHEET.png
12:26:54.480 [FXGL Background Thread 1 ] DEBUG AssetLoader          - Loading from cache: /assets/textures/SPRITESHEET.png
12:26:54.480 [FXGL Background Thread 1 ] DEBUG AssetLoader          - Loading from cache: /assets/textures/SPRITESHEET.png
12:26:54.480 [FXGL Background Thread 1 ] DEBUG AssetLoader          - Loading from cache: /assets/textures/SPRITESHEET.png
12:26:54.480 [FXGL Background Thread 1 ] DEBUG AssetLoader          - Loading from cache: /assets/textures/SPRITESHEET.png
12:26:54.480 [FXGL Background Thread 1 ] DEBUG AssetLoader          - Loading from cache: /assets/textures/SPRITESHEET.png
12:26:54.481 [FXGL Background Thread 1 ] DEBUG AssetLoader          - Loading from cache: /assets/textures/SPRITESHEET.png
12:26:54.481 [FXGL Background Thread 1 ] DEBUG AssetLoader          - Loading from cache: /assets/textures/SPRITESHEET.png
12:26:54.481 [FXGL Background Thread 1 ] DEBUG AssetLoader          - Loading from cache: /assets/textures/SPRITESHEET.png
12:26:54.481 [FXGL Background Thread 1 ] DEBUG AssetLoader          - Loading from cache: /assets/textures/SPRITESHEET.png
12:26:54.481 [FXGL Background Thread 1 ] DEBUG AssetLoader          - Loading from cache: /assets/textures/SPRITESHEET.png
12:26:54.481 [FXGL Background Thread 1 ] DEBUG AssetLoader          - Loading from cache: /assets/textures/SPRITESHEET.png
12:26:54.481 [FXGL Background Thread 1 ] DEBUG AssetLoader          - Loading from cache: /assets/textures/SPRITESHEET.png
12:26:54.481 [FXGL Background Thread 1 ] DEBUG AssetLoader          - Loading from cache: /assets/textures/SPRITESHEET.png
12:26:54.481 [FXGL Background Thread 1 ] DEBUG AssetLoader          - Loading from cache: /assets/textures/SPRITESHEET.png
12:26:54.481 [FXGL Background Thread 1 ] DEBUG AssetLoader          - Loading from cache: /assets/textures/SPRITESHEET.png
12:26:54.482 [FXGL Background Thread 1 ] DEBUG AssetLoader          - Loading from cache: /assets/textures/SPRITESHEET.png
12:26:54.482 [FXGL Background Thread 1 ] DEBUG AssetLoader          - Loading from cache: /assets/textures/SPRITESHEET.png
12:26:54.482 [FXGL Background Thread 1 ] DEBUG AssetLoader          - Loading from cache: /assets/textures/SPRITESHEET.png
12:26:54.482 [FXGL Background Thread 1 ] DEBUG AssetLoader          - Loading from cache: /assets/textures/SPRITESHEET.png
12:26:54.482 [FXGL Background Thread 1 ] DEBUG AssetLoader          - Loading from cache: /assets/textures/SPRITESHEET.png
12:26:54.482 [FXGL Background Thread 1 ] DEBUG AssetLoader          - Loading from cache: /assets/textures/SPRITESHEET.png
12:26:54.482 [FXGL Background Thread 1 ] DEBUG AssetLoader          - Loading from cache: /assets/textures/SPRITESHEET.png
12:26:54.482 [FXGL Background Thread 1 ] DEBUG AssetLoader          - Loading from cache: /assets/textures/SPRITESHEET.png
12:26:54.482 [FXGL Background Thread 1 ] DEBUG AssetLoader          - Loading from cache: /assets/textures/SPRITESHEET.png
12:26:54.482 [FXGL Background Thread 1 ] DEBUG AssetLoader          - Loading from cache: /assets/textures/SPRITESHEET.png
12:26:54.483 [FXGL Background Thread 1 ] DEBUG AssetLoader          - Loading from cache: /assets/textures/SPRITESHEET.png
12:26:54.483 [FXGL Background Thread 1 ] DEBUG AssetLoader          - Loading from cache: /assets/textures/SPRITESHEET.png
12:26:54.483 [FXGL Background Thread 1 ] DEBUG AssetLoader          - Loading from cache: /assets/textures/SPRITESHEET.png
12:26:54.483 [FXGL Background Thread 1 ] DEBUG AssetLoader          - Loading from cache: /assets/textures/SPRITESHEET.png
12:26:54.483 [FXGL Background Thread 1 ] DEBUG AssetLoader          - Loading from cache: /assets/textures/SPRITESHEET.png
12:26:54.483 [FXGL Background Thread 1 ] DEBUG AssetLoader          - Loading from cache: /assets/textures/SPRITESHEET.png
12:26:54.483 [FXGL Background Thread 1 ] DEBUG AssetLoader          - Loading from cache: /assets/textures/SPRITESHEET.png
12:26:54.484 [FXGL Background Thread 1 ] DEBUG AssetLoader          - Loading from cache: /assets/textures/SPRITESHEET.png
12:26:54.484 [FXGL Background Thread 1 ] DEBUG AssetLoader          - Loading from cache: /assets/textures/SPRITESHEET.png
12:26:54.484 [FXGL Background Thread 1 ] DEBUG AssetLoader          - Loading from cache: /assets/textures/SPRITESHEET.png
12:26:54.484 [FXGL Background Thread 1 ] DEBUG AssetLoader          - Loading from cache: /assets/textures/SPRITESHEET.png
12:26:54.484 [FXGL Background Thread 1 ] DEBUG AssetLoader          - Loading from cache: /assets/textures/SPRITESHEET.png
12:26:54.484 [FXGL Background Thread 1 ] DEBUG AssetLoader          - Loading from cache: /assets/textures/SPRITESHEET.png
12:26:54.484 [FXGL Background Thread 1 ] DEBUG AssetLoader          - Loading from cache: /assets/textures/SPRITESHEET.png
12:26:54.484 [FXGL Background Thread 1 ] DEBUG AssetLoader          - Loading from cache: /assets/textures/SPRITESHEET.png
12:26:54.484 [FXGL Background Thread 1 ] DEBUG AssetLoader          - Loading from cache: /assets/textures/SPRITESHEET.png
12:26:54.484 [FXGL Background Thread 1 ] DEBUG AssetLoader          - Loading from cache: /assets/textures/SPRITESHEET.png
12:26:54.485 [FXGL Background Thread 1 ] DEBUG AssetLoader          - Loading from cache: /assets/textures/SPRITESHEET.png
12:26:54.485 [FXGL Background Thread 1 ] DEBUG AssetLoader          - Loading from cache: /assets/textures/SPRITESHEET.png
12:26:54.485 [FXGL Background Thread 1 ] DEBUG AssetLoader          - Loading from cache: /assets/textures/SPRITESHEET.png
12:26:54.485 [FXGL Background Thread 1 ] DEBUG AssetLoader          - Loading from cache: /assets/textures/SPRITESHEET.png
12:26:54.485 [FXGL Background Thread 1 ] DEBUG AssetLoader          - Loading from cache: /assets/textures/SPRITESHEET.png
12:26:54.485 [FXGL Background Thread 1 ] DEBUG AssetLoader          - Loading from cache: /assets/textures/SPRITESHEET.png
12:26:54.485 [FXGL Background Thread 1 ] DEBUG AssetLoader          - Loading from cache: /assets/textures/SPRITESHEET.png
12:26:54.485 [FXGL Background Thread 1 ] DEBUG AssetLoader          - Loading from cache: /assets/textures/SPRITESHEET.png
12:26:54.485 [FXGL Background Thread 1 ] DEBUG AssetLoader          - Loading from cache: /assets/textures/SPRITESHEET.png
12:26:54.486 [FXGL Background Thread 1 ] DEBUG AssetLoader          - Loading from cache: /assets/textures/SPRITESHEET.png
12:26:54.486 [FXGL Background Thread 1 ] DEBUG AssetLoader          - Loading from cache: /assets/textures/SPRITESHEET.png
12:26:54.486 [FXGL Background Thread 1 ] DEBUG AssetLoader          - Loading from cache: /assets/textures/SPRITESHEET.png
12:26:54.486 [FXGL Background Thread 1 ] DEBUG AssetLoader          - Loading from cache: /assets/textures/SPRITESHEET.png
12:26:54.486 [FXGL Background Thread 1 ] DEBUG AssetLoader          - Loading from cache: /assets/textures/SPRITESHEET.png
12:26:54.486 [FXGL Background Thread 1 ] DEBUG AssetLoader          - Loading from cache: /assets/textures/SPRITESHEET.png
12:26:54.486 [FXGL Background Thread 1 ] DEBUG AssetLoader          - Loading from cache: /assets/textures/SPRITESHEET.png
12:26:54.486 [FXGL Background Thread 1 ] DEBUG AssetLoader          - Loading from cache: /assets/textures/SPRITESHEET.png
12:26:54.486 [FXGL Background Thread 1 ] DEBUG AssetLoader          - Loading from cache: /assets/textures/SPRITESHEET.png
12:26:54.487 [FXGL Background Thread 1 ] DEBUG AssetLoader          - Loading from cache: /assets/textures/SPRITESHEET.png
12:26:54.487 [FXGL Background Thread 1 ] DEBUG AssetLoader          - Loading from cache: /assets/textures/SPRITESHEET.png
12:26:54.487 [FXGL Background Thread 1 ] DEBUG AssetLoader          - Loading from cache: /assets/textures/SPRITESHEET.png
12:26:54.487 [FXGL Background Thread 1 ] DEBUG AssetLoader          - Loading from cache: /assets/textures/SPRITESHEET.png
12:26:54.487 [FXGL Background Thread 1 ] DEBUG AssetLoader          - Loading from cache: /assets/textures/SPRITESHEET.png
12:26:54.487 [FXGL Background Thread 1 ] DEBUG AssetLoader          - Loading from cache: /assets/textures/SPRITESHEET.png
12:26:54.487 [FXGL Background Thread 1 ] DEBUG AssetLoader          - Loading from cache: /assets/textures/SPRITESHEET.png
12:26:54.487 [FXGL Background Thread 1 ] DEBUG AssetLoader          - Loading from cache: /assets/textures/SPRITESHEET.png
12:26:54.487 [FXGL Background Thread 1 ] DEBUG AssetLoader          - Loading from cache: /assets/textures/SPRITESHEET.png
12:26:54.487 [FXGL Background Thread 1 ] DEBUG AssetLoader          - Loading from cache: /assets/textures/SPRITESHEET.png
12:26:54.488 [FXGL Background Thread 1 ] DEBUG AssetLoader          - Loading from cache: /assets/textures/SPRITESHEET.png
12:26:54.488 [FXGL Background Thread 1 ] DEBUG AssetLoader          - Loading from cache: /assets/textures/SPRITESHEET.png
12:26:54.488 [FXGL Background Thread 1 ] DEBUG AssetLoader          - Loading from cache: /assets/textures/SPRITESHEET.png
12:26:54.488 [FXGL Background Thread 1 ] DEBUG AssetLoader          - Loading from cache: /assets/textures/SPRITESHEET.png
12:26:54.488 [FXGL Background Thread 1 ] DEBUG AssetLoader          - Loading from cache: /assets/textures/SPRITESHEET.png
12:26:54.488 [FXGL Background Thread 1 ] DEBUG AssetLoader          - Loading from cache: /assets/textures/SPRITESHEET.png
12:26:54.488 [FXGL Background Thread 1 ] DEBUG AssetLoader          - Loading from cache: /assets/textures/SPRITESHEET.png
12:26:54.488 [FXGL Background Thread 1 ] DEBUG AssetLoader          - Loading from cache: /assets/textures/SPRITESHEET.png
12:26:54.488 [FXGL Background Thread 1 ] DEBUG AssetLoader          - Loading from cache: /assets/textures/SPRITESHEET.png
12:26:54.488 [FXGL Background Thread 1 ] DEBUG AssetLoader          - Loading from cache: /assets/textures/SPRITESHEET.png
12:26:54.488 [FXGL Background Thread 1 ] DEBUG AssetLoader          - Loading from cache: /assets/textures/SPRITESHEET.png
12:26:54.489 [FXGL Background Thread 1 ] DEBUG AssetLoader          - Loading from cache: /assets/textures/SPRITESHEET.png
12:26:54.489 [FXGL Background Thread 1 ] DEBUG AssetLoader          - Loading from cache: /assets/textures/SPRITESHEET.png
12:26:54.489 [FXGL Background Thread 1 ] DEBUG AssetLoader          - Loading from cache: /assets/textures/SPRITESHEET.png
12:26:54.489 [FXGL Background Thread 1 ] DEBUG AssetLoader          - Loading from cache: /assets/textures/SPRITESHEET.png
12:26:54.489 [FXGL Background Thread 1 ] DEBUG AssetLoader          - Loading from cache: /assets/textures/SPRITESHEET.png
12:26:54.489 [FXGL Background Thread 1 ] DEBUG AssetLoader          - Loading from cache: /assets/textures/SPRITESHEET.png
12:26:54.489 [FXGL Background Thread 1 ] DEBUG AssetLoader          - Loading from cache: /assets/textures/SPRITESHEET.png
12:26:54.489 [FXGL Background Thread 1 ] DEBUG AssetLoader          - Loading from cache: /assets/textures/SPRITESHEET.png
12:26:54.489 [FXGL Background Thread 1 ] DEBUG AssetLoader          - Loading from cache: /assets/textures/SPRITESHEET.png
12:26:54.490 [FXGL Background Thread 1 ] DEBUG AssetLoader          - Loading from cache: /assets/textures/SPRITESHEET.png
12:26:54.490 [FXGL Background Thread 1 ] DEBUG AssetLoader          - Loading from cache: /assets/textures/SPRITESHEET.png
12:26:54.490 [FXGL Background Thread 1 ] DEBUG AssetLoader          - Loading from cache: /assets/textures/SPRITESHEET.png
12:26:54.490 [FXGL Background Thread 1 ] DEBUG AssetLoader          - Loading from cache: /assets/textures/SPRITESHEET.png
12:26:54.490 [FXGL Background Thread 1 ] DEBUG AssetLoader          - Loading from cache: /assets/textures/SPRITESHEET.png
12:26:54.490 [FXGL Background Thread 1 ] DEBUG AssetLoader          - Loading from cache: /assets/textures/SPRITESHEET.png
12:26:54.490 [FXGL Background Thread 1 ] DEBUG AssetLoader          - Loading from cache: /assets/textures/SPRITESHEET.png
12:26:54.490 [FXGL Background Thread 1 ] DEBUG AssetLoader          - Loading from cache: /assets/textures/SPRITESHEET.png
12:26:54.490 [FXGL Background Thread 1 ] DEBUG AssetLoader          - Loading from cache: /assets/textures/SPRITESHEET.png
12:26:54.490 [FXGL Background Thread 1 ] DEBUG AssetLoader          - Loading from cache: /assets/textures/SPRITESHEET.png
12:26:54.490 [FXGL Background Thread 1 ] DEBUG AssetLoader          - Loading from cache: /assets/textures/SPRITESHEET.png
12:26:54.491 [FXGL Background Thread 1 ] DEBUG AssetLoader          - Loading from cache: /assets/textures/SPRITESHEET.png
12:26:54.491 [FXGL Background Thread 1 ] DEBUG AssetLoader          - Loading from cache: /assets/textures/SPRITESHEET.png
12:26:54.491 [FXGL Background Thread 1 ] DEBUG AssetLoader          - Loading from cache: /assets/textures/SPRITESHEET.png
12:26:54.491 [FXGL Background Thread 1 ] DEBUG AssetLoader          - Loading from cache: /assets/textures/SPRITESHEET.png
12:26:54.491 [FXGL Background Thread 1 ] DEBUG AssetLoader          - Loading from cache: /assets/textures/SPRITESHEET.png
12:26:54.491 [FXGL Background Thread 1 ] DEBUG AssetLoader          - Loading from cache: /assets/textures/SPRITESHEET.png
12:26:54.491 [FXGL Background Thread 1 ] DEBUG AssetLoader          - Loading from cache: /assets/textures/SPRITESHEET.png
12:26:54.491 [FXGL Background Thread 1 ] DEBUG AssetLoader          - Loading from cache: /assets/textures/SPRITESHEET.png
12:26:54.491 [FXGL Background Thread 1 ] DEBUG AssetLoader          - Loading from cache: /assets/textures/SPRITESHEET.png
12:26:54.491 [FXGL Background Thread 1 ] DEBUG AssetLoader          - Loading from cache: /assets/textures/SPRITESHEET.png
12:26:54.491 [FXGL Background Thread 1 ] DEBUG AssetLoader          - Loading from cache: /assets/textures/SPRITESHEET.png
12:26:54.491 [FXGL Background Thread 1 ] DEBUG AssetLoader          - Loading from cache: /assets/textures/SPRITESHEET.png
12:26:54.491 [FXGL Background Thread 1 ] DEBUG AssetLoader          - Loading from cache: /assets/textures/SPRITESHEET.png
12:26:54.492 [FXGL Background Thread 1 ] DEBUG AssetLoader          - Loading from cache: /assets/textures/SPRITESHEET.png
12:26:54.492 [FXGL Background Thread 1 ] DEBUG AssetLoader          - Loading from cache: /assets/textures/SPRITESHEET.png
12:26:54.492 [FXGL Background Thread 1 ] DEBUG AssetLoader          - Loading from cache: /assets/textures/SPRITESHEET.png
12:26:54.492 [FXGL Background Thread 1 ] DEBUG AssetLoader          - Loading from cache: /assets/textures/SPRITESHEET.png
12:26:54.492 [FXGL Background Thread 1 ] DEBUG AssetLoader          - Loading from cache: /assets/textures/SPRITESHEET.png
12:26:54.492 [FXGL Background Thread 1 ] DEBUG AssetLoader          - Loading from cache: /assets/textures/SPRITESHEET.png
12:26:54.492 [FXGL Background Thread 1 ] DEBUG AssetLoader          - Loading from cache: /assets/textures/SPRITESHEET.png
12:26:54.492 [FXGL Background Thread 1 ] DEBUG AssetLoader          - Loading from cache: /assets/textures/SPRITESHEET.png
12:26:54.492 [FXGL Background Thread 1 ] DEBUG AssetLoader          - Loading from cache: /assets/textures/SPRITESHEET.png
12:26:54.492 [FXGL Background Thread 1 ] DEBUG AssetLoader          - Loading from cache: /assets/textures/SPRITESHEET.png
12:26:54.492 [FXGL Background Thread 1 ] DEBUG AssetLoader          - Loading from cache: /assets/textures/SPRITESHEET.png
12:26:54.492 [FXGL Background Thread 1 ] DEBUG AssetLoader          - Loading from cache: /assets/textures/SPRITESHEET.png
12:26:54.493 [FXGL Background Thread 1 ] DEBUG AssetLoader          - Loading from cache: /assets/textures/SPRITESHEET.png
12:26:54.493 [FXGL Background Thread 1 ] DEBUG AssetLoader          - Loading from cache: /assets/textures/SPRITESHEET.png
12:26:54.493 [FXGL Background Thread 1 ] DEBUG AssetLoader          - Loading from cache: /assets/textures/SPRITESHEET.png
12:26:54.493 [FXGL Background Thread 1 ] DEBUG AssetLoader          - Loading from cache: /assets/textures/SPRITESHEET.png
12:26:54.493 [FXGL Background Thread 1 ] DEBUG AssetLoader          - Loading from cache: /assets/textures/SPRITESHEET.png
12:26:54.493 [FXGL Background Thread 1 ] DEBUG AssetLoader          - Loading from cache: /assets/textures/SPRITESHEET.png
12:26:54.493 [FXGL Background Thread 1 ] DEBUG AssetLoader          - Loading from cache: /assets/textures/SPRITESHEET.png
12:26:54.493 [FXGL Background Thread 1 ] DEBUG AssetLoader          - Loading from cache: /assets/textures/SPRITESHEET.png
12:26:54.493 [FXGL Background Thread 1 ] DEBUG AssetLoader          - Loading from cache: /assets/textures/SPRITESHEET.png
12:26:54.493 [FXGL Background Thread 1 ] DEBUG AssetLoader          - Loading from cache: /assets/textures/SPRITESHEET.png
12:26:54.493 [FXGL Background Thread 1 ] DEBUG AssetLoader          - Loading from cache: /assets/textures/SPRITESHEET.png
12:26:54.493 [FXGL Background Thread 1 ] DEBUG AssetLoader          - Loading from cache: /assets/textures/SPRITESHEET.png
12:26:54.493 [FXGL Background Thread 1 ] DEBUG AssetLoader          - Loading from cache: /assets/textures/SPRITESHEET.png
12:26:54.493 [FXGL Background Thread 1 ] DEBUG AssetLoader          - Loading from cache: /assets/textures/SPRITESHEET.png
12:26:54.494 [FXGL Background Thread 1 ] DEBUG AssetLoader          - Loading from cache: /assets/textures/SPRITESHEET.png
12:26:54.494 [FXGL Background Thread 1 ] DEBUG AssetLoader          - Loading from cache: /assets/textures/SPRITESHEET.png
12:26:54.494 [FXGL Background Thread 1 ] DEBUG AssetLoader          - Loading from cache: /assets/textures/SPRITESHEET.png
12:26:54.494 [FXGL Background Thread 1 ] DEBUG AssetLoader          - Loading from cache: /assets/textures/SPRITESHEET.png
12:26:54.494 [FXGL Background Thread 1 ] DEBUG AssetLoader          - Loading from cache: /assets/textures/SPRITESHEET.png
12:26:54.494 [FXGL Background Thread 1 ] DEBUG AssetLoader          - Loading from cache: /assets/textures/SPRITESHEET.png
12:26:54.494 [FXGL Background Thread 1 ] DEBUG AssetLoader          - Loading from cache: /assets/textures/SPRITESHEET.png
12:26:54.494 [FXGL Background Thread 1 ] DEBUG AssetLoader          - Loading from cache: /assets/textures/SPRITESHEET.png
12:26:54.494 [FXGL Background Thread 1 ] DEBUG AssetLoader          - Loading from cache: /assets/textures/SPRITESHEET.png
12:26:54.494 [FXGL Background Thread 1 ] DEBUG AssetLoader          - Loading from cache: /assets/textures/SPRITESHEET.png
12:26:54.494 [FXGL Background Thread 1 ] DEBUG AssetLoader          - Loading from cache: /assets/textures/SPRITESHEET.png
12:26:54.494 [FXGL Background Thread 1 ] DEBUG AssetLoader          - Loading from cache: /assets/textures/SPRITESHEET.png
12:26:54.494 [FXGL Background Thread 1 ] DEBUG AssetLoader          - Loading from cache: /assets/textures/SPRITESHEET.png
12:26:54.495 [FXGL Background Thread 1 ] DEBUG AssetLoader          - Loading from cache: /assets/textures/SPRITESHEET.png
12:26:54.495 [FXGL Background Thread 1 ] DEBUG AssetLoader          - Loading from cache: /assets/textures/SPRITESHEET.png
12:26:54.495 [FXGL Background Thread 1 ] DEBUG AssetLoader          - Loading from cache: /assets/textures/SPRITESHEET.png
12:26:54.495 [FXGL Background Thread 1 ] DEBUG AssetLoader          - Loading from cache: /assets/textures/SPRITESHEET.png
12:26:54.495 [FXGL Background Thread 1 ] DEBUG AssetLoader          - Loading from cache: /assets/textures/SPRITESHEET.png
12:26:54.495 [FXGL Background Thread 1 ] DEBUG AssetLoader          - Loading from cache: /assets/textures/SPRITESHEET.png
12:26:54.495 [FXGL Background Thread 1 ] DEBUG AssetLoader          - Loading from cache: /assets/textures/SPRITESHEET.png
12:26:54.495 [FXGL Background Thread 1 ] DEBUG AssetLoader          - Loading from cache: /assets/textures/SPRITESHEET.png
12:26:54.495 [FXGL Background Thread 1 ] DEBUG AssetLoader          - Loading from cache: /assets/textures/SPRITESHEET.png
12:26:54.495 [FXGL Background Thread 1 ] DEBUG AssetLoader          - Loading from cache: /assets/textures/SPRITESHEET.png
12:26:54.495 [FXGL Background Thread 1 ] DEBUG AssetLoader          - Loading from cache: /assets/textures/SPRITESHEET.png
12:26:54.495 [FXGL Background Thread 1 ] DEBUG AssetLoader          - Loading from cache: /assets/textures/SPRITESHEET.png
12:26:54.495 [FXGL Background Thread 1 ] DEBUG AssetLoader          - Loading from cache: /assets/textures/SPRITESHEET.png
12:26:54.495 [FXGL Background Thread 1 ] DEBUG AssetLoader          - Loading from cache: /assets/textures/SPRITESHEET.png
12:26:54.496 [FXGL Background Thread 1 ] DEBUG AssetLoader          - Loading from cache: /assets/textures/SPRITESHEET.png
12:26:54.496 [FXGL Background Thread 1 ] DEBUG AssetLoader          - Loading from cache: /assets/textures/SPRITESHEET.png
12:26:54.496 [FXGL Background Thread 1 ] DEBUG AssetLoader          - Loading from cache: /assets/textures/SPRITESHEET.png
12:26:54.496 [FXGL Background Thread 1 ] DEBUG AssetLoader          - Loading from cache: /assets/textures/SPRITESHEET.png
12:26:54.496 [FXGL Background Thread 1 ] DEBUG AssetLoader          - Loading from cache: /assets/textures/SPRITESHEET.png
12:26:54.496 [FXGL Background Thread 1 ] DEBUG AssetLoader          - Loading from cache: /assets/textures/SPRITESHEET.png
12:26:54.496 [FXGL Background Thread 1 ] DEBUG AssetLoader          - Loading from cache: /assets/textures/SPRITESHEET.png
12:26:54.496 [FXGL Background Thread 1 ] DEBUG AssetLoader          - Loading from cache: /assets/textures/SPRITESHEET.png
12:26:54.496 [FXGL Background Thread 1 ] DEBUG AssetLoader          - Loading from cache: /assets/textures/SPRITESHEET.png
12:26:54.496 [FXGL Background Thread 1 ] DEBUG AssetLoader          - Loading from cache: /assets/textures/SPRITESHEET.png
12:26:54.496 [FXGL Background Thread 1 ] DEBUG AssetLoader          - Loading from cache: /assets/textures/SPRITESHEET.png
12:26:54.496 [FXGL Background Thread 1 ] DEBUG AssetLoader          - Loading from cache: /assets/textures/SPRITESHEET.png
12:26:54.496 [FXGL Background Thread 1 ] DEBUG AssetLoader          - Loading from cache: /assets/textures/SPRITESHEET.png
12:26:54.496 [FXGL Background Thread 1 ] DEBUG AssetLoader          - Loading from cache: /assets/textures/SPRITESHEET.png
12:26:54.496 [FXGL Background Thread 1 ] DEBUG AssetLoader          - Loading from cache: /assets/textures/SPRITESHEET.png
12:26:54.497 [FXGL Background Thread 1 ] DEBUG AssetLoader          - Loading from cache: /assets/textures/SPRITESHEET.png
12:26:54.497 [FXGL Background Thread 1 ] DEBUG AssetLoader          - Loading from cache: /assets/textures/SPRITESHEET.png
12:26:54.497 [FXGL Background Thread 1 ] DEBUG AssetLoader          - Loading from cache: /assets/textures/SPRITESHEET.png
12:26:54.497 [FXGL Background Thread 1 ] DEBUG AssetLoader          - Loading from cache: /assets/textures/SPRITESHEET.png
12:26:54.497 [FXGL Background Thread 1 ] DEBUG AssetLoader          - Loading from cache: /assets/textures/SPRITESHEET.png
12:26:54.497 [FXGL Background Thread 1 ] DEBUG AssetLoader          - Loading from cache: /assets/textures/SPRITESHEET.png
12:26:54.497 [FXGL Background Thread 1 ] DEBUG AssetLoader          - Loading from cache: /assets/textures/SPRITESHEET.png
12:26:54.497 [FXGL Background Thread 1 ] DEBUG AssetLoader          - Loading from cache: /assets/textures/SPRITESHEET.png
12:26:54.497 [FXGL Background Thread 1 ] DEBUG AssetLoader          - Loading from cache: /assets/textures/SPRITESHEET.png
12:26:54.497 [FXGL Background Thread 1 ] DEBUG AssetLoader          - Loading from cache: /assets/textures/SPRITESHEET.png
12:26:54.497 [FXGL Background Thread 1 ] DEBUG AssetLoader          - Loading from cache: /assets/textures/SPRITESHEET.png
12:26:54.497 [FXGL Background Thread 1 ] DEBUG AssetLoader          - Loading from cache: /assets/textures/SPRITESHEET.png
12:26:54.497 [FXGL Background Thread 1 ] DEBUG AssetLoader          - Loading from cache: /assets/textures/SPRITESHEET.png
12:26:54.497 [FXGL Background Thread 1 ] DEBUG AssetLoader          - Loading from cache: /assets/textures/SPRITESHEET.png
12:26:54.498 [FXGL Background Thread 1 ] DEBUG AssetLoader          - Loading from cache: /assets/textures/SPRITESHEET.png
12:26:54.498 [FXGL Background Thread 1 ] DEBUG AssetLoader          - Loading from cache: /assets/textures/SPRITESHEET.png
12:26:54.498 [FXGL Background Thread 1 ] DEBUG AssetLoader          - Loading from cache: /assets/textures/SPRITESHEET.png
12:26:54.498 [FXGL Background Thread 1 ] DEBUG AssetLoader          - Loading from cache: /assets/textures/SPRITESHEET.png
12:26:54.498 [FXGL Background Thread 1 ] DEBUG AssetLoader          - Loading from cache: /assets/textures/SPRITESHEET.png
12:26:54.498 [FXGL Background Thread 1 ] DEBUG AssetLoader          - Loading from cache: /assets/textures/SPRITESHEET.png
12:26:54.498 [FXGL Background Thread 1 ] DEBUG AssetLoader          - Loading from cache: /assets/textures/SPRITESHEET.png
12:26:54.498 [FXGL Background Thread 1 ] DEBUG AssetLoader          - Loading from cache: /assets/textures/SPRITESHEET.png
12:26:54.498 [FXGL Background Thread 1 ] DEBUG AssetLoader          - Loading from cache: /assets/textures/SPRITESHEET.png
12:26:54.498 [FXGL Background Thread 1 ] DEBUG AssetLoader          - Loading from cache: /assets/textures/SPRITESHEET.png
12:26:54.498 [FXGL Background Thread 1 ] DEBUG AssetLoader          - Loading from cache: /assets/textures/SPRITESHEET.png
12:26:54.498 [FXGL Background Thread 1 ] DEBUG AssetLoader          - Loading from cache: /assets/textures/SPRITESHEET.png
12:26:54.498 [FXGL Background Thread 1 ] DEBUG AssetLoader          - Loading from cache: /assets/textures/SPRITESHEET.png
12:26:54.498 [FXGL Background Thread 1 ] DEBUG AssetLoader          - Loading from cache: /assets/textures/SPRITESHEET.png
12:26:54.498 [FXGL Background Thread 1 ] DEBUG AssetLoader          - Loading from cache: /assets/textures/SPRITESHEET.png
12:26:54.498 [FXGL Background Thread 1 ] DEBUG AssetLoader          - Loading from cache: /assets/textures/SPRITESHEET.png
12:26:54.499 [FXGL Background Thread 1 ] DEBUG AssetLoader          - Loading from cache: /assets/textures/SPRITESHEET.png
12:26:54.499 [FXGL Background Thread 1 ] DEBUG AssetLoader          - Loading from cache: /assets/textures/SPRITESHEET.png
12:26:54.499 [FXGL Background Thread 1 ] DEBUG AssetLoader          - Loading from cache: /assets/textures/SPRITESHEET.png
12:26:54.499 [FXGL Background Thread 1 ] DEBUG AssetLoader          - Loading from cache: /assets/textures/SPRITESHEET.png
12:26:54.499 [FXGL Background Thread 1 ] DEBUG AssetLoader          - Loading from cache: /assets/textures/SPRITESHEET.png
12:26:54.499 [FXGL Background Thread 1 ] DEBUG AssetLoader          - Loading from cache: /assets/textures/SPRITESHEET.png
12:26:54.499 [FXGL Background Thread 1 ] DEBUG AssetLoader          - Loading from cache: /assets/textures/SPRITESHEET.png
12:26:54.499 [FXGL Background Thread 1 ] DEBUG AssetLoader          - Loading from cache: /assets/textures/SPRITESHEET.png
12:26:54.499 [FXGL Background Thread 1 ] DEBUG AssetLoader          - Loading from cache: /assets/textures/SPRITESHEET.png
12:26:54.499 [FXGL Background Thread 1 ] DEBUG AssetLoader          - Loading from cache: /assets/textures/SPRITESHEET.png
12:26:54.499 [FXGL Background Thread 1 ] DEBUG AssetLoader          - Loading from cache: /assets/textures/SPRITESHEET.png
12:26:54.499 [FXGL Background Thread 1 ] DEBUG AssetLoader          - Loading from cache: /assets/textures/SPRITESHEET.png
12:26:54.499 [FXGL Background Thread 1 ] DEBUG AssetLoader          - Loading from cache: /assets/textures/SPRITESHEET.png
12:26:54.499 [FXGL Background Thread 1 ] DEBUG AssetLoader          - Loading from cache: /assets/textures/SPRITESHEET.png
12:26:54.499 [FXGL Background Thread 1 ] DEBUG AssetLoader          - Loading from cache: /assets/textures/SPRITESHEET.png
12:26:54.500 [FXGL Background Thread 1 ] DEBUG AssetLoader          - Loading from cache: /assets/textures/SPRITESHEET.png
12:26:54.500 [FXGL Background Thread 1 ] DEBUG AssetLoader          - Loading from cache: /assets/textures/SPRITESHEET.png
12:26:54.500 [FXGL Background Thread 1 ] DEBUG AssetLoader          - Loading from cache: /assets/textures/SPRITESHEET.png
12:26:54.500 [FXGL Background Thread 1 ] DEBUG AssetLoader          - Loading from cache: /assets/textures/SPRITESHEET.png
12:26:54.500 [FXGL Background Thread 1 ] DEBUG AssetLoader          - Loading from cache: /assets/textures/SPRITESHEET.png
12:26:54.500 [FXGL Background Thread 1 ] DEBUG AssetLoader          - Loading from cache: /assets/textures/SPRITESHEET.png
12:26:54.500 [FXGL Background Thread 1 ] DEBUG AssetLoader          - Loading from cache: /assets/textures/SPRITESHEET.png
12:26:54.500 [FXGL Background Thread 1 ] DEBUG AssetLoader          - Loading from cache: /assets/textures/SPRITESHEET.png
12:26:54.500 [FXGL Background Thread 1 ] DEBUG AssetLoader          - Loading from cache: /assets/textures/SPRITESHEET.png
12:26:54.500 [FXGL Background Thread 1 ] DEBUG AssetLoader          - Loading from cache: /assets/textures/SPRITESHEET.png
12:26:54.500 [FXGL Background Thread 1 ] DEBUG AssetLoader          - Loading from cache: /assets/textures/SPRITESHEET.png
12:26:54.500 [FXGL Background Thread 1 ] DEBUG AssetLoader          - Loading from cache: /assets/textures/SPRITESHEET.png
12:26:54.500 [FXGL Background Thread 1 ] DEBUG AssetLoader          - Loading from cache: /assets/textures/SPRITESHEET.png
12:26:54.500 [FXGL Background Thread 1 ] DEBUG AssetLoader          - Loading from cache: /assets/textures/SPRITESHEET.png
12:26:54.500 [FXGL Background Thread 1 ] DEBUG AssetLoader          - Loading from cache: /assets/textures/SPRITESHEET.png
12:26:54.500 [FXGL Background Thread 1 ] DEBUG AssetLoader          - Loading from cache: /assets/textures/SPRITESHEET.png
12:26:54.501 [FXGL Background Thread 1 ] DEBUG AssetLoader          - Loading from cache: /assets/textures/SPRITESHEET.png
12:26:54.501 [FXGL Background Thread 1 ] DEBUG AssetLoader          - Loading from cache: /assets/textures/SPRITESHEET.png
12:26:54.501 [FXGL Background Thread 1 ] DEBUG AssetLoader          - Loading from cache: /assets/textures/SPRITESHEET.png
12:26:54.501 [FXGL Background Thread 1 ] DEBUG AssetLoader          - Loading from cache: /assets/textures/SPRITESHEET.png
12:26:54.501 [FXGL Background Thread 1 ] DEBUG AssetLoader          - Loading from cache: /assets/textures/SPRITESHEET.png
12:26:54.501 [FXGL Background Thread 1 ] DEBUG AssetLoader          - Loading from cache: /assets/textures/SPRITESHEET.png
12:26:54.501 [FXGL Background Thread 1 ] DEBUG AssetLoader          - Loading from cache: /assets/textures/SPRITESHEET.png
12:26:54.501 [FXGL Background Thread 1 ] DEBUG AssetLoader          - Loading from cache: /assets/textures/SPRITESHEET.png
12:26:54.501 [FXGL Background Thread 1 ] DEBUG AssetLoader          - Loading from cache: /assets/textures/SPRITESHEET.png
12:26:54.501 [FXGL Background Thread 1 ] DEBUG AssetLoader          - Loading from cache: /assets/textures/SPRITESHEET.png
12:26:54.501 [FXGL Background Thread 1 ] DEBUG AssetLoader          - Loading from cache: /assets/textures/SPRITESHEET.png
12:26:54.501 [FXGL Background Thread 1 ] DEBUG AssetLoader          - Loading from cache: /assets/textures/SPRITESHEET.png
12:26:54.501 [FXGL Background Thread 1 ] DEBUG AssetLoader          - Loading from cache: /assets/textures/SPRITESHEET.png
12:26:54.501 [FXGL Background Thread 1 ] DEBUG AssetLoader          - Loading from cache: /assets/textures/SPRITESHEET.png
12:26:54.501 [FXGL Background Thread 1 ] DEBUG AssetLoader          - Loading from cache: /assets/textures/SPRITESHEET.png
12:26:54.502 [FXGL Background Thread 1 ] DEBUG AssetLoader          - Loading from cache: /assets/textures/SPRITESHEET.png
12:26:54.502 [FXGL Background Thread 1 ] DEBUG AssetLoader          - Loading from cache: /assets/textures/SPRITESHEET.png
12:26:54.502 [FXGL Background Thread 1 ] DEBUG AssetLoader          - Loading from cache: /assets/textures/SPRITESHEET.png
12:26:54.502 [FXGL Background Thread 1 ] DEBUG AssetLoader          - Loading from cache: /assets/textures/SPRITESHEET.png
12:26:54.502 [FXGL Background Thread 1 ] DEBUG AssetLoader          - Loading from cache: /assets/textures/SPRITESHEET.png
12:26:54.502 [FXGL Background Thread 1 ] DEBUG AssetLoader          - Loading from cache: /assets/textures/SPRITESHEET.png
12:26:54.502 [FXGL Background Thread 1 ] DEBUG AssetLoader          - Loading from cache: /assets/textures/SPRITESHEET.png
12:26:54.502 [FXGL Background Thread 1 ] DEBUG AssetLoader          - Loading from cache: /assets/textures/SPRITESHEET.png
12:26:54.502 [FXGL Background Thread 1 ] DEBUG AssetLoader          - Loading from cache: /assets/textures/SPRITESHEET.png
12:26:54.502 [FXGL Background Thread 1 ] DEBUG AssetLoader          - Loading from cache: /assets/textures/SPRITESHEET.png
12:26:54.502 [FXGL Background Thread 1 ] DEBUG AssetLoader          - Loading from cache: /assets/textures/SPRITESHEET.png
12:26:54.502 [FXGL Background Thread 1 ] DEBUG AssetLoader          - Loading from cache: /assets/textures/SPRITESHEET.png
12:26:54.502 [FXGL Background Thread 1 ] DEBUG AssetLoader          - Loading from cache: /assets/textures/SPRITESHEET.png
12:26:54.503 [FXGL Background Thread 1 ] DEBUG AssetLoader          - Loading from cache: /assets/textures/SPRITESHEET.png
12:26:54.503 [FXGL Background Thread 1 ] DEBUG AssetLoader          - Loading from cache: /assets/textures/SPRITESHEET.png
12:26:54.503 [FXGL Background Thread 1 ] DEBUG AssetLoader          - Loading from cache: /assets/textures/SPRITESHEET.png
12:26:54.503 [FXGL Background Thread 1 ] DEBUG AssetLoader          - Loading from cache: /assets/textures/SPRITESHEET.png
12:26:54.503 [FXGL Background Thread 1 ] DEBUG AssetLoader          - Loading from cache: /assets/textures/SPRITESHEET.png
12:26:54.503 [FXGL Background Thread 1 ] DEBUG AssetLoader          - Loading from cache: /assets/textures/SPRITESHEET.png
12:26:54.503 [FXGL Background Thread 1 ] DEBUG AssetLoader          - Loading from cache: /assets/textures/SPRITESHEET.png
12:26:54.503 [FXGL Background Thread 1 ] DEBUG AssetLoader          - Loading from cache: /assets/textures/SPRITESHEET.png
12:26:54.503 [FXGL Background Thread 1 ] DEBUG AssetLoader          - Loading from cache: /assets/textures/SPRITESHEET.png
12:26:54.503 [FXGL Background Thread 1 ] DEBUG AssetLoader          - Loading from cache: /assets/textures/SPRITESHEET.png
12:26:54.503 [FXGL Background Thread 1 ] DEBUG AssetLoader          - Loading from cache: /assets/textures/SPRITESHEET.png
12:26:54.503 [FXGL Background Thread 1 ] DEBUG AssetLoader          - Loading from cache: /assets/textures/SPRITESHEET.png
12:26:54.503 [FXGL Background Thread 1 ] DEBUG AssetLoader          - Loading from cache: /assets/textures/SPRITESHEET.png
12:26:54.503 [FXGL Background Thread 1 ] DEBUG AssetLoader          - Loading from cache: /assets/textures/SPRITESHEET.png
12:26:54.503 [FXGL Background Thread 1 ] DEBUG AssetLoader          - Loading from cache: /assets/textures/SPRITESHEET.png
12:26:54.503 [FXGL Background Thread 1 ] DEBUG AssetLoader          - Loading from cache: /assets/textures/SPRITESHEET.png
12:26:54.504 [FXGL Background Thread 1 ] DEBUG AssetLoader          - Loading from cache: /assets/textures/SPRITESHEET.png
12:26:54.504 [FXGL Background Thread 1 ] DEBUG AssetLoader          - Loading from cache: /assets/textures/SPRITESHEET.png
12:26:54.504 [FXGL Background Thread 1 ] DEBUG AssetLoader          - Loading from cache: /assets/textures/SPRITESHEET.png
12:26:54.504 [FXGL Background Thread 1 ] DEBUG AssetLoader          - Loading from cache: /assets/textures/SPRITESHEET.png
12:26:54.504 [FXGL Background Thread 1 ] DEBUG AssetLoader          - Loading from cache: /assets/textures/SPRITESHEET.png
12:26:54.504 [FXGL Background Thread 1 ] DEBUG AssetLoader          - Loading from cache: /assets/textures/SPRITESHEET.png
12:26:54.504 [FXGL Background Thread 1 ] DEBUG AssetLoader          - Loading from cache: /assets/textures/SPRITESHEET.png
12:26:54.504 [FXGL Background Thread 1 ] DEBUG AssetLoader          - Loading from cache: /assets/textures/SPRITESHEET.png
12:26:54.504 [FXGL Background Thread 1 ] DEBUG AssetLoader          - Loading from cache: /assets/textures/SPRITESHEET.png
12:26:54.504 [FXGL Background Thread 1 ] DEBUG AssetLoader          - Loading from cache: /assets/textures/SPRITESHEET.png
12:26:54.504 [FXGL Background Thread 1 ] DEBUG AssetLoader          - Loading from cache: /assets/textures/SPRITESHEET.png
12:26:54.505 [FXGL Background Thread 1 ] DEBUG GameScene            - Creating render group for layer: BACKGROUND(1000)
12:26:54.527 [FXGL Background Thread 1 ] DEBUG GameScene            - Creating render group for layer: DEFAULT(100000)
12:26:54.529 [FXGL Background Thread 1 ] DEBUG AssetLoader          - Loading from disk: /assets/textures/CharacterSprite.png
12:26:54.531 [FXGL Background Thread 1 ] DEBUG AssetLoader          - Loading from cache: /assets/textures/CharacterSprite.png
12:26:54.531 [FXGL Background Thread 1 ] DEBUG AssetLoader          - Loading from cache: /assets/textures/CharacterSprite.png
12:26:54.531 [FXGL Background Thread 1 ] DEBUG AssetLoader          - Loading from cache: /assets/textures/CharacterSprite.png
12:26:54.531 [FXGL Background Thread 1 ] DEBUG AssetLoader          - Loading from cache: /assets/textures/CharacterSprite.png
12:26:54.531 [FXGL Background Thread 1 ] DEBUG AssetLoader          - Loading from cache: /assets/textures/CharacterSprite.png
12:26:54.531 [FXGL Background Thread 1 ] DEBUG AssetLoader          - Loading from cache: /assets/textures/CharacterSprite.png
12:26:54.531 [FXGL Background Thread 1 ] DEBUG AssetLoader          - Loading from cache: /assets/textures/CharacterSprite.png
12:26:54.533 [FXGL Background Thread 1 ] DEBUG InitAppTask          - Initializing Physics
12:26:54.533 [FXGL Background Thread 1 ] DEBUG InitAppTask          - Initializing UI
12:26:54.533 [FXGL Background Thread 1 ] DEBUG AssetLoader          - Loading from disk: /assets/textures/brick.png
12:26:54.535 [FXGL Background Thread 1 ] DEBUG InitAppTask          - Initialization Complete
12:26:54.535 [FXGL Background Thread 1 ] INFO  InitAppTask          - Game initialization took: 0.121 sec
12:26:54.549 [JavaFX Application Thread] DEBUG Input                - Clearing active input actions
12:26:54.549 [JavaFX Application Thread] DEBUG AssetLoader          - Loading from disk: /assets/ui/css/fxgl_dark.css
12:26:54.556 [JavaFX Application Thread] DEBUG AppStateMachine      - LoadingState -> PlayState
12:26:58.564 [JavaFX Application Thread] DEBUG FXGL                 - Exiting FXGL
12:26:58.564 [JavaFX Application Thread] DEBUG FXGL                 - Shutting down background threads
12:26:58.564 [JavaFX Application Thread] DEBUG FXGL                 - Saving FXGL system data
12:26:58.566 [JavaFX Application Thread] DEBUG DesktopFSService     - Writing to: system\fxgl.bundle
12:26:58.568 [JavaFX Application Thread] DEBUG FXGL                 - Closing logger and exiting JavaFX
