22:02:54.179 [main                     ] DEBUG GameApplication      - Logger initialized
22:02:54.190 [main                     ] DEBUG GameApplication      - Logging settings
Title: Basic Game App
Version: 0.1
Width: 640
Height: 640
Fullscreen: false
Intro: false
Menus: true
Profiling: false
Single step:false
App Mode: DEVELOPER
Menu Key: ESCAPE
Stage Style: DECORATED
Scene Factory: class application.MenuFactory

22:02:54.557 [JavaFX Application Thread] DEBUG GameApplication      - Initializing FXGL
22:02:54.563 [JavaFX Application Thread] INFO  Engine               - FXGL-11.8 (08.03.2020 09.25) on WINDOWS (J:14 FX:13.0.2)
22:02:54.563 [JavaFX Application Thread] INFO  Engine               - Source code and latest versions at: https://github.com/AlmasB/FXGL
22:02:54.563 [JavaFX Application Thread] INFO  Engine               -              Join the FXGL chat at: https://gitter.im/AlmasB/FXGL
22:02:54.681 [JavaFX Application Thread] DEBUG MainWindow           - Creating a JavaFX scene
22:02:54.723 [JavaFX Application Thread] DEBUG MainWindow           - Target settings size: 640.0 x 640.0
22:02:54.723 [JavaFX Application Thread] DEBUG MainWindow           - Scaled scene size:    640.0 x 640.0
22:02:54.723 [JavaFX Application Thread] DEBUG MainWindow           - Scaled ratio: (1.0, 1.0)
22:02:54.725 [JavaFX Application Thread] DEBUG MainWindow           - Set initial scene to FXGLStartupScene
22:02:54.730 [JavaFX Application Thread] DEBUG MainWindow           - Opening main window
22:02:54.820 [JavaFX Application Thread] DEBUG MainWindow           - Window border size: (16.0, 39.0)
22:02:54.820 [JavaFX Application Thread] DEBUG MainWindow           - Scaled size: 640.0 x 640.0
22:02:54.820 [JavaFX Application Thread] DEBUG MainWindow           - Scaled ratio: (1.0, 1.0)
22:02:54.820 [JavaFX Application Thread] DEBUG MainWindow           - Scene size: 640.0 x 640.0
22:02:54.821 [JavaFX Application Thread] DEBUG MainWindow           - Stage size: 656.0 x 679.0
22:02:54.827 [FXGL Background Thread 1 ] DEBUG Engine               - Initializing environment variables
22:02:54.846 [FXGL Background Thread 1 ] DEBUG WindowService        - Applying CSS: fxgl_dark.css
22:02:54.847 [FXGL Background Thread 1 ] DEBUG AssetLoaderService   - Loading from file system: /assets/ui/css/fxgl_dark.css
22:02:54.881 [FXGL Background Thread 1 ] DEBUG WindowService        - Initializing application scenes
22:02:54.908 [FXGL Background Thread 1 ] DEBUG GameWorld            - Game world initialized
22:02:54.936 [FXGL Background Thread 1 ] DEBUG PhysicsWorld         - Physics world initialized: appHeight=640, physics.ppm=50.0
22:02:54.937 [FXGL Background Thread 1 ] DEBUG GameScene            - Game scene initialized: 640x640
22:02:54.944 [FXGL Background Thread 1 ] DEBUG WindowService        - Application scenes initialized
22:02:54.953 [FXGL Background Thread 1 ] DEBUG SystemBundleService  - Loading FXGL system data
22:02:54.956 [FXGL Background Thread 1 ] DEBUG FileSystemAccess     - Reading from: C:\Users\Liana\git\FriendMaker2077-07-03\Project\system\fxgl.bundle
22:02:54.961 [FXGL Background Thread 1 ] DEBUG SystemBundleService  - Bundle FXGL: {}
22:02:54.962 [FXGL Background Thread 1 ] INFO  Engine               - FXGL initialization took: 0.134 sec
22:02:54.963 [FXGL Background Thread 1 ] DEBUG GameApplication      - Loading localizations
22:02:54.964 [FXGL Background Thread 1 ] DEBUG AssetLoaderService   - Loading from file system: /assets/properties/languages/english.properties
22:02:54.965 [FXGL Background Thread 1 ] DEBUG AssetLoaderService   - Loading from file system: /assets/properties/languages/french.properties
22:02:54.966 [FXGL Background Thread 1 ] DEBUG AssetLoaderService   - Loading from file system: /assets/properties/languages/german.properties
22:02:54.967 [FXGL Background Thread 1 ] DEBUG AssetLoaderService   - Loading from file system: /assets/properties/languages/hungarian.properties
22:02:54.968 [FXGL Background Thread 1 ] DEBUG AssetLoaderService   - Loading from file system: /assets/properties/languages/russian.properties
22:02:54.969 [FXGL Background Thread 1 ] DEBUG GameApplication      - Registering font factories with UI factory
22:02:54.969 [FXGL Background Thread 1 ] DEBUG AssetLoaderService   - Loading from file system: /assets/ui/fonts/VarelaRound-Regular.ttf
22:02:55.025 [FXGL Background Thread 1 ] DEBUG AssetLoaderService   - Loading from file system: /assets/ui/fonts/Abel-Regular.ttf
22:02:55.035 [FXGL Background Thread 1 ] DEBUG AssetLoaderService   - Loading from file system: /assets/ui/fonts/lucida_console.ttf
22:02:55.051 [FXGL Background Thread 1 ] DEBUG AssetLoaderService   - Loading from file system: /assets/ui/fonts/Courier-Prime.ttf
22:02:55.070 [JavaFX Application Thread] DEBUG Input                - Registered new binding: Move Right - D
22:02:55.070 [JavaFX Application Thread] DEBUG Input                - Registered new binding: Move Left - A
22:02:55.070 [JavaFX Application Thread] DEBUG Input                - Registered new binding: Move Up - W
22:02:55.070 [JavaFX Application Thread] DEBUG Input                - Registered new binding: Move Down - S
22:02:55.071 [JavaFX Application Thread] DEBUG Input                - Registered new binding: Play Sound - F
22:02:55.071 [JavaFX Application Thread] DEBUG AssetLoaderService   - Loading from file system: /assets/textures/fxgl_icon.png
22:02:55.101 [JavaFX Application Thread] DEBUG AssetLoaderService   - Loading from file system: /assets/ui/cursors/fxgl_default.png
22:02:55.103 [JavaFX Application Thread] DEBUG Input                - Registered new binding: Screenshot - P
22:02:55.105 [JavaFX Application Thread] DEBUG Input                - Registered new binding: System info dump - CTRL+9
22:02:55.105 [JavaFX Application Thread] DEBUG Input                - Registered new binding: Restart - CTRL+R
22:02:55.105 [JavaFX Application Thread] DEBUG LoopRunner           - Starting loop
22:02:55.122 [JavaFX Application Thread] DEBUG FXGLStartupScene     - STARTUP
22:02:55.124 [JavaFX Application Thread] DEBUG Input                - Clearing active input actions
22:02:55.132 [JavaFX Application Thread] DEBUG WindowService        - Removing overlay from FXGLStartupScene and adding to TestMenu
22:02:55.132 [JavaFX Application Thread] DEBUG MainWindow           - FXGLStartupScene -> TestMenu
22:02:57.964 [FXGL Background Thread 2 ] DEBUG Engine               - Logging environment variables
22:02:57.964 [FXGL Background Thread 2 ] DEBUG Engine               - achievements: []
22:02:57.964 [FXGL Background Thread 2 ] DEBUG Engine               - language: ObjectProperty [value: ENGLISH]
22:02:57.964 [FXGL Background Thread 2 ] DEBUG Engine               - isCloseConfirmation: false
22:02:57.964 [FXGL Background Thread 2 ] DEBUG Engine               - isProfilingEnabled: false
22:02:57.964 [FXGL Background Thread 2 ] DEBUG Engine               - soundNotification: core/notification.wav
22:02:57.964 [FXGL Background Thread 2 ] DEBUG Engine               - devShowBBoxProperty: BooleanProperty [value: false]
22:02:57.965 [FXGL Background Thread 2 ] DEBUG Engine               - pixelsPerMeter: 50.0
22:02:57.965 [FXGL Background Thread 2 ] DEBUG Engine               - appIcon: fxgl_icon.png
22:02:57.965 [FXGL Background Thread 2 ] DEBUG Engine               - soundMenuBack: menu/back.wav
22:02:57.965 [FXGL Background Thread 2 ] DEBUG Engine               - isFullScreenAllowed: false
22:02:57.965 [FXGL Background Thread 2 ] DEBUG Engine               - isIntroEnabled: false
22:02:57.965 [FXGL Background Thread 2 ] DEBUG Engine               - fontMono: lucida_console.ttf
22:02:57.965 [FXGL Background Thread 2 ] DEBUG Engine               - soundMenuSelect: menu/select.wav
22:02:57.965 [FXGL Background Thread 2 ] DEBUG Engine               - isWindows: true
22:02:57.965 [FXGL Background Thread 2 ] DEBUG Engine               - isMobile: false
22:02:57.965 [FXGL Background Thread 2 ] DEBUG Engine               - isUserProfileEnabled: false
22:02:57.965 [FXGL Background Thread 2 ] DEBUG Engine               - height: 640
22:02:57.966 [FXGL Background Thread 2 ] DEBUG Engine               - isExperimentalNative: false
22:02:57.966 [FXGL Background Thread 2 ] DEBUG Engine               - settings: Title: Basic Game App
Version: 0.1
Width: 640
Height: 640
Fullscreen: false
Intro: false
Menus: true
Profiling: false
Single step:false
App Mode: DEVELOPER
Menu Key: ESCAPE
Stage Style: DECORATED
Scene Factory: class application.MenuFactory

22:02:57.966 [FXGL Background Thread 2 ] DEBUG Engine               - cSSList: [fxgl_dark.css]
22:02:57.966 [FXGL Background Thread 2 ] DEBUG Engine               - isSingleStep: false
22:02:57.966 [FXGL Background Thread 2 ] DEBUG Engine               - fontGame: Abel-Regular.ttf
22:02:57.966 [FXGL Background Thread 2 ] DEBUG Engine               - menuKey: ESCAPE
22:02:57.966 [FXGL Background Thread 2 ] DEBUG Engine               - devShowPositionProperty: BooleanProperty [value: false]
22:02:57.966 [FXGL Background Thread 2 ] DEBUG Engine               - versionCheckDays: 7
22:02:57.966 [FXGL Background Thread 2 ] DEBUG Engine               - configClass: Optional.empty
22:02:57.966 [FXGL Background Thread 2 ] DEBUG Engine               - isFullScreenFromStart: false
22:02:57.966 [FXGL Background Thread 2 ] DEBUG Engine               - version: 0.1
22:02:57.966 [FXGL Background Thread 2 ] DEBUG Engine               - fullScreen: BooleanProperty [value: false]
22:02:57.967 [FXGL Background Thread 2 ] DEBUG Engine               - randomSeed: -1
22:02:57.967 [FXGL Background Thread 2 ] DEBUG Engine               - gameDifficultyProperty: ObjectProperty [value: MEDIUM]
22:02:57.967 [FXGL Background Thread 2 ] DEBUG Engine               - applicationMode: DEVELOPER
22:02:57.967 [FXGL Background Thread 2 ] DEBUG Engine               - isMac: false
22:02:57.967 [FXGL Background Thread 2 ] DEBUG Engine               - isMenuEnabled: true
22:02:57.967 [FXGL Background Thread 2 ] DEBUG Engine               - profileName: StringProperty [value: DEFAULT]
22:02:57.967 [FXGL Background Thread 2 ] DEBUG Engine               - urlPOM: https://raw.githubusercontent.com/AlmasB/FXGL/master/pom.xml
22:02:57.967 [FXGL Background Thread 2 ] DEBUG Engine               - notificationViewClass: class com.almasb.fxgl.notification.view.XboxNotificationView
22:02:57.967 [FXGL Background Thread 2 ] DEBUG Engine               - devSensorColorProperty: ObjectProperty [value: 0xffff00ff]
22:02:57.967 [FXGL Background Thread 2 ] DEBUG Engine               - sceneFactory: application.MenuFactory@3169f3bd
22:02:57.968 [FXGL Background Thread 2 ] DEBUG Engine               - stageStyle: DECORATED
22:02:57.968 [FXGL Background Thread 2 ] DEBUG Engine               - isManualResizeEnabled: false
22:02:57.968 [FXGL Background Thread 2 ] DEBUG Engine               - title: Basic Game App
22:02:57.968 [FXGL Background Thread 2 ] DEBUG Engine               - platform: WINDOWS
22:02:57.968 [FXGL Background Thread 2 ] DEBUG Engine               - devBBoxColorProperty: ObjectProperty [value: 0xff0000ff]
22:02:57.968 [FXGL Background Thread 2 ] DEBUG Engine               - gameDifficulty: MEDIUM
22:02:57.968 [FXGL Background Thread 2 ] DEBUG Engine               - isDesktop: true
22:02:57.968 [FXGL Background Thread 2 ] DEBUG Engine               - supportedLanguages: [ENGLISH, FRENCH, GERMAN, HUNGARIAN, RUSSIAN]
22:02:57.968 [FXGL Background Thread 2 ] DEBUG Engine               - credits: []
22:02:57.968 [FXGL Background Thread 2 ] DEBUG Engine               - globalMusicVolumeProperty: DoubleProperty [value: 0.5]
22:02:57.968 [FXGL Background Thread 2 ] DEBUG Engine               - isPreserveResizeRatio: false
22:02:57.969 [FXGL Background Thread 2 ] DEBUG Engine               - fontText: Courier-Prime.ttf
22:02:57.969 [FXGL Background Thread 2 ] DEBUG Engine               - isExperimentalTiledLargeMap: false
22:02:57.969 [FXGL Background Thread 2 ] DEBUG Engine               - secondsIn24h: 60
22:02:57.969 [FXGL Background Thread 2 ] DEBUG Engine               - runtimeInfo: RuntimeInfo(platform=WINDOWS, version=11.8, build=08.03.2020 09.25)
22:02:57.969 [FXGL Background Thread 2 ] DEBUG Engine               - isLinux: false
22:02:57.969 [FXGL Background Thread 2 ] DEBUG Engine               - soundMenuPress: menu/press.wav
22:02:57.969 [FXGL Background Thread 2 ] DEBUG Engine               - urlGithub: https://github.com/AlmasB/FXGL
22:02:57.969 [FXGL Background Thread 2 ] DEBUG Engine               - profileDir: profiles/
22:02:57.969 [FXGL Background Thread 2 ] DEBUG Engine               - isDeveloperMenuEnabled: false
22:02:57.969 [FXGL Background Thread 2 ] DEBUG Engine               - globalSoundVolumeProperty: DoubleProperty [value: 0.5]
22:02:57.969 [FXGL Background Thread 2 ] DEBUG Engine               - mainWindow: com.almasb.fxgl.app.MainWindow@35567148
22:02:57.969 [FXGL Background Thread 2 ] DEBUG Engine               - isBrowser: false
22:02:57.969 [FXGL Background Thread 2 ] DEBUG Engine               - urlLeaderboard: http://fxgl-top.herokuapp.com/
22:02:57.970 [FXGL Background Thread 2 ] DEBUG Engine               - globalSoundVolume: 0.5
22:02:57.970 [FXGL Background Thread 2 ] DEBUG Engine               - engineServices: [class com.almasb.fxgl.app.GameApplication$GameApplicationService, class com.almasb.fxgl.app.services.WindowService, class com.almasb.fxgl.app.services.FXGLDialogService, class com.almasb.fxgl.app.services.IOTaskExecutorService, class com.almasb.fxgl.event.EventBusService, class com.almasb.fxgl.io.FileSystemService, class com.almasb.fxgl.localization.LocalizationService, class com.almasb.fxgl.app.services.AssetLoaderService, class com.almasb.fxgl.app.services.SystemBundleService, class com.almasb.fxgl.profile.SaveLoadService, class com.almasb.fxgl.ui.FXGLUIFactoryServiceProvider, class com.almasb.fxgl.ui.FXGLDialogFactoryServiceProvider, class com.almasb.fxgl.audio.AudioPlayer, class com.almasb.fxgl.notification.impl.NotificationServiceProvider, class com.almasb.fxgl.achievement.AchievementService, class com.almasb.fxgl.cutscene.CutsceneService, class com.almasb.fxgl.minigames.MiniGameService, class com.almasb.fxgl.net.NetService, class com.almasb.fxgl.app.services.UpdaterService]
22:02:57.970 [FXGL Background Thread 2 ] DEBUG Engine               - globalMusicVolume: 0.5
22:02:57.970 [FXGL Background Thread 2 ] DEBUG Engine               - width: 640
22:02:57.970 [FXGL Background Thread 2 ] DEBUG Engine               - saveFileExt: sav
22:02:57.970 [FXGL Background Thread 2 ] DEBUG Engine               - isAndroid: false
22:02:57.970 [FXGL Background Thread 2 ] DEBUG Engine               - fontUI: VarelaRound-Regular.ttf
22:02:57.970 [FXGL Background Thread 2 ] DEBUG Engine               - enabledMenuItems: []
22:02:57.970 [FXGL Background Thread 2 ] DEBUG Engine               - isIOS: false
22:02:57.970 [FXGL Background Thread 2 ] DEBUG Engine               - Logging services
22:02:57.971 [FXGL Background Thread 2 ] DEBUG Engine               - class com.almasb.fxgl.app.GameApplication$GameApplicationService
22:02:57.971 [FXGL Background Thread 2 ] DEBUG Engine               - class com.almasb.fxgl.app.services.WindowService
22:02:57.971 [FXGL Background Thread 2 ] DEBUG Engine               - class com.almasb.fxgl.app.services.FXGLDialogService
22:02:57.971 [FXGL Background Thread 2 ] DEBUG Engine               - class com.almasb.fxgl.app.services.IOTaskExecutorService
22:02:57.971 [FXGL Background Thread 2 ] DEBUG Engine               - class com.almasb.fxgl.event.EventBusService
22:02:57.971 [FXGL Background Thread 2 ] DEBUG Engine               - class com.almasb.fxgl.io.FileSystemService
22:02:57.971 [FXGL Background Thread 2 ] DEBUG Engine               - class com.almasb.fxgl.localization.LocalizationService
22:02:57.971 [FXGL Background Thread 2 ] DEBUG Engine               - class com.almasb.fxgl.app.services.AssetLoaderService
22:02:57.971 [FXGL Background Thread 2 ] DEBUG Engine               - class com.almasb.fxgl.app.services.SystemBundleService
22:02:57.971 [FXGL Background Thread 2 ] DEBUG Engine               - class com.almasb.fxgl.profile.SaveLoadService
22:02:57.971 [FXGL Background Thread 2 ] DEBUG Engine               - class com.almasb.fxgl.ui.FXGLUIFactoryServiceProvider
22:02:57.971 [FXGL Background Thread 2 ] DEBUG Engine               - class com.almasb.fxgl.ui.FXGLDialogFactoryServiceProvider
22:02:57.971 [FXGL Background Thread 2 ] DEBUG Engine               - class com.almasb.fxgl.audio.AudioPlayer
22:02:57.971 [FXGL Background Thread 2 ] DEBUG Engine               - class com.almasb.fxgl.notification.impl.NotificationServiceProvider
22:02:57.972 [FXGL Background Thread 2 ] DEBUG Engine               - class com.almasb.fxgl.achievement.AchievementService
22:02:57.972 [FXGL Background Thread 2 ] DEBUG Engine               - class com.almasb.fxgl.cutscene.CutsceneService
22:02:57.972 [FXGL Background Thread 2 ] DEBUG Engine               - class com.almasb.fxgl.minigames.MiniGameService
22:02:57.972 [FXGL Background Thread 2 ] DEBUG Engine               - class com.almasb.fxgl.net.NetService
22:02:57.972 [FXGL Background Thread 2 ] DEBUG Engine               - class com.almasb.fxgl.app.services.UpdaterService
22:03:05.627 [JavaFX Application Thread] DEBUG GameApplication      - Exiting FXGL
22:03:05.627 [JavaFX Application Thread] DEBUG LoopRunner           - Stopping loop
22:03:05.627 [JavaFX Application Thread] DEBUG SystemBundleService  - Saving FXGL system data
22:03:05.628 [JavaFX Application Thread] DEBUG FileSystemAccess     - Writing to: C:\Users\Liana\git\FriendMaker2077-07-03\Project\system\fxgl.bundle
22:03:05.630 [JavaFX Application Thread] DEBUG GameApplication      - Shutting down background threads
22:03:05.630 [JavaFX Application Thread] DEBUG GameApplication      - Closing logger and exiting JavaFX
