12:26:09.413 [JavaFX Application Thread] DEBUG GameApplication      - Logger initialized
12:26:09.421 [JavaFX Application Thread] DEBUG GameApplication      - Logging settings
Title: Basic Game App
Version: 0.1
Width: 640
Height: 640
Fullscreen: false
Intro: false
Menus: false
Profiling: false
Single step:false
App Mode: DEVELOPER
Menu Key: ESCAPE
Stage Style: DECORATED
Scene Factory: class com.almasb.fxgl.scene.SceneFactory
Dialog Factory: class com.almasb.fxgl.ui.FXGLDialogFactory
UI Factory: class com.almasb.fxgl.ui.FXGLUIFactory
Notification Service: class com.almasb.fxgl.gameplay.notification.XboxNotificationView
Exception Handler: class com.almasb.fxgl.app.FXGLExceptionHandler
12:26:09.421 [JavaFX Application Thread] DEBUG GameApplication      - Starting FXGL
12:26:09.428 [JavaFX Application Thread] INFO  FXGL                 - FXGL-0.5.4 on DESKTOP
12:26:09.429 [JavaFX Application Thread] INFO  FXGL                 - Source code and latest versions at: https://github.com/AlmasB/FXGL
12:26:09.429 [JavaFX Application Thread] INFO  FXGL                 -              Join the FXGL chat at: https://gitter.im/AlmasB/FXGL
12:26:09.429 [JavaFX Application Thread] DEBUG FXGL                 - FXGL started
12:26:09.429 [JavaFX Application Thread] DEBUG FXGL                 - Initializing FXGL
12:26:09.459 [JavaFX Application Thread] DEBUG AssetLoader          - Loading from disk: /assets/ui/cursors/fxgl_default.png
12:26:09.491 [JavaFX Application Thread] DEBUG AssetLoader          - Loading from disk: /assets/ui/fonts/VarelaRound-Regular.ttf
12:26:09.617 [JavaFX Application Thread] DEBUG MainWindow           - Creating a JavaFX scene
12:26:09.641 [JavaFX Application Thread] DEBUG MainWindow           - Target settings size: 640.0 x 640.0
12:26:09.641 [JavaFX Application Thread] DEBUG MainWindow           - Scaled scene size:    640.0 x 640.0
12:26:09.641 [JavaFX Application Thread] DEBUG MainWindow           - Scaled ratio: (1.0, 1.0)
12:26:09.643 [JavaFX Application Thread] DEBUG AssetLoader          - Loading from disk: /assets/ui/css/fxgl_dark.css
12:26:09.645 [JavaFX Application Thread] DEBUG AssetLoader          - Loading from disk: /assets/textures/fxgl_icon.png
12:26:09.658 [JavaFX Application Thread] DEBUG MainWindow           - Opening main window
12:26:09.747 [JavaFX Application Thread] DEBUG MainWindow           - Window border size: (16.0, 39.0)
12:26:09.747 [JavaFX Application Thread] DEBUG MainWindow           - Scaled size: 640.0 x 640.0
12:26:09.748 [JavaFX Application Thread] DEBUG MainWindow           - Scaled ratio: (1.0, 1.0)
12:26:09.748 [JavaFX Application Thread] DEBUG MainWindow           - Scene size: 640.0 x 640.0
12:26:09.748 [JavaFX Application Thread] DEBUG MainWindow           - Stage size: 656.0 x 679.0
12:26:09.764 [ForkJoinPool.commonPool-worker-19] DEBUG FS                   - Loaded DesktopFSService
12:26:09.764 [ForkJoinPool.commonPool-worker-19] DEBUG FXGL                 - Loading FXGL system data
12:26:09.768 [ForkJoinPool.commonPool-worker-19] DEBUG DesktopFSService     - Reading from: system\fxgl.bundle
12:26:09.776 [ForkJoinPool.commonPool-worker-19] DEBUG Bundle               - Logging bundle: FXGL
12:26:09.777 [ForkJoinPool.commonPool-worker-19] DEBUG Bundle               - FXGL.offline.timer.version.check=2020-03-04T20:18:36.122706300
12:26:09.777 [ForkJoinPool.commonPool-worker-19] DEBUG FXGL                 - Initializing state machine and application states
12:26:09.778 [ForkJoinPool.commonPool-worker-19] DEBUG AssetLoader          - Loading from disk: /assets/ui/cursors/fxgl_default.png
12:26:09.783 [ForkJoinPool.commonPool-worker-19] DEBUG AssetLoader          - Loading from disk: /assets/ui/cursors/fxgl_default.png
12:26:09.787 [ForkJoinPool.commonPool-worker-19] DEBUG AssetLoader          - Loading from cache: /assets/ui/fonts/VarelaRound-Regular.ttf
12:26:09.789 [ForkJoinPool.commonPool-worker-19] DEBUG AssetLoader          - Loading from disk: /assets/ui/cursors/fxgl_default.png
12:26:09.791 [ForkJoinPool.commonPool-worker-19] DEBUG GameScene            - Game scene initialized: 640x640
12:26:09.793 [ForkJoinPool.commonPool-worker-19] DEBUG GameWorld            - Game world initialized
12:26:09.816 [ForkJoinPool.commonPool-worker-19] DEBUG PhysicsWorld         - Physics world initialized: appHeight=640, physics.ppm=50.0
12:26:09.827 [ForkJoinPool.commonPool-worker-19] DEBUG Input                - Registered new binding: Pause - Esc
12:26:09.848 [JavaFX Application Thread] DEBUG FXGL                 - Running preInit()
12:26:09.848 [JavaFX Application Thread] DEBUG Input                - Registered new binding: Screenshot - P
12:26:09.849 [JavaFX Application Thread] DEBUG Input                - Registered new binding: Dev Options - CTRL+0
12:26:09.849 [JavaFX Application Thread] DEBUG Input                - Registered new binding: System info dump - CTRL+9
12:26:09.849 [JavaFX Application Thread] DEBUG Input                - Registered new binding: Restart - CTRL+R
12:26:09.849 [JavaFX Application Thread] DEBUG Input                - Registered new binding: Move Right - D
12:26:09.849 [JavaFX Application Thread] DEBUG Input                - Registered new binding: Move Left - A
12:26:09.849 [JavaFX Application Thread] DEBUG Input                - Registered new binding: Move Up - W
12:26:09.850 [JavaFX Application Thread] DEBUG Input                - Registered new binding: Move Down - S
12:26:09.850 [JavaFX Application Thread] DEBUG Input                - Registered new binding: Play Sound - F
12:26:09.850 [JavaFX Application Thread] INFO  FXGL                 - FXGL initialization took: 0.421 sec
12:26:09.850 [JavaFX Application Thread] DEBUG LoopRunner           - Starting loop
12:26:09.851 [JavaFX Application Thread] DEBUG StartupState         - STARTUP
12:26:09.851 [JavaFX Application Thread] DEBUG GameApplication      - Starting new game
12:26:09.851 [JavaFX Application Thread] DEBUG Input                - Clearing active input actions
12:26:09.852 [JavaFX Application Thread] DEBUG AssetLoader          - Loading from disk: /assets/ui/css/fxgl_dark.css
12:26:09.857 [JavaFX Application Thread] DEBUG AppStateMachine      - StartupState -> LoadingState
12:26:09.860 [FXGL Background Thread 1 ] DEBUG InitAppTask          - Clearing previous game
12:26:09.860 [FXGL Background Thread 1 ] DEBUG GameWorld            - Clearing game world
12:26:09.860 [FXGL Background Thread 1 ] DEBUG PhysicsWorld         - Clearing physics world
12:26:09.860 [FXGL Background Thread 1 ] DEBUG GameScene            - Clearing game scene
12:26:09.861 [FXGL Background Thread 1 ] DEBUG InitAppTask          - Initializing Game
12:26:09.873 [FXGL Background Thread 1 ] DEBUG AssetLoader          - Loading from disk: /assets/tmx/level1.tmx
12:26:09.890 [FXGL Background Thread 1 ] WARN  TMXParser            - TiledMap generated from 1.3.3. Supported version: 1.1.2. Some features may not be parsed fully.
12:26:09.899 [FXGL Background Thread 1 ] DEBUG GameWorld            - Clearing removable entities
12:26:09.899 [FXGL Background Thread 1 ] DEBUG GameWorld            - Setting level from map
12:26:09.910 [FXGL Background Thread 1 ] DEBUG AssetLoader          - Loading from disk: /assets/textures/SPRITESHEET.png
12:26:09.919 [FXGL Background Thread 1 ] DEBUG AssetLoader          - Loading from cache: /assets/textures/SPRITESHEET.png
12:26:09.919 [FXGL Background Thread 1 ] DEBUG AssetLoader          - Loading from cache: /assets/textures/SPRITESHEET.png
12:26:09.919 [FXGL Background Thread 1 ] DEBUG AssetLoader          - Loading from cache: /assets/textures/SPRITESHEET.png
12:26:09.919 [FXGL Background Thread 1 ] DEBUG AssetLoader          - Loading from cache: /assets/textures/SPRITESHEET.png
12:26:09.919 [FXGL Background Thread 1 ] DEBUG AssetLoader          - Loading from cache: /assets/textures/SPRITESHEET.png
12:26:09.919 [FXGL Background Thread 1 ] DEBUG AssetLoader          - Loading from cache: /assets/textures/SPRITESHEET.png
12:26:09.919 [FXGL Background Thread 1 ] DEBUG AssetLoader          - Loading from cache: /assets/textures/SPRITESHEET.png
12:26:09.919 [FXGL Background Thread 1 ] DEBUG AssetLoader          - Loading from cache: /assets/textures/SPRITESHEET.png
12:26:09.920 [FXGL Background Thread 1 ] DEBUG AssetLoader          - Loading from cache: /assets/textures/SPRITESHEET.png
12:26:09.920 [FXGL Background Thread 1 ] DEBUG AssetLoader          - Loading from cache: /assets/textures/SPRITESHEET.png
12:26:09.920 [FXGL Background Thread 1 ] DEBUG AssetLoader          - Loading from cache: /assets/textures/SPRITESHEET.png
12:26:09.920 [FXGL Background Thread 1 ] DEBUG AssetLoader          - Loading from cache: /assets/textures/SPRITESHEET.png
12:26:09.920 [FXGL Background Thread 1 ] DEBUG AssetLoader          - Loading from cache: /assets/textures/SPRITESHEET.png
12:26:09.920 [FXGL Background Thread 1 ] DEBUG AssetLoader          - Loading from cache: /assets/textures/SPRITESHEET.png
12:26:09.920 [FXGL Background Thread 1 ] DEBUG AssetLoader          - Loading from cache: /assets/textures/SPRITESHEET.png
12:26:09.920 [FXGL Background Thread 1 ] DEBUG AssetLoader          - Loading from cache: /assets/textures/SPRITESHEET.png
12:26:09.920 [FXGL Background Thread 1 ] DEBUG AssetLoader          - Loading from cache: /assets/textures/SPRITESHEET.png
12:26:09.921 [FXGL Background Thread 1 ] DEBUG AssetLoader          - Loading from cache: /assets/textures/SPRITESHEET.png
12:26:09.921 [FXGL Background Thread 1 ] DEBUG AssetLoader          - Loading from cache: /assets/textures/SPRITESHEET.png
12:26:09.921 [FXGL Background Thread 1 ] DEBUG AssetLoader          - Loading from cache: /assets/textures/SPRITESHEET.png
12:26:09.921 [FXGL Background Thread 1 ] DEBUG AssetLoader          - Loading from cache: /assets/textures/SPRITESHEET.png
12:26:09.921 [FXGL Background Thread 1 ] DEBUG AssetLoader          - Loading from cache: /assets/textures/SPRITESHEET.png
12:26:09.921 [FXGL Background Thread 1 ] DEBUG AssetLoader          - Loading from cache: /assets/textures/SPRITESHEET.png
12:26:09.921 [FXGL Background Thread 1 ] DEBUG AssetLoader          - Loading from cache: /assets/textures/SPRITESHEET.png
12:26:09.921 [FXGL Background Thread 1 ] DEBUG AssetLoader          - Loading from cache: /assets/textures/SPRITESHEET.png
12:26:09.921 [FXGL Background Thread 1 ] DEBUG AssetLoader          - Loading from cache: /assets/textures/SPRITESHEET.png
12:26:09.921 [FXGL Background Thread 1 ] DEBUG AssetLoader          - Loading from cache: /assets/textures/SPRITESHEET.png
12:26:09.922 [FXGL Background Thread 1 ] DEBUG AssetLoader          - Loading from cache: /assets/textures/SPRITESHEET.png
12:26:09.922 [FXGL Background Thread 1 ] DEBUG AssetLoader          - Loading from cache: /assets/textures/SPRITESHEET.png
12:26:09.922 [FXGL Background Thread 1 ] DEBUG AssetLoader          - Loading from cache: /assets/textures/SPRITESHEET.png
12:26:09.922 [FXGL Background Thread 1 ] DEBUG AssetLoader          - Loading from cache: /assets/textures/SPRITESHEET.png
12:26:09.922 [FXGL Background Thread 1 ] DEBUG AssetLoader          - Loading from cache: /assets/textures/SPRITESHEET.png
12:26:09.922 [FXGL Background Thread 1 ] DEBUG AssetLoader          - Loading from cache: /assets/textures/SPRITESHEET.png
12:26:09.922 [FXGL Background Thread 1 ] DEBUG AssetLoader          - Loading from cache: /assets/textures/SPRITESHEET.png
12:26:09.922 [FXGL Background Thread 1 ] DEBUG AssetLoader          - Loading from cache: /assets/textures/SPRITESHEET.png
12:26:09.922 [FXGL Background Thread 1 ] DEBUG AssetLoader          - Loading from cache: /assets/textures/SPRITESHEET.png
12:26:09.923 [FXGL Background Thread 1 ] DEBUG AssetLoader          - Loading from cache: /assets/textures/SPRITESHEET.png
12:26:09.923 [FXGL Background Thread 1 ] DEBUG AssetLoader          - Loading from cache: /assets/textures/SPRITESHEET.png
12:26:09.923 [FXGL Background Thread 1 ] DEBUG AssetLoader          - Loading from cache: /assets/textures/SPRITESHEET.png
12:26:09.923 [FXGL Background Thread 1 ] DEBUG AssetLoader          - Loading from cache: /assets/textures/SPRITESHEET.png
12:26:09.923 [FXGL Background Thread 1 ] DEBUG AssetLoader          - Loading from cache: /assets/textures/SPRITESHEET.png
12:26:09.923 [FXGL Background Thread 1 ] DEBUG AssetLoader          - Loading from cache: /assets/textures/SPRITESHEET.png
12:26:09.923 [FXGL Background Thread 1 ] DEBUG AssetLoader          - Loading from cache: /assets/textures/SPRITESHEET.png
12:26:09.923 [FXGL Background Thread 1 ] DEBUG AssetLoader          - Loading from cache: /assets/textures/SPRITESHEET.png
12:26:09.924 [FXGL Background Thread 1 ] DEBUG AssetLoader          - Loading from cache: /assets/textures/SPRITESHEET.png
12:26:09.924 [FXGL Background Thread 1 ] DEBUG AssetLoader          - Loading from cache: /assets/textures/SPRITESHEET.png
12:26:09.924 [FXGL Background Thread 1 ] DEBUG AssetLoader          - Loading from cache: /assets/textures/SPRITESHEET.png
12:26:09.924 [FXGL Background Thread 1 ] DEBUG AssetLoader          - Loading from cache: /assets/textures/SPRITESHEET.png
12:26:09.924 [FXGL Background Thread 1 ] DEBUG AssetLoader          - Loading from cache: /assets/textures/SPRITESHEET.png
12:26:09.924 [FXGL Background Thread 1 ] DEBUG AssetLoader          - Loading from cache: /assets/textures/SPRITESHEET.png
12:26:09.924 [FXGL Background Thread 1 ] DEBUG AssetLoader          - Loading from cache: /assets/textures/SPRITESHEET.png
12:26:09.924 [FXGL Background Thread 1 ] DEBUG AssetLoader          - Loading from cache: /assets/textures/SPRITESHEET.png
12:26:09.924 [FXGL Background Thread 1 ] DEBUG AssetLoader          - Loading from cache: /assets/textures/SPRITESHEET.png
12:26:09.924 [FXGL Background Thread 1 ] DEBUG AssetLoader          - Loading from cache: /assets/textures/SPRITESHEET.png
12:26:09.925 [FXGL Background Thread 1 ] DEBUG AssetLoader          - Loading from cache: /assets/textures/SPRITESHEET.png
12:26:09.925 [FXGL Background Thread 1 ] DEBUG AssetLoader          - Loading from cache: /assets/textures/SPRITESHEET.png
12:26:09.925 [FXGL Background Thread 1 ] DEBUG AssetLoader          - Loading from cache: /assets/textures/SPRITESHEET.png
12:26:09.925 [FXGL Background Thread 1 ] DEBUG AssetLoader          - Loading from cache: /assets/textures/SPRITESHEET.png
12:26:09.925 [FXGL Background Thread 1 ] DEBUG AssetLoader          - Loading from cache: /assets/textures/SPRITESHEET.png
12:26:09.925 [FXGL Background Thread 1 ] DEBUG AssetLoader          - Loading from cache: /assets/textures/SPRITESHEET.png
12:26:09.925 [FXGL Background Thread 1 ] DEBUG AssetLoader          - Loading from cache: /assets/textures/SPRITESHEET.png
12:26:09.926 [FXGL Background Thread 1 ] DEBUG AssetLoader          - Loading from cache: /assets/textures/SPRITESHEET.png
12:26:09.926 [FXGL Background Thread 1 ] DEBUG AssetLoader          - Loading from cache: /assets/textures/SPRITESHEET.png
12:26:09.926 [FXGL Background Thread 1 ] DEBUG AssetLoader          - Loading from cache: /assets/textures/SPRITESHEET.png
12:26:09.926 [FXGL Background Thread 1 ] DEBUG AssetLoader          - Loading from cache: /assets/textures/SPRITESHEET.png
12:26:09.926 [FXGL Background Thread 1 ] DEBUG AssetLoader          - Loading from cache: /assets/textures/SPRITESHEET.png
12:26:09.926 [FXGL Background Thread 1 ] DEBUG AssetLoader          - Loading from cache: /assets/textures/SPRITESHEET.png
12:26:09.926 [FXGL Background Thread 1 ] DEBUG AssetLoader          - Loading from cache: /assets/textures/SPRITESHEET.png
12:26:09.926 [FXGL Background Thread 1 ] DEBUG AssetLoader          - Loading from cache: /assets/textures/SPRITESHEET.png
12:26:09.926 [FXGL Background Thread 1 ] DEBUG AssetLoader          - Loading from cache: /assets/textures/SPRITESHEET.png
12:26:09.927 [FXGL Background Thread 1 ] DEBUG AssetLoader          - Loading from cache: /assets/textures/SPRITESHEET.png
12:26:09.927 [FXGL Background Thread 1 ] DEBUG AssetLoader          - Loading from cache: /assets/textures/SPRITESHEET.png
12:26:09.927 [FXGL Background Thread 1 ] DEBUG AssetLoader          - Loading from cache: /assets/textures/SPRITESHEET.png
12:26:09.927 [FXGL Background Thread 1 ] DEBUG AssetLoader          - Loading from cache: /assets/textures/SPRITESHEET.png
12:26:09.927 [FXGL Background Thread 1 ] DEBUG AssetLoader          - Loading from cache: /assets/textures/SPRITESHEET.png
12:26:09.927 [FXGL Background Thread 1 ] DEBUG AssetLoader          - Loading from cache: /assets/textures/SPRITESHEET.png
12:26:09.927 [FXGL Background Thread 1 ] DEBUG AssetLoader          - Loading from cache: /assets/textures/SPRITESHEET.png
12:26:09.927 [FXGL Background Thread 1 ] DEBUG AssetLoader          - Loading from cache: /assets/textures/SPRITESHEET.png
12:26:09.927 [FXGL Background Thread 1 ] DEBUG AssetLoader          - Loading from cache: /assets/textures/SPRITESHEET.png
12:26:09.927 [FXGL Background Thread 1 ] DEBUG AssetLoader          - Loading from cache: /assets/textures/SPRITESHEET.png
12:26:09.927 [FXGL Background Thread 1 ] DEBUG AssetLoader          - Loading from cache: /assets/textures/SPRITESHEET.png
12:26:09.928 [FXGL Background Thread 1 ] DEBUG AssetLoader          - Loading from cache: /assets/textures/SPRITESHEET.png
12:26:09.928 [FXGL Background Thread 1 ] DEBUG AssetLoader          - Loading from cache: /assets/textures/SPRITESHEET.png
12:26:09.928 [FXGL Background Thread 1 ] DEBUG AssetLoader          - Loading from cache: /assets/textures/SPRITESHEET.png
12:26:09.928 [FXGL Background Thread 1 ] DEBUG AssetLoader          - Loading from cache: /assets/textures/SPRITESHEET.png
12:26:09.928 [FXGL Background Thread 1 ] DEBUG AssetLoader          - Loading from cache: /assets/textures/SPRITESHEET.png
12:26:09.928 [FXGL Background Thread 1 ] DEBUG AssetLoader          - Loading from cache: /assets/textures/SPRITESHEET.png
12:26:09.928 [FXGL Background Thread 1 ] DEBUG AssetLoader          - Loading from cache: /assets/textures/SPRITESHEET.png
12:26:09.928 [FXGL Background Thread 1 ] DEBUG AssetLoader          - Loading from cache: /assets/textures/SPRITESHEET.png
12:26:09.928 [FXGL Background Thread 1 ] DEBUG AssetLoader          - Loading from cache: /assets/textures/SPRITESHEET.png
12:26:09.929 [FXGL Background Thread 1 ] DEBUG AssetLoader          - Loading from cache: /assets/textures/SPRITESHEET.png
12:26:09.929 [FXGL Background Thread 1 ] DEBUG AssetLoader          - Loading from cache: /assets/textures/SPRITESHEET.png
12:26:09.929 [FXGL Background Thread 1 ] DEBUG AssetLoader          - Loading from cache: /assets/textures/SPRITESHEET.png
12:26:09.929 [FXGL Background Thread 1 ] DEBUG AssetLoader          - Loading from cache: /assets/textures/SPRITESHEET.png
12:26:09.929 [FXGL Background Thread 1 ] DEBUG AssetLoader          - Loading from cache: /assets/textures/SPRITESHEET.png
12:26:09.929 [FXGL Background Thread 1 ] DEBUG AssetLoader          - Loading from cache: /assets/textures/SPRITESHEET.png
12:26:09.929 [FXGL Background Thread 1 ] DEBUG AssetLoader          - Loading from cache: /assets/textures/SPRITESHEET.png
12:26:09.929 [FXGL Background Thread 1 ] DEBUG AssetLoader          - Loading from cache: /assets/textures/SPRITESHEET.png
12:26:09.929 [FXGL Background Thread 1 ] DEBUG AssetLoader          - Loading from cache: /assets/textures/SPRITESHEET.png
12:26:09.929 [FXGL Background Thread 1 ] DEBUG AssetLoader          - Loading from cache: /assets/textures/SPRITESHEET.png
12:26:09.930 [FXGL Background Thread 1 ] DEBUG AssetLoader          - Loading from cache: /assets/textures/SPRITESHEET.png
12:26:09.930 [FXGL Background Thread 1 ] DEBUG AssetLoader          - Loading from cache: /assets/textures/SPRITESHEET.png
12:26:09.930 [FXGL Background Thread 1 ] DEBUG AssetLoader          - Loading from cache: /assets/textures/SPRITESHEET.png
12:26:09.930 [FXGL Background Thread 1 ] DEBUG AssetLoader          - Loading from cache: /assets/textures/SPRITESHEET.png
12:26:09.930 [FXGL Background Thread 1 ] DEBUG AssetLoader          - Loading from cache: /assets/textures/SPRITESHEET.png
12:26:09.930 [FXGL Background Thread 1 ] DEBUG AssetLoader          - Loading from cache: /assets/textures/SPRITESHEET.png
12:26:09.930 [FXGL Background Thread 1 ] DEBUG AssetLoader          - Loading from cache: /assets/textures/SPRITESHEET.png
12:26:09.930 [FXGL Background Thread 1 ] DEBUG AssetLoader          - Loading from cache: /assets/textures/SPRITESHEET.png
12:26:09.930 [FXGL Background Thread 1 ] DEBUG AssetLoader          - Loading from cache: /assets/textures/SPRITESHEET.png
12:26:09.931 [FXGL Background Thread 1 ] DEBUG AssetLoader          - Loading from cache: /assets/textures/SPRITESHEET.png
12:26:09.931 [FXGL Background Thread 1 ] DEBUG AssetLoader          - Loading from cache: /assets/textures/SPRITESHEET.png
12:26:09.931 [FXGL Background Thread 1 ] DEBUG AssetLoader          - Loading from cache: /assets/textures/SPRITESHEET.png
12:26:09.931 [FXGL Background Thread 1 ] DEBUG AssetLoader          - Loading from cache: /assets/textures/SPRITESHEET.png
12:26:09.931 [FXGL Background Thread 1 ] DEBUG AssetLoader          - Loading from cache: /assets/textures/SPRITESHEET.png
12:26:09.931 [FXGL Background Thread 1 ] DEBUG AssetLoader          - Loading from cache: /assets/textures/SPRITESHEET.png
12:26:09.931 [FXGL Background Thread 1 ] DEBUG AssetLoader          - Loading from cache: /assets/textures/SPRITESHEET.png
12:26:09.931 [FXGL Background Thread 1 ] DEBUG AssetLoader          - Loading from cache: /assets/textures/SPRITESHEET.png
12:26:09.932 [FXGL Background Thread 1 ] DEBUG AssetLoader          - Loading from cache: /assets/textures/SPRITESHEET.png
12:26:09.932 [FXGL Background Thread 1 ] DEBUG AssetLoader          - Loading from cache: /assets/textures/SPRITESHEET.png
12:26:09.932 [FXGL Background Thread 1 ] DEBUG AssetLoader          - Loading from cache: /assets/textures/SPRITESHEET.png
12:26:09.932 [FXGL Background Thread 1 ] DEBUG AssetLoader          - Loading from cache: /assets/textures/SPRITESHEET.png
12:26:09.932 [FXGL Background Thread 1 ] DEBUG AssetLoader          - Loading from cache: /assets/textures/SPRITESHEET.png
12:26:09.932 [FXGL Background Thread 1 ] DEBUG AssetLoader          - Loading from cache: /assets/textures/SPRITESHEET.png
12:26:09.932 [FXGL Background Thread 1 ] DEBUG AssetLoader          - Loading from cache: /assets/textures/SPRITESHEET.png
12:26:09.932 [FXGL Background Thread 1 ] DEBUG AssetLoader          - Loading from cache: /assets/textures/SPRITESHEET.png
12:26:09.932 [FXGL Background Thread 1 ] DEBUG AssetLoader          - Loading from cache: /assets/textures/SPRITESHEET.png
12:26:09.932 [FXGL Background Thread 1 ] DEBUG AssetLoader          - Loading from cache: /assets/textures/SPRITESHEET.png
12:26:09.933 [FXGL Background Thread 1 ] DEBUG AssetLoader          - Loading from cache: /assets/textures/SPRITESHEET.png
12:26:09.933 [FXGL Background Thread 1 ] DEBUG AssetLoader          - Loading from cache: /assets/textures/SPRITESHEET.png
12:26:09.933 [FXGL Background Thread 1 ] DEBUG AssetLoader          - Loading from cache: /assets/textures/SPRITESHEET.png
12:26:09.933 [FXGL Background Thread 1 ] DEBUG AssetLoader          - Loading from cache: /assets/textures/SPRITESHEET.png
12:26:09.933 [FXGL Background Thread 1 ] DEBUG AssetLoader          - Loading from cache: /assets/textures/SPRITESHEET.png
12:26:09.933 [FXGL Background Thread 1 ] DEBUG AssetLoader          - Loading from cache: /assets/textures/SPRITESHEET.png
12:26:09.933 [FXGL Background Thread 1 ] DEBUG AssetLoader          - Loading from cache: /assets/textures/SPRITESHEET.png
12:26:09.933 [FXGL Background Thread 1 ] DEBUG AssetLoader          - Loading from cache: /assets/textures/SPRITESHEET.png
12:26:09.933 [FXGL Background Thread 1 ] DEBUG AssetLoader          - Loading from cache: /assets/textures/SPRITESHEET.png
12:26:09.934 [FXGL Background Thread 1 ] DEBUG AssetLoader          - Loading from cache: /assets/textures/SPRITESHEET.png
12:26:09.934 [FXGL Background Thread 1 ] DEBUG AssetLoader          - Loading from cache: /assets/textures/SPRITESHEET.png
12:26:09.934 [FXGL Background Thread 1 ] DEBUG AssetLoader          - Loading from cache: /assets/textures/SPRITESHEET.png
12:26:09.934 [FXGL Background Thread 1 ] DEBUG AssetLoader          - Loading from cache: /assets/textures/SPRITESHEET.png
12:26:09.934 [FXGL Background Thread 1 ] DEBUG AssetLoader          - Loading from cache: /assets/textures/SPRITESHEET.png
12:26:09.934 [FXGL Background Thread 1 ] DEBUG AssetLoader          - Loading from cache: /assets/textures/SPRITESHEET.png
12:26:09.934 [FXGL Background Thread 1 ] DEBUG AssetLoader          - Loading from cache: /assets/textures/SPRITESHEET.png
12:26:09.934 [FXGL Background Thread 1 ] DEBUG AssetLoader          - Loading from cache: /assets/textures/SPRITESHEET.png
12:26:09.934 [FXGL Background Thread 1 ] DEBUG AssetLoader          - Loading from cache: /assets/textures/SPRITESHEET.png
12:26:09.934 [FXGL Background Thread 1 ] DEBUG AssetLoader          - Loading from cache: /assets/textures/SPRITESHEET.png
12:26:09.935 [FXGL Background Thread 1 ] DEBUG AssetLoader          - Loading from cache: /assets/textures/SPRITESHEET.png
12:26:09.935 [FXGL Background Thread 1 ] DEBUG AssetLoader          - Loading from cache: /assets/textures/SPRITESHEET.png
12:26:09.935 [FXGL Background Thread 1 ] DEBUG AssetLoader          - Loading from cache: /assets/textures/SPRITESHEET.png
12:26:09.935 [FXGL Background Thread 1 ] DEBUG AssetLoader          - Loading from cache: /assets/textures/SPRITESHEET.png
12:26:09.935 [FXGL Background Thread 1 ] DEBUG AssetLoader          - Loading from cache: /assets/textures/SPRITESHEET.png
12:26:09.935 [FXGL Background Thread 1 ] DEBUG AssetLoader          - Loading from cache: /assets/textures/SPRITESHEET.png
12:26:09.935 [FXGL Background Thread 1 ] DEBUG AssetLoader          - Loading from cache: /assets/textures/SPRITESHEET.png
12:26:09.935 [FXGL Background Thread 1 ] DEBUG AssetLoader          - Loading from cache: /assets/textures/SPRITESHEET.png
12:26:09.935 [FXGL Background Thread 1 ] DEBUG AssetLoader          - Loading from cache: /assets/textures/SPRITESHEET.png
12:26:09.936 [FXGL Background Thread 1 ] DEBUG AssetLoader          - Loading from cache: /assets/textures/SPRITESHEET.png
12:26:09.936 [FXGL Background Thread 1 ] DEBUG AssetLoader          - Loading from cache: /assets/textures/SPRITESHEET.png
12:26:09.936 [FXGL Background Thread 1 ] DEBUG AssetLoader          - Loading from cache: /assets/textures/SPRITESHEET.png
12:26:09.936 [FXGL Background Thread 1 ] DEBUG AssetLoader          - Loading from cache: /assets/textures/SPRITESHEET.png
12:26:09.936 [FXGL Background Thread 1 ] DEBUG AssetLoader          - Loading from cache: /assets/textures/SPRITESHEET.png
12:26:09.936 [FXGL Background Thread 1 ] DEBUG AssetLoader          - Loading from cache: /assets/textures/SPRITESHEET.png
12:26:09.936 [FXGL Background Thread 1 ] DEBUG AssetLoader          - Loading from cache: /assets/textures/SPRITESHEET.png
12:26:09.936 [FXGL Background Thread 1 ] DEBUG AssetLoader          - Loading from cache: /assets/textures/SPRITESHEET.png
12:26:09.936 [FXGL Background Thread 1 ] DEBUG AssetLoader          - Loading from cache: /assets/textures/SPRITESHEET.png
12:26:09.936 [FXGL Background Thread 1 ] DEBUG AssetLoader          - Loading from cache: /assets/textures/SPRITESHEET.png
12:26:09.937 [FXGL Background Thread 1 ] DEBUG AssetLoader          - Loading from cache: /assets/textures/SPRITESHEET.png
12:26:09.937 [FXGL Background Thread 1 ] DEBUG AssetLoader          - Loading from cache: /assets/textures/SPRITESHEET.png
12:26:09.937 [FXGL Background Thread 1 ] DEBUG AssetLoader          - Loading from cache: /assets/textures/SPRITESHEET.png
12:26:09.937 [FXGL Background Thread 1 ] DEBUG AssetLoader          - Loading from cache: /assets/textures/SPRITESHEET.png
12:26:09.937 [FXGL Background Thread 1 ] DEBUG AssetLoader          - Loading from cache: /assets/textures/SPRITESHEET.png
12:26:09.937 [FXGL Background Thread 1 ] DEBUG AssetLoader          - Loading from cache: /assets/textures/SPRITESHEET.png
12:26:09.937 [FXGL Background Thread 1 ] DEBUG AssetLoader          - Loading from cache: /assets/textures/SPRITESHEET.png
12:26:09.937 [FXGL Background Thread 1 ] DEBUG AssetLoader          - Loading from cache: /assets/textures/SPRITESHEET.png
12:26:09.937 [FXGL Background Thread 1 ] DEBUG AssetLoader          - Loading from cache: /assets/textures/SPRITESHEET.png
12:26:09.937 [FXGL Background Thread 1 ] DEBUG AssetLoader          - Loading from cache: /assets/textures/SPRITESHEET.png
12:26:09.937 [FXGL Background Thread 1 ] DEBUG AssetLoader          - Loading from cache: /assets/textures/SPRITESHEET.png
12:26:09.938 [FXGL Background Thread 1 ] DEBUG AssetLoader          - Loading from cache: /assets/textures/SPRITESHEET.png
12:26:09.938 [FXGL Background Thread 1 ] DEBUG AssetLoader          - Loading from cache: /assets/textures/SPRITESHEET.png
12:26:09.938 [FXGL Background Thread 1 ] DEBUG AssetLoader          - Loading from cache: /assets/textures/SPRITESHEET.png
12:26:09.938 [FXGL Background Thread 1 ] DEBUG AssetLoader          - Loading from cache: /assets/textures/SPRITESHEET.png
12:26:09.938 [FXGL Background Thread 1 ] DEBUG AssetLoader          - Loading from cache: /assets/textures/SPRITESHEET.png
12:26:09.938 [FXGL Background Thread 1 ] DEBUG AssetLoader          - Loading from cache: /assets/textures/SPRITESHEET.png
12:26:09.938 [FXGL Background Thread 1 ] DEBUG AssetLoader          - Loading from cache: /assets/textures/SPRITESHEET.png
12:26:09.939 [FXGL Background Thread 1 ] DEBUG AssetLoader          - Loading from cache: /assets/textures/SPRITESHEET.png
12:26:09.939 [FXGL Background Thread 1 ] DEBUG AssetLoader          - Loading from cache: /assets/textures/SPRITESHEET.png
12:26:09.939 [FXGL Background Thread 1 ] DEBUG AssetLoader          - Loading from cache: /assets/textures/SPRITESHEET.png
12:26:09.939 [FXGL Background Thread 1 ] DEBUG AssetLoader          - Loading from cache: /assets/textures/SPRITESHEET.png
12:26:09.939 [FXGL Background Thread 1 ] DEBUG AssetLoader          - Loading from cache: /assets/textures/SPRITESHEET.png
12:26:09.939 [FXGL Background Thread 1 ] DEBUG AssetLoader          - Loading from cache: /assets/textures/SPRITESHEET.png
12:26:09.939 [FXGL Background Thread 1 ] DEBUG AssetLoader          - Loading from cache: /assets/textures/SPRITESHEET.png
12:26:09.939 [FXGL Background Thread 1 ] DEBUG AssetLoader          - Loading from cache: /assets/textures/SPRITESHEET.png
12:26:09.939 [FXGL Background Thread 1 ] DEBUG AssetLoader          - Loading from cache: /assets/textures/SPRITESHEET.png
12:26:09.940 [FXGL Background Thread 1 ] DEBUG AssetLoader          - Loading from cache: /assets/textures/SPRITESHEET.png
12:26:09.940 [FXGL Background Thread 1 ] DEBUG AssetLoader          - Loading from cache: /assets/textures/SPRITESHEET.png
12:26:09.940 [FXGL Background Thread 1 ] DEBUG AssetLoader          - Loading from cache: /assets/textures/SPRITESHEET.png
12:26:09.940 [FXGL Background Thread 1 ] DEBUG AssetLoader          - Loading from cache: /assets/textures/SPRITESHEET.png
12:26:09.940 [FXGL Background Thread 1 ] DEBUG AssetLoader          - Loading from cache: /assets/textures/SPRITESHEET.png
12:26:09.940 [FXGL Background Thread 1 ] DEBUG AssetLoader          - Loading from cache: /assets/textures/SPRITESHEET.png
12:26:09.940 [FXGL Background Thread 1 ] DEBUG AssetLoader          - Loading from cache: /assets/textures/SPRITESHEET.png
12:26:09.940 [FXGL Background Thread 1 ] DEBUG AssetLoader          - Loading from cache: /assets/textures/SPRITESHEET.png
12:26:09.940 [FXGL Background Thread 1 ] DEBUG AssetLoader          - Loading from cache: /assets/textures/SPRITESHEET.png
12:26:09.940 [FXGL Background Thread 1 ] DEBUG AssetLoader          - Loading from cache: /assets/textures/SPRITESHEET.png
12:26:09.940 [FXGL Background Thread 1 ] DEBUG AssetLoader          - Loading from cache: /assets/textures/SPRITESHEET.png
12:26:09.940 [FXGL Background Thread 1 ] DEBUG AssetLoader          - Loading from cache: /assets/textures/SPRITESHEET.png
12:26:09.940 [FXGL Background Thread 1 ] DEBUG AssetLoader          - Loading from cache: /assets/textures/SPRITESHEET.png
12:26:09.941 [FXGL Background Thread 1 ] DEBUG AssetLoader          - Loading from cache: /assets/textures/SPRITESHEET.png
12:26:09.941 [FXGL Background Thread 1 ] DEBUG AssetLoader          - Loading from cache: /assets/textures/SPRITESHEET.png
12:26:09.941 [FXGL Background Thread 1 ] DEBUG AssetLoader          - Loading from cache: /assets/textures/SPRITESHEET.png
12:26:09.941 [FXGL Background Thread 1 ] DEBUG AssetLoader          - Loading from cache: /assets/textures/SPRITESHEET.png
12:26:09.941 [FXGL Background Thread 1 ] DEBUG AssetLoader          - Loading from cache: /assets/textures/SPRITESHEET.png
12:26:09.941 [FXGL Background Thread 1 ] DEBUG AssetLoader          - Loading from cache: /assets/textures/SPRITESHEET.png
12:26:09.941 [FXGL Background Thread 1 ] DEBUG AssetLoader          - Loading from cache: /assets/textures/SPRITESHEET.png
12:26:09.941 [FXGL Background Thread 1 ] DEBUG AssetLoader          - Loading from cache: /assets/textures/SPRITESHEET.png
12:26:09.941 [FXGL Background Thread 1 ] DEBUG AssetLoader          - Loading from cache: /assets/textures/SPRITESHEET.png
12:26:09.941 [FXGL Background Thread 1 ] DEBUG AssetLoader          - Loading from cache: /assets/textures/SPRITESHEET.png
12:26:09.941 [FXGL Background Thread 1 ] DEBUG AssetLoader          - Loading from cache: /assets/textures/SPRITESHEET.png
12:26:09.941 [FXGL Background Thread 1 ] DEBUG AssetLoader          - Loading from cache: /assets/textures/SPRITESHEET.png
12:26:09.941 [FXGL Background Thread 1 ] DEBUG AssetLoader          - Loading from cache: /assets/textures/SPRITESHEET.png
12:26:09.942 [FXGL Background Thread 1 ] DEBUG AssetLoader          - Loading from cache: /assets/textures/SPRITESHEET.png
12:26:09.942 [FXGL Background Thread 1 ] DEBUG AssetLoader          - Loading from cache: /assets/textures/SPRITESHEET.png
12:26:09.942 [FXGL Background Thread 1 ] DEBUG AssetLoader          - Loading from cache: /assets/textures/SPRITESHEET.png
12:26:09.942 [FXGL Background Thread 1 ] DEBUG AssetLoader          - Loading from cache: /assets/textures/SPRITESHEET.png
12:26:09.942 [FXGL Background Thread 1 ] DEBUG AssetLoader          - Loading from cache: /assets/textures/SPRITESHEET.png
12:26:09.942 [FXGL Background Thread 1 ] DEBUG AssetLoader          - Loading from cache: /assets/textures/SPRITESHEET.png
12:26:09.942 [FXGL Background Thread 1 ] DEBUG AssetLoader          - Loading from cache: /assets/textures/SPRITESHEET.png
12:26:09.942 [FXGL Background Thread 1 ] DEBUG AssetLoader          - Loading from cache: /assets/textures/SPRITESHEET.png
12:26:09.942 [FXGL Background Thread 1 ] DEBUG AssetLoader          - Loading from cache: /assets/textures/SPRITESHEET.png
12:26:09.942 [FXGL Background Thread 1 ] DEBUG AssetLoader          - Loading from cache: /assets/textures/SPRITESHEET.png
12:26:09.942 [FXGL Background Thread 1 ] DEBUG AssetLoader          - Loading from cache: /assets/textures/SPRITESHEET.png
12:26:09.942 [FXGL Background Thread 1 ] DEBUG AssetLoader          - Loading from cache: /assets/textures/SPRITESHEET.png
12:26:09.942 [FXGL Background Thread 1 ] DEBUG AssetLoader          - Loading from cache: /assets/textures/SPRITESHEET.png
12:26:09.943 [FXGL Background Thread 1 ] DEBUG AssetLoader          - Loading from cache: /assets/textures/SPRITESHEET.png
12:26:09.943 [FXGL Background Thread 1 ] DEBUG AssetLoader          - Loading from cache: /assets/textures/SPRITESHEET.png
12:26:09.943 [FXGL Background Thread 1 ] DEBUG AssetLoader          - Loading from cache: /assets/textures/SPRITESHEET.png
12:26:09.943 [FXGL Background Thread 1 ] DEBUG AssetLoader          - Loading from cache: /assets/textures/SPRITESHEET.png
12:26:09.943 [FXGL Background Thread 1 ] DEBUG AssetLoader          - Loading from cache: /assets/textures/SPRITESHEET.png
12:26:09.943 [FXGL Background Thread 1 ] DEBUG AssetLoader          - Loading from cache: /assets/textures/SPRITESHEET.png
12:26:09.943 [FXGL Background Thread 1 ] DEBUG AssetLoader          - Loading from cache: /assets/textures/SPRITESHEET.png
12:26:09.943 [FXGL Background Thread 1 ] DEBUG AssetLoader          - Loading from cache: /assets/textures/SPRITESHEET.png
12:26:09.943 [FXGL Background Thread 1 ] DEBUG AssetLoader          - Loading from cache: /assets/textures/SPRITESHEET.png
12:26:09.943 [FXGL Background Thread 1 ] DEBUG AssetLoader          - Loading from cache: /assets/textures/SPRITESHEET.png
12:26:09.943 [FXGL Background Thread 1 ] DEBUG AssetLoader          - Loading from cache: /assets/textures/SPRITESHEET.png
12:26:09.943 [FXGL Background Thread 1 ] DEBUG AssetLoader          - Loading from cache: /assets/textures/SPRITESHEET.png
12:26:09.943 [FXGL Background Thread 1 ] DEBUG AssetLoader          - Loading from cache: /assets/textures/SPRITESHEET.png
12:26:09.943 [FXGL Background Thread 1 ] DEBUG AssetLoader          - Loading from cache: /assets/textures/SPRITESHEET.png
12:26:09.944 [FXGL Background Thread 1 ] DEBUG AssetLoader          - Loading from cache: /assets/textures/SPRITESHEET.png
12:26:09.944 [FXGL Background Thread 1 ] DEBUG AssetLoader          - Loading from cache: /assets/textures/SPRITESHEET.png
12:26:09.944 [FXGL Background Thread 1 ] DEBUG AssetLoader          - Loading from cache: /assets/textures/SPRITESHEET.png
12:26:09.944 [FXGL Background Thread 1 ] DEBUG AssetLoader          - Loading from cache: /assets/textures/SPRITESHEET.png
12:26:09.944 [FXGL Background Thread 1 ] DEBUG AssetLoader          - Loading from cache: /assets/textures/SPRITESHEET.png
12:26:09.944 [FXGL Background Thread 1 ] DEBUG AssetLoader          - Loading from cache: /assets/textures/SPRITESHEET.png
12:26:09.944 [FXGL Background Thread 1 ] DEBUG AssetLoader          - Loading from cache: /assets/textures/SPRITESHEET.png
12:26:09.944 [FXGL Background Thread 1 ] DEBUG AssetLoader          - Loading from cache: /assets/textures/SPRITESHEET.png
12:26:09.944 [FXGL Background Thread 1 ] DEBUG AssetLoader          - Loading from cache: /assets/textures/SPRITESHEET.png
12:26:09.944 [FXGL Background Thread 1 ] DEBUG AssetLoader          - Loading from cache: /assets/textures/SPRITESHEET.png
12:26:09.944 [FXGL Background Thread 1 ] DEBUG AssetLoader          - Loading from cache: /assets/textures/SPRITESHEET.png
12:26:09.945 [FXGL Background Thread 1 ] DEBUG AssetLoader          - Loading from cache: /assets/textures/SPRITESHEET.png
12:26:09.945 [FXGL Background Thread 1 ] DEBUG AssetLoader          - Loading from cache: /assets/textures/SPRITESHEET.png
12:26:09.945 [FXGL Background Thread 1 ] DEBUG AssetLoader          - Loading from cache: /assets/textures/SPRITESHEET.png
12:26:09.945 [FXGL Background Thread 1 ] DEBUG AssetLoader          - Loading from cache: /assets/textures/SPRITESHEET.png
12:26:09.945 [FXGL Background Thread 1 ] DEBUG AssetLoader          - Loading from cache: /assets/textures/SPRITESHEET.png
12:26:09.945 [FXGL Background Thread 1 ] DEBUG AssetLoader          - Loading from cache: /assets/textures/SPRITESHEET.png
12:26:09.945 [FXGL Background Thread 1 ] DEBUG AssetLoader          - Loading from cache: /assets/textures/SPRITESHEET.png
12:26:09.945 [FXGL Background Thread 1 ] DEBUG AssetLoader          - Loading from cache: /assets/textures/SPRITESHEET.png
12:26:09.945 [FXGL Background Thread 1 ] DEBUG AssetLoader          - Loading from cache: /assets/textures/SPRITESHEET.png
12:26:09.945 [FXGL Background Thread 1 ] DEBUG AssetLoader          - Loading from cache: /assets/textures/SPRITESHEET.png
12:26:09.945 [FXGL Background Thread 1 ] DEBUG AssetLoader          - Loading from cache: /assets/textures/SPRITESHEET.png
12:26:09.946 [FXGL Background Thread 1 ] DEBUG AssetLoader          - Loading from cache: /assets/textures/SPRITESHEET.png
12:26:09.946 [FXGL Background Thread 1 ] DEBUG AssetLoader          - Loading from cache: /assets/textures/SPRITESHEET.png
12:26:09.946 [FXGL Background Thread 1 ] DEBUG AssetLoader          - Loading from cache: /assets/textures/SPRITESHEET.png
12:26:09.946 [FXGL Background Thread 1 ] DEBUG AssetLoader          - Loading from cache: /assets/textures/SPRITESHEET.png
12:26:09.946 [FXGL Background Thread 1 ] DEBUG AssetLoader          - Loading from cache: /assets/textures/SPRITESHEET.png
12:26:09.946 [FXGL Background Thread 1 ] DEBUG AssetLoader          - Loading from cache: /assets/textures/SPRITESHEET.png
12:26:09.946 [FXGL Background Thread 1 ] DEBUG AssetLoader          - Loading from cache: /assets/textures/SPRITESHEET.png
12:26:09.946 [FXGL Background Thread 1 ] DEBUG AssetLoader          - Loading from cache: /assets/textures/SPRITESHEET.png
12:26:09.946 [FXGL Background Thread 1 ] DEBUG AssetLoader          - Loading from cache: /assets/textures/SPRITESHEET.png
12:26:09.946 [FXGL Background Thread 1 ] DEBUG AssetLoader          - Loading from cache: /assets/textures/SPRITESHEET.png
12:26:09.946 [FXGL Background Thread 1 ] DEBUG AssetLoader          - Loading from cache: /assets/textures/SPRITESHEET.png
12:26:09.946 [FXGL Background Thread 1 ] DEBUG AssetLoader          - Loading from cache: /assets/textures/SPRITESHEET.png
12:26:09.946 [FXGL Background Thread 1 ] DEBUG AssetLoader          - Loading from cache: /assets/textures/SPRITESHEET.png
12:26:09.946 [FXGL Background Thread 1 ] DEBUG AssetLoader          - Loading from cache: /assets/textures/SPRITESHEET.png
12:26:09.947 [FXGL Background Thread 1 ] DEBUG AssetLoader          - Loading from cache: /assets/textures/SPRITESHEET.png
12:26:09.947 [FXGL Background Thread 1 ] DEBUG AssetLoader          - Loading from cache: /assets/textures/SPRITESHEET.png
12:26:09.947 [FXGL Background Thread 1 ] DEBUG AssetLoader          - Loading from cache: /assets/textures/SPRITESHEET.png
12:26:09.947 [FXGL Background Thread 1 ] DEBUG AssetLoader          - Loading from cache: /assets/textures/SPRITESHEET.png
12:26:09.947 [FXGL Background Thread 1 ] DEBUG AssetLoader          - Loading from cache: /assets/textures/SPRITESHEET.png
12:26:09.947 [FXGL Background Thread 1 ] DEBUG AssetLoader          - Loading from cache: /assets/textures/SPRITESHEET.png
12:26:09.947 [FXGL Background Thread 1 ] DEBUG AssetLoader          - Loading from cache: /assets/textures/SPRITESHEET.png
12:26:09.947 [FXGL Background Thread 1 ] DEBUG AssetLoader          - Loading from cache: /assets/textures/SPRITESHEET.png
12:26:09.947 [FXGL Background Thread 1 ] DEBUG AssetLoader          - Loading from cache: /assets/textures/SPRITESHEET.png
12:26:09.947 [FXGL Background Thread 1 ] DEBUG AssetLoader          - Loading from cache: /assets/textures/SPRITESHEET.png
12:26:09.947 [FXGL Background Thread 1 ] DEBUG AssetLoader          - Loading from cache: /assets/textures/SPRITESHEET.png
12:26:09.947 [FXGL Background Thread 1 ] DEBUG AssetLoader          - Loading from cache: /assets/textures/SPRITESHEET.png
12:26:09.947 [FXGL Background Thread 1 ] DEBUG AssetLoader          - Loading from cache: /assets/textures/SPRITESHEET.png
12:26:09.947 [FXGL Background Thread 1 ] DEBUG AssetLoader          - Loading from cache: /assets/textures/SPRITESHEET.png
12:26:09.948 [FXGL Background Thread 1 ] DEBUG AssetLoader          - Loading from cache: /assets/textures/SPRITESHEET.png
12:26:09.948 [FXGL Background Thread 1 ] DEBUG AssetLoader          - Loading from cache: /assets/textures/SPRITESHEET.png
12:26:09.948 [FXGL Background Thread 1 ] DEBUG AssetLoader          - Loading from cache: /assets/textures/SPRITESHEET.png
12:26:09.948 [FXGL Background Thread 1 ] DEBUG AssetLoader          - Loading from cache: /assets/textures/SPRITESHEET.png
12:26:09.948 [FXGL Background Thread 1 ] DEBUG AssetLoader          - Loading from cache: /assets/textures/SPRITESHEET.png
12:26:09.948 [FXGL Background Thread 1 ] DEBUG AssetLoader          - Loading from cache: /assets/textures/SPRITESHEET.png
12:26:09.948 [FXGL Background Thread 1 ] DEBUG AssetLoader          - Loading from cache: /assets/textures/SPRITESHEET.png
12:26:09.948 [FXGL Background Thread 1 ] DEBUG AssetLoader          - Loading from cache: /assets/textures/SPRITESHEET.png
12:26:09.948 [FXGL Background Thread 1 ] DEBUG AssetLoader          - Loading from cache: /assets/textures/SPRITESHEET.png
12:26:09.948 [FXGL Background Thread 1 ] DEBUG AssetLoader          - Loading from cache: /assets/textures/SPRITESHEET.png
12:26:09.948 [FXGL Background Thread 1 ] DEBUG AssetLoader          - Loading from cache: /assets/textures/SPRITESHEET.png
12:26:09.948 [FXGL Background Thread 1 ] DEBUG AssetLoader          - Loading from cache: /assets/textures/SPRITESHEET.png
12:26:09.948 [FXGL Background Thread 1 ] DEBUG AssetLoader          - Loading from cache: /assets/textures/SPRITESHEET.png
12:26:09.948 [FXGL Background Thread 1 ] DEBUG AssetLoader          - Loading from cache: /assets/textures/SPRITESHEET.png
12:26:09.949 [FXGL Background Thread 1 ] DEBUG AssetLoader          - Loading from cache: /assets/textures/SPRITESHEET.png
12:26:09.949 [FXGL Background Thread 1 ] DEBUG AssetLoader          - Loading from cache: /assets/textures/SPRITESHEET.png
12:26:09.949 [FXGL Background Thread 1 ] DEBUG AssetLoader          - Loading from cache: /assets/textures/SPRITESHEET.png
12:26:09.949 [FXGL Background Thread 1 ] DEBUG AssetLoader          - Loading from cache: /assets/textures/SPRITESHEET.png
12:26:09.949 [FXGL Background Thread 1 ] DEBUG AssetLoader          - Loading from cache: /assets/textures/SPRITESHEET.png
12:26:09.949 [FXGL Background Thread 1 ] DEBUG AssetLoader          - Loading from cache: /assets/textures/SPRITESHEET.png
12:26:09.949 [FXGL Background Thread 1 ] DEBUG AssetLoader          - Loading from cache: /assets/textures/SPRITESHEET.png
12:26:09.949 [FXGL Background Thread 1 ] DEBUG AssetLoader          - Loading from cache: /assets/textures/SPRITESHEET.png
12:26:09.949 [FXGL Background Thread 1 ] DEBUG AssetLoader          - Loading from cache: /assets/textures/SPRITESHEET.png
12:26:09.949 [FXGL Background Thread 1 ] DEBUG AssetLoader          - Loading from cache: /assets/textures/SPRITESHEET.png
12:26:09.949 [FXGL Background Thread 1 ] DEBUG AssetLoader          - Loading from cache: /assets/textures/SPRITESHEET.png
12:26:09.949 [FXGL Background Thread 1 ] DEBUG AssetLoader          - Loading from cache: /assets/textures/SPRITESHEET.png
12:26:09.949 [FXGL Background Thread 1 ] DEBUG AssetLoader          - Loading from cache: /assets/textures/SPRITESHEET.png
12:26:09.949 [FXGL Background Thread 1 ] DEBUG AssetLoader          - Loading from cache: /assets/textures/SPRITESHEET.png
12:26:09.949 [FXGL Background Thread 1 ] DEBUG AssetLoader          - Loading from cache: /assets/textures/SPRITESHEET.png
12:26:09.949 [FXGL Background Thread 1 ] DEBUG AssetLoader          - Loading from cache: /assets/textures/SPRITESHEET.png
12:26:09.950 [FXGL Background Thread 1 ] DEBUG AssetLoader          - Loading from cache: /assets/textures/SPRITESHEET.png
12:26:09.950 [FXGL Background Thread 1 ] DEBUG AssetLoader          - Loading from cache: /assets/textures/SPRITESHEET.png
12:26:09.950 [FXGL Background Thread 1 ] DEBUG AssetLoader          - Loading from cache: /assets/textures/SPRITESHEET.png
12:26:09.950 [FXGL Background Thread 1 ] DEBUG AssetLoader          - Loading from cache: /assets/textures/SPRITESHEET.png
12:26:09.950 [FXGL Background Thread 1 ] DEBUG AssetLoader          - Loading from cache: /assets/textures/SPRITESHEET.png
12:26:09.950 [FXGL Background Thread 1 ] DEBUG AssetLoader          - Loading from cache: /assets/textures/SPRITESHEET.png
12:26:09.950 [FXGL Background Thread 1 ] DEBUG AssetLoader          - Loading from cache: /assets/textures/SPRITESHEET.png
12:26:09.950 [FXGL Background Thread 1 ] DEBUG AssetLoader          - Loading from cache: /assets/textures/SPRITESHEET.png
12:26:09.950 [FXGL Background Thread 1 ] DEBUG AssetLoader          - Loading from cache: /assets/textures/SPRITESHEET.png
12:26:09.950 [FXGL Background Thread 1 ] DEBUG AssetLoader          - Loading from cache: /assets/textures/SPRITESHEET.png
12:26:09.950 [FXGL Background Thread 1 ] DEBUG AssetLoader          - Loading from cache: /assets/textures/SPRITESHEET.png
12:26:09.950 [FXGL Background Thread 1 ] DEBUG AssetLoader          - Loading from cache: /assets/textures/SPRITESHEET.png
12:26:09.951 [FXGL Background Thread 1 ] DEBUG AssetLoader          - Loading from cache: /assets/textures/SPRITESHEET.png
12:26:09.951 [FXGL Background Thread 1 ] DEBUG AssetLoader          - Loading from cache: /assets/textures/SPRITESHEET.png
12:26:09.951 [FXGL Background Thread 1 ] DEBUG AssetLoader          - Loading from cache: /assets/textures/SPRITESHEET.png
12:26:09.951 [FXGL Background Thread 1 ] DEBUG AssetLoader          - Loading from cache: /assets/textures/SPRITESHEET.png
12:26:09.951 [FXGL Background Thread 1 ] DEBUG AssetLoader          - Loading from cache: /assets/textures/SPRITESHEET.png
12:26:09.951 [FXGL Background Thread 1 ] DEBUG AssetLoader          - Loading from cache: /assets/textures/SPRITESHEET.png
12:26:09.951 [FXGL Background Thread 1 ] DEBUG AssetLoader          - Loading from cache: /assets/textures/SPRITESHEET.png
12:26:09.951 [FXGL Background Thread 1 ] DEBUG AssetLoader          - Loading from cache: /assets/textures/SPRITESHEET.png
12:26:09.951 [FXGL Background Thread 1 ] DEBUG AssetLoader          - Loading from cache: /assets/textures/SPRITESHEET.png
12:26:09.951 [FXGL Background Thread 1 ] DEBUG AssetLoader          - Loading from cache: /assets/textures/SPRITESHEET.png
12:26:09.951 [FXGL Background Thread 1 ] DEBUG AssetLoader          - Loading from cache: /assets/textures/SPRITESHEET.png
12:26:09.951 [FXGL Background Thread 1 ] DEBUG AssetLoader          - Loading from cache: /assets/textures/SPRITESHEET.png
12:26:09.951 [FXGL Background Thread 1 ] DEBUG AssetLoader          - Loading from cache: /assets/textures/SPRITESHEET.png
12:26:09.951 [FXGL Background Thread 1 ] DEBUG AssetLoader          - Loading from cache: /assets/textures/SPRITESHEET.png
12:26:09.951 [FXGL Background Thread 1 ] DEBUG AssetLoader          - Loading from cache: /assets/textures/SPRITESHEET.png
12:26:09.952 [FXGL Background Thread 1 ] DEBUG AssetLoader          - Loading from cache: /assets/textures/SPRITESHEET.png
12:26:09.952 [FXGL Background Thread 1 ] DEBUG AssetLoader          - Loading from cache: /assets/textures/SPRITESHEET.png
12:26:09.952 [FXGL Background Thread 1 ] DEBUG AssetLoader          - Loading from cache: /assets/textures/SPRITESHEET.png
12:26:09.952 [FXGL Background Thread 1 ] DEBUG AssetLoader          - Loading from cache: /assets/textures/SPRITESHEET.png
12:26:09.952 [FXGL Background Thread 1 ] DEBUG AssetLoader          - Loading from cache: /assets/textures/SPRITESHEET.png
12:26:09.952 [FXGL Background Thread 1 ] DEBUG AssetLoader          - Loading from cache: /assets/textures/SPRITESHEET.png
12:26:09.952 [FXGL Background Thread 1 ] DEBUG AssetLoader          - Loading from cache: /assets/textures/SPRITESHEET.png
12:26:09.952 [FXGL Background Thread 1 ] DEBUG AssetLoader          - Loading from cache: /assets/textures/SPRITESHEET.png
12:26:09.952 [FXGL Background Thread 1 ] DEBUG AssetLoader          - Loading from cache: /assets/textures/SPRITESHEET.png
12:26:09.952 [FXGL Background Thread 1 ] DEBUG AssetLoader          - Loading from cache: /assets/textures/SPRITESHEET.png
12:26:09.952 [FXGL Background Thread 1 ] DEBUG AssetLoader          - Loading from cache: /assets/textures/SPRITESHEET.png
12:26:09.953 [FXGL Background Thread 1 ] DEBUG AssetLoader          - Loading from cache: /assets/textures/SPRITESHEET.png
12:26:09.953 [FXGL Background Thread 1 ] DEBUG AssetLoader          - Loading from cache: /assets/textures/SPRITESHEET.png
12:26:09.953 [FXGL Background Thread 1 ] DEBUG AssetLoader          - Loading from cache: /assets/textures/SPRITESHEET.png
12:26:09.953 [FXGL Background Thread 1 ] DEBUG AssetLoader          - Loading from cache: /assets/textures/SPRITESHEET.png
12:26:09.953 [FXGL Background Thread 1 ] DEBUG AssetLoader          - Loading from cache: /assets/textures/SPRITESHEET.png
12:26:09.953 [FXGL Background Thread 1 ] DEBUG AssetLoader          - Loading from cache: /assets/textures/SPRITESHEET.png
12:26:09.953 [FXGL Background Thread 1 ] DEBUG AssetLoader          - Loading from cache: /assets/textures/SPRITESHEET.png
12:26:09.953 [FXGL Background Thread 1 ] DEBUG AssetLoader          - Loading from cache: /assets/textures/SPRITESHEET.png
12:26:09.953 [FXGL Background Thread 1 ] DEBUG AssetLoader          - Loading from cache: /assets/textures/SPRITESHEET.png
12:26:09.953 [FXGL Background Thread 1 ] DEBUG AssetLoader          - Loading from cache: /assets/textures/SPRITESHEET.png
12:26:09.953 [FXGL Background Thread 1 ] DEBUG AssetLoader          - Loading from cache: /assets/textures/SPRITESHEET.png
12:26:09.953 [FXGL Background Thread 1 ] DEBUG AssetLoader          - Loading from cache: /assets/textures/SPRITESHEET.png
12:26:09.953 [FXGL Background Thread 1 ] DEBUG AssetLoader          - Loading from cache: /assets/textures/SPRITESHEET.png
12:26:09.953 [FXGL Background Thread 1 ] DEBUG AssetLoader          - Loading from cache: /assets/textures/SPRITESHEET.png
12:26:09.953 [FXGL Background Thread 1 ] DEBUG AssetLoader          - Loading from cache: /assets/textures/SPRITESHEET.png
12:26:09.953 [FXGL Background Thread 1 ] DEBUG AssetLoader          - Loading from cache: /assets/textures/SPRITESHEET.png
12:26:09.953 [FXGL Background Thread 1 ] DEBUG AssetLoader          - Loading from cache: /assets/textures/SPRITESHEET.png
12:26:09.954 [FXGL Background Thread 1 ] DEBUG AssetLoader          - Loading from cache: /assets/textures/SPRITESHEET.png
12:26:09.954 [FXGL Background Thread 1 ] DEBUG AssetLoader          - Loading from cache: /assets/textures/SPRITESHEET.png
12:26:09.954 [FXGL Background Thread 1 ] DEBUG AssetLoader          - Loading from cache: /assets/textures/SPRITESHEET.png
12:26:09.954 [FXGL Background Thread 1 ] DEBUG AssetLoader          - Loading from cache: /assets/textures/SPRITESHEET.png
12:26:09.954 [FXGL Background Thread 1 ] DEBUG AssetLoader          - Loading from cache: /assets/textures/SPRITESHEET.png
12:26:09.954 [FXGL Background Thread 1 ] DEBUG AssetLoader          - Loading from cache: /assets/textures/SPRITESHEET.png
12:26:09.954 [FXGL Background Thread 1 ] DEBUG AssetLoader          - Loading from cache: /assets/textures/SPRITESHEET.png
12:26:09.954 [FXGL Background Thread 1 ] DEBUG AssetLoader          - Loading from cache: /assets/textures/SPRITESHEET.png
12:26:09.954 [FXGL Background Thread 1 ] DEBUG AssetLoader          - Loading from cache: /assets/textures/SPRITESHEET.png
12:26:09.954 [FXGL Background Thread 1 ] DEBUG AssetLoader          - Loading from cache: /assets/textures/SPRITESHEET.png
12:26:09.954 [FXGL Background Thread 1 ] DEBUG AssetLoader          - Loading from cache: /assets/textures/SPRITESHEET.png
12:26:09.954 [FXGL Background Thread 1 ] DEBUG AssetLoader          - Loading from cache: /assets/textures/SPRITESHEET.png
12:26:09.954 [FXGL Background Thread 1 ] DEBUG AssetLoader          - Loading from cache: /assets/textures/SPRITESHEET.png
12:26:09.954 [FXGL Background Thread 1 ] DEBUG AssetLoader          - Loading from cache: /assets/textures/SPRITESHEET.png
12:26:09.955 [FXGL Background Thread 1 ] DEBUG AssetLoader          - Loading from cache: /assets/textures/SPRITESHEET.png
12:26:09.955 [FXGL Background Thread 1 ] DEBUG AssetLoader          - Loading from cache: /assets/textures/SPRITESHEET.png
12:26:09.955 [FXGL Background Thread 1 ] DEBUG AssetLoader          - Loading from cache: /assets/textures/SPRITESHEET.png
12:26:09.955 [FXGL Background Thread 1 ] DEBUG AssetLoader          - Loading from cache: /assets/textures/SPRITESHEET.png
12:26:09.955 [FXGL Background Thread 1 ] DEBUG AssetLoader          - Loading from cache: /assets/textures/SPRITESHEET.png
12:26:09.956 [FXGL Background Thread 1 ] DEBUG GameScene            - Creating render group for layer: BACKGROUND(1000)
12:26:09.978 [FXGL Background Thread 1 ] DEBUG GameScene            - Creating render group for layer: DEFAULT(100000)
12:26:09.979 [FXGL Background Thread 1 ] DEBUG AssetLoader          - Loading from disk: /assets/textures/CharacterSprite.png
12:26:09.981 [FXGL Background Thread 1 ] DEBUG AssetLoader          - Loading from cache: /assets/textures/CharacterSprite.png
12:26:09.981 [FXGL Background Thread 1 ] DEBUG AssetLoader          - Loading from cache: /assets/textures/CharacterSprite.png
12:26:09.981 [FXGL Background Thread 1 ] DEBUG AssetLoader          - Loading from cache: /assets/textures/CharacterSprite.png
12:26:09.981 [FXGL Background Thread 1 ] DEBUG AssetLoader          - Loading from cache: /assets/textures/CharacterSprite.png
12:26:09.981 [FXGL Background Thread 1 ] DEBUG AssetLoader          - Loading from cache: /assets/textures/CharacterSprite.png
12:26:09.981 [FXGL Background Thread 1 ] DEBUG AssetLoader          - Loading from cache: /assets/textures/CharacterSprite.png
12:26:09.981 [FXGL Background Thread 1 ] DEBUG AssetLoader          - Loading from cache: /assets/textures/CharacterSprite.png
12:26:09.983 [FXGL Background Thread 1 ] DEBUG InitAppTask          - Initializing Physics
12:26:09.983 [FXGL Background Thread 1 ] DEBUG InitAppTask          - Initializing UI
12:26:09.983 [FXGL Background Thread 1 ] DEBUG AssetLoader          - Loading from disk: /assets/textures/brick.png
12:26:09.984 [FXGL Background Thread 1 ] DEBUG InitAppTask          - Initialization Complete
12:26:09.984 [FXGL Background Thread 1 ] INFO  InitAppTask          - Game initialization took: 0.124 sec
12:26:09.994 [JavaFX Application Thread] DEBUG Input                - Clearing active input actions
12:26:09.994 [JavaFX Application Thread] DEBUG AssetLoader          - Loading from disk: /assets/ui/css/fxgl_dark.css
12:26:10.001 [JavaFX Application Thread] DEBUG AppStateMachine      - LoadingState -> PlayState
12:26:19.604 [JavaFX Application Thread] DEBUG FXGL                 - Exiting FXGL
12:26:19.605 [JavaFX Application Thread] DEBUG FXGL                 - Shutting down background threads
12:26:19.605 [JavaFX Application Thread] DEBUG FXGL                 - Saving FXGL system data
12:26:19.606 [JavaFX Application Thread] DEBUG DesktopFSService     - Writing to: system\fxgl.bundle
12:26:19.608 [JavaFX Application Thread] DEBUG FXGL                 - Closing logger and exiting JavaFX
