15:37:37.723 [main                     ] DEBUG GameApplication      - Logger initialized
15:37:37.732 [main                     ] DEBUG GameApplication      - Logging settings
Title: Basic Game App
Version: 0.1
Width: 640
Height: 640
Fullscreen: false
Intro: false
Menus: false
Profiling: false
Single step:false
App Mode: DEVELOPER
Menu Key: ESCAPE
Stage Style: DECORATED
Scene Factory: class com.almasb.fxgl.app.scene.SceneFactory

15:37:37.886 [JavaFX Application Thread] DEBUG GameApplication      - Initializing FXGL
15:37:37.892 [JavaFX Application Thread] INFO  Engine               - FXGL-11.8 (08.03.2020 09.25) on WINDOWS (J:13.0.2 FX:11.0.2)
15:37:37.892 [JavaFX Application Thread] INFO  Engine               - Source code and latest versions at: https://github.com/AlmasB/FXGL
15:37:37.892 [JavaFX Application Thread] INFO  Engine               -              Join the FXGL chat at: https://gitter.im/AlmasB/FXGL
15:37:37.956 [JavaFX Application Thread] DEBUG MainWindow           - Creating a JavaFX scene
15:37:37.984 [JavaFX Application Thread] DEBUG MainWindow           - Target settings size: 640.0 x 640.0
15:37:37.985 [JavaFX Application Thread] DEBUG MainWindow           - Scaled scene size:    640.0 x 640.0
15:37:37.985 [JavaFX Application Thread] DEBUG MainWindow           - Scaled ratio: (1.0, 1.0)
15:37:37.985 [JavaFX Application Thread] DEBUG MainWindow           - Set initial scene to FXGLStartupScene
15:37:37.989 [JavaFX Application Thread] DEBUG MainWindow           - Opening main window
15:37:38.045 [JavaFX Application Thread] DEBUG MainWindow           - Window border size: (16.0, 39.0)
15:37:38.045 [JavaFX Application Thread] DEBUG MainWindow           - Scaled size: 640.0 x 640.0
15:37:38.045 [JavaFX Application Thread] DEBUG MainWindow           - Scaled ratio: (1.0, 1.0)
15:37:38.046 [JavaFX Application Thread] DEBUG MainWindow           - Scene size: 640.0 x 640.0
15:37:38.046 [JavaFX Application Thread] DEBUG MainWindow           - Stage size: 656.0 x 679.0
15:37:38.050 [FXGL Background Thread 1 ] DEBUG Engine               - Initializing environment variables
15:37:38.069 [FXGL Background Thread 1 ] DEBUG WindowService        - Applying CSS: fxgl_dark.css
15:37:38.069 [FXGL Background Thread 1 ] DEBUG AssetLoaderService   - Loading from file system: /assets/ui/css/fxgl_dark.css
15:37:38.098 [FXGL Background Thread 1 ] DEBUG WindowService        - Initializing application scenes
15:37:38.118 [FXGL Background Thread 1 ] DEBUG GameWorld            - Game world initialized
15:37:38.144 [FXGL Background Thread 1 ] DEBUG PhysicsWorld         - Physics world initialized: appHeight=640, physics.ppm=50.0
15:37:38.146 [FXGL Background Thread 1 ] DEBUG GameScene            - Game scene initialized: 640x640
15:37:38.151 [FXGL Background Thread 1 ] DEBUG Input                - Registered new binding: Resume - Esc
15:37:38.154 [FXGL Background Thread 1 ] DEBUG AssetLoaderService   - Loading from file system: /assets/textures/pause_menu_bg.png
15:37:38.187 [FXGL Background Thread 1 ] DEBUG Input                - Registered new binding: Pause - Esc
15:37:38.187 [FXGL Background Thread 1 ] DEBUG WindowService        - Application scenes initialized
15:37:38.194 [FXGL Background Thread 1 ] DEBUG SystemBundleService  - Loading FXGL system data
15:37:38.197 [FXGL Background Thread 1 ] DEBUG FileSystemAccess     - Reading from: C:\Users\otinn\git\FriendMaker2077-07-03\Project\system\fxgl.bundle
15:37:38.202 [FXGL Background Thread 1 ] DEBUG SystemBundleService  - Bundle FXGL: {}
15:37:38.203 [FXGL Background Thread 1 ] INFO  Engine               - FXGL initialization took: 0.151 sec
15:37:38.204 [FXGL Background Thread 1 ] DEBUG GameApplication      - Loading localizations
15:37:38.204 [FXGL Background Thread 1 ] DEBUG AssetLoaderService   - Loading from file system: /assets/properties/languages/english.properties
15:37:38.205 [FXGL Background Thread 1 ] DEBUG AssetLoaderService   - Loading from file system: /assets/properties/languages/french.properties
15:37:38.207 [FXGL Background Thread 1 ] DEBUG AssetLoaderService   - Loading from file system: /assets/properties/languages/german.properties
15:37:38.208 [FXGL Background Thread 1 ] DEBUG AssetLoaderService   - Loading from file system: /assets/properties/languages/hungarian.properties
15:37:38.209 [FXGL Background Thread 1 ] DEBUG AssetLoaderService   - Loading from file system: /assets/properties/languages/russian.properties
15:37:38.210 [FXGL Background Thread 1 ] DEBUG GameApplication      - Registering font factories with UI factory
15:37:38.211 [FXGL Background Thread 1 ] DEBUG AssetLoaderService   - Loading from file system: /assets/ui/fonts/VarelaRound-Regular.ttf
15:37:38.322 [FXGL Background Thread 1 ] DEBUG AssetLoaderService   - Loading from file system: /assets/ui/fonts/Abel-Regular.ttf
15:37:38.328 [FXGL Background Thread 1 ] DEBUG AssetLoaderService   - Loading from file system: /assets/ui/fonts/lucida_console.ttf
15:37:38.337 [FXGL Background Thread 1 ] DEBUG AssetLoaderService   - Loading from file system: /assets/ui/fonts/Courier-Prime.ttf
15:37:38.347 [JavaFX Application Thread] DEBUG Input                - Registered new binding: Move Right - D
15:37:38.348 [JavaFX Application Thread] DEBUG Input                - Registered new binding: Move Left - A
15:37:38.348 [JavaFX Application Thread] DEBUG Input                - Registered new binding: Move Up - W
15:37:38.348 [JavaFX Application Thread] DEBUG Input                - Registered new binding: Move Down - S
15:37:38.348 [JavaFX Application Thread] DEBUG Input                - Registered new binding: Play Sound - F
15:37:38.348 [JavaFX Application Thread] DEBUG AssetLoaderService   - Loading from file system: /assets/textures/fxgl_icon.png
15:37:38.364 [JavaFX Application Thread] DEBUG AssetLoaderService   - Loading from file system: /assets/ui/cursors/fxgl_default.png
15:37:38.366 [JavaFX Application Thread] DEBUG Input                - Registered new binding: Screenshot - P
15:37:38.366 [JavaFX Application Thread] DEBUG Input                - Registered new binding: System info dump - CTRL+9
15:37:38.367 [JavaFX Application Thread] DEBUG Input                - Registered new binding: Restart - CTRL+R
15:37:38.367 [JavaFX Application Thread] DEBUG LoopRunner           - Starting loop
15:37:38.376 [JavaFX Application Thread] DEBUG FXGLStartupScene     - STARTUP
15:37:38.377 [JavaFX Application Thread] DEBUG WindowService        - Starting new game
15:37:38.378 [JavaFX Application Thread] DEBUG Input                - Clearing active input actions
15:37:38.386 [JavaFX Application Thread] DEBUG WindowService        - Removing overlay from FXGLStartupScene and adding to FXGLLoadingScene
15:37:38.386 [JavaFX Application Thread] DEBUG MainWindow           - FXGLStartupScene -> FXGLLoadingScene
15:37:38.386 [JavaFX Application Thread] DEBUG WindowService        - Clearing previous game
15:37:38.386 [JavaFX Application Thread] DEBUG GameScene            - Clearing game scene
15:37:38.386 [JavaFX Application Thread] DEBUG GameWorld            - Clearing game world
15:37:38.386 [JavaFX Application Thread] DEBUG PhysicsWorld         - Clearing physics world
15:37:38.387 [FXGL Background Thread 1 ] DEBUG GameApplication      - Initializing game
15:37:38.390 [FXGL Background Thread 1 ] DEBUG AssetLoaderService   - Loading from file system: /assets/textures/CharacterSprite.png
15:37:38.392 [FXGL Background Thread 1 ] DEBUG AssetLoaderService   - Loading from cache: /assets/textures/CharacterSprite.png
15:37:38.392 [FXGL Background Thread 1 ] DEBUG AssetLoaderService   - Loading from cache: /assets/textures/CharacterSprite.png
15:37:38.392 [FXGL Background Thread 1 ] DEBUG AssetLoaderService   - Loading from cache: /assets/textures/CharacterSprite.png
15:37:38.392 [FXGL Background Thread 1 ] DEBUG AssetLoaderService   - Loading from cache: /assets/textures/CharacterSprite.png
15:37:38.392 [FXGL Background Thread 1 ] DEBUG AssetLoaderService   - Loading from cache: /assets/textures/CharacterSprite.png
15:37:38.393 [FXGL Background Thread 1 ] DEBUG AssetLoaderService   - Loading from cache: /assets/textures/CharacterSprite.png
15:37:38.393 [FXGL Background Thread 1 ] DEBUG AssetLoaderService   - Loading from cache: /assets/textures/CharacterSprite.png
15:37:38.399 [FXGL Background Thread 1 ] DEBUG AssetLoaderService   - Loading from file system: /assets/textures/brick.png
15:37:38.401 [FXGL Background Thread 1 ] INFO  GameApplication      - Game initialization took: 0.014 sec
15:37:38.411 [JavaFX Application Thread] DEBUG Input                - Clearing active input actions
15:37:38.420 [JavaFX Application Thread] DEBUG WindowService        - Removing overlay from FXGLLoadingScene and adding to GameScene
15:37:38.420 [JavaFX Application Thread] DEBUG MainWindow           - FXGLLoadingScene -> GameScene
15:37:41.204 [FXGL Background Thread 2 ] DEBUG Engine               - Logging environment variables
15:37:41.204 [FXGL Background Thread 2 ] DEBUG Engine               - achievements: []
15:37:41.204 [FXGL Background Thread 2 ] DEBUG Engine               - language: ObjectProperty [value: ENGLISH]
15:37:41.204 [FXGL Background Thread 2 ] DEBUG Engine               - isCloseConfirmation: false
15:37:41.204 [FXGL Background Thread 2 ] DEBUG Engine               - isProfilingEnabled: false
15:37:41.204 [FXGL Background Thread 2 ] DEBUG Engine               - soundNotification: core/notification.wav
15:37:41.204 [FXGL Background Thread 2 ] DEBUG Engine               - devShowBBoxProperty: BooleanProperty [value: false]
15:37:41.204 [FXGL Background Thread 2 ] DEBUG Engine               - pixelsPerMeter: 50.0
15:37:41.204 [FXGL Background Thread 2 ] DEBUG Engine               - soundMenuBack: menu/back.wav
15:37:41.204 [FXGL Background Thread 2 ] DEBUG Engine               - appIcon: fxgl_icon.png
15:37:41.205 [FXGL Background Thread 2 ] DEBUG Engine               - isFullScreenAllowed: false
15:37:41.205 [FXGL Background Thread 2 ] DEBUG Engine               - isIntroEnabled: false
15:37:41.205 [FXGL Background Thread 2 ] DEBUG Engine               - fontMono: lucida_console.ttf
15:37:41.205 [FXGL Background Thread 2 ] DEBUG Engine               - soundMenuSelect: menu/select.wav
15:37:41.205 [FXGL Background Thread 2 ] DEBUG Engine               - isWindows: true
15:37:41.205 [FXGL Background Thread 2 ] DEBUG Engine               - isMobile: false
15:37:41.205 [FXGL Background Thread 2 ] DEBUG Engine               - isUserProfileEnabled: false
15:37:41.205 [FXGL Background Thread 2 ] DEBUG Engine               - height: 640
15:37:41.205 [FXGL Background Thread 2 ] DEBUG Engine               - isExperimentalNative: false
15:37:41.205 [FXGL Background Thread 2 ] DEBUG Engine               - settings: Title: Basic Game App
Version: 0.1
Width: 640
Height: 640
Fullscreen: false
Intro: false
Menus: false
Profiling: false
Single step:false
App Mode: DEVELOPER
Menu Key: ESCAPE
Stage Style: DECORATED
Scene Factory: class com.almasb.fxgl.app.scene.SceneFactory

15:37:41.205 [FXGL Background Thread 2 ] DEBUG Engine               - isSingleStep: false
15:37:41.205 [FXGL Background Thread 2 ] DEBUG Engine               - cSSList: [fxgl_dark.css]
15:37:41.205 [FXGL Background Thread 2 ] DEBUG Engine               - fontGame: Abel-Regular.ttf
15:37:41.205 [FXGL Background Thread 2 ] DEBUG Engine               - menuKey: ESCAPE
15:37:41.206 [FXGL Background Thread 2 ] DEBUG Engine               - devShowPositionProperty: BooleanProperty [value: false]
15:37:41.206 [FXGL Background Thread 2 ] DEBUG Engine               - versionCheckDays: 7
15:37:41.206 [FXGL Background Thread 2 ] DEBUG Engine               - configClass: Optional.empty
15:37:41.206 [FXGL Background Thread 2 ] DEBUG Engine               - isFullScreenFromStart: false
15:37:41.206 [FXGL Background Thread 2 ] DEBUG Engine               - version: 0.1
15:37:41.206 [FXGL Background Thread 2 ] DEBUG Engine               - fullScreen: BooleanProperty [value: false]
15:37:41.206 [FXGL Background Thread 2 ] DEBUG Engine               - randomSeed: -1
15:37:41.206 [FXGL Background Thread 2 ] DEBUG Engine               - gameDifficultyProperty: ObjectProperty [value: MEDIUM]
15:37:41.206 [FXGL Background Thread 2 ] DEBUG Engine               - applicationMode: DEVELOPER
15:37:41.206 [FXGL Background Thread 2 ] DEBUG Engine               - isMac: false
15:37:41.206 [FXGL Background Thread 2 ] DEBUG Engine               - isMenuEnabled: false
15:37:41.206 [FXGL Background Thread 2 ] DEBUG Engine               - urlPOM: https://raw.githubusercontent.com/AlmasB/FXGL/master/pom.xml
15:37:41.206 [FXGL Background Thread 2 ] DEBUG Engine               - profileName: StringProperty [value: DEFAULT]
15:37:41.207 [FXGL Background Thread 2 ] DEBUG Engine               - notificationViewClass: class com.almasb.fxgl.notification.view.XboxNotificationView
15:37:41.207 [FXGL Background Thread 2 ] DEBUG Engine               - devSensorColorProperty: ObjectProperty [value: 0xffff00ff]
15:37:41.207 [FXGL Background Thread 2 ] DEBUG Engine               - sceneFactory: com.almasb.fxgl.app.scene.SceneFactory@56c110cc
15:37:41.207 [FXGL Background Thread 2 ] DEBUG Engine               - stageStyle: DECORATED
15:37:41.207 [FXGL Background Thread 2 ] DEBUG Engine               - isManualResizeEnabled: false
15:37:41.207 [FXGL Background Thread 2 ] DEBUG Engine               - title: Basic Game App
15:37:41.207 [FXGL Background Thread 2 ] DEBUG Engine               - platform: WINDOWS
15:37:41.208 [FXGL Background Thread 2 ] DEBUG Engine               - devBBoxColorProperty: ObjectProperty [value: 0xff0000ff]
15:37:41.208 [FXGL Background Thread 2 ] DEBUG Engine               - gameDifficulty: MEDIUM
15:37:41.208 [FXGL Background Thread 2 ] DEBUG Engine               - isDesktop: true
15:37:41.208 [FXGL Background Thread 2 ] DEBUG Engine               - supportedLanguages: [ENGLISH, FRENCH, GERMAN, HUNGARIAN, RUSSIAN]
15:37:41.208 [FXGL Background Thread 2 ] DEBUG Engine               - globalMusicVolumeProperty: DoubleProperty [value: 0.5]
15:37:41.208 [FXGL Background Thread 2 ] DEBUG Engine               - credits: []
15:37:41.208 [FXGL Background Thread 2 ] DEBUG Engine               - isPreserveResizeRatio: false
15:37:41.208 [FXGL Background Thread 2 ] DEBUG Engine               - fontText: Courier-Prime.ttf
15:37:41.208 [FXGL Background Thread 2 ] DEBUG Engine               - isExperimentalTiledLargeMap: false
15:37:41.208 [FXGL Background Thread 2 ] DEBUG Engine               - secondsIn24h: 60
15:37:41.208 [FXGL Background Thread 2 ] DEBUG Engine               - runtimeInfo: RuntimeInfo(platform=WINDOWS, version=11.8, build=08.03.2020 09.25)
15:37:41.208 [FXGL Background Thread 2 ] DEBUG Engine               - isLinux: false
15:37:41.208 [FXGL Background Thread 2 ] DEBUG Engine               - soundMenuPress: menu/press.wav
15:37:41.209 [FXGL Background Thread 2 ] DEBUG Engine               - urlGithub: https://github.com/AlmasB/FXGL
15:37:41.209 [FXGL Background Thread 2 ] DEBUG Engine               - profileDir: profiles/
15:37:41.209 [FXGL Background Thread 2 ] DEBUG Engine               - isDeveloperMenuEnabled: false
15:37:41.209 [FXGL Background Thread 2 ] DEBUG Engine               - globalSoundVolumeProperty: DoubleProperty [value: 0.5]
15:37:41.209 [FXGL Background Thread 2 ] DEBUG Engine               - mainWindow: com.almasb.fxgl.app.MainWindow@52fe9ecc
15:37:41.209 [FXGL Background Thread 2 ] DEBUG Engine               - isBrowser: false
15:37:41.209 [FXGL Background Thread 2 ] DEBUG Engine               - globalSoundVolume: 0.5
15:37:41.209 [FXGL Background Thread 2 ] DEBUG Engine               - urlLeaderboard: http://fxgl-top.herokuapp.com/
15:37:41.209 [FXGL Background Thread 2 ] DEBUG Engine               - engineServices: [class com.almasb.fxgl.app.GameApplication$GameApplicationService, class com.almasb.fxgl.app.services.WindowService, class com.almasb.fxgl.app.services.FXGLDialogService, class com.almasb.fxgl.app.services.IOTaskExecutorService, class com.almasb.fxgl.event.EventBusService, class com.almasb.fxgl.io.FileSystemService, class com.almasb.fxgl.localization.LocalizationService, class com.almasb.fxgl.app.services.AssetLoaderService, class com.almasb.fxgl.app.services.SystemBundleService, class com.almasb.fxgl.profile.SaveLoadService, class com.almasb.fxgl.ui.FXGLUIFactoryServiceProvider, class com.almasb.fxgl.ui.FXGLDialogFactoryServiceProvider, class com.almasb.fxgl.audio.AudioPlayer, class com.almasb.fxgl.notification.impl.NotificationServiceProvider, class com.almasb.fxgl.achievement.AchievementService, class com.almasb.fxgl.cutscene.CutsceneService, class com.almasb.fxgl.minigames.MiniGameService, class com.almasb.fxgl.net.NetService, class com.almasb.fxgl.app.services.UpdaterService]
15:37:41.209 [FXGL Background Thread 2 ] DEBUG Engine               - globalMusicVolume: 0.5
15:37:41.209 [FXGL Background Thread 2 ] DEBUG Engine               - width: 640
15:37:41.209 [FXGL Background Thread 2 ] DEBUG Engine               - saveFileExt: sav
15:37:41.209 [FXGL Background Thread 2 ] DEBUG Engine               - isAndroid: false
15:37:41.209 [FXGL Background Thread 2 ] DEBUG Engine               - fontUI: VarelaRound-Regular.ttf
15:37:41.210 [FXGL Background Thread 2 ] DEBUG Engine               - enabledMenuItems: []
15:37:41.210 [FXGL Background Thread 2 ] DEBUG Engine               - isIOS: false
15:37:41.210 [FXGL Background Thread 2 ] DEBUG Engine               - Logging services
15:37:41.210 [FXGL Background Thread 2 ] DEBUG Engine               - class com.almasb.fxgl.app.GameApplication$GameApplicationService
15:37:41.210 [FXGL Background Thread 2 ] DEBUG Engine               - class com.almasb.fxgl.app.services.WindowService
15:37:41.210 [FXGL Background Thread 2 ] DEBUG Engine               - class com.almasb.fxgl.app.services.FXGLDialogService
15:37:41.210 [FXGL Background Thread 2 ] DEBUG Engine               - class com.almasb.fxgl.app.services.IOTaskExecutorService
15:37:41.210 [FXGL Background Thread 2 ] DEBUG Engine               - class com.almasb.fxgl.event.EventBusService
15:37:41.210 [FXGL Background Thread 2 ] DEBUG Engine               - class com.almasb.fxgl.io.FileSystemService
15:37:41.210 [FXGL Background Thread 2 ] DEBUG Engine               - class com.almasb.fxgl.localization.LocalizationService
15:37:41.210 [FXGL Background Thread 2 ] DEBUG Engine               - class com.almasb.fxgl.app.services.AssetLoaderService
15:37:41.210 [FXGL Background Thread 2 ] DEBUG Engine               - class com.almasb.fxgl.app.services.SystemBundleService
15:37:41.210 [FXGL Background Thread 2 ] DEBUG Engine               - class com.almasb.fxgl.profile.SaveLoadService
15:37:41.210 [FXGL Background Thread 2 ] DEBUG Engine               - class com.almasb.fxgl.ui.FXGLUIFactoryServiceProvider
15:37:41.210 [FXGL Background Thread 2 ] DEBUG Engine               - class com.almasb.fxgl.ui.FXGLDialogFactoryServiceProvider
15:37:41.210 [FXGL Background Thread 2 ] DEBUG Engine               - class com.almasb.fxgl.audio.AudioPlayer
15:37:41.210 [FXGL Background Thread 2 ] DEBUG Engine               - class com.almasb.fxgl.notification.impl.NotificationServiceProvider
15:37:41.211 [FXGL Background Thread 2 ] DEBUG Engine               - class com.almasb.fxgl.achievement.AchievementService
15:37:41.211 [FXGL Background Thread 2 ] DEBUG Engine               - class com.almasb.fxgl.cutscene.CutsceneService
15:37:41.211 [FXGL Background Thread 2 ] DEBUG Engine               - class com.almasb.fxgl.minigames.MiniGameService
15:37:41.211 [FXGL Background Thread 2 ] DEBUG Engine               - class com.almasb.fxgl.net.NetService
15:37:41.211 [FXGL Background Thread 2 ] DEBUG Engine               - class com.almasb.fxgl.app.services.UpdaterService
15:43:31.686 [JavaFX Application Thread] DEBUG GameApplication      - Exiting FXGL
15:43:31.687 [JavaFX Application Thread] DEBUG LoopRunner           - Stopping loop
15:43:31.687 [JavaFX Application Thread] DEBUG SystemBundleService  - Saving FXGL system data
15:43:31.688 [JavaFX Application Thread] DEBUG FileSystemAccess     - Writing to: C:\Users\otinn\git\FriendMaker2077-07-03\Project\system\fxgl.bundle
15:43:31.689 [JavaFX Application Thread] DEBUG GameApplication      - Shutting down background threads
15:43:31.689 [JavaFX Application Thread] DEBUG GameApplication      - Closing logger and exiting JavaFX
