22:03:55.873 [main                     ] DEBUG GameApplication      - Logger initialized
22:03:55.884 [main                     ] DEBUG GameApplication      - Logging settings
Title: Basic Game App
Version: 0.1
Width: 640
Height: 640
Fullscreen: false
Intro: false
Menus: true
Profiling: false
Single step:false
App Mode: DEVELOPER
Menu Key: ESCAPE
Stage Style: DECORATED
Scene Factory: class application.MenuFactory

22:03:56.252 [JavaFX Application Thread] DEBUG GameApplication      - Initializing FXGL
22:03:56.259 [JavaFX Application Thread] INFO  Engine               - FXGL-11.8 (08.03.2020 09.25) on WINDOWS (J:14 FX:13.0.2)
22:03:56.260 [JavaFX Application Thread] INFO  Engine               - Source code and latest versions at: https://github.com/AlmasB/FXGL
22:03:56.260 [JavaFX Application Thread] INFO  Engine               -              Join the FXGL chat at: https://gitter.im/AlmasB/FXGL
22:03:56.371 [JavaFX Application Thread] DEBUG MainWindow           - Creating a JavaFX scene
22:03:56.412 [JavaFX Application Thread] DEBUG MainWindow           - Target settings size: 640.0 x 640.0
22:03:56.412 [JavaFX Application Thread] DEBUG MainWindow           - Scaled scene size:    640.0 x 640.0
22:03:56.412 [JavaFX Application Thread] DEBUG MainWindow           - Scaled ratio: (1.0, 1.0)
22:03:56.413 [JavaFX Application Thread] DEBUG MainWindow           - Set initial scene to FXGLStartupScene
22:03:56.419 [JavaFX Application Thread] DEBUG MainWindow           - Opening main window
22:03:56.512 [JavaFX Application Thread] DEBUG MainWindow           - Window border size: (16.0, 39.0)
22:03:56.512 [JavaFX Application Thread] DEBUG MainWindow           - Scaled size: 640.0 x 640.0
22:03:56.513 [JavaFX Application Thread] DEBUG MainWindow           - Scaled ratio: (1.0, 1.0)
22:03:56.513 [JavaFX Application Thread] DEBUG MainWindow           - Scene size: 640.0 x 640.0
22:03:56.513 [JavaFX Application Thread] DEBUG MainWindow           - Stage size: 656.0 x 679.0
22:03:56.519 [FXGL Background Thread 1 ] DEBUG Engine               - Initializing environment variables
22:03:56.540 [FXGL Background Thread 1 ] DEBUG WindowService        - Applying CSS: fxgl_dark.css
22:03:56.541 [FXGL Background Thread 1 ] DEBUG AssetLoaderService   - Loading from file system: /assets/ui/css/fxgl_dark.css
22:03:56.573 [FXGL Background Thread 1 ] DEBUG WindowService        - Initializing application scenes
22:03:56.598 [FXGL Background Thread 1 ] DEBUG GameWorld            - Game world initialized
22:03:56.625 [FXGL Background Thread 1 ] DEBUG PhysicsWorld         - Physics world initialized: appHeight=640, physics.ppm=50.0
22:03:56.627 [FXGL Background Thread 1 ] DEBUG GameScene            - Game scene initialized: 640x640
22:03:56.634 [FXGL Background Thread 1 ] DEBUG WindowService        - Application scenes initialized
22:03:56.643 [FXGL Background Thread 1 ] DEBUG SystemBundleService  - Loading FXGL system data
22:03:56.646 [FXGL Background Thread 1 ] DEBUG FileSystemAccess     - Reading from: C:\Users\Liana\git\FriendMaker2077-07-03\Project\system\fxgl.bundle
22:03:56.652 [FXGL Background Thread 1 ] DEBUG SystemBundleService  - Bundle FXGL: {}
22:03:56.653 [FXGL Background Thread 1 ] INFO  Engine               - FXGL initialization took: 0.132 sec
22:03:56.654 [FXGL Background Thread 1 ] DEBUG GameApplication      - Loading localizations
22:03:56.655 [FXGL Background Thread 1 ] DEBUG AssetLoaderService   - Loading from file system: /assets/properties/languages/english.properties
22:03:56.656 [FXGL Background Thread 1 ] DEBUG AssetLoaderService   - Loading from file system: /assets/properties/languages/french.properties
22:03:56.657 [FXGL Background Thread 1 ] DEBUG AssetLoaderService   - Loading from file system: /assets/properties/languages/german.properties
22:03:56.658 [FXGL Background Thread 1 ] DEBUG AssetLoaderService   - Loading from file system: /assets/properties/languages/hungarian.properties
22:03:56.659 [FXGL Background Thread 1 ] DEBUG AssetLoaderService   - Loading from file system: /assets/properties/languages/russian.properties
22:03:56.660 [FXGL Background Thread 1 ] DEBUG GameApplication      - Registering font factories with UI factory
22:03:56.660 [FXGL Background Thread 1 ] DEBUG AssetLoaderService   - Loading from file system: /assets/ui/fonts/VarelaRound-Regular.ttf
22:03:56.716 [FXGL Background Thread 1 ] DEBUG AssetLoaderService   - Loading from file system: /assets/ui/fonts/Abel-Regular.ttf
22:03:56.726 [FXGL Background Thread 1 ] DEBUG AssetLoaderService   - Loading from file system: /assets/ui/fonts/lucida_console.ttf
22:03:56.742 [FXGL Background Thread 1 ] DEBUG AssetLoaderService   - Loading from file system: /assets/ui/fonts/Courier-Prime.ttf
22:03:56.762 [JavaFX Application Thread] DEBUG Input                - Registered new binding: Move Right - D
22:03:56.763 [JavaFX Application Thread] DEBUG Input                - Registered new binding: Move Left - A
22:03:56.763 [JavaFX Application Thread] DEBUG Input                - Registered new binding: Move Up - W
22:03:56.763 [JavaFX Application Thread] DEBUG Input                - Registered new binding: Move Down - S
22:03:56.763 [JavaFX Application Thread] DEBUG Input                - Registered new binding: Play Sound - F
22:03:56.763 [JavaFX Application Thread] DEBUG AssetLoaderService   - Loading from file system: /assets/textures/fxgl_icon.png
22:03:56.793 [JavaFX Application Thread] DEBUG AssetLoaderService   - Loading from file system: /assets/ui/cursors/fxgl_default.png
22:03:56.795 [JavaFX Application Thread] DEBUG Input                - Registered new binding: Screenshot - P
22:03:56.795 [JavaFX Application Thread] DEBUG Input                - Registered new binding: System info dump - CTRL+9
22:03:56.796 [JavaFX Application Thread] DEBUG Input                - Registered new binding: Restart - CTRL+R
22:03:56.796 [JavaFX Application Thread] DEBUG LoopRunner           - Starting loop
22:03:56.814 [JavaFX Application Thread] DEBUG FXGLStartupScene     - STARTUP
22:03:56.816 [JavaFX Application Thread] DEBUG Input                - Clearing active input actions
22:03:56.824 [JavaFX Application Thread] DEBUG WindowService        - Removing overlay from FXGLStartupScene and adding to TestMenu
22:03:56.824 [JavaFX Application Thread] DEBUG MainWindow           - FXGLStartupScene -> TestMenu
22:03:58.118 [JavaFX Application Thread] DEBUG GameApplication      - Exiting FXGL
22:03:58.118 [JavaFX Application Thread] DEBUG LoopRunner           - Stopping loop
22:03:58.118 [JavaFX Application Thread] DEBUG SystemBundleService  - Saving FXGL system data
22:03:58.119 [JavaFX Application Thread] DEBUG FileSystemAccess     - Writing to: C:\Users\Liana\git\FriendMaker2077-07-03\Project\system\fxgl.bundle
22:03:58.121 [JavaFX Application Thread] DEBUG GameApplication      - Shutting down background threads
22:03:58.121 [JavaFX Application Thread] DEBUG GameApplication      - Closing logger and exiting JavaFX
